peak-ub=829
buffers=16
windows=9
obj=677
time=150
buffers=16
windows=9
obj=638
time=300
buffers=16
windows=9
obj=593
time=449
buffers=16
windows=9
obj=514
time=788
buffers=16
windows=9
obj=496
time=942
buffers=16
windows=9
obj=463
time=1303
buffers=16
windows=9
obj=456
time=1622
buffers=16
windows=9
obj=453
time=1777
buffers=16
windows=9
obj=451
time=5654
buffers=16
windows=9
obj=449
time=11920
buffers=16
windows=9
obj=446
time=20464
buffers=16
windows=9
obj=440
time=26996
buffers=16
windows=9
obj=439
time=29769
buffers=16
windows=9
obj=438
time=37570
buffers=16
windows=9
obj=435
time=38874
buffers=16
windows=9
obj=432
time=47009
buffers=16
windows=9
obj=427
time=47372
buffers=16
windows=9
obj=426
time=59195
buffers=16
windows=9
obj=425
time=69196
buffers=16
windows=9
obj=424
time=73421
buffers=16
windows=9
obj=423
time=95421
buffers=16
windows=9
obj=421
time=99337
buffers=16
windows=9
obj=419
time=104378
buffers=16
windows=9
obj=417
time=105130
buffers=16
windows=9
obj=414
time=110883
buffers=16
windows=9
obj=411
time=111367
buffers=16
windows=9
obj=406
time=118212
buffers=16
windows=9
obj=405
time=118884
buffers=16
windows=9
obj=404
time=126458
buffers=16
windows=9
obj=403
time=483487
buffers=16
windows=9
obj=401
time=3372977
buffers=16
windows=9
original_status=TIMEOUT
original_lb=284
obj=401
time=3600000
status=TIMEOUT
real_obj=40.030
real_time=3600000
