peak-ub=1493
buffers=8
windows=13
obj=1164
time=5
buffers=8
windows=13
obj=1119
time=10
buffers=8
windows=13
obj=1085
time=15
buffers=8
windows=13
obj=1076
time=30
buffers=8
windows=13
obj=1068
time=35
buffers=8
windows=13
obj=1064
time=40
buffers=8
windows=13
obj=1042
time=47
buffers=8
windows=13
obj=990
time=71
buffers=8
windows=13
obj=987
time=79
buffers=8
windows=13
obj=895
time=84
buffers=8
windows=13
obj=882
time=89
buffers=8
windows=13
obj=875
time=103
buffers=8
windows=13
obj=872
time=108
buffers=8
windows=13
obj=836
time=114
buffers=8
windows=13
obj=831
time=145
buffers=8
windows=13
obj=826
time=204
buffers=8
windows=13
obj=812
time=239
buffers=8
windows=13
obj=801
time=295
buffers=8
windows=13
obj=788
time=303
buffers=8
windows=13
obj=783
time=496
buffers=8
windows=13
obj=781
time=541
buffers=8
windows=13
obj=772
time=565
buffers=8
windows=13
obj=757
time=798
buffers=8
windows=13
obj=754
time=852
buffers=8
windows=13
obj=747
time=945
buffers=8
windows=13
obj=744
time=1220
buffers=8
windows=13
obj=743
time=1225
buffers=8
windows=13
obj=740
time=1719
buffers=8
windows=13
obj=713
time=1819
buffers=8
windows=13
obj=709
time=6906
buffers=8
windows=13
obj=708
time=8301
buffers=8
windows=13
obj=704
time=12340
buffers=8
windows=13
obj=701
time=27357
buffers=8
windows=13
obj=685
time=63000
buffers=8
windows=13
obj=676
time=332923
buffers=8
windows=13
obj=675
time=1666016
buffers=8
windows=13
obj=662
time=2045718
buffers=8
windows=13
obj=656
time=2301538
buffers=8
windows=13
original_status=TIMEOUT
original_lb=231
obj=656
time=3600000
status=TIMEOUT
real_obj=65.577
real_time=3600000
