peak-ub=646
buffers=8
windows=5
obj=528
time=4
buffers=8
windows=5
obj=476
time=8
buffers=8
windows=5
obj=405
time=12
buffers=8
windows=5
obj=396
time=16
buffers=8
windows=5
obj=393
time=20
buffers=8
windows=5
obj=385
time=35
buffers=8
windows=5
obj=369
time=83
buffers=8
windows=5
obj=365
time=115
buffers=8
windows=5
obj=358
time=127
buffers=8
windows=5
obj=357
time=441
buffers=8
windows=5
obj=355
time=510
buffers=8
windows=5
obj=353
time=748
buffers=8
windows=5
obj=336
time=841
buffers=8
windows=5
obj=330
time=1002687
buffers=8
windows=5
obj=324
time=2097674
buffers=8
windows=5
obj=323
time=2623452
buffers=8
windows=5
original_status=TIMEOUT
original_lb=244
obj=323
time=3600000
status=TIMEOUT
real_obj=32.244
real_time=3600000
