peak-ub=609
buffers=8
windows=9
obj=447
time=6
buffers=8
windows=9
obj=440
time=12
buffers=8
windows=9
obj=435
time=18
buffers=8
windows=9
obj=405
time=24
buffers=8
windows=9
obj=402
time=31
buffers=8
windows=9
obj=401
time=38
buffers=8
windows=9
obj=379
time=44
buffers=8
windows=9
obj=378
time=55
buffers=8
windows=9
obj=376
time=61
buffers=8
windows=9
obj=360
time=218
buffers=8
windows=9
obj=355
time=233
buffers=8
windows=9
obj=345
time=411
buffers=8
windows=9
obj=340
time=814
buffers=8
windows=9
obj=327
time=839
buffers=8
windows=9
original_status=UNSAT
original_lb=234
obj=327
time=164247
status=OPTIMAL
real_obj=32.626
real_time=164247
