peak-ub=604
buffers=16
windows=5
obj=470
time=92
buffers=16
windows=5
obj=467
time=314
buffers=16
windows=5
obj=419
time=401
buffers=16
windows=5
obj=400
time=728
buffers=16
windows=5
obj=399
time=2531
buffers=16
windows=5
obj=396
time=3436
buffers=16
windows=5
obj=395
time=4041
buffers=16
windows=5
obj=381
time=5090
buffers=16
windows=5
obj=368
time=5438
buffers=16
windows=5
obj=358
time=6134
buffers=16
windows=5
obj=353
time=107051
buffers=16
windows=5
obj=351
time=122760
buffers=16
windows=5
obj=348
time=569950
buffers=16
windows=5
original_status=TIMEOUT
original_lb=223
obj=348
time=3600000
status=TIMEOUT
real_obj=34.700
real_time=3600000
