peak-ub=1282
buffers=8
windows=17
obj=1220
time=7
buffers=8
windows=17
obj=1059
time=14
buffers=8
windows=17
obj=917
time=21
buffers=8
windows=17
obj=883
time=28
buffers=8
windows=17
obj=866
time=35
buffers=8
windows=17
obj=855
time=70
buffers=8
windows=17
obj=814
time=77
buffers=8
windows=17
obj=771
time=85
buffers=8
windows=17
obj=748
time=148
buffers=8
windows=17
obj=746
time=156
buffers=8
windows=17
obj=730
time=163
buffers=8
windows=17
obj=710
time=171
buffers=8
windows=17
obj=705
time=200
buffers=8
windows=17
obj=702
time=271
buffers=8
windows=17
obj=688
time=282
buffers=8
windows=17
obj=673
time=337
buffers=8
windows=17
obj=670
time=380
buffers=8
windows=17
obj=669
time=390
buffers=8
windows=17
obj=662
time=412
buffers=8
windows=17
obj=652
time=464
buffers=8
windows=17
obj=643
time=795
buffers=8
windows=17
obj=639
time=3948
buffers=8
windows=17
obj=635
time=4158
buffers=8
windows=17
obj=630
time=7690
buffers=8
windows=17
obj=629
time=15618
buffers=8
windows=17
obj=627
time=22340
buffers=8
windows=17
obj=626
time=39471
buffers=8
windows=17
obj=625
time=56058
buffers=8
windows=17
obj=624
time=158173
buffers=8
windows=17
obj=623
time=198508
buffers=8
windows=17
obj=621
time=234880
buffers=8
windows=17
obj=611
time=257515
buffers=8
windows=17
original_status=TIMEOUT
original_lb=189
obj=611
time=3600000
status=TIMEOUT
real_obj=61.075
real_time=3600000
