peak-ub=544
buffers=8
windows=5
obj=530
time=6
buffers=8
windows=5
obj=515
time=10
buffers=8
windows=5
obj=457
time=14
buffers=8
windows=5
obj=448
time=18
buffers=8
windows=5
obj=447
time=22
buffers=8
windows=5
obj=423
time=25
buffers=8
windows=5
obj=413
time=56
buffers=8
windows=5
obj=412
time=96
buffers=8
windows=5
obj=410
time=114
buffers=8
windows=5
obj=392
time=130
buffers=8
windows=5
obj=384
time=140
buffers=8
windows=5
obj=365
time=163
buffers=8
windows=5
obj=357
time=1004
buffers=8
windows=5
obj=356
time=1838
buffers=8
windows=5
obj=353
time=3907
buffers=8
windows=5
obj=350
time=5899
buffers=8
windows=5
obj=349
time=7524
buffers=8
windows=5
original_status=TIMEOUT
original_lb=223
obj=349
time=3600000
status=TIMEOUT
real_obj=34.857
real_time=3600000
