peak-ub=610
buffers=16
windows=9
obj=574
time=126
buffers=16
windows=9
obj=522
time=252
buffers=16
windows=9
obj=479
time=901
buffers=16
windows=9
obj=474
time=1509
buffers=16
windows=9
obj=471
time=2380
buffers=16
windows=9
obj=452
time=4921
buffers=16
windows=9
obj=435
time=5465
buffers=16
windows=9
obj=433
time=13680
buffers=16
windows=9
obj=431
time=14861
buffers=16
windows=9
obj=429
time=15812
buffers=16
windows=9
obj=428
time=16081
buffers=16
windows=9
obj=423
time=17921
buffers=16
windows=9
obj=387
time=18046
buffers=16
windows=9
obj=385
time=101177
buffers=16
windows=9
obj=384
time=105490
buffers=16
windows=9
obj=383
time=170882
buffers=16
windows=9
obj=379
time=180217
buffers=16
windows=9
obj=375
time=1113160
buffers=16
windows=9
original_status=TIMEOUT
original_lb=255
obj=375
time=3600000
status=TIMEOUT
real_obj=37.492
real_time=3600000
