peak-ub=467
buffers=16
windows=13
obj=461
time=167
buffers=16
windows=13
obj=397
time=332
buffers=16
windows=13
obj=362
time=518
buffers=16
windows=13
obj=359
time=700
buffers=16
windows=13
obj=355
time=1756
buffers=16
windows=13
obj=348
time=2104
buffers=16
windows=13
obj=346
time=2448
buffers=16
windows=13
obj=344
time=3409
buffers=16
windows=13
obj=331
time=3575
buffers=16
windows=13
obj=329
time=3748
buffers=16
windows=13
obj=319
time=4138
buffers=16
windows=13
obj=317
time=4543
buffers=16
windows=13
obj=290
time=5345
buffers=16
windows=13
obj=262
time=5920
buffers=16
windows=13
obj=261
time=8469
buffers=16
windows=13
obj=259
time=12933
buffers=16
windows=13
obj=258
time=15589
buffers=16
windows=13
obj=254
time=18917
buffers=16
windows=13
obj=252
time=22524
buffers=16
windows=13
obj=249
time=31477
buffers=16
windows=13
obj=248
time=67691
buffers=16
windows=13
obj=246
time=172145
buffers=16
windows=13
original_status=TIMEOUT
original_lb=220
obj=246
time=3600000
status=TIMEOUT
real_obj=24.548
real_time=3600000
