peak-ub=554
buffers=8
windows=5
obj=462
time=4
buffers=8
windows=5
obj=429
time=8
buffers=8
windows=5
obj=413
time=12
buffers=8
windows=5
obj=394
time=17
buffers=8
windows=5
obj=389
time=26
buffers=8
windows=5
obj=385
time=40
buffers=8
windows=5
obj=380
time=54
buffers=8
windows=5
obj=376
time=58
buffers=8
windows=5
obj=374
time=75
buffers=8
windows=5
obj=357
time=158
buffers=8
windows=5
obj=355
time=45107
buffers=8
windows=5
obj=354
time=130908
buffers=8
windows=5
obj=334
time=997627
buffers=8
windows=5
obj=331
time=1018773
buffers=8
windows=5
obj=330
time=1329896
buffers=8
windows=5
original_status=TIMEOUT
original_lb=235
obj=330
time=3600000
status=TIMEOUT
real_obj=32.903
real_time=3600000
