peak-ub=838
buffers=4
windows=17
obj=652
time=0
buffers=4
windows=17
obj=632
time=0
buffers=4
windows=17
obj=628
time=0
buffers=4
windows=17
obj=534
time=0
buffers=4
windows=17
obj=511
time=1
buffers=4
windows=17
obj=468
time=1
buffers=4
windows=17
obj=467
time=83
buffers=4
windows=17
obj=460
time=137
buffers=4
windows=17
obj=459
time=176
buffers=4
windows=17
obj=457
time=474
buffers=4
windows=17
obj=453
time=686
buffers=4
windows=17
original_status=TIMEOUT
original_lb=146
obj=453
time=3600000
status=TIMEOUT
real_obj=45.284
real_time=3600000
