peak-ub=719
buffers=8
windows=5
obj=454
time=4
buffers=8
windows=5
obj=429
time=30
buffers=8
windows=5
obj=421
time=34
buffers=8
windows=5
obj=401
time=56
buffers=8
windows=5
obj=394
time=60
buffers=8
windows=5
obj=389
time=76
buffers=8
windows=5
obj=370
time=135
buffers=8
windows=5
obj=369
time=151
buffers=8
windows=5
obj=368
time=162
buffers=8
windows=5
obj=367
time=426
buffers=8
windows=5
obj=361
time=665
buffers=8
windows=5
original_status=TIMEOUT
original_lb=211
obj=361
time=3600016
status=TIMEOUT
real_obj=36.038
real_time=3600016
