peak-ub=1379
buffers=16
windows=17
obj=856
time=189
buffers=16
windows=17
obj=755
time=385
buffers=16
windows=17
obj=746
time=2522
buffers=16
windows=17
obj=742
time=3161
buffers=16
windows=17
obj=738
time=4255
buffers=16
windows=17
obj=737
time=6685
buffers=16
windows=17
obj=732
time=6878
buffers=16
windows=17
obj=729
time=8022
buffers=16
windows=17
obj=722
time=9244
buffers=16
windows=17
obj=686
time=9651
buffers=16
windows=17
obj=675
time=13510
buffers=16
windows=17
obj=671
time=14269
buffers=16
windows=17
obj=669
time=18153
buffers=16
windows=17
obj=667
time=20750
buffers=16
windows=17
obj=652
time=27639
buffers=16
windows=17
obj=641
time=50609
buffers=16
windows=17
obj=633
time=52416
buffers=16
windows=17
obj=631
time=62379
buffers=16
windows=17
obj=630
time=123310
buffers=16
windows=17
obj=626
time=186086
buffers=16
windows=17
obj=622
time=222987
buffers=16
windows=17
obj=603
time=468161
buffers=16
windows=17
obj=602
time=626535
buffers=16
windows=17
obj=601
time=1463629
buffers=16
windows=17
obj=600
time=2555651
buffers=16
windows=17
obj=594
time=3075443
buffers=16
windows=17
original_status=TIMEOUT
original_lb=266
obj=594
time=3600000
status=TIMEOUT
real_obj=59.328
real_time=3600000
