peak-ub=505
buffers=16
windows=9
obj=501
time=136
buffers=16
windows=9
obj=451
time=273
buffers=16
windows=9
obj=427
time=409
buffers=16
windows=9
obj=412
time=547
buffers=16
windows=9
obj=404
time=684
buffers=16
windows=9
obj=402
time=826
buffers=16
windows=9
obj=396
time=3466
buffers=16
windows=9
obj=395
time=3602
buffers=16
windows=9
obj=394
time=4871
buffers=16
windows=9
obj=384
time=5181
buffers=16
windows=9
obj=383
time=5803
buffers=16
windows=9
obj=376
time=12777
buffers=16
windows=9
obj=366
time=15539
buffers=16
windows=9
obj=365
time=90620
buffers=16
windows=9
obj=364
time=147190
buffers=16
windows=9
obj=363
time=151839
buffers=16
windows=9
obj=360
time=154122
buffers=16
windows=9
obj=356
time=198518
buffers=16
windows=9
obj=355
time=253177
buffers=16
windows=9
obj=354
time=280573
buffers=16
windows=9
obj=350
time=402998
buffers=16
windows=9
original_status=TIMEOUT
original_lb=233
obj=350
time=3600000
status=TIMEOUT
real_obj=34.974
real_time=3600000
