peak-ub=549
buffers=16
windows=9
obj=535
time=175
buffers=16
windows=9
obj=478
time=344
buffers=16
windows=9
obj=466
time=537
buffers=16
windows=9
obj=458
time=711
buffers=16
windows=9
obj=400
time=901
buffers=16
windows=9
obj=393
time=1337
buffers=16
windows=9
obj=390
time=1604
buffers=16
windows=9
obj=377
time=1782
buffers=16
windows=9
obj=368
time=2974
buffers=16
windows=9
obj=358
time=3410
buffers=16
windows=9
obj=335
time=7730
buffers=16
windows=9
obj=331
time=23146
buffers=16
windows=9
obj=326
time=26416
buffers=16
windows=9
obj=320
time=66840
buffers=16
windows=9
obj=318
time=71387
buffers=16
windows=9
obj=315
time=285485
buffers=16
windows=9
obj=310
time=432750
buffers=16
windows=9
obj=309
time=1227636
buffers=16
windows=9
obj=302
time=1236703
buffers=16
windows=9
obj=300
time=1256095
buffers=16
windows=9
obj=298
time=1305462
buffers=16
windows=9
obj=297
time=1309397
buffers=16
windows=9
obj=296
time=2097930
buffers=16
windows=9
original_status=TIMEOUT
original_lb=196
obj=296
time=3600001
status=TIMEOUT
real_obj=29.507
real_time=3600001
