peak-ub=358
buffers=16
windows=5
obj=346
time=171
buffers=16
windows=5
obj=306
time=362
buffers=16
windows=5
obj=291
time=533
buffers=16
windows=5
obj=290
time=797
buffers=16
windows=5
obj=284
time=1714
buffers=16
windows=5
obj=279
time=2228
buffers=16
windows=5
obj=277
time=2795
buffers=16
windows=5
obj=275
time=3341
buffers=16
windows=5
obj=272
time=4418
buffers=16
windows=5
obj=270
time=19903
buffers=16
windows=5
obj=268
time=20317
buffers=16
windows=5
obj=267
time=33390
buffers=16
windows=5
obj=266
time=70774
buffers=16
windows=5
obj=263
time=107927
buffers=16
windows=5
original_status=TIMEOUT
original_lb=260
obj=263
time=3600000
status=TIMEOUT
real_obj=26.222
real_time=3600000
