peak-ub=779
buffers=4
windows=13
obj=714
time=0
buffers=4
windows=13
obj=690
time=0
buffers=4
windows=13
obj=595
time=1
buffers=4
windows=13
obj=577
time=2
buffers=4
windows=13
obj=551
time=3
buffers=4
windows=13
obj=550
time=4
buffers=4
windows=13
obj=498
time=5
buffers=4
windows=13
obj=497
time=8
buffers=4
windows=13
obj=488
time=10
buffers=4
windows=13
obj=468
time=19
buffers=4
windows=13
obj=467
time=254
buffers=4
windows=13
obj=460
time=340
buffers=4
windows=13
obj=444
time=1329
buffers=4
windows=13
obj=443
time=2335
buffers=4
windows=13
obj=442
time=3353
buffers=4
windows=13
obj=435
time=7965
buffers=4
windows=13
obj=431
time=10239
buffers=4
windows=13
obj=428
time=22030
buffers=4
windows=13
obj=423
time=45737
buffers=4
windows=13
obj=422
time=70955
buffers=4
windows=13
obj=421
time=197904
buffers=4
windows=13
obj=419
time=251903
buffers=4
windows=13
original_status=TIMEOUT
original_lb=169
obj=419
time=3600000
status=TIMEOUT
real_obj=41.808
real_time=3600000
