peak-ub=464
buffers=16
windows=5
obj=454
time=148
buffers=16
windows=5
obj=381
time=298
buffers=16
windows=5
obj=380
time=477
buffers=16
windows=5
obj=352
time=622
buffers=16
windows=5
obj=350
time=31536
buffers=16
windows=5
obj=349
time=36328
buffers=16
windows=5
obj=344
time=39021
buffers=16
windows=5
obj=343
time=39990
buffers=16
windows=5
obj=342
time=40144
buffers=16
windows=5
obj=340
time=42966
buffers=16
windows=5
obj=331
time=43117
buffers=16
windows=5
obj=328
time=47562
buffers=16
windows=5
obj=326
time=49048
buffers=16
windows=5
obj=324
time=49946
buffers=16
windows=5
obj=322
time=51612
buffers=16
windows=5
obj=320
time=58932
buffers=16
windows=5
obj=319
time=70178
buffers=16
windows=5
obj=317
time=73484
buffers=16
windows=5
obj=316
time=109202
buffers=16
windows=5
obj=311
time=128339
buffers=16
windows=5
obj=309
time=882936
buffers=16
windows=5
original_status=TIMEOUT
original_lb=235
obj=309
time=3600000
status=TIMEOUT
real_obj=30.888
real_time=3600000
