peak-ub=1839
buffers=8
windows=17
obj=765
time=12
buffers=8
windows=17
obj=692
time=30
buffers=8
windows=17
obj=683
time=42
buffers=8
windows=17
obj=672
time=54
buffers=8
windows=17
obj=640
time=101
buffers=8
windows=17
obj=630
time=114
buffers=8
windows=17
obj=613
time=190
buffers=8
windows=17
obj=607
time=244
buffers=8
windows=17
obj=596
time=316
buffers=8
windows=17
obj=590
time=335
buffers=8
windows=17
obj=587
time=374
buffers=8
windows=17
obj=582
time=485
buffers=8
windows=17
obj=580
time=497
buffers=8
windows=17
obj=563
time=510
buffers=8
windows=17
obj=553
time=652
buffers=8
windows=17
obj=550
time=778
buffers=8
windows=17
obj=545
time=1154
buffers=8
windows=17
obj=541
time=1418
buffers=8
windows=17
obj=540
time=1658
buffers=8
windows=17
obj=539
time=2754
buffers=8
windows=17
obj=537
time=3110
buffers=8
windows=17
obj=528
time=5903
buffers=8
windows=17
obj=527
time=6351
buffers=8
windows=17
obj=518
time=9066
buffers=8
windows=17
obj=510
time=12974
buffers=8
windows=17
obj=508
time=47286
buffers=8
windows=17
obj=504
time=67459
buffers=8
windows=17
obj=502
time=104366
buffers=8
windows=17
obj=501
time=754468
buffers=8
windows=17
obj=498
time=1375994
buffers=8
windows=17
obj=494
time=1994080
buffers=8
windows=17
original_status=TIMEOUT
original_lb=200
obj=494
time=3600000
status=TIMEOUT
real_obj=49.371
real_time=3600000
