peak-ub=1140
buffers=16
windows=17
obj=850
time=322
buffers=16
windows=17
obj=810
time=720
buffers=16
windows=17
obj=701
time=1080
buffers=16
windows=17
obj=691
time=1424
buffers=16
windows=17
obj=672
time=7761
buffers=16
windows=17
obj=649
time=8335
buffers=16
windows=17
obj=645
time=20210
buffers=16
windows=17
obj=626
time=20820
buffers=16
windows=17
obj=624
time=21423
buffers=16
windows=17
obj=620
time=27935
buffers=16
windows=17
obj=619
time=55072
buffers=16
windows=17
obj=607
time=67473
buffers=16
windows=17
obj=603
time=73559
buffers=16
windows=17
obj=600
time=137748
buffers=16
windows=17
obj=598
time=147338
buffers=16
windows=17
obj=597
time=149159
buffers=16
windows=17
obj=594
time=233569
buffers=16
windows=17
obj=593
time=249651
buffers=16
windows=17
obj=584
time=641841
buffers=16
windows=17
obj=581
time=898458
buffers=16
windows=17
obj=577
time=925699
buffers=16
windows=17
obj=575
time=1230361
buffers=16
windows=17
obj=572
time=1921354
buffers=16
windows=17
obj=564
time=1951799
buffers=16
windows=17
obj=561
time=2101171
buffers=16
windows=17
original_status=TIMEOUT
original_lb=210
obj=561
time=3600000
status=TIMEOUT
real_obj=56.057
real_time=3600000
