peak-ub=617
buffers=16
windows=9
obj=457
time=222
buffers=16
windows=9
obj=455
time=994
buffers=16
windows=9
obj=424
time=1218
buffers=16
windows=9
obj=417
time=1445
buffers=16
windows=9
obj=415
time=1671
buffers=16
windows=9
obj=404
time=3030
buffers=16
windows=9
obj=388
time=6003
buffers=16
windows=9
obj=383
time=29679
buffers=16
windows=9
obj=381
time=30869
buffers=16
windows=9
obj=379
time=31602
buffers=16
windows=9
obj=378
time=49946
buffers=16
windows=9
obj=374
time=53245
buffers=16
windows=9
obj=373
time=60593
buffers=16
windows=9
obj=372
time=71763
buffers=16
windows=9
obj=371
time=89800
buffers=16
windows=9
obj=367
time=123777
buffers=16
windows=9
obj=364
time=125255
buffers=16
windows=9
obj=362
time=201640
buffers=16
windows=9
obj=360
time=342128
buffers=16
windows=9
obj=359
time=354618
buffers=16
windows=9
obj=358
time=1300154
buffers=16
windows=9
obj=357
time=1467753
buffers=16
windows=9
obj=356
time=1565048
buffers=16
windows=9
obj=355
time=1590493
buffers=16
windows=9
obj=353
time=2734641
buffers=16
windows=9
obj=351
time=3285417
buffers=16
windows=9
original_status=TIMEOUT
original_lb=181
obj=351
time=3600001
status=TIMEOUT
real_obj=35.057
real_time=3600001
