peak-ub=796
buffers=8
windows=17
obj=785
time=15
buffers=8
windows=17
obj=612
time=30
buffers=8
windows=17
obj=556
time=48
buffers=8
windows=17
obj=542
time=64
buffers=8
windows=17
obj=522
time=79
buffers=8
windows=17
obj=520
time=95
buffers=8
windows=17
obj=514
time=117
buffers=8
windows=17
obj=477
time=302
buffers=8
windows=17
obj=476
time=375
buffers=8
windows=17
obj=472
time=452
buffers=8
windows=17
obj=462
time=1876
buffers=8
windows=17
obj=459
time=4418
buffers=8
windows=17
obj=458
time=4612
buffers=8
windows=17
obj=452
time=5679
buffers=8
windows=17
obj=447
time=6861
buffers=8
windows=17
obj=436
time=7730
buffers=8
windows=17
obj=435
time=12606
buffers=8
windows=17
obj=422
time=22157
buffers=8
windows=17
obj=419
time=40404
buffers=8
windows=17
obj=418
time=49818
buffers=8
windows=17
obj=416
time=544885
buffers=8
windows=17
obj=414
time=2465497
buffers=8
windows=17
original_status=TIMEOUT
original_lb=263
obj=414
time=3600000
status=TIMEOUT
real_obj=41.356
real_time=3600000
