peak-ub=1790
buffers=16
windows=17
obj=980
time=274
buffers=16
windows=17
obj=979
time=873
buffers=16
windows=17
obj=976
time=1157
buffers=16
windows=17
obj=953
time=1747
buffers=16
windows=17
obj=947
time=2037
buffers=16
windows=17
obj=865
time=2609
buffers=16
windows=17
obj=789
time=3150
buffers=16
windows=17
obj=774
time=3436
buffers=16
windows=17
obj=770
time=4309
buffers=16
windows=17
obj=750
time=6277
buffers=16
windows=17
obj=748
time=13766
buffers=16
windows=17
obj=734
time=18143
buffers=16
windows=17
obj=733
time=18422
buffers=16
windows=17
obj=728
time=20204
buffers=16
windows=17
obj=727
time=22054
buffers=16
windows=17
obj=717
time=23444
buffers=16
windows=17
obj=713
time=29638
buffers=16
windows=17
obj=686
time=31314
buffers=16
windows=17
obj=676
time=32541
buffers=16
windows=17
obj=670
time=70144
buffers=16
windows=17
obj=666
time=73920
buffers=16
windows=17
obj=664
time=89411
buffers=16
windows=17
obj=656
time=172145
buffers=16
windows=17
obj=653
time=211051
buffers=16
windows=17
obj=647
time=520308
buffers=16
windows=17
obj=645
time=558660
buffers=16
windows=17
obj=643
time=582437
buffers=16
windows=17
obj=642
time=825378
buffers=16
windows=17
obj=641
time=3235140
buffers=16
windows=17
original_status=TIMEOUT
original_lb=255
obj=641
time=3600000
status=TIMEOUT
real_obj=143.128
real_time=3600000
