peak-ub=1007
buffers=8
windows=9
obj=885
time=8
buffers=8
windows=9
obj=788
time=17
buffers=8
windows=9
obj=735
time=25
buffers=8
windows=9
obj=653
time=33
buffers=8
windows=9
obj=614
time=42
buffers=8
windows=9
obj=574
time=93
buffers=8
windows=9
obj=570
time=101
buffers=8
windows=9
obj=568
time=182
buffers=8
windows=9
obj=566
time=307
buffers=8
windows=9
obj=565
time=343
buffers=8
windows=9
obj=561
time=366
buffers=8
windows=9
obj=541
time=512
buffers=8
windows=9
obj=521
time=521
buffers=8
windows=9
obj=519
time=4891
buffers=8
windows=9
obj=516
time=5732
buffers=8
windows=9
obj=514
time=6363
buffers=8
windows=9
obj=504
time=12462
buffers=8
windows=9
obj=499
time=15956
buffers=8
windows=9
obj=498
time=18463
buffers=8
windows=9
obj=496
time=544157
buffers=8
windows=9
obj=485
time=2773348
buffers=8
windows=9
original_status=TIMEOUT
original_lb=331
obj=485
time=3600000
status=TIMEOUT
real_obj=48.423
real_time=3600000
