peak-ub=472
buffers=16
windows=5
obj=435
time=145
buffers=16
windows=5
obj=432
time=505
buffers=16
windows=5
obj=416
time=638
buffers=16
windows=5
obj=414
time=779
buffers=16
windows=5
obj=407
time=964
buffers=16
windows=5
obj=387
time=2460
buffers=16
windows=5
obj=382
time=13876
buffers=16
windows=5
obj=379
time=34212
buffers=16
windows=5
obj=378
time=35236
buffers=16
windows=5
obj=376
time=42617
buffers=16
windows=5
obj=367
time=53174
buffers=16
windows=5
obj=363
time=57693
buffers=16
windows=5
obj=356
time=94504
buffers=16
windows=5
obj=355
time=99692
buffers=16
windows=5
obj=351
time=100066
buffers=16
windows=5
obj=347
time=123837
buffers=16
windows=5
obj=346
time=125234
buffers=16
windows=5
obj=344
time=164446
buffers=16
windows=5
obj=343
time=173838
buffers=16
windows=5
original_status=TIMEOUT
original_lb=261
obj=343
time=3600003
status=TIMEOUT
real_obj=34.255
real_time=3600003
