peak-ub=704
buffers=4
windows=17
obj=602
time=1
buffers=4
windows=17
obj=562
time=2
buffers=4
windows=17
obj=541
time=3
buffers=4
windows=17
obj=536
time=4
buffers=4
windows=17
obj=510
time=5
buffers=4
windows=17
obj=501
time=6
buffers=4
windows=17
obj=484
time=7
buffers=4
windows=17
obj=475
time=8
buffers=4
windows=17
obj=473
time=9
buffers=4
windows=17
obj=455
time=10
buffers=4
windows=17
obj=450
time=11
buffers=4
windows=17
obj=443
time=16
buffers=4
windows=17
obj=437
time=21
buffers=4
windows=17
obj=433
time=52
buffers=4
windows=17
obj=424
time=103
buffers=4
windows=17
obj=418
time=289
buffers=4
windows=17
obj=409
time=317
buffers=4
windows=17
obj=399
time=357
buffers=4
windows=17
obj=396
time=10573
buffers=4
windows=17
original_status=TIMEOUT
original_lb=222
obj=396
time=3600000
status=TIMEOUT
real_obj=39.585
real_time=3600000
