peak-ub=432
buffers=16
windows=9
obj=430
time=190
buffers=16
windows=9
obj=404
time=592
buffers=16
windows=9
obj=400
time=785
buffers=16
windows=9
obj=391
time=968
buffers=16
windows=9
obj=376
time=1198
buffers=16
windows=9
obj=372
time=1692
buffers=16
windows=9
obj=352
time=1882
buffers=16
windows=9
obj=349
time=2856
buffers=16
windows=9
obj=345
time=3140
buffers=16
windows=9
obj=344
time=3333
buffers=16
windows=9
obj=336
time=3512
buffers=16
windows=9
obj=329
time=11922
buffers=16
windows=9
obj=315
time=155237
buffers=16
windows=9
obj=312
time=194906
buffers=16
windows=9
original_status=TIMEOUT
original_lb=192
obj=312
time=3600000
status=TIMEOUT
real_obj=31.191
real_time=3600000
