peak-ub=510
buffers=4
windows=13
obj=507
time=1
buffers=4
windows=13
obj=501
time=1
buffers=4
windows=13
obj=497
time=1
buffers=4
windows=13
obj=475
time=2
buffers=4
windows=13
obj=473
time=12
buffers=4
windows=13
obj=467
time=19
buffers=4
windows=13
obj=462
time=50
buffers=4
windows=13
obj=453
time=86
buffers=4
windows=13
obj=451
time=96
buffers=4
windows=13
obj=448
time=682
buffers=4
windows=13
obj=445
time=776
buffers=4
windows=13
obj=438
time=1281
buffers=4
windows=13
obj=436
time=2561
buffers=4
windows=13
obj=434
time=77566
buffers=4
windows=13
original_status=TIMEOUT
original_lb=180
obj=434
time=3600000
status=TIMEOUT
real_obj=43.313
real_time=3600000
