peak-ub=703
buffers=16
windows=17
obj=653
time=669
buffers=16
windows=17
obj=647
time=2637
buffers=16
windows=17
obj=634
time=3625
buffers=16
windows=17
obj=575
time=4290
buffers=16
windows=17
obj=561
time=4953
buffers=16
windows=17
obj=539
time=5475
buffers=16
windows=17
obj=537
time=6781
buffers=16
windows=17
obj=526
time=7542
buffers=16
windows=17
obj=525
time=8338
buffers=16
windows=17
obj=508
time=8970
buffers=16
windows=17
obj=497
time=9363
buffers=16
windows=17
obj=479
time=11092
buffers=16
windows=17
obj=478
time=12787
buffers=16
windows=17
obj=471
time=14230
buffers=16
windows=17
obj=469
time=17345
buffers=16
windows=17
obj=467
time=19791
buffers=16
windows=17
obj=465
time=33953
buffers=16
windows=17
obj=462
time=34467
buffers=16
windows=17
obj=461
time=52943
buffers=16
windows=17
obj=460
time=55216
buffers=16
windows=17
obj=459
time=64386
buffers=16
windows=17
obj=451
time=81962
buffers=16
windows=17
obj=449
time=84518
buffers=16
windows=17
obj=448
time=88449
buffers=16
windows=17
obj=446
time=96122
buffers=16
windows=17
obj=440
time=122884
buffers=16
windows=17
obj=436
time=160449
buffers=16
windows=17
obj=435
time=162259
buffers=16
windows=17
obj=434
time=180103
buffers=16
windows=17
obj=430
time=199924
buffers=16
windows=17
obj=429
time=319476
buffers=16
windows=17
obj=426
time=339886
buffers=16
windows=17
obj=425
time=612992
buffers=16
windows=17
obj=424
time=691726
buffers=16
windows=17
obj=423
time=1150015
buffers=16
windows=17
obj=417
time=1852613
buffers=16
windows=17
obj=413
time=2484687
buffers=16
windows=17
original_status=TIMEOUT
original_lb=228
obj=413
time=3600002
status=TIMEOUT
real_obj=41.228
real_time=3600002
