peak-ub=343
buffers=16
windows=5
obj=339
time=227
buffers=16
windows=5
obj=338
time=396
buffers=16
windows=5
obj=335
time=844
buffers=16
windows=5
obj=312
time=1053
buffers=16
windows=5
obj=277
time=1385
buffers=16
windows=5
obj=273
time=2298
buffers=16
windows=5
obj=272
time=3700
buffers=16
windows=5
obj=271
time=11851
buffers=16
windows=5
obj=269
time=14594
buffers=16
windows=5
obj=267
time=126796
buffers=16
windows=5
obj=265
time=151713
buffers=16
windows=5
obj=263
time=223432
buffers=16
windows=5
obj=262
time=237596
buffers=16
windows=5
obj=261
time=313994
buffers=16
windows=5
obj=260
time=400209
buffers=16
windows=5
obj=259
time=733023
buffers=16
windows=5
obj=258
time=847638
buffers=16
windows=5
obj=254
time=1082335
buffers=16
windows=5
obj=253
time=2532488
buffers=16
windows=5
original_status=UNSAT
original_lb=253
obj=253
time=2532488
status=OPTIMAL
real_obj=25.252
real_time=2532488
