peak-ub=429
buffers=8
windows=9
obj=364
time=6
buffers=8
windows=9
obj=360
time=12
buffers=8
windows=9
obj=356
time=19
buffers=8
windows=9
obj=347
time=25
buffers=8
windows=9
obj=332
time=31
buffers=8
windows=9
obj=325
time=154
buffers=8
windows=9
obj=322
time=221
buffers=8
windows=9
obj=313
time=505
buffers=8
windows=9
obj=311
time=735
buffers=8
windows=9
obj=310
time=1049
buffers=8
windows=9
obj=301
time=2360
buffers=8
windows=9
obj=299
time=52225
buffers=8
windows=9
obj=298
time=73486
buffers=8
windows=9
obj=295
time=258176
buffers=8
windows=9
original_status=TIMEOUT
original_lb=209
obj=295
time=3600000
status=TIMEOUT
real_obj=29.445
real_time=3600000
