peak-ub=539
buffers=16
windows=5
obj=499
time=93
buffers=16
windows=5
obj=410
time=189
buffers=16
windows=5
obj=401
time=552
buffers=16
windows=5
obj=397
time=1617
buffers=16
windows=5
obj=396
time=6212
buffers=16
windows=5
obj=387
time=6302
buffers=16
windows=5
obj=386
time=7504
buffers=16
windows=5
obj=385
time=8725
buffers=16
windows=5
obj=378
time=15412
buffers=16
windows=5
obj=375
time=15958
buffers=16
windows=5
obj=374
time=21195
buffers=16
windows=5
obj=373
time=25213
buffers=16
windows=5
obj=371
time=29194
buffers=16
windows=5
obj=367
time=45885
buffers=16
windows=5
obj=364
time=46512
buffers=16
windows=5
obj=362
time=55717
buffers=16
windows=5
obj=359
time=71293
buffers=16
windows=5
obj=354
time=103968
buffers=16
windows=5
obj=350
time=173473
buffers=16
windows=5
obj=347
time=175280
buffers=16
windows=5
original_status=TIMEOUT
original_lb=205
obj=347
time=3600000
status=TIMEOUT
real_obj=35.356
real_time=3600000
