peak-ub=653
buffers=8
windows=9
obj=551
time=4
buffers=8
windows=9
obj=508
time=14
buffers=8
windows=9
obj=469
time=20
buffers=8
windows=9
obj=466
time=68
buffers=8
windows=9
obj=452
time=81
buffers=8
windows=9
obj=448
time=154
buffers=8
windows=9
obj=434
time=524
buffers=8
windows=9
obj=432
time=2102
buffers=8
windows=9
obj=418
time=4821
buffers=8
windows=9
obj=417
time=6319
buffers=8
windows=9
obj=415
time=31365
buffers=8
windows=9
obj=413
time=43315
buffers=8
windows=9
obj=409
time=66236
buffers=8
windows=9
obj=405
time=74653
buffers=8
windows=9
obj=390
time=86958
buffers=8
windows=9
obj=387
time=572995
buffers=8
windows=9
original_status=TIMEOUT
original_lb=305
obj=387
time=3600000
status=TIMEOUT
real_obj=38.699
real_time=3600000
