peak-ub=1360
buffers=8
windows=13
obj=873
time=12
buffers=8
windows=13
obj=847
time=68
buffers=8
windows=13
obj=822
time=85
buffers=8
windows=13
obj=797
time=96
buffers=8
windows=13
obj=794
time=128
buffers=8
windows=13
obj=783
time=191
buffers=8
windows=13
obj=761
time=216
buffers=8
windows=13
obj=751
time=238
buffers=8
windows=13
obj=737
time=314
buffers=8
windows=13
obj=734
time=325
buffers=8
windows=13
obj=726
time=471
buffers=8
windows=13
obj=723
time=599
buffers=8
windows=13
obj=711
time=652
buffers=8
windows=13
obj=708
time=1034
buffers=8
windows=13
obj=704
time=1163
buffers=8
windows=13
obj=691
time=1209
buffers=8
windows=13
obj=679
time=1639
buffers=8
windows=13
obj=678
time=2146
buffers=8
windows=13
obj=676
time=2259
buffers=8
windows=13
obj=670
time=2968
buffers=8
windows=13
obj=664
time=4944
buffers=8
windows=13
obj=660
time=7961
buffers=8
windows=13
obj=640
time=9841
buffers=8
windows=13
obj=633
time=75623
buffers=8
windows=13
obj=632
time=113801
buffers=8
windows=13
obj=629
time=114185
buffers=8
windows=13
obj=624
time=126590
buffers=8
windows=13
obj=623
time=161706
buffers=8
windows=13
obj=622
time=316492
buffers=8
windows=13
obj=620
time=352221
buffers=8
windows=13
obj=619
time=397941
buffers=8
windows=13
obj=614
time=455206
buffers=8
windows=13
original_status=TIMEOUT
original_lb=214
obj=614
time=3600000
status=TIMEOUT
real_obj=61.347
real_time=3600000
