peak-ub=1006
buffers=8
windows=17
obj=822
time=16
buffers=8
windows=17
obj=776
time=49
buffers=8
windows=17
obj=762
time=65
buffers=8
windows=17
obj=643
time=81
buffers=8
windows=17
obj=637
time=149
buffers=8
windows=17
obj=633
time=185
buffers=8
windows=17
obj=625
time=278
buffers=8
windows=17
obj=617
time=389
buffers=8
windows=17
obj=610
time=419
buffers=8
windows=17
obj=606
time=462
buffers=8
windows=17
obj=600
time=496
buffers=8
windows=17
obj=583
time=535
buffers=8
windows=17
obj=581
time=772
buffers=8
windows=17
obj=576
time=845
buffers=8
windows=17
obj=575
time=1043
buffers=8
windows=17
obj=571
time=1068
buffers=8
windows=17
obj=567
time=1291
buffers=8
windows=17
obj=563
time=1360
buffers=8
windows=17
obj=553
time=3389
buffers=8
windows=17
obj=550
time=4532
buffers=8
windows=17
obj=542
time=5341
buffers=8
windows=17
obj=535
time=7252
buffers=8
windows=17
obj=523
time=13239
buffers=8
windows=17
obj=522
time=30933
buffers=8
windows=17
obj=514
time=36246
buffers=8
windows=17
obj=512
time=48411
buffers=8
windows=17
obj=508
time=137049
buffers=8
windows=17
obj=505
time=690681
buffers=8
windows=17
original_status=TIMEOUT
original_lb=193
obj=505
time=3600000
status=TIMEOUT
real_obj=50.474
real_time=3600000
