peak-ub=1473
buffers=16
windows=13
obj=997
time=273
buffers=16
windows=13
obj=941
time=540
buffers=16
windows=13
obj=915
time=814
buffers=16
windows=13
obj=827
time=1375
buffers=16
windows=13
obj=782
time=2692
buffers=16
windows=13
obj=780
time=3903
buffers=16
windows=13
obj=770
time=4604
buffers=16
windows=13
obj=763
time=4855
buffers=16
windows=13
obj=762
time=7156
buffers=16
windows=13
obj=755
time=14190
buffers=16
windows=13
obj=749
time=19016
buffers=16
windows=13
obj=748
time=35384
buffers=16
windows=13
obj=747
time=36014
buffers=16
windows=13
obj=744
time=39575
buffers=16
windows=13
obj=731
time=42360
buffers=16
windows=13
obj=730
time=42609
buffers=16
windows=13
obj=727
time=43244
buffers=16
windows=13
obj=715
time=61729
buffers=16
windows=13
obj=700
time=151243
buffers=16
windows=13
obj=697
time=172060
buffers=16
windows=13
obj=693
time=215801
buffers=16
windows=13
obj=691
time=578468
buffers=16
windows=13
obj=690
time=640713
buffers=16
windows=13
obj=684
time=643525
buffers=16
windows=13
obj=682
time=833365
buffers=16
windows=13
obj=672
time=912149
buffers=16
windows=13
obj=670
time=1376183
buffers=16
windows=13
obj=657
time=1439597
buffers=16
windows=13
obj=654
time=1447583
buffers=16
windows=13
original_status=TIMEOUT
original_lb=233
obj=654
time=3600001
status=TIMEOUT
real_obj=65.356
real_time=3600001
