peak-ub=728
buffers=16
windows=13
obj=495
time=295
buffers=16
windows=13
obj=490
time=608
buffers=16
windows=13
obj=475
time=1271
buffers=16
windows=13
obj=471
time=2105
buffers=16
windows=13
obj=469
time=4297
buffers=16
windows=13
obj=466
time=5634
buffers=16
windows=13
obj=433
time=7412
buffers=16
windows=13
obj=428
time=13334
buffers=16
windows=13
obj=426
time=20416
buffers=16
windows=13
obj=415
time=24372
buffers=16
windows=13
obj=414
time=29553
buffers=16
windows=13
obj=410
time=33623
buffers=16
windows=13
obj=403
time=37125
buffers=16
windows=13
obj=402
time=44749
buffers=16
windows=13
obj=398
time=66193
buffers=16
windows=13
obj=395
time=68913
buffers=16
windows=13
obj=392
time=97089
buffers=16
windows=13
obj=389
time=103747
buffers=16
windows=13
obj=388
time=137515
buffers=16
windows=13
obj=386
time=225435
buffers=16
windows=13
obj=384
time=365261
buffers=16
windows=13
obj=383
time=554927
buffers=16
windows=13
obj=381
time=770868
buffers=16
windows=13
obj=378
time=918235
buffers=16
windows=13
obj=377
time=1382083
buffers=16
windows=13
obj=374
time=2450519
buffers=16
windows=13
original_status=TIMEOUT
original_lb=310
obj=374
time=3600001
status=TIMEOUT
real_obj=37.356
real_time=3600001
