peak-ub=1627
buffers=8
windows=17
obj=1398
time=7
buffers=8
windows=17
obj=1175
time=14
buffers=8
windows=17
obj=1024
time=20
buffers=8
windows=17
obj=931
time=27
buffers=8
windows=17
obj=928
time=84
buffers=8
windows=17
obj=922
time=103
buffers=8
windows=17
obj=896
time=132
buffers=8
windows=17
obj=859
time=267
buffers=8
windows=17
obj=851
time=523
buffers=8
windows=17
obj=843
time=655
buffers=8
windows=17
obj=839
time=811
buffers=8
windows=17
obj=824
time=1132
buffers=8
windows=17
obj=818
time=1884
buffers=8
windows=17
obj=799
time=2698
buffers=8
windows=17
obj=794
time=34326
buffers=8
windows=17
obj=781
time=69386
buffers=8
windows=17
obj=778
time=140438
buffers=8
windows=17
obj=776
time=181769
buffers=8
windows=17
obj=768
time=303498
buffers=8
windows=17
obj=766
time=416747
buffers=8
windows=17
obj=765
time=782253
buffers=8
windows=17
obj=759
time=3213170
buffers=8
windows=17
original_status=TIMEOUT
original_lb=200
obj=759
time=3600000
status=TIMEOUT
real_obj=75.812
real_time=3600000
