peak-ub=496
buffers=8
windows=5
obj=482
time=19
buffers=8
windows=5
obj=448
time=44
buffers=8
windows=5
obj=439
time=52
buffers=8
windows=5
obj=421
time=73
buffers=8
windows=5
obj=420
time=108
buffers=8
windows=5
obj=390
time=139
buffers=8
windows=5
obj=388
time=281
buffers=8
windows=5
obj=376
time=323
buffers=8
windows=5
obj=375
time=334
buffers=8
windows=5
obj=366
time=367
buffers=8
windows=5
obj=364
time=529
buffers=8
windows=5
obj=357
time=2869
buffers=8
windows=5
obj=355
time=55664
buffers=8
windows=5
original_status=TIMEOUT
original_lb=262
obj=355
time=3600000
status=TIMEOUT
real_obj=35.472
real_time=3600000
