peak-ub=717
buffers=16
windows=13
obj=565
time=261
buffers=16
windows=13
obj=544
time=526
buffers=16
windows=13
obj=542
time=791
buffers=16
windows=13
obj=532
time=1313
buffers=16
windows=13
obj=529
time=1615
buffers=16
windows=13
obj=527
time=2224
buffers=16
windows=13
obj=526
time=4937
buffers=16
windows=13
obj=521
time=5538
buffers=16
windows=13
obj=503
time=6874
buffers=16
windows=13
obj=500
time=8141
buffers=16
windows=13
obj=491
time=9114
buffers=16
windows=13
obj=483
time=9983
buffers=16
windows=13
obj=479
time=10649
buffers=16
windows=13
obj=476
time=12232
buffers=16
windows=13
obj=469
time=12571
buffers=16
windows=13
obj=458
time=16456
buffers=16
windows=13
obj=455
time=28076
buffers=16
windows=13
obj=454
time=28619
buffers=16
windows=13
obj=451
time=29200
buffers=16
windows=13
obj=448
time=30645
buffers=16
windows=13
obj=447
time=46166
buffers=16
windows=13
obj=445
time=123558
buffers=16
windows=13
obj=444
time=149212
buffers=16
windows=13
obj=443
time=208254
buffers=16
windows=13
obj=439
time=246847
buffers=16
windows=13
obj=436
time=454488
buffers=16
windows=13
obj=433
time=983595
buffers=16
windows=13
obj=432
time=1040808
buffers=16
windows=13
obj=430
time=1300543
buffers=16
windows=13
obj=429
time=1677238
buffers=16
windows=13
obj=428
time=2551270
buffers=16
windows=13
original_status=TIMEOUT
original_lb=269
obj=428
time=3600001
status=TIMEOUT
real_obj=42.767
real_time=3600001
