peak-ub=1254
buffers=8
windows=9
obj=978
time=4
buffers=8
windows=9
obj=943
time=8
buffers=8
windows=9
obj=551
time=12
buffers=8
windows=9
obj=549
time=27
buffers=8
windows=9
obj=489
time=33
buffers=8
windows=9
obj=488
time=50
buffers=8
windows=9
obj=478
time=56
buffers=8
windows=9
obj=471
time=103
buffers=8
windows=9
obj=457
time=147
buffers=8
windows=9
obj=451
time=171
buffers=8
windows=9
obj=429
time=431
buffers=8
windows=9
obj=428
time=15950
buffers=8
windows=9
obj=425
time=31002
buffers=8
windows=9
obj=421
time=335285
buffers=8
windows=9
original_status=TIMEOUT
original_lb=335
obj=421
time=3600000
status=TIMEOUT
real_obj=42.064
real_time=3600000
