peak-ub=543
buffers=8
windows=5
obj=482
time=5
buffers=8
windows=5
obj=464
time=36
buffers=8
windows=5
obj=448
time=40
buffers=8
windows=5
obj=447
time=60
buffers=8
windows=5
obj=446
time=115
buffers=8
windows=5
obj=443
time=129
buffers=8
windows=5
obj=432
time=140
buffers=8
windows=5
obj=430
time=145
buffers=8
windows=5
obj=423
time=150
buffers=8
windows=5
obj=422
time=177
buffers=8
windows=5
obj=420
time=668
buffers=8
windows=5
original_status=TIMEOUT
original_lb=199
obj=420
time=3600000
status=TIMEOUT
real_obj=41.961
real_time=3600000
