peak-ub=643
buffers=16
windows=5
obj=577
time=88
buffers=16
windows=5
obj=465
time=180
buffers=16
windows=5
obj=451
time=401
buffers=16
windows=5
obj=438
time=795
buffers=16
windows=5
obj=421
time=942
buffers=16
windows=5
obj=412
time=1184
buffers=16
windows=5
obj=400
time=1274
buffers=16
windows=5
obj=399
time=2030
buffers=16
windows=5
obj=398
time=2159
buffers=16
windows=5
obj=389
time=2814
buffers=16
windows=5
obj=388
time=2904
buffers=16
windows=5
obj=371
time=3841
buffers=16
windows=5
obj=368
time=4392
buffers=16
windows=5
obj=364
time=4760
buffers=16
windows=5
obj=361
time=5635
buffers=16
windows=5
obj=354
time=8046
buffers=16
windows=5
obj=353
time=28113
buffers=16
windows=5
obj=350
time=32334
buffers=16
windows=5
obj=349
time=34292
buffers=16
windows=5
obj=348
time=39648
buffers=16
windows=5
obj=345
time=87848
buffers=16
windows=5
obj=344
time=120356
buffers=16
windows=5
obj=343
time=2212420
buffers=16
windows=5
original_status=TIMEOUT
original_lb=292
obj=343
time=3600001
status=TIMEOUT
real_obj=49.611
real_time=3600001
