peak-ub=549
buffers=16
windows=9
obj=434
time=132
buffers=16
windows=9
obj=326
time=271
buffers=16
windows=9
obj=305
time=793
buffers=16
windows=9
obj=301
time=997
buffers=16
windows=9
obj=299
time=2011
buffers=16
windows=9
obj=298
time=2335
buffers=16
windows=9
obj=295
time=2508
buffers=16
windows=9
obj=294
time=3646
buffers=16
windows=9
obj=293
time=4083
buffers=16
windows=9
obj=291
time=4383
buffers=16
windows=9
obj=289
time=4713
buffers=16
windows=9
obj=287
time=5067
buffers=16
windows=9
obj=286
time=6882
buffers=16
windows=9
obj=285
time=8554
buffers=16
windows=9
obj=284
time=8714
buffers=16
windows=9
obj=283
time=10893
buffers=16
windows=9
obj=280
time=18164
buffers=16
windows=9
obj=277
time=21066
buffers=16
windows=9
obj=276
time=25421
buffers=16
windows=9
obj=275
time=31461
buffers=16
windows=9
obj=272
time=40679
buffers=16
windows=9
original_status=TIMEOUT
original_lb=243
obj=272
time=3600000
status=TIMEOUT
real_obj=27.168
real_time=3600000
