peak-ub=622
buffers=16
windows=9
obj=462
time=132
buffers=16
windows=9
obj=457
time=263
buffers=16
windows=9
obj=395
time=398
buffers=16
windows=9
obj=349
time=602
buffers=16
windows=9
obj=344
time=1021
buffers=16
windows=9
obj=318
time=1758
buffers=16
windows=9
obj=298
time=2505
buffers=16
windows=9
obj=294
time=8252
buffers=16
windows=9
obj=293
time=11267
buffers=16
windows=9
obj=288
time=11788
buffers=16
windows=9
obj=287
time=13773
buffers=16
windows=9
obj=286
time=24013
buffers=16
windows=9
obj=283
time=33827
buffers=16
windows=9
obj=278
time=34102
buffers=16
windows=9
obj=260
time=73515
buffers=16
windows=9
obj=259
time=309481
buffers=16
windows=9
obj=256
time=2372190
buffers=16
windows=9
original_status=TIMEOUT
original_lb=247
obj=256
time=3600001
status=TIMEOUT
real_obj=25.552
real_time=3600001
