peak-ub=788
buffers=8
windows=17
obj=679
time=8
buffers=8
windows=17
obj=619
time=26
buffers=8
windows=17
obj=612
time=48
buffers=8
windows=17
obj=591
time=59
buffers=8
windows=17
obj=511
time=67
buffers=8
windows=17
obj=498
time=88
buffers=8
windows=17
obj=496
time=120
buffers=8
windows=17
obj=488
time=173
buffers=8
windows=17
obj=487
time=207
buffers=8
windows=17
obj=482
time=229
buffers=8
windows=17
obj=465
time=294
buffers=8
windows=17
obj=457
time=358
buffers=8
windows=17
obj=445
time=428
buffers=8
windows=17
obj=437
time=765
buffers=8
windows=17
obj=435
time=3379
buffers=8
windows=17
obj=434
time=7127
buffers=8
windows=17
obj=433
time=7248
buffers=8
windows=17
obj=423
time=15721
buffers=8
windows=17
obj=422
time=19231
buffers=8
windows=17
obj=418
time=36273
buffers=8
windows=17
obj=415
time=62047
buffers=8
windows=17
obj=411
time=138761
buffers=8
windows=17
obj=410
time=295200
buffers=8
windows=17
obj=407
time=465507
buffers=8
windows=17
obj=402
time=1724408
buffers=8
windows=17
original_status=TIMEOUT
original_lb=164
obj=402
time=3600000
status=TIMEOUT
real_obj=40.180
real_time=3600000
