peak-ub=723
buffers=8
windows=13
obj=663
time=5
buffers=8
windows=13
obj=548
time=10
buffers=8
windows=13
obj=486
time=15
buffers=8
windows=13
obj=478
time=21
buffers=8
windows=13
obj=474
time=26
buffers=8
windows=13
obj=473
time=32
buffers=8
windows=13
obj=471
time=38
buffers=8
windows=13
obj=458
time=64
buffers=8
windows=13
obj=453
time=95
buffers=8
windows=13
obj=443
time=112
buffers=8
windows=13
obj=438
time=195
buffers=8
windows=13
obj=437
time=205
buffers=8
windows=13
obj=414
time=329
buffers=8
windows=13
obj=404
time=397
buffers=8
windows=13
obj=397
time=496
buffers=8
windows=13
obj=389
time=502
buffers=8
windows=13
obj=384
time=508
buffers=8
windows=13
obj=372
time=524
buffers=8
windows=13
obj=368
time=1710
buffers=8
windows=13
obj=365
time=1849
buffers=8
windows=13
obj=363
time=2035
buffers=8
windows=13
obj=360
time=3705
buffers=8
windows=13
obj=355
time=3774
buffers=8
windows=13
obj=351
time=3840
buffers=8
windows=13
obj=345
time=7296
buffers=8
windows=13
obj=341
time=7449
buffers=8
windows=13
obj=336
time=8375
buffers=8
windows=13
obj=328
time=8777
buffers=8
windows=13
obj=326
time=9457
buffers=8
windows=13
obj=324
time=605399
buffers=8
windows=13
original_status=TIMEOUT
original_lb=190
obj=324
time=3600000
status=TIMEOUT
real_obj=32.358
real_time=3600000
