peak-ub=1115
buffers=16
windows=13
obj=782
time=191
buffers=16
windows=13
obj=750
time=413
buffers=16
windows=13
obj=638
time=614
buffers=16
windows=13
obj=636
time=915
buffers=16
windows=13
obj=563
time=1113
buffers=16
windows=13
obj=562
time=1429
buffers=16
windows=13
obj=484
time=1774
buffers=16
windows=13
obj=482
time=2990
buffers=16
windows=13
obj=479
time=6202
buffers=16
windows=13
obj=473
time=48745
buffers=16
windows=13
obj=471
time=49793
buffers=16
windows=13
obj=466
time=58007
buffers=16
windows=13
obj=463
time=79053
buffers=16
windows=13
obj=459
time=79817
buffers=16
windows=13
obj=451
time=130237
buffers=16
windows=13
obj=447
time=328653
buffers=16
windows=13
obj=446
time=595797
buffers=16
windows=13
obj=444
time=709364
buffers=16
windows=13
obj=443
time=2345591
buffers=16
windows=13
original_status=TIMEOUT
original_lb=210
obj=443
time=3600000
status=TIMEOUT
real_obj=44.240
real_time=3600000
