peak-ub=742
buffers=16
windows=9
obj=718
time=130
buffers=16
windows=9
obj=596
time=259
buffers=16
windows=9
obj=528
time=565
buffers=16
windows=9
obj=477
time=852
buffers=16
windows=9
obj=472
time=980
buffers=16
windows=9
obj=469
time=1158
buffers=16
windows=9
obj=464
time=1436
buffers=16
windows=9
obj=462
time=1862
buffers=16
windows=9
obj=457
time=4888
buffers=16
windows=9
obj=450
time=6068
buffers=16
windows=9
obj=446
time=6745
buffers=16
windows=9
obj=442
time=7187
buffers=16
windows=9
obj=440
time=9733
buffers=16
windows=9
obj=438
time=11865
buffers=16
windows=9
obj=433
time=14229
buffers=16
windows=9
obj=430
time=23125
buffers=16
windows=9
obj=425
time=25408
buffers=16
windows=9
obj=419
time=27212
buffers=16
windows=9
obj=418
time=33572
buffers=16
windows=9
obj=409
time=37899
buffers=16
windows=9
obj=406
time=160145
buffers=16
windows=9
obj=405
time=179115
buffers=16
windows=9
obj=402
time=303056
buffers=16
windows=9
obj=401
time=364179
buffers=16
windows=9
obj=399
time=396232
buffers=16
windows=9
obj=396
time=596803
buffers=16
windows=9
obj=392
time=842854
buffers=16
windows=9
obj=391
time=1503714
buffers=16
windows=9
obj=390
time=2001286
buffers=16
windows=9
original_status=TIMEOUT
original_lb=238
obj=390
time=3600000
status=TIMEOUT
real_obj=38.924
real_time=3600000
