peak-ub=500
buffers=8
windows=9
obj=390
time=8
buffers=8
windows=9
obj=373
time=15
buffers=8
windows=9
obj=372
time=23
buffers=8
windows=9
obj=368
time=93
buffers=8
windows=9
obj=360
time=116
buffers=8
windows=9
obj=351
time=147
buffers=8
windows=9
obj=350
time=153
buffers=8
windows=9
obj=342
time=197
buffers=8
windows=9
obj=335
time=264
buffers=8
windows=9
obj=334
time=510
buffers=8
windows=9
obj=326
time=2199
buffers=8
windows=9
obj=323
time=43148
buffers=8
windows=9
obj=321
time=44508
buffers=8
windows=9
obj=320
time=56038
buffers=8
windows=9
obj=318
time=969320
buffers=8
windows=9
obj=317
time=1950127
buffers=8
windows=9
original_status=TIMEOUT
original_lb=197
obj=317
time=3600000
status=TIMEOUT
real_obj=31.660
real_time=3600000
