peak-ub=1275
buffers=8
windows=13
obj=982
time=6
buffers=8
windows=13
obj=972
time=21
buffers=8
windows=13
obj=961
time=27
buffers=8
windows=13
obj=880
time=32
buffers=8
windows=13
obj=834
time=37
buffers=8
windows=13
obj=820
time=53
buffers=8
windows=13
obj=818
time=59
buffers=8
windows=13
obj=812
time=65
buffers=8
windows=13
obj=809
time=70
buffers=8
windows=13
obj=775
time=82
buffers=8
windows=13
obj=759
time=101
buffers=8
windows=13
obj=755
time=107
buffers=8
windows=13
obj=750
time=136
buffers=8
windows=13
obj=741
time=167
buffers=8
windows=13
obj=727
time=175
buffers=8
windows=13
obj=724
time=181
buffers=8
windows=13
obj=723
time=262
buffers=8
windows=13
obj=715
time=393
buffers=8
windows=13
obj=708
time=459
buffers=8
windows=13
obj=704
time=584
buffers=8
windows=13
obj=698
time=752
buffers=8
windows=13
obj=694
time=1135
buffers=8
windows=13
obj=692
time=1210
buffers=8
windows=13
obj=684
time=1410
buffers=8
windows=13
obj=680
time=1890
buffers=8
windows=13
obj=670
time=1915
buffers=8
windows=13
obj=665
time=2746
buffers=8
windows=13
obj=661
time=55437
buffers=8
windows=13
obj=658
time=60572
buffers=8
windows=13
obj=651
time=66662
buffers=8
windows=13
obj=648
time=114921
buffers=8
windows=13
obj=644
time=151841
buffers=8
windows=13
obj=643
time=1192074
buffers=8
windows=13
obj=641
time=2319873
buffers=8
windows=13
obj=633
time=2732747
buffers=8
windows=13
original_status=TIMEOUT
original_lb=199
obj=633
time=3600000
status=TIMEOUT
real_obj=63.232
real_time=3600000
