peak-ub=709
buffers=8
windows=17
obj=676
time=7
buffers=8
windows=17
obj=626
time=14
buffers=8
windows=17
obj=590
time=21
buffers=8
windows=17
obj=586
time=28
buffers=8
windows=17
obj=578
time=39
buffers=8
windows=17
obj=511
time=46
buffers=8
windows=17
obj=504
time=55
buffers=8
windows=17
obj=499
time=62
buffers=8
windows=17
obj=497
time=103
buffers=8
windows=17
obj=493
time=142
buffers=8
windows=17
obj=472
time=187
buffers=8
windows=17
obj=461
time=265
buffers=8
windows=17
obj=449
time=285
buffers=8
windows=17
obj=448
time=397
buffers=8
windows=17
obj=441
time=420
buffers=8
windows=17
obj=437
time=870
buffers=8
windows=17
obj=436
time=1247
buffers=8
windows=17
obj=432
time=1367
buffers=8
windows=17
obj=426
time=1806
buffers=8
windows=17
obj=424
time=8544
buffers=8
windows=17
obj=416
time=8575
buffers=8
windows=17
obj=414
time=2749977
buffers=8
windows=17
original_status=TIMEOUT
original_lb=188
obj=414
time=3600000
status=TIMEOUT
real_obj=41.318
real_time=3600000
