peak-ub=1650
buffers=16
windows=13
obj=1280
time=141
buffers=16
windows=13
obj=1138
time=282
buffers=16
windows=13
obj=1055
time=425
buffers=16
windows=13
obj=930
time=564
buffers=16
windows=13
obj=925
time=980
buffers=16
windows=13
obj=905
time=1118
buffers=16
windows=13
obj=903
time=1609
buffers=16
windows=13
obj=895
time=2307
buffers=16
windows=13
obj=890
time=3049
buffers=16
windows=13
obj=842
time=3278
buffers=16
windows=13
obj=827
time=3517
buffers=16
windows=13
obj=820
time=4177
buffers=16
windows=13
obj=818
time=4303
buffers=16
windows=13
obj=794
time=4446
buffers=16
windows=13
obj=789
time=15259
buffers=16
windows=13
obj=780
time=16545
buffers=16
windows=13
obj=764
time=17724
buffers=16
windows=13
obj=755
time=28433
buffers=16
windows=13
obj=753
time=37680
buffers=16
windows=13
obj=749
time=41773
buffers=16
windows=13
obj=745
time=72325
buffers=16
windows=13
obj=741
time=85722
buffers=16
windows=13
obj=740
time=102614
buffers=16
windows=13
obj=736
time=107335
buffers=16
windows=13
obj=734
time=124877
buffers=16
windows=13
obj=730
time=141082
buffers=16
windows=13
obj=728
time=193920
buffers=16
windows=13
obj=723
time=208104
buffers=16
windows=13
obj=720
time=209942
buffers=16
windows=13
obj=716
time=216258
buffers=16
windows=13
obj=704
time=232667
buffers=16
windows=13
obj=703
time=324981
buffers=16
windows=13
obj=701
time=503902
buffers=16
windows=13
obj=699
time=581246
buffers=16
windows=13
obj=698
time=1544086
buffers=16
windows=13
obj=696
time=2436351
buffers=16
windows=13
obj=693
time=2538000
buffers=16
windows=13
obj=691
time=3488199
buffers=16
windows=13
original_status=TIMEOUT
original_lb=249
obj=691
time=3600000
status=TIMEOUT
real_obj=69.022
real_time=3600000
