peak-ub=857
buffers=8
windows=13
obj=794
time=7
buffers=8
windows=13
obj=645
time=14
buffers=8
windows=13
obj=636
time=37
buffers=8
windows=13
obj=624
time=44
buffers=8
windows=13
obj=622
time=101
buffers=8
windows=13
obj=607
time=132
buffers=8
windows=13
obj=594
time=182
buffers=8
windows=13
obj=589
time=193
buffers=8
windows=13
obj=588
time=210
buffers=8
windows=13
obj=577
time=278
buffers=8
windows=13
obj=565
time=311
buffers=8
windows=13
obj=564
time=379
buffers=8
windows=13
obj=558
time=533
buffers=8
windows=13
obj=534
time=694
buffers=8
windows=13
obj=523
time=1441
buffers=8
windows=13
obj=522
time=1808
buffers=8
windows=13
obj=507
time=2100
buffers=8
windows=13
obj=505
time=4056
buffers=8
windows=13
obj=504
time=8515
buffers=8
windows=13
obj=500
time=9295
buffers=8
windows=13
obj=499
time=110662
buffers=8
windows=13
obj=485
time=3438540
buffers=8
windows=13
original_status=TIMEOUT
original_lb=182
obj=485
time=3600000
status=TIMEOUT
real_obj=48.489
real_time=3600000
