peak-ub=1064
buffers=16
windows=13
obj=850
time=183
buffers=16
windows=13
obj=779
time=368
buffers=16
windows=13
obj=703
time=559
buffers=16
windows=13
obj=699
time=751
buffers=16
windows=13
obj=677
time=938
buffers=16
windows=13
obj=673
time=1127
buffers=16
windows=13
obj=647
time=1313
buffers=16
windows=13
obj=611
time=1501
buffers=16
windows=13
obj=588
time=1723
buffers=16
windows=13
obj=587
time=2112
buffers=16
windows=13
obj=564
time=2370
buffers=16
windows=13
obj=547
time=3541
buffers=16
windows=13
obj=531
time=3729
buffers=16
windows=13
obj=530
time=4493
buffers=16
windows=13
obj=520
time=5152
buffers=16
windows=13
obj=516
time=7519
buffers=16
windows=13
obj=499
time=7850
buffers=16
windows=13
obj=497
time=11425
buffers=16
windows=13
obj=495
time=11969
buffers=16
windows=13
obj=494
time=33097
buffers=16
windows=13
obj=490
time=40346
buffers=16
windows=13
obj=485
time=54831
buffers=16
windows=13
obj=483
time=65027
buffers=16
windows=13
obj=481
time=71658
buffers=16
windows=13
obj=460
time=136309
buffers=16
windows=13
obj=453
time=160153
buffers=16
windows=13
obj=450
time=169154
buffers=16
windows=13
obj=449
time=267441
buffers=16
windows=13
obj=447
time=847616
buffers=16
windows=13
obj=446
time=1644674
buffers=16
windows=13
obj=445
time=1757936
buffers=16
windows=13
obj=441
time=2210156
buffers=16
windows=13
obj=438
time=3164328
buffers=16
windows=13
original_status=TIMEOUT
original_lb=235
obj=438
time=3600000
status=TIMEOUT
real_obj=83.388
real_time=3600000
