peak-ub=379
buffers=16
windows=5
obj=352
time=93
buffers=16
windows=5
obj=330
time=326
buffers=16
windows=5
obj=309
time=590
buffers=16
windows=5
obj=308
time=682
buffers=16
windows=5
obj=307
time=2050
buffers=16
windows=5
obj=305
time=2578
buffers=16
windows=5
obj=297
time=3268
buffers=16
windows=5
obj=295
time=3872
buffers=16
windows=5
obj=294
time=4207
buffers=16
windows=5
obj=290
time=7005
buffers=16
windows=5
obj=288
time=15490
buffers=16
windows=5
obj=287
time=15588
buffers=16
windows=5
obj=286
time=25966
buffers=16
windows=5
obj=281
time=31472
buffers=16
windows=5
obj=278
time=59244
buffers=16
windows=5
obj=276
time=178116
buffers=16
windows=5
obj=273
time=205222
buffers=16
windows=5
obj=271
time=2785633
buffers=16
windows=5
original_status=TIMEOUT
original_lb=204
obj=271
time=3600000
status=TIMEOUT
real_obj=27.054
real_time=3600000
