global=1
denseranking=1
symmetry=1
single_window=1
peak-ub=3675
buffers=24
windows=61
branches=1440
failures=0
obj=1482
time=4331
buffers=24
windows=61
branches=1440
failures=0
obj=1109
time=8039
buffers=24
windows=61
branches=1439
failures=0
obj=1077
time=11883
buffers=24
windows=61
branches=1440
failures=0
obj=1034
time=16532
buffers=24
windows=61
branches=1441
failures=1
obj=906
time=20599
buffers=24
windows=61
branches=1421
failures=1
obj=877
time=24918
buffers=24
windows=61
branches=1428
failures=0
obj=861
time=29495
buffers=24
windows=61
branches=4568
failures=400
obj=847
time=42856
buffers=24
windows=61
branches=1407
failures=1
obj=844
time=47359
buffers=24
windows=61
branches=4063
failures=401
obj=834
time=58734
buffers=24
windows=61
branches=61011
failures=12335
obj=829
time=239335
buffers=24
windows=61
branches=42457
failures=8500
obj=826
time=364852
buffers=24
windows=61
branches=44061
failures=8605
obj=824
time=487691
buffers=24
windows=61
branches=26917
failures=5093
obj=810
time=558701
buffers=24
windows=61
branches=28079
failures=5004
obj=805
time=658688
buffers=24
windows=61
branches=25490
failures=4600
obj=802
time=728963
buffers=24
windows=61
branches=42365
failures=8802
obj=799
time=864371
buffers=24
windows=61
branches=226570
failures=59202
obj=790
time=1503623
buffers=24
windows=61
branches=122143
failures=30604
obj=787
time=1858365
buffers=24
windows=61
branches=178887
failures=48856
obj=783
time=2352933
buffers=24
windows=61
branches=359587
failures=107301
obj=782
time=3296902
buffers=24
windows=61
branches=101758
failures=25577
original_status=TIMEOUT
original_lb=298
obj=782
time=3600002
status=TIMEOUT
real_obj=78.165
real_time=3600002
