global=1
denseranking=1
symmetry=1
single_window=1
peak-ub=1345
buffers=8
windows=81
branches=640
failures=0
obj=1003
time=51
buffers=8
windows=81
branches=727
failures=44
obj=961
time=110
buffers=8
windows=81
branches=636
failures=1
obj=932
time=164
buffers=8
windows=81
branches=1362
failures=127
obj=908
time=271
buffers=8
windows=81
branches=1341
failures=101
obj=873
time=376
buffers=8
windows=81
branches=2735
failures=400
obj=843
time=590
buffers=8
windows=81
branches=2174
failures=293
obj=829
time=766
buffers=8
windows=81
branches=8877
failures=1694
obj=806
time=1410
buffers=8
windows=81
branches=9970
failures=1875
obj=797
time=2102
buffers=8
windows=81
branches=4384
failures=693
obj=790
time=2402
buffers=8
windows=81
branches=5321
failures=1002
obj=785
time=2719
buffers=8
windows=81
branches=2174
failures=310
obj=772
time=2860
buffers=8
windows=81
branches=159348
failures=46933
obj=771
time=10373
buffers=8
windows=81
branches=28296
failures=6780
obj=768
time=11897
buffers=8
windows=81
branches=150329
failures=45032
obj=761
time=19130
buffers=8
windows=81
branches=491244
failures=152172
obj=758
time=41846
buffers=8
windows=81
branches=165892
failures=49167
obj=753
time=49610
buffers=8
windows=81
branches=324738
failures=103128
obj=752
time=64160
buffers=8
windows=81
branches=725270
failures=239157
obj=748
time=96384
buffers=8
windows=81
branches=2320832
failures=783092
obj=746
time=192091
buffers=8
windows=81
branches=4126960
failures=1435115
obj=743
time=364171
buffers=8
windows=81
branches=8933464
failures=3205896
obj=736
time=729479
buffers=8
windows=81
branches=76256716
failures=29032601
original_status=TIMEOUT
original_lb=200
obj=736
time=3600001
status=TIMEOUT
real_obj=73.534
real_time=3600001
