global=1
denseranking=1
symmetry=1
single_window=1
peak-ub=1571
buffers=16
windows=81
branches=1280
failures=0
obj=1064
time=650
buffers=16
windows=81
branches=1280
failures=0
obj=918
time=1317
buffers=16
windows=81
branches=4020
failures=400
obj=883
time=3621
buffers=16
windows=81
branches=1270
failures=0
obj=867
time=4209
buffers=16
windows=81
branches=3166
failures=200
obj=852
time=5566
buffers=16
windows=81
branches=4304
failures=402
obj=839
time=7462
buffers=16
windows=81
branches=1358
failures=49
obj=829
time=8085
buffers=16
windows=81
branches=6176
failures=697
obj=816
time=10790
buffers=16
windows=81
branches=11125
failures=1600
obj=809
time=15707
buffers=16
windows=81
branches=7976
failures=1200
obj=786
time=19017
buffers=16
windows=81
branches=15694
failures=2556
obj=783
time=25842
buffers=16
windows=81
branches=14295
failures=2401
obj=782
time=31903
buffers=16
windows=81
branches=8069
failures=1202
obj=780
time=35264
buffers=16
windows=81
branches=11781
failures=1694
obj=776
time=40487
buffers=16
windows=81
branches=12565
failures=2170
obj=774
time=46181
buffers=16
windows=81
branches=18889
failures=3401
obj=769
time=54688
buffers=16
windows=81
branches=27899
failures=5000
obj=763
time=67122
buffers=16
windows=81
branches=85667
failures=20298
obj=762
time=104608
buffers=16
windows=81
branches=14186
failures=2287
obj=761
time=110895
buffers=16
windows=81
branches=42718
failures=8916
obj=760
time=128969
buffers=16
windows=81
branches=8988
failures=1400
obj=750
time=132786
buffers=16
windows=81
branches=172881
failures=46089
obj=747
time=206371
buffers=16
windows=81
branches=34815
failures=8000
obj=741
time=220709
buffers=16
windows=81
branches=124370
failures=29739
obj=737
time=274827
buffers=16
windows=81
branches=86124
failures=20669
obj=730
time=312491
buffers=16
windows=81
branches=351197
failures=101948
obj=728
time=458047
buffers=16
windows=81
branches=72992
failures=17897
obj=726
time=490337
buffers=16
windows=81
branches=99328
failures=24399
obj=725
time=534651
buffers=16
windows=81
branches=82705
failures=20401
obj=724
time=569530
buffers=16
windows=81
branches=150990
failures=39825
obj=720
time=633409
buffers=16
windows=81
branches=226656
failures=59405
obj=718
time=734147
buffers=16
windows=81
branches=419975
failures=121746
obj=715
time=908845
buffers=16
windows=81
branches=69839
failures=17281
obj=713
time=939969
buffers=16
windows=81
branches=298669
failures=81658
obj=712
time=1063640
buffers=16
windows=81
branches=137675
failures=35084
obj=703
time=1121363
buffers=16
windows=81
branches=542816
failures=159000
obj=700
time=1346342
buffers=16
windows=81
branches=668195
failures=203332
obj=697
time=1630479
buffers=16
windows=81
branches=1455833
failures=466375
obj=696
time=2230604
buffers=16
windows=81
branches=1274399
failures=396321
obj=694
time=2745934
buffers=16
windows=81
branches=1425545
failures=459632
obj=689
time=3342050
buffers=16
windows=81
branches=597921
failures=178901
original_status=TIMEOUT
original_lb=229
obj=689
time=3600002
status=TIMEOUT
real_obj=68.834
real_time=3600002
