global=1
denseranking=1
symmetry=1
single_window=1
peak-ub=1648
buffers=16
windows=41
branches=640
failures=0
obj=969
time=563
buffers=16
windows=41
branches=640
failures=0
obj=905
time=1109
buffers=16
windows=41
branches=640
failures=0
obj=875
time=1679
buffers=16
windows=41
branches=640
failures=0
obj=787
time=2278
buffers=16
windows=41
branches=3454
failures=500
obj=769
time=4789
buffers=16
windows=41
branches=1368
failures=100
obj=739
time=5927
buffers=16
windows=41
branches=2945
failures=400
obj=712
time=8085
buffers=16
windows=41
branches=2002
failures=200
obj=710
time=9722
buffers=16
windows=41
branches=1311
failures=100
obj=698
time=10929
buffers=16
windows=41
branches=4444
failures=634
obj=690
time=14851
buffers=16
windows=41
branches=13345
failures=2858
obj=670
time=24111
buffers=16
windows=41
branches=6535
failures=1201
obj=666
time=29252
buffers=16
windows=41
branches=40264
failures=9700
obj=655
time=57769
buffers=16
windows=41
branches=2190
failures=301
obj=647
time=59635
buffers=16
windows=41
branches=13300
failures=2978
obj=646
time=68827
buffers=16
windows=41
branches=600
failures=0
obj=643
time=69437
buffers=16
windows=41
branches=7331
failures=1618
obj=641
time=74717
buffers=16
windows=41
branches=33766
failures=8602
obj=628
time=96847
buffers=16
windows=41
branches=49314
failures=12306
obj=627
time=128127
buffers=16
windows=41
branches=6112
failures=1231
obj=626
time=132621
buffers=16
windows=41
branches=190353
failures=55415
obj=622
time=254222
buffers=16
windows=41
branches=73083
failures=20484
obj=606
time=299873
buffers=16
windows=41
branches=196941
failures=57757
obj=601
time=424725
buffers=16
windows=41
branches=828348
failures=272969
obj=598
time=898196
buffers=16
windows=41
branches=5111842
failures=1790835
original_status=TIMEOUT
original_lb=216
obj=598
time=3600002
status=TIMEOUT
real_obj=59.740
real_time=3600002
