global=1
denseranking=1
symmetry=1
single_window=1
peak-ub=1493
buffers=24
windows=21
branches=480
failures=0
obj=911
time=2298
buffers=24
windows=21
branches=480
failures=0
obj=693
time=4689
buffers=24
windows=21
branches=475
failures=0
obj=684
time=6734
buffers=24
windows=21
branches=1049
failures=136
obj=637
time=11491
buffers=24
windows=21
branches=1572
failures=200
obj=635
time=18428
buffers=24
windows=21
branches=979
failures=100
obj=571
time=22657
buffers=24
windows=21
branches=464
failures=0
obj=567
time=25308
buffers=24
windows=21
branches=3026
failures=600
obj=563
time=36916
buffers=24
windows=21
branches=3660
failures=800
obj=547
time=51605
buffers=24
windows=21
branches=17476
failures=5000
obj=542
time=109200
buffers=24
windows=21
branches=203631
failures=72200
obj=539
time=831413
buffers=24
windows=21
branches=221934
failures=78214
obj=534
time=1588232
buffers=24
windows=21
branches=70999
failures=24003
obj=529
time=1842039
buffers=24
windows=21
branches=400317
failures=148469
obj=526
time=3347516
buffers=24
windows=21
branches=77796
failures=27201
original_status=TIMEOUT
original_lb=252
obj=526
time=3600001
status=TIMEOUT
real_obj=52.573
real_time=3600001
