global=1
denseranking=1
symmetry=1
single_window=1
peak-ub=757
buffers=8
windows=61
branches=548
failures=35
obj=658
time=36
buffers=8
windows=61
branches=637
failures=82
obj=648
time=77
buffers=8
windows=61
branches=473
failures=0
obj=627
time=111
buffers=8
windows=61
branches=497
failures=14
obj=622
time=147
buffers=8
windows=61
branches=475
failures=0
obj=597
time=181
buffers=8
windows=61
branches=626
failures=79
obj=573
time=225
buffers=8
windows=61
branches=599
failures=65
obj=568
time=290
buffers=8
windows=61
branches=611
failures=73
obj=566
time=336
buffers=8
windows=61
branches=467
failures=0
obj=562
time=373
buffers=8
windows=61
branches=3601
failures=822
obj=550
time=593
buffers=8
windows=61
branches=856
failures=139
obj=545
time=655
buffers=8
windows=61
branches=649
failures=98
obj=543
time=703
buffers=8
windows=61
branches=586
failures=67
obj=542
time=746
buffers=8
windows=61
branches=856
failures=142
obj=538
time=808
buffers=8
windows=61
branches=3254
failures=600
obj=536
time=1022
buffers=8
windows=61
branches=3028
failures=975
obj=532
time=1193
buffers=8
windows=61
branches=3322
failures=1123
obj=529
time=1366
buffers=8
windows=61
branches=8869
failures=3257
obj=524
time=1769
buffers=8
windows=61
branches=2825
failures=777
obj=523
time=1942
buffers=8
windows=61
branches=3660
failures=1000
obj=521
time=2172
buffers=8
windows=61
branches=6973
failures=2150
obj=501
time=2551
buffers=8
windows=61
branches=6279
failures=2265
obj=495
time=2880
buffers=8
windows=61
branches=7972
failures=3092
obj=493
time=3243
buffers=8
windows=61
branches=12672
failures=4570
obj=488
time=3896
buffers=8
windows=61
branches=12407
failures=4684
obj=476
time=4510
buffers=8
windows=61
branches=36331
failures=14917
obj=469
time=6126
buffers=8
windows=61
branches=13181
failures=5045
obj=468
time=6796
buffers=8
windows=61
branches=908222
failures=405924
obj=466
time=36806
buffers=8
windows=61
branches=1269107
failures=576284
obj=465
time=76115
buffers=8
windows=61
branches=2298728
failures=1051722
obj=464
time=145002
buffers=8
windows=61
branches=2301910
failures=1054054
obj=463
time=213465
buffers=8
windows=61
branches=1694463
failures=768412
obj=462
time=284413
buffers=8
windows=61
branches=1462996
failures=663435
obj=461
time=331264
buffers=8
windows=61
branches=375276
failures=166224
obj=460
time=344883
buffers=8
windows=61
branches=80111
failures=34045
obj=459
time=348237
buffers=8
windows=61
branches=118371747
failures=55835836
original_status=TIMEOUT
original_lb=244
obj=459
time=3600000
status=TIMEOUT
real_obj=76.463
real_time=3600000
