global=1
denseranking=1
symmetry=1
single_window=1
peak-ub=2351
buffers=8
windows=81
branches=640
failures=0
obj=1177
time=54
buffers=8
windows=81
branches=1419
failures=100
obj=1107
time=171
buffers=8
windows=81
branches=1242
failures=102
obj=1100
time=271
buffers=8
windows=81
branches=637
failures=1
obj=1079
time=327
buffers=8
windows=81
branches=1972
failures=290
obj=1052
time=481
buffers=8
windows=81
branches=633
failures=0
obj=1042
time=535
buffers=8
windows=81
branches=632
failures=0
obj=990
time=591
buffers=8
windows=81
branches=1379
failures=100
obj=942
time=700
buffers=8
windows=81
branches=2244
failures=244
obj=937
time=881
buffers=8
windows=81
branches=5419
failures=911
obj=919
time=1286
buffers=8
windows=81
branches=2109
failures=262
obj=908
time=1455
buffers=8
windows=81
branches=4574
failures=666
obj=901
time=1808
buffers=8
windows=81
branches=6551
failures=1315
obj=900
time=2296
buffers=8
windows=81
branches=753
failures=76
obj=887
time=2362
buffers=8
windows=81
branches=3035
failures=494
obj=882
time=2595
buffers=8
windows=81
branches=712
failures=52
obj=873
time=2660
buffers=8
windows=81
branches=4972
failures=858
obj=867
time=3042
buffers=8
windows=81
branches=6330
failures=1203
obj=858
time=3528
buffers=8
windows=81
branches=10523
failures=2274
obj=850
time=4273
buffers=8
windows=81
branches=1337
failures=100
obj=849
time=4388
buffers=8
windows=81
branches=18916
failures=4346
obj=845
time=5680
buffers=8
windows=81
branches=17372
failures=3833
obj=844
time=6925
buffers=8
windows=81
branches=1293
failures=169
obj=841
time=7030
buffers=8
windows=81
branches=13507
failures=3151
obj=839
time=8023
buffers=8
windows=81
branches=17437
failures=3897
obj=836
time=9252
buffers=8
windows=81
branches=109682
failures=30945
obj=833
time=16299
buffers=8
windows=81
branches=1831
failures=254
obj=830
time=16450
buffers=8
windows=81
branches=76229
failures=21818
obj=828
time=21314
buffers=8
windows=81
branches=98447
failures=28326
obj=826
time=27690
buffers=8
windows=81
branches=33663
failures=9008
obj=820
time=29941
buffers=8
windows=81
branches=23410
failures=5739
obj=817
time=31615
buffers=8
windows=81
branches=63570
failures=19169
obj=815
time=35539
buffers=8
windows=81
branches=230251
failures=70952
obj=813
time=49523
buffers=8
windows=81
branches=238095
failures=73510
obj=805
time=63673
buffers=8
windows=81
branches=280313
failures=90686
obj=802
time=81028
buffers=8
windows=81
branches=149272
failures=47602
obj=800
time=89912
buffers=8
windows=81
branches=115264
failures=34164
obj=799
time=97337
buffers=8
windows=81
branches=196093
failures=61309
obj=798
time=109420
buffers=8
windows=81
branches=357209
failures=118926
obj=797
time=130508
buffers=8
windows=81
branches=222357
failures=69994
obj=796
time=144006
buffers=8
windows=81
branches=374368
failures=124267
obj=794
time=165951
buffers=8
windows=81
branches=947642
failures=331020
obj=791
time=218009
buffers=8
windows=81
branches=1201276
failures=415212
obj=787
time=282946
buffers=8
windows=81
branches=886145
failures=305996
obj=786
time=332103
buffers=8
windows=81
branches=12087221
failures=4558284
obj=784
time=948890
buffers=8
windows=81
branches=3109780
failures=1164112
obj=783
time=1105080
buffers=8
windows=81
branches=643270
failures=229553
obj=779
time=1139560
buffers=8
windows=81
branches=4327537
failures=1618815
obj=778
time=1382862
buffers=8
windows=81
branches=12443517
failures=4769727
obj=777
time=2008500
buffers=8
windows=81
branches=627816
failures=224730
obj=776
time=2043247
buffers=8
windows=81
branches=5889307
failures=2225936
obj=774
time=2334863
buffers=8
windows=81
branches=4332302
failures=1624437
obj=771
time=2555203
buffers=8
windows=81
branches=21704691
failures=8454501
original_status=TIMEOUT
original_lb=225
obj=771
time=3600003
status=TIMEOUT
real_obj=77.072
real_time=3600003
