global=1
denseranking=1
symmetry=1
single_window=1
peak-ub=3450
buffers=8
windows=81
branches=640
failures=0
obj=1863
time=55
buffers=8
windows=81
branches=640
failures=0
obj=1781
time=107
buffers=8
windows=81
branches=640
failures=0
obj=1685
time=160
buffers=8
windows=81
branches=639
failures=0
obj=1660
time=212
buffers=8
windows=81
branches=640
failures=0
obj=1464
time=266
buffers=8
windows=81
branches=641
failures=3
obj=1453
time=319
buffers=8
windows=81
branches=638
failures=0
obj=1449
time=370
buffers=8
windows=81
branches=640
failures=0
obj=1366
time=421
buffers=8
windows=81
branches=1143
failures=196
obj=1288
time=500
buffers=8
windows=81
branches=1747
failures=403
obj=1279
time=622
buffers=8
windows=81
branches=771
failures=70
obj=1275
time=684
buffers=8
windows=81
branches=684
failures=25
obj=1274
time=740
buffers=8
windows=81
branches=1834
failures=403
obj=1270
time=881
buffers=8
windows=81
branches=1862
failures=401
obj=1265
time=1008
buffers=8
windows=81
branches=976
failures=103
obj=1263
time=1080
buffers=8
windows=81
branches=1069
failures=153
obj=1261
time=1157
buffers=8
windows=81
branches=1649
failures=361
obj=1191
time=1270
buffers=8
windows=81
branches=636
failures=4
obj=1167
time=1325
buffers=8
windows=81
branches=5654
failures=1745
obj=1164
time=1701
buffers=8
windows=81
branches=647
failures=11
obj=1162
time=1755
buffers=8
windows=81
branches=932
failures=100
obj=1155
time=1829
buffers=8
windows=81
branches=2217
failures=581
obj=1153
time=1989
buffers=8
windows=81
branches=2116
failures=531
obj=1148
time=2137
buffers=8
windows=81
branches=3313
failures=1021
obj=1139
time=2345
buffers=8
windows=81
branches=2519
failures=603
obj=1128
time=2525
buffers=8
windows=81
branches=1241
failures=200
obj=1127
time=2619
buffers=8
windows=81
branches=2677
failures=766
obj=1110
time=2805
buffers=8
windows=81
branches=5759
failures=1894
obj=1109
time=3178
buffers=8
windows=81
branches=3772
failures=1203
obj=1102
time=3410
buffers=8
windows=81
branches=7361
failures=2483
obj=1098
time=3876
buffers=8
windows=81
branches=12223
failures=4497
obj=1086
time=4569
buffers=8
windows=81
branches=13463
failures=4976
obj=1083
time=5301
buffers=8
windows=81
branches=1318
failures=249
obj=1074
time=5396
buffers=8
windows=81
branches=2868
failures=803
obj=1073
time=5576
buffers=8
windows=81
branches=1499
failures=336
obj=1067
time=5691
buffers=8
windows=81
branches=3165
failures=977
obj=1059
time=5912
buffers=8
windows=81
branches=16612
failures=6441
obj=1049
time=6852
buffers=8
windows=81
branches=37057
failures=14960
obj=1025
time=8756
buffers=8
windows=81
branches=62167
failures=26166
obj=1024
time=11863
buffers=8
windows=81
branches=69929
failures=29422
obj=1022
time=15265
buffers=8
windows=81
branches=10297
failures=3861
obj=1014
time=15836
buffers=8
windows=81
branches=161762
failures=69843
obj=1007
time=23347
buffers=8
windows=81
branches=416767
failures=183496
obj=1006
time=42023
buffers=8
windows=81
branches=84187
failures=35710
obj=1003
time=46045
buffers=8
windows=81
branches=1062666
failures=481765
obj=996
time=87235
buffers=8
windows=81
branches=2826822
failures=1293684
obj=995
time=192136
buffers=8
windows=81
branches=5642994
failures=2606902
obj=994
time=392657
buffers=8
windows=81
branches=451673
failures=201214
obj=987
time=412023
buffers=8
windows=81
branches=2632037
failures=1206801
obj=986
time=506983
buffers=8
windows=81
branches=25567554
failures=11957548
obj=984
time=1333295
buffers=8
windows=81
branches=4951012
failures=2281765
obj=982
time=1509302
buffers=8
windows=81
branches=10289976
failures=4758485
obj=981
time=1865960
buffers=8
windows=81
branches=47363636
failures=22129891
obj=980
time=3447670
buffers=8
windows=81
branches=4093051
failures=1875639
original_status=TIMEOUT
original_lb=250
obj=980
time=3600003
status=TIMEOUT
real_obj=97.934
real_time=3600003
