global=1
denseranking=1
symmetry=1
single_window=1
peak-ub=3840
buffers=24
windows=61
branches=1440
failures=0
obj=1365
time=4267
buffers=24
windows=61
branches=1440
failures=0
obj=1168
time=7935
buffers=24
windows=61
branches=1440
failures=0
obj=1136
time=11882
buffers=24
windows=61
branches=1440
failures=0
obj=972
time=17159
buffers=24
windows=61
branches=2922
failures=101
obj=951
time=24788
buffers=24
windows=61
branches=18541
failures=2000
obj=947
time=75415
buffers=24
windows=61
branches=1416
failures=0
obj=937
time=79667
buffers=24
windows=61
branches=2758
failures=215
obj=920
time=88076
buffers=24
windows=61
branches=11706
failures=1311
obj=919
time=126227
buffers=24
windows=61
branches=92340
failures=15916
obj=914
time=394040
buffers=24
windows=61
branches=1405
failures=0
obj=907
time=398889
buffers=24
windows=61
branches=40031
failures=5201
obj=891
time=529032
buffers=24
windows=61
branches=89094
failures=14549
obj=889
time=795011
buffers=24
windows=61
branches=579773
failures=126100
obj=883
time=2455474
buffers=24
windows=61
branches=276436
failures=59200
obj=878
time=3344889
buffers=24
windows=61
branches=79737
failures=13601
original_status=TIMEOUT
original_lb=284
obj=878
time=3600006
status=TIMEOUT
real_obj=87.756
real_time=3600006
