global=1
denseranking=1
symmetry=1
single_window=1
peak-ub=1373
buffers=24
windows=41
branches=960
failures=0
obj=740
time=3649
buffers=24
windows=41
branches=960
failures=4
obj=731
time=6585
buffers=24
windows=41
branches=958
failures=2
obj=728
time=9526
buffers=24
windows=41
branches=953
failures=0
obj=724
time=12466
buffers=24
windows=41
branches=959
failures=0
obj=665
time=15702
buffers=24
windows=41
branches=2090
failures=100
obj=651
time=22363
buffers=24
windows=41
branches=958
failures=0
obj=567
time=25696
buffers=24
windows=41
branches=5654
failures=500
obj=560
time=46182
buffers=24
windows=41
branches=943
failures=0
obj=538
time=49899
buffers=24
windows=41
branches=935
failures=3
obj=536
time=53014
buffers=24
windows=41
branches=950
failures=0
obj=534
time=55894
buffers=24
windows=41
branches=956
failures=11
obj=532
time=59008
buffers=24
windows=41
branches=5388
failures=500
obj=527
time=75423
buffers=24
windows=41
branches=12896
failures=1600
obj=526
time=112457
buffers=24
windows=41
branches=3184
failures=200
obj=523
time=122451
buffers=24
windows=41
branches=4235
failures=405
obj=509
time=135671
buffers=24
windows=41
branches=6146
failures=604
obj=508
time=157681
buffers=24
windows=41
branches=9435
failures=1290
obj=501
time=189956
buffers=24
windows=41
branches=28816
failures=4604
obj=500
time=286235
buffers=24
windows=41
branches=2977
failures=344
obj=499
time=295708
buffers=24
windows=41
branches=103986
failures=21600
obj=496
time=577882
buffers=24
windows=41
branches=42941
failures=8208
obj=494
time=706966
buffers=24
windows=41
branches=60981
failures=11729
obj=490
time=915414
buffers=24
windows=41
branches=61505
failures=11402
obj=482
time=1137164
buffers=24
windows=41
branches=13349
failures=1708
obj=476
time=1197957
buffers=24
windows=41
branches=10039
failures=1400
obj=471
time=1227047
buffers=24
windows=41
branches=501060
failures=128000
obj=468
time=2535690
buffers=24
windows=41
branches=359449
failures=90011
original_status=TIMEOUT
original_lb=237
obj=468
time=3600005
status=TIMEOUT
real_obj=46.781
real_time=3600005
