global=1
denseranking=1
symmetry=1
single_window=1
peak-ub=1204
buffers=8
windows=21
branches=160
failures=0
obj=716
time=46
buffers=8
windows=21
branches=160
failures=0
obj=657
time=91
buffers=8
windows=21
branches=159
failures=0
obj=638
time=133
buffers=8
windows=21
branches=186
failures=15
obj=579
time=182
buffers=8
windows=21
branches=916
failures=255
obj=571
time=398
buffers=8
windows=21
branches=482
failures=100
obj=548
time=528
buffers=8
windows=21
branches=838
failures=225
obj=544
time=724
buffers=8
windows=21
branches=469
failures=101
obj=543
time=836
buffers=8
windows=21
branches=490
failures=127
obj=526
time=957
buffers=8
windows=21
branches=758
failures=208
obj=507
time=1127
buffers=8
windows=21
branches=243
failures=56
obj=506
time=1192
buffers=8
windows=21
branches=891
failures=268
obj=494
time=1385
buffers=8
windows=21
branches=1384
failures=462
obj=491
time=1634
buffers=8
windows=21
branches=1338
failures=449
obj=484
time=1899
buffers=8
windows=21
branches=712
failures=200
obj=482
time=2055
buffers=8
windows=21
branches=2089
failures=727
obj=477
time=2455
buffers=8
windows=21
branches=962
failures=332
obj=462
time=2638
buffers=8
windows=21
branches=2345
failures=858
obj=460
time=3061
buffers=8
windows=21
branches=2648
failures=992
obj=458
time=3544
buffers=8
windows=21
branches=25929
failures=10986
obj=457
time=7188
buffers=8
windows=21
branches=89801
failures=39198
obj=455
time=19532
buffers=8
windows=21
branches=97888
failures=43513
obj=445
time=31758
buffers=8
windows=21
branches=44484
failures=19540
obj=443
time=37745
buffers=8
windows=21
branches=424759
failures=191785
obj=439
time=90051
buffers=8
windows=21
branches=1918157
failures=881459
obj=435
time=339361
buffers=8
windows=21
branches=414927
failures=187614
obj=433
time=392907
buffers=8
windows=21
branches=1775966
failures=819746
obj=432
time=613594
buffers=8
windows=21
branches=3923792
failures=1824834
obj=429
time=1075212
buffers=8
windows=21
branches=21616443
failures=10191421
original_status=TIMEOUT
original_lb=258
obj=429
time=3600000
status=TIMEOUT
real_obj=42.852
real_time=3600000
