global=1
denseranking=1
symmetry=1
single_window=1
peak-ub=681
buffers=16
windows=41
branches=966
failures=100
obj=516
time=1173
buffers=16
windows=41
branches=630
failures=0
obj=510
time=1975
buffers=16
windows=41
branches=632
failures=0
obj=499
time=3036
buffers=16
windows=41
branches=634
failures=0
obj=495
time=3935
buffers=16
windows=41
branches=1010
failures=100
obj=456
time=5212
buffers=16
windows=41
branches=1668
failures=350
obj=450
time=7239
buffers=16
windows=41
branches=8921
failures=3200
obj=444
time=16826
buffers=16
windows=41
branches=6151
failures=1996
obj=443
time=23479
buffers=16
windows=41
branches=12202
failures=4367
obj=439
time=34314
buffers=16
windows=41
branches=7170
failures=2256
obj=438
time=41689
buffers=16
windows=41
branches=7986
failures=2625
obj=435
time=49709
buffers=16
windows=41
branches=23627
failures=9245
obj=434
time=72156
buffers=16
windows=41
branches=1633
failures=400
obj=433
time=74119
buffers=16
windows=41
branches=22378
failures=8805
obj=426
time=95474
buffers=16
windows=41
branches=9601
failures=3635
obj=425
time=105126
buffers=16
windows=41
branches=6325
failures=2268
obj=424
time=110882
buffers=16
windows=41
branches=6032
failures=2171
obj=423
time=116836
buffers=16
windows=41
branches=5966
failures=2058
obj=421
time=123392
buffers=16
windows=41
branches=21384
failures=8697
obj=419
time=143118
buffers=16
windows=41
branches=17606
failures=6958
obj=411
time=159087
buffers=16
windows=41
branches=17613
failures=7213
obj=410
time=174774
buffers=16
windows=41
branches=75112
failures=32261
obj=409
time=229756
buffers=16
windows=41
branches=90937
failures=39466
obj=408
time=304925
buffers=16
windows=41
branches=26642
failures=11134
obj=405
time=329610
buffers=16
windows=41
branches=135523
failures=59426
obj=403
time=429683
buffers=16
windows=41
branches=81027
failures=35125
obj=402
time=498150
buffers=16
windows=41
branches=35800
failures=15108
obj=401
time=528082
buffers=16
windows=41
branches=106607
failures=46969
obj=399
time=618000
buffers=16
windows=41
branches=596902
failures=272989
obj=396
time=1101368
buffers=16
windows=41
branches=116760
failures=51933
obj=395
time=1208881
buffers=16
windows=41
branches=933765
failures=427321
obj=394
time=1892071
buffers=16
windows=41
branches=18690
failures=7845
obj=391
time=1911665
buffers=16
windows=41
branches=756259
failures=346999
obj=390
time=2476758
buffers=16
windows=41
branches=82616
failures=36400
obj=389
time=2553269
buffers=16
windows=41
branches=937739
failures=429949
obj=388
time=3281524
buffers=16
windows=41
branches=376339
failures=170522
original_status=TIMEOUT
original_lb=218
obj=388
time=3600002
status=TIMEOUT
real_obj=38.728
real_time=3600002
