global=1
denseranking=1
symmetry=1
single_window=1
peak-ub=1211
buffers=8
windows=61
branches=480
failures=0
obj=842
time=67
buffers=8
windows=61
branches=655
failures=90
obj=813
time=134
buffers=8
windows=61
branches=513
failures=20
obj=789
time=200
buffers=8
windows=61
branches=473
failures=2
obj=765
time=277
buffers=8
windows=61
branches=521
failures=24
obj=753
time=355
buffers=8
windows=61
branches=1381
failures=303
obj=752
time=538
buffers=8
windows=61
branches=1288
failures=242
obj=751
time=710
buffers=8
windows=61
branches=1304
failures=254
obj=750
time=865
buffers=8
windows=61
branches=503
failures=16
obj=738
time=935
buffers=8
windows=61
branches=892
failures=132
obj=728
time=1043
buffers=8
windows=61
branches=633
failures=85
obj=708
time=1124
buffers=8
windows=61
branches=466
failures=0
obj=704
time=1189
buffers=8
windows=61
branches=2619
failures=699
obj=687
time=1461
buffers=8
windows=61
branches=1351
failures=288
obj=676
time=1612
buffers=8
windows=61
branches=1787
failures=436
obj=669
time=1798
buffers=8
windows=61
branches=1395
failures=317
obj=665
time=1963
buffers=8
windows=61
branches=1214
failures=230
obj=663
time=2109
buffers=8
windows=61
branches=881
failures=139
obj=650
time=2220
buffers=8
windows=61
branches=1304
failures=319
obj=649
time=2367
buffers=8
windows=61
branches=3170
failures=920
obj=645
time=2696
buffers=8
windows=61
branches=1186
failures=234
obj=643
time=2829
buffers=8
windows=61
branches=1720
failures=421
obj=633
time=3006
buffers=8
windows=61
branches=2552
failures=733
obj=626
time=3273
buffers=8
windows=61
branches=7532
failures=2603
obj=624
time=3970
buffers=8
windows=61
branches=45349
failures=18068
obj=619
time=7534
buffers=8
windows=61
branches=58768
failures=23503
obj=616
time=12097
buffers=8
windows=61
branches=37291
failures=14358
obj=612
time=15205
buffers=8
windows=61
branches=83020
failures=32959
obj=609
time=21606
buffers=8
windows=61
branches=80385
failures=31871
obj=606
time=27818
buffers=8
windows=61
branches=5383
failures=1744
obj=602
time=28355
buffers=8
windows=61
branches=195064
failures=80516
obj=600
time=42997
buffers=8
windows=61
branches=422049
failures=177983
obj=598
time=73702
buffers=8
windows=61
branches=55883
failures=22472
obj=597
time=78028
buffers=8
windows=61
branches=1411656
failures=619974
obj=595
time=173934
buffers=8
windows=61
branches=90033
failures=36701
obj=592
time=180548
buffers=8
windows=61
branches=347125
failures=148242
obj=590
time=206170
buffers=8
windows=61
branches=148532
failures=61835
obj=588
time=217547
buffers=8
windows=61
branches=7849602
failures=3528451
obj=584
time=718419
buffers=8
windows=61
branches=1359246
failures=597489
obj=583
time=809866
buffers=8
windows=61
branches=33237402
failures=15160734
obj=578
time=3037601
buffers=8
windows=61
branches=8714599
failures=3920852
original_status=TIMEOUT
original_lb=250
obj=578
time=3600001
status=TIMEOUT
real_obj=57.779
real_time=3600001
