global=1
denseranking=1
symmetry=1
single_window=1
peak-ub=2361
buffers=16
windows=81
branches=1280
failures=0
obj=1798
time=816
buffers=16
windows=81
branches=1280
failures=0
obj=1579
time=1602
buffers=16
windows=81
branches=1957
failures=100
obj=1379
time=2696
buffers=16
windows=81
branches=1279
failures=0
obj=1325
time=3572
buffers=16
windows=81
branches=1273
failures=0
obj=1319
time=4279
buffers=16
windows=81
branches=6468
failures=800
obj=1316
time=7716
buffers=16
windows=81
branches=5054
failures=709
obj=1306
time=10737
buffers=16
windows=81
branches=4381
failures=500
obj=1305
time=13204
buffers=16
windows=81
branches=1946
failures=100
obj=1272
time=14354
buffers=16
windows=81
branches=1988
failures=100
obj=1269
time=15542
buffers=16
windows=81
branches=3982
failures=499
obj=1259
time=17812
buffers=16
windows=81
branches=24169
failures=4902
obj=1258
time=30753
buffers=16
windows=81
branches=2913
failures=313
obj=1256
time=32413
buffers=16
windows=81
branches=12318
failures=2001
obj=1248
time=39072
buffers=16
windows=81
branches=4177
failures=502
obj=1219
time=41521
buffers=16
windows=81
branches=21658
failures=4408
obj=1205
time=53815
buffers=16
windows=81
branches=30918
failures=7612
obj=1194
time=71044
buffers=16
windows=81
branches=60798
failures=14534
obj=1193
time=104338
buffers=16
windows=81
branches=53874
failures=12601
obj=1181
time=134656
buffers=16
windows=81
branches=59069
failures=13600
obj=1170
time=165494
buffers=16
windows=81
branches=155181
failures=45401
obj=1168
time=246285
buffers=16
windows=81
branches=222201
failures=64101
obj=1163
time=364686
buffers=16
windows=81
branches=40639
failures=9981
obj=1154
time=386800
buffers=16
windows=81
branches=49828
failures=12000
obj=1143
time=414911
buffers=16
windows=81
branches=14472
failures=3203
obj=1124
time=422635
buffers=16
windows=81
branches=84960
failures=22902
obj=1123
time=470520
buffers=16
windows=81
branches=78271
failures=21201
obj=1121
time=512410
buffers=16
windows=81
branches=157172
failures=46445
obj=1120
time=594724
buffers=16
windows=81
branches=415916
failures=127565
obj=1118
time=810115
buffers=16
windows=81
branches=93494
failures=24807
obj=1116
time=859284
buffers=16
windows=81
branches=656435
failures=209543
obj=1113
time=1206281
buffers=16
windows=81
branches=471558
failures=147546
obj=1112
time=1455816
buffers=16
windows=81
branches=595952
failures=183114
obj=1111
time=1783818
buffers=16
windows=81
branches=596036
failures=182658
obj=1104
time=2107789
buffers=16
windows=81
branches=242939
failures=71223
obj=1091
time=2241933
buffers=16
windows=81
branches=2675512
failures=902001
original_status=TIMEOUT
original_lb=228
obj=1091
time=3600004
status=TIMEOUT
real_obj=109.008
real_time=3600004
