global=1
denseranking=1
symmetry=1
single_window=1
peak-ub=1732
buffers=8
windows=41
branches=320
failures=0
obj=900
time=23
buffers=8
windows=41
branches=320
failures=0
obj=853
time=47
buffers=8
windows=41
branches=1239
failures=337
obj=800
time=124
buffers=8
windows=41
branches=471
failures=77
obj=778
time=153
buffers=8
windows=41
branches=753
failures=158
obj=766
time=202
buffers=8
windows=41
branches=417
failures=52
obj=752
time=236
buffers=8
windows=41
branches=435
failures=64
obj=740
time=268
buffers=8
windows=41
branches=357
failures=24
obj=729
time=295
buffers=8
windows=41
branches=705
failures=143
obj=720
time=345
buffers=8
windows=41
branches=1152
failures=306
obj=714
time=421
buffers=8
windows=41
branches=705
failures=141
obj=713
time=472
buffers=8
windows=41
branches=832
failures=196
obj=700
time=527
buffers=8
windows=41
branches=837
failures=137
obj=698
time=591
buffers=8
windows=41
branches=726
failures=152
obj=688
time=641
buffers=8
windows=41
branches=301
failures=0
obj=681
time=671
buffers=8
windows=41
branches=635
failures=101
obj=665
time=720
buffers=8
windows=41
branches=1522
failures=438
obj=646
time=816
buffers=8
windows=41
branches=356
failures=35
obj=645
time=846
buffers=8
windows=41
branches=1178
failures=325
obj=644
time=927
buffers=8
windows=41
branches=3078
failures=1059
obj=634
time=1108
buffers=8
windows=41
branches=3908
failures=1345
obj=625
time=1327
buffers=8
windows=41
branches=11272
failures=4280
obj=623
time=1935
buffers=8
windows=41
branches=40074
failures=16180
obj=599
time=3779
buffers=8
windows=41
branches=65989
failures=27542
obj=596
time=6828
buffers=8
windows=41
branches=29031
failures=11694
obj=595
time=8163
buffers=8
windows=41
branches=1702593
failures=764217
obj=593
time=72211
buffers=8
windows=41
branches=291580
failures=126982
obj=591
time=85080
buffers=8
windows=41
branches=362097
failures=158322
obj=581
time=99252
buffers=8
windows=41
branches=7407093
failures=3384361
obj=575
time=359906
buffers=8
windows=41
branches=9146767
failures=4192000
obj=574
time=681763
buffers=8
windows=41
branches=26239263
failures=12201702
obj=569
time=1557178
buffers=8
windows=41
branches=19104541
failures=8825345
obj=568
time=2214986
buffers=8
windows=41
branches=37230941
failures=17307663
original_status=TIMEOUT
original_lb=228
obj=568
time=3600000
status=TIMEOUT
real_obj=56.719
real_time=3600000
