global=1
denseranking=1
symmetry=1
single_window=1
peak-ub=892
buffers=8
windows=21
branches=160
failures=0
obj=685
time=20
buffers=8
windows=21
branches=156
failures=0
obj=613
time=40
buffers=8
windows=21
branches=178
failures=13
obj=607
time=62
buffers=8
windows=21
branches=149
failures=0
obj=572
time=87
buffers=8
windows=21
branches=997
failures=291
obj=555
time=186
buffers=8
windows=21
branches=211
failures=35
obj=552
time=217
buffers=8
windows=21
branches=3962
failures=1369
obj=539
time=582
buffers=8
windows=21
branches=5418
failures=1852
obj=533
time=1084
buffers=8
windows=21
branches=3614
failures=1284
obj=531
time=1417
buffers=8
windows=21
branches=4069
failures=1402
obj=529
time=1815
buffers=8
windows=21
branches=2738
failures=929
obj=527
time=2072
buffers=8
windows=21
branches=8895
failures=3347
obj=526
time=2805
buffers=8
windows=21
branches=4198
failures=1445
obj=523
time=3181
buffers=8
windows=21
branches=22552
failures=8826
obj=519
time=4937
buffers=8
windows=21
branches=6356
failures=2277
obj=518
time=5475
buffers=8
windows=21
branches=108120
failures=45435
obj=517
time=13011
buffers=8
windows=21
branches=118757
failures=49462
obj=513
time=21830
buffers=8
windows=21
branches=131065
failures=54721
obj=508
time=30957
buffers=8
windows=21
branches=136860
failures=57122
obj=506
time=40238
buffers=8
windows=21
branches=833012
failures=361758
obj=492
time=91568
buffers=8
windows=21
branches=11710606
failures=5350787
obj=488
time=724829
buffers=8
windows=21
branches=19675428
failures=8959579
obj=487
time=1818423
buffers=8
windows=21
branches=32116227
failures=14718601
original_status=TIMEOUT
original_lb=273
obj=487
time=3600000
status=TIMEOUT
real_obj=48.695
real_time=3600000
