global=1
denseranking=1
symmetry=1
single_window=1
peak-ub=1221
buffers=24
windows=81
branches=1920
failures=0
obj=899
time=2701
buffers=24
windows=81
branches=1920
failures=0
obj=746
time=5530
buffers=24
windows=81
branches=1919
failures=0
obj=729
time=8575
buffers=24
windows=81
branches=6131
failures=400
obj=684
time=19065
buffers=24
windows=81
branches=6056
failures=400
obj=679
time=28229
buffers=24
windows=81
branches=1907
failures=0
obj=647
time=31700
buffers=24
windows=81
branches=6684
failures=500
obj=645
time=45119
buffers=24
windows=81
branches=4481
failures=208
obj=644
time=53681
buffers=24
windows=81
branches=21673
failures=2408
obj=642
time=95189
buffers=24
windows=81
branches=21002
failures=2462
obj=641
time=136586
buffers=24
windows=81
branches=1908
failures=0
obj=613
time=140069
buffers=24
windows=81
branches=107537
failures=19725
obj=609
time=346617
buffers=24
windows=81
branches=9144
failures=1016
obj=594
time=365525
buffers=24
windows=81
branches=11853
failures=1355
obj=593
time=391535
buffers=24
windows=81
branches=7976
failures=605
obj=586
time=408836
buffers=24
windows=81
branches=7493
failures=780
obj=581
time=424989
buffers=24
windows=81
branches=5987
failures=427
obj=578
time=437774
buffers=24
windows=81
branches=41544
failures=5845
obj=576
time=521637
buffers=24
windows=81
branches=238224
failures=50001
obj=575
time=1006144
buffers=24
windows=81
branches=11081
failures=1300
obj=564
time=1028929
buffers=24
windows=81
branches=85872
failures=19201
obj=560
time=1196919
buffers=24
windows=81
branches=228803
failures=52900
obj=551
time=1620647
buffers=24
windows=81
branches=1148133
failures=310401
original_status=TIMEOUT
original_lb=270
obj=551
time=3600016
status=TIMEOUT
real_obj=55.059
real_time=3600016
