global=1
denseranking=1
symmetry=1
single_window=1
peak-ub=1730
buffers=24
windows=81
branches=1920
failures=0
obj=1022
time=3473
buffers=24
windows=81
branches=1918
failures=0
obj=940
time=6716
buffers=24
windows=81
branches=4238
failures=201
obj=873
time=13652
buffers=24
windows=81
branches=1907
failures=0
obj=834
time=16783
buffers=24
windows=81
branches=7329
failures=500
obj=806
time=30019
buffers=24
windows=81
branches=9276
failures=600
obj=796
time=48679
buffers=24
windows=81
branches=4582
failures=255
obj=786
time=58768
buffers=24
windows=81
branches=3275
failures=112
obj=785
time=66170
buffers=24
windows=81
branches=7503
failures=500
obj=769
time=82113
buffers=24
windows=81
branches=17241
failures=2000
obj=756
time=123798
buffers=24
windows=81
branches=25783
failures=3300
obj=753
time=175163
buffers=24
windows=81
branches=25297
failures=3400
obj=742
time=226958
buffers=24
windows=81
branches=14860
failures=1600
obj=740
time=261946
buffers=24
windows=81
branches=4385
failures=200
obj=739
time=271203
buffers=24
windows=81
branches=107492
failures=19801
obj=730
time=510768
buffers=24
windows=81
branches=31519
failures=4421
obj=729
time=582842
buffers=24
windows=81
branches=111934
failures=20516
obj=728
time=841796
buffers=24
windows=81
branches=54324
failures=8821
obj=724
time=963183
buffers=24
windows=81
branches=32317
failures=4501
obj=707
time=1039824
buffers=24
windows=81
branches=407275
failures=88822
obj=705
time=2008542
buffers=24
windows=81
branches=214264
failures=44910
obj=703
time=2477358
buffers=24
windows=81
branches=511470
failures=114801
original_status=TIMEOUT
original_lb=237
obj=703
time=3600005
status=TIMEOUT
real_obj=70.223
real_time=3600005
