global=1
denseranking=1
symmetry=1
single_window=1
peak-ub=1736
buffers=24
windows=61
branches=1440
failures=0
obj=1107
time=3695
buffers=24
windows=61
branches=1440
failures=0
obj=975
time=6820
buffers=24
windows=61
branches=1440
failures=0
obj=950
time=10035
buffers=24
windows=61
branches=1437
failures=0
obj=828
time=13476
buffers=24
windows=61
branches=1435
failures=0
obj=791
time=16988
buffers=24
windows=61
branches=5278
failures=500
obj=790
time=30530
buffers=24
windows=61
branches=5989
failures=603
obj=786
time=46926
buffers=24
windows=61
branches=6822
failures=600
obj=785
time=63828
buffers=24
windows=61
branches=1433
failures=5
obj=768
time=68548
buffers=24
windows=61
branches=2740
failures=200
obj=760
time=75434
buffers=24
windows=61
branches=9346
failures=1400
obj=758
time=98563
buffers=24
windows=61
branches=1411
failures=0
obj=733
time=102251
buffers=24
windows=61
branches=6044
failures=876
obj=720
time=119417
buffers=24
windows=61
branches=36472
failures=8804
obj=718
time=200924
buffers=24
windows=61
branches=106564
failures=27801
obj=698
time=451918
buffers=24
windows=61
branches=472471
failures=144450
obj=697
time=1445685
buffers=24
windows=61
branches=74377
failures=20600
obj=696
time=1634209
buffers=24
windows=61
branches=369428
failures=114202
obj=694
time=2469599
buffers=24
windows=61
branches=6505
failures=801
obj=691
time=2490185
buffers=24
windows=61
branches=229353
failures=65801
obj=684
time=3056139
buffers=24
windows=61
branches=42470
failures=10443
obj=682
time=3166090
buffers=24
windows=61
branches=34032
failures=8600
obj=681
time=3253270
buffers=24
windows=61
branches=138986
failures=41116
original_status=TIMEOUT
original_lb=232
obj=681
time=3600003
status=TIMEOUT
real_obj=68.085
real_time=3600003
