global=1
denseranking=1
symmetry=1
single_window=1
peak-ub=1058
buffers=8
windows=41
branches=320
failures=0
obj=831
time=52
buffers=8
windows=41
branches=390
failures=38
obj=819
time=115
buffers=8
windows=41
branches=312
failures=0
obj=808
time=169
buffers=8
windows=41
branches=308
failures=0
obj=807
time=223
buffers=8
windows=41
branches=1152
failures=247
obj=795
time=383
buffers=8
windows=41
branches=1260
failures=281
obj=793
time=568
buffers=8
windows=41
branches=304
failures=1
obj=788
time=625
buffers=8
windows=41
branches=418
failures=57
obj=763
time=693
buffers=8
windows=41
branches=763
failures=137
obj=755
time=806
buffers=8
windows=41
branches=369
failures=35
obj=753
time=869
buffers=8
windows=41
branches=698
failures=101
obj=716
time=981
buffers=8
windows=41
branches=1926
failures=521
obj=713
time=1272
buffers=8
windows=41
branches=2187
failures=594
obj=708
time=1564
buffers=8
windows=41
branches=1573
failures=400
obj=694
time=1786
buffers=8
windows=41
branches=7084
failures=2369
obj=687
time=2729
buffers=8
windows=41
branches=1161
failures=273
obj=683
time=2917
buffers=8
windows=41
branches=3179
failures=993
obj=676
time=3345
buffers=8
windows=41
branches=7840
failures=2660
obj=673
time=4402
buffers=8
windows=41
branches=2517
failures=793
obj=669
time=4747
buffers=8
windows=41
branches=1060
failures=251
obj=666
time=4919
buffers=8
windows=41
branches=9397
failures=3347
obj=658
time=6078
buffers=8
windows=41
branches=16223
failures=5870
obj=648
time=8091
buffers=8
windows=41
branches=32207
failures=12364
obj=645
time=11908
buffers=8
windows=41
branches=75423
failures=30085
obj=642
time=19878
buffers=8
windows=41
branches=32255
failures=12303
obj=636
time=24013
buffers=8
windows=41
branches=198534
failures=82078
obj=630
time=45538
buffers=8
windows=41
branches=57325
failures=23137
obj=629
time=51507
buffers=8
windows=41
branches=553858
failures=239949
obj=620
time=105673
buffers=8
windows=41
branches=871421
failures=377046
obj=618
time=194254
buffers=8
windows=41
branches=7369
failures=2697
obj=616
time=195132
buffers=8
windows=41
branches=749562
failures=325252
obj=615
time=266537
buffers=8
windows=41
branches=192611
failures=80116
obj=613
time=287200
buffers=8
windows=41
branches=3820053
failures=1701871
obj=612
time=618977
buffers=8
windows=41
branches=736954
failures=319954
obj=609
time=687589
buffers=8
windows=41
branches=1740922
failures=767851
obj=608
time=842871
buffers=8
windows=41
branches=3035886
failures=1355900
obj=606
time=1104334
buffers=8
windows=41
branches=31832121
failures=14552101
original_status=TIMEOUT
original_lb=235
obj=606
time=3600001
status=TIMEOUT
real_obj=60.520
real_time=3600001
