global=1
denseranking=1
symmetry=1
single_window=1
peak-ub=1530
buffers=16
windows=81
branches=1280
failures=0
obj=981
time=840
buffers=16
windows=81
branches=1280
failures=0
obj=924
time=1684
buffers=16
windows=81
branches=1280
failures=0
obj=784
time=2584
buffers=16
windows=81
branches=1274
failures=0
obj=781
time=3432
buffers=16
windows=81
branches=10958
failures=1300
obj=733
time=10276
buffers=16
windows=81
branches=13948
failures=1769
obj=729
time=19221
buffers=16
windows=81
branches=4465
failures=400
obj=709
time=22061
buffers=16
windows=81
branches=31432
failures=5205
obj=708
time=42078
buffers=16
windows=81
branches=13624
failures=2269
obj=707
time=50424
buffers=16
windows=81
branches=7841
failures=1203
obj=705
time=55110
buffers=16
windows=81
branches=22949
failures=3600
obj=683
time=69131
buffers=16
windows=81
branches=268910
failures=67600
obj=682
time=222859
buffers=16
windows=81
branches=22847
failures=4036
obj=681
time=237394
buffers=16
windows=81
branches=25111
failures=4467
obj=673
time=252583
buffers=16
windows=81
branches=31628
failures=6539
obj=672
time=271449
buffers=16
windows=81
branches=31828
failures=6370
obj=671
time=290870
buffers=16
windows=81
branches=93828
failures=22301
obj=664
time=346833
buffers=16
windows=81
branches=12964
failures=2328
obj=663
time=354824
buffers=16
windows=81
branches=332859
failures=90166
obj=653
time=539486
buffers=16
windows=81
branches=161318
failures=44324
obj=652
time=633787
buffers=16
windows=81
branches=304077
failures=82485
obj=649
time=817593
buffers=16
windows=81
branches=71543
failures=17440
obj=648
time=859384
buffers=16
windows=81
branches=69587
failures=17077
obj=641
time=901472
buffers=16
windows=81
branches=320455
failures=96936
obj=640
time=1078464
buffers=16
windows=81
branches=296924
failures=82359
obj=633
time=1253575
buffers=16
windows=81
branches=1373407
failures=425898
obj=631
time=2010792
buffers=16
windows=81
branches=283107
failures=77827
obj=629
time=2184408
buffers=16
windows=81
branches=472100
failures=143415
obj=626
time=2443662
buffers=16
windows=81
branches=1431476
failures=472280
obj=624
time=3279556
buffers=16
windows=81
branches=540773
failures=163515
original_status=TIMEOUT
original_lb=247
obj=624
time=3600003
status=TIMEOUT
real_obj=62.310
real_time=3600003
