global=1
denseranking=1
symmetry=1
single_window=1
peak-ub=1552
buffers=16
windows=61
branches=960
failures=0
obj=873
time=778
buffers=16
windows=61
branches=960
failures=0
obj=784
time=1560
buffers=16
windows=61
branches=1909
failures=100
obj=777
time=3178
buffers=16
windows=61
branches=956
failures=0
obj=764
time=3983
buffers=16
windows=61
branches=2982
failures=201
obj=696
time=6494
buffers=16
windows=61
branches=2887
failures=200
obj=681
time=9312
buffers=16
windows=61
branches=946
failures=1
obj=659
time=10193
buffers=16
windows=61
branches=942
failures=1
obj=642
time=11122
buffers=16
windows=61
branches=2011
failures=133
obj=641
time=12975
buffers=16
windows=61
branches=19390
failures=3300
obj=633
time=28680
buffers=16
windows=61
branches=13784
failures=1952
obj=630
time=40449
buffers=16
windows=61
branches=16435
failures=2400
obj=615
time=54208
buffers=16
windows=61
branches=35404
failures=6099
obj=613
time=83564
buffers=16
windows=61
branches=34375
failures=5866
obj=609
time=113166
buffers=16
windows=61
branches=7075
failures=800
obj=594
time=119190
buffers=16
windows=61
branches=112687
failures=23653
obj=589
time=208912
buffers=16
windows=61
branches=153057
failures=31977
obj=587
time=331549
buffers=16
windows=61
branches=63938
failures=12165
obj=567
time=382342
buffers=16
windows=61
branches=1003478
failures=265932
obj=558
time=1133571
buffers=16
windows=61
branches=161766
failures=34776
obj=557
time=1267102
buffers=16
windows=61
branches=180855
failures=43411
obj=556
time=1407358
buffers=16
windows=61
branches=73214
failures=14393
obj=554
time=1465601
buffers=16
windows=61
branches=472410
failures=119785
obj=553
time=1811084
buffers=16
windows=61
branches=2187555
failures=621727
obj=551
time=3224252
buffers=16
windows=61
branches=133839
failures=28604
obj=550
time=3328196
buffers=16
windows=61
branches=5123
failures=594
obj=547
time=3332925
buffers=16
windows=61
branches=365516
failures=91282
original_status=TIMEOUT
original_lb=189
obj=547
time=3600002
status=TIMEOUT
real_obj=54.680
real_time=3600002
