global=1
denseranking=1
symmetry=1
single_window=1
peak-ub=2051
buffers=8
windows=81
branches=640
failures=0
obj=1118
time=48
buffers=8
windows=81
branches=640
failures=0
obj=1108
time=97
buffers=8
windows=81
branches=640
failures=0
obj=1013
time=148
buffers=8
windows=81
branches=638
failures=0
obj=994
time=198
buffers=8
windows=81
branches=639
failures=0
obj=934
time=247
buffers=8
windows=81
branches=636
failures=1
obj=920
time=299
buffers=8
windows=81
branches=1250
failures=138
obj=914
time=393
buffers=8
windows=81
branches=791
failures=81
obj=905
time=454
buffers=8
windows=81
branches=1893
failures=238
obj=897
time=587
buffers=8
windows=81
branches=1656
failures=201
obj=887
time=706
buffers=8
windows=81
branches=3960
failures=719
obj=862
time=982
buffers=8
windows=81
branches=3166
failures=521
obj=856
time=1209
buffers=8
windows=81
branches=1802
failures=233
obj=851
time=1345
buffers=8
windows=81
branches=1695
failures=202
obj=838
time=1474
buffers=8
windows=81
branches=3650
failures=600
obj=831
time=1736
buffers=8
windows=81
branches=8644
failures=1891
obj=788
time=2321
buffers=8
windows=81
branches=10518
failures=2645
obj=775
time=2876
buffers=8
windows=81
branches=14541
failures=3796
obj=774
time=3628
buffers=8
windows=81
branches=2010
failures=394
obj=770
time=3743
buffers=8
windows=81
branches=47123
failures=13453
obj=761
time=6156
buffers=8
windows=81
branches=20788
failures=5503
obj=759
time=7250
buffers=8
windows=81
branches=47715
failures=13873
obj=758
time=9648
buffers=8
windows=81
branches=5960
failures=1364
obj=754
time=9954
buffers=8
windows=81
branches=54237
failures=16971
obj=753
time=12554
buffers=8
windows=81
branches=81415
failures=25280
obj=748
time=16523
buffers=8
windows=81
branches=242035
failures=79864
obj=746
time=27624
buffers=8
windows=81
branches=94343
failures=29523
obj=742
time=32083
buffers=8
windows=81
branches=80182
failures=24991
obj=741
time=35703
buffers=8
windows=81
branches=106259
failures=33169
obj=736
time=40662
buffers=8
windows=81
branches=230781
failures=76396
obj=727
time=50814
buffers=8
windows=81
branches=224170
failures=74425
obj=713
time=62015
buffers=8
windows=81
branches=14367410
failures=5742652
obj=712
time=572947
buffers=8
windows=81
branches=1537994
failures=577994
obj=710
time=634065
buffers=8
windows=81
branches=3969334
failures=1522943
obj=709
time=789788
buffers=8
windows=81
branches=6237660
failures=2472460
obj=705
time=1022617
buffers=8
windows=81
branches=11774306
failures=4620569
obj=697
time=1465759
buffers=8
windows=81
branches=20906833
failures=8375967
obj=693
time=2218042
buffers=8
windows=81
branches=16757530
failures=6722831
obj=692
time=2821712
buffers=8
windows=81
branches=5740437
failures=2247135
obj=690
time=3041997
buffers=8
windows=81
branches=15374866
failures=6168129
original_status=TIMEOUT
original_lb=244
obj=690
time=3600001
status=TIMEOUT
real_obj=68.939
real_time=3600001
