global=1
denseranking=1
symmetry=1
single_window=1
peak-ub=1059
buffers=16
windows=41
branches=640
failures=0
obj=746
time=1020
buffers=16
windows=41
branches=640
failures=0
obj=643
time=2052
buffers=16
windows=41
branches=636
failures=0
obj=582
time=3281
buffers=16
windows=41
branches=635
failures=0
obj=560
time=4323
buffers=16
windows=41
branches=630
failures=0
obj=525
time=5538
buffers=16
windows=41
branches=716
failures=48
obj=518
time=6824
buffers=16
windows=41
branches=1237
failures=100
obj=511
time=8897
buffers=16
windows=41
branches=2411
failures=400
obj=502
time=12942
buffers=16
windows=41
branches=10326
failures=2309
obj=481
time=28021
buffers=16
windows=41
branches=25725
failures=6928
obj=476
time=63831
buffers=16
windows=41
branches=19344
failures=4827
obj=475
time=93131
buffers=16
windows=41
branches=8123
failures=1701
obj=472
time=106729
buffers=16
windows=41
branches=53142
failures=15063
obj=467
time=179288
buffers=16
windows=41
branches=24987
failures=6858
obj=463
time=214376
buffers=16
windows=41
branches=157609
failures=51513
obj=462
time=399337
buffers=16
windows=41
branches=82485
failures=24632
obj=460
time=510874
buffers=16
windows=41
branches=123123
failures=39247
obj=458
time=664545
buffers=16
windows=41
branches=150551
failures=49200
obj=452
time=854295
buffers=16
windows=41
branches=169205
failures=55591
obj=448
time=1076931
buffers=16
windows=41
branches=163348
failures=54451
obj=443
time=1270405
buffers=16
windows=41
branches=1396528
failures=529375
obj=442
time=2662878
buffers=16
windows=41
branches=815810
failures=296001
original_status=TIMEOUT
original_lb=267
obj=442
time=3600004
status=TIMEOUT
real_obj=44.130
real_time=3600004
