global=1
denseranking=1
symmetry=1
single_window=1
peak-ub=2041
buffers=8
windows=41
branches=320
failures=0
obj=1238
time=54
buffers=8
windows=41
branches=320
failures=0
obj=1087
time=105
buffers=8
windows=41
branches=321
failures=1
obj=1044
time=160
buffers=8
windows=41
branches=321
failures=1
obj=949
time=214
buffers=8
windows=41
branches=1178
failures=200
obj=919
time=386
buffers=8
windows=41
branches=796
failures=101
obj=887
time=516
buffers=8
windows=41
branches=499
failures=96
obj=884
time=595
buffers=8
windows=41
branches=309
failures=2
obj=882
time=650
buffers=8
windows=41
branches=750
failures=101
obj=855
time=758
buffers=8
windows=41
branches=312
failures=1
obj=818
time=810
buffers=8
windows=41
branches=1154
failures=223
obj=815
time=980
buffers=8
windows=41
branches=1922
failures=431
obj=814
time=1229
buffers=8
windows=41
branches=1781
failures=420
obj=795
time=1455
buffers=8
windows=41
branches=294
failures=0
obj=792
time=1506
buffers=8
windows=41
branches=869
failures=174
obj=784
time=1613
buffers=8
windows=41
branches=1397
failures=304
obj=781
time=1786
buffers=8
windows=41
branches=397
failures=52
obj=777
time=1845
buffers=8
windows=41
branches=367
failures=36
obj=764
time=1900
buffers=8
windows=41
branches=4475
failures=1341
obj=760
time=2393
buffers=8
windows=41
branches=1230
failures=281
obj=759
time=2543
buffers=8
windows=41
branches=8064
failures=2400
obj=741
time=3485
buffers=8
windows=41
branches=3486
failures=985
obj=732
time=3910
buffers=8
windows=41
branches=7703
failures=2390
obj=731
time=4807
buffers=8
windows=41
branches=3577
failures=1110
obj=728
time=5232
buffers=8
windows=41
branches=3574
failures=1060
obj=723
time=5678
buffers=8
windows=41
branches=4143
failures=1259
obj=710
time=6162
buffers=8
windows=41
branches=3279
failures=926
obj=704
time=6579
buffers=8
windows=41
branches=3478
failures=1047
obj=698
time=6998
buffers=8
windows=41
branches=7812
failures=2499
obj=693
time=7943
buffers=8
windows=41
branches=7222
failures=2265
obj=691
time=8807
buffers=8
windows=41
branches=29062
failures=10309
obj=690
time=11852
buffers=8
windows=41
branches=3658
failures=1161
obj=683
time=12290
buffers=8
windows=41
branches=6988
failures=2207
obj=678
time=13109
buffers=8
windows=41
branches=16343
failures=5497
obj=674
time=14961
buffers=8
windows=41
branches=42983
failures=15769
obj=673
time=19404
buffers=8
windows=41
branches=17885
failures=6166
obj=670
time=21423
buffers=8
windows=41
branches=78751
failures=29469
obj=665
time=29245
buffers=8
windows=41
branches=101129
failures=39005
obj=664
time=39362
buffers=8
windows=41
branches=44093
failures=16344
obj=662
time=44111
buffers=8
windows=41
branches=38660
failures=14010
obj=659
time=48257
buffers=8
windows=41
branches=44521
failures=16657
obj=658
time=52778
buffers=8
windows=41
branches=190075
failures=74308
obj=656
time=70990
buffers=8
windows=41
branches=49864
failures=19298
obj=654
time=76089
buffers=8
windows=41
branches=151129
failures=59058
obj=653
time=90268
buffers=8
windows=41
branches=449522
failures=180780
obj=650
time=130149
buffers=8
windows=41
branches=20772
failures=7649
obj=649
time=132342
buffers=8
windows=41
branches=1242497
failures=527512
obj=647
time=233072
buffers=8
windows=41
branches=349233
failures=141532
obj=645
time=264348
buffers=8
windows=41
branches=106881
failures=42512
obj=640
time=274679
buffers=8
windows=41
branches=5178781
failures=2246698
obj=638
time=693850
buffers=8
windows=41
branches=1418856
failures=602885
obj=636
time=810445
buffers=8
windows=41
branches=1541702
failures=654868
obj=634
time=939148
buffers=8
windows=41
branches=12763952
failures=5639319
obj=632
time=1935309
buffers=8
windows=41
branches=2938542
failures=1271450
obj=630
time=2179018
buffers=8
windows=41
branches=8655277
failures=3787712
obj=627
time=2850223
buffers=8
windows=41
branches=9337812
failures=4096101
original_status=TIMEOUT
original_lb=212
obj=627
time=3600001
status=TIMEOUT
real_obj=62.624
real_time=3600001
