global=1
denseranking=1
symmetry=1
single_window=1
peak-ub=1431
buffers=16
windows=41
branches=640
failures=0
obj=1031
time=878
buffers=16
windows=41
branches=640
failures=0
obj=870
time=1818
buffers=16
windows=41
branches=638
failures=0
obj=760
time=2710
buffers=16
windows=41
branches=1003
failures=100
obj=745
time=4164
buffers=16
windows=41
branches=631
failures=0
obj=722
time=5149
buffers=16
windows=41
branches=1358
failures=200
obj=704
time=7246
buffers=16
windows=41
branches=631
failures=0
obj=701
time=8215
buffers=16
windows=41
branches=2972
failures=800
obj=686
time=12164
buffers=16
windows=41
branches=2758
failures=730
obj=680
time=15806
buffers=16
windows=41
branches=4554
failures=1123
obj=661
time=22022
buffers=16
windows=41
branches=9547
failures=3200
obj=652
time=33927
buffers=16
windows=41
branches=27438
failures=10064
obj=647
time=67522
buffers=16
windows=41
branches=4175
failures=1300
obj=622
time=72339
buffers=16
windows=41
branches=9693
failures=3482
obj=621
time=83761
buffers=16
windows=41
branches=1243
failures=200
obj=618
time=85813
buffers=16
windows=41
branches=37267
failures=14400
obj=614
time=125871
buffers=16
windows=41
branches=4718
failures=1525
obj=609
time=131586
buffers=16
windows=41
branches=27672
failures=10806
obj=603
time=162121
buffers=16
windows=41
branches=110782
failures=45859
obj=602
time=284164
buffers=16
windows=41
branches=43741
failures=17907
obj=596
time=327511
buffers=16
windows=41
branches=9977
failures=3600
obj=595
time=340429
buffers=16
windows=41
branches=30547
failures=11810
obj=588
time=373645
buffers=16
windows=41
branches=240258
failures=103802
obj=585
time=615965
buffers=16
windows=41
branches=181267
failures=76274
obj=583
time=825214
buffers=16
windows=41
branches=218117
failures=94094
obj=579
time=1031121
buffers=16
windows=41
branches=48334
failures=19920
obj=575
time=1084544
buffers=16
windows=41
branches=93133
failures=39470
obj=573
time=1189583
buffers=16
windows=41
branches=141769
failures=60661
obj=572
time=1321782
buffers=16
windows=41
branches=296052
failures=128846
obj=571
time=1595861
buffers=16
windows=41
branches=190384
failures=81744
obj=570
time=1781997
buffers=16
windows=41
branches=717559
failures=316148
obj=567
time=2449985
buffers=16
windows=41
branches=269616
failures=117586
obj=566
time=2723986
buffers=16
windows=41
branches=554692
failures=247153
obj=565
time=3243781
buffers=16
windows=41
branches=144930
failures=62473
obj=564
time=3390516
buffers=16
windows=41
branches=205405
failures=89080
original_status=TIMEOUT
original_lb=236
obj=564
time=3600003
status=TIMEOUT
real_obj=56.365
real_time=3600003
