global=1
denseranking=1
symmetry=1
single_window=1
peak-ub=2049
buffers=16
windows=61
branches=960
failures=0
obj=1381
time=1030
buffers=16
windows=61
branches=960
failures=0
obj=996
time=2032
buffers=16
windows=61
branches=960
failures=0
obj=934
time=3038
buffers=16
windows=61
branches=4472
failures=500
obj=883
time=7439
buffers=16
windows=61
branches=947
failures=0
obj=845
time=8513
buffers=16
windows=61
branches=945
failures=2
obj=843
time=9610
buffers=16
windows=61
branches=2067
failures=103
obj=840
time=12041
buffers=16
windows=61
branches=951
failures=0
obj=834
time=13183
buffers=16
windows=61
branches=2522
failures=205
obj=829
time=16154
buffers=16
windows=61
branches=6074
failures=601
obj=822
time=22665
buffers=16
windows=61
branches=939
failures=1
obj=819
time=23786
buffers=16
windows=61
branches=2046
failures=100
obj=797
time=26212
buffers=16
windows=61
branches=10407
failures=1303
obj=789
time=37969
buffers=16
windows=61
branches=2562
failures=202
obj=782
time=40862
buffers=16
windows=61
branches=2044
failures=100
obj=764
time=43197
buffers=16
windows=61
branches=932
failures=1
obj=752
time=44354
buffers=16
windows=61
branches=25395
failures=5296
obj=750
time=69362
buffers=16
windows=61
branches=21445
failures=4221
obj=749
time=91872
buffers=16
windows=61
branches=62528
failures=13289
obj=748
time=155424
buffers=16
windows=61
branches=8136
failures=1606
obj=743
time=164399
buffers=16
windows=61
branches=44152
failures=9802
obj=740
time=207412
buffers=16
windows=61
branches=43808
failures=9702
obj=731
time=253579
buffers=16
windows=61
branches=31004
failures=6512
obj=723
time=286705
buffers=16
windows=61
branches=80210
failures=21207
obj=722
time=365091
buffers=16
windows=61
branches=26594
failures=5236
obj=719
time=392129
buffers=16
windows=61
branches=357922
failures=110280
obj=715
time=714815
buffers=16
windows=61
branches=970059
failures=313974
obj=714
time=1573507
buffers=16
windows=61
branches=60584
failures=14748
obj=710
time=1638359
buffers=16
windows=61
branches=69633
failures=19481
obj=697
time=1708079
buffers=16
windows=61
branches=2204308
failures=756001
original_status=TIMEOUT
original_lb=264
obj=697
time=3600003
status=TIMEOUT
real_obj=69.661
real_time=3600003
