global=1
denseranking=1
symmetry=1
single_window=1
peak-ub=2854
buffers=16
windows=41
branches=640
failures=0
obj=1851
time=729
buffers=16
windows=41
branches=640
failures=0
obj=1766
time=1364
buffers=16
windows=41
branches=640
failures=0
obj=1468
time=2047
buffers=16
windows=41
branches=641
failures=2
obj=1387
time=2692
buffers=16
windows=41
branches=639
failures=0
obj=1304
time=3435
buffers=16
windows=41
branches=635
failures=0
obj=1271
time=4236
buffers=16
windows=41
branches=1232
failures=100
obj=1268
time=5577
buffers=16
windows=41
branches=631
failures=1
obj=1254
time=6302
buffers=16
windows=41
branches=1263
failures=100
obj=1227
time=7766
buffers=16
windows=41
branches=762
failures=72
obj=1225
time=8600
buffers=16
windows=41
branches=1921
failures=200
obj=1219
time=10593
buffers=16
windows=41
branches=2736
failures=400
obj=1195
time=13688
buffers=16
windows=41
branches=7901
failures=1685
obj=1182
time=21440
buffers=16
windows=41
branches=19744
failures=4501
obj=1177
time=41224
buffers=16
windows=41
branches=4213
failures=600
obj=1153
time=45882
buffers=16
windows=41
branches=3293
failures=556
obj=1127
time=49284
buffers=16
windows=41
branches=31991
failures=8501
obj=1119
time=79142
buffers=16
windows=41
branches=64569
failures=19326
obj=1116
time=136369
buffers=16
windows=41
branches=7445
failures=1520
obj=1113
time=144030
buffers=16
windows=41
branches=88133
failures=25315
obj=1110
time=223333
buffers=16
windows=41
branches=18831
failures=4541
obj=1107
time=242363
buffers=16
windows=41
branches=21363
failures=5002
obj=1098
time=263779
buffers=16
windows=41
branches=75240
failures=22358
obj=1095
time=329447
buffers=16
windows=41
branches=37105
failures=9801
obj=1089
time=362493
buffers=16
windows=41
branches=19035
failures=4600
obj=1083
time=380433
buffers=16
windows=41
branches=101153
failures=29597
obj=1080
time=470336
buffers=16
windows=41
branches=75178
failures=22201
obj=1079
time=542042
buffers=16
windows=41
branches=147525
failures=46801
obj=1074
time=661790
buffers=16
windows=41
branches=49678
failures=13290
obj=1073
time=710210
buffers=16
windows=41
branches=10075
failures=2313
obj=1071
time=719752
buffers=16
windows=41
branches=107327
failures=31374
obj=1070
time=807547
buffers=16
windows=41
branches=592405
failures=199183
obj=1064
time=1308373
buffers=16
windows=41
branches=22568
failures=5601
obj=1063
time=1330758
buffers=16
windows=41
branches=20826
failures=5040
obj=1062
time=1351529
buffers=16
windows=41
branches=542189
failures=177700
obj=1049
time=1798988
buffers=16
windows=41
branches=50003
failures=13700
obj=1047
time=1843291
buffers=16
windows=41
branches=995535
failures=345348
obj=1039
time=2705565
buffers=16
windows=41
branches=286876
failures=96581
obj=1034
time=2955026
buffers=16
windows=41
branches=766608
failures=268522
original_status=TIMEOUT
original_lb=241
obj=1034
time=3600004
status=TIMEOUT
real_obj=102.717
real_time=3600004
