global=1
denseranking=1
symmetry=1
single_window=1
peak-ub=1480
buffers=8
windows=41
branches=320
failures=0
obj=1228
time=42
buffers=8
windows=41
branches=320
failures=0
obj=1142
time=82
buffers=8
windows=41
branches=320
failures=0
obj=892
time=124
buffers=8
windows=41
branches=657
failures=101
obj=891
time=198
buffers=8
windows=41
branches=836
failures=192
obj=857
time=293
buffers=8
windows=41
branches=2073
failures=573
obj=832
time=521
buffers=8
windows=41
branches=435
failures=68
obj=829
time=580
buffers=8
windows=41
branches=1552
failures=378
obj=815
time=765
buffers=8
windows=41
branches=483
failures=91
obj=800
time=829
buffers=8
windows=41
branches=932
failures=200
obj=773
time=944
buffers=8
windows=41
branches=2214
failures=564
obj=771
time=1222
buffers=8
windows=41
branches=1652
failures=462
obj=768
time=1424
buffers=8
windows=41
branches=2408
failures=729
obj=762
time=1688
buffers=8
windows=41
branches=3091
failures=1037
obj=752
time=1994
buffers=8
windows=41
branches=1200
failures=326
obj=739
time=2136
buffers=8
windows=41
branches=4316
failures=1456
obj=736
time=2604
buffers=8
windows=41
branches=2554
failures=766
obj=730
time=2895
buffers=8
windows=41
branches=4582
failures=1582
obj=726
time=3430
buffers=8
windows=41
branches=15665
failures=5857
obj=723
time=4979
buffers=8
windows=41
branches=7782
failures=2758
obj=720
time=5867
buffers=8
windows=41
branches=3070
failures=1019
obj=718
time=6214
buffers=8
windows=41
branches=3266
failures=1123
obj=714
time=6565
buffers=8
windows=41
branches=34861
failures=13591
obj=713
time=9961
buffers=8
windows=41
branches=1905
failures=564
obj=711
time=10193
buffers=8
windows=41
branches=26879
failures=10441
obj=709
time=12648
buffers=8
windows=41
branches=40742
failures=16332
obj=704
time=16417
buffers=8
windows=41
branches=26458
failures=10379
obj=701
time=19225
buffers=8
windows=41
branches=16904
failures=6532
obj=700
time=20785
buffers=8
windows=41
branches=111751
failures=47132
obj=699
time=29576
buffers=8
windows=41
branches=10563
failures=3949
obj=693
time=30600
buffers=8
windows=41
branches=77771
failures=31758
obj=689
time=37531
buffers=8
windows=41
branches=118448
failures=49999
obj=683
time=46561
buffers=8
windows=41
branches=181453
failures=76343
obj=681
time=60798
buffers=8
windows=41
branches=119119
failures=50245
obj=680
time=70246
buffers=8
windows=41
branches=2703419
failures=1215464
obj=678
time=277435
buffers=8
windows=41
branches=1208428
failures=539096
obj=674
time=358990
buffers=8
windows=41
branches=983963
failures=433088
obj=673
time=429315
buffers=8
windows=41
branches=51991
failures=21495
obj=671
time=433714
buffers=8
windows=41
branches=480547
failures=210880
obj=669
time=468964
buffers=8
windows=41
branches=947541
failures=415397
obj=666
time=536033
buffers=8
windows=41
branches=726570
failures=319708
obj=661
time=587188
buffers=8
windows=41
branches=41904600
failures=19326162
obj=659
time=3102633
buffers=8
windows=41
branches=7964503
failures=3630306
original_status=TIMEOUT
original_lb=245
obj=659
time=3600000
status=TIMEOUT
real_obj=65.877
real_time=3600000
