global=1
denseranking=1
symmetry=1
single_window=1
peak-ub=1200
buffers=8
windows=41
branches=320
failures=0
obj=936
time=29
buffers=8
windows=41
branches=318
failures=0
obj=926
time=59
buffers=8
windows=41
branches=316
failures=0
obj=910
time=89
buffers=8
windows=41
branches=313
failures=0
obj=853
time=118
buffers=8
windows=41
branches=337
failures=13
obj=819
time=149
buffers=8
windows=41
branches=325
failures=7
obj=803
time=182
buffers=8
windows=41
branches=1098
failures=201
obj=767
time=274
buffers=8
windows=41
branches=687
failures=120
obj=750
time=336
buffers=8
windows=41
branches=395
failures=48
obj=746
time=376
buffers=8
windows=41
branches=303
failures=0
obj=743
time=411
buffers=8
windows=41
branches=1311
failures=313
obj=727
time=521
buffers=8
windows=41
branches=2776
failures=763
obj=720
time=747
buffers=8
windows=41
branches=2616
failures=618
obj=706
time=964
buffers=8
windows=41
branches=4283
failures=1303
obj=698
time=1264
buffers=8
windows=41
branches=10597
failures=3481
obj=683
time=2007
buffers=8
windows=41
branches=1136
failures=229
obj=679
time=2117
buffers=8
windows=41
branches=3319
failures=848
obj=671
time=2401
buffers=8
windows=41
branches=1107
failures=299
obj=659
time=2492
buffers=8
windows=41
branches=1011927
failures=415993
obj=656
time=62535
buffers=8
windows=41
branches=44721
failures=16814
obj=650
time=65747
buffers=8
windows=41
branches=3907264
failures=1684156
obj=642
time=301292
buffers=8
windows=41
branches=1769044
failures=763882
obj=639
time=400538
buffers=8
windows=41
branches=18702890
failures=8352727
obj=632
time=1347135
buffers=8
windows=41
branches=46071236
failures=20874560
original_status=TIMEOUT
original_lb=235
obj=632
time=3600010
status=TIMEOUT
real_obj=63.123
real_time=3600010
