global=1
denseranking=1
symmetry=1
single_window=1
peak-ub=3208
buffers=16
windows=21
branches=320
failures=0
obj=1554
time=943
buffers=16
windows=21
branches=320
failures=0
obj=1392
time=1704
buffers=16
windows=21
branches=320
failures=0
obj=1216
time=2442
buffers=16
windows=21
branches=317
failures=0
obj=1170
time=3160
buffers=16
windows=21
branches=320
failures=0
obj=1139
time=3954
buffers=16
windows=21
branches=2475
failures=551
obj=1138
time=8093
buffers=16
windows=21
branches=680
failures=100
obj=1116
time=9534
buffers=16
windows=21
branches=812
failures=105
obj=1110
time=11144
buffers=16
windows=21
branches=2289
failures=500
obj=1105
time=15425
buffers=16
windows=21
branches=3263
failures=803
obj=1104
time=20491
buffers=16
windows=21
branches=768
failures=102
obj=1103
time=22142
buffers=16
windows=21
branches=309
failures=0
obj=1066
time=22880
buffers=16
windows=21
branches=11321
failures=3594
obj=1061
time=41851
buffers=16
windows=21
branches=310
failures=0
obj=1032
time=42635
buffers=16
windows=21
branches=305
failures=0
obj=992
time=43534
buffers=16
windows=21
branches=3905
failures=1200
obj=988
time=51220
buffers=16
windows=21
branches=19456
failures=6506
obj=986
time=79330
buffers=16
windows=21
branches=5081
failures=1471
obj=975
time=87535
buffers=16
windows=21
branches=26364
failures=9330
obj=971
time=126302
buffers=16
windows=21
branches=4667
failures=1348
obj=969
time=135084
buffers=16
windows=21
branches=42962
failures=15376
obj=967
time=200507
buffers=16
windows=21
branches=30162
failures=10455
obj=966
time=248704
buffers=16
windows=21
branches=713
failures=100
obj=965
time=250196
buffers=16
windows=21
branches=56208
failures=20932
obj=961
time=338693
buffers=16
windows=21
branches=33082
failures=11601
obj=958
time=385076
buffers=16
windows=21
branches=12125
failures=3868
obj=954
time=405617
buffers=16
windows=21
branches=287
failures=1
obj=945
time=406469
buffers=16
windows=21
branches=80473
failures=29600
obj=940
time=524894
buffers=16
windows=21
branches=47569
failures=17948
obj=935
time=598454
buffers=16
windows=21
branches=11600
failures=3800
obj=928
time=620420
buffers=16
windows=21
branches=79637
failures=29969
obj=917
time=751406
buffers=16
windows=21
branches=167049
failures=65815
obj=914
time=1012115
buffers=16
windows=21
branches=33301
failures=11834
obj=910
time=1069331
buffers=16
windows=21
branches=222907
failures=89841
obj=899
time=1376836
buffers=16
windows=21
branches=26538
failures=9692
obj=894
time=1417851
buffers=16
windows=21
branches=8766
failures=3024
obj=886
time=1431772
buffers=16
windows=21
branches=764425
failures=321518
obj=882
time=2495926
buffers=16
windows=21
branches=718755
failures=298843
original_status=TIMEOUT
original_lb=249
obj=882
time=3600007
status=TIMEOUT
real_obj=88.123
real_time=3600007
