global=1
denseranking=1
symmetry=1
single_window=1
peak-ub=980
buffers=24
windows=61
branches=1440
failures=0
obj=601
time=5609
buffers=24
windows=61
branches=1431
failures=0
obj=598
time=11087
buffers=24
windows=61
branches=1435
failures=0
obj=587
time=16971
buffers=24
windows=61
branches=2422
failures=100
obj=578
time=28134
buffers=24
windows=61
branches=1430
failures=0
obj=557
time=34238
buffers=24
windows=61
branches=2580
failures=170
obj=555
time=45710
buffers=24
windows=61
branches=2924
failures=204
obj=548
time=60856
buffers=24
windows=61
branches=4553
failures=409
obj=546
time=86930
buffers=24
windows=61
branches=5909
failures=600
obj=537
time=115444
buffers=24
windows=61
branches=6335
failures=967
obj=510
time=146550
buffers=24
windows=61
branches=13538
failures=3702
obj=509
time=207454
buffers=24
windows=61
branches=3194
failures=500
obj=486
time=223040
buffers=24
windows=61
branches=349580
failures=121491
obj=485
time=1726403
buffers=24
windows=61
branches=91729
failures=28902
obj=481
time=2110439
buffers=24
windows=61
branches=170598
failures=56530
obj=480
time=2819751
buffers=24
windows=61
branches=222933
failures=73201
original_status=TIMEOUT
original_lb=240
obj=480
time=3600013
status=TIMEOUT
real_obj=47.914
real_time=3600013
