global=1
denseranking=1
symmetry=1
single_window=1
peak-ub=1043
buffers=8
windows=81
branches=640
failures=0
obj=826
time=79
buffers=8
windows=81
branches=638
failures=0
obj=748
time=162
buffers=8
windows=81
branches=691
failures=28
obj=727
time=248
buffers=8
windows=81
branches=1242
failures=130
obj=719
time=400
buffers=8
windows=81
branches=636
failures=1
obj=688
time=484
buffers=8
windows=81
branches=776
failures=75
obj=667
time=584
buffers=8
windows=81
branches=1256
failures=129
obj=662
time=741
buffers=8
windows=81
branches=1244
failures=141
obj=657
time=894
buffers=8
windows=81
branches=619
failures=0
obj=646
time=986
buffers=8
windows=81
branches=2080
failures=360
obj=644
time=1242
buffers=8
windows=81
branches=1990
failures=304
obj=639
time=1485
buffers=8
windows=81
branches=11402
failures=2661
obj=626
time=2729
buffers=8
windows=81
branches=1909
failures=252
obj=624
time=2973
buffers=8
windows=81
branches=2341
failures=390
obj=620
time=3261
buffers=8
windows=81
branches=2026
failures=384
obj=619
time=3506
buffers=8
windows=81
branches=5752
failures=1240
obj=618
time=4154
buffers=8
windows=81
branches=1227
failures=166
obj=617
time=4314
buffers=8
windows=81
branches=7240
failures=1545
obj=611
time=5137
buffers=8
windows=81
branches=7409
failures=1688
obj=608
time=6023
buffers=8
windows=81
branches=1231
failures=144
obj=603
time=6185
buffers=8
windows=81
branches=14103
failures=3558
obj=598
time=7699
buffers=8
windows=81
branches=4938
failures=1119
obj=595
time=8224
buffers=8
windows=81
branches=14092
failures=3561
obj=591
time=9761
buffers=8
windows=81
branches=724
failures=62
obj=584
time=9861
buffers=8
windows=81
branches=10843
failures=2810
obj=582
time=11054
buffers=8
windows=81
branches=13831
failures=3530
obj=580
time=12616
buffers=8
windows=81
branches=22279
failures=5836
obj=579
time=15130
buffers=8
windows=81
branches=13035
failures=3364
obj=578
time=16551
buffers=8
windows=81
branches=4664
failures=1052
obj=573
time=17084
buffers=8
windows=81
branches=4226
failures=896
obj=569
time=17597
buffers=8
windows=81
branches=25651
failures=7575
obj=567
time=20229
buffers=8
windows=81
branches=25612
failures=7644
obj=565
time=22837
buffers=8
windows=81
branches=77045
failures=24294
obj=564
time=30325
buffers=8
windows=81
branches=10513
failures=2723
obj=563
time=31520
buffers=8
windows=81
branches=21744
failures=6142
obj=558
time=33725
buffers=8
windows=81
branches=29785
failures=8965
obj=554
time=36689
buffers=8
windows=81
branches=121175
failures=41045
obj=552
time=47389
buffers=8
windows=81
branches=215700
failures=73084
obj=550
time=66084
buffers=8
windows=81
branches=67501
failures=21922
obj=549
time=72252
buffers=8
windows=81
branches=50730
failures=15997
obj=545
time=77263
buffers=8
windows=81
branches=250318
failures=87655
obj=543
time=101632
buffers=8
windows=81
branches=246861
failures=86324
obj=542
time=123462
buffers=8
windows=81
branches=717085
failures=265302
obj=541
time=187915
buffers=8
windows=81
branches=1343956
failures=517912
obj=539
time=293502
buffers=8
windows=81
branches=301380
failures=109201
obj=537
time=319371
buffers=8
windows=81
branches=1918784
failures=738933
obj=536
time=468316
buffers=8
windows=81
branches=1867153
failures=714008
obj=535
time=613486
buffers=8
windows=81
branches=6799930
failures=2722562
obj=532
time=1123051
buffers=8
windows=81
branches=597233
failures=225991
obj=527
time=1176842
buffers=8
windows=81
branches=13671526
failures=5596101
obj=526
time=2218758
buffers=8
windows=81
branches=10125610
failures=4057971
obj=525
time=2990817
buffers=8
windows=81
branches=5930258
failures=2391871
obj=522
time=3450709
buffers=8
windows=81
branches=1775194
failures=681517
original_status=TIMEOUT
original_lb=229
obj=522
time=3600011
status=TIMEOUT
real_obj=52.116
real_time=3600011
