global=1
denseranking=1
symmetry=1
single_window=1
peak-ub=2842
buffers=16
windows=81
branches=1280
failures=0
obj=1680
time=884
buffers=16
windows=81
branches=1280
failures=0
obj=1656
time=1750
buffers=16
windows=81
branches=2246
failures=100
obj=1576
time=3164
buffers=16
windows=81
branches=1279
failures=0
obj=1482
time=4016
buffers=16
windows=81
branches=1280
failures=0
obj=1310
time=4872
buffers=16
windows=81
branches=2146
failures=101
obj=1269
time=6226
buffers=16
windows=81
branches=2172
failures=110
obj=1251
time=7635
buffers=16
windows=81
branches=9048
failures=1201
obj=1245
time=13077
buffers=16
windows=81
branches=4304
failures=491
obj=1239
time=15621
buffers=16
windows=81
branches=2178
failures=100
obj=1231
time=17065
buffers=16
windows=81
branches=35501
failures=6522
obj=1227
time=38250
buffers=16
windows=81
branches=1274
failures=0
obj=1217
time=39039
buffers=16
windows=81
branches=1276
failures=1
obj=1192
time=39874
buffers=16
windows=81
branches=39774
failures=8100
obj=1169
time=63690
buffers=16
windows=81
branches=34008
failures=6074
obj=1167
time=84693
buffers=16
windows=81
branches=7270
failures=826
obj=1158
time=89158
buffers=16
windows=81
branches=7768
failures=1159
obj=1143
time=93822
buffers=16
windows=81
branches=8400
failures=1202
obj=1139
time=99263
buffers=16
windows=81
branches=198175
failures=49392
obj=1138
time=219357
buffers=16
windows=81
branches=26460
failures=4600
obj=1136
time=234925
buffers=16
windows=81
branches=202965
failures=50000
obj=1130
time=357357
buffers=16
windows=81
branches=83149
failures=19302
obj=1128
time=409310
buffers=16
windows=81
branches=15084
failures=2404
obj=1124
time=418381
buffers=16
windows=81
branches=156948
failures=36733
obj=1121
time=511253
buffers=16
windows=81
branches=95215
failures=21643
obj=1120
time=567592
buffers=16
windows=81
branches=201000
failures=49713
obj=1088
time=689352
buffers=16
windows=81
branches=239257
failures=59033
obj=1085
time=834170
buffers=16
windows=81
branches=681578
failures=180509
obj=1081
time=1224571
buffers=16
windows=81
branches=195197
failures=49213
obj=1076
time=1342248
buffers=16
windows=81
branches=1021215
failures=289233
obj=1068
time=1974968
buffers=16
windows=81
branches=2655718
failures=795603
obj=1066
time=3506503
buffers=16
windows=81
branches=154513
failures=39085
original_status=TIMEOUT
original_lb=200
obj=1066
time=3600004
status=TIMEOUT
real_obj=106.591
real_time=3600004
