global=1
denseranking=1
symmetry=1
single_window=1
peak-ub=1370
buffers=24
windows=41
branches=960
failures=0
obj=902
time=4714
buffers=24
windows=41
branches=960
failures=0
obj=718
time=9502
buffers=24
windows=41
branches=959
failures=0
obj=642
time=14225
buffers=24
windows=41
branches=949
failures=0
obj=620
time=19427
buffers=24
windows=41
branches=950
failures=0
obj=599
time=24915
buffers=24
windows=41
branches=1531
failures=201
obj=577
time=32850
buffers=24
windows=41
branches=1893
failures=402
obj=574
time=41193
buffers=24
windows=41
branches=1390
failures=100
obj=562
time=49178
buffers=24
windows=41
branches=1569
failures=208
obj=548
time=57719
buffers=24
windows=41
branches=4069
failures=1200
obj=544
time=79010
buffers=24
windows=41
branches=3905
failures=1200
obj=543
time=97116
buffers=24
windows=41
branches=1176
failures=100
obj=540
time=102534
buffers=24
windows=41
branches=14904
failures=5203
obj=538
time=164819
buffers=24
windows=41
branches=9036
failures=3472
obj=536
time=208958
buffers=24
windows=41
branches=5814
failures=1300
obj=530
time=233676
buffers=24
windows=41
branches=4028
failures=1300
obj=525
time=248081
buffers=24
windows=41
branches=5571
failures=1813
obj=524
time=273281
buffers=24
windows=41
branches=22831
failures=9300
obj=522
time=361785
buffers=24
windows=41
branches=124612
failures=54500
obj=506
time=794232
buffers=24
windows=41
branches=21554
failures=9259
obj=505
time=877874
buffers=24
windows=41
branches=11175
failures=4500
obj=504
time=917292
buffers=24
windows=41
branches=53934
failures=24206
obj=502
time=1118929
buffers=24
windows=41
branches=31640
failures=13359
obj=501
time=1235826
buffers=24
windows=41
branches=2704
failures=807
obj=500
time=1249527
buffers=24
windows=41
branches=11619
failures=4454
obj=499
time=1298917
buffers=24
windows=41
branches=45008
failures=20335
obj=498
time=1466061
buffers=24
windows=41
branches=285527
failures=132986
obj=488
time=2416657
buffers=24
windows=41
branches=156425
failures=70990
obj=487
time=3034466
buffers=24
windows=41
branches=2399
failures=603
obj=485
time=3047297
buffers=24
windows=41
branches=129527
failures=58636
obj=484
time=3525956
buffers=24
windows=41
branches=19151
failures=8901
original_status=TIMEOUT
original_lb=253
obj=484
time=3600002
status=TIMEOUT
real_obj=48.388
real_time=3600002
