global=1
denseranking=1
symmetry=1
single_window=1
peak-ub=2252
buffers=24
windows=21
branches=480
failures=0
obj=1412
time=4006
buffers=24
windows=21
branches=478
failures=0
obj=1396
time=7410
buffers=24
windows=21
branches=480
failures=0
obj=1101
time=10864
buffers=24
windows=21
branches=1024
failures=100
obj=1053
time=18160
buffers=24
windows=21
branches=5603
failures=1200
obj=1052
time=54583
buffers=24
windows=21
branches=3529
failures=607
obj=1051
time=77819
buffers=24
windows=21
branches=4538
failures=800
obj=1042
time=106115
buffers=24
windows=21
branches=1606
failures=205
obj=1033
time=115829
buffers=24
windows=21
branches=1711
failures=200
obj=958
time=126460
buffers=24
windows=21
branches=32577
failures=9205
obj=956
time=314387
buffers=24
windows=21
branches=313687
failures=106952
obj=955
time=1848187
buffers=24
windows=21
branches=173786
failures=56005
obj=954
time=2723962
buffers=24
windows=21
branches=79949
failures=24011
obj=951
time=3149241
buffers=24
windows=21
branches=31543
failures=8972
obj=946
time=3331184
buffers=24
windows=21
branches=40941
failures=11701
original_status=TIMEOUT
original_lb=262
obj=946
time=3600006
status=TIMEOUT
real_obj=94.542
real_time=3600006
