global=1
denseranking=1
symmetry=1
single_window=1
peak-ub=950
buffers=24
windows=41
branches=960
failures=0
obj=553
time=4224
buffers=24
windows=41
branches=951
failures=0
obj=551
time=8610
buffers=24
windows=41
branches=958
failures=0
obj=519
time=12982
buffers=24
windows=41
branches=1533
failures=100
obj=499
time=19562
buffers=24
windows=41
branches=950
failures=0
obj=453
time=24387
buffers=24
windows=41
branches=6611
failures=1400
obj=420
time=52370
buffers=24
windows=41
branches=14262
failures=4000
obj=408
time=113280
buffers=24
windows=41
branches=1498
failures=113
obj=407
time=121292
buffers=24
windows=41
branches=97534
failures=31593
obj=404
time=508648
buffers=24
windows=41
branches=43202
failures=13000
obj=403
time=695294
buffers=24
windows=41
branches=23820
failures=7619
obj=400
time=785544
buffers=24
windows=41
branches=71723
failures=23875
obj=395
time=1055778
buffers=24
windows=41
branches=99932
failures=33146
obj=389
time=1407480
buffers=24
windows=41
branches=722916
failures=284458
obj=388
time=3467560
buffers=24
windows=41
branches=33839
failures=11601
original_status=TIMEOUT
original_lb=229
obj=388
time=3600009
status=TIMEOUT
real_obj=38.781
real_time=3600009
