global=1
denseranking=1
symmetry=1
single_window=1
peak-ub=1675
buffers=24
windows=21
branches=480
failures=0
obj=1401
time=1768
buffers=24
windows=21
branches=479
failures=0
obj=1149
time=3617
buffers=24
windows=21
branches=462
failures=2
obj=1148
time=5442
buffers=24
windows=21
branches=1566
failures=200
obj=1125
time=11227
buffers=24
windows=21
branches=463
failures=0
obj=1100
time=13772
buffers=24
windows=21
branches=1526
failures=200
obj=1083
time=19705
buffers=24
windows=21
branches=1434
failures=200
obj=1082
time=24298
buffers=24
windows=21
branches=1471
failures=202
obj=1067
time=29609
buffers=24
windows=21
branches=452
failures=2
obj=1066
time=31377
buffers=24
windows=21
branches=18615
failures=4901
obj=1061
time=87528
buffers=24
windows=21
branches=1433
failures=200
obj=1058
time=92134
buffers=24
windows=21
branches=6153
failures=1408
obj=1057
time=110728
buffers=24
windows=21
branches=3999
failures=800
obj=1046
time=123428
buffers=24
windows=21
branches=7810
failures=1800
obj=1041
time=148125
buffers=24
windows=21
branches=997
failures=100
obj=1023
time=151824
buffers=24
windows=21
branches=19688
failures=5204
obj=1022
time=224124
buffers=24
windows=21
branches=22686
failures=6400
obj=981
time=295822
buffers=24
windows=21
branches=97870
failures=31700
obj=968
time=575607
buffers=24
windows=21
branches=1447
failures=200
obj=955
time=581131
buffers=24
windows=21
branches=236055
failures=81972
obj=949
time=1208938
buffers=24
windows=21
branches=815258
failures=304800
obj=945
time=3548256
buffers=24
windows=21
branches=13878
failures=4001
original_status=TIMEOUT
original_lb=258
obj=945
time=3600001
status=TIMEOUT
real_obj=94.476
real_time=3600001
