global=1
denseranking=1
symmetry=1
single_window=1
peak-ub=661
buffers=24
windows=21
branches=480
failures=0
obj=503
time=4610
buffers=24
windows=21
branches=480
failures=0
obj=390
time=9503
buffers=24
windows=21
branches=2005
failures=400
obj=378
time=26682
buffers=24
windows=21
branches=470
failures=2
obj=376
time=32270
buffers=24
windows=21
branches=454
failures=7
obj=375
time=38172
buffers=24
windows=21
branches=1578
failures=352
obj=374
time=53407
buffers=24
windows=21
branches=4047
failures=1160
obj=371
time=80287
buffers=24
windows=21
branches=461
failures=0
obj=357
time=85588
buffers=24
windows=21
branches=955
failures=101
obj=356
time=94628
buffers=24
windows=21
branches=2006
failures=378
obj=354
time=113553
buffers=24
windows=21
branches=2229
failures=406
obj=353
time=131786
buffers=24
windows=21
branches=2242
failures=405
obj=352
time=152488
buffers=24
windows=21
branches=2387
failures=415
obj=351
time=172226
buffers=24
windows=21
branches=6651
failures=1800
obj=341
time=226247
buffers=24
windows=21
branches=4581
failures=1406
obj=339
time=259152
buffers=24
windows=21
branches=884
failures=190
obj=335
time=266536
buffers=24
windows=21
branches=13558
failures=4615
obj=333
time=360591
buffers=24
windows=21
branches=1108
failures=239
obj=329
time=371032
buffers=24
windows=21
branches=11120
failures=4055
obj=328
time=445220
buffers=24
windows=21
branches=675
failures=110
obj=323
time=452211
buffers=24
windows=21
branches=12859
failures=4804
obj=320
time=535566
buffers=24
windows=21
branches=2859
failures=826
obj=318
time=556558
buffers=24
windows=21
branches=3109
failures=812
obj=315
time=581422
buffers=24
windows=21
branches=6935
failures=2592
obj=314
time=622749
buffers=24
windows=21
branches=4764
failures=1704
obj=312
time=651879
buffers=24
windows=21
branches=22221
failures=8055
obj=311
time=786565
buffers=24
windows=21
branches=45514
failures=17996
obj=310
time=1045463
buffers=24
windows=21
branches=477
failures=29
obj=307
time=1051264
buffers=24
windows=21
branches=62136
failures=24903
obj=306
time=1408670
buffers=24
windows=21
branches=82681
failures=33549
obj=305
time=1882107
buffers=24
windows=21
branches=273516
failures=113601
original_status=TIMEOUT
original_lb=251
obj=305
time=3600016
status=TIMEOUT
real_obj=30.439
real_time=3600016
