global=1
denseranking=1
symmetry=1
single_window=1
peak-ub=1496
buffers=24
windows=41
branches=960
failures=0
obj=1328
time=4035
buffers=24
windows=41
branches=960
failures=0
obj=1009
time=7859
buffers=24
windows=41
branches=1783
failures=101
obj=1002
time=16085
buffers=24
windows=41
branches=956
failures=1
obj=982
time=20249
buffers=24
windows=41
branches=3956
failures=400
obj=965
time=35944
buffers=24
windows=41
branches=953
failures=0
obj=949
time=39985
buffers=24
windows=41
branches=955
failures=0
obj=937
time=44413
buffers=24
windows=41
branches=4080
failures=400
obj=905
time=61922
buffers=24
windows=41
branches=2707
failures=200
obj=884
time=72859
buffers=24
windows=41
branches=3028
failures=330
obj=877
time=87192
buffers=24
windows=41
branches=2816
failures=200
obj=861
time=100089
buffers=24
windows=41
branches=5995
failures=600
obj=840
time=123189
buffers=24
windows=41
branches=23737
failures=4000
obj=824
time=210920
buffers=24
windows=41
branches=83415
failures=19300
obj=819
time=510109
buffers=24
windows=41
branches=19461
failures=3400
obj=817
time=587359
buffers=24
windows=41
branches=25004
failures=4400
obj=813
time=690492
buffers=24
windows=41
branches=2660
failures=200
obj=810
time=702247
buffers=24
windows=41
branches=137123
failures=30801
obj=808
time=1237065
buffers=24
windows=41
branches=2777
failures=201
obj=789
time=1249193
buffers=24
windows=41
branches=15049
failures=2401
obj=786
time=1313433
buffers=24
windows=41
branches=33634
failures=6623
obj=782
time=1436411
buffers=24
windows=41
branches=113853
failures=25610
obj=781
time=1898402
buffers=24
windows=41
branches=510451
failures=134201
original_status=TIMEOUT
original_lb=251
obj=781
time=3600006
status=TIMEOUT
real_obj=78.067
real_time=3600006
