global=1
denseranking=1
symmetry=1
single_window=1
peak-ub=1483
buffers=16
windows=21
branches=320
failures=0
obj=811
time=325
buffers=16
windows=21
branches=318
failures=0
obj=781
time=634
buffers=16
windows=21
branches=318
failures=0
obj=684
time=938
buffers=16
windows=21
branches=622
failures=100
obj=677
time=1541
buffers=16
windows=21
branches=309
failures=1
obj=660
time=1847
buffers=16
windows=21
branches=307
failures=0
obj=650
time=2183
buffers=16
windows=21
branches=1540
failures=400
obj=647
time=3682
buffers=16
windows=21
branches=1902
failures=533
obj=646
time=5186
buffers=16
windows=21
branches=305
failures=0
obj=643
time=5560
buffers=16
windows=21
branches=731
failures=100
obj=639
time=6273
buffers=16
windows=21
branches=934
failures=201
obj=636
time=7035
buffers=16
windows=21
branches=292
failures=0
obj=630
time=7452
buffers=16
windows=21
branches=736
failures=100
obj=627
time=8208
buffers=16
windows=21
branches=967
failures=233
obj=622
time=9004
buffers=16
windows=21
branches=1833
failures=500
obj=620
time=10486
buffers=16
windows=21
branches=479
failures=90
obj=618
time=10985
buffers=16
windows=21
branches=1002
failures=203
obj=617
time=11864
buffers=16
windows=21
branches=5380
failures=1800
obj=606
time=16004
buffers=16
windows=21
branches=1239
failures=266
obj=603
time=17146
buffers=16
windows=21
branches=1521
failures=402
obj=598
time=18447
buffers=16
windows=21
branches=8886
failures=3300
obj=583
time=24370
buffers=16
windows=21
branches=293
failures=1
obj=578
time=24717
buffers=16
windows=21
branches=8481
failures=3219
obj=577
time=30063
buffers=16
windows=21
branches=4887
failures=1752
obj=576
time=34064
buffers=16
windows=21
branches=37968
failures=15309
obj=572
time=59341
buffers=16
windows=21
branches=1779
failures=553
obj=567
time=60782
buffers=16
windows=21
branches=4447
failures=1600
obj=562
time=63537
buffers=16
windows=21
branches=22885
failures=9068
obj=561
time=80768
buffers=16
windows=21
branches=31082
failures=12404
obj=559
time=101328
buffers=16
windows=21
branches=58733
failures=24382
obj=558
time=137508
buffers=16
windows=21
branches=6396
failures=2440
obj=550
time=141567
buffers=16
windows=21
branches=17809
failures=7338
obj=549
time=152245
buffers=16
windows=21
branches=35139
failures=13926
obj=548
time=178465
buffers=16
windows=21
branches=48349
failures=20206
obj=546
time=211570
buffers=16
windows=21
branches=4705
failures=1601
obj=542
time=215867
buffers=16
windows=21
branches=19581
failures=7891
obj=541
time=229972
buffers=16
windows=21
branches=1879
failures=600
obj=537
time=231330
buffers=16
windows=21
branches=17646
failures=7290
obj=534
time=242797
buffers=16
windows=21
branches=29664
failures=12401
obj=531
time=258945
buffers=16
windows=21
branches=105840
failures=46166
obj=529
time=320943
buffers=16
windows=21
branches=93836
failures=40854
obj=528
time=380278
buffers=16
windows=21
branches=86113
failures=37229
obj=524
time=430859
buffers=16
windows=21
branches=188594
failures=82520
obj=521
time=537729
buffers=16
windows=21
branches=28946
failures=11963
obj=519
time=558584
buffers=16
windows=21
branches=1017583
failures=464196
obj=518
time=1043855
buffers=16
windows=21
branches=125029
failures=54941
obj=517
time=1119075
buffers=16
windows=21
branches=201296
failures=89008
obj=516
time=1252825
buffers=16
windows=21
branches=62860
failures=27109
obj=508
time=1291184
buffers=16
windows=21
branches=198662
failures=87867
obj=507
time=1424968
buffers=16
windows=21
branches=110639
failures=48751
obj=505
time=1495253
buffers=16
windows=21
branches=870118
failures=396068
obj=504
time=1910612
buffers=16
windows=21
branches=237286
failures=106855
obj=503
time=2051335
buffers=16
windows=21
branches=2078547
failures=958805
obj=502
time=2982283
buffers=16
windows=21
branches=1149380
failures=530024
original_status=TIMEOUT
original_lb=240
obj=502
time=3600012
status=TIMEOUT
real_obj=50.144
real_time=3600012
