global=1
denseranking=1
symmetry=1
single_window=1
peak-ub=2440
buffers=16
windows=41
branches=640
failures=0
obj=1141
time=749
buffers=16
windows=41
branches=640
failures=0
obj=920
time=1390
buffers=16
windows=41
branches=631
failures=0
obj=913
time=2057
buffers=16
windows=41
branches=1315
failures=101
obj=910
time=3412
buffers=16
windows=41
branches=1287
failures=101
obj=896
time=4773
buffers=16
windows=41
branches=3922
failures=600
obj=892
time=8858
buffers=16
windows=41
branches=1262
failures=100
obj=886
time=10265
buffers=16
windows=41
branches=1228
failures=101
obj=874
time=11590
buffers=16
windows=41
branches=1161
failures=110
obj=871
time=13091
buffers=16
windows=41
branches=4735
failures=800
obj=855
time=17981
buffers=16
windows=41
branches=1211
failures=101
obj=844
time=19562
buffers=16
windows=41
branches=1168
failures=100
obj=839
time=20930
buffers=16
windows=41
branches=1215
failures=101
obj=830
time=22420
buffers=16
windows=41
branches=37329
failures=9905
obj=829
time=57903
buffers=16
windows=41
branches=12038
failures=2853
obj=824
time=70304
buffers=16
windows=41
branches=17887
failures=4500
obj=815
time=87914
buffers=16
windows=41
branches=5676
failures=1203
obj=814
time=94431
buffers=16
windows=41
branches=46284
failures=13000
obj=802
time=140617
buffers=16
windows=41
branches=45711
failures=12900
obj=800
time=184263
buffers=16
windows=41
branches=37820
failures=11103
obj=796
time=221596
buffers=16
windows=41
branches=69025
failures=21246
obj=793
time=281270
buffers=16
windows=41
branches=73296
failures=23073
obj=791
time=345255
buffers=16
windows=41
branches=78735
failures=23914
obj=785
time=418830
buffers=16
windows=41
branches=102693
failures=31573
obj=784
time=516392
buffers=16
windows=41
branches=345758
failures=121319
obj=770
time=792332
buffers=16
windows=41
branches=43064
failures=12793
obj=766
time=829830
buffers=16
windows=41
branches=341238
failures=121692
obj=765
time=1109732
buffers=16
windows=41
branches=1810
failures=209
obj=764
time=1111986
buffers=16
windows=41
branches=75467
failures=24400
obj=763
time=1182636
buffers=16
windows=41
branches=649221
failures=239606
obj=760
time=1691542
buffers=16
windows=41
branches=549488
failures=200506
obj=758
time=2158873
buffers=16
windows=41
branches=544803
failures=198091
obj=756
time=2632378
buffers=16
windows=41
branches=860147
failures=317020
obj=753
time=3344315
buffers=16
windows=41
branches=238466
failures=83049
obj=751
time=3556038
buffers=16
windows=41
branches=42173
failures=13414
original_status=TIMEOUT
original_lb=272
obj=751
time=3600001
status=TIMEOUT
real_obj=75.075
real_time=3600001
