global=1
denseranking=1
symmetry=1
single_window=1
peak-ub=1372
buffers=16
windows=61
branches=960
failures=0
obj=1147
time=852
buffers=16
windows=61
branches=958
failures=0
obj=1039
time=1717
buffers=16
windows=61
branches=2103
failures=101
obj=903
time=3533
buffers=16
windows=61
branches=952
failures=0
obj=770
time=4378
buffers=16
windows=61
branches=930
failures=0
obj=768
time=5237
buffers=16
windows=61
branches=7182
failures=800
obj=760
time=11766
buffers=16
windows=61
branches=5498
failures=600
obj=755
time=16791
buffers=16
windows=61
branches=76847
failures=14551
obj=753
time=82071
buffers=16
windows=61
branches=19540
failures=3300
obj=750
time=100190
buffers=16
windows=61
branches=27702
failures=4506
obj=748
time=123305
buffers=16
windows=61
branches=935
failures=3
obj=747
time=124287
buffers=16
windows=61
branches=12528
failures=1700
obj=744
time=136028
buffers=16
windows=61
branches=12201
failures=1606
obj=743
time=147488
buffers=16
windows=61
branches=8840
failures=1204
obj=737
time=155616
buffers=16
windows=61
branches=18811
failures=3200
obj=732
time=173709
buffers=16
windows=61
branches=944
failures=9
obj=730
time=174707
buffers=16
windows=61
branches=16326
failures=2573
obj=729
time=188771
buffers=16
windows=61
branches=46309
failures=8969
obj=719
time=230052
buffers=16
windows=61
branches=230525
failures=53430
obj=715
time=421804
buffers=16
windows=61
branches=49026
failures=9507
obj=714
time=466345
buffers=16
windows=61
branches=94492
failures=20500
obj=713
time=546512
buffers=16
windows=61
branches=54666
failures=10273
obj=712
time=596290
buffers=16
windows=61
branches=16403
failures=2519
obj=709
time=611112
buffers=16
windows=61
branches=240684
failures=56103
obj=707
time=818478
buffers=16
windows=61
branches=13536
failures=1919
obj=705
time=831791
buffers=16
windows=61
branches=182087
failures=43872
obj=703
time=989620
buffers=16
windows=61
branches=173334
failures=40053
obj=700
time=1143910
buffers=16
windows=61
branches=100034
failures=21568
obj=697
time=1233646
buffers=16
windows=61
branches=103048
failures=22542
obj=693
time=1320037
buffers=16
windows=61
branches=566775
failures=143154
obj=683
time=1764503
buffers=16
windows=61
branches=219061
failures=52070
obj=682
time=1940641
buffers=16
windows=61
branches=351485
failures=84155
obj=673
time=2224848
buffers=16
windows=61
branches=1188042
failures=319111
obj=666
time=3179648
buffers=16
windows=61
branches=515154
failures=131001
original_status=TIMEOUT
original_lb=196
obj=666
time=3600003
status=TIMEOUT
real_obj=66.532
real_time=3600003
