global=1
denseranking=1
symmetry=1
single_window=1
peak-ub=1977
buffers=16
windows=81
branches=1280
failures=0
obj=1283
time=779
buffers=16
windows=81
branches=1280
failures=0
obj=1174
time=1544
buffers=16
windows=81
branches=1281
failures=1
obj=1139
time=2360
buffers=16
windows=81
branches=1280
failures=1
obj=1130
time=3121
buffers=16
windows=81
branches=1280
failures=0
obj=972
time=3936
buffers=16
windows=81
branches=1972
failures=103
obj=968
time=5128
buffers=16
windows=81
branches=1275
failures=0
obj=948
time=5902
buffers=16
windows=81
branches=1990
failures=100
obj=947
time=7065
buffers=16
windows=81
branches=1271
failures=0
obj=931
time=7876
buffers=16
windows=81
branches=3241
failures=201
obj=926
time=9766
buffers=16
windows=81
branches=1267
failures=0
obj=916
time=10538
buffers=16
windows=81
branches=1648
failures=100
obj=891
time=11539
buffers=16
windows=81
branches=3701
failures=401
obj=882
time=13573
buffers=16
windows=81
branches=10645
failures=1700
obj=868
time=19305
buffers=16
windows=81
branches=6344
failures=800
obj=858
time=22833
buffers=16
windows=81
branches=8027
failures=1301
obj=849
time=27400
buffers=16
windows=81
branches=11937
failures=2000
obj=847
time=34032
buffers=16
windows=81
branches=7455
failures=1200
obj=842
time=38348
buffers=16
windows=81
branches=4513
failures=593
obj=841
time=41086
buffers=16
windows=81
branches=40356
failures=9300
obj=830
time=61459
buffers=16
windows=81
branches=2665
failures=201
obj=829
time=63023
buffers=16
windows=81
branches=6312
failures=956
obj=822
time=66497
buffers=16
windows=81
branches=42555
failures=9601
obj=819
time=89783
buffers=16
windows=81
branches=24897
failures=4973
obj=818
time=103421
buffers=16
windows=81
branches=11936
failures=2167
obj=817
time=109929
buffers=16
windows=81
branches=100813
failures=25602
obj=813
time=163424
buffers=16
windows=81
branches=61047
failures=14443
obj=804
time=196274
buffers=16
windows=81
branches=89382
failures=23000
obj=769
time=242329
buffers=16
windows=81
branches=2308
failures=201
obj=767
time=243761
buffers=16
windows=81
branches=70175
failures=19182
obj=764
time=281017
buffers=16
windows=81
branches=212706
failures=59359
obj=762
time=393901
buffers=16
windows=81
branches=138758
failures=38193
obj=759
time=466861
buffers=16
windows=81
branches=563947
failures=168509
obj=757
time=765322
buffers=16
windows=81
branches=842731
failures=264251
obj=753
time=1202388
buffers=16
windows=81
branches=327094
failures=100826
obj=752
time=1380874
buffers=16
windows=81
branches=675771
failures=213344
obj=750
time=1722558
buffers=16
windows=81
branches=546036
failures=163542
obj=748
time=1998273
buffers=16
windows=81
branches=1470855
failures=486326
obj=742
time=2751381
buffers=16
windows=81
branches=320288
failures=98240
obj=736
time=2921149
buffers=16
windows=81
branches=1231249
failures=388801
original_status=TIMEOUT
original_lb=216
obj=736
time=3600003
status=TIMEOUT
real_obj=73.598
real_time=3600003
