global=1
denseranking=1
symmetry=1
single_window=1
peak-ub=2020
buffers=16
windows=41
branches=640
failures=0
obj=1267
time=809
buffers=16
windows=41
branches=640
failures=0
obj=1051
time=1538
buffers=16
windows=41
branches=638
failures=6
obj=1045
time=2386
buffers=16
windows=41
branches=636
failures=0
obj=955
time=3175
buffers=16
windows=41
branches=2165
failures=200
obj=936
time=5899
buffers=16
windows=41
branches=632
failures=1
obj=881
time=6641
buffers=16
windows=41
branches=5117
failures=889
obj=880
time=12198
buffers=16
windows=41
branches=625
failures=0
obj=879
time=13032
buffers=16
windows=41
branches=15913
failures=3578
obj=871
time=27564
buffers=16
windows=41
branches=3634
failures=501
obj=864
time=31586
buffers=16
windows=41
branches=41257
failures=9887
obj=854
time=72404
buffers=16
windows=41
branches=29639
failures=7742
obj=848
time=103786
buffers=16
windows=41
branches=597
failures=0
obj=843
time=104636
buffers=16
windows=41
branches=2006
failures=323
obj=842
time=107000
buffers=16
windows=41
branches=54775
failures=14443
obj=841
time=162482
buffers=16
windows=41
branches=12132
failures=2445
obj=838
time=175552
buffers=16
windows=41
branches=3629
failures=500
obj=837
time=179941
buffers=16
windows=41
branches=23978
failures=5366
obj=834
time=204624
buffers=16
windows=41
branches=3089
failures=500
obj=826
time=208347
buffers=16
windows=41
branches=26565
failures=6780
obj=823
time=235106
buffers=16
windows=41
branches=88576
failures=24403
obj=821
time=319441
buffers=16
windows=41
branches=163349
failures=48500
obj=820
time=474973
buffers=16
windows=41
branches=18243
failures=4253
obj=817
time=494214
buffers=16
windows=41
branches=186091
failures=55535
obj=816
time=672030
buffers=16
windows=41
branches=59153
failures=16829
obj=810
time=730335
buffers=16
windows=41
branches=26313
failures=6532
obj=807
time=755257
buffers=16
windows=41
branches=130318
failures=38883
obj=806
time=872146
buffers=16
windows=41
branches=93134
failures=27435
obj=804
time=961334
buffers=16
windows=41
branches=200823
failures=61632
obj=800
time=1137106
buffers=16
windows=41
branches=372582
failures=120067
obj=798
time=1471863
buffers=16
windows=41
branches=1755449
failures=614306
obj=797
time=2976566
buffers=16
windows=41
branches=750795
failures=256817
original_status=TIMEOUT
original_lb=241
obj=797
time=3600002
status=TIMEOUT
real_obj=127.473
real_time=3600002
