global=1
denseranking=1
symmetry=1
single_window=1
peak-ub=1207
buffers=8
windows=21
branches=160
failures=0
obj=747
time=56
buffers=8
windows=21
branches=158
failures=0
obj=661
time=120
buffers=8
windows=21
branches=487
failures=100
obj=648
time=270
buffers=8
windows=21
branches=1372
failures=400
obj=576
time=558
buffers=8
windows=21
branches=235
failures=48
obj=554
time=628
buffers=8
windows=21
branches=4851
failures=1771
obj=546
time=1611
buffers=8
windows=21
branches=1253
failures=408
obj=536
time=1890
buffers=8
windows=21
branches=938
failures=304
obj=529
time=2121
buffers=8
windows=21
branches=1338
failures=479
obj=524
time=2421
buffers=8
windows=21
branches=3873
failures=1467
obj=512
time=3163
buffers=8
windows=21
branches=1581
failures=532
obj=507
time=3523
buffers=8
windows=21
branches=13555
failures=5411
obj=504
time=5944
buffers=8
windows=21
branches=12816
failures=5130
obj=499
time=8431
buffers=8
windows=21
branches=23000
failures=9604
obj=497
time=12252
buffers=8
windows=21
branches=48873
failures=21146
obj=496
time=20334
buffers=8
windows=21
branches=24691
failures=10295
obj=494
time=24488
buffers=8
windows=21
branches=74819
failures=32196
obj=489
time=35750
buffers=8
windows=21
branches=158239
failures=69945
obj=488
time=58594
buffers=8
windows=21
branches=101820
failures=45469
obj=487
time=72658
buffers=8
windows=21
branches=809
failures=275
obj=485
time=72855
buffers=8
windows=21
branches=329803
failures=148667
obj=483
time=121073
buffers=8
windows=21
branches=277856
failures=125261
obj=476
time=160456
buffers=8
windows=21
branches=868805
failures=396818
obj=469
time=282094
buffers=8
windows=21
branches=7123919
failures=3331116
obj=468
time=1313247
buffers=8
windows=21
branches=1688804
failures=780885
obj=464
time=1550044
buffers=8
windows=21
branches=14999780
failures=7065601
original_status=TIMEOUT
original_lb=210
obj=464
time=3600000
status=TIMEOUT
real_obj=52.277
real_time=3600000
