global=1
denseranking=1
symmetry=1
single_window=1
peak-ub=846
buffers=16
windows=41
branches=640
failures=0
obj=654
time=693
buffers=16
windows=41
branches=640
failures=0
obj=625
time=1391
buffers=16
windows=41
branches=640
failures=0
obj=622
time=2156
buffers=16
windows=41
branches=640
failures=0
obj=517
time=2887
buffers=16
windows=41
branches=749
failures=58
obj=510
time=3753
buffers=16
windows=41
branches=3482
failures=500
obj=498
time=7732
buffers=16
windows=41
branches=4008
failures=541
obj=457
time=12638
buffers=16
windows=41
branches=20722
failures=4901
obj=455
time=34628
buffers=16
windows=41
branches=21869
failures=5200
obj=454
time=56294
buffers=16
windows=41
branches=15355
failures=3980
obj=446
time=72276
buffers=16
windows=41
branches=49370
failures=14004
obj=444
time=125277
buffers=16
windows=41
branches=14142
failures=3684
obj=442
time=140612
buffers=16
windows=41
branches=104453
failures=32622
obj=440
time=242477
buffers=16
windows=41
branches=24301
failures=7704
obj=431
time=266348
buffers=16
windows=41
branches=27949
failures=8728
obj=426
time=295296
buffers=16
windows=41
branches=32780
failures=11014
obj=422
time=324867
buffers=16
windows=41
branches=103981
failures=37416
obj=411
time=413878
buffers=16
windows=41
branches=633143
failures=254620
obj=406
time=889060
buffers=16
windows=41
branches=1896947
failures=784097
obj=402
time=2175035
buffers=16
windows=41
branches=919709
failures=375645
obj=397
time=2848761
buffers=16
windows=41
branches=1214217
failures=513601
original_status=TIMEOUT
original_lb=250
obj=397
time=3600002
status=TIMEOUT
real_obj=39.623
real_time=3600002
