global=1
denseranking=1
symmetry=1
single_window=1
peak-ub=501
buffers=16
windows=21
branches=320
failures=0
obj=389
time=736
buffers=16
windows=21
branches=319
failures=1
obj=386
time=1558
buffers=16
windows=21
branches=313
failures=0
obj=359
time=2303
buffers=16
windows=21
branches=528
failures=100
obj=356
time=3372
buffers=16
windows=21
branches=315
failures=0
obj=337
time=4174
buffers=16
windows=21
branches=1232
failures=259
obj=318
time=7120
buffers=16
windows=21
branches=1957
failures=483
obj=317
time=11860
buffers=16
windows=21
branches=4768
failures=1216
obj=304
time=23999
buffers=16
windows=21
branches=106980
failures=37793
obj=303
time=246367
buffers=16
windows=21
branches=522417
failures=191864
obj=301
time=1366164
buffers=16
windows=21
branches=581892
failures=228125
obj=300
time=2694440
buffers=16
windows=21
branches=447460
failures=163041
original_status=TIMEOUT
original_lb=220
obj=300
time=3600003
status=TIMEOUT
real_obj=29.928
real_time=3600003
