global=1
denseranking=1
symmetry=1
single_window=1
peak-ub=1626
buffers=16
windows=21
branches=320
failures=0
obj=1307
time=560
buffers=16
windows=21
branches=320
failures=0
obj=1176
time=1135
buffers=16
windows=21
branches=318
failures=0
obj=1045
time=1680
buffers=16
windows=21
branches=382
failures=35
obj=993
time=2292
buffers=16
windows=21
branches=2101
failures=501
obj=980
time=5536
buffers=16
windows=21
branches=6389
failures=1801
obj=967
time=13928
buffers=16
windows=21
branches=2509
failures=600
obj=966
time=17892
buffers=16
windows=21
branches=1858
failures=461
obj=945
time=21155
buffers=16
windows=21
branches=301
failures=0
obj=918
time=21734
buffers=16
windows=21
branches=3936
failures=1200
obj=917
time=26383
buffers=16
windows=21
branches=4988
failures=1558
obj=903
time=33220
buffers=16
windows=21
branches=8477
failures=2781
obj=896
time=46582
buffers=16
windows=21
branches=10419
failures=3600
obj=894
time=57523
buffers=16
windows=21
branches=4048
failures=1200
obj=879
time=62830
buffers=16
windows=21
branches=5972
failures=1800
obj=863
time=71033
buffers=16
windows=21
branches=208860
failures=83429
obj=862
time=299511
buffers=16
windows=21
branches=35674
failures=13041
obj=856
time=340551
buffers=16
windows=21
branches=8244
failures=2887
obj=855
time=350793
buffers=16
windows=21
branches=7996
failures=2704
obj=849
time=361402
buffers=16
windows=21
branches=2291
failures=608
obj=846
time=364783
buffers=16
windows=21
branches=47869
failures=18862
obj=845
time=419916
buffers=16
windows=21
branches=2888
failures=800
obj=843
time=424104
buffers=16
windows=21
branches=19719
failures=7223
obj=842
time=446131
buffers=16
windows=21
branches=109606
failures=44329
obj=838
time=566528
buffers=16
windows=21
branches=30277
failures=11334
obj=835
time=602039
buffers=16
windows=21
branches=137879
failures=55295
obj=833
time=741045
buffers=16
windows=21
branches=295076
failures=122102
obj=829
time=1033908
buffers=16
windows=21
branches=12202
failures=4265
obj=824
time=1051801
buffers=16
windows=21
branches=598267
failures=253289
obj=819
time=1671250
buffers=16
windows=21
branches=288808
failures=120156
obj=818
time=1967638
buffers=16
windows=21
branches=445450
failures=182662
obj=815
time=2406435
buffers=16
windows=21
branches=46331
failures=18265
obj=805
time=2456122
buffers=16
windows=21
branches=14322
failures=5000
obj=791
time=2474045
buffers=16
windows=21
branches=100339
failures=41062
obj=789
time=2588476
buffers=16
windows=21
branches=1010011
failures=434003
original_status=TIMEOUT
original_lb=268
obj=789
time=3600001
status=TIMEOUT
real_obj=78.856
real_time=3600001
