global=1
denseranking=1
symmetry=1
single_window=1
peak-ub=2696
buffers=24
windows=61
branches=1440
failures=0
obj=1206
time=4298
buffers=24
windows=61
branches=1438
failures=0
obj=1174
time=8220
buffers=24
windows=61
branches=1440
failures=0
obj=994
time=12078
buffers=24
windows=61
branches=1434
failures=1
obj=993
time=16254
buffers=24
windows=61
branches=1431
failures=2
obj=991
time=20569
buffers=24
windows=61
branches=1434
failures=1
obj=987
time=25411
buffers=24
windows=61
branches=1436
failures=2
obj=985
time=30662
buffers=24
windows=61
branches=2950
failures=100
obj=937
time=41506
buffers=24
windows=61
branches=3020
failures=100
obj=925
time=52394
buffers=24
windows=61
branches=13002
failures=1200
obj=909
time=104394
buffers=24
windows=61
branches=2850
failures=100
obj=903
time=116290
buffers=24
windows=61
branches=9217
failures=619
obj=895
time=150748
buffers=24
windows=61
branches=8977
failures=603
obj=891
time=187611
buffers=24
windows=61
branches=27017
failures=3200
obj=882
time=294789
buffers=24
windows=61
branches=9184
failures=607
obj=881
time=331376
buffers=24
windows=61
branches=14269
failures=1300
obj=860
time=378154
buffers=24
windows=61
branches=27489
failures=3206
obj=859
time=491129
buffers=24
windows=61
branches=52608
failures=6400
obj=846
time=673735
buffers=24
windows=61
branches=20211
failures=1812
obj=845
time=746483
buffers=24
windows=61
branches=44224
failures=4904
obj=838
time=905647
buffers=24
windows=61
branches=29720
failures=3400
obj=827
time=1010177
buffers=24
windows=61
branches=12724
failures=1211
obj=825
time=1057387
buffers=24
windows=61
branches=105079
failures=13600
obj=822
time=1469447
buffers=24
windows=61
branches=4393
failures=203
obj=817
time=1489555
buffers=24
windows=61
branches=330037
failures=55658
obj=814
time=2652178
buffers=24
windows=61
branches=141487
failures=21603
obj=808
time=3102653
buffers=24
windows=61
branches=130174
failures=20401
obj=806
time=3585032
buffers=24
windows=61
branches=3965
failures=401
original_status=TIMEOUT
original_lb=270
obj=806
time=3600009
status=TIMEOUT
real_obj=80.564
real_time=3600009
