global=1
denseranking=1
symmetry=1
single_window=1
peak-ub=3322
buffers=16
windows=81
branches=1280
failures=0
obj=1546
time=928
buffers=16
windows=81
branches=1280
failures=0
obj=1458
time=1809
buffers=16
windows=81
branches=1280
failures=0
obj=1341
time=2694
buffers=16
windows=81
branches=1280
failures=0
obj=1190
time=3579
buffers=16
windows=81
branches=2919
failures=200
obj=1034
time=5497
buffers=16
windows=81
branches=1762
failures=100
obj=1002
time=6799
buffers=16
windows=81
branches=1272
failures=0
obj=993
time=7771
buffers=16
windows=81
branches=7000
failures=1184
obj=950
time=13051
buffers=16
windows=81
branches=3812
failures=481
obj=943
time=15914
buffers=16
windows=81
branches=59236
failures=15546
obj=933
time=53161
buffers=16
windows=81
branches=4079
failures=500
obj=917
time=56074
buffers=16
windows=81
branches=68283
failures=21201
obj=910
time=99580
buffers=16
windows=81
branches=43143
failures=11401
obj=905
time=129245
buffers=16
windows=81
branches=16716
failures=3802
obj=899
time=140360
buffers=16
windows=81
branches=170202
failures=54000
obj=883
time=249436
buffers=16
windows=81
branches=122973
failures=38879
obj=881
time=331662
buffers=16
windows=81
branches=201980
failures=65579
obj=880
time=461576
buffers=16
windows=81
branches=13246
failures=3354
obj=875
time=471116
buffers=16
windows=81
branches=267732
failures=88192
obj=866
time=651527
buffers=16
windows=81
branches=268745
failures=93455
obj=865
time=817454
buffers=16
windows=81
branches=556255
failures=196437
obj=864
time=1181543
buffers=16
windows=81
branches=587235
failures=211698
obj=861
time=1545359
buffers=16
windows=81
branches=57701
failures=18821
obj=860
time=1582890
buffers=16
windows=81
branches=267872
failures=93060
obj=859
time=1754686
buffers=16
windows=81
branches=266737
failures=92545
obj=858
time=1919762
buffers=16
windows=81
branches=1000661
failures=363084
obj=855
time=2513790
buffers=16
windows=81
branches=1062631
failures=387691
obj=853
time=3166725
buffers=16
windows=81
branches=118831
failures=40628
obj=852
time=3240119
buffers=16
windows=81
branches=600886
failures=223774
original_status=TIMEOUT
original_lb=256
obj=852
time=3600003
status=TIMEOUT
real_obj=85.133
real_time=3600003
