global=1
denseranking=1
symmetry=1
single_window=1
peak-ub=683
buffers=8
windows=41
branches=320
failures=0
obj=543
time=45
buffers=8
windows=41
branches=317
failures=0
obj=483
time=94
buffers=8
windows=41
branches=316
failures=0
obj=455
time=147
buffers=8
windows=41
branches=451
failures=71
obj=400
time=210
buffers=8
windows=41
branches=364
failures=33
obj=398
time=271
buffers=8
windows=41
branches=965
failures=209
obj=395
time=409
buffers=8
windows=41
branches=416
failures=59
obj=382
time=474
buffers=8
windows=41
branches=1318
failures=337
obj=379
time=648
buffers=8
windows=41
branches=3598
failures=1221
obj=375
time=1077
buffers=8
windows=41
branches=2342
failures=709
obj=373
time=1368
buffers=8
windows=41
branches=2681
failures=816
obj=369
time=1753
buffers=8
windows=41
branches=2678
failures=823
obj=367
time=2120
buffers=8
windows=41
branches=21532
failures=8498
obj=365
time=4138
buffers=8
windows=41
branches=6872
failures=2415
obj=363
time=4931
buffers=8
windows=41
branches=21719
failures=8559
obj=362
time=7339
buffers=8
windows=41
branches=79091
failures=32061
obj=361
time=15048
buffers=8
windows=41
branches=40208
failures=16102
obj=360
time=19067
buffers=8
windows=41
branches=55822
failures=22853
obj=355
time=23989
buffers=8
windows=41
branches=33258
failures=12987
obj=354
time=27382
buffers=8
windows=41
branches=449227
failures=193893
obj=349
time=63537
buffers=8
windows=41
branches=1608092
failures=712072
obj=347
time=179003
buffers=8
windows=41
branches=1158646
failures=516201
obj=346
time=279509
buffers=8
windows=41
branches=820619
failures=358594
obj=345
time=354887
buffers=8
windows=41
branches=279311
failures=120513
obj=343
time=380137
buffers=8
windows=41
branches=13818953
failures=6303746
obj=337
time=1648491
buffers=8
windows=41
branches=21320344
failures=9719183
original_status=TIMEOUT
original_lb=230
obj=337
time=3600021
status=TIMEOUT
real_obj=33.655
real_time=3600021
