global=1
denseranking=1
symmetry=1
single_window=1
peak-ub=1962
buffers=24
windows=61
branches=1440
failures=0
obj=1357
time=4037
buffers=24
windows=61
branches=1440
failures=0
obj=1205
time=7913
buffers=24
windows=61
branches=1438
failures=0
obj=1073
time=11676
buffers=24
windows=61
branches=4402
failures=402
obj=1063
time=23524
buffers=24
windows=61
branches=1436
failures=0
obj=1035
time=28200
buffers=24
windows=61
branches=2298
failures=100
obj=1006
time=35478
buffers=24
windows=61
branches=3071
failures=200
obj=983
time=45511
buffers=24
windows=61
branches=21536
failures=3707
obj=982
time=118084
buffers=24
windows=61
branches=8836
failures=1200
obj=974
time=148740
buffers=24
windows=61
branches=10475
failures=1403
obj=961
time=182814
buffers=24
windows=61
branches=9915
failures=1401
obj=953
time=213659
buffers=24
windows=61
branches=16441
failures=3202
obj=941
time=266708
buffers=24
windows=61
branches=1416
failures=0
obj=912
time=271403
buffers=24
windows=61
branches=50347
failures=10631
obj=908
time=421762
buffers=24
windows=61
branches=88793
failures=21002
obj=900
time=705136
buffers=24
windows=61
branches=128575
failures=30901
obj=894
time=1066891
buffers=24
windows=61
branches=84501
failures=20500
obj=885
time=1323306
buffers=24
windows=61
branches=730086
failures=216949
obj=883
time=3203475
buffers=24
windows=61
branches=127190
failures=31701
original_status=TIMEOUT
original_lb=251
obj=883
time=3600004
status=TIMEOUT
real_obj=88.240
real_time=3600004
