global=1
denseranking=1
symmetry=1
single_window=1
peak-ub=1618
buffers=24
windows=41
branches=960
failures=0
obj=1179
time=2488
buffers=24
windows=41
branches=960
failures=0
obj=1144
time=4635
buffers=24
windows=41
branches=960
failures=0
obj=1034
time=6573
buffers=24
windows=41
branches=955
failures=0
obj=1033
time=8889
buffers=24
windows=41
branches=957
failures=0
obj=1029
time=11261
buffers=24
windows=41
branches=961
failures=4
obj=1028
time=13856
buffers=24
windows=41
branches=958
failures=0
obj=950
time=16336
buffers=24
windows=41
branches=952
failures=0
obj=928
time=19177
buffers=24
windows=41
branches=1910
failures=100
obj=898
time=24913
buffers=24
windows=41
branches=3103
failures=200
obj=872
time=33651
buffers=24
windows=41
branches=3473
failures=500
obj=868
time=43274
buffers=24
windows=41
branches=17469
failures=3401
obj=862
time=78638
buffers=24
windows=41
branches=9364
failures=1600
obj=855
time=102029
buffers=24
windows=41
branches=1849
failures=100
obj=839
time=106648
buffers=24
windows=41
branches=3577
failures=403
obj=836
time=115211
buffers=24
windows=41
branches=5124
failures=800
obj=833
time=128328
buffers=24
windows=41
branches=36510
failures=9200
obj=831
time=222017
buffers=24
windows=41
branches=9639
failures=1603
obj=827
time=244318
buffers=24
windows=41
branches=33736
failures=8401
obj=819
time=325334
buffers=24
windows=41
branches=16479
failures=3702
obj=808
time=361636
buffers=24
windows=41
branches=173379
failures=53001
obj=807
time=765217
buffers=24
windows=41
branches=164209
failures=49230
obj=806
time=1135203
buffers=24
windows=41
branches=53693
failures=13786
obj=800
time=1239887
buffers=24
windows=41
branches=1441
failures=114
obj=795
time=1244068
buffers=24
windows=41
branches=40648
failures=11200
obj=794
time=1328516
buffers=24
windows=41
branches=69607
failures=20800
obj=792
time=1470940
buffers=24
windows=41
branches=34259
failures=9401
obj=789
time=1556120
buffers=24
windows=41
branches=86082
failures=25600
obj=788
time=1737621
buffers=24
windows=41
branches=126647
failures=40781
obj=787
time=1998668
buffers=24
windows=41
branches=434601
failures=146389
obj=779
time=2844095
buffers=24
windows=41
branches=2308
failures=201
obj=777
time=2851602
buffers=24
windows=41
branches=306784
failures=104559
original_status=TIMEOUT
original_lb=228
obj=777
time=3600002
status=TIMEOUT
real_obj=77.671
real_time=3600002
