global=1
denseranking=1
symmetry=1
single_window=1
peak-ub=1494
buffers=16
windows=41
branches=640
failures=0
obj=888
time=730
buffers=16
windows=41
branches=640
failures=0
obj=876
time=1416
buffers=16
windows=41
branches=640
failures=0
obj=712
time=2086
buffers=16
windows=41
branches=636
failures=2
obj=707
time=2703
buffers=16
windows=41
branches=1790
failures=200
obj=649
time=4368
buffers=16
windows=41
branches=1135
failures=100
obj=645
time=5523
buffers=16
windows=41
branches=1020
failures=103
obj=644
time=6512
buffers=16
windows=41
branches=626
failures=4
obj=639
time=7189
buffers=16
windows=41
branches=619
failures=0
obj=632
time=7812
buffers=16
windows=41
branches=616
failures=0
obj=629
time=8471
buffers=16
windows=41
branches=3857
failures=841
obj=623
time=12104
buffers=16
windows=41
branches=3364
failures=592
obj=615
time=15263
buffers=16
windows=41
branches=1824
failures=279
obj=603
time=16897
buffers=16
windows=41
branches=6147
failures=1601
obj=602
time=22351
buffers=16
windows=41
branches=5380
failures=1300
obj=596
time=26819
buffers=16
windows=41
branches=6920
failures=1755
obj=595
time=32733
buffers=16
windows=41
branches=1108
failures=173
obj=594
time=33871
buffers=16
windows=41
branches=55179
failures=19136
obj=591
time=77589
buffers=16
windows=41
branches=10200
failures=3055
obj=587
time=86047
buffers=16
windows=41
branches=46332
failures=14896
obj=582
time=124585
buffers=16
windows=41
branches=10517
failures=3084
obj=580
time=133763
buffers=16
windows=41
branches=23553
failures=7873
obj=575
time=152134
buffers=16
windows=41
branches=7991
failures=2096
obj=572
time=159757
buffers=16
windows=41
branches=14149
failures=4233
obj=571
time=172134
buffers=16
windows=41
branches=26539
failures=8738
obj=570
time=194345
buffers=16
windows=41
branches=33566
failures=11401
obj=567
time=220164
buffers=16
windows=41
branches=19713
failures=6360
obj=566
time=236587
buffers=16
windows=41
branches=107919
failures=39869
obj=565
time=315877
buffers=16
windows=41
branches=29188
failures=9698
obj=561
time=339399
buffers=16
windows=41
branches=18812
failures=6184
obj=560
time=355390
buffers=16
windows=41
branches=165908
failures=62632
obj=554
time=476686
buffers=16
windows=41
branches=246481
failures=96542
obj=553
time=654172
buffers=16
windows=41
branches=103068
failures=38228
obj=550
time=734165
buffers=16
windows=41
branches=113940
failures=44067
obj=549
time=818123
buffers=16
windows=41
branches=509117
failures=203325
obj=547
time=1196401
buffers=16
windows=41
branches=210435
failures=79870
obj=546
time=1366579
buffers=16
windows=41
branches=245099
failures=98602
obj=544
time=1551840
buffers=16
windows=41
branches=366780
failures=145411
obj=543
time=1842309
buffers=16
windows=41
branches=112486
failures=43788
obj=541
time=1924757
buffers=16
windows=41
branches=344319
failures=136170
obj=540
time=2172340
buffers=16
windows=41
branches=234816
failures=93025
obj=539
time=2345881
buffers=16
windows=41
branches=241590
failures=96085
obj=536
time=2517270
buffers=16
windows=41
branches=433699
failures=173885
obj=534
time=2822723
buffers=16
windows=41
branches=536031
failures=220336
obj=533
time=3177985
buffers=16
windows=41
branches=591013
failures=243401
original_status=TIMEOUT
original_lb=307
obj=533
time=3600003
status=TIMEOUT
real_obj=53.236
real_time=3600003
