global=1
denseranking=1
symmetry=1
single_window=1
peak-ub=7406
buffers=24
windows=81
branches=1920
failures=0
obj=2831
time=3179
buffers=24
windows=81
branches=1920
failures=0
obj=2267
time=5867
buffers=24
windows=81
branches=1920
failures=0
obj=2176
time=8538
buffers=24
windows=81
branches=1920
failures=0
obj=2133
time=10911
buffers=24
windows=81
branches=1920
failures=0
obj=1966
time=13239
buffers=24
windows=81
branches=1920
failures=0
obj=1729
time=16145
buffers=24
windows=81
branches=10750
failures=802
obj=1719
time=34027
buffers=24
windows=81
branches=11446
failures=1200
obj=1715
time=54820
buffers=24
windows=81
branches=11106
failures=1195
obj=1696
time=72679
buffers=24
windows=81
branches=13018
failures=1201
obj=1677
time=94480
buffers=24
windows=81
branches=9905
failures=817
obj=1673
time=114190
buffers=24
windows=81
branches=32545
failures=3821
obj=1665
time=170444
buffers=24
windows=81
branches=1913
failures=0
obj=1640
time=173632
buffers=24
windows=81
branches=77389
failures=11427
obj=1633
time=313707
buffers=24
windows=81
branches=49808
failures=8002
obj=1617
time=403187
buffers=24
windows=81
branches=12074
failures=1260
obj=1607
time=422362
buffers=24
windows=81
branches=56245
failures=8419
obj=1606
time=537118
buffers=24
windows=81
branches=59248
failures=8831
obj=1605
time=635719
buffers=24
windows=81
branches=12211
failures=1284
obj=1598
time=663187
buffers=24
windows=81
branches=127890
failures=21616
obj=1595
time=875483
buffers=24
windows=81
branches=9622
failures=835
obj=1590
time=894425
buffers=24
windows=81
branches=192627
failures=32101
obj=1588
time=1252055
buffers=24
windows=81
branches=171543
failures=29002
obj=1582
time=1524801
buffers=24
windows=81
branches=47461
failures=6962
obj=1563
time=1633803
buffers=24
windows=81
branches=300882
failures=56415
obj=1538
time=2129016
buffers=24
windows=81
branches=533928
failures=114002
obj=1537
time=2986741
buffers=24
windows=81
branches=185591
failures=32115
obj=1496
time=3380562
buffers=24
windows=81
branches=98201
failures=19201
original_status=TIMEOUT
original_lb=197
obj=1496
time=3600003
status=TIMEOUT
real_obj=149.503
real_time=3600003
