global=1
denseranking=1
symmetry=1
single_window=1
peak-ub=1170
buffers=8
windows=41
branches=320
failures=0
obj=838
time=47
buffers=8
windows=41
branches=319
failures=0
obj=768
time=99
buffers=8
windows=41
branches=320
failures=0
obj=645
time=151
buffers=8
windows=41
branches=315
failures=0
obj=620
time=204
buffers=8
windows=41
branches=314
failures=0
obj=581
time=259
buffers=8
windows=41
branches=302
failures=0
obj=580
time=316
buffers=8
windows=41
branches=1672
failures=498
obj=571
time=533
buffers=8
windows=41
branches=661
failures=164
obj=566
time=621
buffers=8
windows=41
branches=2978
failures=894
obj=562
time=982
buffers=8
windows=41
branches=6145
failures=2061
obj=553
time=1684
buffers=8
windows=41
branches=2293
failures=675
obj=552
time=1996
buffers=8
windows=41
branches=3032
failures=1000
obj=551
time=2343
buffers=8
windows=41
branches=5409
failures=1918
obj=540
time=2859
buffers=8
windows=41
branches=1018
failures=253
obj=539
time=2982
buffers=8
windows=41
branches=1761
failures=516
obj=538
time=3164
buffers=8
windows=41
branches=10426
failures=4261
obj=537
time=4028
buffers=8
windows=41
branches=14231
failures=5425
obj=532
time=5328
buffers=8
windows=41
branches=2115
failures=698
obj=526
time=5537
buffers=8
windows=41
branches=7114
failures=2843
obj=525
time=6134
buffers=8
windows=41
branches=1240
failures=341
obj=524
time=6273
buffers=8
windows=41
branches=5866
failures=2273
obj=522
time=6791
buffers=8
windows=41
branches=2771
failures=975
obj=515
time=7065
buffers=8
windows=41
branches=5259
failures=1975
obj=510
time=7572
buffers=8
windows=41
branches=6792
failures=2740
obj=495
time=8116
buffers=8
windows=41
branches=20853
failures=9015
obj=494
time=9866
buffers=8
windows=41
branches=34044
failures=14750
obj=493
time=12802
buffers=8
windows=41
branches=58244
failures=26055
obj=490
time=17096
buffers=8
windows=41
branches=160303
failures=73564
obj=488
time=28400
buffers=8
windows=41
branches=36722
failures=16276
obj=484
time=31408
buffers=8
windows=41
branches=205426
failures=95664
obj=483
time=45431
buffers=8
windows=41
branches=89550
failures=41379
obj=481
time=51807
buffers=8
windows=41
branches=190422
failures=89056
obj=480
time=64227
buffers=8
windows=41
branches=136663
failures=63129
obj=479
time=74155
buffers=8
windows=41
branches=216791
failures=102171
obj=476
time=89801
buffers=8
windows=41
branches=469868
failures=222812
obj=475
time=119730
buffers=8
windows=41
branches=456242
failures=216476
obj=474
time=152016
buffers=8
windows=41
branches=370430
failures=173741
obj=472
time=180012
buffers=8
windows=41
branches=299592
failures=141367
obj=471
time=204708
buffers=8
windows=41
branches=395888
failures=187159
obj=469
time=234910
buffers=8
windows=41
branches=1049467
failures=502760
obj=468
time=306820
buffers=8
windows=41
branches=326365
failures=154120
obj=467
time=331164
buffers=8
windows=41
branches=473876
failures=225959
obj=466
time=365015
buffers=8
windows=41
branches=3316180
failures=1594566
obj=463
time=589677
buffers=8
windows=41
branches=1048606
failures=503928
obj=461
time=662798
buffers=8
windows=41
branches=4894696
failures=2375781
obj=460
time=1007026
buffers=8
windows=41
branches=3931383
failures=1902021
obj=459
time=1256006
buffers=8
windows=41
branches=3264893
failures=1579833
obj=457
time=1496628
buffers=8
windows=41
branches=4365120
failures=2118666
obj=456
time=1816578
buffers=8
windows=41
branches=9513871
failures=4628507
obj=454
time=2491142
buffers=8
windows=41
branches=9768728
failures=4768287
obj=452
time=3143560
buffers=8
windows=41
branches=6862805
failures=3351801
original_status=TIMEOUT
original_lb=258
obj=452
time=3600001
status=TIMEOUT
real_obj=45.102
real_time=3600001
