global=1
denseranking=1
symmetry=1
single_window=1
peak-ub=3353
buffers=24
windows=61
branches=1440
failures=0
obj=1531
time=2193
buffers=24
windows=61
branches=1440
failures=0
obj=1269
time=4108
buffers=24
windows=61
branches=1440
failures=0
obj=1113
time=6240
buffers=24
windows=61
branches=3027
failures=100
obj=1079
time=10369
buffers=24
windows=61
branches=1440
failures=0
obj=986
time=12692
buffers=24
windows=61
branches=1433
failures=0
obj=977
time=15649
buffers=24
windows=61
branches=1432
failures=0
obj=965
time=18546
buffers=24
windows=61
branches=12222
failures=1200
obj=957
time=42899
buffers=24
windows=61
branches=11223
failures=1211
obj=941
time=65358
buffers=24
windows=61
branches=6800
failures=510
obj=923
time=77792
buffers=24
windows=61
branches=2394
failures=125
obj=901
time=83547
buffers=24
windows=61
branches=31844
failures=4800
obj=869
time=146093
buffers=24
windows=61
branches=23137
failures=3200
obj=857
time=188923
buffers=24
windows=61
branches=75240
failures=14553
obj=840
time=352856
buffers=24
windows=61
branches=225385
failures=53705
obj=837
time=820815
buffers=24
windows=61
branches=217177
failures=49943
obj=834
time=1224921
buffers=24
windows=61
branches=236603
failures=56808
obj=833
time=1764021
buffers=24
windows=61
branches=64814
failures=12502
obj=832
time=1892101
buffers=24
windows=61
branches=97382
failures=21600
obj=831
time=2103279
buffers=24
windows=61
branches=601897
failures=156161
obj=829
time=3192269
buffers=24
windows=61
branches=19447
failures=3300
obj=828
time=3226469
buffers=24
windows=61
branches=185152
failures=46401
original_status=TIMEOUT
original_lb=194
obj=828
time=3600020
status=TIMEOUT
real_obj=82.735
real_time=3600020
