global=1
denseranking=1
symmetry=1
single_window=1
peak-ub=699
buffers=16
windows=41
branches=640
failures=0
obj=603
time=381
buffers=16
windows=41
branches=716
failures=47
obj=587
time=830
buffers=16
windows=41
branches=6368
failures=1400
obj=580
time=5328
buffers=16
windows=41
branches=1556
failures=200
obj=572
time=6225
buffers=16
windows=41
branches=2063
failures=355
obj=560
time=7650
buffers=16
windows=41
branches=6279
failures=1400
obj=559
time=11727
buffers=16
windows=41
branches=6720
failures=1600
obj=553
time=16130
buffers=16
windows=41
branches=12687
failures=3692
obj=549
time=23968
buffers=16
windows=41
branches=19652
failures=5886
obj=539
time=36232
buffers=16
windows=41
branches=48185
failures=15659
obj=538
time=65346
buffers=16
windows=41
branches=1246
failures=102
obj=535
time=66379
buffers=16
windows=41
branches=40330
failures=12600
obj=527
time=91108
buffers=16
windows=41
branches=13427
failures=4002
obj=526
time=99324
buffers=16
windows=41
branches=33543
failures=10977
obj=524
time=117705
buffers=16
windows=41
branches=2934
failures=600
obj=521
time=119667
buffers=16
windows=41
branches=22186
failures=7116
obj=520
time=133581
buffers=16
windows=41
branches=11631
failures=3551
obj=517
time=141548
buffers=16
windows=41
branches=27317
failures=8862
obj=516
time=157585
buffers=16
windows=41
branches=23069
failures=7771
obj=514
time=171020
buffers=16
windows=41
branches=45756
failures=15650
obj=509
time=199153
buffers=16
windows=41
branches=59670
failures=21166
obj=508
time=233011
buffers=16
windows=41
branches=75715
failures=26926
obj=506
time=278144
buffers=16
windows=41
branches=62802
failures=22332
obj=503
time=315668
buffers=16
windows=41
branches=43645
failures=14867
obj=501
time=340724
buffers=16
windows=41
branches=69997
failures=24919
obj=495
time=382107
buffers=16
windows=41
branches=95005
failures=34523
obj=494
time=436337
buffers=16
windows=41
branches=352905
failures=134579
obj=492
time=625521
buffers=16
windows=41
branches=490122
failures=189022
obj=491
time=885295
buffers=16
windows=41
branches=44590
failures=15144
obj=489
time=912623
buffers=16
windows=41
branches=34812
failures=11852
obj=486
time=934057
buffers=16
windows=41
branches=280192
failures=109138
obj=483
time=1095559
buffers=16
windows=41
branches=934747
failures=372980
obj=482
time=1562587
buffers=16
windows=41
branches=1371323
failures=564095
obj=481
time=2164883
buffers=16
windows=41
branches=924224
failures=369198
obj=480
time=2582709
buffers=16
windows=41
branches=205411
failures=77483
obj=478
time=2685141
buffers=16
windows=41
branches=617764
failures=249451
obj=477
time=2984496
buffers=16
windows=41
branches=112291
failures=43094
obj=475
time=3048612
buffers=16
windows=41
branches=1292477
failures=532501
original_status=TIMEOUT
original_lb=395
obj=475
time=3600001
status=TIMEOUT
real_obj=47.449
real_time=3600001
