global=1
denseranking=1
symmetry=1
single_window=1
peak-ub=572
buffers=16
windows=21
branches=320
failures=0
obj=441
time=1040
buffers=16
windows=21
branches=318
failures=0
obj=405
time=2083
buffers=16
windows=21
branches=1833
failures=400
obj=392
time=5888
buffers=16
windows=21
branches=658
failures=139
obj=387
time=7302
buffers=16
windows=21
branches=746
failures=100
obj=381
time=9255
buffers=16
windows=21
branches=1988
failures=558
obj=369
time=13029
buffers=16
windows=21
branches=916
failures=241
obj=359
time=15156
buffers=16
windows=21
branches=8599
failures=2924
obj=352
time=32003
buffers=16
windows=21
branches=7209
failures=2615
obj=351
time=45366
buffers=16
windows=21
branches=4828
failures=1543
obj=349
time=55182
buffers=16
windows=21
branches=35318
failures=13121
obj=347
time=118519
buffers=16
windows=21
branches=24807
failures=9466
obj=345
time=161867
buffers=16
windows=21
branches=2665
failures=720
obj=343
time=167502
buffers=16
windows=21
branches=4399
failures=1422
obj=342
time=176822
buffers=16
windows=21
branches=42856
failures=16574
obj=341
time=250203
buffers=16
windows=21
branches=10929
failures=4147
obj=340
time=268919
buffers=16
windows=21
branches=90551
failures=35572
obj=339
time=420451
buffers=16
windows=21
branches=37722
failures=13749
obj=338
time=486333
buffers=16
windows=21
branches=64070
failures=24915
obj=337
time=598785
buffers=16
windows=21
branches=55586
failures=22552
obj=335
time=686982
buffers=16
windows=21
branches=87117
failures=36685
obj=334
time=817729
buffers=16
windows=21
branches=21971
failures=9110
obj=333
time=853250
buffers=16
windows=21
branches=265720
failures=115400
obj=331
time=1210879
buffers=16
windows=21
branches=87212
failures=37582
obj=327
time=1336811
buffers=16
windows=21
branches=538337
failures=245140
obj=324
time=2046805
buffers=16
windows=21
branches=1310057
failures=601265
original_status=TIMEOUT
original_lb=243
obj=324
time=3600002
status=TIMEOUT
real_obj=32.381
real_time=3600002
