global=1
denseranking=1
symmetry=1
single_window=1
peak-ub=1211
buffers=8
windows=41
branches=320
failures=0
obj=795
time=52
buffers=8
windows=41
branches=317
failures=0
obj=786
time=106
buffers=8
windows=41
branches=319
failures=0
obj=735
time=161
buffers=8
windows=41
branches=320
failures=0
obj=701
time=217
buffers=8
windows=41
branches=386
failures=37
obj=675
time=283
buffers=8
windows=41
branches=403
failures=44
obj=642
time=350
buffers=8
windows=41
branches=440
failures=66
obj=624
time=423
buffers=8
windows=41
branches=438
failures=65
obj=617
time=500
buffers=8
windows=41
branches=1379
failures=304
obj=610
time=711
buffers=8
windows=41
branches=1139
failures=244
obj=588
time=880
buffers=8
windows=41
branches=321
failures=16
obj=586
time=942
buffers=8
windows=41
branches=1486
failures=333
obj=585
time=1168
buffers=8
windows=41
branches=856
failures=144
obj=580
time=1314
buffers=8
windows=41
branches=1381
failures=272
obj=579
time=1558
buffers=8
windows=41
branches=491
failures=98
obj=577
time=1634
buffers=8
windows=41
branches=381
failures=42
obj=575
time=1705
buffers=8
windows=41
branches=879
failures=166
obj=574
time=1845
buffers=8
windows=41
branches=456
failures=80
obj=572
time=1925
buffers=8
windows=41
branches=1439
failures=298
obj=570
time=2133
buffers=8
windows=41
branches=1482
failures=322
obj=569
time=2368
buffers=8
windows=41
branches=1219
failures=248
obj=568
time=2546
buffers=8
windows=41
branches=3609
failures=930
obj=557
time=3075
buffers=8
windows=41
branches=1988
failures=454
obj=556
time=3374
buffers=8
windows=41
branches=3596
failures=960
obj=550
time=3888
buffers=8
windows=41
branches=421
failures=65
obj=549
time=3962
buffers=8
windows=41
branches=8185
failures=2295
obj=541
time=5110
buffers=8
windows=41
branches=1788
failures=436
obj=540
time=5373
buffers=8
windows=41
branches=31193
failures=10201
obj=538
time=9191
buffers=8
windows=41
branches=8265
failures=2348
obj=537
time=10393
buffers=8
windows=41
branches=13713
failures=4324
obj=527
time=12191
buffers=8
windows=41
branches=918
failures=193
obj=526
time=12351
buffers=8
windows=41
branches=50874
failures=17963
obj=520
time=18304
buffers=8
windows=41
branches=64272
failures=22699
obj=519
time=25886
buffers=8
windows=41
branches=501742
failures=192401
obj=516
time=79634
buffers=8
windows=41
branches=163128
failures=60322
obj=515
time=98692
buffers=8
windows=41
branches=856878
failures=338559
obj=512
time=185268
buffers=8
windows=41
branches=2053796
failures=827896
obj=510
time=379382
buffers=8
windows=41
branches=1495507
failures=606675
obj=509
time=519337
buffers=8
windows=41
branches=3860884
failures=1589912
obj=506
time=884907
buffers=8
windows=41
branches=49270
failures=17817
obj=503
time=890418
buffers=8
windows=41
branches=1347578
failures=551046
obj=499
time=1016272
buffers=8
windows=41
branches=4989249
failures=2060501
obj=497
time=1478343
buffers=8
windows=41
branches=21486571
failures=9161109
obj=496
time=3362762
buffers=8
windows=41
branches=2552289
failures=1062045
original_status=TIMEOUT
original_lb=197
obj=496
time=3600001
status=TIMEOUT
real_obj=49.589
real_time=3600001
