global=1
denseranking=1
symmetry=1
single_window=1
peak-ub=1174
buffers=8
windows=21
branches=160
failures=0
obj=765
time=22
buffers=8
windows=21
branches=159
failures=0
obj=747
time=46
buffers=8
windows=21
branches=329
failures=88
obj=742
time=85
buffers=8
windows=21
branches=447
failures=100
obj=708
time=144
buffers=8
windows=21
branches=154
failures=0
obj=692
time=169
buffers=8
windows=21
branches=547
failures=156
obj=674
time=232
buffers=8
windows=21
branches=338
failures=97
obj=669
time=275
buffers=8
windows=21
branches=213
failures=32
obj=661
time=305
buffers=8
windows=21
branches=280
failures=67
obj=643
time=342
buffers=8
windows=21
branches=150
failures=0
obj=628
time=366
buffers=8
windows=21
branches=485
failures=141
obj=620
time=432
buffers=8
windows=21
branches=1508
failures=525
obj=607
time=586
buffers=8
windows=21
branches=2225
failures=849
obj=605
time=814
buffers=8
windows=21
branches=688
failures=200
obj=603
time=895
buffers=8
windows=21
branches=198
failures=29
obj=590
time=927
buffers=8
windows=21
branches=249
failures=56
obj=584
time=960
buffers=8
windows=21
branches=6190
failures=2579
obj=582
time=1538
buffers=8
windows=21
branches=3826
failures=1591
obj=566
time=1872
buffers=8
windows=21
branches=798
failures=272
obj=565
time=1970
buffers=8
windows=21
branches=142
failures=12
obj=556
time=2001
buffers=8
windows=21
branches=7957
failures=3455
obj=546
time=2758
buffers=8
windows=21
branches=13034
failures=5682
obj=542
time=3932
buffers=8
windows=21
branches=63014
failures=28752
obj=541
time=8813
buffers=8
windows=21
branches=20030
failures=9028
obj=540
time=10473
buffers=8
windows=21
branches=32296
failures=14491
obj=538
time=13188
buffers=8
windows=21
branches=104811
failures=48348
obj=536
time=22185
buffers=8
windows=21
branches=157062
failures=72694
obj=532
time=34910
buffers=8
windows=21
branches=174919
failures=81056
obj=531
time=49969
buffers=8
windows=21
branches=251821
failures=117843
obj=530
time=71136
buffers=8
windows=21
branches=23681
failures=10664
obj=529
time=73251
buffers=8
windows=21
branches=465186
failures=219900
obj=528
time=106762
buffers=8
windows=21
branches=476647
failures=225939
obj=526
time=138643
buffers=8
windows=21
branches=1555287
failures=740235
obj=522
time=262050
buffers=8
windows=21
branches=7757995
failures=3727569
obj=519
time=752523
buffers=8
windows=21
branches=500098
failures=237093
obj=518
time=792436
buffers=8
windows=21
branches=8398627
failures=4028645
obj=512
time=1435266
buffers=8
windows=21
branches=34783469
failures=16838373
original_status=TIMEOUT
original_lb=198
obj=512
time=3600000
status=TIMEOUT
real_obj=51.161
real_time=3600000
