global=1
denseranking=1
symmetry=1
single_window=1
peak-ub=3203
buffers=24
windows=41
branches=960
failures=0
obj=1370
time=1961
buffers=24
windows=41
branches=960
failures=0
obj=1272
time=3766
buffers=24
windows=41
branches=960
failures=0
obj=1142
time=5410
buffers=24
windows=41
branches=958
failures=0
obj=1046
time=7477
buffers=24
windows=41
branches=954
failures=0
obj=1033
time=9695
buffers=24
windows=41
branches=1940
failures=100
obj=1005
time=14133
buffers=24
windows=41
branches=5297
failures=500
obj=949
time=26132
buffers=24
windows=41
branches=16991
failures=2470
obj=932
time=68631
buffers=24
windows=41
branches=16575
failures=2414
obj=931
time=105584
buffers=24
windows=41
branches=11997
failures=1607
obj=924
time=127277
buffers=24
windows=41
branches=51763
failures=9602
obj=919
time=230091
buffers=24
windows=41
branches=4097
failures=403
obj=917
time=237158
buffers=24
windows=41
branches=12586
failures=1700
obj=914
time=260372
buffers=24
windows=41
branches=4925
failures=500
obj=913
time=270418
buffers=24
windows=41
branches=13666
failures=1805
obj=904
time=295366
buffers=24
windows=41
branches=89782
failures=19601
obj=899
time=464997
buffers=24
windows=41
branches=174979
failures=40627
obj=892
time=833687
buffers=24
windows=41
branches=10374
failures=1457
obj=887
time=855320
buffers=24
windows=41
branches=86339
failures=19298
obj=871
time=1028261
buffers=24
windows=41
branches=338068
failures=77200
obj=855
time=1651322
buffers=24
windows=41
branches=9030
failures=1302
obj=854
time=1674924
buffers=24
windows=41
branches=271643
failures=65305
obj=847
time=2171767
buffers=24
windows=41
branches=868904
failures=238901
original_status=TIMEOUT
original_lb=277
obj=847
time=3600016
status=TIMEOUT
real_obj=84.654
real_time=3600016
