global=1
denseranking=1
symmetry=1
single_window=1
peak-ub=3435
buffers=24
windows=81
branches=1920
failures=0
obj=1472
time=2161
buffers=24
windows=81
branches=1920
failures=0
obj=1382
time=4144
buffers=24
windows=81
branches=7291
failures=400
obj=1340
time=12975
buffers=24
windows=81
branches=1918
failures=0
obj=1260
time=15121
buffers=24
windows=81
branches=9114
failures=500
obj=1213
time=25022
buffers=24
windows=81
branches=11514
failures=600
obj=1183
time=40577
buffers=24
windows=81
branches=10947
failures=600
obj=1167
time=57588
buffers=24
windows=81
branches=19939
failures=1600
obj=1157
time=89873
buffers=24
windows=81
branches=21380
failures=1701
obj=1150
time=122639
buffers=24
windows=81
branches=3639
failures=101
obj=1141
time=129108
buffers=24
windows=81
branches=10324
failures=600
obj=1133
time=143271
buffers=24
windows=81
branches=113442
failures=13551
obj=1112
time=347770
buffers=24
windows=81
branches=92569
failures=11604
obj=1109
time=511417
buffers=24
windows=81
branches=24859
failures=2001
obj=1102
time=550258
buffers=24
windows=81
branches=32360
failures=3600
obj=1099
time=615213
buffers=24
windows=81
branches=16995
failures=1401
obj=1094
time=641477
buffers=24
windows=81
branches=77659
failures=9412
obj=1088
time=820672
buffers=24
windows=81
branches=535685
failures=84780
obj=1080
time=1584122
buffers=24
windows=81
branches=273030
failures=45000
obj=1075
time=2095232
buffers=24
windows=81
branches=55515
failures=6167
obj=1072
time=2204768
buffers=24
windows=81
branches=316834
failures=49809
obj=1071
time=2766042
buffers=24
windows=81
branches=614690
failures=107601
original_status=TIMEOUT
original_lb=253
obj=1071
time=3600001
status=TIMEOUT
real_obj=107.087
real_time=3600001
