global=1
denseranking=1
symmetry=1
single_window=1
peak-ub=4069
buffers=24
windows=81
branches=1920
failures=0
obj=1836
time=6109
buffers=24
windows=81
branches=1920
failures=0
obj=1393
time=11773
buffers=24
windows=81
branches=1920
failures=0
obj=1308
time=18426
buffers=24
windows=81
branches=1920
failures=0
obj=1244
time=24146
buffers=24
windows=81
branches=7274
failures=400
obj=1238
time=47030
buffers=24
windows=81
branches=3438
failures=103
obj=1233
time=58321
buffers=24
windows=81
branches=7036
failures=400
obj=1228
time=85601
buffers=24
windows=81
branches=1918
failures=0
obj=1185
time=93971
buffers=24
windows=81
branches=8747
failures=509
obj=1171
time=123883
buffers=24
windows=81
branches=1951
failures=17
obj=1167
time=133038
buffers=24
windows=81
branches=5336
failures=201
obj=1166
time=154599
buffers=24
windows=81
branches=5122
failures=203
obj=1161
time=174583
buffers=24
windows=81
branches=12483
failures=800
obj=1154
time=228300
buffers=24
windows=81
branches=1914
failures=0
obj=1069
time=236925
buffers=24
windows=81
branches=95673
failures=11820
obj=1068
time=579264
buffers=24
windows=81
branches=65636
failures=8400
obj=1061
time=830694
buffers=24
windows=81
branches=41194
failures=4400
obj=1051
time=959960
buffers=24
windows=81
branches=153056
failures=22515
obj=1049
time=1586786
buffers=24
windows=81
branches=16604
failures=1400
obj=1038
time=1652032
buffers=24
windows=81
branches=46219
failures=4901
obj=1021
time=1804034
buffers=24
windows=81
branches=66481
failures=8613
obj=1016
time=2030844
buffers=24
windows=81
branches=441853
failures=72275
obj=1005
time=3481861
buffers=24
windows=81
branches=3345
failures=100
obj=1002
time=3495719
buffers=24
windows=81
branches=32139
failures=3801
original_status=TIMEOUT
original_lb=205
obj=1002
time=3600007
status=TIMEOUT
real_obj=100.153
real_time=3600007
