global=1
denseranking=1
symmetry=1
single_window=1
peak-ub=698
buffers=8
windows=21
branches=160
failures=0
obj=470
time=55
buffers=8
windows=21
branches=153
failures=0
obj=464
time=117
buffers=8
windows=21
branches=152
failures=0
obj=422
time=181
buffers=8
windows=21
branches=175
failures=13
obj=405
time=249
buffers=8
windows=21
branches=549
failures=144
obj=382
time=416
buffers=8
windows=21
branches=524
failures=140
obj=381
time=575
buffers=8
windows=21
branches=1727
failures=577
obj=380
time=1071
buffers=8
windows=21
branches=296
failures=80
obj=373
time=1167
buffers=8
windows=21
branches=4784
failures=1749
obj=367
time=2399
buffers=8
windows=21
branches=8778
failures=3485
obj=350
time=4072
buffers=8
windows=21
branches=1682
failures=654
obj=347
time=4404
buffers=8
windows=21
branches=2145
failures=854
obj=345
time=4821
buffers=8
windows=21
branches=181481
failures=79251
obj=343
time=36864
buffers=8
windows=21
branches=2214008
failures=1015989
obj=342
time=325604
buffers=8
windows=21
branches=32131
failures=13309
obj=340
time=332659
buffers=8
windows=21
branches=2197193
failures=1010502
obj=339
time=619030
buffers=8
windows=21
branches=494243
failures=224561
obj=338
time=687690
buffers=8
windows=21
branches=4737894
failures=2192420
obj=337
time=1304311
buffers=8
windows=21
branches=19811909
failures=9261357
original_status=TIMEOUT
original_lb=289
obj=337
time=3600000
status=TIMEOUT
real_obj=33.634
real_time=3600000
