global=1
denseranking=1
symmetry=1
single_window=1
peak-ub=1062
buffers=8
windows=21
branches=160
failures=0
obj=832
time=32
buffers=8
windows=21
branches=158
failures=0
obj=770
time=64
buffers=8
windows=21
branches=181
failures=12
obj=754
time=99
buffers=8
windows=21
branches=160
failures=0
obj=687
time=136
buffers=8
windows=21
branches=152
failures=0
obj=682
time=171
buffers=8
windows=21
branches=153
failures=0
obj=654
time=211
buffers=8
windows=21
branches=1598
failures=500
obj=649
time=441
buffers=8
windows=21
branches=527
failures=119
obj=636
time=532
buffers=8
windows=21
branches=148
failures=0
obj=591
time=568
buffers=8
windows=21
branches=474
failures=102
obj=590
time=663
buffers=8
windows=21
branches=522
failures=167
obj=585
time=758
buffers=8
windows=21
branches=839
failures=293
obj=578
time=883
buffers=8
windows=21
branches=2478
failures=873
obj=561
time=1238
buffers=8
windows=21
branches=1605
failures=530
obj=555
time=1508
buffers=8
windows=21
branches=4132
failures=1636
obj=552
time=2129
buffers=8
windows=21
branches=1871
failures=719
obj=551
time=2361
buffers=8
windows=21
branches=475
failures=148
obj=534
time=2434
buffers=8
windows=21
branches=5573
failures=2224
obj=529
time=3049
buffers=8
windows=21
branches=22717
failures=9878
obj=528
time=5394
buffers=8
windows=21
branches=26923
failures=11696
obj=526
time=7982
buffers=8
windows=21
branches=13226
failures=5625
obj=521
time=9331
buffers=8
windows=21
branches=14887
failures=6637
obj=518
time=10668
buffers=8
windows=21
branches=398517
failures=186412
obj=517
time=40602
buffers=8
windows=21
branches=626888
failures=295449
obj=514
time=86085
buffers=8
windows=21
branches=85057
failures=39391
obj=509
time=94003
buffers=8
windows=21
branches=86197
failures=40020
obj=508
time=101233
buffers=8
windows=21
branches=5733219
failures=2750754
obj=505
time=466183
buffers=8
windows=21
branches=378053
failures=177228
obj=503
time=495803
buffers=8
windows=21
branches=7827759
failures=3757899
obj=501
time=991997
buffers=8
windows=21
branches=1444694
failures=686990
obj=498
time=1090530
buffers=8
windows=21
branches=11317028
failures=5460527
obj=490
time=1755147
buffers=8
windows=21
branches=18436719
failures=8902751
obj=487
time=2863979
buffers=8
windows=21
branches=12279338
failures=5932878
original_status=TIMEOUT
original_lb=224
obj=487
time=3600000
status=TIMEOUT
real_obj=48.620
real_time=3600000
