global=1
denseranking=1
symmetry=1
single_window=1
peak-ub=1200
buffers=8
windows=41
branches=320
failures=0
obj=1095
time=42
buffers=8
windows=41
branches=319
failures=0
obj=953
time=85
buffers=8
windows=41
branches=354
failures=18
obj=883
time=133
buffers=8
windows=41
branches=758
failures=100
obj=850
time=219
buffers=8
windows=41
branches=1271
failures=251
obj=849
time=365
buffers=8
windows=41
branches=333
failures=9
obj=796
time=411
buffers=8
windows=41
branches=396
failures=41
obj=762
time=464
buffers=8
windows=41
branches=2683
failures=600
obj=756
time=769
buffers=8
windows=41
branches=1241
failures=237
obj=754
time=922
buffers=8
windows=41
branches=1327
failures=265
obj=752
time=1085
buffers=8
windows=41
branches=436
failures=66
obj=747
time=1144
buffers=8
windows=41
branches=437
failures=67
obj=740
time=1200
buffers=8
windows=41
branches=770
failures=119
obj=723
time=1315
buffers=8
windows=41
branches=889
failures=178
obj=716
time=1425
buffers=8
windows=41
branches=1916
failures=477
obj=712
time=1651
buffers=8
windows=41
branches=5384
failures=1523
obj=699
time=2239
buffers=8
windows=41
branches=6480
failures=1868
obj=695
time=2838
buffers=8
windows=41
branches=1290
failures=279
obj=685
time=2974
buffers=8
windows=41
branches=2613
failures=616
obj=677
time=3230
buffers=8
windows=41
branches=1768
failures=416
obj=673
time=3397
buffers=8
windows=41
branches=34742
failures=11779
obj=667
time=6208
buffers=8
windows=41
branches=8193
failures=2446
obj=666
time=6891
buffers=8
windows=41
branches=3235
failures=834
obj=664
time=7216
buffers=8
windows=41
branches=3439
failures=957
obj=657
time=7520
buffers=8
windows=41
branches=16040
failures=5046
obj=656
time=8851
buffers=8
windows=41
branches=28771
failures=9764
obj=655
time=11133
buffers=8
windows=41
branches=41368
failures=14173
obj=654
time=14327
buffers=8
windows=41
branches=10882
failures=3510
obj=651
time=15269
buffers=8
windows=41
branches=40397
failures=13706
obj=648
time=18360
buffers=8
windows=41
branches=2656
failures=664
obj=647
time=18634
buffers=8
windows=41
branches=31334
failures=10783
obj=645
time=21016
buffers=8
windows=41
branches=1250
failures=270
obj=644
time=21156
buffers=8
windows=41
branches=91930
failures=32939
obj=643
time=27952
buffers=8
windows=41
branches=71250
failures=25873
obj=640
time=33030
buffers=8
windows=41
branches=82331
failures=29661
obj=637
time=39463
buffers=8
windows=41
branches=16404
failures=5227
obj=636
time=40902
buffers=8
windows=41
branches=186060
failures=70139
obj=632
time=54504
buffers=8
windows=41
branches=475966
failures=185781
obj=627
time=89686
buffers=8
windows=41
branches=675078
failures=272667
obj=623
time=131564
buffers=8
windows=41
branches=5328455
failures=2250006
obj=619
time=444240
buffers=8
windows=41
branches=1843096
failures=761025
obj=617
time=556867
buffers=8
windows=41
branches=6218828
failures=2646381
obj=612
time=939010
buffers=8
windows=41
branches=48475911
failures=21038801
original_status=TIMEOUT
original_lb=216
obj=612
time=3600000
status=TIMEOUT
real_obj=61.157
real_time=3600000
