global=1
denseranking=1
symmetry=1
single_window=1
peak-ub=1738
buffers=16
windows=61
branches=960
failures=0
obj=1038
time=651
buffers=16
windows=61
branches=959
failures=0
obj=904
time=1305
buffers=16
windows=61
branches=3168
failures=200
obj=845
time=3190
buffers=16
windows=61
branches=2929
failures=200
obj=831
time=4856
buffers=16
windows=61
branches=5414
failures=503
obj=824
time=8058
buffers=16
windows=61
branches=944
failures=0
obj=804
time=8685
buffers=16
windows=61
branches=8389
failures=1102
obj=802
time=14018
buffers=16
windows=61
branches=13980
failures=1753
obj=800
time=22212
buffers=16
windows=61
branches=21298
failures=3390
obj=797
time=34822
buffers=16
windows=61
branches=23598
failures=3603
obj=794
time=47945
buffers=16
windows=61
branches=3114
failures=200
obj=784
time=49940
buffers=16
windows=61
branches=11800
failures=1500
obj=782
time=56781
buffers=16
windows=61
branches=32950
failures=4900
obj=744
time=75067
buffers=16
windows=61
branches=39610
failures=7284
obj=739
time=98766
buffers=16
windows=61
branches=33159
failures=5101
obj=738
time=117825
buffers=16
windows=61
branches=405813
failures=99161
obj=736
time=339045
buffers=16
windows=61
branches=238082
failures=53301
obj=732
time=469249
buffers=16
windows=61
branches=181225
failures=39086
obj=728
time=572764
buffers=16
windows=61
branches=188131
failures=42915
obj=726
time=677155
buffers=16
windows=61
branches=167710
failures=33696
obj=725
time=778484
buffers=16
windows=61
branches=169301
failures=35024
obj=722
time=874960
buffers=16
windows=61
branches=1204778
failures=304734
obj=718
time=1506620
buffers=16
windows=61
branches=38382
failures=7064
obj=699
time=1528851
buffers=16
windows=61
branches=4022907
failures=1171371
obj=698
time=3524553
buffers=16
windows=61
branches=142833
failures=29469
original_status=TIMEOUT
original_lb=221
obj=698
time=3600002
status=TIMEOUT
real_obj=69.699
real_time=3600002
