global=1
denseranking=1
symmetry=1
single_window=1
peak-ub=3870
buffers=8
windows=81
branches=640
failures=0
obj=2634
time=40
buffers=8
windows=81
branches=640
failures=0
obj=2206
time=81
buffers=8
windows=81
branches=639
failures=0
obj=2200
time=121
buffers=8
windows=81
branches=641
failures=1
obj=2071
time=162
buffers=8
windows=81
branches=640
failures=0
obj=1912
time=201
buffers=8
windows=81
branches=2401
failures=363
obj=1882
time=338
buffers=8
windows=81
branches=1948
failures=202
obj=1879
time=451
buffers=8
windows=81
branches=3761
failures=573
obj=1870
time=659
buffers=8
windows=81
branches=2141
failures=200
obj=1861
time=783
buffers=8
windows=81
branches=714
failures=41
obj=1858
time=826
buffers=8
windows=81
branches=3406
failures=502
obj=1821
time=1018
buffers=8
windows=81
branches=1339
failures=101
obj=1813
time=1098
buffers=8
windows=81
branches=8052
failures=1484
obj=1797
time=1548
buffers=8
windows=81
branches=1420
failures=140
obj=1796
time=1634
buffers=8
windows=81
branches=1523
failures=145
obj=1764
time=1725
buffers=8
windows=81
branches=670
failures=29
obj=1761
time=1768
buffers=8
windows=81
branches=9050
failures=1641
obj=1753
time=2250
buffers=8
windows=81
branches=767
failures=70
obj=1750
time=2286
buffers=8
windows=81
branches=3114
failures=403
obj=1740
time=2424
buffers=8
windows=81
branches=4632
failures=794
obj=1738
time=2633
buffers=8
windows=81
branches=3533
failures=524
obj=1723
time=2797
buffers=8
windows=81
branches=7050
failures=1326
obj=1716
time=3114
buffers=8
windows=81
branches=10153
failures=1939
obj=1713
time=3569
buffers=8
windows=81
branches=3559
failures=501
obj=1711
time=3735
buffers=8
windows=81
branches=12853
failures=2635
obj=1707
time=4302
buffers=8
windows=81
branches=1319
failures=103
obj=1696
time=4366
buffers=8
windows=81
branches=4478
failures=701
obj=1692
time=4568
buffers=8
windows=81
branches=6338
failures=1225
obj=1690
time=4836
buffers=8
windows=81
branches=2268
failures=358
obj=1673
time=4942
buffers=8
windows=81
branches=2107
failures=275
obj=1665
time=5039
buffers=8
windows=81
branches=5970
failures=1131
obj=1662
time=5303
buffers=8
windows=81
branches=772
failures=81
obj=1653
time=5341
buffers=8
windows=81
branches=16529
failures=3655
obj=1652
time=6055
buffers=8
windows=81
branches=5437
failures=1082
obj=1649
time=6296
buffers=8
windows=81
branches=8831
failures=1668
obj=1648
time=6690
buffers=8
windows=81
branches=8152
failures=1550
obj=1641
time=7059
buffers=8
windows=81
branches=9993
failures=1887
obj=1639
time=7508
buffers=8
windows=81
branches=13594
failures=3195
obj=1636
time=8106
buffers=8
windows=81
branches=25924
failures=5765
obj=1629
time=9230
buffers=8
windows=81
branches=9915
failures=1888
obj=1623
time=9679
buffers=8
windows=81
branches=7829
failures=1515
obj=1617
time=10041
buffers=8
windows=81
branches=7978
failures=1536
obj=1605
time=10404
buffers=8
windows=81
branches=9638
failures=1802
obj=1603
time=10840
buffers=8
windows=81
branches=26638
failures=6109
obj=1594
time=12016
buffers=8
windows=81
branches=2253
failures=381
obj=1592
time=12121
buffers=8
windows=81
branches=5842
failures=1157
obj=1589
time=12379
buffers=8
windows=81
branches=31103
failures=8162
obj=1579
time=13723
buffers=8
windows=81
branches=94171
failures=25589
obj=1575
time=17594
buffers=8
windows=81
branches=5437
failures=1061
obj=1573
time=17843
buffers=8
windows=81
branches=12372
failures=2784
obj=1572
time=18380
buffers=8
windows=81
branches=12685
failures=2789
obj=1566
time=18931
buffers=8
windows=81
branches=63466
failures=17433
obj=1556
time=21501
buffers=8
windows=81
branches=17357
failures=3992
obj=1543
time=22259
buffers=8
windows=81
branches=63967
failures=18069
obj=1539
time=24858
buffers=8
windows=81
branches=58642
failures=15213
obj=1530
time=27353
buffers=8
windows=81
branches=42362
failures=10934
obj=1525
time=29151
buffers=8
windows=81
branches=57964
failures=14914
obj=1523
time=31538
buffers=8
windows=81
branches=58974
failures=15650
obj=1520
time=34017
buffers=8
windows=81
branches=95990
failures=26958
obj=1519
time=37884
buffers=8
windows=81
branches=129866
failures=36957
obj=1518
time=43168
buffers=8
windows=81
branches=128261
failures=35885
obj=1516
time=48354
buffers=8
windows=81
branches=109495
failures=30386
obj=1510
time=52900
buffers=8
windows=81
branches=55398
failures=14070
obj=1508
time=55281
buffers=8
windows=81
branches=287313
failures=86826
obj=1507
time=66378
buffers=8
windows=81
branches=462650
failures=146243
obj=1506
time=84316
buffers=8
windows=81
branches=376216
failures=117386
obj=1500
time=98564
buffers=8
windows=81
branches=26003
failures=6246
obj=1499
time=99688
buffers=8
windows=81
branches=525631
failures=164627
obj=1495
time=119885
buffers=8
windows=81
branches=29220
failures=7761
obj=1485
time=121136
buffers=8
windows=81
branches=458610
failures=145689
obj=1483
time=138281
buffers=8
windows=81
branches=809175
failures=266562
obj=1481
time=168356
buffers=8
windows=81
branches=1422331
failures=487397
obj=1477
time=218676
buffers=8
windows=81
branches=4537758
failures=1601880
obj=1475
time=374702
buffers=8
windows=81
branches=4707609
failures=1665200
obj=1473
time=532729
buffers=8
windows=81
branches=3319206
failures=1180355
obj=1471
time=653114
buffers=8
windows=81
branches=1291305
failures=423918
obj=1467
time=699824
buffers=8
windows=81
branches=2953979
failures=1036169
obj=1465
time=802872
buffers=8
windows=81
branches=5248732
failures=1848072
obj=1462
time=987365
buffers=8
windows=81
branches=28337404
failures=10635409
obj=1461
time=1900930
buffers=8
windows=81
branches=38779218
failures=14639637
obj=1460
time=3153183
buffers=8
windows=81
branches=13540033
failures=5008650
original_status=TIMEOUT
original_lb=190
obj=1460
time=3600001
status=TIMEOUT
real_obj=145.914
real_time=3600001
