global=1
denseranking=1
symmetry=1
single_window=1
peak-ub=1407
buffers=16
windows=61
branches=960
failures=0
obj=972
time=626
buffers=16
windows=61
branches=960
failures=0
obj=859
time=1253
buffers=16
windows=61
branches=953
failures=0
obj=827
time=1861
buffers=16
windows=61
branches=2366
failures=442
obj=818
time=3217
buffers=16
windows=61
branches=2187
failures=400
obj=805
time=4558
buffers=16
windows=61
branches=2986
failures=629
obj=800
time=6037
buffers=16
windows=61
branches=972
failures=11
obj=776
time=6692
buffers=16
windows=61
branches=1249
failures=100
obj=733
time=7462
buffers=16
windows=61
branches=28718
failures=9702
obj=732
time=23509
buffers=16
windows=61
branches=2521
failures=501
obj=723
time=25049
buffers=16
windows=61
branches=11392
failures=4045
obj=722
time=30862
buffers=16
windows=61
branches=1934
failures=402
obj=720
time=32080
buffers=16
windows=61
branches=3434
failures=824
obj=719
time=34230
buffers=16
windows=61
branches=43849
failures=16917
obj=717
time=58978
buffers=16
windows=61
branches=4171
failures=1200
obj=695
time=61421
buffers=16
windows=61
branches=94375
failures=38462
obj=692
time=107394
buffers=16
windows=61
branches=96202
failures=40247
obj=687
time=156284
buffers=16
windows=61
branches=329143
failures=141382
obj=686
time=312615
buffers=16
windows=61
branches=84998
failures=34934
obj=682
time=355228
buffers=16
windows=61
branches=142688
failures=59549
obj=681
time=428341
buffers=16
windows=61
branches=99457
failures=42742
obj=666
time=476652
buffers=16
windows=61
branches=554457
failures=248108
obj=664
time=721882
buffers=16
windows=61
branches=467540
failures=208236
obj=659
time=934202
buffers=16
windows=61
branches=469995
failures=209243
obj=656
time=1152685
buffers=16
windows=61
branches=457621
failures=203834
obj=654
time=1362833
buffers=16
windows=61
branches=592343
failures=266105
obj=653
time=1616712
buffers=16
windows=61
branches=725367
failures=326716
obj=652
time=1934321
buffers=16
windows=61
branches=1586416
failures=723776
obj=651
time=2575028
buffers=16
windows=61
branches=212072
failures=94900
obj=649
time=2668364
buffers=16
windows=61
branches=1215660
failures=555203
obj=647
time=3179568
buffers=16
windows=61
branches=1047495
failures=478725
original_status=TIMEOUT
original_lb=226
obj=647
time=3600001
status=TIMEOUT
real_obj=64.688
real_time=3600001
