global=1
denseranking=1
symmetry=1
single_window=1
peak-ub=2660
buffers=8
windows=81
branches=640
failures=0
obj=1737
time=63
buffers=8
windows=81
branches=640
failures=0
obj=1658
time=121
buffers=8
windows=81
branches=640
failures=0
obj=1507
time=180
buffers=8
windows=81
branches=639
failures=0
obj=1473
time=240
buffers=8
windows=81
branches=642
failures=2
obj=1472
time=302
buffers=8
windows=81
branches=641
failures=1
obj=1468
time=362
buffers=8
windows=81
branches=640
failures=1
obj=1397
time=422
buffers=8
windows=81
branches=638
failures=1
obj=1380
time=482
buffers=8
windows=81
branches=2083
failures=202
obj=1363
time=661
buffers=8
windows=81
branches=1264
failures=100
obj=1353
time=772
buffers=8
windows=81
branches=1283
failures=100
obj=1352
time=888
buffers=8
windows=81
branches=2049
failures=277
obj=1344
time=1060
buffers=8
windows=81
branches=1977
failures=201
obj=1332
time=1230
buffers=8
windows=81
branches=636
failures=0
obj=1328
time=1291
buffers=8
windows=81
branches=1271
failures=104
obj=1326
time=1407
buffers=8
windows=81
branches=1896
failures=200
obj=1316
time=1574
buffers=8
windows=81
branches=660
failures=12
obj=1304
time=1636
buffers=8
windows=81
branches=4158
failures=696
obj=1263
time=1976
buffers=8
windows=81
branches=6187
failures=1202
obj=1260
time=2473
buffers=8
windows=81
branches=1445
failures=193
obj=1253
time=2600
buffers=8
windows=81
branches=2733
failures=402
obj=1240
time=2832
buffers=8
windows=81
branches=1890
failures=233
obj=1219
time=2997
buffers=8
windows=81
branches=6812
failures=1351
obj=1217
time=3540
buffers=8
windows=81
branches=2062
failures=305
obj=1207
time=3716
buffers=8
windows=81
branches=6945
failures=1376
obj=1196
time=4303
buffers=8
windows=81
branches=9171
failures=1739
obj=1192
time=5055
buffers=8
windows=81
branches=4333
failures=799
obj=1183
time=5408
buffers=8
windows=81
branches=1982
failures=261
obj=1181
time=5583
buffers=8
windows=81
branches=10385
failures=2019
obj=1179
time=6409
buffers=8
windows=81
branches=7462
failures=1556
obj=1177
time=7019
buffers=8
windows=81
branches=2767
failures=407
obj=1176
time=7257
buffers=8
windows=81
branches=7498
failures=1501
obj=1168
time=7872
buffers=8
windows=81
branches=4400
failures=732
obj=1166
time=8247
buffers=8
windows=81
branches=18685
failures=4397
obj=1164
time=9741
buffers=8
windows=81
branches=19069
failures=4507
obj=1158
time=11242
buffers=8
windows=81
branches=12401
failures=2986
obj=1157
time=12171
buffers=8
windows=81
branches=4889
failures=859
obj=1140
time=12585
buffers=8
windows=81
branches=4689
failures=803
obj=1138
time=12973
buffers=8
windows=81
branches=2193
failures=389
obj=1129
time=13160
buffers=8
windows=81
branches=5033
failures=957
obj=1127
time=13581
buffers=8
windows=81
branches=7382
failures=1456
obj=1126
time=14179
buffers=8
windows=81
branches=25561
failures=6282
obj=1124
time=16188
buffers=8
windows=81
branches=4919
failures=930
obj=1120
time=16601
buffers=8
windows=81
branches=10335
failures=2126
obj=1114
time=17431
buffers=8
windows=81
branches=10681
failures=2262
obj=1107
time=18310
buffers=8
windows=81
branches=11433
failures=2561
obj=1105
time=19222
buffers=8
windows=81
branches=21371
failures=4988
obj=1099
time=20876
buffers=8
windows=81
branches=7437
failures=1541
obj=1091
time=21493
buffers=8
windows=81
branches=10697
failures=2381
obj=1087
time=22348
buffers=8
windows=81
branches=26374
failures=6692
obj=1085
time=24335
buffers=8
windows=81
branches=80805
failures=23169
obj=1084
time=29939
buffers=8
windows=81
branches=40710
failures=10910
obj=1082
time=32915
buffers=8
windows=81
branches=55157
failures=14839
obj=1069
time=37025
buffers=8
windows=81
branches=135282
failures=41655
obj=1066
time=45797
buffers=8
windows=81
branches=25233
failures=6390
obj=1062
time=47774
buffers=8
windows=81
branches=23019
failures=5587
obj=1058
time=49534
buffers=8
windows=81
branches=11714
failures=2715
obj=1055
time=50457
buffers=8
windows=81
branches=116124
failures=33056
obj=1045
time=58511
buffers=8
windows=81
branches=570670
failures=183280
obj=1043
time=94277
buffers=8
windows=81
branches=215553
failures=66818
obj=1041
time=108375
buffers=8
windows=81
branches=1513992
failures=535337
obj=1039
time=194408
buffers=8
windows=81
branches=2056462
failures=721810
obj=1036
time=315136
buffers=8
windows=81
branches=845633
failures=286174
obj=1028
time=368634
buffers=8
windows=81
branches=3663771
failures=1323254
obj=1027
time=571445
buffers=8
windows=81
branches=124000
failures=36877
obj=1022
time=579842
buffers=8
windows=81
branches=1353727
failures=473499
obj=1021
time=656264
buffers=8
windows=81
branches=401473
failures=130253
obj=1020
time=681332
buffers=8
windows=81
branches=5954889
failures=2165518
obj=1019
time=1010092
buffers=8
windows=81
branches=937823
failures=317166
obj=1016
time=1066540
buffers=8
windows=81
branches=1107319
failures=377155
obj=1011
time=1132484
buffers=8
windows=81
branches=2746054
failures=969329
obj=1009
time=1292140
buffers=8
windows=81
branches=45537471
failures=17588901
original_status=TIMEOUT
original_lb=240
obj=1009
time=3600006
status=TIMEOUT
real_obj=100.839
real_time=3600006
