global=1
denseranking=1
symmetry=1
single_window=1
peak-ub=2744
buffers=16
windows=61
branches=960
failures=0
obj=1171
time=826
buffers=16
windows=61
branches=960
failures=0
obj=1040
time=1568
buffers=16
windows=61
branches=960
failures=0
obj=1006
time=2371
buffers=16
windows=61
branches=960
failures=0
obj=972
time=3151
buffers=16
windows=61
branches=960
failures=0
obj=939
time=4007
buffers=16
windows=61
branches=967
failures=8
obj=935
time=4818
buffers=16
windows=61
branches=2455
failures=200
obj=918
time=6932
buffers=16
windows=61
branches=1035
failures=43
obj=900
time=7832
buffers=16
windows=61
branches=952
failures=0
obj=862
time=8729
buffers=16
windows=61
branches=10397
failures=1600
obj=858
time=17386
buffers=16
windows=61
branches=1684
failures=104
obj=857
time=19014
buffers=16
windows=61
branches=2294
failures=201
obj=852
time=21057
buffers=16
windows=61
branches=3745
failures=402
obj=848
time=24251
buffers=16
windows=61
branches=3240
failures=433
obj=844
time=27217
buffers=16
windows=61
branches=2235
failures=285
obj=840
time=29154
buffers=16
windows=61
branches=7618
failures=1303
obj=838
time=35755
buffers=16
windows=61
branches=938
failures=0
obj=833
time=36605
buffers=16
windows=61
branches=32203
failures=7134
obj=829
time=61484
buffers=16
windows=61
branches=7404
failures=1287
obj=828
time=67726
buffers=16
windows=61
branches=4742
failures=642
obj=816
time=72307
buffers=16
windows=61
branches=8247
failures=1307
obj=814
time=79439
buffers=16
windows=61
branches=103560
failures=27801
obj=810
time=159432
buffers=16
windows=61
branches=8046
failures=1614
obj=806
time=165973
buffers=16
windows=61
branches=9812
failures=2000
obj=799
time=174835
buffers=16
windows=61
branches=112576
failures=31601
obj=790
time=260234
buffers=16
windows=61
branches=131592
failures=39117
obj=789
time=360524
buffers=16
windows=61
branches=71637
failures=20900
obj=785
time=414612
buffers=16
windows=61
branches=120215
failures=34205
obj=783
time=508434
buffers=16
windows=61
branches=85150
failures=23161
obj=781
time=574011
buffers=16
windows=61
branches=6424
failures=1209
obj=780
time=579664
buffers=16
windows=61
branches=164328
failures=49111
obj=779
time=695922
buffers=16
windows=61
branches=152528
failures=48396
obj=773
time=807654
buffers=16
windows=61
branches=288132
failures=98236
obj=772
time=1013120
buffers=16
windows=61
branches=136969
failures=43802
obj=771
time=1112425
buffers=16
windows=61
branches=54364
failures=15980
obj=769
time=1153132
buffers=16
windows=61
branches=18518
failures=4029
obj=768
time=1167251
buffers=16
windows=61
branches=886325
failures=300654
obj=767
time=1840668
buffers=16
windows=61
branches=290552
failures=96589
obj=766
time=2077117
buffers=16
windows=61
branches=571534
failures=189864
obj=759
time=2500880
buffers=16
windows=61
branches=646008
failures=229033
obj=753
time=2967823
buffers=16
windows=61
branches=114756
failures=35240
obj=749
time=3060737
buffers=16
windows=61
branches=724768
failures=266225
original_status=TIMEOUT
original_lb=197
obj=749
time=3600003
status=TIMEOUT
real_obj=74.885
real_time=3600003
