global=1
denseranking=1
symmetry=1
single_window=1
peak-ub=1507
buffers=24
windows=21
branches=480
failures=0
obj=1117
time=4116
buffers=24
windows=21
branches=480
failures=0
obj=957
time=8142
buffers=24
windows=21
branches=477
failures=1
obj=845
time=12418
buffers=24
windows=21
branches=4719
failures=1300
obj=815
time=43782
buffers=24
windows=21
branches=10872
failures=3400
obj=813
time=115444
buffers=24
windows=21
branches=12235
failures=3700
obj=811
time=196872
buffers=24
windows=21
branches=152481
failures=57200
obj=801
time=927888
buffers=24
windows=21
branches=26350
failures=9201
obj=794
time=1091552
buffers=24
windows=21
branches=128755
failures=49300
obj=783
time=1711674
buffers=24
windows=21
branches=4128
failures=1200
obj=782
time=1734418
buffers=24
windows=21
branches=126321
failures=48417
obj=763
time=2371066
buffers=24
windows=21
branches=263852
failures=106555
original_status=TIMEOUT
original_lb=282
obj=763
time=3600002
status=TIMEOUT
real_obj=76.250
real_time=3600002
