global=1
denseranking=1
symmetry=1
single_window=1
peak-ub=2014
buffers=8
windows=61
branches=480
failures=0
obj=1408
time=64
buffers=8
windows=61
branches=480
failures=0
obj=1378
time=126
buffers=8
windows=61
branches=480
failures=0
obj=1348
time=190
buffers=8
windows=61
branches=479
failures=0
obj=1304
time=252
buffers=8
windows=61
branches=476
failures=1
obj=1275
time=315
buffers=8
windows=61
branches=478
failures=0
obj=1267
time=379
buffers=8
windows=61
branches=567
failures=47
obj=1253
time=454
buffers=8
windows=61
branches=614
failures=75
obj=1252
time=531
buffers=8
windows=61
branches=1279
failures=199
obj=1215
time=692
buffers=8
windows=61
branches=1747
failures=200
obj=1171
time=912
buffers=8
windows=61
branches=552
failures=42
obj=1146
time=986
buffers=8
windows=61
branches=641
failures=86
obj=1117
time=1070
buffers=8
windows=61
branches=1069
failures=113
obj=1116
time=1209
buffers=8
windows=61
branches=475
failures=4
obj=1111
time=1281
buffers=8
windows=61
branches=1849
failures=297
obj=1108
time=1510
buffers=8
windows=61
branches=514
failures=25
obj=1105
time=1584
buffers=8
windows=61
branches=4911
failures=1076
obj=1077
time=2153
buffers=8
windows=61
branches=4763
failures=961
obj=1041
time=2704
buffers=8
windows=61
branches=1217
failures=165
obj=1028
time=2865
buffers=8
windows=61
branches=3844
failures=738
obj=1027
time=3329
buffers=8
windows=61
branches=3643
failures=693
obj=1026
time=3781
buffers=8
windows=61
branches=5829
failures=1239
obj=1019
time=4468
buffers=8
windows=61
branches=1047
failures=106
obj=999
time=4619
buffers=8
windows=61
branches=10840
failures=2522
obj=995
time=5840
buffers=8
windows=61
branches=9882
failures=2226
obj=994
time=6972
buffers=8
windows=61
branches=6206
failures=1388
obj=993
time=7696
buffers=8
windows=61
branches=1248
failures=183
obj=992
time=7859
buffers=8
windows=61
branches=11444
failures=2938
obj=988
time=9109
buffers=8
windows=61
branches=2962
failures=502
obj=987
time=9476
buffers=8
windows=61
branches=1159
failures=178
obj=986
time=9629
buffers=8
windows=61
branches=31578
failures=8755
obj=985
time=12838
buffers=8
windows=61
branches=3715
failures=778
obj=984
time=13303
buffers=8
windows=61
branches=4324
failures=801
obj=970
time=13838
buffers=8
windows=61
branches=4831
failures=1084
obj=965
time=14418
buffers=8
windows=61
branches=1894
failures=344
obj=963
time=14669
buffers=8
windows=61
branches=9785
failures=2229
obj=955
time=15834
buffers=8
windows=61
branches=31255
failures=8708
obj=949
time=19224
buffers=8
windows=61
branches=8545
failures=1939
obj=948
time=20228
buffers=8
windows=61
branches=98890
failures=29477
obj=944
time=30207
buffers=8
windows=61
branches=168233
failures=53487
obj=943
time=46348
buffers=8
windows=61
branches=128394
failures=40704
obj=941
time=58600
buffers=8
windows=61
branches=43760
failures=12224
obj=938
time=63080
buffers=8
windows=61
branches=186970
failures=58898
obj=937
time=80622
buffers=8
windows=61
branches=120135
failures=36909
obj=936
time=92613
buffers=8
windows=61
branches=807462
failures=281484
obj=934
time=162428
buffers=8
windows=61
branches=410071
failures=135857
obj=933
time=199534
buffers=8
windows=61
branches=37156
failures=10377
obj=929
time=203471
buffers=8
windows=61
branches=132981
failures=43357
obj=922
time=216014
buffers=8
windows=61
branches=1362047
failures=497504
obj=920
time=327651
buffers=8
windows=61
branches=1847737
failures=665896
obj=918
time=485404
buffers=8
windows=61
branches=399825
failures=133842
obj=917
time=521564
buffers=8
windows=61
branches=86470
failures=26490
obj=915
time=530008
buffers=8
windows=61
branches=1742713
failures=632660
obj=914
time=678565
buffers=8
windows=61
branches=4311101
failures=1608597
obj=913
time=1037742
buffers=8
windows=61
branches=5766456
failures=2154323
obj=912
time=1533636
buffers=8
windows=61
branches=23031
failures=6112
obj=911
time=1536167
buffers=8
windows=61
branches=6786737
failures=2598278
obj=909
time=2055127
buffers=8
windows=61
branches=2943416
failures=1109068
obj=908
time=2293085
buffers=8
windows=61
branches=2184788
failures=793047
obj=902
time=2477398
buffers=8
windows=61
branches=3609100
failures=1353372
obj=900
time=2775290
buffers=8
windows=61
branches=3603095
failures=1350683
obj=898
time=3059513
buffers=8
windows=61
branches=6669825
failures=2565290
original_status=TIMEOUT
original_lb=235
obj=898
time=3600001
status=TIMEOUT
real_obj=89.796
real_time=3600001
