global=1
denseranking=1
symmetry=1
single_window=1
peak-ub=2796
buffers=24
windows=81
branches=1920
failures=0
obj=2024
time=4807
buffers=24
windows=81
branches=1920
failures=0
obj=1790
time=9563
buffers=24
windows=81
branches=1920
failures=0
obj=1681
time=14949
buffers=24
windows=81
branches=1919
failures=0
obj=1673
time=19751
buffers=24
windows=81
branches=1915
failures=0
obj=1614
time=24789
buffers=24
windows=81
branches=1919
failures=0
obj=1557
time=30626
buffers=24
windows=81
branches=16247
failures=1300
obj=1537
time=82772
buffers=24
windows=81
branches=3643
failures=101
obj=1529
time=93005
buffers=24
windows=81
branches=12318
failures=813
obj=1525
time=137774
buffers=24
windows=81
branches=3759
failures=101
obj=1515
time=147980
buffers=24
windows=81
branches=14938
failures=1208
obj=1501
time=192470
buffers=24
windows=81
branches=35871
failures=3720
obj=1486
time=298031
buffers=24
windows=81
branches=8659
failures=512
obj=1485
time=324235
buffers=24
windows=81
branches=27428
failures=2607
obj=1478
time=414827
buffers=24
windows=81
branches=4747
failures=201
obj=1472
time=429942
buffers=24
windows=81
branches=8545
failures=501
obj=1466
time=456895
buffers=24
windows=81
branches=39880
failures=4023
obj=1437
time=570431
buffers=24
windows=81
branches=39796
failures=4000
obj=1386
time=688332
buffers=24
windows=81
branches=306654
failures=50000
obj=1384
time=1572679
buffers=24
windows=81
branches=125880
failures=19417
obj=1383
time=1938520
buffers=24
windows=81
branches=113491
failures=14788
obj=1376
time=2273254
buffers=24
windows=81
branches=338145
failures=55619
obj=1372
time=3270580
buffers=24
windows=81
branches=105784
failures=14401
original_status=TIMEOUT
original_lb=237
obj=1372
time=3600005
status=TIMEOUT
real_obj=137.145
real_time=3600005
