global=1
denseranking=1
symmetry=1
single_window=1
peak-ub=1909
buffers=8
windows=81
branches=640
failures=0
obj=1329
time=53
buffers=8
windows=81
branches=2274
failures=200
obj=1226
time=227
buffers=8
windows=81
branches=635
failures=1
obj=1152
time=283
buffers=8
windows=81
branches=3410
failures=479
obj=1133
time=544
buffers=8
windows=81
branches=8840
failures=1400
obj=1131
time=1174
buffers=8
windows=81
branches=2151
failures=200
obj=1103
time=1348
buffers=8
windows=81
branches=4099
failures=507
obj=1099
time=1657
buffers=8
windows=81
branches=10511
failures=1705
obj=1098
time=2394
buffers=8
windows=81
branches=5914
failures=815
obj=1093
time=2839
buffers=8
windows=81
branches=13198
failures=2371
obj=1070
time=3792
buffers=8
windows=81
branches=18807
failures=3603
obj=1062
time=5099
buffers=8
windows=81
branches=5872
failures=939
obj=1061
time=5542
buffers=8
windows=81
branches=64609
failures=13863
obj=1051
time=9867
buffers=8
windows=81
branches=33280
failures=7414
obj=1050
time=12115
buffers=8
windows=81
branches=86332
failures=20886
obj=1044
time=17728
buffers=8
windows=81
branches=21938
failures=4346
obj=1034
time=19373
buffers=8
windows=81
branches=395873
failures=110944
obj=1017
time=43138
buffers=8
windows=81
branches=3596704
failures=1155657
obj=1011
time=258286
buffers=8
windows=81
branches=24749432
failures=8356338
obj=1009
time=1620862
buffers=8
windows=81
branches=35667074
failures=12378726
original_status=TIMEOUT
original_lb=153
obj=1009
time=3600001
status=TIMEOUT
real_obj=100.853
real_time=3600001
