global=1
denseranking=1
symmetry=1
single_window=1
peak-ub=1894
buffers=8
windows=61
branches=480
failures=0
obj=1244
time=49
buffers=8
windows=61
branches=480
failures=0
obj=1164
time=94
buffers=8
windows=61
branches=480
failures=0
obj=1119
time=141
buffers=8
windows=61
branches=480
failures=0
obj=1078
time=189
buffers=8
windows=61
branches=481
failures=2
obj=1061
time=236
buffers=8
windows=61
branches=1003
failures=100
obj=1056
time=333
buffers=8
windows=61
branches=478
failures=0
obj=1040
time=383
buffers=8
windows=61
branches=1055
failures=100
obj=929
time=480
buffers=8
windows=61
branches=466
failures=0
obj=928
time=531
buffers=8
windows=61
branches=581
failures=60
obj=923
time=592
buffers=8
windows=61
branches=551
failures=41
obj=917
time=647
buffers=8
windows=61
branches=506
failures=23
obj=909
time=699
buffers=8
windows=61
branches=1125
failures=185
obj=905
time=804
buffers=8
windows=61
branches=551
failures=45
obj=894
time=862
buffers=8
windows=61
branches=1435
failures=238
obj=863
time=1004
buffers=8
windows=61
branches=1036
failures=161
obj=861
time=1104
buffers=8
windows=61
branches=3422
failures=716
obj=837
time=1406
buffers=8
windows=61
branches=3996
failures=935
obj=835
time=1749
buffers=8
windows=61
branches=1113
failures=185
obj=834
time=1866
buffers=8
windows=61
branches=454
failures=0
obj=831
time=1917
buffers=8
windows=61
branches=4132
failures=985
obj=829
time=2282
buffers=8
windows=61
branches=4011
failures=886
obj=822
time=2645
buffers=8
windows=61
branches=2988
failures=643
obj=808
time=2918
buffers=8
windows=61
branches=1368
failures=227
obj=798
time=3049
buffers=8
windows=61
branches=8360
failures=2341
obj=796
time=3760
buffers=8
windows=61
branches=1642
failures=354
obj=786
time=3929
buffers=8
windows=61
branches=4669
failures=1263
obj=783
time=4333
buffers=8
windows=61
branches=18433
failures=5393
obj=779
time=5807
buffers=8
windows=61
branches=3955
failures=1038
obj=778
time=6152
buffers=8
windows=61
branches=10109
failures=2921
obj=775
time=7008
buffers=8
windows=61
branches=459
failures=13
obj=773
time=7064
buffers=8
windows=61
branches=10284
failures=3189
obj=766
time=7942
buffers=8
windows=61
branches=18582
failures=5542
obj=765
time=9462
buffers=8
windows=61
branches=7659
failures=1998
obj=764
time=10221
buffers=8
windows=61
branches=22105
failures=6902
obj=759
time=12095
buffers=8
windows=61
branches=9388
failures=2665
obj=757
time=12918
buffers=8
windows=61
branches=7995
failures=2182
obj=755
time=13618
buffers=8
windows=61
branches=9331
failures=2762
obj=754
time=14409
buffers=8
windows=61
branches=14678
failures=4454
obj=752
time=15650
buffers=8
windows=61
branches=23717
failures=7865
obj=750
time=17515
buffers=8
windows=61
branches=19861
failures=6126
obj=749
time=19214
buffers=8
windows=61
branches=3831
failures=1004
obj=747
time=19567
buffers=8
windows=61
branches=9231
failures=2749
obj=745
time=20368
buffers=8
windows=61
branches=9581
failures=2888
obj=744
time=21235
buffers=8
windows=61
branches=19267
failures=6054
obj=736
time=22860
buffers=8
windows=61
branches=22124
failures=7003
obj=735
time=24771
buffers=8
windows=61
branches=9511
failures=2895
obj=734
time=25574
buffers=8
windows=61
branches=9110
failures=2715
obj=733
time=26374
buffers=8
windows=61
branches=9616
failures=2922
obj=732
time=27225
buffers=8
windows=61
branches=21922
failures=7230
obj=730
time=29068
buffers=8
windows=61
branches=45635
failures=15247
obj=729
time=32641
buffers=8
windows=61
branches=19529
failures=6116
obj=728
time=34331
buffers=8
windows=61
branches=16803
failures=5062
obj=726
time=35847
buffers=8
windows=61
branches=18765
failures=5842
obj=725
time=37473
buffers=8
windows=61
branches=19373
failures=6153
obj=723
time=39043
buffers=8
windows=61
branches=21086
failures=6882
obj=721
time=40832
buffers=8
windows=61
branches=9578
failures=3002
obj=711
time=41694
buffers=8
windows=61
branches=79432
failures=28380
obj=709
time=47510
buffers=8
windows=61
branches=40530
failures=13530
obj=707
time=50748
buffers=8
windows=61
branches=97221
failures=34549
obj=704
time=58197
buffers=8
windows=61
branches=21711
failures=7266
obj=702
time=59963
buffers=8
windows=61
branches=43265
failures=14617
obj=701
time=63435
buffers=8
windows=61
branches=112232
failures=42011
obj=695
time=71379
buffers=8
windows=61
branches=9630
failures=3081
obj=693
time=72191
buffers=8
windows=61
branches=73832
failures=26709
obj=692
time=77507
buffers=8
windows=61
branches=4121
failures=1197
obj=689
time=77919
buffers=8
windows=61
branches=260339
failures=102357
obj=687
time=95189
buffers=8
windows=61
branches=112396
failures=42706
obj=686
time=103259
buffers=8
windows=61
branches=105458
failures=39115
obj=683
time=111154
buffers=8
windows=61
branches=482541
failures=186960
obj=681
time=143147
buffers=8
windows=61
branches=366745
failures=142979
obj=677
time=167993
buffers=8
windows=61
branches=177000
failures=66818
obj=673
time=180682
buffers=8
windows=61
branches=103164
failures=38283
obj=672
time=188282
buffers=8
windows=61
branches=1103646
failures=445390
obj=670
time=261058
buffers=8
windows=61
branches=2901823
failures=1212811
obj=668
time=442593
buffers=8
windows=61
branches=2394503
failures=986348
obj=667
time=601036
buffers=8
windows=61
branches=814115
failures=327489
obj=666
time=657830
buffers=8
windows=61
branches=4265578
failures=1778685
obj=665
time=931811
buffers=8
windows=61
branches=5615587
failures=2388689
obj=664
time=1272131
buffers=8
windows=61
branches=5182340
failures=2174568
obj=663
time=1577101
buffers=8
windows=61
branches=5411020
failures=2289444
obj=661
time=1888900
buffers=8
windows=61
branches=2409709
failures=996658
obj=659
time=2040969
buffers=8
windows=61
branches=14915205
failures=6424684
obj=658
time=2874967
buffers=8
windows=61
branches=11967752
failures=5159199
original_status=TIMEOUT
original_lb=243
obj=658
time=3600001
status=TIMEOUT
real_obj=65.725
real_time=3600001
