global=1
denseranking=1
symmetry=1
single_window=1
peak-ub=1895
buffers=8
windows=41
branches=320
failures=0
obj=1228
time=44
buffers=8
windows=41
branches=320
failures=0
obj=1048
time=87
buffers=8
windows=41
branches=319
failures=0
obj=1045
time=130
buffers=8
windows=41
branches=319
failures=0
obj=941
time=178
buffers=8
windows=41
branches=1328
failures=288
obj=932
time=343
buffers=8
windows=41
branches=726
failures=102
obj=927
time=433
buffers=8
windows=41
branches=1204
failures=259
obj=923
time=583
buffers=8
windows=41
branches=461
failures=78
obj=904
time=649
buffers=8
windows=41
branches=729
failures=116
obj=852
time=742
buffers=8
windows=41
branches=824
failures=167
obj=823
time=850
buffers=8
windows=41
branches=2130
failures=504
obj=810
time=1121
buffers=8
windows=41
branches=448
failures=79
obj=808
time=1181
buffers=8
windows=41
branches=3524
failures=1016
obj=800
time=1556
buffers=8
windows=41
branches=4915
failures=1403
obj=796
time=2076
buffers=8
windows=41
branches=796
failures=156
obj=792
time=2161
buffers=8
windows=41
branches=3478
failures=1011
obj=791
time=2462
buffers=8
windows=41
branches=1889
failures=482
obj=787
time=2640
buffers=8
windows=41
branches=2206
failures=579
obj=783
time=2831
buffers=8
windows=41
branches=24023
failures=8471
obj=781
time=4356
buffers=8
windows=41
branches=7060
failures=2120
obj=777
time=4902
buffers=8
windows=41
branches=2832
failures=794
obj=766
time=5142
buffers=8
windows=41
branches=15790
failures=5191
obj=764
time=6242
buffers=8
windows=41
branches=30145
failures=10646
obj=762
time=8223
buffers=8
windows=41
branches=32664
failures=11535
obj=757
time=10288
buffers=8
windows=41
branches=28422
failures=9943
obj=756
time=12305
buffers=8
windows=41
branches=12764
failures=4232
obj=748
time=13277
buffers=8
windows=41
branches=73382
failures=27556
obj=745
time=18156
buffers=8
windows=41
branches=101336
failures=38621
obj=744
time=24740
buffers=8
windows=41
branches=48950
failures=18500
obj=737
time=27897
buffers=8
windows=41
branches=274673
failures=110392
obj=732
time=46208
buffers=8
windows=41
branches=466481
failures=185750
obj=731
time=75767
buffers=8
windows=41
branches=1225715
failures=515562
obj=727
time=142129
buffers=8
windows=41
branches=130727
failures=50703
obj=726
time=151170
buffers=8
windows=41
branches=80031
failures=29899
obj=722
time=156941
buffers=8
windows=41
branches=13215731
failures=5753968
obj=720
time=807579
buffers=8
windows=41
branches=409196
failures=163432
obj=718
time=830519
buffers=8
windows=41
branches=5432079
failures=2338716
obj=717
time=1087444
buffers=8
windows=41
branches=11685623
failures=5088306
obj=714
time=1623905
buffers=8
windows=41
branches=6217725
failures=2686398
obj=713
time=1933211
buffers=8
windows=41
branches=36599921
failures=16047044
obj=712
time=3586997
buffers=8
windows=41
branches=154571
failures=59932
obj=711
time=3596463
buffers=8
windows=41
branches=54920
failures=20801
original_status=TIMEOUT
original_lb=250
obj=711
time=3600000
status=TIMEOUT
real_obj=71.084
real_time=3600000
