global=1
denseranking=1
symmetry=1
single_window=1
peak-ub=1063
buffers=8
windows=21
branches=160
failures=0
obj=725
time=52
buffers=8
windows=21
branches=160
failures=0
obj=640
time=109
buffers=8
windows=21
branches=157
failures=0
obj=624
time=166
buffers=8
windows=21
branches=156
failures=0
obj=560
time=225
buffers=8
windows=21
branches=188
failures=18
obj=549
time=284
buffers=8
windows=21
branches=512
failures=131
obj=543
time=394
buffers=8
windows=21
branches=1392
failures=481
obj=539
time=663
buffers=8
windows=21
branches=1690
failures=580
obj=523
time=994
buffers=8
windows=21
branches=145
failures=0
obj=521
time=1044
buffers=8
windows=21
branches=1581
failures=529
obj=500
time=1340
buffers=8
windows=21
branches=1237
failures=402
obj=495
time=1579
buffers=8
windows=21
branches=505
failures=137
obj=494
time=1706
buffers=8
windows=21
branches=15754
failures=6432
obj=491
time=4303
buffers=8
windows=21
branches=23783
failures=9855
obj=481
time=7918
buffers=8
windows=21
branches=45930
failures=19857
obj=477
time=14825
buffers=8
windows=21
branches=377190
failures=168222
obj=474
time=71058
buffers=8
windows=21
branches=9039356
failures=4190888
obj=473
time=1241068
buffers=8
windows=21
branches=18536803
failures=8642330
original_status=TIMEOUT
original_lb=221
obj=473
time=3600000
status=TIMEOUT
real_obj=47.249
real_time=3600000
