global=1
denseranking=1
symmetry=1
single_window=1
peak-ub=1007
buffers=8
windows=61
branches=480
failures=0
obj=823
time=50
buffers=8
windows=61
branches=480
failures=0
obj=813
time=99
buffers=8
windows=61
branches=480
failures=0
obj=657
time=148
buffers=8
windows=61
branches=480
failures=0
obj=558
time=199
buffers=8
windows=61
branches=633
failures=78
obj=557
time=264
buffers=8
windows=61
branches=480
failures=1
obj=545
time=321
buffers=8
windows=61
branches=575
failures=49
obj=536
time=385
buffers=8
windows=61
branches=904
failures=100
obj=512
time=480
buffers=8
windows=61
branches=477
failures=3
obj=491
time=536
buffers=8
windows=61
branches=1364
failures=265
obj=476
time=677
buffers=8
windows=61
branches=1266
failures=200
obj=472
time=814
buffers=8
windows=61
branches=1545
failures=330
obj=464
time=985
buffers=8
windows=61
branches=1501
failures=373
obj=460
time=1137
buffers=8
windows=61
branches=1499
failures=234
obj=457
time=1313
buffers=8
windows=61
branches=946
failures=137
obj=452
time=1421
buffers=8
windows=61
branches=7181
failures=1919
obj=443
time=2047
buffers=8
windows=61
branches=868
failures=179
obj=441
time=2113
buffers=8
windows=61
branches=9487
failures=2932
obj=440
time=2766
buffers=8
windows=61
branches=2428
failures=577
obj=431
time=2936
buffers=8
windows=61
branches=7174
failures=2165
obj=429
time=3428
buffers=8
windows=61
branches=3503
failures=957
obj=424
time=3674
buffers=8
windows=61
branches=1538
failures=341
obj=423
time=3800
buffers=8
windows=61
branches=3435
failures=968
obj=421
time=4057
buffers=8
windows=61
branches=29198
failures=10857
obj=419
time=5730
buffers=8
windows=61
branches=5371
failures=1677
obj=415
time=6126
buffers=8
windows=61
branches=118903
failures=47801
obj=411
time=12252
buffers=8
windows=61
branches=61878
failures=24148
obj=406
time=15692
buffers=8
windows=61
branches=24202
failures=9168
obj=404
time=17135
buffers=8
windows=61
branches=194427
failures=80235
obj=403
time=27098
buffers=8
windows=61
branches=409968
failures=173079
obj=399
time=45664
buffers=8
windows=61
branches=1059042
failures=465242
obj=398
time=90890
buffers=8
windows=61
branches=323033
failures=136913
obj=395
time=106308
buffers=8
windows=61
branches=748120
failures=325658
obj=394
time=140166
buffers=8
windows=61
branches=322509
failures=137382
obj=393
time=155174
buffers=8
windows=61
branches=408464
failures=174302
obj=392
time=174209
buffers=8
windows=61
branches=3497761
failures=1557185
obj=391
time=314894
buffers=8
windows=61
branches=4006734
failures=1788369
obj=390
time=469886
buffers=8
windows=61
branches=18039
failures=7131
obj=389
time=470945
buffers=8
windows=61
branches=2241266
failures=998839
obj=385
time=557075
buffers=8
windows=61
branches=191971
failures=81605
obj=379
time=565881
buffers=8
windows=61
branches=13847689
failures=6382300
obj=377
time=1033665
buffers=8
windows=61
branches=18771585
failures=8620249
obj=376
time=1810444
buffers=8
windows=61
branches=4188520
failures=1912394
obj=374
time=1957360
buffers=8
windows=61
branches=26126735
failures=12202658
obj=373
time=2782098
buffers=8
windows=61
branches=12947992
failures=5975930
obj=372
time=3225671
buffers=8
windows=61
branches=11493555
failures=5356895
original_status=TIMEOUT
original_lb=215
obj=372
time=3600001
status=TIMEOUT
real_obj=37.159
real_time=3600001
