global=1
denseranking=1
symmetry=1
single_window=1
peak-ub=533
buffers=8
windows=61
branches=509
failures=15
obj=515
time=75
buffers=8
windows=61
branches=605
failures=64
obj=494
time=152
buffers=8
windows=61
branches=503
failures=14
obj=432
time=224
buffers=8
windows=61
branches=936
failures=157
obj=430
time=346
buffers=8
windows=61
branches=578
failures=57
obj=429
time=432
buffers=8
windows=61
branches=647
failures=96
obj=427
time=532
buffers=8
windows=61
branches=485
failures=18
obj=423
time=618
buffers=8
windows=61
branches=940
failures=164
obj=408
time=755
buffers=8
windows=61
branches=2647
failures=716
obj=407
time=1099
buffers=8
windows=61
branches=1192
failures=229
obj=406
time=1273
buffers=8
windows=61
branches=1783
failures=486
obj=387
time=1509
buffers=8
windows=61
branches=921
failures=171
obj=385
time=1646
buffers=8
windows=61
branches=2302
failures=654
obj=384
time=1944
buffers=8
windows=61
branches=3030
failures=932
obj=383
time=2286
buffers=8
windows=61
branches=4402
failures=1358
obj=380
time=2738
buffers=8
windows=61
branches=9957
failures=3688
obj=379
time=3539
buffers=8
windows=61
branches=525
failures=47
obj=372
time=3618
buffers=8
windows=61
branches=2965
failures=921
obj=371
time=3942
buffers=8
windows=61
branches=9411
failures=3532
obj=368
time=4775
buffers=8
windows=61
branches=8831
failures=3372
obj=367
time=5567
buffers=8
windows=61
branches=24427
failures=9735
obj=365
time=7595
buffers=8
windows=61
branches=1338
failures=369
obj=364
time=7753
buffers=8
windows=61
branches=36335
failures=14690
obj=361
time=10673
buffers=8
windows=61
branches=1582
failures=420
obj=356
time=10871
buffers=8
windows=61
branches=157258
failures=68368
obj=354
time=22281
buffers=8
windows=61
branches=353527
failures=156739
obj=353
time=47367
buffers=8
windows=61
branches=253050
failures=112641
obj=349
time=64086
buffers=8
windows=61
branches=1363286
failures=623881
obj=347
time=147261
buffers=8
windows=61
branches=1779749
failures=819145
obj=345
time=253824
buffers=8
windows=61
branches=2300096
failures=1071204
obj=342
time=393692
buffers=8
windows=61
branches=5130778
failures=2408458
obj=341
time=670897
buffers=8
windows=61
branches=3666535
failures=1711558
obj=340
time=892309
buffers=8
windows=61
branches=1059360
failures=492619
obj=339
time=955708
buffers=8
windows=61
branches=8104620
failures=3801223
obj=338
time=1423648
buffers=8
windows=61
branches=11047500
failures=5229083
obj=335
time=2071360
buffers=8
windows=61
branches=10702323
failures=5062439
obj=334
time=2670568
buffers=8
windows=61
branches=8629648
failures=4066312
obj=333
time=3178472
buffers=8
windows=61
branches=6225004
failures=2927399
obj=332
time=3534160
buffers=8
windows=61
branches=1119567
failures=521404
original_status=TIMEOUT
original_lb=152
obj=332
time=3600000
status=TIMEOUT
real_obj=33.176
real_time=3600000
