global=1
denseranking=1
symmetry=1
single_window=1
peak-ub=1386
buffers=8
windows=81
branches=640
failures=0
obj=1130
time=69
buffers=8
windows=81
branches=640
failures=0
obj=976
time=138
buffers=8
windows=81
branches=640
failures=0
obj=963
time=207
buffers=8
windows=81
branches=640
failures=0
obj=952
time=277
buffers=8
windows=81
branches=640
failures=0
obj=872
time=348
buffers=8
windows=81
branches=638
failures=0
obj=827
time=420
buffers=8
windows=81
branches=640
failures=0
obj=778
time=490
buffers=8
windows=81
branches=636
failures=0
obj=769
time=563
buffers=8
windows=81
branches=799
failures=85
obj=729
time=650
buffers=8
windows=81
branches=794
failures=85
obj=680
time=737
buffers=8
windows=81
branches=653
failures=13
obj=673
time=815
buffers=8
windows=81
branches=684
failures=29
obj=671
time=893
buffers=8
windows=81
branches=626
failures=0
obj=667
time=969
buffers=8
windows=81
branches=4397
failures=741
obj=665
time=1412
buffers=8
windows=81
branches=624
failures=1
obj=661
time=1535
buffers=8
windows=81
branches=4338
failures=653
obj=657
time=1981
buffers=8
windows=81
branches=4501
failures=741
obj=652
time=2426
buffers=8
windows=81
branches=615
failures=0
obj=650
time=2499
buffers=8
windows=81
branches=1937
failures=200
obj=639
time=2705
buffers=8
windows=81
branches=2451
failures=335
obj=638
time=2963
buffers=8
windows=81
branches=1542
failures=188
obj=623
time=3127
buffers=8
windows=81
branches=682
failures=39
obj=620
time=3211
buffers=8
windows=81
branches=9155
failures=1680
obj=614
time=4118
buffers=8
windows=81
branches=5800
failures=1126
obj=606
time=4707
buffers=8
windows=81
branches=8346
failures=1595
obj=598
time=5532
buffers=8
windows=81
branches=7273
failures=1471
obj=597
time=6218
buffers=8
windows=81
branches=24837
failures=5704
obj=589
time=8514
buffers=8
windows=81
branches=4153
failures=700
obj=588
time=8948
buffers=8
windows=81
branches=3884
failures=715
obj=587
time=9343
buffers=8
windows=81
branches=10368
failures=2349
obj=586
time=10358
buffers=8
windows=81
branches=10697
failures=2327
obj=585
time=11425
buffers=8
windows=81
branches=10006
failures=1878
obj=579
time=12441
buffers=8
windows=81
branches=4232
failures=658
obj=570
time=12905
buffers=8
windows=81
branches=38423
failures=10333
obj=569
time=16457
buffers=8
windows=81
branches=53608
failures=14089
obj=567
time=21292
buffers=8
windows=81
branches=40491
failures=10954
obj=559
time=25029
buffers=8
windows=81
branches=9330
failures=1978
obj=557
time=25946
buffers=8
windows=81
branches=12301
failures=3155
obj=554
time=27148
buffers=8
windows=81
branches=87352
failures=24922
obj=553
time=34616
buffers=8
windows=81
branches=358163
failures=118063
obj=550
time=62346
buffers=8
windows=81
branches=296509
failures=99106
obj=546
time=85439
buffers=8
windows=81
branches=290958
failures=97584
obj=545
time=108180
buffers=8
windows=81
branches=193222
failures=61810
obj=544
time=124796
buffers=8
windows=81
branches=280863
failures=92774
obj=537
time=146329
buffers=8
windows=81
branches=218767
failures=70745
obj=536
time=164214
buffers=8
windows=81
branches=1636701
failures=595684
obj=535
time=277470
buffers=8
windows=81
branches=1433031
failures=527657
obj=534
time=380417
buffers=8
windows=81
branches=2961049
failures=1114805
obj=532
time=573323
buffers=8
windows=81
branches=1026672
failures=359779
obj=523
time=649849
buffers=8
windows=81
branches=50192709
failures=19935246
original_status=TIMEOUT
original_lb=192
obj=523
time=3600001
status=TIMEOUT
real_obj=52.275
real_time=3600001
