global=1
denseranking=1
symmetry=1
single_window=1
peak-ub=962
buffers=8
windows=61
branches=480
failures=0
obj=765
time=62
buffers=8
windows=61
branches=479
failures=0
obj=717
time=122
buffers=8
windows=61
branches=476
failures=1
obj=668
time=185
buffers=8
windows=61
branches=618
failures=73
obj=662
time=256
buffers=8
windows=61
branches=555
failures=41
obj=652
time=330
buffers=8
windows=61
branches=471
failures=0
obj=637
time=395
buffers=8
windows=61
branches=522
failures=25
obj=636
time=472
buffers=8
windows=61
branches=469
failures=0
obj=622
time=541
buffers=8
windows=61
branches=559
failures=45
obj=603
time=619
buffers=8
windows=61
branches=466
failures=0
obj=590
time=685
buffers=8
windows=61
branches=1387
failures=202
obj=575
time=861
buffers=8
windows=61
branches=564
failures=53
obj=574
time=940
buffers=8
windows=61
branches=1815
failures=381
obj=557
time=1155
buffers=8
windows=61
branches=4402
failures=1054
obj=552
time=1625
buffers=8
windows=61
branches=1661
failures=344
obj=551
time=1826
buffers=8
windows=61
branches=1482
failures=226
obj=542
time=2015
buffers=8
windows=61
branches=1489
failures=246
obj=530
time=2201
buffers=8
windows=61
branches=2119
failures=454
obj=528
time=2439
buffers=8
windows=61
branches=5913
failures=1547
obj=521
time=3084
buffers=8
windows=61
branches=2270
failures=482
obj=519
time=3363
buffers=8
windows=61
branches=1702
failures=391
obj=512
time=3554
buffers=8
windows=61
branches=1604
failures=312
obj=508
time=3756
buffers=8
windows=61
branches=8891
failures=2477
obj=506
time=4618
buffers=8
windows=61
branches=89919
failures=30752
obj=505
time=12265
buffers=8
windows=61
branches=58377
failures=20285
obj=502
time=17396
buffers=8
windows=61
branches=5608
failures=1461
obj=500
time=17990
buffers=8
windows=61
branches=62181
failures=21394
obj=499
time=23848
buffers=8
windows=61
branches=230281
failures=83750
obj=495
time=44313
buffers=8
windows=61
branches=188309
failures=68172
obj=491
time=59954
buffers=8
windows=61
branches=55294
failures=19769
obj=490
time=64833
buffers=8
windows=61
branches=351248
failures=132339
obj=486
time=93875
buffers=8
windows=61
branches=329664
failures=125095
obj=484
time=120178
buffers=8
windows=61
branches=789037
failures=305778
obj=473
time=182134
buffers=8
windows=61
branches=136888
failures=49933
obj=472
time=195055
buffers=8
windows=61
branches=542887
failures=212513
obj=471
time=239642
buffers=8
windows=61
branches=1520206
failures=612558
obj=470
time=354724
buffers=8
windows=61
branches=5816602
failures=2440316
obj=469
time=763565
buffers=8
windows=61
branches=1145609
failures=456193
obj=468
time=862274
buffers=8
windows=61
branches=213206
failures=78188
obj=464
time=880929
buffers=8
windows=61
branches=5476049
failures=2277899
obj=462
time=1279296
buffers=8
windows=61
branches=12155558
failures=5162684
obj=459
time=2119031
buffers=8
windows=61
branches=5240516
failures=2171712
obj=455
time=2513961
buffers=8
windows=61
branches=14024582
failures=5975712
original_status=TIMEOUT
original_lb=232
obj=455
time=3600001
status=TIMEOUT
real_obj=45.475
real_time=3600001
