global=1
denseranking=1
symmetry=1
single_window=1
peak-ub=671
buffers=8
windows=21
branches=159
failures=0
obj=648
time=72
buffers=8
windows=21
branches=154
failures=0
obj=557
time=145
buffers=8
windows=21
branches=494
failures=100
obj=541
time=280
buffers=8
windows=21
branches=149
failures=0
obj=534
time=340
buffers=8
windows=21
branches=1717
failures=500
obj=520
time=780
buffers=8
windows=21
branches=491
failures=100
obj=511
time=933
buffers=8
windows=21
branches=151
failures=0
obj=510
time=991
buffers=8
windows=21
branches=3886
failures=1300
obj=501
time=1902
buffers=8
windows=21
branches=557
failures=134
obj=495
time=2061
buffers=8
windows=21
branches=1365
failures=401
obj=489
time=2472
buffers=8
windows=21
branches=73034
failures=29030
obj=488
time=18406
buffers=8
windows=21
branches=577625
failures=248676
obj=486
time=109996
buffers=8
windows=21
branches=220517
failures=92450
obj=484
time=148887
buffers=8
windows=21
branches=263361
failures=111225
obj=480
time=193429
buffers=8
windows=21
branches=270479
failures=114002
obj=479
time=240724
buffers=8
windows=21
branches=110794
failures=46000
obj=478
time=260248
buffers=8
windows=21
branches=3897457
failures=1717726
obj=477
time=833278
buffers=8
windows=21
branches=19924736
failures=8956584
original_status=TIMEOUT
original_lb=256
obj=477
time=3600000
status=TIMEOUT
real_obj=47.609
real_time=3600000
