global=1
denseranking=1
symmetry=1
single_window=1
peak-ub=1831
buffers=24
windows=21
branches=480
failures=0
obj=772
time=4246
buffers=24
windows=21
branches=480
failures=0
obj=513
time=8258
buffers=24
windows=21
branches=1078
failures=100
obj=505
time=17298
buffers=24
windows=21
branches=468
failures=0
obj=481
time=21334
buffers=24
windows=21
branches=451
failures=0
obj=476
time=26141
buffers=24
windows=21
branches=1803
failures=400
obj=457
time=41588
buffers=24
windows=21
branches=3513
failures=872
obj=455
time=67125
buffers=24
windows=21
branches=14997
failures=4902
obj=453
time=159974
buffers=24
windows=21
branches=18707
failures=6174
obj=452
time=269601
buffers=24
windows=21
branches=3248
failures=905
obj=451
time=293979
buffers=24
windows=21
branches=7103
failures=2017
obj=442
time=343902
buffers=24
windows=21
branches=34848
failures=13039
obj=438
time=556683
buffers=24
windows=21
branches=101304
failures=42251
obj=436
time=1090415
buffers=24
windows=21
branches=11581
failures=4275
obj=425
time=1159873
buffers=24
windows=21
branches=125293
failures=54100
obj=418
time=1754475
buffers=24
windows=21
branches=413036
failures=182941
original_status=TIMEOUT
original_lb=245
obj=418
time=3600002
status=TIMEOUT
real_obj=41.719
real_time=3600002
