global=1
denseranking=1
symmetry=1
single_window=1
peak-ub=2226
buffers=24
windows=41
branches=960
failures=0
obj=1410
time=3483
buffers=24
windows=41
branches=958
failures=0
obj=1284
time=6762
buffers=24
windows=41
branches=1924
failures=100
obj=1274
time=13511
buffers=24
windows=41
branches=2033
failures=110
obj=1268
time=20849
buffers=24
windows=41
branches=3116
failures=200
obj=1208
time=33325
buffers=24
windows=41
branches=2083
failures=100
obj=1176
time=42606
buffers=24
windows=41
branches=2971
failures=200
obj=1163
time=54778
buffers=24
windows=41
branches=947
failures=0
obj=1159
time=58829
buffers=24
windows=41
branches=940
failures=2
obj=1157
time=62706
buffers=24
windows=41
branches=19516
failures=3201
obj=1111
time=131002
buffers=24
windows=41
branches=1875
failures=100
obj=1108
time=137799
buffers=24
windows=41
branches=6166
failures=600
obj=1079
time=159954
buffers=24
windows=41
branches=9469
failures=1301
obj=1066
time=197848
buffers=24
windows=41
branches=27819
failures=4500
obj=1058
time=286839
buffers=24
windows=41
branches=28113
failures=4600
obj=1031
time=380663
buffers=24
windows=41
branches=71735
failures=13550
obj=1030
time=638222
buffers=24
windows=41
branches=48943
failures=9544
obj=1027
time=812535
buffers=24
windows=41
branches=93352
failures=20500
obj=1024
time=1126940
buffers=24
windows=41
branches=217695
failures=52800
obj=1023
time=1770703
buffers=24
windows=41
branches=93746
failures=20400
obj=1018
time=2135932
buffers=24
windows=41
branches=1940
failures=100
obj=1003
time=2143288
buffers=24
windows=41
branches=435166
failures=112405
obj=999
time=3507191
buffers=24
windows=41
branches=26442
failures=4901
original_status=TIMEOUT
original_lb=225
obj=999
time=3600002
status=TIMEOUT
real_obj=99.841
real_time=3600002
