global=1
denseranking=1
symmetry=1
single_window=1
peak-ub=1014
buffers=8
windows=21
branches=160
failures=0
obj=878
time=30
buffers=8
windows=21
branches=160
failures=0
obj=808
time=61
buffers=8
windows=21
branches=422
failures=100
obj=726
time=124
buffers=8
windows=21
branches=667
failures=193
obj=708
time=224
buffers=8
windows=21
branches=515
failures=117
obj=695
time=331
buffers=8
windows=21
branches=607
failures=164
obj=693
time=431
buffers=8
windows=21
branches=432
failures=100
obj=676
time=524
buffers=8
windows=21
branches=2572
failures=849
obj=671
time=930
buffers=8
windows=21
branches=903
failures=255
obj=665
time=1068
buffers=8
windows=21
branches=2514
failures=842
obj=652
time=1456
buffers=8
windows=21
branches=454
failures=126
obj=629
time=1533
buffers=8
windows=21
branches=24395
failures=9691
obj=609
time=4819
buffers=8
windows=21
branches=5549
failures=2042
obj=607
time=5668
buffers=8
windows=21
branches=145729
failures=62220
obj=599
time=23254
buffers=8
windows=21
branches=356532
failures=155751
obj=597
time=64564
buffers=8
windows=21
branches=206122
failures=89386
obj=592
time=88190
buffers=8
windows=21
branches=852375
failures=378397
obj=590
time=183260
buffers=8
windows=21
branches=2034416
failures=912335
obj=588
time=399942
buffers=8
windows=21
branches=7910253
failures=3627370
obj=584
time=1193440
buffers=8
windows=21
branches=11977752
failures=5540058
obj=583
time=2380361
buffers=8
windows=21
branches=12141230
failures=5613665
original_status=TIMEOUT
original_lb=242
obj=583
time=3600000
status=TIMEOUT
real_obj=58.246
real_time=3600000
