global=1
denseranking=1
symmetry=1
single_window=1
peak-ub=939
buffers=24
windows=21
branches=480
failures=0
obj=590
time=1949
buffers=24
windows=21
branches=476
failures=0
obj=589
time=4078
buffers=24
windows=21
branches=475
failures=0
obj=552
time=6216
buffers=24
windows=21
branches=922
failures=100
obj=526
time=9803
buffers=24
windows=21
branches=2026
failures=500
obj=516
time=16850
buffers=24
windows=21
branches=463
failures=0
obj=479
time=18962
buffers=24
windows=21
branches=4772
failures=1600
obj=477
time=35288
buffers=24
windows=21
branches=1918
failures=500
obj=474
time=43880
buffers=24
windows=21
branches=451
failures=0
obj=463
time=46055
buffers=24
windows=21
branches=112927
failures=49789
obj=459
time=340502
buffers=24
windows=21
branches=3922
failures=1400
obj=450
time=352963
buffers=24
windows=21
branches=72052
failures=31042
obj=449
time=538199
buffers=24
windows=21
branches=11206
failures=4402
obj=447
time=577132
buffers=24
windows=21
branches=253516
failures=114634
obj=444
time=1181392
buffers=24
windows=21
branches=233448
failures=106165
obj=443
time=1762614
buffers=24
windows=21
branches=2764
failures=973
obj=442
time=1771472
buffers=24
windows=21
branches=771648
failures=355124
original_status=TIMEOUT
original_lb=271
obj=442
time=3600004
status=TIMEOUT
real_obj=44.122
real_time=3600004
