buffers=24
windows=60
args generated-large/0.txt 12345 1
original_lb=0.228
time=0.240
obj=0.872
time=0.279
obj=0.867
time=0.285
obj=0.855
time=0.291
obj=0.841
time=0.297
obj=0.826
time=0.303
obj=0.812
time=0.309
obj=0.810
time=0.320
obj=0.807
time=0.327
obj=0.797
time=0.336
obj=0.792
time=0.343
obj=0.791
time=0.350
obj=0.785
time=0.364
obj=0.785
time=0.374
obj=0.785
time=0.381
obj=0.778
time=0.392
obj=0.778
time=0.399
obj=0.775
time=0.406
obj=0.773
time=0.414
obj=0.772
time=0.421
obj=0.765
time=0.428
obj=0.763
time=0.441
obj=0.759
time=0.448
obj=0.756
time=0.455
obj=0.756
time=0.467
obj=0.755
time=0.476
obj=0.746
time=0.484
obj=0.746
time=0.492
obj=0.745
time=0.500
obj=0.745
time=0.511
obj=0.743
time=0.520
obj=0.742
time=0.530
obj=0.741
time=0.538
obj=0.741
time=0.546
obj=0.741
time=0.554
obj=0.739
time=0.561
obj=0.736
time=0.569
obj=0.732
time=0.577
obj=0.732
time=0.585
obj=0.728
time=0.594
obj=0.725
time=0.603
obj=0.725
time=0.615
obj=0.724
time=0.622
obj=0.720
time=0.629
obj=0.719
time=0.638
obj=0.715
time=0.647
obj=0.713
time=0.659
obj=0.713
time=0.668
obj=0.711
time=0.685
obj=0.709
time=0.700
obj=0.708
time=0.713
obj=0.706
time=0.722
obj=0.704
time=0.732
obj=0.704
time=0.740
obj=0.702
time=0.750
obj=0.696
time=0.764
obj=0.695
time=0.774
obj=0.695
time=0.783
obj=0.694
time=0.792
obj=0.691
time=0.803
obj=0.689
time=0.819
obj=0.688
time=0.827
obj=0.688
time=0.835
obj=0.686
time=0.849
obj=0.686
time=0.858
obj=0.686
time=0.875
obj=0.686
time=0.888
obj=0.686
time=0.895
obj=0.684
time=0.903
obj=0.684
time=0.919
obj=0.679
time=0.928
obj=0.679
time=0.945
obj=0.675
time=0.957
obj=0.675
time=0.965
obj=0.669
time=0.977
obj=0.668
time=0.986
obj=0.667
time=1.000
obj=0.667
time=1.008
obj=0.666
time=1.023
obj=0.665
time=1.031
obj=0.661
time=1.042
obj=0.661
time=1.051
obj=0.658
time=1.062
obj=0.657
time=1.077
obj=0.657
time=1.094
obj=0.657
time=1.105
obj=0.656
time=1.115
obj=0.656
time=1.129
obj=0.653
time=1.140
obj=0.652
time=1.149
obj=0.650
time=1.157
obj=0.646
time=1.165
obj=0.645
time=1.173
obj=0.645
time=1.182
obj=0.644
time=1.190
obj=0.638
time=1.198
obj=0.638
time=1.206
obj=0.637
time=1.220
obj=0.636
time=1.228
obj=0.636
time=1.239
obj=0.636
time=1.248
obj=0.636
time=1.255
obj=0.635
time=1.264
obj=0.633
time=1.288
obj=0.632
time=1.296
obj=0.631
time=1.313
obj=0.630
time=1.320
obj=0.630
time=1.340
obj=0.629
time=1.353
obj=0.629
time=1.362
obj=0.625
time=1.368
obj=0.624
time=1.375
obj=0.623
time=1.382
obj=0.622
time=1.404
obj=0.622
time=1.422
obj=0.616
time=1.442
obj=0.616
time=1.449
obj=0.616
time=1.459
obj=0.613
time=1.467
obj=0.612
time=1.477
obj=0.612
time=1.484
obj=0.612
time=1.511
obj=0.612
time=1.530
obj=0.610
time=1.537
obj=0.608
time=1.552
obj=0.607
time=1.560
obj=0.603
time=1.566
obj=0.603
time=1.578
obj=0.602
time=1.595
obj=0.602
time=1.604
obj=0.600
time=1.610
obj=0.600
time=1.637
obj=0.599
time=1.643
obj=0.599
time=1.670
obj=0.599
time=1.677
obj=0.599
time=1.701
obj=0.599
time=1.708
obj=0.598
time=1.715
obj=0.598
time=1.725
obj=0.597
time=1.731
obj=0.596
time=1.737
obj=0.595
time=1.772
obj=0.594
time=1.792
obj=0.593
time=1.799
obj=0.592
time=1.816
obj=0.591
time=1.823
obj=0.589
time=1.829
obj=0.589
time=1.833
obj=0.588
time=1.837
obj=0.588
time=1.848
obj=0.587
time=2.134
obj=0.587
time=2.209
obj=0.586
time=2.215
obj=0.586
time=2.308
obj=0.586
time=2.311
obj=0.586
time=2.400
obj=0.585
time=2.410
obj=0.584
time=2.414
obj=0.583
time=2.420
obj=0.582
time=2.436
obj=0.581
time=2.444
obj=0.580
time=2.451
obj=0.580
time=2.457
obj=0.579
time=2.465
obj=0.579
time=2.485
obj=0.579
time=2.490
obj=0.578
time=2.672
obj=0.578
time=2.700
obj=0.577
time=2.703
obj=0.577
time=3.456
obj=0.577
time=3.462
obj=0.575
time=3.565
obj=0.575
time=4.154
obj=0.575
time=4.229
obj=0.574
time=4.325
obj=0.573
time=4.328
obj=0.572
time=4.333
obj=0.572
time=4.337
obj=0.572
time=4.341
obj=0.572
time=4.352
obj=0.572
time=4.515
obj=0.572
time=4.537
obj=0.571
time=5.097
obj=0.571
time=6.234
obj=0.569
time=9.404
obj=0.569
time=9.760
obj=0.569
time=10.340
obj=0.568
time=12.435
obj=0.568
time=12.827
obj=0.568
time=12.831
obj=0.567
time=12.835
obj=0.567
time=14.087
obj=0.566
time=17.592
obj=0.566
time=17.669
obj=0.566
time=20.257
obj=0.564
time=20.262
obj=0.563
time=22.665
obj=0.563
time=24.791
obj=0.563
time=24.795
obj=0.562
time=34.499
obj=0.562
time=34.503
obj=0.561
c real margin = 0.439
