buffers=24
windows=20
args generated-large/1.txt 12345 1
original_lb=0.220
time=0.230
obj=0.478
time=0.247
obj=0.409
time=0.255
obj=0.393
time=0.266
obj=0.392
time=0.275
obj=0.388
time=0.286
obj=0.385
time=0.294
obj=0.385
time=0.303
obj=0.380
time=0.315
obj=0.376
time=0.325
obj=0.374
time=0.335
obj=0.373
time=0.344
obj=0.370
time=0.354
obj=0.369
time=0.365
obj=0.366
time=0.375
obj=0.365
time=0.388
obj=0.363
time=0.402
obj=0.362
time=0.411
obj=0.360
time=0.420
obj=0.358
time=0.435
obj=0.357
time=0.449
obj=0.357
time=0.461
obj=0.356
time=0.471
obj=0.356
time=0.481
obj=0.354
time=0.494
obj=0.352
time=0.504
obj=0.351
time=0.513
obj=0.348
time=0.524
obj=0.346
time=0.532
obj=0.343
time=0.542
obj=0.337
time=0.552
obj=0.336
time=0.563
obj=0.334
time=0.575
obj=0.329
time=0.588
obj=0.325
time=0.599
obj=0.323
time=0.621
obj=0.323
time=0.637
obj=0.323
time=0.648
obj=0.315
time=0.659
obj=0.312
time=0.670
obj=0.310
time=0.682
obj=0.310
time=0.693
obj=0.306
time=0.707
obj=0.305
time=0.716
obj=0.304
time=0.726
obj=0.303
time=0.740
obj=0.302
time=0.749
obj=0.301
time=0.760
obj=0.301
time=0.774
obj=0.300
time=0.859
obj=0.300
time=0.873
obj=0.298
time=0.894
obj=0.296
time=0.905
obj=0.296
time=0.989
obj=0.296
time=1.001
obj=0.295
time=1.014
obj=0.295
time=1.114
obj=0.294
time=1.122
obj=0.292
time=1.133
obj=0.292
time=1.141
obj=0.290
time=1.152
obj=0.289
time=1.403
obj=0.289
c real margin = 0.711
