buffers=24
windows=40
args generated-large/10.txt 12345 1
original_lb=0.220
time=0.234
obj=0.856
time=0.259
obj=0.772
time=0.266
obj=0.758
time=0.272
obj=0.717
time=0.278
obj=0.717
time=0.285
obj=0.708
time=0.293
obj=0.697
time=0.305
obj=0.693
time=0.315
obj=0.688
time=0.325
obj=0.687
time=0.332
obj=0.681
time=0.339
obj=0.673
time=0.349
obj=0.668
time=0.361
obj=0.659
time=0.371
obj=0.657
time=0.380
obj=0.653
time=0.389
obj=0.651
time=0.401
obj=0.643
time=0.409
obj=0.639
time=0.417
obj=0.637
time=0.424
obj=0.629
time=0.433
obj=0.628
time=0.440
obj=0.622
time=0.448
obj=0.618
time=0.455
obj=0.614
time=0.467
obj=0.613
time=0.476
obj=0.610
time=0.492
obj=0.608
time=0.501
obj=0.608
time=0.513
obj=0.606
time=0.521
obj=0.605
time=0.532
obj=0.604
time=0.545
obj=0.604
time=0.555
obj=0.602
time=0.562
obj=0.602
time=0.577
obj=0.601
time=0.584
obj=0.600
time=0.607
obj=0.599
time=0.622
obj=0.596
time=0.648
obj=0.595
time=0.671
obj=0.595
time=0.684
obj=0.594
time=0.696
obj=0.593
time=0.704
obj=0.593
time=0.719
obj=0.591
time=0.736
obj=0.590
time=0.749
obj=0.590
time=0.756
obj=0.587
time=0.770
obj=0.584
time=0.779
obj=0.583
time=0.788
obj=0.580
time=0.795
obj=0.580
time=0.806
obj=0.577
time=0.816
obj=0.577
time=0.829
obj=0.573
time=0.851
obj=0.571
time=0.859
obj=0.571
time=0.879
obj=0.571
time=0.895
obj=0.571
time=0.905
obj=0.570
time=0.930
obj=0.569
time=0.939
obj=0.568
time=0.961
obj=0.565
time=0.980
obj=0.565
time=0.994
obj=0.564
time=1.009
obj=0.560
time=1.027
obj=0.559
time=1.035
obj=0.559
time=1.057
obj=0.559
time=1.083
obj=0.558
time=1.106
obj=0.557
time=1.122
obj=0.557
time=1.149
obj=0.557
time=1.176
obj=0.556
time=1.196
obj=0.556
time=1.227
obj=0.555
time=1.250
obj=0.555
time=1.267
obj=0.554
time=1.292
obj=0.554
time=1.320
obj=0.552
time=1.326
obj=0.550
time=1.351
obj=0.550
time=1.378
obj=0.549
time=1.393
obj=0.547
time=1.399
obj=0.547
time=1.413
obj=0.546
time=1.419
obj=0.546
time=1.425
obj=0.545
time=1.431
obj=0.541
time=1.438
obj=0.541
time=1.444
obj=0.541
time=1.459
obj=0.540
time=1.472
obj=0.540
time=1.487
obj=0.540
time=1.492
obj=0.539
time=1.508
obj=0.539
time=1.524
obj=0.538
time=1.543
obj=0.537
time=1.552
obj=0.535
time=1.557
obj=0.535
time=1.572
obj=0.535
time=1.577
obj=0.533
time=1.583
obj=0.530
time=1.636
obj=0.529
time=1.654
obj=0.529
time=1.659
obj=0.528
time=1.708
obj=0.527
time=1.734
obj=0.527
time=1.739
obj=0.526
time=1.744
obj=0.526
time=1.771
obj=0.525
time=1.775
obj=0.524
time=1.784
obj=0.523
time=1.793
obj=0.523
time=1.805
obj=0.521
time=1.814
obj=0.520
time=2.161
obj=0.520
time=2.164
obj=0.520
time=2.170
obj=0.519
time=2.179
obj=0.519
time=2.187
obj=0.518
time=2.192
obj=0.517
time=2.488
obj=0.517
time=2.497
obj=0.517
time=2.503
obj=0.517
time=2.508
obj=0.516
time=2.515
obj=0.514
time=2.525
obj=0.510
time=2.535
obj=0.510
time=2.542
obj=0.509
time=2.546
obj=0.509
time=2.550
obj=0.508
time=2.566
obj=0.508
time=2.587
obj=0.506
time=2.593
obj=0.506
time=2.602
obj=0.506
time=2.605
obj=0.505
time=2.610
obj=0.504
time=2.620
obj=0.504
time=2.626
obj=0.503
time=2.641
obj=0.502
time=13.042
obj=0.502
time=17.849
obj=0.501
time=17.860
obj=0.501
time=17.864
obj=0.501
time=17.874
obj=0.500
time=24.577
obj=0.500
time=24.580
obj=0.499
time=24.592
obj=0.499
time=27.032
obj=0.499
c real margin = 0.501
