buffers=24
windows=60
args generated-large/101.txt 12345 1
original_lb=0.297
time=0.246
obj=0.944
time=0.278
obj=0.910
time=0.286
obj=0.906
time=0.292
obj=0.905
time=0.298
obj=0.899
time=0.304
obj=0.896
time=0.310
obj=0.893
time=0.320
obj=0.891
time=0.330
obj=0.890
time=0.337
obj=0.885
time=0.344
obj=0.884
time=0.352
obj=0.880
time=0.359
obj=0.877
time=0.366
obj=0.873
time=0.373
obj=0.871
time=0.392
obj=0.869
time=0.401
obj=0.868
time=0.409
obj=0.866
time=0.423
obj=0.863
time=0.433
obj=0.861
time=0.441
obj=0.858
time=0.455
obj=0.856
time=0.465
obj=0.855
time=0.472
obj=0.854
time=0.485
obj=0.851
time=0.498
obj=0.850
time=0.509
obj=0.847
time=0.520
obj=0.847
time=0.528
obj=0.845
time=0.535
obj=0.840
time=0.545
obj=0.839
time=0.554
obj=0.837
time=0.570
obj=0.835
time=0.578
obj=0.835
time=0.585
obj=0.835
time=0.595
obj=0.834
time=0.603
obj=0.834
time=0.613
obj=0.833
time=0.626
obj=0.829
time=0.633
obj=0.828
time=0.644
obj=0.826
time=0.656
obj=0.820
time=0.669
obj=0.818
time=0.676
obj=0.817
time=0.686
obj=0.814
time=0.694
obj=0.812
time=0.703
obj=0.811
time=0.719
obj=0.811
time=0.733
obj=0.809
time=0.742
obj=0.808
time=0.758
obj=0.802
time=0.774
obj=0.799
time=0.781
obj=0.797
time=0.797
obj=0.796
time=0.813
obj=0.796
time=0.824
obj=0.794
time=0.832
obj=0.793
time=0.839
obj=0.793
time=0.851
obj=0.793
time=0.862
obj=0.791
time=0.871
obj=0.791
time=0.884
obj=0.790
time=0.905
obj=0.789
time=0.922
obj=0.789
time=0.931
obj=0.788
time=0.946
obj=0.787
time=0.957
obj=0.786
time=0.968
obj=0.785
time=0.976
obj=0.784
time=0.986
obj=0.780
time=0.998
obj=0.780
time=1.008
obj=0.779
time=1.025
obj=0.779
time=1.035
obj=0.778
time=1.048
obj=0.775
time=1.054
obj=0.775
time=1.069
obj=0.775
time=1.077
obj=0.774
time=1.086
obj=0.772
time=1.092
obj=0.770
time=1.099
obj=0.769
time=1.112
obj=0.768
time=1.131
obj=0.767
time=1.145
obj=0.766
time=1.151
obj=0.766
time=1.158
obj=0.765
time=1.164
obj=0.764
time=1.170
obj=0.764
time=1.176
obj=0.764
time=1.195
obj=0.764
time=1.205
obj=0.763
time=1.223
obj=0.763
time=1.232
obj=0.761
time=1.238
obj=0.760
time=1.255
obj=0.760
time=1.269
obj=0.759
time=1.275
obj=0.759
time=1.281
obj=0.758
time=1.301
obj=0.756
time=1.312
obj=0.755
time=1.326
obj=0.754
time=1.337
obj=0.754
time=1.349
obj=0.754
time=1.360
obj=0.753
time=1.365
obj=0.752
time=1.380
obj=0.750
time=1.386
obj=0.748
time=1.401
obj=0.747
time=1.411
obj=0.742
time=1.418
obj=0.741
time=1.426
obj=0.741
time=1.438
obj=0.741
time=1.445
obj=0.740
time=1.457
obj=0.740
time=1.463
obj=0.737
time=1.468
obj=0.736
time=1.481
obj=0.734
time=1.493
obj=0.732
time=1.498
obj=0.732
time=1.503
obj=0.729
time=1.508
obj=0.729
time=1.515
obj=0.728
time=1.529
obj=0.728
time=1.534
obj=0.727
time=1.539
obj=0.726
time=1.549
obj=0.724
time=1.554
obj=0.721
time=1.559
obj=0.721
time=1.567
obj=0.720
time=1.576
obj=0.720
time=1.581
obj=0.719
time=1.592
obj=0.717
time=1.597
obj=0.716
time=1.610
obj=0.715
time=1.614
obj=0.715
time=1.620
obj=0.715
time=1.629
obj=0.713
time=1.642
obj=0.710
time=1.655
obj=0.710
time=1.662
obj=0.709
time=1.667
obj=0.708
time=1.680
obj=0.706
time=1.693
obj=0.706
time=1.706
obj=0.705
time=1.717
obj=0.704
time=1.733
obj=0.702
time=1.743
obj=0.702
time=1.756
obj=0.702
time=1.768
obj=0.700
time=1.779
obj=0.699
time=1.783
obj=0.699
time=1.787
obj=0.698
time=1.794
obj=0.697
time=1.803
obj=0.697
time=1.819
obj=0.696
time=1.823
obj=0.696
time=1.834
obj=0.696
time=1.838
obj=0.695
time=1.849
obj=0.694
time=1.864
obj=0.694
time=1.877
obj=0.694
time=1.885
obj=0.694
time=1.889
obj=0.693
time=1.895
obj=0.692
time=1.899
obj=0.692
time=1.913
obj=0.692
time=1.927
obj=0.691
time=1.937
obj=0.689
time=1.947
obj=0.689
time=1.954
obj=0.687
time=1.960
obj=0.687
time=1.965
obj=0.687
time=1.979
obj=0.687
time=1.992
obj=0.686
time=2.001
obj=0.685
time=2.013
obj=0.685
time=2.022
obj=0.684
time=2.029
obj=0.684
time=2.040
obj=0.684
time=2.049
obj=0.684
time=2.062
obj=0.683
time=2.065
obj=0.681
time=2.072
obj=0.680
time=2.078
obj=0.679
time=2.085
obj=0.678
time=2.097
obj=0.678
time=2.100
obj=0.678
time=2.112
obj=0.677
time=2.121
obj=0.677
time=2.133
obj=0.677
time=2.143
obj=0.676
time=2.156
obj=0.675
time=2.174
obj=0.675
time=2.177
obj=0.674
time=2.181
obj=0.674
time=2.195
obj=0.673
time=2.199
obj=0.671
time=2.212
obj=0.671
time=2.221
obj=0.671
time=2.229
obj=0.671
time=2.233
obj=0.669
time=2.238
obj=0.669
time=2.242
obj=0.666
time=2.245
obj=0.665
time=2.249
obj=0.664
time=2.253
obj=0.664
time=2.258
obj=0.663
time=2.261
obj=0.663
time=2.265
obj=0.663
time=2.278
obj=0.661
time=2.282
obj=0.660
time=2.289
obj=0.659
time=2.302
obj=0.659
time=2.312
obj=0.659
time=2.321
obj=0.657
time=2.325
obj=0.657
time=2.341
obj=0.657
time=2.359
obj=0.656
time=2.365
obj=0.656
time=2.376
obj=0.656
time=2.387
obj=0.654
time=2.399
obj=0.652
time=2.403
obj=0.651
time=2.412
obj=0.651
time=2.421
obj=0.650
time=2.427
obj=0.650
time=2.442
obj=0.649
time=2.457
obj=0.647
time=2.470
obj=0.647
time=2.473
obj=0.647
time=2.484
obj=0.646
time=2.488
obj=0.646
time=2.502
obj=0.644
time=2.514
obj=0.644
time=2.526
obj=0.642
time=2.543
obj=0.642
time=2.558
obj=0.642
time=2.568
obj=0.642
time=2.573
obj=0.640
time=2.585
obj=0.640
time=2.589
obj=0.639
time=2.606
obj=0.639
time=2.621
obj=0.639
time=2.638
obj=0.638
time=2.652
obj=0.637
time=2.658
obj=0.637
time=2.666
obj=0.637
time=2.680
obj=0.636
time=2.683
obj=0.636
time=2.702
obj=0.635
time=2.717
obj=0.635
time=2.723
obj=0.635
time=2.726
obj=0.635
time=2.730
obj=0.635
time=2.734
obj=0.634
time=2.740
obj=0.633
time=2.754
obj=0.633
time=2.769
obj=0.632
time=2.790
obj=0.631
time=2.798
obj=0.630
time=2.810
obj=0.630
time=2.825
obj=0.630
time=2.842
obj=0.630
time=2.851
obj=0.629
time=2.863
obj=0.628
time=2.890
obj=0.627
time=2.893
obj=0.627
time=2.897
obj=0.627
time=2.914
obj=0.627
time=2.923
obj=0.626
time=2.936
obj=0.626
time=2.943
obj=0.625
time=2.969
obj=0.625
time=2.972
obj=0.625
time=2.975
obj=0.625
time=2.985
obj=0.624
time=2.992
obj=0.624
time=3.116
obj=0.623
time=3.128
obj=0.623
time=3.146
obj=0.622
time=3.162
obj=0.622
time=3.180
obj=0.622
time=3.188
obj=0.622
time=3.194
obj=0.621
time=3.198
obj=0.621
time=3.201
obj=0.621
time=3.207
obj=0.620
time=3.232
obj=0.619
time=3.261
obj=0.619
time=3.264
obj=0.619
time=3.292
obj=0.618
time=3.301
obj=0.618
time=3.320
obj=0.616
time=3.366
obj=0.616
time=3.390
obj=0.615
time=3.393
obj=0.615
time=3.538
obj=0.615
time=3.575
obj=0.615
time=3.586
obj=0.614
time=3.611
obj=0.614
time=3.636
obj=0.614
time=3.644
obj=0.613
time=3.647
obj=0.613
time=3.660
obj=0.612
time=3.850
obj=0.612
time=3.853
obj=0.612
time=3.873
obj=0.611
time=3.876
obj=0.611
time=3.887
obj=0.611
time=3.893
obj=0.611
time=3.916
obj=0.611
time=4.260
obj=0.610
time=4.288
obj=0.610
time=4.296
obj=0.609
time=4.325
obj=0.609
time=4.328
obj=0.608
time=4.334
obj=0.607
time=4.342
obj=0.607
time=4.366
obj=0.607
time=4.566
obj=0.607
time=4.604
obj=0.606
time=4.607
obj=0.606
time=4.632
obj=0.606
time=4.649
obj=0.605
time=4.676
obj=0.604
time=4.707
obj=0.604
time=4.753
obj=0.604
time=4.766
obj=0.603
time=4.769
obj=0.603
time=4.773
obj=0.602
time=5.057
obj=0.601
time=5.063
obj=0.601
time=5.365
obj=0.601
time=5.368
obj=0.601
time=5.384
obj=0.601
time=5.392
obj=0.601
time=5.411
obj=0.600
time=5.588
obj=0.599
time=6.258
obj=0.599
time=6.475
obj=0.599
time=7.044
obj=0.599
time=7.047
obj=0.599
time=7.092
obj=0.599
time=7.619
obj=0.598
time=7.771
obj=0.598
time=7.984
obj=0.598
time=8.047
obj=0.598
time=8.050
obj=0.597
time=8.280
obj=0.597
time=8.283
obj=0.597
time=9.093
obj=0.597
time=9.672
obj=0.597
time=9.685
obj=0.597
time=9.862
obj=0.596
time=11.174
obj=0.596
time=11.420
obj=0.596
time=12.181
obj=0.596
time=12.184
obj=0.596
time=12.715
obj=0.595
time=12.750
obj=0.595
time=13.423
obj=0.595
time=13.441
obj=0.595
time=14.716
obj=0.594
time=14.892
obj=0.594
time=15.618
obj=0.594
time=15.621
obj=0.593
time=17.109
obj=0.593
time=17.420
obj=0.593
time=17.706
obj=0.593
time=17.828
obj=0.592
time=18.075
obj=0.592
time=18.111
obj=0.592
time=18.114
obj=0.592
time=18.404
obj=0.591
time=18.407
obj=0.591
time=18.413
obj=0.591
time=18.430
obj=0.591
time=18.440
obj=0.590
time=18.868
obj=0.590
time=18.871
obj=0.590
time=20.614
obj=0.590
time=20.617
obj=0.589
time=20.624
obj=0.589
time=20.641
obj=0.589
time=20.652
obj=0.589
time=21.437
obj=0.589
time=21.490
obj=0.589
time=21.493
obj=0.588
time=26.840
obj=0.588
time=32.020
obj=0.587
time=32.024
obj=0.587
time=39.868
obj=0.587
time=39.875
obj=0.587
time=39.886
obj=0.586
time=50.108
obj=0.586
time=50.108
obj=0.585
c real margin = 0.415
