buffers=8
windows=80
args generated-large/104.txt 12345 1
original_lb=0.199
time=0.016
obj=1.054
time=0.023
obj=1.053
time=0.024
obj=1.049
time=0.025
obj=1.038
time=0.026
obj=1.035
time=0.027
obj=1.010
time=0.028
obj=0.975
time=0.029
obj=0.967
time=0.030
obj=0.961
time=0.031
obj=0.929
time=0.032
obj=0.926
time=0.033
obj=0.907
time=0.035
obj=0.894
time=0.036
obj=0.848
time=0.037
obj=0.839
time=0.038
obj=0.822
time=0.039
obj=0.818
time=0.040
obj=0.815
time=0.041
obj=0.814
time=0.043
obj=0.813
time=0.044
obj=0.813
time=0.045
obj=0.812
time=0.046
obj=0.811
time=0.047
obj=0.807
time=0.048
obj=0.806
time=0.049
obj=0.803
time=0.050
obj=0.792
time=0.051
obj=0.791
time=0.056
obj=0.783
time=0.057
obj=0.782
time=0.058
obj=0.782
time=0.079
obj=0.781
time=0.100
obj=0.779
time=0.102
obj=0.778
time=0.103
obj=0.777
time=0.106
obj=0.772
time=0.107
obj=0.770
time=0.108
obj=0.769
time=0.109
obj=0.765
time=0.110
obj=0.761
time=0.145
obj=0.759
time=0.146
obj=0.752
time=0.781
obj=0.751
time=2.062
obj=0.751
time=3.857
obj=0.750
time=8.191
obj=0.746
time=10.554
obj=0.740
time=10.555
obj=0.736
time=10.555
obj=0.732
time=10.556
obj=0.732
c real margin = 0.268
