buffers=24
windows=80
args generated-large/105.txt 12345 1
original_lb=0.244
time=0.272
obj=1.078
time=0.297
obj=1.048
time=0.316
obj=1.047
time=0.326
obj=1.045
time=0.342
obj=1.043
time=0.349
obj=1.039
time=0.366
obj=1.038
time=0.376
obj=1.034
time=0.390
obj=1.027
time=0.404
obj=1.027
time=0.416
obj=1.024
time=0.429
obj=1.018
time=0.435
obj=1.018
time=0.453
obj=1.017
time=0.460
obj=1.017
time=0.467
obj=1.013
time=0.474
obj=1.012
time=0.488
obj=1.007
time=0.500
obj=1.006
time=0.515
obj=1.002
time=0.522
obj=1.000
time=0.534
obj=1.000
time=0.552
obj=1.000
time=0.568
obj=0.999
time=0.574
obj=0.998
time=0.598
obj=0.997
time=0.608
obj=0.997
time=0.617
obj=0.997
time=0.630
obj=0.996
time=0.637
obj=0.995
time=0.647
obj=0.994
time=0.654
obj=0.991
time=0.665
obj=0.989
time=0.674
obj=0.989
time=0.681
obj=0.988
time=0.687
obj=0.987
time=0.706
obj=0.985
time=0.718
obj=0.985
time=0.728
obj=0.984
time=0.746
obj=0.983
time=0.754
obj=0.981
time=0.764
obj=0.980
time=0.773
obj=0.979
time=0.782
obj=0.979
time=0.801
obj=0.978
time=0.816
obj=0.978
time=0.825
obj=0.976
time=0.836
obj=0.970
time=0.855
obj=0.970
time=0.864
obj=0.970
time=0.871
obj=0.969
time=0.906
obj=0.968
time=0.915
obj=0.966
time=0.948
obj=0.965
time=0.954
obj=0.963
time=0.994
obj=0.961
time=1.000
obj=0.961
time=1.022
obj=0.959
time=1.054
obj=0.958
time=1.061
obj=0.958
time=1.087
obj=0.957
time=1.096
obj=0.956
time=1.140
obj=0.956
time=1.146
obj=0.954
time=1.164
obj=0.954
time=1.199
obj=0.953
time=1.206
obj=0.951
time=1.237
obj=0.950
time=1.247
obj=0.950
time=1.282
obj=0.949
time=1.378
obj=0.949
time=1.384
obj=0.948
time=1.394
obj=0.948
time=1.434
obj=0.947
time=1.442
obj=0.947
time=1.450
obj=0.946
time=1.519
obj=0.946
time=1.526
obj=0.945
time=1.533
obj=0.945
time=1.542
obj=0.944
time=1.553
obj=0.943
time=1.562
obj=0.940
time=1.573
obj=0.938
time=1.814
obj=0.937
time=1.819
obj=0.936
time=1.827
obj=0.935
time=1.912
obj=0.935
time=1.915
obj=0.934
time=2.356
obj=0.934
time=2.362
obj=0.933
time=2.367
obj=0.932
time=2.370
obj=0.932
time=2.375
obj=0.932
time=2.883
obj=0.932
time=2.887
obj=0.931
time=2.892
obj=0.930
time=2.898
obj=0.930
time=3.086
obj=0.930
time=3.090
obj=0.930
time=3.098
obj=0.929
time=3.105
obj=0.927
time=3.150
obj=0.927
time=3.153
obj=0.927
time=3.830
obj=0.926
time=3.835
obj=0.926
time=3.854
obj=0.925
time=3.859
obj=0.923
time=5.874
obj=0.922
time=5.878
obj=0.922
time=6.460
obj=0.922
time=6.481
obj=0.922
time=6.494
obj=0.921
time=6.497
obj=0.921
time=6.506
obj=0.920
time=8.116
obj=0.919
time=8.119
obj=0.918
time=8.122
obj=0.915
time=8.128
obj=0.914
time=8.133
obj=0.913
time=18.313
obj=0.913
time=18.318
obj=0.912
time=43.537
obj=0.912
time=43.541
obj=0.912
c real margin = 0.088
