buffers=16
windows=60
args generated-large/106.txt 12345 1
original_lb=0.227
time=0.082
obj=0.831
time=0.102
obj=0.824
time=0.105
obj=0.813
time=0.109
obj=0.802
time=0.112
obj=0.789
time=0.115
obj=0.787
time=0.120
obj=0.780
time=0.123
obj=0.776
time=0.127
obj=0.774
time=0.131
obj=0.773
time=0.134
obj=0.770
time=0.138
obj=0.767
time=0.141
obj=0.754
time=0.145
obj=0.747
time=0.150
obj=0.744
time=0.153
obj=0.743
time=0.158
obj=0.740
time=0.161
obj=0.739
time=0.165
obj=0.737
time=0.168
obj=0.733
time=0.174
obj=0.733
time=0.177
obj=0.733
time=0.181
obj=0.732
time=0.184
obj=0.731
time=0.189
obj=0.723
time=0.194
obj=0.723
time=0.197
obj=0.717
time=0.202
obj=0.716
time=0.206
obj=0.712
time=0.209
obj=0.712
time=0.214
obj=0.709
time=0.217
obj=0.707
time=0.221
obj=0.705
time=0.225
obj=0.696
time=0.230
obj=0.692
time=0.234
obj=0.692
time=0.237
obj=0.690
time=0.242
obj=0.687
time=0.247
obj=0.685
time=0.251
obj=0.685
time=0.256
obj=0.682
time=0.262
obj=0.679
time=0.269
obj=0.677
time=0.276
obj=0.677
time=0.282
obj=0.676
time=0.290
obj=0.675
time=0.294
obj=0.675
time=0.298
obj=0.675
time=0.302
obj=0.673
time=0.308
obj=0.673
time=0.312
obj=0.670
time=0.315
obj=0.667
time=0.319
obj=0.664
time=0.323
obj=0.663
time=0.327
obj=0.663
time=0.331
obj=0.662
time=0.335
obj=0.661
time=0.340
obj=0.659
time=0.347
obj=0.657
time=0.352
obj=0.657
time=0.359
obj=0.655
time=0.363
obj=0.655
time=0.368
obj=0.653
time=0.373
obj=0.648
time=0.377
obj=0.647
time=0.380
obj=0.646
time=0.384
obj=0.641
time=0.390
obj=0.641
time=0.394
obj=0.639
time=0.399
obj=0.637
time=0.402
obj=0.636
time=0.406
obj=0.635
time=0.411
obj=0.635
time=0.418
obj=0.635
time=0.423
obj=0.632
time=0.430
obj=0.628
time=0.434
obj=0.628
time=0.438
obj=0.627
time=0.442
obj=0.626
time=0.446
obj=0.625
time=0.450
obj=0.624
time=0.454
obj=0.623
time=0.458
obj=0.622
time=0.462
obj=0.622
time=0.466
obj=0.622
time=0.473
obj=0.621
time=0.477
obj=0.621
time=0.485
obj=0.621
time=0.491
obj=0.620
time=0.494
obj=0.618
time=0.502
obj=0.618
time=0.509
obj=0.616
time=0.514
obj=0.616
time=0.518
obj=0.615
time=0.523
obj=0.615
time=0.526
obj=0.614
time=0.530
obj=0.613
time=0.535
obj=0.612
time=0.539
obj=0.612
time=0.546
obj=0.610
time=0.549
obj=0.610
time=0.554
obj=0.610
time=0.558
obj=0.609
time=0.564
obj=0.609
time=0.568
obj=0.608
time=0.572
obj=0.608
time=0.580
obj=0.606
time=0.583
obj=0.606
time=0.587
obj=0.604
time=0.593
obj=0.604
time=0.600
obj=0.604
time=0.608
obj=0.603
time=0.612
obj=0.602
time=0.616
obj=0.601
time=0.620
obj=0.600
time=0.623
obj=0.598
time=0.630
obj=0.597
time=0.637
obj=0.596
time=0.643
obj=0.596
time=0.649
obj=0.596
time=0.653
obj=0.593
time=0.656
obj=0.592
time=0.667
obj=0.591
time=0.671
obj=0.590
time=0.680
obj=0.589
time=0.688
obj=0.588
time=0.692
obj=0.588
time=0.697
obj=0.587
time=0.703
obj=0.586
time=0.709
obj=0.586
time=0.713
obj=0.586
time=0.716
obj=0.585
time=0.724
obj=0.584
time=0.730
obj=0.583
time=0.736
obj=0.582
time=0.743
obj=0.582
time=0.755
obj=0.582
time=0.758
obj=0.581
time=0.761
obj=0.581
time=0.765
obj=0.580
time=0.769
obj=0.580
time=0.774
obj=0.577
time=0.777
obj=0.577
time=0.782
obj=0.576
time=0.785
obj=0.576
time=0.796
obj=0.575
time=0.799
obj=0.575
time=0.802
obj=0.574
time=0.810
obj=0.573
time=0.816
obj=0.572
time=0.820
obj=0.571
time=0.823
obj=0.571
time=0.829
obj=0.569
time=0.838
obj=0.569
time=0.843
obj=0.569
time=0.848
obj=0.568
time=0.858
obj=0.568
time=0.870
obj=0.564
time=0.878
obj=0.564
time=0.881
obj=0.563
time=0.885
obj=0.563
time=0.893
obj=0.563
time=0.898
obj=0.562
time=0.902
obj=0.562
time=0.921
obj=0.562
time=0.928
obj=0.561
time=0.932
obj=0.561
time=0.944
obj=0.560
time=0.959
obj=0.558
time=0.966
obj=0.557
time=0.970
obj=0.556
time=0.975
obj=0.556
time=0.979
obj=0.555
time=0.986
obj=0.555
time=0.990
obj=0.554
time=0.993
obj=0.553
time=0.997
obj=0.553
time=1.003
obj=0.553
time=1.010
obj=0.553
time=1.019
obj=0.552
time=1.031
obj=0.552
time=1.034
obj=0.551
time=1.039
obj=0.550
time=1.046
obj=0.550
time=1.053
obj=0.548
time=1.057
obj=0.548
time=1.061
obj=0.547
time=1.074
obj=0.547
time=1.086
obj=0.547
time=1.091
obj=0.546
time=1.098
obj=0.546
time=1.102
obj=0.545
time=1.108
obj=0.543
time=1.112
obj=0.543
time=1.116
obj=0.541
time=1.124
obj=0.540
time=1.139
obj=0.540
time=1.159
obj=0.540
time=1.162
obj=0.540
time=1.173
obj=0.539
time=1.318
obj=0.539
time=1.337
obj=0.539
time=1.410
obj=0.538
time=1.414
obj=0.538
time=1.417
obj=0.538
time=1.586
obj=0.537
time=1.796
obj=0.537
time=1.799
obj=0.537
time=1.830
obj=0.536
time=2.069
obj=0.535
time=2.071
obj=0.535
time=2.077
obj=0.534
time=2.088
obj=0.533
time=2.274
obj=0.531
time=2.639
obj=0.531
time=2.641
obj=0.531
time=2.794
obj=0.531
time=2.795
obj=0.531
time=2.994
obj=0.530
time=2.996
obj=0.530
time=3.000
obj=0.529
time=3.005
obj=0.529
time=3.171
obj=0.528
time=3.173
obj=0.527
time=3.186
obj=0.527
time=3.188
obj=0.525
time=3.190
obj=0.525
time=6.716
obj=0.524
time=6.718
obj=0.524
time=6.720
obj=0.524
time=6.726
obj=0.523
time=7.949
obj=0.523
time=7.951
obj=0.519
time=7.953
obj=0.519
time=7.960
obj=0.518
time=7.962
obj=0.518
time=52.180
obj=0.518
time=52.182
obj=0.517
time=53.048
obj=0.517
c real margin = 0.483
