buffers=24
windows=60
args generated-large/11.txt 12345 1
original_lb=0.225
time=0.256
obj=0.997
time=0.287
obj=0.968
time=0.293
obj=0.939
time=0.300
obj=0.899
time=0.307
obj=0.869
time=0.318
obj=0.868
time=0.327
obj=0.865
time=0.336
obj=0.863
time=0.344
obj=0.862
time=0.353
obj=0.845
time=0.361
obj=0.840
time=0.368
obj=0.835
time=0.377
obj=0.827
time=0.392
obj=0.821
time=0.402
obj=0.820
time=0.415
obj=0.820
time=0.425
obj=0.817
time=0.436
obj=0.810
time=0.444
obj=0.800
time=0.457
obj=0.794
time=0.472
obj=0.791
time=0.480
obj=0.791
time=0.488
obj=0.790
time=0.497
obj=0.786
time=0.506
obj=0.786
time=0.514
obj=0.785
time=0.522
obj=0.782
time=0.538
obj=0.780
time=0.549
obj=0.777
time=0.557
obj=0.774
time=0.566
obj=0.773
time=0.576
obj=0.770
time=0.587
obj=0.765
time=0.598
obj=0.761
time=0.612
obj=0.756
time=0.626
obj=0.753
time=0.634
obj=0.752
time=0.643
obj=0.752
time=0.652
obj=0.751
time=0.665
obj=0.749
time=0.675
obj=0.748
time=0.692
obj=0.746
time=0.703
obj=0.744
time=0.711
obj=0.742
time=0.719
obj=0.740
time=0.727
obj=0.739
time=0.736
obj=0.736
time=0.746
obj=0.735
time=0.755
obj=0.735
time=0.763
obj=0.733
time=0.771
obj=0.731
time=0.781
obj=0.731
time=0.791
obj=0.731
time=0.799
obj=0.728
time=0.807
obj=0.727
time=0.817
obj=0.726
time=0.827
obj=0.725
time=0.836
obj=0.724
time=0.844
obj=0.723
time=0.853
obj=0.720
time=0.863
obj=0.720
time=0.878
obj=0.717
time=0.888
obj=0.716
time=0.896
obj=0.716
time=0.906
obj=0.715
time=0.924
obj=0.715
time=0.932
obj=0.714
time=0.940
obj=0.712
time=0.952
obj=0.711
time=0.961
obj=0.711
time=0.972
obj=0.710
time=0.980
obj=0.709
time=0.988
obj=0.700
time=0.997
obj=0.697
time=1.013
obj=0.697
time=1.021
obj=0.693
time=1.034
obj=0.693
time=1.042
obj=0.691
time=1.060
obj=0.690
time=1.072
obj=0.688
time=1.080
obj=0.684
time=1.088
obj=0.684
time=1.096
obj=0.683
time=1.110
obj=0.682
time=1.118
obj=0.682
time=1.128
obj=0.681
time=1.136
obj=0.680
time=1.153
obj=0.678
time=1.170
obj=0.677
time=1.185
obj=0.676
time=1.197
obj=0.676
time=1.206
obj=0.674
time=1.221
obj=0.674
time=1.231
obj=0.671
time=1.238
obj=0.669
time=1.256
obj=0.667
time=1.264
obj=0.665
time=1.280
obj=0.664
time=1.288
obj=0.664
time=1.299
obj=0.663
time=1.317
obj=0.660
time=1.325
obj=0.659
time=1.333
obj=0.658
time=1.342
obj=0.650
time=1.351
obj=0.648
time=1.359
obj=0.648
time=1.368
obj=0.647
time=1.382
obj=0.644
time=1.390
obj=0.641
time=1.397
obj=0.640
time=1.411
obj=0.639
time=1.425
obj=0.639
time=1.445
obj=0.639
time=1.456
obj=0.639
time=1.464
obj=0.639
time=1.471
obj=0.637
time=1.483
obj=0.634
time=1.493
obj=0.634
time=1.502
obj=0.633
time=1.519
obj=0.631
time=1.532
obj=0.631
time=1.546
obj=0.630
time=1.556
obj=0.628
time=1.567
obj=0.628
time=1.573
obj=0.628
time=1.584
obj=0.627
time=1.591
obj=0.627
time=1.610
obj=0.626
time=1.625
obj=0.626
time=1.631
obj=0.625
time=1.639
obj=0.625
time=1.646
obj=0.623
time=1.652
obj=0.623
time=1.658
obj=0.622
time=1.668
obj=0.622
time=1.674
obj=0.622
time=1.686
obj=0.618
time=1.692
obj=0.617
time=1.705
obj=0.616
time=1.714
obj=0.615
time=1.720
obj=0.615
time=1.733
obj=0.611
time=1.738
obj=0.610
time=1.744
obj=0.610
time=1.748
obj=0.609
time=1.756
obj=0.609
time=1.769
obj=0.608
time=1.774
obj=0.607
time=1.783
obj=0.607
time=1.787
obj=0.607
time=1.792
obj=0.607
time=1.799
obj=0.607
time=1.804
obj=0.607
time=1.815
obj=0.606
time=1.820
obj=0.604
time=1.828
obj=0.603
time=1.833
obj=0.603
time=1.845
obj=0.602
time=1.850
obj=0.600
time=1.860
obj=0.600
time=1.868
obj=0.599
time=1.874
obj=0.597
time=1.887
obj=0.597
time=1.894
obj=0.595
time=1.901
obj=0.594
time=1.910
obj=0.594
time=1.917
obj=0.593
time=1.922
obj=0.592
time=1.930
obj=0.590
time=1.943
obj=0.589
time=1.953
obj=0.588
time=1.958
obj=0.587
time=1.970
obj=0.587
time=1.975
obj=0.587
time=1.994
obj=0.586
time=1.998
obj=0.585
time=2.013
obj=0.585
time=2.020
obj=0.584
time=2.027
obj=0.583
time=2.034
obj=0.582
time=2.047
obj=0.582
time=2.052
obj=0.582
time=2.065
obj=0.581
time=2.082
obj=0.581
time=2.098
obj=0.581
time=2.110
obj=0.581
time=2.114
obj=0.580
time=2.125
obj=0.580
time=2.129
obj=0.577
time=2.145
obj=0.577
time=2.151
obj=0.574
time=2.156
obj=0.573
time=2.167
obj=0.573
time=2.181
obj=0.573
time=2.186
obj=0.573
time=2.200
obj=0.573
time=2.211
obj=0.572
time=2.215
obj=0.572
time=2.229
obj=0.572
time=2.242
obj=0.571
time=2.257
obj=0.569
time=2.261
obj=0.567
time=2.280
obj=0.566
time=2.285
obj=0.563
time=2.303
obj=0.562
time=2.309
obj=0.562
time=2.316
obj=0.562
time=2.333
obj=0.561
time=2.349
obj=0.561
time=2.366
obj=0.560
time=2.371
obj=0.558
time=2.377
obj=0.557
time=2.393
obj=0.557
time=2.413
obj=0.557
time=2.424
obj=0.552
time=2.456
obj=0.552
time=2.461
obj=0.552
time=2.468
obj=0.552
time=2.473
obj=0.551
time=2.498
obj=0.550
time=2.508
obj=0.549
time=2.518
obj=0.549
time=2.523
obj=0.549
time=2.547
obj=0.549
time=2.554
obj=0.548
time=2.573
obj=0.547
time=2.611
obj=0.547
time=2.615
obj=0.547
time=2.653
obj=0.547
time=2.673
obj=0.547
time=2.703
obj=0.547
time=2.708
obj=0.546
time=2.734
obj=0.546
time=2.754
obj=0.546
time=2.759
obj=0.545
time=2.775
obj=0.545
time=2.779
obj=0.544
time=2.800
obj=0.544
time=2.805
obj=0.544
time=2.859
obj=0.544
time=2.863
obj=0.544
time=2.871
obj=0.543
time=2.899
obj=0.543
time=2.904
obj=0.542
time=3.009
obj=0.542
time=3.030
obj=0.542
time=3.053
obj=0.542
time=3.059
obj=0.541
time=3.276
obj=0.541
time=3.322
obj=0.541
time=3.386
obj=0.540
time=3.390
obj=0.540
time=3.396
obj=0.539
time=3.435
obj=0.539
time=3.440
obj=0.538
time=3.445
obj=0.538
time=3.455
obj=0.537
time=3.809
obj=0.537
time=3.820
obj=0.536
time=3.833
obj=0.535
time=3.838
obj=0.534
time=3.902
obj=0.534
time=3.911
obj=0.533
time=3.938
obj=0.532
time=3.942
obj=0.532
time=4.022
obj=0.532
time=4.026
obj=0.531
time=4.037
obj=0.531
time=4.379
obj=0.530
time=4.383
obj=0.529
time=4.394
obj=0.529
time=4.453
obj=0.529
time=4.457
obj=0.529
time=4.473
obj=0.528
time=4.490
obj=0.528
time=4.529
obj=0.527
time=4.533
obj=0.527
time=4.539
obj=0.525
time=4.544
obj=0.524
time=4.556
obj=0.523
time=5.074
obj=0.523
time=7.260
obj=0.523
time=7.268
obj=0.522
time=7.283
obj=0.522
time=7.318
obj=0.522
time=7.323
obj=0.522
time=10.667
obj=0.522
time=13.241
obj=0.521
time=13.245
obj=0.521
time=15.545
obj=0.521
time=17.451
obj=0.521
time=17.457
obj=0.520
time=18.172
obj=0.520
time=27.102
obj=0.520
time=27.106
obj=0.519
time=35.083
obj=0.519
time=35.087
obj=0.519
time=36.438
obj=0.519
time=36.979
obj=0.519
time=38.030
obj=0.519
time=38.049
obj=0.519
time=38.058
obj=0.518
time=38.080
obj=0.518
time=41.921
obj=0.518
time=46.323
obj=0.518
time=46.327
obj=0.518
time=46.354
obj=0.517
time=46.359
obj=0.517
time=46.364
obj=0.517
c real margin = 0.483
