buffers=16
windows=40
args generated-large/110.txt 12345 1
original_lb=0.216
time=0.045
obj=0.732
time=0.055
obj=0.728
time=0.057
obj=0.709
time=0.060
obj=0.702
time=0.062
obj=0.676
time=0.064
obj=0.668
time=0.066
obj=0.663
time=0.068
obj=0.659
time=0.071
obj=0.656
time=0.073
obj=0.655
time=0.075
obj=0.652
time=0.078
obj=0.651
time=0.080
obj=0.646
time=0.084
obj=0.643
time=0.086
obj=0.642
time=0.088
obj=0.637
time=0.091
obj=0.634
time=0.093
obj=0.632
time=0.096
obj=0.631
time=0.100
obj=0.631
time=0.102
obj=0.630
time=0.107
obj=0.630
time=0.109
obj=0.624
time=0.112
obj=0.623
time=0.115
obj=0.613
time=0.117
obj=0.602
time=0.120
obj=0.595
time=0.122
obj=0.595
time=0.125
obj=0.595
time=0.127
obj=0.595
time=0.130
obj=0.595
time=0.133
obj=0.592
time=0.137
obj=0.589
time=0.139
obj=0.585
time=0.141
obj=0.583
time=0.177
obj=0.583
time=0.184
obj=0.582
time=0.186
obj=0.582
time=0.188
obj=0.582
time=0.197
obj=0.579
time=0.200
obj=0.578
time=0.212
obj=0.575
time=0.214
obj=0.574
time=0.223
obj=0.571
time=0.365
obj=0.570
time=0.369
obj=0.566
time=0.690
obj=0.566
time=0.692
obj=0.565
time=0.956
obj=0.564
time=0.960
obj=0.563
time=0.963
obj=0.560
time=0.965
obj=0.557
time=0.967
obj=0.556
time=3.120
obj=0.554
time=12.259
obj=0.554
time=12.261
obj=0.553
time=15.335
obj=0.553
time=29.689
obj=0.552
time=29.690
obj=0.550
c real margin = 0.450
