buffers=24
windows=20
args generated-large/112.txt 12345 1
original_lb=0.252
time=0.163
obj=0.582
time=0.188
obj=0.577
time=0.193
obj=0.575
time=0.200
obj=0.568
time=0.205
obj=0.556
time=0.212
obj=0.553
time=0.218
obj=0.553
time=0.223
obj=0.552
time=0.235
obj=0.547
time=0.242
obj=0.547
time=0.247
obj=0.529
time=0.262
obj=0.528
time=0.273
obj=0.524
time=0.286
obj=0.522
time=0.301
obj=0.520
time=0.310
obj=0.519
time=0.316
obj=0.516
time=0.324
obj=0.514
time=0.330
obj=0.508
time=0.342
obj=0.507
time=0.356
obj=0.505
time=0.364
obj=0.504
time=0.381
obj=0.504
time=0.395
obj=0.503
time=0.400
obj=0.503
time=0.418
obj=0.500
time=0.432
obj=0.495
time=0.445
obj=0.495
time=0.454
obj=0.492
time=0.463
obj=0.491
time=0.468
obj=0.490
time=0.474
obj=0.487
time=0.491
obj=0.486
time=0.500
obj=0.485
time=0.511
obj=0.484
time=0.526
obj=0.481
time=0.531
obj=0.481
time=0.542
obj=0.479
time=0.549
obj=0.478
time=0.555
obj=0.476
time=0.562
obj=0.475
time=0.575
obj=0.475
time=0.584
obj=0.475
time=0.630
obj=0.475
time=0.660
obj=0.474
time=0.664
obj=0.474
time=0.703
obj=0.474
time=0.707
obj=0.474
time=0.811
obj=0.473
time=0.815
obj=0.473
time=0.835
obj=0.472
time=0.841
obj=0.472
time=1.006
obj=0.471
time=1.609
obj=0.470
time=1.690
obj=0.470
time=2.318
obj=0.469
time=2.328
obj=0.468
time=2.333
obj=0.467
time=2.339
obj=0.467
time=2.763
obj=0.466
time=2.769
obj=0.466
time=2.774
obj=0.465
time=2.795
obj=0.464
time=2.806
obj=0.463
time=2.834
obj=0.463
time=2.924
obj=0.461
time=4.017
obj=0.461
time=4.020
obj=0.461
time=4.027
obj=0.459
time=4.049
obj=0.459
time=4.059
obj=0.459
time=7.321
obj=0.459
time=7.324
obj=0.458
time=7.330
obj=0.458
time=9.921
obj=0.456
time=10.018
obj=0.454
time=10.022
obj=0.453
time=10.026
obj=0.453
time=10.036
obj=0.452
time=10.043
obj=0.451
time=10.050
obj=0.451
time=32.245
obj=0.451
time=32.249
obj=0.451
time=32.258
obj=0.451
time=35.531
obj=0.450
time=35.535
obj=0.449
time=35.540
obj=0.448
time=35.544
obj=0.447
time=37.661
obj=0.447
time=37.664
obj=0.446
time=37.672
obj=0.446
time=37.678
obj=0.445
c real margin = 0.555
