buffers=16
windows=40
args generated-large/116.txt 12345 1
original_lb=0.238
time=0.073
obj=0.844
time=0.085
obj=0.731
time=0.090
obj=0.710
time=0.094
obj=0.704
time=0.097
obj=0.703
time=0.102
obj=0.701
time=0.105
obj=0.696
time=0.109
obj=0.678
time=0.113
obj=0.678
time=0.116
obj=0.675
time=0.121
obj=0.675
time=0.125
obj=0.672
time=0.130
obj=0.666
time=0.134
obj=0.660
time=0.138
obj=0.659
time=0.142
obj=0.651
time=0.145
obj=0.649
time=0.151
obj=0.636
time=0.156
obj=0.633
time=0.159
obj=0.631
time=0.163
obj=0.628
time=0.166
obj=0.622
time=0.172
obj=0.615
time=0.176
obj=0.614
time=0.180
obj=0.614
time=0.185
obj=0.613
time=0.191
obj=0.608
time=0.195
obj=0.606
time=0.199
obj=0.593
time=0.203
obj=0.585
time=0.208
obj=0.583
time=0.211
obj=0.576
time=0.215
obj=0.575
time=0.218
obj=0.574
time=0.224
obj=0.572
time=0.229
obj=0.572
time=0.235
obj=0.571
time=0.238
obj=0.567
time=0.243
obj=0.567
time=0.249
obj=0.563
time=0.252
obj=0.563
time=0.255
obj=0.561
time=0.260
obj=0.555
time=0.264
obj=0.550
time=0.269
obj=0.546
time=0.272
obj=0.544
time=0.278
obj=0.542
time=0.287
obj=0.542
time=0.295
obj=0.540
time=0.298
obj=0.540
time=0.304
obj=0.540
time=0.312
obj=0.535
time=0.316
obj=0.535
time=0.320
obj=0.530
time=0.329
obj=0.526
time=0.336
obj=0.522
time=0.344
obj=0.522
time=0.352
obj=0.521
time=0.357
obj=0.519
time=0.367
obj=0.516
time=0.375
obj=0.516
time=0.379
obj=0.514
time=0.382
obj=0.512
time=0.387
obj=0.508
time=0.401
obj=0.507
time=0.404
obj=0.507
time=0.412
obj=0.505
time=0.419
obj=0.504
time=0.423
obj=0.502
time=0.427
obj=0.502
time=0.431
obj=0.500
time=0.437
obj=0.497
time=0.441
obj=0.497
time=0.447
obj=0.492
time=0.452
obj=0.492
time=0.458
obj=0.491
time=0.463
obj=0.490
time=0.479
obj=0.490
time=0.484
obj=0.486
time=0.491
obj=0.483
time=0.497
obj=0.481
time=0.501
obj=0.481
time=0.510
obj=0.477
time=1.063
obj=0.477
time=1.077
obj=0.477
time=1.080
obj=0.476
time=1.085
obj=0.474
time=1.094
obj=0.474
time=1.099
obj=0.472
time=1.110
obj=0.472
time=1.307
obj=0.472
time=1.310
obj=0.469
time=1.314
obj=0.467
time=1.990
obj=0.466
time=1.991
obj=0.465
time=1.994
obj=0.462
time=2.601
obj=0.460
time=2.604
obj=0.460
time=2.610
obj=0.457
time=2.611
obj=0.457
time=4.073
obj=0.456
time=4.075
obj=0.456
time=4.077
obj=0.456
time=5.670
obj=0.455
time=9.482
obj=0.455
time=10.122
obj=0.455
time=10.796
obj=0.455
time=11.663
obj=0.454
c real margin = 0.546
