buffers=8
windows=80
args generated-large/117.txt 12345 1
original_lb=0.224
time=0.014
obj=1.089
time=0.018
obj=1.014
time=0.038
obj=1.000
time=0.039
obj=0.999
time=0.040
obj=0.993
time=0.041
obj=0.993
time=0.041
obj=0.989
time=0.042
obj=0.987
time=0.043
obj=0.987
time=0.044
obj=0.983
time=0.045
obj=0.982
time=0.046
obj=0.981
time=0.047
obj=0.970
time=0.048
obj=0.970
time=0.048
obj=0.968
time=0.049
obj=0.963
time=0.050
obj=0.961
time=0.051
obj=0.956
time=0.052
obj=0.955
time=0.053
obj=0.953
time=0.054
obj=0.951
time=0.055
obj=0.949
time=0.056
obj=0.944
time=0.057
obj=0.935
time=0.058
obj=0.926
time=0.059
obj=0.926
time=0.059
obj=0.919
time=0.060
obj=0.917
time=0.061
obj=0.907
time=0.062
obj=0.905
time=0.063
obj=0.902
time=0.064
obj=0.897
time=0.065
obj=0.891
time=0.066
obj=0.890
time=0.067
obj=0.890
time=0.068
obj=0.889
time=0.069
obj=0.889
time=0.070
obj=0.869
time=0.071
obj=0.868
time=0.072
obj=0.868
time=0.073
obj=0.867
time=0.074
obj=0.867
time=0.075
obj=0.865
time=0.076
obj=0.858
time=0.077
obj=0.856
time=0.078
obj=0.852
time=0.079
obj=0.851
time=0.080
obj=0.846
time=0.081
obj=0.839
time=0.082
obj=0.839
time=0.083
obj=0.838
time=0.086
obj=0.838
time=0.087
obj=0.835
time=0.088
obj=0.831
time=0.088
obj=0.830
time=0.089
obj=0.829
time=0.090
obj=0.829
time=0.092
obj=0.827
time=0.093
obj=0.825
time=0.094
obj=0.825
time=0.095
obj=0.821
time=0.096
obj=0.820
time=0.097
obj=0.819
time=0.098
obj=0.817
time=0.100
obj=0.816
time=0.101
obj=0.815
time=0.102
obj=0.810
time=0.103
obj=0.808
time=0.311
obj=0.806
time=0.311
obj=0.804
time=0.478
obj=0.803
time=0.479
obj=0.803
time=0.506
obj=0.802
time=0.506
obj=0.801
time=0.507
obj=0.799
time=0.508
obj=0.798
time=0.511
obj=0.796
time=0.513
obj=0.795
time=0.514
obj=0.795
time=0.552
obj=0.794
time=0.646
obj=0.794
time=1.609
obj=0.794
time=1.977
obj=0.793
time=1.977
obj=0.792
time=1.978
obj=0.791
time=1.979
obj=0.790
time=2.822
obj=0.790
time=2.822
obj=0.790
time=2.823
obj=0.789
time=2.824
obj=0.786
time=2.824
obj=0.782
time=5.961
obj=0.780
time=5.961
obj=0.780
time=5.962
obj=0.780
time=5.962
obj=0.779
time=18.964
obj=0.778
time=18.964
obj=0.776
time=18.964
obj=0.775
time=22.673
obj=0.775
time=22.674
obj=0.774
time=22.675
obj=0.774
time=22.675
obj=0.770
time=22.676
obj=0.769
time=22.676
obj=0.764
c real margin = 0.236
