buffers=24
windows=60
args generated-large/119.txt 12345 1
original_lb=0.283
time=0.223
obj=0.895
time=0.263
obj=0.889
time=0.273
obj=0.889
time=0.278
obj=0.888
time=0.285
obj=0.887
time=0.290
obj=0.883
time=0.297
obj=0.881
time=0.302
obj=0.880
time=0.308
obj=0.879
time=0.316
obj=0.873
time=0.328
obj=0.872
time=0.333
obj=0.871
time=0.344
obj=0.871
time=0.351
obj=0.867
time=0.359
obj=0.866
time=0.368
obj=0.865
time=0.378
obj=0.864
time=0.388
obj=0.863
time=0.395
obj=0.863
time=0.405
obj=0.853
time=0.417
obj=0.850
time=0.428
obj=0.846
time=0.434
obj=0.836
time=0.439
obj=0.836
time=0.451
obj=0.835
time=0.460
obj=0.834
time=0.466
obj=0.832
time=0.471
obj=0.830
time=0.478
obj=0.830
time=0.493
obj=0.828
time=0.499
obj=0.827
time=0.509
obj=0.827
time=0.523
obj=0.821
time=0.537
obj=0.817
time=0.552
obj=0.817
time=0.561
obj=0.813
time=0.573
obj=0.812
time=0.578
obj=0.809
time=0.586
obj=0.808
time=0.597
obj=0.807
time=0.604
obj=0.807
time=0.614
obj=0.805
time=0.621
obj=0.805
time=0.633
obj=0.803
time=0.645
obj=0.802
time=0.654
obj=0.801
time=0.660
obj=0.801
time=0.671
obj=0.798
time=0.677
obj=0.797
time=0.686
obj=0.797
time=0.697
obj=0.794
time=0.707
obj=0.793
time=0.716
obj=0.793
time=0.724
obj=0.792
time=0.737
obj=0.792
time=0.751
obj=0.790
time=0.766
obj=0.788
time=0.775
obj=0.787
time=0.795
obj=0.785
time=0.805
obj=0.785
time=0.811
obj=0.783
time=0.825
obj=0.782
time=0.836
obj=0.780
time=0.843
obj=0.780
time=0.854
obj=0.780
time=0.860
obj=0.779
time=0.874
obj=0.779
time=0.884
obj=0.779
time=0.902
obj=0.778
time=0.910
obj=0.777
time=0.928
obj=0.777
time=0.947
obj=0.775
time=0.965
obj=0.775
time=0.973
obj=0.774
time=0.990
obj=0.773
time=1.004
obj=0.773
time=1.012
obj=0.772
time=1.022
obj=0.771
time=1.032
obj=0.766
time=1.062
obj=0.763
time=1.077
obj=0.762
time=1.096
obj=0.762
time=1.115
obj=0.762
time=1.131
obj=0.762
time=1.142
obj=0.761
time=1.154
obj=0.760
time=1.173
obj=0.759
time=1.189
obj=0.758
time=1.196
obj=0.757
time=1.216
obj=0.756
time=1.235
obj=0.756
time=1.241
obj=0.755
time=1.250
obj=0.755
time=1.257
obj=0.753
time=1.269
obj=0.753
time=1.281
obj=0.752
time=1.291
obj=0.752
time=1.297
obj=0.751
time=1.315
obj=0.751
time=1.322
obj=0.750
time=1.335
obj=0.749
time=1.350
obj=0.748
time=1.356
obj=0.747
time=1.368
obj=0.746
time=1.378
obj=0.746
time=1.388
obj=0.746
time=1.403
obj=0.745
time=1.425
obj=0.745
time=1.431
obj=0.745
time=1.448
obj=0.744
time=1.460
obj=0.742
time=1.470
obj=0.741
time=1.475
obj=0.740
time=1.490
obj=0.740
time=1.502
obj=0.740
time=1.507
obj=0.739
time=1.512
obj=0.739
time=1.523
obj=0.737
time=1.537
obj=0.737
time=1.550
obj=0.736
time=1.574
obj=0.736
time=1.587
obj=0.735
time=1.603
obj=0.733
time=1.619
obj=0.733
time=1.623
obj=0.732
time=1.643
obj=0.731
time=1.662
obj=0.731
time=1.667
obj=0.729
time=1.683
obj=0.729
time=1.687
obj=0.729
time=1.699
obj=0.726
time=1.703
obj=0.725
time=1.722
obj=0.725
time=1.727
obj=0.724
time=1.740
obj=0.723
time=1.748
obj=0.723
time=1.752
obj=0.722
time=1.767
obj=0.721
time=1.772
obj=0.721
time=1.783
obj=0.721
time=1.788
obj=0.720
time=1.794
obj=0.720
time=1.801
obj=0.718
time=1.812
obj=0.717
time=1.829
obj=0.716
time=1.834
obj=0.714
time=1.839
obj=0.713
time=1.844
obj=0.713
time=1.863
obj=0.713
time=1.888
obj=0.713
time=1.891
obj=0.712
time=1.908
obj=0.712
time=1.923
obj=0.711
time=1.926
obj=0.709
time=1.933
obj=0.707
time=1.937
obj=0.707
time=1.964
obj=0.706
time=1.968
obj=0.706
time=1.987
obj=0.705
time=2.112
obj=0.704
time=2.115
obj=0.704
time=2.229
obj=0.704
time=2.235
obj=0.704
time=2.239
obj=0.703
time=2.242
obj=0.701
time=2.433
obj=0.701
time=2.456
obj=0.701
time=2.562
obj=0.700
time=2.565
obj=0.699
time=2.568
obj=0.699
time=2.695
obj=0.698
time=2.698
obj=0.697
time=2.709
obj=0.696
time=2.719
obj=0.696
time=2.722
obj=0.695
time=2.858
obj=0.695
time=2.861
obj=0.694
time=2.877
obj=0.693
time=2.880
obj=0.692
time=2.897
obj=0.690
time=2.915
obj=0.688
time=3.199
obj=0.688
time=3.460
obj=0.688
time=3.973
obj=0.685
time=3.989
obj=0.684
time=4.475
obj=0.684
time=4.482
obj=0.682
time=4.490
obj=0.681
time=4.603
obj=0.680
time=4.623
obj=0.680
time=7.696
obj=0.680
time=7.723
obj=0.679
time=7.731
obj=0.678
time=10.553
obj=0.677
time=12.709
obj=0.677
time=14.346
obj=0.675
time=17.936
obj=0.675
time=18.824
obj=0.675
time=19.488
obj=0.675
time=19.492
obj=0.675
time=21.462
obj=0.674
time=21.501
obj=0.674
time=27.169
obj=0.674
time=27.172
obj=0.673
time=32.378
obj=0.673
time=37.583
obj=0.673
time=37.586
obj=0.672
time=39.226
obj=0.672
time=47.816
obj=0.671
time=47.819
obj=0.671
c real margin = 0.329
