buffers=24
windows=40
args generated-large/12.txt 12345 1
original_lb=0.236
time=0.191
obj=0.780
time=0.209
obj=0.725
time=0.214
obj=0.719
time=0.219
obj=0.698
time=0.224
obj=0.667
time=0.229
obj=0.646
time=0.234
obj=0.617
time=0.239
obj=0.617
time=0.245
obj=0.612
time=0.250
obj=0.604
time=0.255
obj=0.602
time=0.261
obj=0.596
time=0.268
obj=0.591
time=0.273
obj=0.591
time=0.279
obj=0.581
time=0.286
obj=0.581
time=0.293
obj=0.571
time=0.299
obj=0.570
time=0.305
obj=0.570
time=0.312
obj=0.562
time=0.318
obj=0.560
time=0.324
obj=0.560
time=0.329
obj=0.556
time=0.336
obj=0.539
time=0.341
obj=0.538
time=0.348
obj=0.534
time=0.353
obj=0.525
time=0.359
obj=0.520
time=0.365
obj=0.518
time=0.371
obj=0.512
time=0.378
obj=0.507
time=0.385
obj=0.505
time=0.393
obj=0.498
time=0.399
obj=0.495
time=0.409
obj=0.492
time=0.418
obj=0.488
time=0.429
obj=0.484
time=0.434
obj=0.483
time=0.440
obj=0.482
time=0.453
obj=0.482
time=0.460
obj=0.479
time=0.466
obj=0.479
time=0.472
obj=0.478
time=0.480
obj=0.477
time=0.486
obj=0.476
time=0.492
obj=0.475
time=0.506
obj=0.475
time=0.522
obj=0.475
time=0.530
obj=0.474
time=0.537
obj=0.474
time=0.547
obj=0.472
time=0.566
obj=0.470
time=0.573
obj=0.469
time=0.670
obj=0.462
time=0.680
obj=0.461
time=0.685
obj=0.454
time=0.690
obj=0.451
time=0.713
obj=0.450
time=0.718
obj=0.448
time=0.730
obj=0.447
time=1.320
obj=0.445
time=1.338
obj=0.444
time=1.467
obj=0.440
time=2.062
obj=0.437
time=2.891
obj=0.436
time=3.465
obj=0.434
time=3.473
obj=0.433
time=3.477
obj=0.432
time=5.732
obj=0.432
time=9.020
obj=0.430
time=12.420
obj=0.430
time=12.746
obj=0.430
time=12.752
obj=0.429
time=14.762
obj=0.428
time=14.766
obj=0.427
time=26.900
obj=0.426
time=26.905
obj=0.426
time=28.044
obj=0.425
time=28.047
obj=0.423
time=28.051
obj=0.423
time=35.440
obj=0.419
time=35.440
obj=0.419
c real margin = 0.581
