buffers=16
windows=60
args generated-large/121.txt 12345 1
original_lb=0.264
time=0.094
obj=0.946
time=0.113
obj=0.862
time=0.116
obj=0.860
time=0.122
obj=0.853
time=0.126
obj=0.852
time=0.130
obj=0.851
time=0.134
obj=0.843
time=0.138
obj=0.839
time=0.142
obj=0.836
time=0.146
obj=0.829
time=0.150
obj=0.828
time=0.154
obj=0.818
time=0.157
obj=0.817
time=0.162
obj=0.812
time=0.166
obj=0.811
time=0.170
obj=0.805
time=0.175
obj=0.799
time=0.179
obj=0.790
time=0.183
obj=0.787
time=0.189
obj=0.786
time=0.193
obj=0.784
time=0.198
obj=0.784
time=0.201
obj=0.783
time=0.206
obj=0.782
time=0.210
obj=0.777
time=0.214
obj=0.763
time=0.218
obj=0.761
time=0.223
obj=0.754
time=0.227
obj=0.737
time=0.234
obj=0.735
time=0.239
obj=0.735
time=0.246
obj=0.733
time=0.251
obj=0.732
time=0.255
obj=0.731
time=0.261
obj=0.727
time=0.265
obj=0.726
time=0.269
obj=0.726
time=0.274
obj=0.726
time=0.278
obj=0.723
time=0.284
obj=0.723
time=0.289
obj=0.720
time=0.293
obj=0.716
time=0.298
obj=0.714
time=0.303
obj=0.706
time=0.310
obj=0.703
time=0.315
obj=0.701
time=0.320
obj=0.698
time=0.327
obj=0.694
time=0.333
obj=0.692
time=0.338
obj=0.689
time=0.346
obj=0.689
time=0.350
obj=0.688
time=0.355
obj=0.686
time=0.360
obj=0.685
time=0.364
obj=0.684
time=0.370
obj=0.682
time=0.377
obj=0.681
time=0.385
obj=0.680
time=0.393
obj=0.679
time=0.399
obj=0.676
time=0.404
obj=0.673
time=0.409
obj=0.673
time=0.416
obj=0.671
time=0.420
obj=0.670
time=0.426
obj=0.669
time=0.430
obj=0.668
time=0.438
obj=0.665
time=0.443
obj=0.663
time=0.446
obj=0.655
time=0.451
obj=0.655
time=0.455
obj=0.652
time=0.459
obj=0.648
time=0.463
obj=0.646
time=0.472
obj=0.642
time=0.476
obj=0.639
time=0.481
obj=0.638
time=0.485
obj=0.636
time=0.494
obj=0.635
time=0.499
obj=0.634
time=0.502
obj=0.633
time=0.507
obj=0.632
time=0.511
obj=0.632
time=0.517
obj=0.629
time=0.521
obj=0.629
time=0.526
obj=0.628
time=0.532
obj=0.627
time=0.536
obj=0.625
time=0.542
obj=0.625
time=0.549
obj=0.625
time=0.556
obj=0.623
time=0.566
obj=0.623
time=0.571
obj=0.623
time=0.577
obj=0.620
time=0.581
obj=0.620
time=0.590
obj=0.619
time=0.595
obj=0.618
time=0.604
obj=0.617
time=0.608
obj=0.617
time=0.616
obj=0.610
time=0.620
obj=0.608
time=0.624
obj=0.604
time=0.629
obj=0.604
time=0.637
obj=0.604
time=0.650
obj=0.603
time=0.654
obj=0.602
time=0.662
obj=0.602
time=0.667
obj=0.600
time=0.675
obj=0.599
time=0.683
obj=0.599
time=0.687
obj=0.599
time=0.691
obj=0.598
time=0.697
obj=0.595
time=0.701
obj=0.592
time=0.709
obj=0.592
time=0.713
obj=0.591
time=0.717
obj=0.591
time=0.721
obj=0.591
time=0.724
obj=0.589
time=0.730
obj=0.588
time=0.736
obj=0.587
time=0.744
obj=0.587
time=0.748
obj=0.585
time=0.752
obj=0.582
time=0.767
obj=0.582
time=0.772
obj=0.580
time=0.776
obj=0.580
time=0.784
obj=0.577
time=0.794
obj=0.577
time=0.802
obj=0.576
time=0.809
obj=0.575
time=0.822
obj=0.575
time=0.832
obj=0.575
time=0.838
obj=0.574
time=0.842
obj=0.574
time=0.846
obj=0.573
time=0.850
obj=0.572
time=0.856
obj=0.572
time=0.861
obj=0.572
time=0.872
obj=0.571
time=0.882
obj=0.571
time=0.892
obj=0.571
time=0.897
obj=0.570
time=0.913
obj=0.570
time=0.917
obj=0.569
time=0.927
obj=0.568
time=0.939
obj=0.568
time=0.959
obj=0.567
time=0.974
obj=0.567
time=0.978
obj=0.567
time=0.985
obj=0.566
time=1.046
obj=0.566
time=1.059
obj=0.565
time=1.063
obj=0.565
time=1.074
obj=0.564
time=1.078
obj=0.564
time=1.083
obj=0.564
time=1.089
obj=0.563
time=1.096
obj=0.563
time=1.111
obj=0.563
time=1.127
obj=0.562
time=1.139
obj=0.562
time=1.206
obj=0.560
time=1.212
obj=0.558
time=1.215
obj=0.558
time=1.499
obj=0.557
time=1.502
obj=0.556
time=1.504
obj=0.556
time=1.507
obj=0.554
time=1.510
obj=0.552
time=1.803
obj=0.552
time=1.809
obj=0.551
time=2.236
obj=0.551
time=2.239
obj=0.550
time=2.246
obj=0.550
time=2.248
obj=0.548
time=2.250
obj=0.548
time=2.253
obj=0.547
time=2.256
obj=0.547
time=2.268
obj=0.547
time=2.273
obj=0.546
time=2.323
obj=0.545
time=2.325
obj=0.545
time=2.328
obj=0.544
time=2.341
obj=0.544
time=2.343
obj=0.543
c real margin = 0.457
