buffers=16
windows=40
args generated-large/123.txt 12345 1
original_lb=0.218
time=0.075
obj=0.703
time=0.088
obj=0.596
time=0.091
obj=0.560
time=0.095
obj=0.535
time=0.098
obj=0.514
time=0.101
obj=0.506
time=0.105
obj=0.505
time=0.108
obj=0.502
time=0.112
obj=0.493
time=0.116
obj=0.481
time=0.120
obj=0.476
time=0.124
obj=0.467
time=0.128
obj=0.464
time=0.132
obj=0.464
time=0.137
obj=0.463
time=0.141
obj=0.459
time=0.146
obj=0.455
time=0.151
obj=0.452
time=0.156
obj=0.443
time=0.160
obj=0.433
time=0.164
obj=0.429
time=0.170
obj=0.428
time=0.174
obj=0.424
time=0.178
obj=0.421
time=0.182
obj=0.419
time=0.186
obj=0.419
time=0.191
obj=0.418
time=0.195
obj=0.412
time=0.198
obj=0.412
time=0.206
obj=0.412
time=0.211
obj=0.412
time=0.215
obj=0.410
time=0.218
obj=0.409
time=0.222
obj=0.409
time=0.226
obj=0.409
time=0.231
obj=0.407
time=0.235
obj=0.405
time=0.241
obj=0.404
time=0.245
obj=0.403
time=0.249
obj=0.402
time=0.252
obj=0.401
time=0.258
obj=0.399
time=0.263
obj=0.397
time=0.266
obj=0.394
time=0.270
obj=0.393
time=0.275
obj=0.392
time=0.279
obj=0.391
time=0.287
obj=0.391
time=0.295
obj=0.389
time=0.362
obj=0.389
time=0.374
obj=0.388
time=0.378
obj=0.385
time=0.382
obj=0.384
time=0.386
obj=0.383
time=0.392
obj=0.382
time=0.406
obj=0.381
time=0.412
obj=0.381
time=0.422
obj=0.380
time=0.426
obj=0.378
time=0.430
obj=0.375
time=0.477
obj=0.371
time=0.484
obj=0.371
time=0.489
obj=0.367
time=0.493
obj=0.367
time=0.501
obj=0.364
time=0.504
obj=0.362
time=0.508
obj=0.360
time=1.414
obj=0.360
time=1.417
obj=0.358
time=1.711
obj=0.357
time=1.713
obj=0.355
time=2.682
obj=0.354
time=4.491
obj=0.353
time=4.493
obj=0.352
time=10.275
obj=0.352
time=10.277
obj=0.352
time=11.638
obj=0.352
time=13.002
obj=0.351
time=13.005
obj=0.351
time=13.116
obj=0.351
time=13.481
obj=0.350
time=13.856
obj=0.350
time=53.616
obj=0.349
time=58.043
obj=0.347
c real margin = 0.653
