buffers=16
windows=80
args generated-large/125.txt 12345 1
original_lb=0.227
time=0.069
obj=1.042
time=0.088
obj=1.042
time=0.092
obj=1.040
time=0.100
obj=1.038
time=0.105
obj=1.034
time=0.108
obj=1.031
time=0.112
obj=1.026
time=0.117
obj=1.026
time=0.120
obj=1.024
time=0.125
obj=1.023
time=0.131
obj=1.023
time=0.135
obj=1.019
time=0.138
obj=1.018
time=0.145
obj=1.017
time=0.151
obj=1.016
time=0.154
obj=1.015
time=0.160
obj=1.013
time=0.163
obj=1.007
time=0.166
obj=1.006
time=0.174
obj=1.006
time=0.181
obj=1.003
time=0.188
obj=1.002
time=0.193
obj=1.002
time=0.200
obj=1.002
time=0.203
obj=1.000
time=0.210
obj=0.999
time=0.213
obj=0.997
time=0.218
obj=0.996
time=0.220
obj=0.995
time=0.225
obj=0.993
time=0.233
obj=0.989
time=0.238
obj=0.989
time=0.245
obj=0.989
time=0.249
obj=0.988
time=0.254
obj=0.987
time=0.260
obj=0.987
time=0.269
obj=0.986
time=0.276
obj=0.986
time=0.281
obj=0.985
time=0.288
obj=0.983
time=0.292
obj=0.980
time=0.303
obj=0.980
time=0.305
obj=0.978
time=0.308
obj=0.976
time=0.322
obj=0.975
time=0.324
obj=0.974
time=0.328
obj=0.973
time=0.336
obj=0.970
time=0.345
obj=0.970
time=0.351
obj=0.970
time=0.359
obj=0.969
time=0.362
obj=0.969
time=0.368
obj=0.962
time=0.371
obj=0.961
time=0.373
obj=0.961
time=0.388
obj=0.961
time=0.391
obj=0.959
time=0.398
obj=0.957
time=0.405
obj=0.957
time=0.412
obj=0.957
time=0.420
obj=0.957
time=0.427
obj=0.957
time=0.430
obj=0.956
time=0.433
obj=0.955
time=0.441
obj=0.955
time=0.454
obj=0.953
time=0.456
obj=0.952
time=0.470
obj=0.952
time=0.478
obj=0.952
time=0.495
obj=0.951
time=0.498
obj=0.951
time=0.505
obj=0.951
time=0.559
obj=0.950
time=0.562
obj=0.950
time=0.566
obj=0.949
time=0.569
obj=0.946
time=0.575
obj=0.946
time=0.579
obj=0.945
time=0.583
obj=0.945
time=0.603
obj=0.944
time=0.610
obj=0.944
time=0.626
obj=0.944
time=0.631
obj=0.942
time=0.635
obj=0.942
time=0.652
obj=0.941
time=0.655
obj=0.941
time=0.662
obj=0.937
time=0.666
obj=0.937
time=0.672
obj=0.936
time=0.690
obj=0.936
time=0.695
obj=0.935
time=0.698
obj=0.935
time=0.847
obj=0.934
time=0.850
obj=0.934
time=0.864
obj=0.934
time=0.867
obj=0.933
time=0.871
obj=0.933
time=0.876
obj=0.933
time=0.879
obj=0.933
time=0.894
obj=0.932
time=1.148
obj=0.932
time=1.151
obj=0.931
time=1.158
obj=0.930
time=1.163
obj=0.930
time=1.312
obj=0.929
time=1.315
obj=0.928
time=2.411
obj=0.928
time=2.412
obj=0.925
time=2.415
obj=0.924
time=4.184
obj=0.924
time=4.185
obj=0.923
time=4.187
obj=0.923
time=5.954
obj=0.923
time=5.956
obj=0.923
time=6.219
obj=0.922
time=6.220
obj=0.922
time=6.222
obj=0.922
time=7.543
obj=0.922
time=7.546
obj=0.921
time=8.553
obj=0.921
time=8.555
obj=0.920
time=8.557
obj=0.920
time=8.559
obj=0.919
time=8.562
obj=0.918
time=10.325
obj=0.918
time=11.455
obj=0.918
time=11.456
obj=0.916
time=11.463
obj=0.916
time=11.467
obj=0.915
time=11.473
obj=0.915
time=11.479
obj=0.913
time=11.484
obj=0.912
time=13.078
obj=0.912
time=13.080
obj=0.911
time=13.083
obj=0.911
time=13.085
obj=0.910
time=14.585
obj=0.910
time=14.587
obj=0.910
c real margin = 0.090
