buffers=24
windows=80
args generated-large/126.txt 12345 1
original_lb=0.260
time=0.198
obj=0.960
time=0.235
obj=0.959
time=0.240
obj=0.954
time=0.246
obj=0.939
time=0.253
obj=0.935
time=0.258
obj=0.935
time=0.263
obj=0.933
time=0.270
obj=0.931
time=0.276
obj=0.929
time=0.281
obj=0.928
time=0.287
obj=0.928
time=0.294
obj=0.924
time=0.300
obj=0.922
time=0.307
obj=0.919
time=0.313
obj=0.917
time=0.318
obj=0.911
time=0.326
obj=0.911
time=0.333
obj=0.908
time=0.338
obj=0.905
time=0.344
obj=0.904
time=0.350
obj=0.904
time=0.355
obj=0.903
time=0.361
obj=0.900
time=0.367
obj=0.899
time=0.372
obj=0.898
time=0.378
obj=0.896
time=0.384
obj=0.894
time=0.390
obj=0.894
time=0.396
obj=0.889
time=0.402
obj=0.887
time=0.410
obj=0.883
time=0.416
obj=0.882
time=0.422
obj=0.879
time=0.430
obj=0.874
time=0.435
obj=0.873
time=0.441
obj=0.870
time=0.446
obj=0.863
time=0.451
obj=0.863
time=0.458
obj=0.861
time=0.463
obj=0.856
time=0.470
obj=0.852
time=0.476
obj=0.851
time=0.481
obj=0.850
time=0.491
obj=0.849
time=0.498
obj=0.846
time=0.506
obj=0.844
time=0.513
obj=0.840
time=0.518
obj=0.839
time=0.524
obj=0.837
time=0.533
obj=0.836
time=0.538
obj=0.835
time=0.544
obj=0.835
time=0.552
obj=0.823
time=0.561
obj=0.822
time=0.566
obj=0.822
time=0.573
obj=0.821
time=0.581
obj=0.820
time=0.588
obj=0.820
time=0.596
obj=0.819
time=0.605
obj=0.814
time=0.612
obj=0.814
time=0.619
obj=0.814
time=0.627
obj=0.813
time=0.637
obj=0.811
time=0.645
obj=0.808
time=0.650
obj=0.807
time=0.658
obj=0.807
time=0.665
obj=0.803
time=0.676
obj=0.803
time=0.684
obj=0.801
time=0.691
obj=0.800
time=0.702
obj=0.800
time=0.708
obj=0.799
time=0.716
obj=0.797
time=0.722
obj=0.796
time=0.728
obj=0.795
time=0.735
obj=0.794
time=0.743
obj=0.794
time=0.749
obj=0.792
time=0.757
obj=0.792
time=0.764
obj=0.788
time=0.770
obj=0.787
time=0.777
obj=0.786
time=0.783
obj=0.786
time=0.788
obj=0.784
time=0.801
obj=0.784
time=0.806
obj=0.782
time=0.816
obj=0.779
time=0.826
obj=0.774
time=0.831
obj=0.774
time=0.840
obj=0.772
time=0.849
obj=0.771
time=0.861
obj=0.771
time=0.866
obj=0.765
time=0.876
obj=0.762
time=0.883
obj=0.760
time=0.890
obj=0.759
time=0.899
obj=0.758
time=0.911
obj=0.758
time=0.926
obj=0.757
time=0.936
obj=0.754
time=0.943
obj=0.753
time=0.960
obj=0.753
time=0.968
obj=0.752
time=0.973
obj=0.751
time=0.999
obj=0.751
time=1.004
obj=0.751
time=1.012
obj=0.749
time=1.017
obj=0.749
time=1.023
obj=0.748
time=1.046
obj=0.745
time=1.051
obj=0.744
time=1.057
obj=0.743
time=1.087
obj=0.743
time=1.150
obj=0.743
time=1.174
obj=0.742
time=1.196
obj=0.742
time=1.201
obj=0.740
time=1.227
obj=0.738
time=1.248
obj=0.737
time=1.253
obj=0.736
time=1.259
obj=0.736
time=1.264
obj=0.736
time=1.270
obj=0.736
time=1.275
obj=0.731
time=1.289
obj=0.730
time=1.306
obj=0.730
time=1.314
obj=0.728
time=1.322
obj=0.728
time=1.394
obj=0.727
time=1.400
obj=0.727
time=1.407
obj=0.726
time=1.522
obj=0.726
time=1.527
obj=0.723
time=1.532
obj=0.723
time=2.225
obj=0.723
time=2.229
obj=0.723
time=2.233
obj=0.722
time=2.264
obj=0.721
time=2.310
obj=0.720
time=2.313
obj=0.720
time=2.347
obj=0.719
time=2.350
obj=0.718
time=2.356
obj=0.717
time=2.501
obj=0.717
time=3.137
obj=0.717
time=3.141
obj=0.716
time=3.154
obj=0.715
time=3.182
obj=0.715
time=3.185
obj=0.713
time=3.191
obj=0.712
time=3.209
obj=0.711
time=3.234
obj=0.711
time=8.182
obj=0.711
time=8.186
obj=0.710
time=8.828
obj=0.710
time=8.832
obj=0.710
time=11.722
obj=0.710
time=11.726
obj=0.709
time=13.455
obj=0.709
time=13.468
obj=0.709
time=13.474
obj=0.707
c real margin = 0.293
