buffers=16
windows=60
args generated-large/129.txt 12345 1
original_lb=0.257
time=0.049
obj=0.931
time=0.071
obj=0.930
time=0.073
obj=0.930
time=0.082
obj=0.927
time=0.084
obj=0.927
time=0.086
obj=0.921
time=0.088
obj=0.919
time=0.096
obj=0.917
time=0.099
obj=0.917
time=0.101
obj=0.916
time=0.103
obj=0.914
time=0.108
obj=0.913
time=0.112
obj=0.908
time=0.114
obj=0.904
time=0.118
obj=0.904
time=0.122
obj=0.904
time=0.126
obj=0.900
time=0.129
obj=0.900
time=0.133
obj=0.899
time=0.135
obj=0.897
time=0.137
obj=0.890
time=0.142
obj=0.888
time=0.144
obj=0.884
time=0.148
obj=0.884
time=0.151
obj=0.882
time=0.153
obj=0.881
time=0.156
obj=0.880
time=0.159
obj=0.878
time=0.161
obj=0.877
time=0.163
obj=0.876
time=0.168
obj=0.876
time=0.171
obj=0.873
time=0.174
obj=0.873
time=0.179
obj=0.873
time=0.181
obj=0.872
time=0.184
obj=0.866
time=0.188
obj=0.866
time=0.191
obj=0.862
time=0.194
obj=0.860
time=0.197
obj=0.858
time=0.199
obj=0.857
time=0.202
obj=0.855
time=0.205
obj=0.855
time=0.211
obj=0.854
time=0.214
obj=0.854
time=0.216
obj=0.853
time=0.219
obj=0.851
time=0.221
obj=0.850
time=0.225
obj=0.850
time=0.227
obj=0.849
time=0.232
obj=0.846
time=0.235
obj=0.844
time=0.236
obj=0.844
time=0.238
obj=0.842
time=0.241
obj=0.841
time=0.243
obj=0.840
time=0.246
obj=0.839
time=0.248
obj=0.839
time=0.250
obj=0.832
time=0.254
obj=0.830
time=0.259
obj=0.829
time=0.262
obj=0.827
time=0.266
obj=0.824
time=0.270
obj=0.823
time=0.272
obj=0.822
time=0.274
obj=0.819
time=0.277
obj=0.818
time=0.281
obj=0.816
time=0.286
obj=0.814
time=0.288
obj=0.813
time=0.293
obj=0.812
time=0.297
obj=0.806
time=0.303
obj=0.804
time=0.308
obj=0.804
time=0.315
obj=0.803
time=0.320
obj=0.803
time=0.325
obj=0.801
time=0.328
obj=0.800
time=0.330
obj=0.800
time=0.336
obj=0.796
time=0.340
obj=0.796
time=0.343
obj=0.794
time=0.347
obj=0.792
time=0.350
obj=0.790
time=0.355
obj=0.787
time=0.360
obj=0.786
time=0.364
obj=0.785
time=0.368
obj=0.784
time=0.374
obj=0.783
time=0.381
obj=0.782
time=0.383
obj=0.780
time=0.387
obj=0.780
time=0.390
obj=0.779
time=0.394
obj=0.777
time=0.399
obj=0.770
time=0.401
obj=0.770
time=0.405
obj=0.770
time=0.412
obj=0.769
time=0.416
obj=0.769
time=0.420
obj=0.761
time=0.427
obj=0.761
time=0.433
obj=0.759
time=0.435
obj=0.759
time=0.440
obj=0.758
time=0.442
obj=0.758
time=0.446
obj=0.757
time=0.453
obj=0.756
time=0.459
obj=0.755
time=0.465
obj=0.755
time=0.467
obj=0.754
time=0.470
obj=0.752
time=0.472
obj=0.748
time=0.478
obj=0.747
time=0.480
obj=0.747
time=0.484
obj=0.745
time=0.487
obj=0.741
time=0.494
obj=0.741
time=0.501
obj=0.740
time=0.504
obj=0.740
time=0.509
obj=0.737
time=0.514
obj=0.737
time=0.516
obj=0.736
time=0.521
obj=0.735
time=0.523
obj=0.735
time=0.529
obj=0.734
time=0.531
obj=0.734
time=0.534
obj=0.733
time=0.542
obj=0.732
time=0.552
obj=0.731
time=0.562
obj=0.731
time=0.572
obj=0.731
time=0.579
obj=0.731
time=0.584
obj=0.730
time=0.590
obj=0.728
time=0.599
obj=0.727
time=0.601
obj=0.727
time=0.605
obj=0.727
time=0.612
obj=0.725
time=0.617
obj=0.725
time=0.620
obj=0.724
time=0.628
obj=0.723
time=0.631
obj=0.723
time=0.634
obj=0.721
time=0.641
obj=0.720
time=0.648
obj=0.719
time=0.656
obj=0.717
time=0.658
obj=0.717
time=0.666
obj=0.717
time=0.677
obj=0.714
time=0.680
obj=0.710
time=0.689
obj=0.709
time=0.691
obj=0.709
time=0.704
obj=0.708
time=0.706
obj=0.708
time=0.708
obj=0.706
time=0.729
obj=0.706
time=0.786
obj=0.705
time=0.788
obj=0.701
time=0.847
obj=0.701
time=0.849
obj=0.697
time=0.852
obj=0.697
time=0.855
obj=0.696
time=0.876
obj=0.696
time=1.237
obj=0.696
time=1.534
obj=0.696
time=1.536
obj=0.695
time=1.739
obj=0.695
time=2.181
obj=0.693
time=2.182
obj=0.693
time=2.506
obj=0.692
time=2.507
obj=0.692
time=2.626
obj=0.691
time=2.628
obj=0.691
time=2.669
obj=0.691
time=2.670
obj=0.691
time=2.769
obj=0.690
time=2.825
obj=0.690
time=2.828
obj=0.689
time=3.621
obj=0.688
time=5.566
obj=0.687
time=5.567
obj=0.687
time=5.990
obj=0.686
time=7.665
obj=0.686
time=8.348
obj=0.684
time=8.354
obj=0.683
time=8.357
obj=0.682
time=16.760
obj=0.682
time=22.111
obj=0.681
time=22.112
obj=0.681
time=30.695
obj=0.680
time=37.432
obj=0.680
time=37.432
obj=0.679
time=46.619
obj=0.678
time=46.621
obj=0.678
time=46.626
obj=0.678
time=46.628
obj=0.675
c real margin = 0.325
