buffers=16
windows=40
args generated-large/13.txt 12345 1
original_lb=0.226
time=0.069
obj=0.685
time=0.081
obj=0.581
time=0.084
obj=0.528
time=0.087
obj=0.505
time=0.091
obj=0.500
time=0.094
obj=0.479
time=0.097
obj=0.471
time=0.101
obj=0.470
time=0.104
obj=0.470
time=0.107
obj=0.464
time=0.111
obj=0.464
time=0.115
obj=0.460
time=0.118
obj=0.458
time=0.122
obj=0.443
time=0.126
obj=0.438
time=0.126
obj=0.434
time=0.130
obj=0.433
time=0.134
obj=0.423
time=0.137
obj=0.422
time=0.141
obj=0.421
time=0.145
obj=0.416
time=0.148
obj=0.414
time=0.151
obj=0.412
time=0.155
obj=0.403
time=0.160
obj=0.401
time=0.164
obj=0.397
time=0.167
obj=0.396
time=0.171
obj=0.396
time=0.175
obj=0.395
time=0.178
obj=0.395
time=0.182
obj=0.393
time=0.187
obj=0.391
time=0.190
obj=0.388
time=0.193
obj=0.387
time=0.199
obj=0.384
time=0.203
obj=0.380
time=0.206
obj=0.379
time=0.209
obj=0.373
time=0.213
obj=0.373
time=0.219
obj=0.372
time=0.222
obj=0.372
time=0.226
obj=0.371
time=0.229
obj=0.371
time=0.232
obj=0.370
time=0.241
obj=0.370
time=0.246
obj=0.366
time=0.251
obj=0.364
time=0.258
obj=0.362
time=0.263
obj=0.362
time=0.267
obj=0.361
time=0.275
obj=0.361
time=0.282
obj=0.361
time=0.286
obj=0.360
time=0.289
obj=0.359
time=0.293
obj=0.357
time=0.297
obj=0.356
time=0.336
obj=0.356
time=0.340
obj=0.354
time=0.393
obj=0.353
time=0.398
obj=0.352
time=0.402
obj=0.352
time=0.405
obj=0.352
time=0.409
obj=0.352
time=0.422
obj=0.350
time=0.433
obj=0.349
time=0.437
obj=0.348
time=0.440
obj=0.348
time=0.443
obj=0.348
time=0.447
obj=0.347
time=0.450
obj=0.346
time=0.460
obj=0.345
time=0.474
obj=0.344
time=0.477
obj=0.341
time=0.480
obj=0.341
time=0.484
obj=0.340
time=0.493
obj=0.339
time=0.497
obj=0.339
time=0.505
obj=0.338
time=0.508
obj=0.336
time=0.512
obj=0.336
time=0.515
obj=0.335
time=0.573
obj=0.335
time=0.927
obj=0.333
time=0.931
obj=0.333
time=0.934
obj=0.333
time=0.938
obj=0.332
time=0.942
obj=0.332
time=0.946
obj=0.331
time=0.949
obj=0.330
time=0.954
obj=0.329
time=1.196
obj=0.329
c real margin = 0.671
