buffers=24
windows=60
args generated-large/130.txt 12345 1
original_lb=0.239
time=0.190
obj=0.886
time=0.224
obj=0.880
time=0.233
obj=0.878
time=0.239
obj=0.877
time=0.247
obj=0.874
time=0.252
obj=0.873
time=0.260
obj=0.872
time=0.267
obj=0.856
time=0.273
obj=0.853
time=0.278
obj=0.850
time=0.286
obj=0.844
time=0.293
obj=0.838
time=0.299
obj=0.832
time=0.305
obj=0.826
time=0.312
obj=0.822
time=0.320
obj=0.809
time=0.328
obj=0.804
time=0.333
obj=0.799
time=0.341
obj=0.791
time=0.352
obj=0.789
time=0.357
obj=0.787
time=0.362
obj=0.785
time=0.367
obj=0.777
time=0.372
obj=0.776
time=0.380
obj=0.776
time=0.392
obj=0.775
time=0.398
obj=0.770
time=0.407
obj=0.769
time=0.411
obj=0.765
time=0.415
obj=0.761
time=0.420
obj=0.760
time=0.427
obj=0.758
time=0.433
obj=0.754
time=0.441
obj=0.751
time=0.447
obj=0.744
time=0.455
obj=0.741
time=0.460
obj=0.738
time=0.465
obj=0.737
time=0.470
obj=0.736
time=0.479
obj=0.734
time=0.486
obj=0.733
time=0.491
obj=0.733
time=0.501
obj=0.731
time=0.515
obj=0.726
time=0.520
obj=0.726
time=0.529
obj=0.723
time=0.535
obj=0.720
time=0.550
obj=0.719
time=0.556
obj=0.719
time=0.602
obj=0.717
time=0.607
obj=0.717
time=0.622
obj=0.716
time=0.627
obj=0.714
time=0.642
obj=0.714
time=0.647
obj=0.713
time=0.666
obj=0.712
time=0.679
obj=0.710
time=0.684
obj=0.709
time=0.703
obj=0.709
time=0.719
obj=0.708
time=0.736
obj=0.708
time=0.744
obj=0.706
time=0.773
obj=0.706
time=0.778
obj=0.705
time=0.786
obj=0.705
time=0.827
obj=0.704
time=0.831
obj=0.703
time=0.836
obj=0.703
time=0.867
obj=0.703
time=0.899
obj=0.703
time=0.904
obj=0.702
time=0.953
obj=0.701
time=1.098
obj=0.700
time=1.140
obj=0.700
time=1.145
obj=0.699
time=1.153
obj=0.698
time=1.177
obj=0.698
time=1.325
obj=0.697
time=1.362
obj=0.696
time=1.395
obj=0.696
time=1.534
obj=0.694
time=1.853
obj=0.694
time=1.858
obj=0.693
time=1.903
obj=0.693
time=1.908
obj=0.693
time=1.916
obj=0.693
time=1.951
obj=0.690
time=1.955
obj=0.689
time=2.087
obj=0.689
time=2.091
obj=0.688
time=2.096
obj=0.688
time=2.559
obj=0.688
time=2.583
obj=0.688
time=2.855
obj=0.687
time=2.858
obj=0.687
time=2.868
obj=0.686
time=3.206
obj=0.686
time=3.223
obj=0.684
time=3.227
obj=0.681
time=3.240
obj=0.679
time=3.806
obj=0.679
time=3.810
obj=0.677
time=3.814
obj=0.676
time=12.108
obj=0.676
time=12.481
obj=0.676
time=17.371
obj=0.675
time=17.376
obj=0.674
time=17.380
obj=0.672
time=18.524
obj=0.672
time=18.528
obj=0.670
time=24.073
obj=0.670
time=24.077
obj=0.668
time=41.981
obj=0.668
time=41.985
obj=0.667
time=45.272
obj=0.667
time=45.275
obj=0.667
time=45.280
obj=0.666
time=45.297
obj=0.666
time=45.301
obj=0.666
c real margin = 0.334
