buffers=16
windows=20
args generated-large/131.txt 12345 1
original_lb=0.254
time=0.050
obj=0.603
time=0.055
obj=0.599
time=0.058
obj=0.587
time=0.060
obj=0.570
time=0.063
obj=0.567
time=0.066
obj=0.563
time=0.068
obj=0.528
time=0.071
obj=0.524
time=0.073
obj=0.524
time=0.076
obj=0.522
time=0.079
obj=0.505
time=0.081
obj=0.504
time=0.084
obj=0.495
time=0.087
obj=0.490
time=0.090
obj=0.487
time=0.093
obj=0.483
time=0.098
obj=0.477
time=0.100
obj=0.473
time=0.103
obj=0.471
time=0.110
obj=0.467
time=0.113
obj=0.463
time=0.117
obj=0.462
time=0.119
obj=0.460
time=0.122
obj=0.459
time=0.126
obj=0.459
time=0.133
obj=0.458
time=0.135
obj=0.452
time=0.147
obj=0.449
time=0.150
obj=0.449
time=0.159
obj=0.445
time=0.199
obj=0.444
time=0.202
obj=0.444
time=0.234
obj=0.441
time=0.237
obj=0.439
time=0.239
obj=0.439
time=0.243
obj=0.439
time=0.348
obj=0.438
time=0.350
obj=0.437
time=0.354
obj=0.434
time=0.383
obj=0.434
time=0.429
obj=0.433
time=0.432
obj=0.425
time=0.435
obj=0.425
time=0.439
obj=0.421
time=0.442
obj=0.421
time=0.460
obj=0.420
time=0.462
obj=0.414
time=0.465
obj=0.413
time=0.698
obj=0.413
time=5.139
obj=0.412
time=40.859
obj=0.412
c real margin = 0.588
