buffers=24
windows=40
args generated-large/132.txt 12345 1
original_lb=0.228
time=0.282
obj=0.954
time=0.320
obj=0.947
time=0.329
obj=0.946
time=0.345
obj=0.943
time=0.358
obj=0.940
time=0.368
obj=0.938
time=0.382
obj=0.937
time=0.389
obj=0.932
time=0.406
obj=0.928
time=0.412
obj=0.926
time=0.427
obj=0.923
time=0.443
obj=0.921
time=0.449
obj=0.919
time=0.461
obj=0.919
time=0.472
obj=0.916
time=0.478
obj=0.915
time=0.486
obj=0.913
time=0.503
obj=0.907
time=0.511
obj=0.902
time=0.521
obj=0.891
time=0.532
obj=0.890
time=0.547
obj=0.889
time=0.562
obj=0.886
time=0.576
obj=0.882
time=0.590
obj=0.871
time=0.599
obj=0.869
time=0.605
obj=0.868
time=0.616
obj=0.868
time=0.630
obj=0.866
time=0.637
obj=0.858
time=0.647
obj=0.856
time=0.654
obj=0.854
time=0.660
obj=0.851
time=0.682
obj=0.845
time=0.690
obj=0.845
time=0.706
obj=0.845
time=0.731
obj=0.841
time=0.754
obj=0.839
time=0.761
obj=0.839
time=0.775
obj=0.836
time=0.782
obj=0.836
time=0.802
obj=0.834
time=0.813
obj=0.831
time=0.824
obj=0.830
time=0.831
obj=0.829
time=0.852
obj=0.828
time=0.872
obj=0.827
time=0.879
obj=0.827
time=0.906
obj=0.826
time=0.924
obj=0.822
time=0.931
obj=0.822
time=0.954
obj=0.817
time=0.967
obj=0.817
time=0.977
obj=0.817
time=0.994
obj=0.816
time=1.006
obj=0.815
time=1.031
obj=0.815
time=1.058
obj=0.814
time=1.074
obj=0.810
time=1.083
obj=0.808
time=1.104
obj=0.806
time=1.127
obj=0.806
time=1.158
obj=0.805
time=1.181
obj=0.804
time=1.204
obj=0.801
time=1.215
obj=0.799
time=1.234
obj=0.799
time=1.259
obj=0.796
time=1.271
obj=0.796
time=1.280
obj=0.795
time=1.301
obj=0.793
time=1.310
obj=0.790
time=1.340
obj=0.790
time=1.360
obj=0.788
time=1.367
obj=0.786
time=1.375
obj=0.786
time=1.390
obj=0.786
time=1.406
obj=0.786
time=1.436
obj=0.785
time=1.442
obj=0.785
time=1.492
obj=0.785
time=1.509
obj=0.784
time=1.527
obj=0.784
time=1.545
obj=0.782
time=1.571
obj=0.781
time=1.585
obj=0.780
time=1.610
obj=0.780
time=1.635
obj=0.778
time=1.641
obj=0.778
time=1.657
obj=0.777
time=1.662
obj=0.777
time=1.689
obj=0.777
time=1.694
obj=0.776
time=1.710
obj=0.775
time=1.715
obj=0.774
time=1.721
obj=0.773
time=1.754
obj=0.771
time=1.786
obj=0.770
time=1.799
obj=0.770
time=1.811
obj=0.770
time=1.838
obj=0.768
time=1.857
obj=0.767
time=1.862
obj=0.766
time=1.873
obj=0.763
time=1.898
obj=0.762
time=1.934
obj=0.761
time=1.958
obj=0.761
time=1.995
obj=0.759
time=2.029
obj=0.758
time=2.033
obj=0.758
time=2.038
obj=0.757
time=2.074
obj=0.757
time=2.094
obj=0.756
time=2.107
obj=0.754
time=2.111
obj=0.753
time=2.304
obj=0.752
time=2.313
obj=0.751
time=2.353
obj=0.751
time=2.360
obj=0.750
time=2.371
obj=0.748
time=2.395
obj=0.748
time=2.703
obj=0.748
time=2.742
obj=0.747
time=2.754
obj=0.747
time=3.116
obj=0.746
time=3.347
obj=0.745
time=3.350
obj=0.745
time=3.386
obj=0.745
time=3.389
obj=0.742
time=3.408
obj=0.742
time=3.740
obj=0.742
time=4.004
obj=0.741
time=4.101
obj=0.741
time=4.104
obj=0.737
time=4.273
obj=0.737
time=5.452
obj=0.736
time=5.458
obj=0.736
time=5.462
obj=0.735
time=5.465
obj=0.735
time=6.820
obj=0.734
time=6.823
obj=0.734
time=10.290
obj=0.734
time=10.293
obj=0.732
time=12.363
obj=0.732
time=12.367
obj=0.731
time=13.420
obj=0.731
time=13.440
obj=0.731
time=15.978
obj=0.731
time=15.982
obj=0.729
time=24.747
obj=0.729
time=24.751
obj=0.728
time=32.076
obj=0.728
time=45.171
obj=0.728
time=45.449
obj=0.728
time=45.452
obj=0.726
c real margin = 0.274
