buffers=16
windows=40
args generated-large/133.txt 12345 1
original_lb=0.240
time=0.080
obj=0.591
time=0.093
obj=0.479
time=0.097
obj=0.477
time=0.101
obj=0.450
time=0.106
obj=0.440
time=0.109
obj=0.433
time=0.114
obj=0.425
time=0.117
obj=0.421
time=0.121
obj=0.420
time=0.127
obj=0.397
time=0.131
obj=0.397
time=0.135
obj=0.396
time=0.139
obj=0.396
time=0.143
obj=0.394
time=0.147
obj=0.393
time=0.151
obj=0.391
time=0.155
obj=0.390
time=0.159
obj=0.389
time=0.163
obj=0.388
time=0.168
obj=0.387
time=0.173
obj=0.386
time=0.178
obj=0.384
time=0.183
obj=0.384
time=0.188
obj=0.382
time=0.192
obj=0.379
time=0.197
obj=0.379
time=0.201
obj=0.378
time=0.205
obj=0.375
time=0.210
obj=0.375
time=0.215
obj=0.371
time=0.221
obj=0.370
time=0.225
obj=0.365
time=0.238
obj=0.363
time=0.242
obj=0.360
time=0.247
obj=0.359
time=0.260
obj=0.357
time=0.265
obj=0.357
time=0.287
obj=0.357
time=0.310
obj=0.356
time=0.313
obj=0.355
time=0.318
obj=0.354
time=0.334
obj=0.354
time=0.357
obj=0.352
time=0.362
obj=0.351
time=0.378
obj=0.351
time=0.382
obj=0.349
time=0.386
obj=0.345
time=0.390
obj=0.344
time=0.405
obj=0.344
time=0.411
obj=0.344
time=0.428
obj=0.343
time=0.433
obj=0.343
time=0.437
obj=0.340
time=0.443
obj=0.339
time=0.447
obj=0.339
time=0.452
obj=0.336
time=0.457
obj=0.335
time=0.644
obj=0.333
time=0.648
obj=0.332
time=6.363
obj=0.332
c real margin = 0.668
