buffers=8
windows=60
args generated-large/134.txt 12345 1
original_lb=0.160
time=0.013
obj=0.877
time=0.019
obj=0.871
time=0.020
obj=0.862
time=0.020
obj=0.856
time=0.021
obj=0.848
time=0.022
obj=0.842
time=0.023
obj=0.828
time=0.024
obj=0.827
time=0.025
obj=0.820
time=0.026
obj=0.816
time=0.027
obj=0.814
time=0.028
obj=0.799
time=0.028
obj=0.794
time=0.029
obj=0.792
time=0.030
obj=0.791
time=0.031
obj=0.790
time=0.032
obj=0.783
time=0.033
obj=0.782
time=0.034
obj=0.779
time=0.034
obj=0.777
time=0.035
obj=0.777
time=0.036
obj=0.765
time=0.037
obj=0.758
time=0.038
obj=0.753
time=0.039
obj=0.751
time=0.040
obj=0.746
time=0.041
obj=0.746
time=0.042
obj=0.745
time=0.043
obj=0.739
time=0.044
obj=0.736
time=0.046
obj=0.726
time=0.047
obj=0.723
time=0.048
obj=0.720
time=0.049
obj=0.720
time=0.051
obj=0.718
time=0.052
obj=0.717
time=0.053
obj=0.715
time=0.054
obj=0.713
time=0.055
obj=0.712
time=0.055
obj=0.710
time=0.055
obj=0.708
time=0.056
obj=0.708
time=0.058
obj=0.698
time=0.059
obj=0.694
time=0.061
obj=0.692
time=0.061
obj=0.690
time=0.062
obj=0.690
time=0.066
obj=0.689
time=0.067
obj=0.685
time=0.068
obj=0.685
time=0.068
obj=0.685
time=0.071
obj=0.683
time=0.072
obj=0.681
time=0.073
obj=0.681
time=0.075
obj=0.676
time=0.077
obj=0.671
time=0.078
obj=0.660
time=0.081
obj=0.658
time=0.082
obj=0.657
time=0.083
obj=0.652
time=0.084
obj=0.649
time=0.086
obj=0.647
time=0.087
obj=0.647
time=0.089
obj=0.647
time=0.139
obj=0.644
time=0.141
obj=0.643
time=0.143
obj=0.642
time=0.146
obj=0.641
time=0.147
obj=0.640
time=0.297
obj=0.640
time=0.298
obj=0.640
time=0.299
obj=0.639
time=0.300
obj=0.639
time=0.302
obj=0.639
time=0.304
obj=0.637
time=0.307
obj=0.634
time=0.537
obj=0.634
time=0.538
obj=0.631
time=0.774
obj=0.629
time=0.860
obj=0.629
time=1.142
obj=0.628
time=1.565
obj=0.626
time=1.597
obj=0.626
time=2.816
obj=0.626
time=3.110
obj=0.624
time=3.864
obj=0.622
time=4.485
obj=0.621
time=4.485
obj=0.621
time=7.402
obj=0.620
time=7.483
obj=0.619
time=7.659
obj=0.618
time=7.661
obj=0.615
time=21.862
obj=0.614
time=21.863
obj=0.613
time=21.866
obj=0.612
time=21.867
obj=0.612
time=30.810
obj=0.612
time=38.987
obj=0.611
time=41.352
obj=0.610
time=52.796
obj=0.610
time=59.008
obj=0.609
c real margin = 0.391
