buffers=8
windows=80
args generated-large/136.txt 12345 1
original_lb=0.230
time=0.013
obj=1.033
time=0.025
obj=1.031
time=0.039
obj=1.029
time=0.040
obj=1.028
time=0.041
obj=1.028
time=0.042
obj=1.019
time=0.043
obj=1.018
time=0.044
obj=1.015
time=0.045
obj=1.014
time=0.046
obj=1.012
time=0.047
obj=1.009
time=0.126
obj=1.008
time=0.127
obj=0.999
time=0.129
obj=0.996
time=0.130
obj=0.995
time=0.131
obj=0.989
time=0.131
obj=0.986
time=0.132
obj=0.983
time=0.133
obj=0.982
time=0.134
obj=0.982
time=0.174
obj=0.980
time=0.175
obj=0.977
time=0.177
obj=0.976
time=0.287
obj=0.976
time=2.590
obj=0.973
time=2.591
obj=0.967
time=5.768
obj=0.966
time=6.698
obj=0.964
time=6.731
obj=0.963
time=6.731
obj=0.963
time=6.732
obj=0.961
time=6.732
obj=0.961
time=6.733
obj=0.961
time=6.733
obj=0.950
time=6.734
obj=0.947
c real margin = 0.053
