buffers=16
windows=20
args generated-large/137.txt 12345 1
original_lb=0.264
time=0.046
obj=0.506
time=0.052
obj=0.467
time=0.055
obj=0.433
time=0.058
obj=0.429
time=0.060
obj=0.420
time=0.062
obj=0.417
time=0.065
obj=0.415
time=0.068
obj=0.414
time=0.071
obj=0.405
time=0.074
obj=0.404
time=0.076
obj=0.404
time=0.083
obj=0.404
time=0.086
obj=0.395
time=0.091
obj=0.384
time=0.097
obj=0.382
time=0.100
obj=0.377
time=0.105
obj=0.370
time=0.108
obj=0.370
time=0.111
obj=0.366
time=0.114
obj=0.361
time=0.116
obj=0.356
time=0.119
obj=0.350
time=0.121
obj=0.349
time=0.124
obj=0.348
time=0.131
obj=0.347
time=0.138
obj=0.347
time=0.143
obj=0.345
time=0.146
obj=0.343
time=0.151
obj=0.342
time=0.159
obj=0.342
time=0.165
obj=0.342
time=0.167
obj=0.340
time=0.170
obj=0.339
time=0.172
obj=0.335
time=0.176
obj=0.333
time=0.200
obj=0.333
time=0.203
obj=0.330
time=0.205
obj=0.329
time=0.208
obj=0.329
time=0.213
obj=0.328
time=0.215
obj=0.327
time=0.221
obj=0.325
time=0.230
obj=0.325
time=0.233
obj=0.324
time=0.235
obj=0.323
time=0.238
obj=0.322
time=0.242
obj=0.322
time=0.408
obj=0.319
time=0.411
obj=0.316
c real margin = 0.684
