buffers=24
windows=80
args generated-large/14.txt 12345 1
original_lb=0.269
time=0.290
obj=0.861
time=0.337
obj=0.795
time=0.344
obj=0.790
time=0.353
obj=0.783
time=0.361
obj=0.772
time=0.371
obj=0.751
time=0.379
obj=0.745
time=0.388
obj=0.738
time=0.396
obj=0.737
time=0.405
obj=0.733
time=0.413
obj=0.732
time=0.422
obj=0.729
time=0.430
obj=0.727
time=0.439
obj=0.706
time=0.447
obj=0.703
time=0.457
obj=0.691
time=0.465
obj=0.686
time=0.473
obj=0.685
time=0.482
obj=0.679
time=0.490
obj=0.674
time=0.499
obj=0.669
time=0.507
obj=0.668
time=0.517
obj=0.660
time=0.525
obj=0.653
time=0.534
obj=0.653
time=0.543
obj=0.653
time=0.552
obj=0.650
time=0.562
obj=0.647
time=0.572
obj=0.647
time=0.581
obj=0.644
time=0.590
obj=0.640
time=0.601
obj=0.633
time=0.610
obj=0.632
time=0.620
obj=0.629
time=0.628
obj=0.624
time=0.637
obj=0.623
time=0.649
obj=0.621
time=0.658
obj=0.617
time=0.667
obj=0.615
time=0.676
obj=0.614
time=0.685
obj=0.611
time=0.694
obj=0.609
time=0.703
obj=0.607
time=0.713
obj=0.601
time=0.721
obj=0.599
time=0.730
obj=0.596
time=0.740
obj=0.594
time=0.750
obj=0.592
time=0.760
obj=0.590
time=0.771
obj=0.584
time=0.781
obj=0.580
time=0.790
obj=0.574
time=0.799
obj=0.573
time=0.809
obj=0.571
time=0.822
obj=0.570
time=0.831
obj=0.566
time=0.844
obj=0.566
time=0.855
obj=0.565
time=0.863
obj=0.565
time=0.872
obj=0.559
time=0.882
obj=0.559
time=0.892
obj=0.555
time=0.900
obj=0.554
time=0.913
obj=0.553
time=0.922
obj=0.553
time=0.937
obj=0.553
time=0.945
obj=0.552
time=0.955
obj=0.552
time=0.964
obj=0.551
time=0.978
obj=0.550
time=0.986
obj=0.549
time=0.995
obj=0.548
time=1.006
obj=0.547
time=1.020
obj=0.547
time=1.032
obj=0.547
time=1.040
obj=0.547
time=1.049
obj=0.547
time=1.058
obj=0.546
time=1.069
obj=0.546
time=1.077
obj=0.546
time=1.087
obj=0.545
time=1.095
obj=0.545
time=1.105
obj=0.545
time=1.115
obj=0.542
time=1.125
obj=0.540
time=1.134
obj=0.536
time=1.145
obj=0.535
time=1.159
obj=0.534
time=1.169
obj=0.533
time=1.183
obj=0.533
time=1.195
obj=0.532
time=1.204
obj=0.532
time=1.214
obj=0.531
time=1.224
obj=0.531
time=1.240
obj=0.530
time=1.256
obj=0.530
time=1.265
obj=0.529
time=1.273
obj=0.529
time=1.284
obj=0.528
time=1.294
obj=0.521
time=1.304
obj=0.520
time=1.311
obj=0.518
time=1.319
obj=0.518
time=1.331
obj=0.517
time=1.340
obj=0.516
time=1.352
obj=0.514
time=1.363
obj=0.513
time=1.374
obj=0.512
time=1.382
obj=0.512
time=1.397
obj=0.511
time=1.404
obj=0.511
time=1.411
obj=0.509
time=1.418
obj=0.507
time=1.426
obj=0.507
time=1.444
obj=0.506
time=1.458
obj=0.506
time=1.469
obj=0.506
time=1.478
obj=0.506
time=1.486
obj=0.504
time=1.493
obj=0.504
time=1.499
obj=0.504
time=1.509
obj=0.503
time=1.516
obj=0.501
time=1.523
obj=0.501
time=1.530
obj=0.500
time=1.537
obj=0.500
time=1.545
obj=0.497
time=1.551
obj=0.494
time=1.561
obj=0.494
time=1.573
obj=0.493
time=1.582
obj=0.492
time=1.588
obj=0.491
time=1.596
obj=0.491
time=1.603
obj=0.491
time=1.610
obj=0.491
time=1.617
obj=0.490
time=1.623
obj=0.490
time=1.630
obj=0.490
time=1.640
obj=0.489
time=1.646
obj=0.488
time=1.652
obj=0.486
time=1.659
obj=0.485
time=1.664
obj=0.483
time=1.672
obj=0.482
time=1.680
obj=0.482
time=1.697
obj=0.482
time=1.713
obj=0.482
time=1.720
obj=0.479
time=1.734
obj=0.477
time=1.739
obj=0.475
time=1.746
obj=0.474
time=1.751
obj=0.474
time=1.757
obj=0.473
time=1.766
obj=0.473
time=1.774
obj=0.471
time=2.727
obj=0.471
time=2.740
obj=0.470
time=2.747
obj=0.468
time=2.753
obj=0.468
time=2.758
obj=0.466
time=2.763
obj=0.466
time=3.429
obj=0.465
time=7.634
obj=0.465
time=7.639
obj=0.465
time=7.650
obj=0.464
time=7.655
obj=0.464
time=10.396
obj=0.463
time=10.405
obj=0.463
time=10.412
obj=0.462
time=10.424
obj=0.462
time=10.429
obj=0.461
c real margin = 0.539
