buffers=24
windows=80
args generated-large/140.txt 12345 1
original_lb=0.236
time=0.252
obj=0.922
time=0.291
obj=0.887
time=0.298
obj=0.847
time=0.306
obj=0.842
time=0.313
obj=0.841
time=0.321
obj=0.841
time=0.329
obj=0.838
time=0.341
obj=0.834
time=0.350
obj=0.833
time=0.357
obj=0.828
time=0.364
obj=0.813
time=0.372
obj=0.812
time=0.383
obj=0.806
time=0.392
obj=0.806
time=0.399
obj=0.804
time=0.408
obj=0.801
time=0.415
obj=0.800
time=0.423
obj=0.800
time=0.431
obj=0.798
time=0.439
obj=0.794
time=0.447
obj=0.790
time=0.454
obj=0.788
time=0.461
obj=0.785
time=0.469
obj=0.778
time=0.477
obj=0.772
time=0.488
obj=0.763
time=0.495
obj=0.761
time=0.503
obj=0.760
time=0.510
obj=0.757
time=0.518
obj=0.756
time=0.527
obj=0.753
time=0.539
obj=0.752
time=0.546
obj=0.752
time=0.553
obj=0.752
time=0.562
obj=0.752
time=0.570
obj=0.751
time=0.577
obj=0.750
time=0.586
obj=0.750
time=0.595
obj=0.749
time=0.602
obj=0.746
time=0.609
obj=0.744
time=0.617
obj=0.744
time=0.628
obj=0.738
time=0.635
obj=0.733
time=0.642
obj=0.732
time=0.650
obj=0.732
time=0.659
obj=0.732
time=0.668
obj=0.730
time=0.676
obj=0.727
time=0.684
obj=0.726
time=0.691
obj=0.725
time=0.700
obj=0.722
time=0.708
obj=0.721
time=0.715
obj=0.720
time=0.725
obj=0.720
time=0.732
obj=0.717
time=0.739
obj=0.716
time=0.746
obj=0.715
time=0.755
obj=0.715
time=0.763
obj=0.714
time=0.770
obj=0.713
time=0.777
obj=0.712
time=0.785
obj=0.712
time=0.799
obj=0.710
time=0.807
obj=0.708
time=0.814
obj=0.705
time=0.822
obj=0.700
time=0.832
obj=0.700
time=0.841
obj=0.698
time=0.852
obj=0.697
time=0.859
obj=0.697
time=0.870
obj=0.691
time=0.878
obj=0.688
time=0.886
obj=0.688
time=0.895
obj=0.685
time=0.903
obj=0.682
time=0.918
obj=0.681
time=0.933
obj=0.681
time=0.945
obj=0.681
time=0.953
obj=0.681
time=0.961
obj=0.679
time=0.973
obj=0.679
time=0.981
obj=0.676
time=0.990
obj=0.675
time=1.005
obj=0.672
time=1.012
obj=0.670
time=1.020
obj=0.670
time=1.038
obj=0.669
time=1.046
obj=0.666
time=1.054
obj=0.663
time=1.066
obj=0.662
time=1.077
obj=0.660
time=1.085
obj=0.660
time=1.093
obj=0.656
time=1.102
obj=0.655
time=1.113
obj=0.654
time=1.121
obj=0.654
time=1.137
obj=0.653
time=1.147
obj=0.651
time=1.158
obj=0.648
time=1.166
obj=0.648
time=1.176
obj=0.647
time=1.184
obj=0.645
time=1.192
obj=0.641
time=1.200
obj=0.640
time=1.213
obj=0.639
time=1.222
obj=0.639
time=1.230
obj=0.638
time=1.246
obj=0.638
time=1.260
obj=0.637
time=1.273
obj=0.635
time=1.281
obj=0.635
time=1.293
obj=0.633
time=1.305
obj=0.632
time=1.322
obj=0.631
time=1.329
obj=0.631
time=1.342
obj=0.631
time=1.350
obj=0.630
time=1.358
obj=0.629
time=1.365
obj=0.629
time=1.374
obj=0.629
time=1.386
obj=0.629
time=1.393
obj=0.628
time=1.402
obj=0.628
time=1.416
obj=0.626
time=1.425
obj=0.626
time=1.434
obj=0.626
time=1.451
obj=0.626
time=1.460
obj=0.624
time=1.470
obj=0.623
time=1.477
obj=0.623
time=1.490
obj=0.622
time=1.503
obj=0.621
time=1.517
obj=0.620
time=1.529
obj=0.620
time=1.538
obj=0.620
time=1.546
obj=0.619
time=1.560
obj=0.619
time=1.567
obj=0.615
time=1.577
obj=0.615
time=1.586
obj=0.613
time=1.593
obj=0.613
time=1.600
obj=0.612
time=1.611
obj=0.609
time=1.619
obj=0.609
time=1.633
obj=0.609
time=1.640
obj=0.608
time=1.649
obj=0.607
time=1.655
obj=0.606
time=1.667
obj=0.606
time=1.678
obj=0.605
time=1.685
obj=0.605
time=1.691
obj=0.605
time=1.703
obj=0.604
time=1.714
obj=0.604
time=1.720
obj=0.603
time=1.728
obj=0.603
time=1.735
obj=0.603
time=1.749
obj=0.602
time=1.764
obj=0.601
time=1.778
obj=0.601
time=1.785
obj=0.600
time=1.791
obj=0.599
time=1.805
obj=0.598
time=1.815
obj=0.598
time=1.828
obj=0.598
time=1.839
obj=0.596
time=1.852
obj=0.595
time=1.858
obj=0.595
time=1.867
obj=0.595
time=1.873
obj=0.595
time=1.885
obj=0.594
time=1.890
obj=0.594
time=1.899
obj=0.593
time=1.904
obj=0.591
time=1.909
obj=0.590
time=1.914
obj=0.589
time=1.942
obj=0.588
time=1.946
obj=0.588
time=1.950
obj=0.585
time=1.956
obj=0.585
time=1.960
obj=0.584
time=1.966
obj=0.584
time=1.986
obj=0.584
time=1.990
obj=0.584
time=1.995
obj=0.583
time=2.005
obj=0.582
time=2.017
obj=0.579
time=2.022
obj=0.579
time=2.026
obj=0.579
time=2.030
obj=0.577
time=2.037
obj=0.575
time=2.041
obj=0.575
time=2.045
obj=0.574
time=2.050
obj=0.574
time=2.055
obj=0.571
time=2.062
obj=0.571
time=2.068
obj=0.571
time=2.072
obj=0.570
time=2.077
obj=0.568
time=2.091
obj=0.568
time=2.104
obj=0.568
time=2.108
obj=0.567
time=2.116
obj=0.567
time=2.130
obj=0.567
time=2.134
obj=0.567
time=2.144
obj=0.567
time=2.154
obj=0.567
time=2.159
obj=0.566
time=2.332
obj=0.566
time=2.337
obj=0.565
time=2.342
obj=0.565
time=2.348
obj=0.564
time=2.353
obj=0.564
time=2.362
obj=0.564
time=2.368
obj=0.563
time=2.497
obj=0.563
time=2.501
obj=0.563
time=2.509
obj=0.562
time=2.615
obj=0.561
time=2.628
obj=0.561
time=2.655
obj=0.561
time=2.670
obj=0.561
time=2.674
obj=0.561
time=2.962
obj=0.561
time=2.967
obj=0.560
time=4.930
obj=0.559
time=4.934
obj=0.558
time=4.939
obj=0.558
time=4.963
obj=0.558
time=4.975
obj=0.557
time=4.981
obj=0.556
time=4.985
obj=0.556
time=4.998
obj=0.556
time=5.002
obj=0.555
time=5.938
obj=0.555
time=5.942
obj=0.554
time=5.947
obj=0.554
time=5.952
obj=0.554
time=6.278
obj=0.554
time=6.282
obj=0.554
time=7.644
obj=0.554
time=9.231
obj=0.553
time=10.425
obj=0.553
time=10.429
obj=0.552
time=10.434
obj=0.552
time=10.438
obj=0.550
time=10.796
obj=0.550
time=13.703
obj=0.550
time=13.707
obj=0.549
time=13.717
obj=0.548
time=17.029
obj=0.548
time=18.764
obj=0.548
time=18.768
obj=0.548
time=38.821
obj=0.548
time=45.023
obj=0.548
time=45.564
obj=0.548
time=45.570
obj=0.547
time=54.682
obj=0.547
time=54.686
obj=0.547
time=57.433
obj=0.547
time=57.441
obj=0.545
time=57.447
obj=0.545
c real margin = 0.455
