buffers=8
windows=60
args generated-large/144.txt 12345 1
original_lb=0.188
time=0.011
obj=0.726
time=0.015
obj=0.709
time=0.016
obj=0.699
time=0.016
obj=0.694
time=0.017
obj=0.687
time=0.018
obj=0.684
time=0.019
obj=0.683
time=0.020
obj=0.680
time=0.020
obj=0.668
time=0.021
obj=0.663
time=0.022
obj=0.655
time=0.022
obj=0.646
time=0.023
obj=0.643
time=0.024
obj=0.639
time=0.025
obj=0.637
time=0.025
obj=0.636
time=0.026
obj=0.621
time=0.027
obj=0.614
time=0.028
obj=0.613
time=0.029
obj=0.608
time=0.030
obj=0.604
time=0.041
obj=0.600
time=0.043
obj=0.596
time=0.043
obj=0.590
time=0.044
obj=0.589
time=0.057
obj=0.588
time=0.058
obj=0.585
time=0.072
obj=0.584
time=0.073
obj=0.583
time=0.074
obj=0.581
time=0.075
obj=0.579
time=0.076
obj=0.578
time=0.077
obj=0.578
time=0.078
obj=0.575
time=0.197
obj=0.573
time=0.197
obj=0.573
time=0.198
obj=0.569
time=0.199
obj=0.563
time=0.276
obj=0.562
time=0.277
obj=0.560
c real margin = 0.440
