buffers=16
windows=80
args generated-large/146.txt 12345 1
original_lb=0.247
time=0.048
obj=1.006
time=0.062
obj=1.003
time=0.065
obj=1.002
time=0.068
obj=0.999
time=0.071
obj=0.998
time=0.072
obj=0.995
time=0.076
obj=0.995
time=0.080
obj=0.994
time=0.083
obj=0.990
time=0.085
obj=0.988
time=0.088
obj=0.986
time=0.089
obj=0.986
time=0.094
obj=0.985
time=0.096
obj=0.985
time=0.100
obj=0.983
time=0.103
obj=0.982
time=0.106
obj=0.978
time=0.109
obj=0.977
time=0.111
obj=0.976
time=0.114
obj=0.976
time=0.117
obj=0.974
time=0.119
obj=0.973
time=0.122
obj=0.971
time=0.126
obj=0.967
time=0.129
obj=0.963
time=0.132
obj=0.960
time=0.137
obj=0.960
time=0.139
obj=0.958
time=0.142
obj=0.957
time=0.146
obj=0.956
time=0.150
obj=0.955
time=0.154
obj=0.954
time=0.158
obj=0.951
time=0.162
obj=0.950
time=0.166
obj=0.948
time=0.170
obj=0.948
time=0.172
obj=0.948
time=0.175
obj=0.947
time=0.179
obj=0.947
time=0.183
obj=0.946
time=0.190
obj=0.946
time=0.193
obj=0.939
time=0.195
obj=0.938
time=0.198
obj=0.938
time=0.203
obj=0.935
time=0.208
obj=0.935
time=0.215
obj=0.935
time=0.217
obj=0.934
time=0.222
obj=0.932
time=0.225
obj=0.930
time=0.232
obj=0.930
time=0.234
obj=0.928
time=0.237
obj=0.928
time=0.240
obj=0.927
time=0.247
obj=0.924
time=0.256
obj=0.923
time=0.258
obj=0.922
time=0.260
obj=0.921
time=0.262
obj=0.921
time=0.265
obj=0.920
time=0.278
obj=0.919
time=0.281
obj=0.919
time=0.285
obj=0.919
time=0.287
obj=0.919
time=0.291
obj=0.918
time=0.294
obj=0.918
time=0.297
obj=0.916
time=0.300
obj=0.915
time=0.328
obj=0.915
time=0.332
obj=0.914
time=0.343
obj=0.913
time=0.345
obj=0.913
time=0.370
obj=0.912
time=0.414
obj=0.912
time=0.423
obj=0.912
time=0.429
obj=0.911
time=0.483
obj=0.910
time=0.499
obj=0.910
time=0.504
obj=0.909
time=0.512
obj=0.908
time=0.517
obj=0.906
time=0.519
obj=0.905
time=0.581
obj=0.905
time=0.582
obj=0.904
time=0.598
obj=0.904
time=0.746
obj=0.903
time=0.857
obj=0.902
time=0.859
obj=0.901
time=0.865
obj=0.901
time=0.892
obj=0.900
time=0.899
obj=0.900
time=0.901
obj=0.900
time=0.904
obj=0.898
time=0.906
obj=0.898
time=1.001
obj=0.898
time=1.005
obj=0.897
time=1.008
obj=0.897
time=1.011
obj=0.896
time=1.014
obj=0.896
time=1.149
obj=0.895
time=1.152
obj=0.894
time=1.576
obj=0.893
time=1.578
obj=0.893
time=1.580
obj=0.893
time=1.624
obj=0.890
time=1.989
obj=0.890
time=2.028
obj=0.890
time=2.030
obj=0.885
time=4.098
obj=0.883
time=4.099
obj=0.882
time=5.561
obj=0.882
time=5.563
obj=0.882
time=5.565
obj=0.879
time=10.282
obj=0.879
time=10.284
obj=0.877
time=12.249
obj=0.877
time=13.539
obj=0.877
time=18.255
obj=0.877
time=19.044
obj=0.876
time=25.975
obj=0.876
time=26.014
obj=0.875
time=28.462
obj=0.875
time=29.806
obj=0.875
time=32.415
obj=0.875
time=32.842
obj=0.875
time=38.964
obj=0.874
time=50.083
obj=0.874
time=50.086
obj=0.873
time=50.088
obj=0.872
time=50.092
obj=0.871
c real margin = 0.129
