buffers=16
windows=80
args generated-large/148.txt 12345 1
original_lb=0.247
time=0.056
obj=0.816
time=0.071
obj=0.800
time=0.073
obj=0.795
time=0.076
obj=0.781
time=0.078
obj=0.767
time=0.081
obj=0.760
time=0.083
obj=0.760
time=0.086
obj=0.754
time=0.089
obj=0.749
time=0.091
obj=0.746
time=0.094
obj=0.737
time=0.096
obj=0.736
time=0.099
obj=0.732
time=0.101
obj=0.722
time=0.104
obj=0.717
time=0.107
obj=0.716
time=0.110
obj=0.716
time=0.112
obj=0.714
time=0.115
obj=0.708
time=0.117
obj=0.706
time=0.120
obj=0.705
time=0.122
obj=0.702
time=0.125
obj=0.698
time=0.127
obj=0.694
time=0.130
obj=0.692
time=0.132
obj=0.688
time=0.135
obj=0.687
time=0.137
obj=0.674
time=0.140
obj=0.670
time=0.143
obj=0.668
time=0.146
obj=0.660
time=0.149
obj=0.659
time=0.152
obj=0.656
time=0.155
obj=0.653
time=0.158
obj=0.651
time=0.160
obj=0.651
time=0.163
obj=0.651
time=0.165
obj=0.649
time=0.168
obj=0.647
time=0.170
obj=0.646
time=0.174
obj=0.645
time=0.177
obj=0.644
time=0.180
obj=0.642
time=0.182
obj=0.642
time=0.185
obj=0.639
time=0.187
obj=0.638
time=0.191
obj=0.637
time=0.194
obj=0.636
time=0.196
obj=0.635
time=0.199
obj=0.634
time=0.202
obj=0.634
time=0.205
obj=0.634
time=0.208
obj=0.633
time=0.211
obj=0.632
time=0.214
obj=0.630
time=0.216
obj=0.629
time=0.219
obj=0.629
time=0.221
obj=0.629
time=0.224
obj=0.627
time=0.227
obj=0.627
time=0.230
obj=0.626
time=0.234
obj=0.626
time=0.236
obj=0.626
time=0.239
obj=0.624
time=0.241
obj=0.624
time=0.245
obj=0.622
time=0.248
obj=0.621
time=0.251
obj=0.620
time=0.254
obj=0.619
time=0.257
obj=0.617
time=0.260
obj=0.614
time=0.262
obj=0.614
time=0.265
obj=0.611
time=0.268
obj=0.611
time=0.271
obj=0.610
time=0.273
obj=0.608
time=0.276
obj=0.606
time=0.280
obj=0.605
time=0.282
obj=0.601
time=0.285
obj=0.601
time=0.288
obj=0.598
time=0.291
obj=0.596
time=0.293
obj=0.595
time=0.297
obj=0.593
time=0.300
obj=0.592
time=0.305
obj=0.592
time=0.307
obj=0.591
time=0.313
obj=0.591
time=0.316
obj=0.591
time=0.320
obj=0.590
time=0.323
obj=0.590
time=0.326
obj=0.587
time=0.330
obj=0.586
time=0.333
obj=0.586
time=0.338
obj=0.585
time=0.341
obj=0.585
time=0.347
obj=0.584
time=0.353
obj=0.582
time=0.356
obj=0.579
time=0.359
obj=0.579
time=0.361
obj=0.579
time=0.365
obj=0.578
time=0.368
obj=0.578
time=0.372
obj=0.574
time=0.376
obj=0.573
time=0.379
obj=0.573
time=0.384
obj=0.571
time=0.386
obj=0.569
time=0.389
obj=0.564
time=0.399
obj=0.562
time=0.401
obj=0.561
time=0.405
obj=0.560
time=0.410
obj=0.560
time=0.413
obj=0.560
time=0.417
obj=0.560
time=0.421
obj=0.559
time=0.425
obj=0.558
time=0.433
obj=0.558
time=0.436
obj=0.557
time=0.438
obj=0.557
time=0.441
obj=0.557
time=0.449
obj=0.557
time=0.452
obj=0.556
time=0.456
obj=0.556
time=0.458
obj=0.555
time=0.467
obj=0.555
time=0.477
obj=0.554
time=0.480
obj=0.553
time=0.482
obj=0.553
time=0.486
obj=0.552
time=0.494
obj=0.551
time=0.497
obj=0.550
time=0.499
obj=0.550
time=0.503
obj=0.550
time=0.513
obj=0.549
time=0.517
obj=0.548
time=0.521
obj=0.548
time=0.524
obj=0.547
time=0.527
obj=0.545
time=0.530
obj=0.545
time=0.543
obj=0.544
time=0.546
obj=0.544
time=0.549
obj=0.542
time=0.553
obj=0.542
time=0.556
obj=0.540
time=0.562
obj=0.540
time=0.565
obj=0.540
time=0.568
obj=0.539
time=0.572
obj=0.539
time=0.575
obj=0.538
time=0.578
obj=0.537
time=0.580
obj=0.536
time=0.583
obj=0.536
time=0.586
obj=0.536
time=0.589
obj=0.534
time=0.592
obj=0.534
time=0.595
obj=0.534
time=0.597
obj=0.533
time=0.601
obj=0.533
time=0.616
obj=0.533
time=0.619
obj=0.532
time=0.641
obj=0.532
time=0.663
obj=0.532
time=0.665
obj=0.531
time=0.667
obj=0.531
time=0.670
obj=0.531
time=0.673
obj=0.531
time=0.676
obj=0.530
time=0.678
obj=0.529
time=0.803
obj=0.529
time=0.805
obj=0.528
time=0.810
obj=0.527
time=0.815
obj=0.527
time=0.821
obj=0.526
time=0.825
obj=0.525
time=0.833
obj=0.524
time=0.846
obj=0.524
time=0.849
obj=0.524
time=0.856
obj=0.524
time=0.858
obj=0.524
time=0.867
obj=0.524
time=0.875
obj=0.524
time=0.884
obj=0.523
time=0.887
obj=0.522
time=0.890
obj=0.522
time=1.337
obj=0.521
time=1.341
obj=0.521
time=1.345
obj=0.520
time=1.354
obj=0.520
time=1.358
obj=0.520
time=1.360
obj=0.519
time=1.363
obj=0.518
time=1.367
obj=0.518
time=1.370
obj=0.517
time=1.381
obj=0.517
time=1.384
obj=0.517
time=1.392
obj=0.516
time=1.395
obj=0.515
time=1.401
obj=0.513
time=1.409
obj=0.513
time=1.803
obj=0.513
time=1.806
obj=0.512
time=2.427
obj=0.511
time=2.430
obj=0.511
time=2.433
obj=0.510
time=2.443
obj=0.510
time=2.445
obj=0.509
time=7.911
obj=0.509
time=7.924
obj=0.508
time=7.931
obj=0.508
time=9.440
obj=0.508
time=11.407
obj=0.507
time=16.776
obj=0.507
time=16.779
obj=0.506
time=16.783
obj=0.506
time=24.333
obj=0.506
time=24.335
obj=0.505
time=38.575
obj=0.505
time=43.653
obj=0.504
time=43.655
obj=0.502
c real margin = 0.498
