buffers=8
windows=80
args generated-large/149.txt 12345 1
original_lb=0.213
time=0.008
obj=0.948
time=0.013
obj=0.756
time=0.013
obj=0.746
time=0.014
obj=0.740
time=0.014
obj=0.721
time=0.015
obj=0.700
time=0.016
obj=0.699
time=0.016
obj=0.691
time=0.017
obj=0.684
time=0.018
obj=0.684
time=0.018
obj=0.683
time=0.019
obj=0.680
time=0.020
obj=0.680
time=0.021
obj=0.678
time=0.021
obj=0.678
time=0.022
obj=0.677
time=0.023
obj=0.674
time=0.024
obj=0.672
time=0.024
obj=0.670
time=0.025
obj=0.669
time=0.026
obj=0.668
time=0.027
obj=0.659
time=0.028
obj=0.659
time=0.028
obj=0.657
time=0.029
obj=0.657
time=0.030
obj=0.653
time=0.031
obj=0.653
time=0.031
obj=0.648
time=0.032
obj=0.648
time=0.033
obj=0.641
time=0.034
obj=0.640
time=0.034
obj=0.630
time=0.035
obj=0.626
time=0.037
obj=0.625
time=0.038
obj=0.624
time=0.039
obj=0.624
time=0.040
obj=0.623
time=0.040
obj=0.621
time=0.041
obj=0.616
time=0.042
obj=0.611
time=0.043
obj=0.610
time=0.044
obj=0.604
time=0.044
obj=0.600
time=0.045
obj=0.597
time=0.046
obj=0.595
time=0.047
obj=0.593
time=0.047
obj=0.592
time=0.048
obj=0.591
time=0.049
obj=0.586
time=0.049
obj=0.586
time=0.050
obj=0.586
time=0.052
obj=0.585
time=0.053
obj=0.581
time=0.054
obj=0.581
time=0.055
obj=0.576
time=0.056
obj=0.574
time=0.058
obj=0.574
time=0.059
obj=0.574
time=0.062
obj=0.573
time=0.063
obj=0.572
time=0.064
obj=0.570
time=0.065
obj=0.567
time=0.068
obj=0.567
time=0.069
obj=0.563
time=0.070
obj=0.559
time=0.071
obj=0.559
time=0.072
obj=0.558
time=0.073
obj=0.558
time=0.074
obj=0.558
time=0.075
obj=0.556
time=0.076
obj=0.556
time=0.077
obj=0.554
time=0.078
obj=0.554
time=0.079
obj=0.552
time=0.089
obj=0.552
time=0.090
obj=0.552
time=0.091
obj=0.550
time=0.092
obj=0.550
time=0.092
obj=0.549
time=0.179
obj=0.548
time=0.193
obj=0.548
time=0.193
obj=0.547
time=0.194
obj=0.546
time=0.288
obj=0.545
time=0.289
obj=0.544
time=0.290
obj=0.542
time=0.790
obj=0.541
time=0.790
obj=0.540
time=1.421
obj=0.540
time=1.423
obj=0.539
time=1.424
obj=0.537
time=2.719
obj=0.536
time=2.720
obj=0.536
time=3.405
obj=0.536
time=3.614
obj=0.533
time=3.615
obj=0.533
time=12.693
obj=0.533
time=12.694
obj=0.531
time=28.864
obj=0.527
c real margin = 0.473
