buffers=16
windows=60
args generated-large/150.txt 12345 1
original_lb=0.189
time=0.075
obj=0.812
time=0.090
obj=0.788
time=0.094
obj=0.739
time=0.098
obj=0.735
time=0.102
obj=0.720
time=0.105
obj=0.668
time=0.109
obj=0.665
time=0.112
obj=0.665
time=0.116
obj=0.658
time=0.121
obj=0.653
time=0.125
obj=0.644
time=0.129
obj=0.642
time=0.133
obj=0.641
time=0.138
obj=0.636
time=0.142
obj=0.635
time=0.146
obj=0.632
time=0.151
obj=0.631
time=0.154
obj=0.631
time=0.159
obj=0.630
time=0.163
obj=0.626
time=0.168
obj=0.617
time=0.172
obj=0.603
time=0.177
obj=0.600
time=0.181
obj=0.598
time=0.185
obj=0.597
time=0.190
obj=0.589
time=0.193
obj=0.586
time=0.197
obj=0.585
time=0.200
obj=0.584
time=0.205
obj=0.582
time=0.209
obj=0.579
time=0.213
obj=0.574
time=0.217
obj=0.573
time=0.221
obj=0.572
time=0.227
obj=0.568
time=0.230
obj=0.568
time=0.237
obj=0.567
time=0.242
obj=0.566
time=0.249
obj=0.565
time=0.253
obj=0.565
time=0.258
obj=0.564
time=0.263
obj=0.562
time=0.269
obj=0.562
time=0.272
obj=0.558
time=0.277
obj=0.557
time=0.284
obj=0.557
time=0.290
obj=0.553
time=0.293
obj=0.553
time=0.297
obj=0.549
time=0.301
obj=0.549
time=0.309
obj=0.548
time=0.312
obj=0.545
time=0.316
obj=0.540
time=0.323
obj=0.538
time=0.328
obj=0.538
time=0.332
obj=0.536
time=0.338
obj=0.535
time=0.342
obj=0.534
time=0.357
obj=0.534
time=0.360
obj=0.532
time=0.365
obj=0.526
time=0.369
obj=0.526
time=0.375
obj=0.525
time=0.383
obj=0.525
time=0.387
obj=0.524
time=0.393
obj=0.522
time=0.405
obj=0.519
time=0.408
obj=0.518
time=0.418
obj=0.518
time=0.421
obj=0.518
time=0.427
obj=0.517
time=0.543
obj=0.517
time=0.546
obj=0.517
time=0.552
obj=0.516
time=1.348
obj=0.515
time=2.703
obj=0.515
time=2.706
obj=0.513
time=2.709
obj=0.513
time=2.810
obj=0.513
time=2.812
obj=0.510
time=2.815
obj=0.504
time=2.819
obj=0.503
time=2.821
obj=0.502
time=3.056
obj=0.500
c real margin = 0.500
