buffers=24
windows=40
args generated-large/151.txt 12345 1
original_lb=0.249
time=0.244
obj=0.684
time=0.269
obj=0.663
time=0.279
obj=0.663
time=0.286
obj=0.660
time=0.294
obj=0.658
time=0.302
obj=0.657
time=0.309
obj=0.649
time=0.316
obj=0.646
time=0.324
obj=0.640
time=0.332
obj=0.639
time=0.340
obj=0.632
time=0.347
obj=0.630
time=0.355
obj=0.601
time=0.364
obj=0.593
time=0.373
obj=0.592
time=0.380
obj=0.590
time=0.388
obj=0.578
time=0.397
obj=0.569
time=0.407
obj=0.562
time=0.416
obj=0.559
time=0.424
obj=0.540
time=0.432
obj=0.539
time=0.441
obj=0.536
time=0.452
obj=0.535
time=0.462
obj=0.533
time=0.473
obj=0.526
time=0.481
obj=0.507
time=0.488
obj=0.505
time=0.498
obj=0.504
time=0.508
obj=0.499
time=0.516
obj=0.499
time=0.523
obj=0.496
time=0.533
obj=0.492
time=0.540
obj=0.491
time=0.549
obj=0.486
time=0.558
obj=0.486
time=0.569
obj=0.484
time=0.577
obj=0.474
time=0.587
obj=0.473
time=0.595
obj=0.472
time=0.603
obj=0.468
time=0.610
obj=0.468
time=0.622
obj=0.466
time=0.630
obj=0.465
time=0.644
obj=0.461
time=0.656
obj=0.456
time=0.663
obj=0.452
time=0.673
obj=0.450
time=0.684
obj=0.449
time=0.696
obj=0.449
time=0.705
obj=0.447
time=0.715
obj=0.445
time=0.724
obj=0.442
time=0.740
obj=0.440
time=0.748
obj=0.437
time=0.758
obj=0.437
time=0.769
obj=0.436
time=0.782
obj=0.436
time=0.792
obj=0.434
time=0.806
obj=0.432
time=0.815
obj=0.432
time=0.830
obj=0.430
time=0.843
obj=0.429
time=0.873
obj=0.428
time=0.884
obj=0.428
time=0.905
obj=0.426
time=0.922
obj=0.425
time=0.931
obj=0.422
time=0.948
obj=0.421
time=0.962
obj=0.421
time=0.971
obj=0.420
time=0.988
obj=0.420
time=0.998
obj=0.419
time=1.009
obj=0.418
time=1.021
obj=0.417
time=1.049
obj=0.416
time=1.061
obj=0.416
time=1.084
obj=0.416
time=1.095
obj=0.414
time=1.107
obj=0.413
time=1.130
obj=0.412
time=1.152
obj=0.411
time=1.297
obj=0.410
time=1.303
obj=0.410
time=1.326
obj=0.409
time=1.335
obj=0.407
time=1.345
obj=0.404
time=1.352
obj=0.403
time=1.366
obj=0.403
time=1.374
obj=0.402
time=1.380
obj=0.401
time=1.400
obj=0.400
time=1.408
obj=0.399
time=1.726
obj=0.399
time=1.837
obj=0.399
time=1.841
obj=0.397
time=1.846
obj=0.396
time=1.856
obj=0.396
time=1.872
obj=0.395
time=1.877
obj=0.394
time=1.985
obj=0.393
time=1.997
obj=0.393
time=2.156
obj=0.390
time=2.163
obj=0.390
time=2.168
obj=0.389
time=3.423
obj=0.389
time=3.428
obj=0.389
time=20.857
obj=0.388
time=20.861
obj=0.388
c real margin = 0.612
