buffers=16
windows=80
args generated-large/152.txt 12345 1
original_lb=0.267
time=0.065
obj=0.971
time=0.079
obj=0.970
time=0.086
obj=0.970
time=0.092
obj=0.970
time=0.096
obj=0.970
time=0.099
obj=0.961
time=0.102
obj=0.959
time=0.105
obj=0.954
time=0.108
obj=0.953
time=0.111
obj=0.933
time=0.114
obj=0.932
time=0.116
obj=0.931
time=0.120
obj=0.931
time=0.122
obj=0.929
time=0.126
obj=0.921
time=0.130
obj=0.921
time=0.132
obj=0.919
time=0.135
obj=0.915
time=0.138
obj=0.909
time=0.141
obj=0.908
time=0.144
obj=0.907
time=0.148
obj=0.902
time=0.151
obj=0.901
time=0.154
obj=0.900
time=0.157
obj=0.897
time=0.160
obj=0.896
time=0.163
obj=0.890
time=0.166
obj=0.890
time=0.170
obj=0.889
time=0.173
obj=0.887
time=0.177
obj=0.887
time=0.180
obj=0.883
time=0.183
obj=0.880
time=0.185
obj=0.874
time=0.188
obj=0.869
time=0.192
obj=0.866
time=0.197
obj=0.865
time=0.199
obj=0.864
time=0.202
obj=0.863
time=0.205
obj=0.860
time=0.208
obj=0.857
time=0.211
obj=0.856
time=0.214
obj=0.855
time=0.218
obj=0.851
time=0.222
obj=0.850
time=0.225
obj=0.849
time=0.229
obj=0.848
time=0.232
obj=0.847
time=0.235
obj=0.845
time=0.239
obj=0.844
time=0.243
obj=0.841
time=0.247
obj=0.839
time=0.251
obj=0.839
time=0.253
obj=0.839
time=0.257
obj=0.836
time=0.260
obj=0.835
time=0.263
obj=0.834
time=0.267
obj=0.834
time=0.271
obj=0.834
time=0.275
obj=0.831
time=0.279
obj=0.830
time=0.282
obj=0.830
time=0.287
obj=0.829
time=0.290
obj=0.828
time=0.294
obj=0.826
time=0.296
obj=0.822
time=0.299
obj=0.820
time=0.303
obj=0.815
time=0.306
obj=0.815
time=0.311
obj=0.813
time=0.314
obj=0.813
time=0.317
obj=0.812
time=0.320
obj=0.806
time=0.325
obj=0.805
time=0.330
obj=0.803
time=0.333
obj=0.802
time=0.339
obj=0.800
time=0.343
obj=0.796
time=0.350
obj=0.790
time=0.353
obj=0.790
time=0.355
obj=0.789
time=0.358
obj=0.787
time=0.362
obj=0.781
time=0.365
obj=0.781
time=0.374
obj=0.781
time=0.377
obj=0.781
time=0.383
obj=0.780
time=0.386
obj=0.775
time=0.388
obj=0.774
time=0.391
obj=0.763
time=0.394
obj=0.761
time=0.397
obj=0.759
time=0.410
obj=0.756
time=0.412
obj=0.754
time=0.416
obj=0.752
time=0.419
obj=0.752
time=0.525
obj=0.752
time=0.528
obj=0.747
time=0.530
obj=0.747
time=0.914
obj=0.747
time=0.918
obj=0.746
time=0.922
obj=0.746
time=0.925
obj=0.744
time=0.981
obj=0.744
time=0.985
obj=0.743
time=0.989
obj=0.743
time=1.077
obj=0.742
time=1.080
obj=0.742
time=1.224
obj=0.742
time=1.226
obj=0.739
time=1.842
obj=0.738
time=1.843
obj=0.737
time=1.845
obj=0.736
time=1.846
obj=0.735
time=1.848
obj=0.735
time=1.850
obj=0.735
time=1.852
obj=0.735
time=1.854
obj=0.734
time=2.546
obj=0.734
time=3.351
obj=0.734
time=3.353
obj=0.732
time=3.354
obj=0.732
time=3.356
obj=0.732
time=3.358
obj=0.731
time=3.360
obj=0.730
time=3.362
obj=0.730
time=5.226
obj=0.729
time=5.228
obj=0.729
time=12.496
obj=0.728
time=12.496
obj=0.726
time=12.496
obj=0.725
time=13.225
obj=0.725
time=13.637
obj=0.723
c real margin = 0.277
