buffers=16
windows=40
args generated-large/153.txt 12345 1
original_lb=0.247
time=0.063
obj=1.026
time=0.076
obj=1.024
time=0.081
obj=1.019
time=0.084
obj=1.016
time=0.088
obj=1.012
time=0.094
obj=1.011
time=0.098
obj=1.008
time=0.104
obj=1.007
time=0.111
obj=1.007
time=0.114
obj=1.007
time=0.120
obj=1.005
time=0.128
obj=0.997
time=0.134
obj=0.991
time=0.141
obj=0.991
time=0.146
obj=0.991
time=0.149
obj=0.985
time=0.154
obj=0.984
time=0.159
obj=0.982
time=0.165
obj=0.980
time=0.170
obj=0.976
time=0.178
obj=0.974
time=0.181
obj=0.973
time=0.185
obj=0.970
time=0.189
obj=0.968
time=0.193
obj=0.961
time=0.199
obj=0.961
time=0.204
obj=0.960
time=0.208
obj=0.960
time=0.211
obj=0.959
time=0.214
obj=0.957
time=0.219
obj=0.950
time=0.221
obj=0.949
time=0.225
obj=0.945
time=0.227
obj=0.944
time=0.231
obj=0.941
time=0.237
obj=0.935
time=0.240
obj=0.934
time=0.244
obj=0.930
time=0.251
obj=0.928
time=0.258
obj=0.925
time=0.263
obj=0.925
time=0.268
obj=0.925
time=0.273
obj=0.922
time=0.280
obj=0.921
time=0.285
obj=0.921
time=0.293
obj=0.920
time=0.301
obj=0.919
time=0.306
obj=0.918
time=0.309
obj=0.918
time=0.317
obj=0.917
time=0.322
obj=0.916
time=0.325
obj=0.916
time=0.329
obj=0.915
time=0.333
obj=0.913
time=0.337
obj=0.912
time=0.342
obj=0.912
time=0.350
obj=0.908
time=0.353
obj=0.905
time=0.357
obj=0.902
time=0.360
obj=0.900
time=0.365
obj=0.897
time=0.370
obj=0.893
time=0.379
obj=0.892
time=0.384
obj=0.890
time=0.386
obj=0.882
time=0.390
obj=0.880
time=0.398
obj=0.880
time=0.401
obj=0.877
time=0.405
obj=0.875
time=0.411
obj=0.873
time=0.421
obj=0.871
time=0.425
obj=0.868
time=0.438
obj=0.866
time=0.448
obj=0.864
time=0.451
obj=0.861
time=0.460
obj=0.859
time=0.464
obj=0.859
time=0.479
obj=0.858
time=0.484
obj=0.858
time=0.487
obj=0.858
time=0.492
obj=0.858
time=0.507
obj=0.857
time=0.513
obj=0.852
time=0.522
obj=0.851
time=0.531
obj=0.848
time=0.548
obj=0.846
time=0.551
obj=0.846
time=0.562
obj=0.845
time=0.564
obj=0.844
time=0.573
obj=0.843
time=0.578
obj=0.843
time=0.585
obj=0.842
time=0.598
obj=0.841
time=0.602
obj=0.840
time=0.606
obj=0.839
time=0.617
obj=0.838
time=0.621
obj=0.838
time=0.635
obj=0.838
time=0.637
obj=0.837
time=0.640
obj=0.837
time=0.658
obj=0.836
time=0.666
obj=0.834
time=0.674
obj=0.832
time=0.681
obj=0.831
time=0.686
obj=0.831
time=0.695
obj=0.831
time=0.713
obj=0.828
time=0.715
obj=0.825
time=0.725
obj=0.824
time=0.728
obj=0.823
time=0.732
obj=0.821
time=0.747
obj=0.819
time=0.751
obj=0.816
time=0.755
obj=0.814
time=0.760
obj=0.814
time=0.791
obj=0.813
time=0.826
obj=0.811
time=0.833
obj=0.811
time=0.835
obj=0.811
time=0.856
obj=0.811
time=0.862
obj=0.811
time=0.869
obj=0.810
time=0.886
obj=0.810
time=0.888
obj=0.809
time=0.921
obj=0.808
time=0.924
obj=0.808
time=0.961
obj=0.808
time=0.963
obj=0.806
time=0.968
obj=0.805
time=0.974
obj=0.803
time=0.976
obj=0.802
time=1.032
obj=0.801
time=1.034
obj=0.800
time=1.041
obj=0.799
time=1.222
obj=0.799
time=1.224
obj=0.798
time=1.607
obj=0.797
time=1.610
obj=0.797
time=1.615
obj=0.796
time=1.628
obj=0.795
time=1.630
obj=0.794
time=1.639
obj=0.794
time=1.660
obj=0.793
time=1.661
obj=0.792
time=1.664
obj=0.792
time=1.722
obj=0.791
time=1.723
obj=0.791
time=1.941
obj=0.790
time=1.943
obj=0.790
time=1.948
obj=0.789
time=1.950
obj=0.788
time=1.956
obj=0.786
time=1.965
obj=0.786
time=2.084
obj=0.785
time=2.088
obj=0.785
time=2.677
obj=0.785
time=2.678
obj=0.784
time=2.683
obj=0.783
time=2.684
obj=0.783
time=2.688
obj=0.782
time=3.444
obj=0.781
time=3.448
obj=0.781
time=3.651
obj=0.781
time=4.160
obj=0.781
time=4.162
obj=0.780
time=13.246
obj=0.778
time=13.251
obj=0.777
time=13.253
obj=0.777
c real margin = 0.223
