buffers=8
windows=80
args generated-large/155.txt 12345 1
original_lb=0.244
time=0.015
obj=0.945
time=0.022
obj=0.940
time=0.023
obj=0.935
time=0.024
obj=0.935
time=0.025
obj=0.932
time=0.026
obj=0.928
time=0.154
obj=0.927
time=0.155
obj=0.925
time=0.156
obj=0.919
time=0.157
obj=0.917
time=0.158
obj=0.911
time=0.159
obj=0.898
time=0.160
obj=0.886
time=0.161
obj=0.886
time=0.163
obj=0.877
time=0.164
obj=0.877
time=0.165
obj=0.863
time=0.166
obj=0.846
time=0.167
obj=0.844
time=0.169
obj=0.838
time=0.170
obj=0.827
time=0.171
obj=0.817
time=0.172
obj=0.817
time=0.173
obj=0.810
time=0.175
obj=0.776
time=0.175
obj=0.774
time=0.177
obj=0.769
time=0.178
obj=0.766
time=0.179
obj=0.764
time=0.180
obj=0.760
time=0.182
obj=0.757
time=0.183
obj=0.753
time=0.184
obj=0.752
time=0.186
obj=0.747
time=0.187
obj=0.741
time=0.188
obj=0.733
time=0.189
obj=0.732
time=0.190
obj=0.723
time=0.221
obj=0.720
time=0.222
obj=0.718
time=0.224
obj=0.716
time=0.332
obj=0.716
time=0.333
obj=0.716
time=0.352
obj=0.715
time=0.353
obj=0.715
time=0.370
obj=0.714
time=0.487
obj=0.712
time=0.488
obj=0.712
time=0.489
obj=0.712
time=0.490
obj=0.710
time=0.671
obj=0.710
time=0.889
obj=0.709
time=0.890
obj=0.707
time=1.014
obj=0.706
time=1.015
obj=0.706
time=1.016
obj=0.705
time=1.596
obj=0.704
time=1.597
obj=0.703
time=1.598
obj=0.702
time=6.778
obj=0.701
time=6.779
obj=0.696
time=9.366
obj=0.695
time=9.936
obj=0.694
time=9.936
obj=0.692
c real margin = 0.308
