buffers=8
windows=40
args generated-large/157.txt 12345 1
original_lb=0.236
time=0.011
obj=0.927
time=0.015
obj=0.899
time=0.016
obj=0.893
time=0.017
obj=0.891
time=0.017
obj=0.883
time=0.018
obj=0.876
time=0.019
obj=0.869
time=0.019
obj=0.862
time=0.020
obj=0.849
time=0.021
obj=0.846
time=0.022
obj=0.842
time=0.022
obj=0.835
time=0.023
obj=0.833
time=0.024
obj=0.822
time=0.024
obj=0.822
time=0.025
obj=0.817
time=0.026
obj=0.814
time=0.027
obj=0.811
time=0.027
obj=0.791
time=0.028
obj=0.790
time=0.029
obj=0.783
time=0.030
obj=0.779
time=0.030
obj=0.766
time=0.031
obj=0.766
time=0.035
obj=0.757
time=0.035
obj=0.757
time=0.036
obj=0.756
time=0.037
obj=0.756
time=0.038
obj=0.752
time=0.039
obj=0.736
time=0.039
obj=0.731
time=0.041
obj=0.722
time=0.057
obj=0.716
time=0.106
obj=0.711
time=0.106
obj=0.710
time=0.156
obj=0.708
time=0.156
obj=0.701
time=1.669
obj=0.700
time=1.726
obj=0.700
time=1.727
obj=0.698
time=1.943
obj=0.698
time=1.944
obj=0.696
time=1.944
obj=0.691
time=1.992
obj=0.690
time=1.993
obj=0.686
time=1.993
obj=0.671
c real margin = 0.329
