buffers=16
windows=80
args generated-large/159.txt 12345 1
original_lb=0.210
time=0.081
obj=0.944
time=0.104
obj=0.943
time=0.107
obj=0.938
time=0.111
obj=0.938
time=0.116
obj=0.937
time=0.121
obj=0.933
time=0.124
obj=0.931
time=0.129
obj=0.930
time=0.133
obj=0.917
time=0.138
obj=0.908
time=0.143
obj=0.895
time=0.147
obj=0.889
time=0.153
obj=0.886
time=0.157
obj=0.880
time=0.163
obj=0.879
time=0.168
obj=0.876
time=0.173
obj=0.874
time=0.177
obj=0.868
time=0.181
obj=0.860
time=0.186
obj=0.860
time=0.190
obj=0.859
time=0.195
obj=0.850
time=0.199
obj=0.848
time=0.203
obj=0.844
time=0.208
obj=0.843
time=0.213
obj=0.843
time=0.217
obj=0.842
time=0.221
obj=0.841
time=0.225
obj=0.840
time=0.229
obj=0.839
time=0.234
obj=0.837
time=0.239
obj=0.836
time=0.245
obj=0.830
time=0.250
obj=0.827
time=0.256
obj=0.823
time=0.260
obj=0.818
time=0.264
obj=0.817
time=0.268
obj=0.816
time=0.275
obj=0.813
time=0.279
obj=0.810
time=0.285
obj=0.809
time=0.289
obj=0.809
time=0.295
obj=0.808
time=0.300
obj=0.807
time=0.306
obj=0.806
time=0.312
obj=0.806
time=0.319
obj=0.805
time=0.325
obj=0.802
time=0.331
obj=0.799
time=0.337
obj=0.796
time=0.343
obj=0.791
time=0.350
obj=0.790
time=0.356
obj=0.790
time=0.361
obj=0.786
time=0.366
obj=0.779
time=0.372
obj=0.778
time=0.377
obj=0.778
time=0.381
obj=0.776
time=0.388
obj=0.776
time=0.393
obj=0.774
time=0.398
obj=0.772
time=0.403
obj=0.769
time=0.413
obj=0.768
time=0.419
obj=0.767
time=0.425
obj=0.767
time=0.430
obj=0.764
time=0.435
obj=0.760
time=0.442
obj=0.759
time=0.450
obj=0.756
time=0.455
obj=0.755
time=0.460
obj=0.752
time=0.469
obj=0.749
time=0.475
obj=0.749
time=0.479
obj=0.748
time=0.489
obj=0.744
time=0.492
obj=0.743
time=0.497
obj=0.742
time=0.503
obj=0.741
time=0.509
obj=0.740
time=0.514
obj=0.739
time=0.523
obj=0.738
time=0.532
obj=0.738
time=0.540
obj=0.736
time=0.544
obj=0.735
time=0.548
obj=0.732
time=0.554
obj=0.730
time=0.559
obj=0.730
time=0.570
obj=0.729
time=0.580
obj=0.728
time=0.589
obj=0.728
time=0.599
obj=0.727
time=0.603
obj=0.726
time=0.612
obj=0.725
time=0.616
obj=0.723
time=0.620
obj=0.720
time=0.625
obj=0.717
time=0.629
obj=0.716
time=0.654
obj=0.715
time=0.660
obj=0.714
time=0.669
obj=0.713
time=0.686
obj=0.711
time=0.754
obj=0.711
time=0.865
obj=0.710
time=0.870
obj=0.708
time=0.985
obj=0.708
time=0.989
obj=0.706
time=1.157
obj=0.706
time=1.160
obj=0.706
time=1.164
obj=0.706
time=1.192
obj=0.706
time=1.195
obj=0.705
time=1.252
obj=0.705
time=1.261
obj=0.704
time=1.268
obj=0.701
time=1.271
obj=0.699
time=1.275
obj=0.696
time=1.279
obj=0.693
time=1.285
obj=0.693
time=1.296
obj=0.692
time=1.299
obj=0.691
time=4.749
obj=0.690
time=4.751
obj=0.690
time=6.837
obj=0.690
time=6.839
obj=0.689
time=10.852
obj=0.689
time=10.854
obj=0.688
time=16.535
obj=0.688
time=16.537
obj=0.687
time=19.727
obj=0.687
time=19.729
obj=0.686
time=30.112
obj=0.685
time=30.114
obj=0.682
time=30.116
obj=0.682
time=30.118
obj=0.681
time=30.120
obj=0.680
time=30.122
obj=0.679
time=30.125
obj=0.679
time=47.959
obj=0.678
time=47.961
obj=0.677
time=47.963
obj=0.677
c real margin = 0.323
