buffers=8
windows=40
args generated-large/161.txt 12345 1
original_lb=0.253
time=0.013
obj=0.899
time=0.017
obj=0.896
time=0.018
obj=0.892
time=0.019
obj=0.884
time=0.020
obj=0.880
time=0.021
obj=0.860
time=0.021
obj=0.851
time=0.022
obj=0.830
time=0.023
obj=0.829
time=0.024
obj=0.828
time=0.025
obj=0.814
time=0.026
obj=0.810
time=0.027
obj=0.809
time=0.029
obj=0.803
time=0.030
obj=0.803
time=0.031
obj=0.799
time=0.033
obj=0.797
time=0.034
obj=0.793
time=0.034
obj=0.793
time=0.036
obj=0.787
time=0.037
obj=0.785
time=0.038
obj=0.785
time=0.039
obj=0.785
time=0.039
obj=0.784
time=0.040
obj=0.784
time=0.041
obj=0.781
time=0.043
obj=0.781
time=0.044
obj=0.771
time=0.045
obj=0.771
time=0.047
obj=0.767
time=0.048
obj=0.765
time=0.050
obj=0.763
time=0.051
obj=0.760
time=0.052
obj=0.751
time=0.053
obj=0.749
time=0.054
obj=0.720
time=0.056
obj=0.716
time=0.056
obj=0.716
time=0.058
obj=0.714
time=0.059
obj=0.713
time=0.061
obj=0.708
time=0.063
obj=0.708
time=0.065
obj=0.705
time=0.067
obj=0.701
time=0.067
obj=0.700
time=0.070
obj=0.700
time=0.071
obj=0.697
time=0.074
obj=0.697
time=0.077
obj=0.692
time=0.081
obj=0.692
time=0.107
obj=0.692
time=0.108
obj=0.685
time=0.127
obj=0.679
time=0.128
obj=0.678
time=0.171
obj=0.676
time=0.173
obj=0.675
time=0.181
obj=0.673
time=0.182
obj=0.671
time=0.263
obj=0.671
time=0.263
obj=0.665
time=0.287
obj=0.663
time=0.288
obj=0.661
time=1.216
obj=0.660
time=1.216
obj=0.658
time=1.523
obj=0.657
time=6.678
obj=0.657
time=10.508
obj=0.655
time=10.508
obj=0.654
time=10.509
obj=0.653
time=16.669
obj=0.652
time=21.163
obj=0.650
time=21.164
obj=0.650
time=21.165
obj=0.649
time=51.549
obj=0.648
c real margin = 0.352
