buffers=16
windows=40
args generated-large/162.txt 12345 1
original_lb=0.235
time=0.055
obj=0.772
time=0.066
obj=0.721
time=0.069
obj=0.719
time=0.072
obj=0.716
time=0.074
obj=0.712
time=0.076
obj=0.709
time=0.079
obj=0.709
time=0.082
obj=0.691
time=0.084
obj=0.668
time=0.087
obj=0.661
time=0.090
obj=0.652
time=0.093
obj=0.648
time=0.096
obj=0.647
time=0.098
obj=0.622
time=0.101
obj=0.619
time=0.103
obj=0.616
time=0.105
obj=0.610
time=0.108
obj=0.610
time=0.111
obj=0.597
time=0.113
obj=0.596
time=0.117
obj=0.596
time=0.119
obj=0.593
time=0.124
obj=0.592
time=0.128
obj=0.589
time=0.130
obj=0.589
time=0.132
obj=0.587
time=0.140
obj=0.582
time=0.142
obj=0.580
time=0.145
obj=0.578
time=0.149
obj=0.575
time=0.151
obj=0.575
time=0.154
obj=0.574
time=0.157
obj=0.574
time=0.161
obj=0.573
time=0.166
obj=0.573
time=0.173
obj=0.572
time=0.176
obj=0.571
time=0.179
obj=0.571
time=0.183
obj=0.568
time=0.186
obj=0.566
time=0.189
obj=0.564
time=0.192
obj=0.563
time=0.196
obj=0.561
time=0.198
obj=0.561
time=0.204
obj=0.561
time=0.212
obj=0.560
time=0.216
obj=0.559
time=0.220
obj=0.558
time=0.223
obj=0.557
time=0.226
obj=0.555
time=0.230
obj=0.554
time=0.233
obj=0.552
time=0.239
obj=0.551
time=0.241
obj=0.549
time=0.255
obj=0.549
time=0.257
obj=0.549
time=0.261
obj=0.547
time=0.264
obj=0.545
time=0.269
obj=0.545
time=0.273
obj=0.544
time=0.276
obj=0.542
time=0.279
obj=0.540
time=0.286
obj=0.537
time=0.288
obj=0.536
time=0.381
obj=0.535
time=0.385
obj=0.534
time=0.395
obj=0.534
time=0.437
obj=0.534
time=0.439
obj=0.533
time=0.475
obj=0.532
time=0.477
obj=0.529
time=0.650
obj=0.528
time=0.721
obj=0.528
time=0.724
obj=0.524
time=2.764
obj=0.523
time=2.767
obj=0.522
time=2.769
obj=0.522
time=2.771
obj=0.521
time=3.713
obj=0.520
time=6.506
obj=0.519
time=6.508
obj=0.517
time=6.511
obj=0.516
time=7.786
obj=0.516
time=7.788
obj=0.515
time=7.790
obj=0.515
time=20.760
obj=0.515
time=20.764
obj=0.511
time=20.766
obj=0.510
time=22.226
obj=0.510
time=22.229
obj=0.507
time=22.231
obj=0.506
time=22.234
obj=0.505
time=22.236
obj=0.505
time=22.240
obj=0.502
time=22.242
obj=0.501
time=22.245
obj=0.498
time=22.248
obj=0.498
c real margin = 0.502
