buffers=16
windows=40
args generated-large/164.txt 12345 1
original_lb=0.241
time=0.049
obj=1.021
time=0.055
obj=1.013
time=0.060
obj=1.007
time=0.061
obj=1.006
time=0.066
obj=1.002
time=0.069
obj=1.001
time=0.071
obj=0.996
time=0.073
obj=0.995
time=0.078
obj=0.993
time=0.082
obj=0.991
time=0.086
obj=0.988
time=0.087
obj=0.988
time=0.091
obj=0.987
time=0.093
obj=0.987
time=0.095
obj=0.985
time=0.101
obj=0.985
time=0.103
obj=0.983
time=0.106
obj=0.979
time=0.108
obj=0.974
time=0.113
obj=0.966
time=0.117
obj=0.965
time=0.121
obj=0.965
time=0.125
obj=0.964
time=0.130
obj=0.957
time=0.132
obj=0.957
time=0.138
obj=0.955
time=0.141
obj=0.954
time=0.145
obj=0.954
time=0.149
obj=0.953
time=0.153
obj=0.951
time=0.159
obj=0.950
time=0.162
obj=0.949
time=0.165
obj=0.948
time=0.171
obj=0.945
time=0.177
obj=0.945
time=0.179
obj=0.944
time=0.181
obj=0.941
time=0.192
obj=0.940
time=0.195
obj=0.940
time=0.202
obj=0.938
time=0.204
obj=0.936
time=0.206
obj=0.926
time=0.210
obj=0.923
time=0.222
obj=0.923
time=0.224
obj=0.920
time=0.226
obj=0.920
time=0.238
obj=0.920
time=0.246
obj=0.919
time=0.260
obj=0.919
time=0.265
obj=0.916
time=0.277
obj=0.914
time=0.278
obj=0.912
time=0.281
obj=0.911
time=0.287
obj=0.909
time=0.293
obj=0.904
time=0.304
obj=0.904
time=0.317
obj=0.903
time=0.319
obj=0.903
time=0.333
obj=0.901
time=0.348
obj=0.901
time=0.369
obj=0.901
time=0.374
obj=0.898
time=0.386
obj=0.898
time=0.388
obj=0.897
time=0.396
obj=0.896
time=0.604
obj=0.896
time=0.624
obj=0.896
time=0.749
obj=0.892
time=1.002
obj=0.892
time=1.015
obj=0.891
time=1.016
obj=0.890
time=1.158
obj=0.887
time=1.514
obj=0.886
time=1.515
obj=0.885
time=1.760
obj=0.884
time=2.741
obj=0.884
time=3.256
obj=0.882
time=3.708
obj=0.882
time=3.775
obj=0.881
time=4.352
obj=0.881
time=5.401
obj=0.880
time=5.841
obj=0.879
time=5.852
obj=0.877
time=5.913
obj=0.876
time=5.914
obj=0.876
time=5.917
obj=0.876
time=6.829
obj=0.874
time=8.107
obj=0.873
time=8.109
obj=0.871
time=9.932
obj=0.869
time=25.812
obj=0.868
time=34.391
obj=0.867
time=34.392
obj=0.866
time=48.921
obj=0.865
c real margin = 0.135
