buffers=8
windows=40
args generated-large/165.txt 12345 1
original_lb=0.220
time=0.006
obj=1.171
time=0.007
obj=1.040
time=0.008
obj=1.032
time=0.008
obj=1.025
time=0.009
obj=1.021
time=0.010
obj=1.017
time=0.011
obj=1.012
time=0.012
obj=1.005
time=0.013
obj=1.000
time=0.014
obj=0.996
time=0.015
obj=0.992
time=0.016
obj=0.988
time=0.017
obj=0.984
time=0.018
obj=0.979
time=0.018
obj=0.970
time=0.019
obj=0.970
time=0.020
obj=0.966
time=0.021
obj=0.960
time=0.022
obj=0.957
time=0.023
obj=0.954
time=0.024
obj=0.952
time=0.024
obj=0.949
time=0.025
obj=0.946
time=0.026
obj=0.940
time=0.027
obj=0.938
time=0.028
obj=0.938
time=0.029
obj=0.935
time=0.030
obj=0.934
time=0.031
obj=0.934
time=0.032
obj=0.933
time=0.033
obj=0.932
time=0.034
obj=0.921
time=0.034
obj=0.920
time=0.036
obj=0.920
time=0.037
obj=0.917
time=0.038
obj=0.915
time=0.039
obj=0.915
time=0.040
obj=0.911
time=0.041
obj=0.911
time=0.042
obj=0.907
time=0.042
obj=0.906
time=0.044
obj=0.905
time=0.045
obj=0.904
time=0.047
obj=0.900
time=0.049
obj=0.900
time=0.051
obj=0.897
time=0.051
obj=0.896
time=0.052
obj=0.894
time=0.054
obj=0.891
time=0.056
obj=0.889
time=0.057
obj=0.887
time=0.058
obj=0.884
time=0.060
obj=0.883
time=0.063
obj=0.883
time=0.063
obj=0.880
time=0.065
obj=0.879
time=0.066
obj=0.878
time=0.066
obj=0.874
time=0.069
obj=0.874
time=0.071
obj=0.871
time=0.072
obj=0.866
time=0.073
obj=0.866
time=0.074
obj=0.866
time=0.076
obj=0.865
time=0.078
obj=0.865
time=0.080
obj=0.864
time=0.081
obj=0.852
time=0.124
obj=0.851
time=0.124
obj=0.849
time=0.139
obj=0.843
time=0.234
obj=0.841
time=0.235
obj=0.839
time=0.682
obj=0.839
time=0.706
obj=0.839
time=0.706
obj=0.838
time=0.886
obj=0.837
time=0.960
obj=0.836
time=1.528
obj=0.836
time=2.048
obj=0.835
time=2.639
obj=0.833
time=2.961
obj=0.826
time=6.184
obj=0.825
time=6.185
obj=0.825
time=43.082
obj=0.825
time=43.083
obj=0.824
time=54.890
obj=0.824
time=54.891
obj=0.824
c real margin = 0.176
