buffers=16
windows=40
args generated-large/167.txt 12345 1
original_lb=0.229
time=0.049
obj=0.839
time=0.059
obj=0.811
time=0.061
obj=0.795
time=0.062
obj=0.793
time=0.064
obj=0.789
time=0.066
obj=0.777
time=0.069
obj=0.769
time=0.071
obj=0.763
time=0.072
obj=0.757
time=0.074
obj=0.739
time=0.077
obj=0.734
time=0.079
obj=0.731
time=0.080
obj=0.728
time=0.082
obj=0.721
time=0.085
obj=0.718
time=0.087
obj=0.714
time=0.090
obj=0.713
time=0.092
obj=0.713
time=0.095
obj=0.711
time=0.098
obj=0.710
time=0.100
obj=0.709
time=0.105
obj=0.702
time=0.110
obj=0.701
time=0.117
obj=0.694
time=0.120
obj=0.690
time=0.123
obj=0.689
time=0.125
obj=0.689
time=0.128
obj=0.686
time=0.130
obj=0.684
time=0.133
obj=0.683
time=0.139
obj=0.681
time=0.141
obj=0.678
time=0.144
obj=0.678
time=0.146
obj=0.675
time=0.148
obj=0.673
time=0.150
obj=0.666
time=0.152
obj=0.664
time=0.155
obj=0.659
time=0.168
obj=0.658
time=0.170
obj=0.657
time=0.181
obj=0.656
time=0.184
obj=0.655
time=0.186
obj=0.654
time=0.191
obj=0.653
time=0.195
obj=0.652
time=0.197
obj=0.644
time=0.204
obj=0.644
time=0.215
obj=0.644
time=0.218
obj=0.642
time=0.229
obj=0.639
time=0.231
obj=0.634
time=0.234
obj=0.633
time=0.252
obj=0.632
time=0.254
obj=0.630
time=0.264
obj=0.628
time=0.416
obj=0.628
time=0.418
obj=0.628
time=0.429
obj=0.622
time=2.091
obj=0.619
time=2.091
obj=0.618
time=2.604
obj=0.616
time=4.609
obj=0.616
time=4.611
obj=0.616
time=6.370
obj=0.614
time=6.371
obj=0.611
time=6.373
obj=0.609
time=6.376
obj=0.608
time=6.378
obj=0.608
time=12.338
obj=0.605
time=12.340
obj=0.605
time=49.216
obj=0.603
time=49.218
obj=0.601
c real margin = 0.399
