buffers=8
windows=40
args generated-large/168.txt 12345 1
original_lb=0.263
time=0.014
obj=0.872
time=0.018
obj=0.832
time=0.019
obj=0.829
time=0.020
obj=0.823
time=0.021
obj=0.820
time=0.022
obj=0.819
time=0.022
obj=0.815
time=0.023
obj=0.787
time=0.024
obj=0.777
time=0.025
obj=0.776
time=0.026
obj=0.770
time=0.027
obj=0.770
time=0.028
obj=0.769
time=0.029
obj=0.746
time=0.030
obj=0.736
time=0.031
obj=0.731
time=0.032
obj=0.730
time=0.033
obj=0.724
time=0.034
obj=0.717
time=0.035
obj=0.716
time=0.036
obj=0.709
time=0.038
obj=0.703
time=0.039
obj=0.695
time=0.040
obj=0.676
time=0.041
obj=0.669
time=0.045
obj=0.667
time=0.046
obj=0.665
time=0.048
obj=0.664
time=0.048
obj=0.664
time=0.049
obj=0.663
time=0.078
obj=0.660
time=0.079
obj=0.660
time=0.080
obj=0.660
time=0.081
obj=0.659
time=0.082
obj=0.653
time=0.085
obj=0.652
time=0.086
obj=0.651
time=0.087
obj=0.645
time=0.088
obj=0.642
time=0.090
obj=0.640
time=0.091
obj=0.638
time=0.092
obj=0.633
time=0.094
obj=0.633
time=0.097
obj=0.631
time=0.098
obj=0.627
time=0.099
obj=0.625
time=0.897
obj=0.624
time=0.900
obj=0.623
time=1.467
obj=0.621
time=1.468
obj=0.620
time=1.469
obj=0.620
time=1.473
obj=0.619
time=1.474
obj=0.619
c real margin = 0.381
