buffers=24
windows=60
args generated-large/169.txt 12345 1
original_lb=0.256
time=0.232
obj=0.987
time=0.269
obj=0.933
time=0.275
obj=0.857
time=0.281
obj=0.852
time=0.288
obj=0.834
time=0.294
obj=0.832
time=0.301
obj=0.824
time=0.307
obj=0.816
time=0.313
obj=0.792
time=0.321
obj=0.788
time=0.327
obj=0.786
time=0.339
obj=0.786
time=0.346
obj=0.768
time=0.352
obj=0.766
time=0.359
obj=0.766
time=0.369
obj=0.764
time=0.379
obj=0.760
time=0.386
obj=0.759
time=0.393
obj=0.757
time=0.401
obj=0.750
time=0.408
obj=0.745
time=0.415
obj=0.736
time=0.422
obj=0.730
time=0.433
obj=0.728
time=0.440
obj=0.715
time=0.449
obj=0.710
time=0.457
obj=0.705
time=0.465
obj=0.694
time=0.473
obj=0.692
time=0.482
obj=0.689
time=0.491
obj=0.684
time=0.503
obj=0.684
time=0.509
obj=0.683
time=0.516
obj=0.681
time=0.522
obj=0.680
time=0.529
obj=0.677
time=0.542
obj=0.675
time=0.555
obj=0.674
time=0.565
obj=0.673
time=0.572
obj=0.671
time=0.579
obj=0.668
time=0.591
obj=0.668
time=0.599
obj=0.664
time=0.607
obj=0.662
time=0.616
obj=0.660
time=0.623
obj=0.656
time=0.633
obj=0.651
time=0.647
obj=0.649
time=0.655
obj=0.649
time=0.662
obj=0.641
time=0.669
obj=0.639
time=0.677
obj=0.638
time=0.689
obj=0.638
time=0.697
obj=0.637
time=0.712
obj=0.637
time=0.725
obj=0.632
time=0.735
obj=0.632
time=0.741
obj=0.631
time=0.748
obj=0.630
time=0.757
obj=0.630
time=0.767
obj=0.627
time=0.776
obj=0.627
time=0.790
obj=0.625
time=0.799
obj=0.622
time=0.805
obj=0.622
time=0.813
obj=0.621
time=0.820
obj=0.621
time=0.831
obj=0.615
time=0.844
obj=0.614
time=0.851
obj=0.613
time=0.859
obj=0.612
time=0.872
obj=0.612
time=0.883
obj=0.612
time=0.890
obj=0.612
time=0.898
obj=0.610
time=0.912
obj=0.609
time=0.921
obj=0.609
time=0.932
obj=0.609
time=0.944
obj=0.608
time=0.954
obj=0.608
time=0.969
obj=0.607
time=0.976
obj=0.606
time=0.983
obj=0.606
time=0.994
obj=0.605
time=1.004
obj=0.604
time=1.010
obj=0.604
time=1.030
obj=0.604
time=1.041
obj=0.604
time=1.053
obj=0.603
time=1.062
obj=0.602
time=1.071
obj=0.601
time=1.078
obj=0.599
time=1.097
obj=0.599
time=1.115
obj=0.598
time=1.127
obj=0.598
time=1.138
obj=0.597
time=1.155
obj=0.597
time=1.165
obj=0.595
time=1.182
obj=0.593
time=1.194
obj=0.593
time=1.206
obj=0.593
time=1.221
obj=0.593
time=1.235
obj=0.592
time=1.253
obj=0.590
time=1.260
obj=0.588
time=1.270
obj=0.587
time=1.279
obj=0.587
time=1.286
obj=0.586
time=1.300
obj=0.585
time=1.320
obj=0.582
time=1.334
obj=0.582
time=1.351
obj=0.581
time=1.362
obj=0.580
time=1.374
obj=0.579
time=1.381
obj=0.577
time=1.394
obj=0.576
time=1.409
obj=0.576
time=1.417
obj=0.576
time=1.429
obj=0.575
time=1.435
obj=0.574
time=1.473
obj=0.574
time=1.478
obj=0.574
time=1.494
obj=0.574
time=1.516
obj=0.572
time=1.522
obj=0.572
time=1.547
obj=0.571
time=1.553
obj=0.568
time=1.588
obj=0.568
time=1.595
obj=0.567
time=1.601
obj=0.566
time=1.622
obj=0.565
time=1.627
obj=0.565
time=1.648
obj=0.565
time=1.673
obj=0.564
time=1.678
obj=0.561
time=1.688
obj=0.560
time=1.706
obj=0.559
time=1.712
obj=0.558
time=1.753
obj=0.558
time=1.758
obj=0.556
time=1.772
obj=0.555
time=1.804
obj=0.554
time=1.814
obj=0.554
time=1.835
obj=0.554
time=1.840
obj=0.551
time=1.967
obj=0.551
time=1.971
obj=0.550
time=1.974
obj=0.548
time=1.987
obj=0.547
time=2.016
obj=0.545
time=2.028
obj=0.544
time=2.174
obj=0.544
time=2.179
obj=0.543
time=2.205
obj=0.543
time=2.314
obj=0.542
time=2.318
obj=0.541
time=2.443
obj=0.541
time=2.446
obj=0.540
time=2.470
obj=0.539
time=2.497
obj=0.538
time=2.505
obj=0.537
time=3.299
obj=0.537
time=4.326
obj=0.537
time=6.162
obj=0.536
time=6.165
obj=0.536
time=7.435
obj=0.535
time=7.439
obj=0.534
time=7.842
obj=0.532
time=9.606
obj=0.531
time=10.926
obj=0.531
time=14.693
obj=0.531
time=14.696
obj=0.530
time=16.072
obj=0.530
time=16.076
obj=0.528
time=16.225
obj=0.527
time=16.228
obj=0.525
time=22.130
obj=0.525
time=22.840
obj=0.524
time=22.843
obj=0.523
c real margin = 0.477
