buffers=16
windows=40
args generated-large/171.txt 12345 1
original_lb=0.210
time=0.068
obj=0.876
time=0.084
obj=0.868
time=0.089
obj=0.865
time=0.092
obj=0.857
time=0.096
obj=0.856
time=0.101
obj=0.849
time=0.104
obj=0.844
time=0.107
obj=0.842
time=0.111
obj=0.832
time=0.115
obj=0.832
time=0.119
obj=0.818
time=0.122
obj=0.811
time=0.126
obj=0.809
time=0.129
obj=0.805
time=0.134
obj=0.796
time=0.138
obj=0.772
time=0.143
obj=0.768
time=0.149
obj=0.768
time=0.154
obj=0.767
time=0.159
obj=0.763
time=0.165
obj=0.763
time=0.168
obj=0.761
time=0.173
obj=0.759
time=0.175
obj=0.759
time=0.178
obj=0.759
time=0.183
obj=0.758
time=0.186
obj=0.756
time=0.189
obj=0.746
time=0.192
obj=0.743
time=0.195
obj=0.743
time=0.201
obj=0.737
time=0.206
obj=0.735
time=0.214
obj=0.732
time=0.219
obj=0.724
time=0.222
obj=0.717
time=0.225
obj=0.713
time=0.228
obj=0.713
time=0.238
obj=0.712
time=0.241
obj=0.709
time=0.244
obj=0.705
time=0.265
obj=0.704
time=0.283
obj=0.704
time=0.297
obj=0.702
time=0.328
obj=0.702
time=0.331
obj=0.696
time=0.542
obj=0.695
time=0.545
obj=0.693
time=0.547
obj=0.689
time=0.550
obj=0.689
time=0.554
obj=0.688
time=0.557
obj=0.685
time=0.663
obj=0.684
time=0.665
obj=0.683
time=2.221
obj=0.683
time=2.223
obj=0.681
time=2.639
obj=0.680
time=2.641
obj=0.678
time=5.031
obj=0.677
time=5.670
obj=0.677
time=5.672
obj=0.674
time=17.207
obj=0.673
time=17.209
obj=0.672
time=30.668
obj=0.671
time=30.669
obj=0.671
c real margin = 0.329
