buffers=8
windows=40
args generated-large/174.txt 12345 1
original_lb=0.235
time=0.012
obj=0.928
time=0.016
obj=0.926
time=0.017
obj=0.921
time=0.018
obj=0.913
time=0.018
obj=0.885
time=0.019
obj=0.865
time=0.020
obj=0.855
time=0.021
obj=0.849
time=0.021
obj=0.838
time=0.022
obj=0.838
time=0.023
obj=0.837
time=0.023
obj=0.830
time=0.024
obj=0.810
time=0.025
obj=0.809
time=0.026
obj=0.806
time=0.026
obj=0.791
time=0.027
obj=0.774
time=0.028
obj=0.771
time=0.029
obj=0.771
time=0.030
obj=0.771
time=0.031
obj=0.766
time=0.032
obj=0.766
time=0.033
obj=0.764
time=0.033
obj=0.758
time=0.034
obj=0.740
time=0.035
obj=0.739
time=0.036
obj=0.723
time=0.037
obj=0.715
time=0.038
obj=0.713
time=0.039
obj=0.712
time=0.040
obj=0.710
time=0.040
obj=0.707
time=0.042
obj=0.702
time=0.042
obj=0.697
time=0.043
obj=0.695
time=0.044
obj=0.694
time=0.045
obj=0.692
time=0.048
obj=0.688
time=0.049
obj=0.679
time=0.053
obj=0.677
time=0.054
obj=0.674
time=0.055
obj=0.672
time=0.150
obj=0.671
time=0.151
obj=0.669
time=0.151
obj=0.669
time=0.152
obj=0.668
time=0.227
obj=0.664
time=0.228
obj=0.662
time=0.229
obj=0.660
time=0.264
obj=0.658
time=0.266
obj=0.654
time=0.396
obj=0.654
time=0.400
obj=0.653
time=0.400
obj=0.650
time=0.835
obj=0.645
time=0.836
obj=0.644
time=0.837
obj=0.643
time=0.838
obj=0.642
time=1.914
obj=0.642
time=1.915
obj=0.638
time=2.170
obj=0.636
time=2.171
obj=0.636
time=17.007
obj=0.632
time=17.258
obj=0.627
c real margin = 0.373
