buffers=8
windows=60
args generated-large/175.txt 12345 1
original_lb=0.211
time=0.013
obj=2.949
time=0.028
obj=2.917
time=0.029
obj=1.728
time=0.030
obj=1.567
time=0.031
obj=1.469
time=0.032
obj=1.161
time=0.033
obj=1.153
time=0.034
obj=1.151
time=0.035
obj=1.145
time=0.036
obj=1.138
time=0.037
obj=1.123
time=0.038
obj=1.112
time=0.040
obj=1.095
time=0.041
obj=1.053
time=0.041
obj=1.036
time=0.042
obj=1.036
time=0.044
obj=1.027
time=0.045
obj=1.000
time=0.046
obj=0.998
time=0.047
obj=0.996
time=0.048
obj=0.975
time=0.050
obj=0.959
time=0.051
obj=0.956
time=0.052
obj=0.954
time=0.053
obj=0.950
time=0.054
obj=0.946
time=0.055
obj=0.942
time=0.056
obj=0.936
time=0.059
obj=0.934
time=0.060
obj=0.927
time=0.089
obj=0.925
time=0.090
obj=0.908
time=0.121
obj=0.908
time=0.122
obj=0.893
time=0.123
obj=0.881
time=0.124
obj=0.869
time=5.820
obj=0.869
time=5.821
obj=0.865
time=6.135
obj=0.862
time=18.746
obj=0.859
c real margin = 0.141
