buffers=24
windows=20
args generated-large/180.txt 12345 1
original_lb=0.297
time=0.197
obj=0.561
time=0.213
obj=0.553
time=0.221
obj=0.487
time=0.227
obj=0.471
time=0.234
obj=0.468
time=0.244
obj=0.455
time=0.252
obj=0.445
time=0.261
obj=0.436
time=0.268
obj=0.404
time=0.276
obj=0.388
time=0.284
obj=0.370
time=0.292
obj=0.369
time=0.300
obj=0.356
time=0.308
obj=0.354
time=0.318
obj=0.351
time=0.327
obj=0.349
time=0.335
obj=0.348
time=0.343
obj=0.347
time=0.350
obj=0.346
time=0.365
obj=0.346
time=0.373
obj=0.344
time=0.400
obj=0.343
time=0.408
obj=0.343
time=0.417
obj=0.343
time=0.446
obj=0.342
time=0.455
obj=0.341
time=0.484
obj=0.341
time=0.499
obj=0.340
time=0.531
obj=0.337
time=0.537
obj=0.337
time=0.624
obj=0.336
time=0.630
obj=0.334
time=0.638
obj=0.334
time=0.679
obj=0.333
time=0.744
obj=0.332
time=0.755
obj=0.332
time=0.763
obj=0.331
time=0.848
obj=0.329
time=0.866
obj=0.329
time=1.010
obj=0.329
time=1.113
obj=0.327
time=1.119
obj=0.324
time=1.198
obj=0.322
time=1.206
obj=0.321
time=1.513
obj=0.321
time=1.521
obj=0.320
time=1.583
obj=0.320
time=1.589
obj=0.319
time=2.416
obj=0.319
time=2.442
obj=0.317
time=3.029
obj=0.316
time=3.099
obj=0.315
time=5.836
obj=0.314
time=5.844
obj=0.314
time=8.301
obj=0.313
time=11.510
obj=0.312
c real margin = 0.688
