buffers=24
windows=60
args generated-large/181.txt 12345 1
original_lb=0.239
time=0.216
obj=0.739
time=0.246
obj=0.681
time=0.252
obj=0.676
time=0.258
obj=0.671
time=0.266
obj=0.659
time=0.272
obj=0.641
time=0.278
obj=0.637
time=0.284
obj=0.636
time=0.291
obj=0.632
time=0.297
obj=0.631
time=0.303
obj=0.628
time=0.309
obj=0.625
time=0.316
obj=0.619
time=0.323
obj=0.610
time=0.330
obj=0.609
time=0.338
obj=0.585
time=0.345
obj=0.568
time=0.352
obj=0.567
time=0.359
obj=0.567
time=0.366
obj=0.563
time=0.373
obj=0.562
time=0.380
obj=0.560
time=0.390
obj=0.557
time=0.400
obj=0.554
time=0.407
obj=0.552
time=0.416
obj=0.544
time=0.423
obj=0.542
time=0.430
obj=0.538
time=0.437
obj=0.535
time=0.444
obj=0.534
time=0.451
obj=0.529
time=0.459
obj=0.527
time=0.466
obj=0.525
time=0.473
obj=0.524
time=0.480
obj=0.521
time=0.487
obj=0.519
time=0.494
obj=0.519
time=0.500
obj=0.518
time=0.508
obj=0.518
time=0.516
obj=0.516
time=0.527
obj=0.516
time=0.534
obj=0.514
time=0.541
obj=0.514
time=0.549
obj=0.514
time=0.555
obj=0.513
time=0.565
obj=0.513
time=0.572
obj=0.511
time=0.580
obj=0.510
time=0.587
obj=0.509
time=0.594
obj=0.507
time=0.601
obj=0.507
time=0.608
obj=0.506
time=0.615
obj=0.503
time=0.623
obj=0.501
time=0.631
obj=0.500
time=0.638
obj=0.498
time=0.645
obj=0.495
time=0.653
obj=0.492
time=0.660
obj=0.487
time=0.668
obj=0.484
time=0.676
obj=0.484
time=0.684
obj=0.482
time=0.693
obj=0.480
time=0.700
obj=0.480
time=0.710
obj=0.477
time=0.719
obj=0.476
time=0.726
obj=0.476
time=0.733
obj=0.475
time=0.740
obj=0.474
time=0.747
obj=0.474
time=0.755
obj=0.472
time=0.763
obj=0.471
time=0.770
obj=0.471
time=0.778
obj=0.471
time=0.787
obj=0.470
time=0.794
obj=0.468
time=0.801
obj=0.468
time=0.808
obj=0.467
time=0.817
obj=0.464
time=0.824
obj=0.464
time=0.835
obj=0.463
time=0.843
obj=0.463
time=0.850
obj=0.463
time=0.857
obj=0.459
time=0.865
obj=0.458
time=0.873
obj=0.457
time=0.883
obj=0.457
time=0.890
obj=0.456
time=0.900
obj=0.454
time=0.908
obj=0.451
time=0.915
obj=0.450
time=0.923
obj=0.449
time=0.930
obj=0.449
time=0.944
obj=0.448
time=0.951
obj=0.447
time=0.958
obj=0.446
time=0.966
obj=0.444
time=0.980
obj=0.444
time=0.987
obj=0.443
time=0.994
obj=0.442
time=1.001
obj=0.442
time=1.015
obj=0.442
time=1.025
obj=0.441
time=1.034
obj=0.441
time=1.041
obj=0.441
time=1.048
obj=0.439
time=1.056
obj=0.439
time=1.070
obj=0.439
time=1.079
obj=0.438
time=1.095
obj=0.437
time=1.107
obj=0.437
time=1.120
obj=0.436
time=1.131
obj=0.436
time=1.139
obj=0.435
time=1.149
obj=0.434
time=1.157
obj=0.434
time=1.167
obj=0.434
time=1.176
obj=0.433
time=1.184
obj=0.432
time=1.193
obj=0.431
time=1.201
obj=0.430
time=1.209
obj=0.429
time=1.219
obj=0.429
time=1.236
obj=0.429
time=1.244
obj=0.429
time=1.256
obj=0.429
time=1.263
obj=0.427
time=1.277
obj=0.426
time=1.285
obj=0.426
time=1.293
obj=0.425
time=1.307
obj=0.425
time=1.326
obj=0.424
time=1.336
obj=0.423
time=1.359
obj=0.423
time=1.367
obj=0.422
time=1.375
obj=0.421
time=1.395
obj=0.420
time=1.410
obj=0.420
time=1.443
obj=0.420
time=1.451
obj=0.418
time=1.458
obj=0.417
time=1.466
obj=0.417
time=1.510
obj=0.417
time=1.517
obj=0.416
time=1.524
obj=0.415
time=1.534
obj=0.415
time=1.544
obj=0.413
time=1.554
obj=0.412
time=1.564
obj=0.411
time=1.570
obj=0.411
time=1.576
obj=0.409
time=1.587
obj=0.409
time=1.708
obj=0.409
time=1.714
obj=0.408
time=1.723
obj=0.407
time=1.729
obj=0.407
time=1.734
obj=0.406
time=1.742
obj=0.403
time=1.752
obj=0.403
time=1.757
obj=0.403
time=1.767
obj=0.402
time=1.773
obj=0.401
time=1.782
obj=0.399
time=1.788
obj=0.399
time=1.794
obj=0.398
time=1.812
obj=0.398
time=1.817
obj=0.397
time=1.830
obj=0.396
time=1.935
obj=0.396
time=1.942
obj=0.396
time=1.948
obj=0.394
time=1.957
obj=0.393
time=1.963
obj=0.392
time=1.969
obj=0.392
time=1.977
obj=0.392
time=1.986
obj=0.391
time=1.991
obj=0.391
time=1.997
obj=0.389
time=2.008
obj=0.389
time=2.015
obj=0.389
time=2.023
obj=0.388
time=2.036
obj=0.388
c real margin = 0.612
