buffers=24
windows=40
args generated-large/183.txt 12345 1
original_lb=0.229
time=0.186
obj=0.838
time=0.215
obj=0.831
time=0.224
obj=0.828
time=0.233
obj=0.827
time=0.239
obj=0.827
time=0.245
obj=0.824
time=0.253
obj=0.824
time=0.258
obj=0.823
time=0.264
obj=0.818
time=0.271
obj=0.818
time=0.280
obj=0.816
time=0.286
obj=0.815
time=0.296
obj=0.815
time=0.303
obj=0.814
time=0.308
obj=0.813
time=0.313
obj=0.809
time=0.320
obj=0.807
time=0.325
obj=0.804
time=0.334
obj=0.802
time=0.340
obj=0.798
time=0.346
obj=0.793
time=0.356
obj=0.793
time=0.367
obj=0.791
time=0.376
obj=0.788
time=0.382
obj=0.786
time=0.388
obj=0.783
time=0.396
obj=0.782
time=0.403
obj=0.782
time=0.409
obj=0.781
time=0.417
obj=0.780
time=0.424
obj=0.780
time=0.434
obj=0.779
time=0.441
obj=0.779
time=0.446
obj=0.778
time=0.452
obj=0.770
time=0.458
obj=0.756
time=0.466
obj=0.756
time=0.471
obj=0.749
time=0.481
obj=0.747
time=0.489
obj=0.744
time=0.494
obj=0.732
time=0.505
obj=0.731
time=0.514
obj=0.731
time=0.522
obj=0.731
time=0.529
obj=0.730
time=0.536
obj=0.729
time=0.549
obj=0.729
time=0.555
obj=0.727
time=0.561
obj=0.727
time=0.567
obj=0.724
time=0.576
obj=0.724
time=0.588
obj=0.724
time=0.599
obj=0.723
time=0.608
obj=0.723
time=0.627
obj=0.722
time=0.640
obj=0.721
time=0.649
obj=0.721
time=0.656
obj=0.721
time=0.662
obj=0.720
time=0.676
obj=0.716
time=0.696
obj=0.715
time=0.702
obj=0.713
time=0.709
obj=0.713
time=0.715
obj=0.712
time=0.727
obj=0.711
time=0.736
obj=0.711
time=0.747
obj=0.709
time=0.755
obj=0.707
time=0.762
obj=0.706
time=0.768
obj=0.702
time=0.784
obj=0.701
time=0.793
obj=0.701
time=0.799
obj=0.700
time=0.813
obj=0.698
time=0.830
obj=0.698
time=0.849
obj=0.695
time=0.861
obj=0.692
time=0.868
obj=0.691
time=0.875
obj=0.691
time=0.881
obj=0.688
time=0.896
obj=0.686
time=0.910
obj=0.685
time=0.916
obj=0.681
time=0.927
obj=0.680
time=0.934
obj=0.678
time=0.941
obj=0.677
time=0.947
obj=0.676
time=0.958
obj=0.676
time=0.966
obj=0.675
time=0.983
obj=0.674
time=0.999
obj=0.673
time=1.005
obj=0.672
time=1.017
obj=0.671
time=1.030
obj=0.671
time=1.042
obj=0.670
time=1.049
obj=0.670
time=1.066
obj=0.666
time=1.079
obj=0.665
time=1.086
obj=0.664
time=1.097
obj=0.664
time=1.108
obj=0.663
time=1.124
obj=0.663
time=1.130
obj=0.663
time=1.154
obj=0.662
time=1.166
obj=0.662
time=1.180
obj=0.661
time=1.203
obj=0.659
time=1.216
obj=0.658
time=1.222
obj=0.658
time=1.228
obj=0.656
time=1.248
obj=0.656
time=1.261
obj=0.655
time=1.267
obj=0.655
time=1.276
obj=0.655
time=1.282
obj=0.654
time=1.297
obj=0.650
time=1.317
obj=0.649
time=1.355
obj=0.649
time=1.389
obj=0.649
time=1.417
obj=0.649
time=1.423
obj=0.648
time=1.430
obj=0.648
time=1.435
obj=0.647
time=1.444
obj=0.647
time=1.449
obj=0.646
time=1.465
obj=0.644
time=1.482
obj=0.644
time=1.488
obj=0.643
time=1.496
obj=0.643
time=1.514
obj=0.640
time=1.554
obj=0.637
time=1.568
obj=0.636
time=1.602
obj=0.636
time=1.622
obj=0.635
time=1.627
obj=0.634
time=1.634
obj=0.634
time=1.664
obj=0.633
time=1.668
obj=0.633
time=1.701
obj=0.630
time=1.707
obj=0.626
time=1.713
obj=0.624
time=1.772
obj=0.623
time=1.823
obj=0.623
time=1.866
obj=0.622
time=1.880
obj=0.621
time=1.907
obj=0.621
time=2.070
obj=0.620
time=2.139
obj=0.620
time=2.143
obj=0.618
time=2.148
obj=0.618
time=2.856
obj=0.617
time=2.860
obj=0.617
time=2.916
obj=0.616
time=3.176
obj=0.616
time=3.509
obj=0.615
time=3.572
obj=0.615
time=3.575
obj=0.615
time=3.792
obj=0.615
time=4.861
obj=0.614
time=4.886
obj=0.614
time=4.893
obj=0.614
time=5.880
obj=0.614
time=6.426
obj=0.613
time=6.431
obj=0.613
time=6.438
obj=0.613
time=7.007
obj=0.613
time=7.089
obj=0.612
time=7.096
obj=0.610
time=8.414
obj=0.610
time=8.418
obj=0.610
time=8.741
obj=0.609
time=8.757
obj=0.608
time=9.790
obj=0.607
time=9.805
obj=0.607
time=9.809
obj=0.607
time=11.296
obj=0.607
time=15.547
obj=0.607
time=17.374
obj=0.606
time=17.378
obj=0.605
time=17.614
obj=0.605
time=17.618
obj=0.604
time=17.622
obj=0.604
time=28.948
obj=0.604
time=46.423
obj=0.604
time=46.427
obj=0.603
time=49.426
obj=0.602
time=49.679
obj=0.601
time=49.684
obj=0.600
time=49.691
obj=0.600
c real margin = 0.400
