buffers=24
windows=40
args generated-large/185.txt 12345 1
original_lb=0.252
time=0.193
obj=0.819
time=0.215
obj=0.723
time=0.221
obj=0.700
time=0.226
obj=0.692
time=0.232
obj=0.691
time=0.238
obj=0.670
time=0.244
obj=0.669
time=0.249
obj=0.660
time=0.257
obj=0.659
time=0.262
obj=0.650
time=0.268
obj=0.641
time=0.275
obj=0.622
time=0.281
obj=0.619
time=0.287
obj=0.614
time=0.293
obj=0.614
time=0.301
obj=0.612
time=0.307
obj=0.608
time=0.315
obj=0.598
time=0.321
obj=0.595
time=0.327
obj=0.590
time=0.333
obj=0.585
time=0.341
obj=0.585
time=0.347
obj=0.585
time=0.355
obj=0.580
time=0.361
obj=0.580
time=0.368
obj=0.577
time=0.374
obj=0.576
time=0.381
obj=0.568
time=0.389
obj=0.562
time=0.395
obj=0.556
time=0.403
obj=0.555
time=0.410
obj=0.554
time=0.417
obj=0.549
time=0.426
obj=0.549
time=0.433
obj=0.544
time=0.441
obj=0.542
time=0.447
obj=0.536
time=0.453
obj=0.536
time=0.461
obj=0.532
time=0.467
obj=0.531
time=0.475
obj=0.529
time=0.484
obj=0.529
time=0.490
obj=0.525
time=0.497
obj=0.523
time=0.503
obj=0.520
time=0.510
obj=0.516
time=0.517
obj=0.511
time=0.523
obj=0.505
time=0.530
obj=0.504
time=0.537
obj=0.504
time=0.543
obj=0.500
time=0.551
obj=0.498
time=0.557
obj=0.494
time=0.568
obj=0.494
time=0.575
obj=0.493
time=0.583
obj=0.493
time=0.590
obj=0.493
time=0.599
obj=0.485
time=0.605
obj=0.485
time=0.613
obj=0.485
time=0.621
obj=0.481
time=0.629
obj=0.470
time=0.637
obj=0.470
time=0.644
obj=0.469
time=0.651
obj=0.467
time=0.657
obj=0.466
time=0.665
obj=0.465
time=0.672
obj=0.465
time=0.679
obj=0.461
time=0.685
obj=0.459
time=0.694
obj=0.456
time=0.701
obj=0.452
time=0.714
obj=0.451
time=0.721
obj=0.451
time=0.728
obj=0.450
time=0.740
obj=0.450
time=0.747
obj=0.449
time=0.759
obj=0.448
time=0.766
obj=0.447
time=0.778
obj=0.447
time=0.784
obj=0.444
time=0.791
obj=0.444
time=0.801
obj=0.443
time=0.815
obj=0.443
time=0.825
obj=0.443
time=0.832
obj=0.442
time=0.838
obj=0.441
time=0.863
obj=0.440
time=0.869
obj=0.439
time=0.876
obj=0.439
time=0.883
obj=0.439
time=0.895
obj=0.438
time=0.906
obj=0.437
time=0.913
obj=0.436
time=0.925
obj=0.436
time=0.934
obj=0.434
time=0.941
obj=0.433
time=0.959
obj=0.432
time=0.982
obj=0.432
time=0.993
obj=0.431
time=1.000
obj=0.430
time=1.009
obj=0.430
time=1.126
obj=0.429
time=1.132
obj=0.427
time=1.138
obj=0.424
time=1.148
obj=0.423
time=1.156
obj=0.422
time=1.163
obj=0.422
time=1.170
obj=0.422
time=1.176
obj=0.421
time=1.183
obj=0.420
time=1.193
obj=0.419
time=1.204
obj=0.417
c real margin = 0.583
