buffers=8
windows=40
args generated-large/186.txt 12345 1
original_lb=0.212
time=0.009
obj=1.062
time=0.011
obj=1.007
time=0.012
obj=0.996
time=0.013
obj=0.995
time=0.014
obj=0.989
time=0.014
obj=0.978
time=0.015
obj=0.976
time=0.016
obj=0.966
time=0.017
obj=0.966
time=0.017
obj=0.955
time=0.018
obj=0.950
time=0.019
obj=0.939
time=0.020
obj=0.931
time=0.021
obj=0.929
time=0.022
obj=0.920
time=0.023
obj=0.914
time=0.024
obj=0.912
time=0.025
obj=0.911
time=0.026
obj=0.910
time=0.027
obj=0.906
time=0.028
obj=0.905
time=0.029
obj=0.905
time=0.030
obj=0.902
time=0.031
obj=0.900
time=0.032
obj=0.892
time=0.033
obj=0.883
time=0.034
obj=0.881
time=0.035
obj=0.877
time=0.036
obj=0.872
time=0.037
obj=0.870
time=0.037
obj=0.866
time=0.039
obj=0.864
time=0.041
obj=0.859
time=0.042
obj=0.856
time=0.042
obj=0.855
time=0.044
obj=0.850
time=0.045
obj=0.847
time=0.046
obj=0.846
time=0.047
obj=0.844
time=0.050
obj=0.836
time=0.053
obj=0.834
time=0.054
obj=0.834
time=0.057
obj=0.832
time=0.058
obj=0.831
time=0.059
obj=0.825
time=0.092
obj=0.825
time=0.092
obj=0.821
time=0.093
obj=0.820
time=0.094
obj=0.818
time=0.095
obj=0.813
time=0.096
obj=0.813
time=0.098
obj=0.811
time=0.098
obj=0.809
time=0.282
obj=0.808
time=0.451
obj=0.808
time=0.454
obj=0.806
time=0.455
obj=0.802
time=0.456
obj=0.800
time=0.457
obj=0.799
time=1.041
obj=0.798
time=1.041
obj=0.797
time=1.102
obj=0.796
time=1.102
obj=0.794
time=15.811
obj=0.791
time=47.434
obj=0.790
time=47.435
obj=0.790
c real margin = 0.210
