buffers=16
windows=20
args generated-large/187.txt 12345 1
original_lb=0.258
time=0.052
obj=0.783
time=0.059
obj=0.615
time=0.062
obj=0.611
time=0.065
obj=0.610
time=0.068
obj=0.606
time=0.070
obj=0.604
time=0.072
obj=0.597
time=0.075
obj=0.595
time=0.078
obj=0.592
time=0.080
obj=0.569
time=0.083
obj=0.557
time=0.088
obj=0.551
time=0.091
obj=0.548
time=0.094
obj=0.540
time=0.096
obj=0.532
time=0.102
obj=0.532
time=0.105
obj=0.527
time=0.107
obj=0.525
time=0.109
obj=0.523
time=0.112
obj=0.521
time=0.114
obj=0.521
time=0.118
obj=0.515
time=0.120
obj=0.513
time=0.124
obj=0.509
time=0.127
obj=0.507
time=0.131
obj=0.505
time=0.133
obj=0.500
time=0.136
obj=0.494
time=0.139
obj=0.487
time=0.142
obj=0.485
time=0.145
obj=0.484
time=0.147
obj=0.484
time=0.150
obj=0.481
time=0.153
obj=0.481
time=0.156
obj=0.477
time=0.160
obj=0.477
time=0.164
obj=0.476
time=0.168
obj=0.475
time=0.171
obj=0.475
time=0.175
obj=0.464
time=0.180
obj=0.463
time=0.184
obj=0.462
time=0.188
obj=0.459
time=0.192
obj=0.458
time=0.195
obj=0.454
time=0.199
obj=0.452
time=0.206
obj=0.452
time=0.212
obj=0.450
time=0.218
obj=0.450
time=0.224
obj=0.450
time=0.226
obj=0.449
time=0.232
obj=0.448
time=0.238
obj=0.447
time=0.247
obj=0.446
time=0.250
obj=0.443
time=0.252
obj=0.443
time=0.258
obj=0.442
time=0.263
obj=0.439
time=0.266
obj=0.438
time=0.269
obj=0.437
time=0.272
obj=0.433
time=0.278
obj=0.428
time=0.281
obj=0.427
time=0.285
obj=0.426
time=0.292
obj=0.425
time=0.295
obj=0.423
time=0.300
obj=0.423
time=0.310
obj=0.421
time=0.316
obj=0.420
time=0.320
obj=0.420
time=0.323
obj=0.419
time=0.327
obj=0.419
time=0.331
obj=0.415
time=0.342
obj=0.413
time=0.346
obj=0.413
time=0.350
obj=0.412
time=0.375
obj=0.412
time=0.407
obj=0.412
time=0.411
obj=0.411
time=0.420
obj=0.411
time=0.424
obj=0.411
time=0.439
obj=0.409
time=0.452
obj=0.409
time=0.462
obj=0.407
time=0.465
obj=0.407
time=0.468
obj=0.407
time=0.471
obj=0.405
time=0.481
obj=0.404
time=0.498
obj=0.404
time=0.517
obj=0.404
time=0.519
obj=0.404
time=0.577
obj=0.401
time=0.580
obj=0.397
time=0.595
obj=0.397
time=0.599
obj=0.395
time=0.603
obj=0.395
time=0.606
obj=0.394
time=0.623
obj=0.393
time=0.718
obj=0.391
time=0.722
obj=0.390
time=0.727
obj=0.389
time=0.730
obj=0.389
time=0.746
obj=0.387
time=0.749
obj=0.386
time=0.751
obj=0.385
time=0.754
obj=0.385
c real margin = 0.615
