buffers=24
windows=20
args generated-large/19.txt 12345 1
original_lb=0.261
time=0.136
obj=2.329
time=1.705
obj=1.080
time=1.744
obj=1.078
time=1.748
obj=1.073
time=1.761
obj=1.073
time=1.765
obj=1.071
time=1.771
obj=1.068
time=1.780
obj=1.068
time=1.784
obj=1.066
time=1.789
obj=1.064
time=1.798
obj=1.049
time=1.805
obj=1.047
time=1.816
obj=1.046
time=1.826
obj=1.044
time=1.830
obj=1.038
time=1.841
obj=1.038
time=1.845
obj=1.035
time=1.855
obj=1.035
time=1.864
obj=1.029
time=1.867
obj=1.029
time=1.878
obj=1.025
time=1.885
obj=1.022
time=1.892
obj=1.015
time=1.904
obj=1.013
time=1.914
obj=1.009
time=1.924
obj=0.997
time=1.929
obj=0.995
time=1.933
obj=0.991
time=1.938
obj=0.987
time=1.948
obj=0.981
time=1.958
obj=0.980
time=1.966
obj=0.978
time=1.972
obj=0.977
time=1.979
obj=0.970
time=1.986
obj=0.964
time=1.990
obj=0.963
time=1.994
obj=0.961
time=1.998
obj=0.961
time=2.006
obj=0.955
time=2.011
obj=0.954
time=2.021
obj=0.948
time=2.030
obj=0.945
time=2.041
obj=0.937
time=2.046
obj=0.937
time=2.059
obj=0.935
time=2.065
obj=0.934
time=2.075
obj=0.934
time=2.080
obj=0.933
time=2.084
obj=0.929
time=2.091
obj=0.928
time=2.107
obj=0.927
time=2.110
obj=0.922
time=2.114
obj=0.920
time=2.123
obj=0.917
time=2.128
obj=0.916
time=2.141
obj=0.914
time=2.144
obj=0.909
time=2.154
obj=0.908
time=2.157
obj=0.902
time=2.165
obj=0.900
time=2.206
obj=0.898
time=2.209
obj=0.898
time=2.236
obj=0.894
time=2.260
obj=0.893
time=2.263
obj=0.887
time=2.267
obj=0.881
time=2.413
obj=0.880
time=2.416
obj=0.874
time=2.457
obj=0.874
time=2.539
obj=0.874
time=2.542
obj=0.873
time=2.637
obj=0.873
time=2.640
obj=0.864
time=2.788
obj=0.863
time=2.791
obj=0.863
time=2.846
obj=0.862
time=2.849
obj=0.861
time=2.856
obj=0.861
time=2.953
obj=0.860
time=2.956
obj=0.859
time=2.965
obj=0.856
time=2.969
obj=0.855
time=3.143
obj=0.855
time=3.147
obj=0.854
time=3.257
obj=0.854
time=3.264
obj=0.854
time=3.654
obj=0.853
time=3.658
obj=0.851
time=3.981
obj=0.850
time=3.983
obj=0.850
time=4.009
obj=0.849
time=4.014
obj=0.847
time=4.029
obj=0.847
time=4.034
obj=0.845
time=4.037
obj=0.842
time=4.121
obj=0.842
time=4.222
obj=0.841
time=4.225
obj=0.841
time=4.254
obj=0.840
time=6.843
obj=0.840
time=6.846
obj=0.839
time=6.856
obj=0.838
time=6.890
obj=0.838
time=6.909
obj=0.837
time=8.504
obj=0.835
time=8.507
obj=0.828
c real margin = 0.172
