buffers=24
windows=40
args generated-large/190.txt 12345 1
original_lb=0.229
time=0.206
obj=0.709
time=0.228
obj=0.619
time=0.234
obj=0.612
time=0.240
obj=0.606
time=0.245
obj=0.558
time=0.252
obj=0.557
time=0.258
obj=0.552
time=0.264
obj=0.549
time=0.270
obj=0.542
time=0.276
obj=0.541
time=0.283
obj=0.516
time=0.290
obj=0.515
time=0.296
obj=0.489
time=0.303
obj=0.488
time=0.309
obj=0.484
time=0.316
obj=0.482
time=0.323
obj=0.481
time=0.329
obj=0.476
time=0.336
obj=0.472
time=0.342
obj=0.462
time=0.350
obj=0.451
time=0.357
obj=0.451
time=0.363
obj=0.449
time=0.370
obj=0.448
time=0.377
obj=0.444
time=0.386
obj=0.443
time=0.393
obj=0.441
time=0.401
obj=0.440
time=0.408
obj=0.440
time=0.415
obj=0.436
time=0.422
obj=0.432
time=0.428
obj=0.417
time=0.435
obj=0.415
time=0.442
obj=0.413
time=0.449
obj=0.411
time=0.456
obj=0.408
time=0.463
obj=0.407
time=0.470
obj=0.404
time=0.478
obj=0.404
time=0.486
obj=0.402
time=0.493
obj=0.395
time=0.500
obj=0.391
time=0.508
obj=0.391
time=0.516
obj=0.385
time=0.525
obj=0.380
time=0.536
obj=0.380
time=0.546
obj=0.380
time=0.555
obj=0.377
time=0.561
obj=0.377
time=0.570
obj=0.375
time=0.577
obj=0.372
time=0.585
obj=0.372
time=0.594
obj=0.371
time=0.602
obj=0.364
time=0.611
obj=0.359
time=0.619
obj=0.358
time=0.626
obj=0.356
time=0.634
obj=0.355
time=0.643
obj=0.354
time=0.651
obj=0.353
time=0.658
obj=0.353
time=0.666
obj=0.353
time=0.673
obj=0.352
time=0.680
obj=0.352
time=0.689
obj=0.350
time=0.698
obj=0.350
time=0.707
obj=0.350
time=0.714
obj=0.349
time=0.763
obj=0.349
time=0.771
obj=0.349
time=0.778
obj=0.348
time=0.787
obj=0.346
time=0.808
obj=0.344
time=0.816
obj=0.344
time=0.826
obj=0.344
time=0.833
obj=0.343
time=0.841
obj=0.342
time=0.851
obj=0.342
time=0.858
obj=0.341
time=0.866
obj=0.340
time=1.681
obj=0.340
time=1.686
obj=0.339
c real margin = 0.661
