buffers=24
windows=20
args generated-large/191.txt 12345 1
original_lb=0.257
time=0.180
obj=1.044
time=0.190
obj=1.021
time=0.205
obj=1.020
time=0.213
obj=1.017
time=0.220
obj=1.016
time=0.230
obj=1.014
time=0.242
obj=1.014
time=0.251
obj=1.008
time=0.256
obj=1.005
time=0.261
obj=1.002
time=0.273
obj=1.002
time=0.284
obj=1.001
time=0.289
obj=0.999
time=0.302
obj=0.998
time=0.307
obj=0.995
time=0.313
obj=0.992
time=0.318
obj=0.991
time=0.326
obj=0.985
time=0.343
obj=0.985
time=0.351
obj=0.985
time=0.361
obj=0.984
time=0.373
obj=0.980
time=0.381
obj=0.979
time=0.391
obj=0.978
time=0.399
obj=0.972
time=0.406
obj=0.971
time=0.412
obj=0.970
time=0.419
obj=0.958
time=0.426
obj=0.957
time=0.434
obj=0.956
time=0.441
obj=0.955
time=0.448
obj=0.954
time=0.467
obj=0.952
time=0.481
obj=0.948
time=0.495
obj=0.948
time=0.508
obj=0.948
time=0.512
obj=0.948
time=0.526
obj=0.947
time=0.539
obj=0.944
time=0.551
obj=0.942
time=0.556
obj=0.941
time=0.565
obj=0.941
time=0.579
obj=0.941
time=0.593
obj=0.940
time=0.605
obj=0.940
time=0.613
obj=0.935
time=0.618
obj=0.919
time=0.626
obj=0.919
time=0.631
obj=0.911
time=0.647
obj=0.910
time=0.659
obj=0.909
time=0.673
obj=0.907
time=0.689
obj=0.906
time=0.697
obj=0.906
time=0.710
obj=0.900
time=0.723
obj=0.895
time=0.731
obj=0.892
time=0.737
obj=0.889
time=0.755
obj=0.883
time=0.766
obj=0.882
time=0.782
obj=0.881
time=0.803
obj=0.879
time=0.818
obj=0.876
time=0.824
obj=0.873
time=0.840
obj=0.868
time=0.865
obj=0.867
time=0.868
obj=0.862
time=0.878
obj=0.862
time=0.895
obj=0.861
time=0.909
obj=0.860
time=0.933
obj=0.859
time=0.952
obj=0.858
time=0.979
obj=0.856
time=0.993
obj=0.855
time=1.004
obj=0.853
time=1.029
obj=0.852
time=1.078
obj=0.851
time=1.083
obj=0.851
time=1.093
obj=0.850
time=1.119
obj=0.848
time=1.129
obj=0.846
time=1.148
obj=0.845
time=1.180
obj=0.843
time=1.190
obj=0.843
time=1.195
obj=0.843
time=1.213
obj=0.842
time=1.237
obj=0.841
time=1.253
obj=0.840
time=1.273
obj=0.839
time=1.352
obj=0.838
time=1.356
obj=0.837
time=1.384
obj=0.836
time=1.431
obj=0.835
time=1.435
obj=0.834
time=1.537
obj=0.833
time=1.541
obj=0.832
time=1.636
obj=0.831
time=1.641
obj=0.831
time=1.663
obj=0.827
time=1.675
obj=0.827
time=1.698
obj=0.823
time=1.720
obj=0.817
time=2.394
obj=0.817
time=2.398
obj=0.817
time=3.521
obj=0.817
time=3.527
obj=0.816
time=3.532
obj=0.812
time=4.601
obj=0.812
time=4.605
obj=0.808
time=5.566
obj=0.808
time=6.845
obj=0.807
time=18.766
obj=0.806
time=18.770
obj=0.805
time=18.876
obj=0.804
time=18.880
obj=0.803
time=19.929
obj=0.803
time=19.932
obj=0.803
time=28.529
obj=0.803
time=37.123
obj=0.802
time=37.126
obj=0.802
time=38.039
obj=0.801
time=38.043
obj=0.800
c real margin = 0.200
