buffers=16
windows=20
args generated-large/192.txt 12345 1
original_lb=0.287
time=0.059
obj=0.683
time=0.066
obj=0.668
time=0.069
obj=0.559
time=0.072
obj=0.508
time=0.075
obj=0.502
time=0.078
obj=0.488
time=0.081
obj=0.479
time=0.090
obj=0.478
time=0.094
obj=0.466
time=0.101
obj=0.459
time=0.106
obj=0.450
time=0.115
obj=0.446
time=0.119
obj=0.437
time=0.135
obj=0.435
time=0.139
obj=0.433
time=0.143
obj=0.432
time=0.147
obj=0.428
time=0.168
obj=0.427
time=0.194
obj=0.425
time=0.198
obj=0.422
time=0.202
obj=0.420
time=0.205
obj=0.419
time=0.210
obj=0.417
time=0.218
obj=0.416
time=0.243
obj=0.415
time=0.247
obj=0.407
time=0.251
obj=0.402
time=0.417
obj=0.402
time=0.420
obj=0.398
time=0.633
obj=0.398
time=0.638
obj=0.393
time=0.641
obj=0.393
time=0.645
obj=0.392
time=0.938
obj=0.384
c real margin = 0.616
