buffers=8
windows=80
args generated-large/195.txt 12345 1
original_lb=0.286
time=0.011
obj=1.055
time=0.012
obj=1.017
time=0.029
obj=1.006
time=0.064
obj=1.002
time=0.147
obj=0.999
time=0.148
obj=0.998
time=0.149
obj=0.990
time=0.150
obj=0.970
time=0.150
obj=0.962
time=0.151
obj=0.961
time=0.152
obj=0.957
time=0.153
obj=0.955
time=0.154
obj=0.955
time=0.155
obj=0.954
time=0.156
obj=0.951
time=0.157
obj=0.947
time=0.158
obj=0.939
time=0.158
obj=0.938
time=0.159
obj=0.921
time=0.160
obj=0.919
time=0.161
obj=0.916
time=0.162
obj=0.916
time=0.163
obj=0.903
time=0.164
obj=0.903
time=0.165
obj=0.901
time=0.166
obj=0.884
time=0.167
obj=0.881
time=0.168
obj=0.881
time=0.169
obj=0.880
time=0.170
obj=0.879
time=0.171
obj=0.877
time=0.172
obj=0.873
time=0.173
obj=0.871
time=0.175
obj=0.870
time=0.175
obj=0.851
time=0.176
obj=0.843
time=0.177
obj=0.843
time=0.179
obj=0.843
time=0.180
obj=0.840
time=0.181
obj=0.838
time=0.182
obj=0.837
time=0.183
obj=0.834
time=0.184
obj=0.831
time=0.187
obj=0.831
time=0.189
obj=0.829
time=0.190
obj=0.825
time=0.192
obj=0.822
time=0.193
obj=0.816
time=0.194
obj=0.813
time=0.235
obj=0.811
time=0.235
obj=0.810
time=0.236
obj=0.810
time=0.291
obj=0.810
time=0.292
obj=0.808
time=0.295
obj=0.808
time=0.296
obj=0.807
time=0.297
obj=0.806
time=0.298
obj=0.804
time=0.298
obj=0.804
time=0.299
obj=0.802
time=0.300
obj=0.800
time=0.301
obj=0.799
time=0.302
obj=0.795
time=0.303
obj=0.794
time=0.306
obj=0.794
time=0.307
obj=0.794
time=0.308
obj=0.788
time=0.309
obj=0.785
time=0.312
obj=0.784
time=0.313
obj=0.784
time=0.343
obj=0.783
time=0.344
obj=0.783
time=0.345
obj=0.781
time=0.346
obj=0.780
time=0.347
obj=0.778
time=0.445
obj=0.776
time=0.445
obj=0.773
time=0.446
obj=0.770
time=1.844
obj=0.770
time=1.845
obj=0.769
time=1.846
obj=0.769
time=3.592
obj=0.768
time=3.592
obj=0.767
time=3.592
obj=0.764
time=3.593
obj=0.760
time=3.594
obj=0.760
c real margin = 0.240
