buffers=24
windows=40
args generated-large/196.txt 12345 1
original_lb=0.250
time=0.221
obj=0.820
time=0.261
obj=0.819
time=0.273
obj=0.819
time=0.285
obj=0.813
time=0.294
obj=0.813
time=0.305
obj=0.811
time=0.317
obj=0.811
time=0.334
obj=0.806
time=0.349
obj=0.800
time=0.364
obj=0.796
time=0.372
obj=0.793
time=0.386
obj=0.786
time=0.400
obj=0.784
time=0.408
obj=0.774
time=0.418
obj=0.762
time=0.425
obj=0.761
time=0.430
obj=0.760
time=0.448
obj=0.760
time=0.461
obj=0.759
time=0.469
obj=0.758
time=0.489
obj=0.758
time=0.499
obj=0.755
time=0.517
obj=0.752
time=0.540
obj=0.751
time=0.550
obj=0.751
time=0.559
obj=0.749
time=0.579
obj=0.749
time=0.591
obj=0.748
time=0.605
obj=0.745
time=0.618
obj=0.738
time=0.631
obj=0.737
time=0.643
obj=0.736
time=0.651
obj=0.734
time=0.659
obj=0.730
time=0.673
obj=0.730
time=0.693
obj=0.729
time=0.706
obj=0.728
time=0.728
obj=0.726
time=0.734
obj=0.722
time=0.746
obj=0.720
time=0.757
obj=0.720
time=0.771
obj=0.717
time=0.789
obj=0.715
time=0.814
obj=0.714
time=0.820
obj=0.714
time=0.831
obj=0.713
time=0.842
obj=0.713
time=0.853
obj=0.713
time=0.867
obj=0.712
time=0.880
obj=0.711
time=0.896
obj=0.710
time=0.909
obj=0.709
time=0.926
obj=0.708
time=0.940
obj=0.705
time=0.955
obj=0.704
time=0.968
obj=0.702
time=0.976
obj=0.701
time=0.984
obj=0.698
time=0.998
obj=0.697
time=1.019
obj=0.694
time=1.040
obj=0.690
time=1.053
obj=0.690
time=1.068
obj=0.688
time=1.087
obj=0.688
time=1.095
obj=0.686
time=1.115
obj=0.685
time=1.136
obj=0.685
time=1.143
obj=0.684
time=1.151
obj=0.684
time=1.166
obj=0.683
time=1.196
obj=0.682
time=1.205
obj=0.680
time=1.228
obj=0.679
time=1.250
obj=0.678
time=1.258
obj=0.673
time=1.297
obj=0.673
time=1.307
obj=0.669
time=1.316
obj=0.667
time=1.340
obj=0.667
time=1.355
obj=0.666
time=1.405
obj=0.665
time=1.415
obj=0.665
time=1.447
obj=0.664
time=1.471
obj=0.662
time=1.486
obj=0.662
time=1.502
obj=0.661
time=1.523
obj=0.659
time=1.535
obj=0.657
time=1.541
obj=0.657
time=1.549
obj=0.657
time=1.555
obj=0.657
time=1.569
obj=0.653
time=1.575
obj=0.652
time=1.592
obj=0.651
time=1.601
obj=0.650
time=1.609
obj=0.650
time=1.615
obj=0.648
time=1.662
obj=0.647
time=1.667
obj=0.647
time=1.679
obj=0.647
time=1.743
obj=0.646
time=1.749
obj=0.644
time=1.756
obj=0.644
time=1.801
obj=0.643
time=1.865
obj=0.642
time=1.871
obj=0.641
time=2.076
obj=0.641
time=2.080
obj=0.640
time=2.088
obj=0.639
time=2.096
obj=0.639
time=2.105
obj=0.638
time=2.110
obj=0.638
time=2.349
obj=0.637
time=2.355
obj=0.636
time=2.361
obj=0.635
time=2.378
obj=0.634
time=2.387
obj=0.634
time=2.397
obj=0.633
time=2.714
obj=0.632
time=2.723
obj=0.631
time=2.765
obj=0.631
time=2.772
obj=0.629
time=2.782
obj=0.629
time=2.823
obj=0.629
time=2.835
obj=0.629
time=2.862
obj=0.628
time=2.867
obj=0.627
time=3.859
obj=0.626
time=3.928
obj=0.625
time=4.132
obj=0.625
time=4.138
obj=0.625
time=6.235
obj=0.624
time=7.156
obj=0.624
time=7.163
obj=0.624
time=7.683
obj=0.623
time=7.689
obj=0.620
time=8.756
obj=0.620
time=8.760
obj=0.619
time=8.766
obj=0.619
time=8.781
obj=0.619
time=8.790
obj=0.619
time=22.604
obj=0.619
time=22.609
obj=0.618
time=22.643
obj=0.618
time=22.648
obj=0.618
time=25.990
obj=0.618
time=26.463
obj=0.618
time=26.621
obj=0.617
time=26.637
obj=0.616
time=27.411
obj=0.616
time=27.419
obj=0.614
time=41.077
obj=0.614
time=41.082
obj=0.613
time=54.997
obj=0.612
time=55.002
obj=0.611
c real margin = 0.389
