buffers=16
windows=20
args generated-large/197.txt 12345 1
original_lb=0.239
time=0.066
obj=0.645
time=0.080
obj=0.641
time=0.083
obj=0.637
time=0.088
obj=0.621
time=0.091
obj=0.614
time=0.099
obj=0.614
time=0.104
obj=0.614
time=0.107
obj=0.610
time=0.110
obj=0.606
time=0.114
obj=0.604
time=0.116
obj=0.601
time=0.119
obj=0.595
time=0.122
obj=0.595
time=0.124
obj=0.591
time=0.128
obj=0.589
time=0.133
obj=0.584
time=0.139
obj=0.581
time=0.141
obj=0.572
time=0.144
obj=0.568
time=0.146
obj=0.565
time=0.150
obj=0.565
time=0.156
obj=0.558
time=0.164
obj=0.552
time=0.171
obj=0.551
time=0.176
obj=0.551
time=0.183
obj=0.551
time=0.187
obj=0.546
time=0.191
obj=0.546
time=0.197
obj=0.542
time=0.205
obj=0.541
time=0.212
obj=0.541
time=0.219
obj=0.538
time=0.224
obj=0.538
time=0.230
obj=0.535
time=0.233
obj=0.535
time=0.238
obj=0.535
time=0.246
obj=0.526
time=0.250
obj=0.522
time=0.259
obj=0.521
time=0.269
obj=0.520
time=0.278
obj=0.520
time=0.288
obj=0.519
time=0.292
obj=0.519
time=0.308
obj=0.518
time=0.321
obj=0.518
time=0.325
obj=0.515
time=0.338
obj=0.515
time=0.343
obj=0.512
time=0.347
obj=0.503
time=0.353
obj=0.503
time=0.368
obj=0.502
time=0.376
obj=0.502
time=0.381
obj=0.501
time=0.388
obj=0.499
time=0.393
obj=0.496
time=0.402
obj=0.496
time=0.408
obj=0.492
time=0.420
obj=0.492
time=0.424
obj=0.490
time=0.428
obj=0.489
time=0.439
obj=0.489
time=0.450
obj=0.486
time=0.457
obj=0.485
time=0.543
obj=0.485
time=0.584
obj=0.483
time=0.625
obj=0.483
time=0.627
obj=0.482
time=0.631
obj=0.482
time=0.638
obj=0.479
time=0.641
obj=0.476
time=0.656
obj=0.475
time=0.663
obj=0.475
time=0.713
obj=0.474
time=0.756
obj=0.473
time=1.132
obj=0.473
time=1.134
obj=0.472
time=1.143
obj=0.472
time=1.150
obj=0.471
time=1.216
obj=0.471
time=1.218
obj=0.470
time=1.992
obj=0.469
time=21.528
obj=0.467
time=21.530
obj=0.467
time=21.540
obj=0.466
time=21.554
obj=0.465
time=21.564
obj=0.465
time=21.570
obj=0.464
time=21.584
obj=0.463
time=21.604
obj=0.462
time=23.093
obj=0.462
time=23.134
obj=0.462
time=23.136
obj=0.461
time=23.139
obj=0.460
c real margin = 0.540
