buffers=24
windows=60
args generated-large/198.txt 12345 1
original_lb=0.238
time=0.179
obj=1.068
time=0.202
obj=1.052
time=0.209
obj=1.051
time=0.215
obj=1.044
time=0.220
obj=1.036
time=0.225
obj=1.035
time=0.231
obj=1.018
time=0.236
obj=1.013
time=0.242
obj=1.012
time=0.247
obj=1.008
time=0.253
obj=1.000
time=0.258
obj=0.995
time=0.268
obj=0.993
time=0.276
obj=0.992
time=0.284
obj=0.981
time=0.292
obj=0.981
time=0.299
obj=0.977
time=0.306
obj=0.976
time=0.312
obj=0.975
time=0.317
obj=0.974
time=0.323
obj=0.974
time=0.330
obj=0.972
time=0.334
obj=0.971
time=0.344
obj=0.971
time=0.352
obj=0.970
time=0.358
obj=0.967
time=0.366
obj=0.967
time=0.373
obj=0.964
time=0.379
obj=0.963
time=0.383
obj=0.960
time=0.390
obj=0.953
time=0.397
obj=0.948
time=0.402
obj=0.945
time=0.412
obj=0.942
time=0.419
obj=0.942
time=0.428
obj=0.938
time=0.433
obj=0.935
time=0.437
obj=0.933
time=0.442
obj=0.932
time=0.448
obj=0.931
time=0.452
obj=0.929
time=0.458
obj=0.929
time=0.463
obj=0.923
time=0.470
obj=0.922
time=0.476
obj=0.920
time=0.480
obj=0.915
time=0.487
obj=0.915
time=0.493
obj=0.913
time=0.498
obj=0.912
time=0.506
obj=0.911
time=0.515
obj=0.906
time=0.520
obj=0.903
time=0.525
obj=0.903
time=0.531
obj=0.902
time=0.540
obj=0.899
time=0.547
obj=0.897
time=0.557
obj=0.895
time=0.562
obj=0.894
time=0.566
obj=0.894
time=0.572
obj=0.886
time=0.585
obj=0.885
time=0.592
obj=0.884
time=0.598
obj=0.882
time=0.604
obj=0.882
time=0.616
obj=0.880
time=0.622
obj=0.880
time=0.626
obj=0.877
time=0.637
obj=0.875
time=0.650
obj=0.875
time=0.659
obj=0.874
time=0.667
obj=0.872
time=0.678
obj=0.872
time=0.687
obj=0.872
time=0.694
obj=0.871
time=0.703
obj=0.870
time=0.710
obj=0.870
time=0.723
obj=0.870
time=0.728
obj=0.869
time=0.735
obj=0.869
time=0.751
obj=0.867
time=0.761
obj=0.867
time=0.768
obj=0.867
time=0.776
obj=0.863
time=0.787
obj=0.862
time=0.792
obj=0.862
time=0.799
obj=0.862
time=0.808
obj=0.861
time=0.815
obj=0.858
time=0.822
obj=0.858
time=0.834
obj=0.855
time=0.846
obj=0.855
time=0.854
obj=0.855
time=0.866
obj=0.853
time=0.884
obj=0.852
time=0.888
obj=0.850
time=0.906
obj=0.849
time=0.915
obj=0.848
time=0.920
obj=0.848
time=0.934
obj=0.848
time=0.939
obj=0.847
time=0.950
obj=0.844
time=0.955
obj=0.843
time=0.966
obj=0.842
time=0.992
obj=0.841
time=1.004
obj=0.840
time=1.016
obj=0.839
time=1.032
obj=0.839
time=1.038
obj=0.838
time=1.043
obj=0.835
time=1.050
obj=0.835
time=1.062
obj=0.835
time=1.079
obj=0.832
time=1.086
obj=0.832
time=1.103
obj=0.832
time=1.111
obj=0.831
time=1.124
obj=0.829
time=1.130
obj=0.828
time=1.147
obj=0.825
time=1.151
obj=0.824
time=1.156
obj=0.821
time=1.161
obj=0.820
time=1.172
obj=0.819
time=1.197
obj=0.819
time=1.216
obj=0.817
time=1.220
obj=0.816
time=1.240
obj=0.815
time=1.258
obj=0.815
time=1.266
obj=0.815
time=1.273
obj=0.813
time=1.286
obj=0.812
time=1.323
obj=0.812
time=1.334
obj=0.810
time=1.351
obj=0.810
time=1.376
obj=0.808
time=1.417
obj=0.808
time=1.425
obj=0.803
time=1.457
obj=0.803
time=1.461
obj=0.803
time=1.515
obj=0.802
time=1.519
obj=0.801
time=1.524
obj=0.798
time=1.530
obj=0.798
time=1.551
obj=0.797
time=1.564
obj=0.797
time=1.570
obj=0.796
time=1.580
obj=0.796
time=1.595
obj=0.794
time=1.635
obj=0.794
time=1.639
obj=0.792
time=1.648
obj=0.790
time=1.652
obj=0.789
time=1.657
obj=0.788
time=1.662
obj=0.788
time=1.668
obj=0.787
time=1.676
obj=0.787
time=1.713
obj=0.787
time=1.718
obj=0.785
time=1.722
obj=0.784
time=1.793
obj=0.784
time=1.819
obj=0.784
time=1.827
obj=0.784
time=1.841
obj=0.784
time=1.859
obj=0.783
time=2.224
obj=0.783
time=2.227
obj=0.783
time=2.232
obj=0.781
time=2.238
obj=0.781
time=2.373
obj=0.781
time=2.393
obj=0.781
time=2.396
obj=0.780
time=2.433
obj=0.780
time=2.438
obj=0.780
time=2.445
obj=0.779
time=2.551
obj=0.777
time=2.997
obj=0.777
time=3.694
obj=0.775
time=3.697
obj=0.774
time=4.604
obj=0.774
time=4.624
obj=0.774
time=4.628
obj=0.770
time=4.638
obj=0.770
time=5.554
obj=0.770
time=5.559
obj=0.769
time=5.572
obj=0.767
time=9.199
obj=0.767
time=9.338
obj=0.766
time=9.342
obj=0.766
time=9.346
obj=0.766
time=9.368
obj=0.765
time=22.182
obj=0.765
time=22.185
obj=0.765
time=27.361
obj=0.764
time=27.364
obj=0.763
time=27.368
obj=0.763
time=27.373
obj=0.762
c real margin = 0.238
