buffers=16
windows=20
args generated-large/199.txt 12345 1
original_lb=0.262
time=0.036
obj=0.836
time=0.040
obj=0.821
time=0.042
obj=0.820
time=0.044
obj=0.814
time=0.046
obj=0.801
time=0.048
obj=0.779
time=0.049
obj=0.778
time=0.051
obj=0.755
time=0.053
obj=0.750
time=0.054
obj=0.736
time=0.058
obj=0.734
time=0.061
obj=0.730
time=0.063
obj=0.719
time=0.065
obj=0.716
time=0.067
obj=0.706
time=0.069
obj=0.701
time=0.072
obj=0.700
time=0.074
obj=0.700
time=0.075
obj=0.694
time=0.078
obj=0.674
time=0.080
obj=0.672
time=0.082
obj=0.667
time=0.085
obj=0.666
time=0.088
obj=0.660
time=0.090
obj=0.658
time=0.092
obj=0.657
time=0.096
obj=0.656
time=0.099
obj=0.653
time=0.102
obj=0.647
time=0.104
obj=0.640
time=0.107
obj=0.636
time=0.109
obj=0.621
time=0.111
obj=0.612
time=0.116
obj=0.609
time=0.117
obj=0.607
time=0.121
obj=0.600
time=0.124
obj=0.599
time=0.158
obj=0.596
time=0.159
obj=0.592
time=0.164
obj=0.592
time=0.165
obj=0.590
time=0.222
obj=0.590
time=0.223
obj=0.589
time=0.299
obj=0.589
time=0.301
obj=0.588
time=0.460
obj=0.588
time=0.462
obj=0.584
time=0.653
obj=0.584
time=0.971
obj=0.584
time=0.972
obj=0.582
time=0.979
obj=0.578
time=0.983
obj=0.571
time=3.394
obj=0.569
time=3.395
obj=0.569
time=5.742
obj=0.565
time=9.648
obj=0.564
time=9.649
obj=0.564
time=20.586
obj=0.563
c real margin = 0.437
