buffers=16
windows=40
args generated-large/2.txt 12345 1
original_lb=0.272
time=0.077
obj=0.857
time=0.094
obj=0.854
time=0.097
obj=0.854
time=0.102
obj=0.852
time=0.107
obj=0.846
time=0.111
obj=0.840
time=0.116
obj=0.840
time=0.119
obj=0.839
time=0.122
obj=0.834
time=0.127
obj=0.831
time=0.130
obj=0.830
time=0.134
obj=0.830
time=0.137
obj=0.828
time=0.143
obj=0.815
time=0.150
obj=0.815
time=0.154
obj=0.812
time=0.157
obj=0.809
time=0.160
obj=0.809
time=0.167
obj=0.807
time=0.171
obj=0.807
time=0.175
obj=0.807
time=0.181
obj=0.805
time=0.186
obj=0.804
time=0.189
obj=0.804
time=0.195
obj=0.801
time=0.199
obj=0.790
time=0.202
obj=0.790
time=0.207
obj=0.789
time=0.211
obj=0.787
time=0.214
obj=0.786
time=0.221
obj=0.776
time=0.225
obj=0.770
time=0.228
obj=0.770
time=0.233
obj=0.769
time=0.236
obj=0.769
time=0.242
obj=0.763
time=0.249
obj=0.759
time=0.253
obj=0.756
time=0.259
obj=0.755
time=0.264
obj=0.755
time=0.270
obj=0.754
time=0.274
obj=0.754
time=0.281
obj=0.752
time=0.290
obj=0.746
time=0.298
obj=0.740
time=0.303
obj=0.740
time=0.307
obj=0.738
time=0.311
obj=0.736
time=0.316
obj=0.736
time=0.322
obj=0.736
time=0.325
obj=0.732
time=0.332
obj=0.732
time=0.336
obj=0.728
time=0.346
obj=0.727
time=0.350
obj=0.724
time=0.353
obj=0.724
time=0.360
obj=0.721
time=0.370
obj=0.721
time=0.378
obj=0.721
time=0.385
obj=0.719
time=0.392
obj=0.719
time=0.395
obj=0.716
time=0.398
obj=0.716
time=0.402
obj=0.713
time=0.410
obj=0.713
time=0.413
obj=0.710
time=0.420
obj=0.707
time=0.424
obj=0.707
time=0.431
obj=0.704
time=0.437
obj=0.697
time=0.449
obj=0.694
time=0.454
obj=0.692
time=0.462
obj=0.691
time=0.466
obj=0.691
time=0.476
obj=0.690
time=0.480
obj=0.690
time=0.493
obj=0.687
time=0.513
obj=0.687
time=0.516
obj=0.684
time=0.520
obj=0.684
time=0.530
obj=0.682
time=0.543
obj=0.680
time=0.561
obj=0.680
time=0.584
obj=0.680
time=0.589
obj=0.680
time=0.603
obj=0.676
time=0.627
obj=0.676
time=0.630
obj=0.676
time=0.637
obj=0.675
time=0.668
obj=0.675
time=0.700
obj=0.673
time=0.708
obj=0.673
time=0.724
obj=0.673
time=0.728
obj=0.672
time=0.757
obj=0.671
time=0.791
obj=0.671
time=0.794
obj=0.668
time=0.811
obj=0.666
time=0.815
obj=0.666
time=0.832
obj=0.663
time=0.863
obj=0.663
time=1.045
obj=0.663
time=1.048
obj=0.663
time=1.064
obj=0.662
time=1.153
obj=0.662
time=1.156
obj=0.660
time=1.160
obj=0.660
time=1.181
obj=0.660
time=1.207
obj=0.660
time=1.209
obj=0.660
time=1.223
obj=0.659
time=1.239
obj=0.659
time=1.254
obj=0.659
time=1.256
obj=0.657
time=1.366
obj=0.657
time=1.385
obj=0.656
time=1.416
obj=0.656
time=1.430
obj=0.656
time=1.433
obj=0.654
time=1.435
obj=0.654
time=1.441
obj=0.652
time=1.453
obj=0.651
time=1.480
obj=0.649
time=1.516
obj=0.649
time=1.518
obj=0.649
time=1.520
obj=0.649
time=1.544
obj=0.648
time=1.643
obj=0.647
time=1.929
obj=0.646
time=1.931
obj=0.646
time=2.021
obj=0.645
time=2.031
obj=0.642
time=2.035
obj=0.639
time=2.041
obj=0.639
time=2.058
obj=0.639
time=2.853
obj=0.639
time=2.855
obj=0.638
time=4.084
obj=0.638
time=4.090
obj=0.637
time=4.720
obj=0.637
time=6.029
obj=0.636
time=6.044
obj=0.634
time=7.428
obj=0.633
time=9.229
obj=0.633
time=10.711
obj=0.633
time=14.043
obj=0.631
time=14.637
obj=0.631
time=19.080
obj=0.631
time=23.752
obj=0.631
time=23.753
obj=0.630
time=23.889
obj=0.630
time=24.228
obj=0.630
time=24.229
obj=0.629
time=24.866
obj=0.629
time=27.657
obj=0.629
time=27.659
obj=0.627
time=28.659
obj=0.626
time=35.813
obj=0.625
time=51.092
obj=0.625
time=51.094
obj=0.625
time=52.914
obj=0.624
c real margin = 0.376
