buffers=16
windows=60
args generated-large/20.txt 12345 1
original_lb=0.195
time=0.058
obj=0.913
time=0.070
obj=0.852
time=0.073
obj=0.849
time=0.076
obj=0.843
time=0.078
obj=0.828
time=0.081
obj=0.824
time=0.084
obj=0.821
time=0.087
obj=0.821
time=0.089
obj=0.804
time=0.092
obj=0.793
time=0.095
obj=0.792
time=0.098
obj=0.791
time=0.101
obj=0.791
time=0.104
obj=0.781
time=0.107
obj=0.778
time=0.110
obj=0.770
time=0.112
obj=0.767
time=0.115
obj=0.762
time=0.118
obj=0.759
time=0.121
obj=0.757
time=0.124
obj=0.755
time=0.127
obj=0.754
time=0.129
obj=0.744
time=0.132
obj=0.741
time=0.135
obj=0.739
time=0.137
obj=0.737
time=0.139
obj=0.737
time=0.144
obj=0.732
time=0.146
obj=0.730
time=0.148
obj=0.729
time=0.151
obj=0.729
time=0.155
obj=0.729
time=0.158
obj=0.729
time=0.161
obj=0.724
time=0.164
obj=0.718
time=0.167
obj=0.716
time=0.169
obj=0.715
time=0.174
obj=0.711
time=0.178
obj=0.710
time=0.180
obj=0.706
time=0.182
obj=0.701
time=0.185
obj=0.699
time=0.188
obj=0.699
time=0.191
obj=0.697
time=0.193
obj=0.697
time=0.196
obj=0.695
time=0.198
obj=0.694
time=0.201
obj=0.694
time=0.205
obj=0.693
time=0.208
obj=0.689
time=0.212
obj=0.687
time=0.215
obj=0.682
time=0.218
obj=0.682
time=0.220
obj=0.681
time=0.223
obj=0.675
time=0.227
obj=0.664
time=0.230
obj=0.662
time=0.234
obj=0.662
time=0.239
obj=0.658
time=0.243
obj=0.657
time=0.249
obj=0.656
time=0.251
obj=0.656
time=0.257
obj=0.655
time=0.260
obj=0.654
time=0.264
obj=0.650
time=0.267
obj=0.649
time=0.269
obj=0.649
time=0.272
obj=0.646
time=0.274
obj=0.643
time=0.277
obj=0.642
time=0.279
obj=0.640
time=0.282
obj=0.638
time=0.287
obj=0.636
time=0.294
obj=0.634
time=0.297
obj=0.628
time=0.303
obj=0.628
time=0.307
obj=0.628
time=0.312
obj=0.626
time=0.321
obj=0.625
time=0.335
obj=0.624
time=0.343
obj=0.621
time=0.349
obj=0.621
time=0.365
obj=0.621
time=0.374
obj=0.621
time=0.376
obj=0.617
time=0.388
obj=0.617
time=0.396
obj=0.615
time=0.399
obj=0.613
time=0.402
obj=0.612
time=0.427
obj=0.612
time=0.429
obj=0.612
time=0.443
obj=0.611
time=0.445
obj=0.610
time=0.450
obj=0.608
time=0.563
obj=0.607
time=0.566
obj=0.605
time=0.864
obj=0.605
time=0.866
obj=0.604
time=0.895
obj=0.604
time=0.897
obj=0.603
time=0.907
obj=0.601
time=0.995
obj=0.597
time=1.012
obj=0.596
time=1.032
obj=0.595
time=1.048
obj=0.595
time=1.445
obj=0.595
time=1.451
obj=0.592
time=1.675
obj=0.592
time=1.677
obj=0.591
time=3.126
obj=0.591
time=3.142
obj=0.591
time=3.401
obj=0.591
time=3.403
obj=0.587
time=3.742
obj=0.585
time=3.752
obj=0.584
time=3.754
obj=0.584
time=19.767
obj=0.584
time=28.354
obj=0.584
time=28.356
obj=0.583
c real margin = 0.417
