buffers=16
windows=60
args generated-large/200.txt 12345 1
original_lb=0.242
time=0.050
obj=1.071
time=0.057
obj=1.056
time=0.063
obj=1.056
time=0.065
obj=1.055
time=0.067
obj=1.054
time=0.069
obj=1.052
time=0.075
obj=1.051
time=0.078
obj=1.051
time=0.082
obj=1.048
time=0.085
obj=1.043
time=0.091
obj=1.042
time=0.095
obj=1.041
time=0.097
obj=1.040
time=0.099
obj=1.038
time=0.104
obj=1.038
time=0.109
obj=1.037
time=0.112
obj=1.036
time=0.116
obj=1.036
time=0.121
obj=1.033
time=0.125
obj=1.031
time=0.130
obj=1.031
time=0.136
obj=1.031
time=0.141
obj=1.030
time=0.146
obj=1.029
time=0.151
obj=1.028
time=0.156
obj=1.024
time=0.163
obj=1.023
time=0.167
obj=1.021
time=0.174
obj=1.021
time=0.175
obj=1.018
time=0.182
obj=1.016
time=0.189
obj=1.015
time=0.192
obj=1.014
time=0.201
obj=1.014
time=0.204
obj=1.013
time=0.207
obj=1.011
time=0.210
obj=1.011
time=0.215
obj=1.006
time=0.221
obj=1.004
time=0.226
obj=1.002
time=0.229
obj=1.001
time=0.235
obj=1.000
time=0.246
obj=0.999
time=0.249
obj=0.998
time=0.253
obj=0.998
time=0.260
obj=0.997
time=0.263
obj=0.996
time=0.274
obj=0.996
time=0.287
obj=0.996
time=0.293
obj=0.995
time=0.295
obj=0.995
time=0.302
obj=0.995
time=0.304
obj=0.995
time=0.310
obj=0.995
time=0.317
obj=0.992
time=0.319
obj=0.990
time=0.322
obj=0.989
time=0.329
obj=0.988
time=0.334
obj=0.987
time=0.339
obj=0.987
time=0.342
obj=0.985
time=0.344
obj=0.984
time=0.351
obj=0.984
time=0.360
obj=0.984
time=0.366
obj=0.983
time=0.373
obj=0.981
time=0.375
obj=0.979
time=0.383
obj=0.977
time=0.385
obj=0.977
time=0.393
obj=0.976
time=0.395
obj=0.975
time=0.398
obj=0.974
time=0.400
obj=0.973
time=0.402
obj=0.972
time=0.409
obj=0.969
time=0.420
obj=0.969
time=0.422
obj=0.969
time=0.429
obj=0.966
time=0.436
obj=0.965
time=0.442
obj=0.964
time=0.445
obj=0.963
time=0.448
obj=0.962
time=0.457
obj=0.961
time=0.463
obj=0.960
time=0.478
obj=0.960
time=0.487
obj=0.959
time=0.490
obj=0.957
time=0.493
obj=0.957
time=0.496
obj=0.955
time=0.519
obj=0.955
time=0.521
obj=0.955
time=0.524
obj=0.954
time=0.530
obj=0.954
time=0.532
obj=0.953
time=0.535
obj=0.952
time=0.611
obj=0.952
time=0.976
obj=0.952
time=0.979
obj=0.951
time=1.075
obj=0.951
time=1.076
obj=0.951
time=1.266
obj=0.951
time=1.269
obj=0.950
time=1.285
obj=0.949
time=2.805
obj=0.949
time=2.808
obj=0.946
time=3.479
obj=0.946
time=5.820
obj=0.945
time=5.821
obj=0.945
time=6.503
obj=0.943
time=8.266
obj=0.943
time=8.280
obj=0.943
time=8.342
obj=0.943
time=8.344
obj=0.942
time=15.614
obj=0.942
time=15.615
obj=0.942
time=18.622
obj=0.941
time=18.637
obj=0.938
time=30.976
obj=0.938
time=57.875
obj=0.937
time=57.876
obj=0.937
time=57.880
obj=0.935
c real margin = 0.065
