buffers=8
windows=60
args generated-large/201.txt 12345 1
original_lb=0.200
time=0.011
obj=0.846
time=0.015
obj=0.845
time=0.016
obj=0.834
time=0.017
obj=0.828
time=0.017
obj=0.826
time=0.018
obj=0.819
time=0.019
obj=0.808
time=0.019
obj=0.802
time=0.020
obj=0.776
time=0.021
obj=0.765
time=0.021
obj=0.764
time=0.022
obj=0.762
time=0.023
obj=0.759
time=0.023
obj=0.759
time=0.024
obj=0.738
time=0.025
obj=0.731
time=0.026
obj=0.726
time=0.027
obj=0.722
time=0.027
obj=0.722
time=0.028
obj=0.719
time=0.029
obj=0.719
time=0.030
obj=0.717
time=0.031
obj=0.715
time=0.031
obj=0.713
time=0.032
obj=0.708
time=0.033
obj=0.701
time=0.033
obj=0.698
time=0.035
obj=0.692
time=0.035
obj=0.691
time=0.036
obj=0.676
time=0.037
obj=0.676
time=0.038
obj=0.675
time=0.040
obj=0.672
time=0.041
obj=0.671
time=0.042
obj=0.667
time=0.042
obj=0.665
time=0.043
obj=0.665
time=0.044
obj=0.663
time=0.045
obj=0.657
time=0.045
obj=0.656
time=0.051
obj=0.656
time=0.051
obj=0.650
time=0.099
obj=0.649
time=0.123
obj=0.647
time=0.123
obj=0.646
time=0.124
obj=0.643
time=0.125
obj=0.643
time=0.125
obj=0.639
time=0.126
obj=0.636
time=0.720
obj=0.635
time=0.724
obj=0.634
time=0.724
obj=0.633
time=0.725
obj=0.630
time=0.727
obj=0.629
time=0.727
obj=0.625
time=0.728
obj=0.625
time=1.045
obj=0.624
time=1.599
obj=0.624
time=1.600
obj=0.623
time=6.782
obj=0.623
time=7.967
obj=0.619
time=7.968
obj=0.617
time=9.176
obj=0.611
c real margin = 0.389
