buffers=16
windows=80
args generated-large/204.txt 12345 1
original_lb=0.215
time=0.074
obj=0.949
time=0.099
obj=0.949
time=0.102
obj=0.937
time=0.106
obj=0.915
time=0.110
obj=0.914
time=0.114
obj=0.910
time=0.118
obj=0.893
time=0.122
obj=0.893
time=0.127
obj=0.889
time=0.130
obj=0.887
time=0.133
obj=0.884
time=0.137
obj=0.876
time=0.142
obj=0.875
time=0.145
obj=0.870
time=0.148
obj=0.861
time=0.153
obj=0.854
time=0.157
obj=0.849
time=0.160
obj=0.844
time=0.164
obj=0.841
time=0.169
obj=0.840
time=0.172
obj=0.839
time=0.175
obj=0.832
time=0.179
obj=0.830
time=0.182
obj=0.830
time=0.187
obj=0.823
time=0.191
obj=0.822
time=0.194
obj=0.822
time=0.198
obj=0.820
time=0.203
obj=0.819
time=0.206
obj=0.814
time=0.211
obj=0.812
time=0.214
obj=0.805
time=0.217
obj=0.805
time=0.221
obj=0.802
time=0.226
obj=0.801
time=0.230
obj=0.797
time=0.233
obj=0.792
time=0.236
obj=0.790
time=0.241
obj=0.789
time=0.245
obj=0.787
time=0.249
obj=0.787
time=0.252
obj=0.786
time=0.258
obj=0.780
time=0.262
obj=0.779
time=0.266
obj=0.778
time=0.269
obj=0.778
time=0.274
obj=0.777
time=0.280
obj=0.776
time=0.283
obj=0.772
time=0.290
obj=0.771
time=0.295
obj=0.768
time=0.300
obj=0.760
time=0.305
obj=0.760
time=0.311
obj=0.759
time=0.315
obj=0.758
time=0.319
obj=0.756
time=0.322
obj=0.750
time=0.328
obj=0.744
time=0.333
obj=0.743
time=0.338
obj=0.743
time=0.344
obj=0.742
time=0.350
obj=0.739
time=0.353
obj=0.738
time=0.357
obj=0.735
time=0.361
obj=0.732
time=0.369
obj=0.731
time=0.373
obj=0.730
time=0.379
obj=0.729
time=0.387
obj=0.726
time=0.393
obj=0.725
time=0.397
obj=0.723
time=0.401
obj=0.723
time=0.405
obj=0.721
time=0.409
obj=0.719
time=0.413
obj=0.719
time=0.417
obj=0.718
time=0.422
obj=0.716
time=0.426
obj=0.716
time=0.430
obj=0.713
time=0.433
obj=0.711
time=0.437
obj=0.711
time=0.440
obj=0.711
time=0.444
obj=0.710
time=0.448
obj=0.708
time=0.452
obj=0.704
time=0.460
obj=0.703
time=0.466
obj=0.701
time=0.474
obj=0.699
time=0.480
obj=0.699
time=0.486
obj=0.698
time=0.489
obj=0.697
time=0.493
obj=0.695
time=0.498
obj=0.694
time=0.502
obj=0.694
time=0.510
obj=0.692
time=0.517
obj=0.690
time=0.522
obj=0.690
time=0.531
obj=0.690
time=0.537
obj=0.690
time=0.543
obj=0.690
time=0.551
obj=0.690
time=0.556
obj=0.689
time=0.560
obj=0.688
time=0.569
obj=0.685
time=0.577
obj=0.683
time=0.582
obj=0.683
time=0.586
obj=0.683
time=0.593
obj=0.681
time=0.597
obj=0.681
time=0.605
obj=0.680
time=0.610
obj=0.678
time=0.613
obj=0.676
time=0.618
obj=0.675
time=0.622
obj=0.674
time=0.625
obj=0.673
time=0.631
obj=0.672
time=0.640
obj=0.671
time=0.654
obj=0.671
time=0.658
obj=0.670
time=0.665
obj=0.670
time=0.670
obj=0.670
time=0.674
obj=0.668
time=0.677
obj=0.668
time=0.687
obj=0.667
time=0.691
obj=0.667
time=0.695
obj=0.667
time=0.698
obj=0.666
time=0.702
obj=0.665
time=0.706
obj=0.665
time=0.728
obj=0.665
time=0.731
obj=0.665
time=0.736
obj=0.662
time=0.741
obj=0.661
time=0.744
obj=0.660
time=0.763
obj=0.660
time=0.767
obj=0.660
time=0.775
obj=0.659
time=0.784
obj=0.656
time=0.796
obj=0.655
time=0.810
obj=0.652
time=0.822
obj=0.652
time=0.825
obj=0.651
time=0.829
obj=0.650
time=0.832
obj=0.646
time=0.836
obj=0.646
time=0.840
obj=0.644
time=0.844
obj=0.642
time=1.926
obj=0.641
time=1.927
obj=0.637
time=1.929
obj=0.637
time=3.790
obj=0.635
time=3.792
obj=0.635
time=9.348
obj=0.635
time=9.352
obj=0.632
time=16.203
obj=0.631
time=16.213
obj=0.631
time=16.215
obj=0.629
time=22.228
obj=0.628
time=36.360
obj=0.627
c real margin = 0.373
