buffers=24
windows=60
args generated-large/205.txt 12345 1
original_lb=0.228
time=0.226
obj=0.998
time=0.257
obj=0.997
time=0.263
obj=0.994
time=0.272
obj=0.992
time=0.280
obj=0.991
time=0.286
obj=0.983
time=0.294
obj=0.981
time=0.302
obj=0.978
time=0.311
obj=0.977
time=0.318
obj=0.975
time=0.325
obj=0.972
time=0.331
obj=0.965
time=0.338
obj=0.964
time=0.348
obj=0.960
time=0.355
obj=0.959
time=0.362
obj=0.955
time=0.369
obj=0.951
time=0.376
obj=0.950
time=0.383
obj=0.950
time=0.391
obj=0.939
time=0.402
obj=0.937
time=0.412
obj=0.931
time=0.419
obj=0.927
time=0.426
obj=0.920
time=0.433
obj=0.920
time=0.440
obj=0.916
time=0.447
obj=0.909
time=0.454
obj=0.902
time=0.464
obj=0.899
time=0.471
obj=0.899
time=0.477
obj=0.898
time=0.488
obj=0.897
time=0.498
obj=0.894
time=0.505
obj=0.894
time=0.512
obj=0.893
time=0.522
obj=0.892
time=0.530
obj=0.892
time=0.538
obj=0.891
time=0.545
obj=0.888
time=0.552
obj=0.887
time=0.559
obj=0.885
time=0.570
obj=0.884
time=0.577
obj=0.883
time=0.586
obj=0.881
time=0.595
obj=0.877
time=0.605
obj=0.877
time=0.614
obj=0.876
time=0.623
obj=0.876
time=0.630
obj=0.873
time=0.637
obj=0.866
time=0.644
obj=0.865
time=0.650
obj=0.857
time=0.661
obj=0.855
time=0.671
obj=0.854
time=0.678
obj=0.853
time=0.686
obj=0.851
time=0.693
obj=0.847
time=0.700
obj=0.840
time=0.707
obj=0.831
time=0.716
obj=0.831
time=0.727
obj=0.826
time=0.734
obj=0.825
time=0.741
obj=0.825
time=0.753
obj=0.823
time=0.761
obj=0.816
time=0.768
obj=0.814
time=0.775
obj=0.808
time=0.786
obj=0.807
time=0.794
obj=0.807
time=0.801
obj=0.807
time=0.815
obj=0.805
time=0.825
obj=0.804
time=0.832
obj=0.802
time=0.840
obj=0.801
time=0.847
obj=0.800
time=0.854
obj=0.799
time=0.864
obj=0.799
time=0.876
obj=0.799
time=0.884
obj=0.797
time=0.891
obj=0.796
time=0.901
obj=0.795
time=0.908
obj=0.790
time=0.915
obj=0.788
time=0.928
obj=0.786
time=0.935
obj=0.784
time=0.946
obj=0.783
time=0.953
obj=0.783
time=0.959
obj=0.781
time=0.966
obj=0.778
time=0.974
obj=0.776
time=0.984
obj=0.772
time=0.991
obj=0.772
time=0.997
obj=0.770
time=1.007
obj=0.768
time=1.018
obj=0.767
time=1.027
obj=0.766
time=1.036
obj=0.766
time=1.048
obj=0.766
time=1.061
obj=0.764
time=1.069
obj=0.763
time=1.081
obj=0.762
time=1.090
obj=0.762
time=1.097
obj=0.761
time=1.104
obj=0.760
time=1.111
obj=0.759
time=1.120
obj=0.759
time=1.128
obj=0.758
time=1.134
obj=0.757
time=1.143
obj=0.752
time=1.155
obj=0.752
time=1.167
obj=0.752
time=1.175
obj=0.752
time=1.182
obj=0.750
time=1.195
obj=0.749
time=1.201
obj=0.748
time=1.213
obj=0.746
time=1.220
obj=0.745
time=1.230
obj=0.744
time=1.241
obj=0.744
time=1.247
obj=0.743
time=1.257
obj=0.742
time=1.263
obj=0.742
time=1.275
obj=0.740
time=1.286
obj=0.739
time=1.293
obj=0.739
time=1.308
obj=0.738
time=1.323
obj=0.737
time=1.328
obj=0.737
time=1.339
obj=0.737
time=1.347
obj=0.736
time=1.353
obj=0.736
time=1.363
obj=0.736
time=1.376
obj=0.735
time=1.386
obj=0.734
time=1.391
obj=0.733
time=1.404
obj=0.732
time=1.415
obj=0.732
time=1.422
obj=0.729
time=1.428
obj=0.729
time=1.440
obj=0.727
time=1.446
obj=0.727
time=1.454
obj=0.727
time=1.460
obj=0.726
time=1.466
obj=0.725
time=1.475
obj=0.724
time=1.480
obj=0.723
time=1.489
obj=0.722
time=1.500
obj=0.722
time=1.505
obj=0.721
time=1.511
obj=0.720
time=1.515
obj=0.719
time=1.522
obj=0.716
time=1.529
obj=0.715
time=1.538
obj=0.714
time=1.544
obj=0.714
time=1.552
obj=0.714
time=1.557
obj=0.711
time=1.564
obj=0.711
time=1.577
obj=0.711
time=1.588
obj=0.711
time=1.594
obj=0.710
time=1.599
obj=0.710
time=1.612
obj=0.710
time=1.616
obj=0.709
time=1.634
obj=0.708
time=1.642
obj=0.708
time=1.654
obj=0.705
time=1.658
obj=0.705
time=1.663
obj=0.703
time=1.677
obj=0.703
time=1.685
obj=0.703
time=1.689
obj=0.702
time=1.696
obj=0.702
time=1.703
obj=0.702
time=1.708
obj=0.702
time=1.717
obj=0.702
time=1.724
obj=0.702
time=1.729
obj=0.701
time=1.734
obj=0.700
time=1.745
obj=0.700
time=1.750
obj=0.699
time=1.754
obj=0.699
time=1.758
obj=0.698
time=1.762
obj=0.697
time=1.771
obj=0.696
time=1.782
obj=0.695
time=1.793
obj=0.694
time=1.796
obj=0.694
time=1.803
obj=0.694
time=1.809
obj=0.691
time=1.821
obj=0.691
time=1.833
obj=0.690
time=1.837
obj=0.689
time=1.843
obj=0.689
time=1.853
obj=0.689
time=1.860
obj=0.689
time=1.866
obj=0.687
time=1.871
obj=0.687
time=1.875
obj=0.686
time=1.882
obj=0.686
time=1.888
obj=0.685
time=1.891
obj=0.684
time=1.902
obj=0.684
time=1.906
obj=0.683
time=1.910
obj=0.683
time=1.913
obj=0.682
time=2.106
obj=0.682
time=2.111
obj=0.682
time=2.128
obj=0.681
time=2.135
obj=0.681
time=2.213
obj=0.681
time=2.219
obj=0.681
time=2.226
obj=0.681
time=2.233
obj=0.680
time=2.237
obj=0.678
time=2.240
obj=0.678
time=2.244
obj=0.676
time=2.249
obj=0.675
time=2.255
obj=0.675
time=2.264
obj=0.674
time=2.268
obj=0.674
time=2.272
obj=0.674
time=2.679
obj=0.673
time=2.686
obj=0.673
time=5.397
obj=0.673
time=5.400
obj=0.673
time=5.411
obj=0.671
time=5.415
obj=0.671
time=5.418
obj=0.671
time=5.423
obj=0.671
time=5.430
obj=0.670
time=5.465
obj=0.670
time=5.468
obj=0.669
time=5.476
obj=0.668
time=5.480
obj=0.667
time=5.489
obj=0.666
time=5.495
obj=0.666
time=5.499
obj=0.666
time=7.640
obj=0.665
time=7.646
obj=0.664
time=8.910
obj=0.664
time=8.917
obj=0.664
time=8.921
obj=0.663
time=15.188
obj=0.662
time=15.215
obj=0.662
time=15.227
obj=0.662
time=15.230
obj=0.662
time=15.234
obj=0.661
time=15.238
obj=0.660
time=15.243
obj=0.660
time=15.249
obj=0.658
time=15.264
obj=0.658
time=15.268
obj=0.658
time=15.277
obj=0.657
time=15.281
obj=0.656
time=40.525
obj=0.656
time=40.528
obj=0.655
time=40.535
obj=0.655
time=40.541
obj=0.655
time=40.545
obj=0.654
c real margin = 0.346
