buffers=8
windows=20
args generated-large/207.txt 12345 1
original_lb=0.210
time=0.015
obj=0.712
time=0.017
obj=0.711
time=0.018
obj=0.675
time=0.019
obj=0.646
time=0.020
obj=0.641
time=0.021
obj=0.630
time=0.023
obj=0.628
time=0.024
obj=0.607
time=0.025
obj=0.606
time=0.027
obj=0.601
time=0.029
obj=0.595
time=0.030
obj=0.592
time=0.031
obj=0.587
time=0.032
obj=0.586
time=0.033
obj=0.581
time=0.035
obj=0.580
time=0.036
obj=0.570
time=0.037
obj=0.568
time=0.039
obj=0.553
time=0.041
obj=0.552
time=0.042
obj=0.550
time=0.043
obj=0.540
time=0.045
obj=0.540
time=0.047
obj=0.537
time=0.049
obj=0.518
time=0.050
obj=0.518
time=0.051
obj=0.513
time=0.052
obj=0.513
time=0.054
obj=0.511
time=0.055
obj=0.499
time=0.056
obj=0.498
time=0.058
obj=0.496
time=0.066
obj=0.494
time=0.069
obj=0.494
time=0.093
obj=0.493
time=0.094
obj=0.490
time=0.096
obj=0.488
time=0.145
obj=0.488
time=0.146
obj=0.484
time=0.191
obj=0.483
time=0.192
obj=0.482
time=0.243
obj=0.479
time=0.315
obj=0.474
time=0.316
obj=0.474
time=0.336
obj=0.473
time=0.549
obj=0.473
time=0.555
obj=0.469
time=0.555
obj=0.468
time=0.556
obj=0.467
time=0.889
obj=0.466
time=0.890
obj=0.462
time=0.892
obj=0.462
c real margin = 0.538
