buffers=16
windows=60
args generated-large/208.txt 12345 1
original_lb=0.241
time=0.082
obj=0.748
time=0.099
obj=0.666
time=0.103
obj=0.654
time=0.107
obj=0.648
time=0.111
obj=0.643
time=0.114
obj=0.632
time=0.118
obj=0.631
time=0.121
obj=0.629
time=0.125
obj=0.625
time=0.128
obj=0.624
time=0.132
obj=0.617
time=0.138
obj=0.616
time=0.143
obj=0.615
time=0.148
obj=0.609
time=0.151
obj=0.606
time=0.156
obj=0.602
time=0.160
obj=0.597
time=0.163
obj=0.596
time=0.168
obj=0.596
time=0.172
obj=0.594
time=0.176
obj=0.593
time=0.179
obj=0.592
time=0.183
obj=0.589
time=0.188
obj=0.586
time=0.191
obj=0.582
time=0.195
obj=0.582
time=0.199
obj=0.575
time=0.204
obj=0.568
time=0.208
obj=0.561
time=0.212
obj=0.558
time=0.216
obj=0.555
time=0.220
obj=0.554
time=0.224
obj=0.554
time=0.231
obj=0.554
time=0.234
obj=0.550
time=0.238
obj=0.550
time=0.242
obj=0.549
time=0.245
obj=0.547
time=0.251
obj=0.546
time=0.255
obj=0.545
time=0.259
obj=0.538
time=0.264
obj=0.537
time=0.268
obj=0.536
time=0.272
obj=0.535
time=0.276
obj=0.530
time=0.280
obj=0.529
time=0.284
obj=0.527
time=0.290
obj=0.526
time=0.294
obj=0.523
time=0.297
obj=0.521
time=0.301
obj=0.521
time=0.305
obj=0.518
time=0.309
obj=0.516
time=0.314
obj=0.514
time=0.318
obj=0.513
time=0.322
obj=0.512
time=0.328
obj=0.510
time=0.332
obj=0.510
time=0.337
obj=0.509
time=0.341
obj=0.506
time=0.346
obj=0.505
time=0.353
obj=0.505
time=0.360
obj=0.504
time=0.369
obj=0.504
time=0.374
obj=0.503
time=0.378
obj=0.503
time=0.382
obj=0.503
time=0.386
obj=0.501
time=0.393
obj=0.501
time=0.398
obj=0.498
time=0.403
obj=0.496
time=0.408
obj=0.495
time=0.413
obj=0.495
time=0.425
obj=0.495
time=0.429
obj=0.492
time=0.433
obj=0.491
time=0.437
obj=0.487
time=0.443
obj=0.485
time=0.447
obj=0.485
time=0.457
obj=0.484
time=0.463
obj=0.484
time=0.468
obj=0.481
time=0.479
obj=0.480
time=0.486
obj=0.480
time=0.490
obj=0.477
time=0.501
obj=0.477
time=0.504
obj=0.475
time=0.508
obj=0.475
time=0.744
obj=0.474
time=0.757
obj=0.474
time=0.760
obj=0.474
time=0.764
obj=0.471
time=1.082
obj=0.470
time=1.087
obj=0.468
time=1.187
obj=0.468
time=1.191
obj=0.468
time=1.198
obj=0.465
time=2.558
obj=0.463
time=2.560
obj=0.463
time=3.692
obj=0.463
time=3.694
obj=0.462
time=3.923
obj=0.461
time=4.097
obj=0.460
time=4.099
obj=0.459
time=4.102
obj=0.458
time=4.105
obj=0.457
time=4.109
obj=0.457
time=4.111
obj=0.456
time=4.113
obj=0.455
time=4.115
obj=0.455
time=7.682
obj=0.454
time=7.684
obj=0.453
time=25.885
obj=0.453
time=25.887
obj=0.453
c real margin = 0.547
