buffers=8
windows=60
args generated-large/209.txt 12345 1
original_lb=0.191
time=0.014
obj=1.012
time=0.018
obj=1.006
time=0.019
obj=0.996
time=0.020
obj=0.995
time=0.021
obj=0.991
time=0.022
obj=0.990
time=0.023
obj=0.956
time=0.024
obj=0.948
time=0.025
obj=0.947
time=0.026
obj=0.946
time=0.028
obj=0.944
time=0.029
obj=0.933
time=0.030
obj=0.913
time=0.031
obj=0.898
time=0.032
obj=0.894
time=0.033
obj=0.885
time=0.034
obj=0.878
time=0.035
obj=0.877
time=0.037
obj=0.876
time=0.038
obj=0.874
time=0.039
obj=0.871
time=0.040
obj=0.864
time=0.041
obj=0.863
time=0.042
obj=0.861
time=0.044
obj=0.861
time=0.045
obj=0.857
time=0.046
obj=0.857
time=0.047
obj=0.847
time=0.048
obj=0.847
time=0.049
obj=0.837
time=0.050
obj=0.836
time=0.052
obj=0.835
time=0.053
obj=0.833
time=0.054
obj=0.831
time=0.056
obj=0.831
time=0.060
obj=0.828
time=0.061
obj=0.823
time=0.062
obj=0.823
time=0.063
obj=0.822
time=0.066
obj=0.822
time=0.067
obj=0.816
time=0.069
obj=0.815
time=0.070
obj=0.811
time=0.073
obj=0.808
time=0.074
obj=0.806
time=0.075
obj=0.803
time=0.077
obj=0.802
time=0.078
obj=0.802
time=0.081
obj=0.797
time=0.082
obj=0.787
time=0.090
obj=0.785
time=0.092
obj=0.783
time=0.092
obj=0.783
time=0.093
obj=0.780
time=0.095
obj=0.779
time=0.096
obj=0.775
time=0.098
obj=0.774
time=0.099
obj=0.771
time=0.100
obj=0.766
time=0.103
obj=0.763
time=0.162
obj=0.763
time=0.163
obj=0.762
time=0.164
obj=0.761
time=0.165
obj=0.761
time=0.821
obj=0.759
time=0.822
obj=0.757
time=0.824
obj=0.754
time=0.826
obj=0.751
time=0.827
obj=0.748
time=0.872
obj=0.741
time=2.485
obj=0.741
time=2.486
obj=0.737
time=4.967
obj=0.736
time=10.368
obj=0.735
time=10.369
obj=0.733
time=15.255
obj=0.731
time=15.257
obj=0.729
time=28.572
obj=0.729
time=31.056
obj=0.729
time=31.056
obj=0.729
time=33.372
obj=0.728
time=33.373
obj=0.727
c real margin = 0.273
