buffers=8
windows=80
args generated-large/21.txt 12345 1
original_lb=0.192
time=0.010
obj=1.080
time=0.011
obj=1.020
time=0.013
obj=1.018
time=0.014
obj=1.018
time=0.015
obj=1.016
time=0.016
obj=1.015
time=0.017
obj=1.012
time=0.017
obj=1.010
time=0.018
obj=1.009
time=0.019
obj=1.006
time=0.020
obj=1.005
time=0.022
obj=1.003
time=0.022
obj=1.002
time=0.023
obj=1.000
time=0.023
obj=0.999
time=0.024
obj=0.997
time=0.025
obj=0.994
time=0.026
obj=0.988
time=0.026
obj=0.987
time=0.027
obj=0.986
time=0.028
obj=0.985
time=0.029
obj=0.983
time=0.030
obj=0.982
time=0.031
obj=0.981
time=0.031
obj=0.979
time=0.032
obj=0.977
time=0.033
obj=0.976
time=0.034
obj=0.972
time=0.034
obj=0.970
time=0.035
obj=0.969
time=0.036
obj=0.964
time=0.037
obj=0.963
time=0.038
obj=0.962
time=0.039
obj=0.960
time=0.039
obj=0.958
time=0.040
obj=0.958
time=0.041
obj=0.956
time=0.042
obj=0.954
time=0.043
obj=0.953
time=0.043
obj=0.953
time=0.044
obj=0.951
time=0.045
obj=0.948
time=0.046
obj=0.946
time=0.047
obj=0.943
time=0.048
obj=0.943
time=0.049
obj=0.941
time=0.050
obj=0.939
time=0.050
obj=0.939
time=0.051
obj=0.938
time=0.053
obj=0.937
time=0.054
obj=0.936
time=0.054
obj=0.933
time=0.055
obj=0.933
time=0.056
obj=0.933
time=0.058
obj=0.932
time=0.059
obj=0.929
time=0.060
obj=0.929
time=0.061
obj=0.929
time=0.061
obj=0.929
time=0.062
obj=0.924
time=0.063
obj=0.922
time=0.065
obj=0.920
time=0.065
obj=0.920
time=0.067
obj=0.919
time=0.068
obj=0.915
time=0.068
obj=0.915
time=0.070
obj=0.913
time=0.071
obj=0.912
time=0.073
obj=0.912
time=0.075
obj=0.911
time=0.077
obj=0.910
time=0.078
obj=0.909
time=0.079
obj=0.906
time=0.082
obj=0.906
time=0.082
obj=0.903
time=0.083
obj=0.903
time=0.084
obj=0.902
time=0.085
obj=0.901
time=0.087
obj=0.901
time=0.088
obj=0.899
time=0.090
obj=0.898
time=0.090
obj=0.898
time=0.113
obj=0.895
time=0.114
obj=0.893
time=0.135
obj=0.892
time=0.135
obj=0.889
time=0.138
obj=0.889
time=0.139
obj=0.888
time=0.142
obj=0.888
time=0.142
obj=0.888
time=0.182
obj=0.885
time=0.216
obj=0.884
time=0.216
obj=0.884
time=0.238
obj=0.883
time=0.264
obj=0.881
time=0.265
obj=0.881
time=0.265
obj=0.881
time=0.268
obj=0.880
time=0.335
obj=0.878
time=0.365
obj=0.874
time=0.366
obj=0.874
time=0.386
obj=0.874
time=0.409
obj=0.871
time=0.409
obj=0.871
time=0.411
obj=0.869
time=0.601
obj=0.867
time=0.624
obj=0.867
time=0.624
obj=0.865
time=0.626
obj=0.865
time=0.696
obj=0.864
time=0.699
obj=0.863
time=0.700
obj=0.863
time=0.701
obj=0.862
time=0.703
obj=0.862
time=0.704
obj=0.860
time=0.748
obj=0.858
time=0.817
obj=0.858
time=0.817
obj=0.858
time=0.819
obj=0.857
time=1.065
obj=0.857
time=1.354
obj=0.857
time=1.400
obj=0.855
time=1.400
obj=0.854
time=1.712
obj=0.854
time=1.794
obj=0.854
time=1.795
obj=0.853
time=1.796
obj=0.849
time=1.848
obj=0.847
time=1.849
obj=0.846
time=3.847
obj=0.846
time=4.551
obj=0.844
time=6.003
obj=0.844
time=6.678
obj=0.842
time=10.004
obj=0.842
time=45.201
obj=0.842
time=45.201
obj=0.841
c real margin = 0.159
