buffers=8
windows=20
args generated-large/210.txt 12345 1
original_lb=0.240
time=0.015
obj=0.479
time=0.018
obj=0.459
time=0.019
obj=0.448
time=0.020
obj=0.442
time=0.021
obj=0.411
time=0.023
obj=0.398
time=0.024
obj=0.394
time=0.025
obj=0.386
time=0.026
obj=0.343
time=0.028
obj=0.343
time=0.030
obj=0.341
time=0.031
obj=0.338
time=0.033
obj=0.338
time=0.035
obj=0.336
time=0.036
obj=0.336
time=0.038
obj=0.331
time=0.040
obj=0.331
time=0.041
obj=0.328
time=0.043
obj=0.322
time=0.046
obj=0.317
time=0.047
obj=0.307
time=0.099
obj=0.307
time=0.253
obj=0.307
time=0.254
obj=0.302
time=0.256
obj=0.302
time=0.312
obj=0.300
time=0.313
obj=0.298
c real margin = 0.702
