buffers=24
windows=20
args generated-large/211.txt 12345 1
original_lb=0.256
time=0.213
obj=0.495
time=0.229
obj=0.467
time=0.236
obj=0.467
time=0.243
obj=0.449
time=0.250
obj=0.422
time=0.259
obj=0.422
time=0.266
obj=0.384
time=0.273
obj=0.372
time=0.281
obj=0.362
time=0.289
obj=0.339
time=0.297
obj=0.335
time=0.305
obj=0.328
time=0.313
obj=0.320
time=0.324
obj=0.319
time=0.333
obj=0.318
time=0.342
obj=0.314
time=0.350
obj=0.305
time=0.359
obj=0.299
time=0.369
obj=0.299
time=0.377
obj=0.296
time=0.386
obj=0.292
c real margin = 0.708
