buffers=16
windows=40
args generated-large/212.txt 12345 1
original_lb=0.249
time=0.063
obj=0.742
time=0.073
obj=0.600
time=0.076
obj=0.581
time=0.079
obj=0.581
time=0.082
obj=0.550
time=0.085
obj=0.536
time=0.088
obj=0.510
time=0.091
obj=0.496
time=0.095
obj=0.495
time=0.098
obj=0.492
time=0.102
obj=0.474
time=0.106
obj=0.472
time=0.110
obj=0.465
time=0.113
obj=0.462
time=0.117
obj=0.461
time=0.120
obj=0.461
time=0.123
obj=0.461
time=0.127
obj=0.459
time=0.132
obj=0.455
time=0.136
obj=0.455
time=0.140
obj=0.453
time=0.143
obj=0.445
time=0.147
obj=0.443
time=0.150
obj=0.436
time=0.153
obj=0.435
time=0.157
obj=0.428
time=0.161
obj=0.426
time=0.165
obj=0.425
time=0.169
obj=0.419
time=0.175
obj=0.419
time=0.178
obj=0.418
time=0.182
obj=0.413
time=0.185
obj=0.413
time=0.189
obj=0.411
time=0.192
obj=0.411
time=0.238
obj=0.410
time=0.242
obj=0.406
time=0.245
obj=0.404
time=0.251
obj=0.403
time=0.346
obj=0.402
time=0.350
obj=0.401
time=0.353
obj=0.398
time=0.356
obj=0.395
time=0.364
obj=0.395
time=0.367
obj=0.393
time=0.370
obj=0.393
time=0.373
obj=0.391
time=0.719
obj=0.389
time=0.875
obj=0.389
time=0.879
obj=0.389
time=0.884
obj=0.389
time=0.890
obj=0.388
time=0.893
obj=0.387
time=0.897
obj=0.387
time=3.237
obj=0.386
time=3.239
obj=0.383
time=3.241
obj=0.383
time=39.814
obj=0.383
c real margin = 0.617
