buffers=16
windows=80
args generated-large/214.txt 12345 1
original_lb=0.232
time=0.084
obj=0.878
time=0.106
obj=0.753
time=0.110
obj=0.728
time=0.114
obj=0.727
time=0.117
obj=0.725
time=0.121
obj=0.724
time=0.125
obj=0.722
time=0.128
obj=0.717
time=0.132
obj=0.709
time=0.136
obj=0.698
time=0.139
obj=0.693
time=0.143
obj=0.660
time=0.147
obj=0.654
time=0.151
obj=0.646
time=0.155
obj=0.628
time=0.158
obj=0.623
time=0.162
obj=0.619
time=0.166
obj=0.615
time=0.170
obj=0.614
time=0.174
obj=0.609
time=0.178
obj=0.607
time=0.182
obj=0.598
time=0.186
obj=0.595
time=0.190
obj=0.587
time=0.194
obj=0.582
time=0.198
obj=0.579
time=0.202
obj=0.573
time=0.206
obj=0.569
time=0.209
obj=0.563
time=0.213
obj=0.562
time=0.217
obj=0.562
time=0.222
obj=0.561
time=0.226
obj=0.559
time=0.229
obj=0.551
time=0.233
obj=0.544
time=0.238
obj=0.541
time=0.242
obj=0.539
time=0.246
obj=0.535
time=0.250
obj=0.534
time=0.254
obj=0.534
time=0.258
obj=0.534
time=0.262
obj=0.533
time=0.266
obj=0.531
time=0.270
obj=0.526
time=0.274
obj=0.523
time=0.279
obj=0.522
time=0.283
obj=0.521
time=0.287
obj=0.521
time=0.291
obj=0.519
time=0.295
obj=0.518
time=0.299
obj=0.517
time=0.304
obj=0.514
time=0.308
obj=0.514
time=0.312
obj=0.514
time=0.316
obj=0.513
time=0.320
obj=0.510
time=0.324
obj=0.509
time=0.329
obj=0.505
time=0.334
obj=0.505
time=0.339
obj=0.504
time=0.343
obj=0.501
time=0.347
obj=0.500
time=0.351
obj=0.497
time=0.355
obj=0.495
time=0.359
obj=0.494
time=0.363
obj=0.493
time=0.368
obj=0.491
time=0.372
obj=0.491
time=0.376
obj=0.491
time=0.380
obj=0.490
time=0.384
obj=0.489
time=0.390
obj=0.489
time=0.395
obj=0.488
time=0.399
obj=0.487
time=0.404
obj=0.486
time=0.413
obj=0.486
time=0.417
obj=0.484
time=0.421
obj=0.482
time=0.425
obj=0.480
time=0.429
obj=0.480
time=0.433
obj=0.479
time=0.438
obj=0.479
time=0.442
obj=0.477
time=0.446
obj=0.476
time=0.451
obj=0.472
time=0.455
obj=0.468
time=0.459
obj=0.464
time=0.463
obj=0.464
time=0.467
obj=0.463
time=0.472
obj=0.461
time=0.476
obj=0.461
time=0.482
obj=0.461
time=0.486
obj=0.458
time=0.491
obj=0.458
time=0.495
obj=0.456
time=0.499
obj=0.456
time=0.504
obj=0.455
time=0.513
obj=0.455
time=0.519
obj=0.454
time=0.524
obj=0.452
time=0.527
obj=0.450
time=0.532
obj=0.449
time=0.592
obj=0.449
time=0.596
obj=0.448
time=0.600
obj=0.447
time=0.604
obj=0.447
time=0.608
obj=0.446
time=0.611
obj=0.445
time=0.676
obj=0.445
time=0.735
obj=0.443
time=0.742
obj=0.442
time=0.746
obj=0.441
time=0.751
obj=0.441
time=0.755
obj=0.441
time=0.759
obj=0.441
time=0.763
obj=0.440
time=0.767
obj=0.440
time=0.986
obj=0.440
time=0.990
obj=0.439
time=1.153
obj=0.439
time=1.157
obj=0.438
time=1.161
obj=0.438
time=1.472
obj=0.437
time=1.474
obj=0.437
time=1.477
obj=0.436
time=1.481
obj=0.436
time=1.484
obj=0.436
time=1.487
obj=0.436
time=1.492
obj=0.435
time=1.496
obj=0.434
time=1.499
obj=0.434
time=1.503
obj=0.434
time=1.506
obj=0.433
time=1.512
obj=0.433
time=1.517
obj=0.432
time=1.519
obj=0.431
time=1.522
obj=0.429
time=1.574
obj=0.429
time=1.577
obj=0.429
time=1.623
obj=0.427
time=1.741
obj=0.427
time=1.744
obj=0.427
time=1.747
obj=0.426
time=1.749
obj=0.425
time=1.752
obj=0.425
time=1.754
obj=0.424
time=1.759
obj=0.424
time=1.762
obj=0.421
time=1.765
obj=0.420
time=1.768
obj=0.419
time=1.770
obj=0.418
time=3.828
obj=0.418
time=3.831
obj=0.417
time=3.834
obj=0.417
time=3.837
obj=0.417
time=3.840
obj=0.415
time=3.844
obj=0.415
time=3.846
obj=0.415
time=4.752
obj=0.415
time=4.756
obj=0.414
time=4.758
obj=0.412
time=4.761
obj=0.411
time=4.763
obj=0.411
time=4.994
obj=0.410
time=4.997
obj=0.410
time=6.306
obj=0.410
time=6.312
obj=0.409
time=6.314
obj=0.409
time=7.657
obj=0.408
time=7.660
obj=0.408
time=7.662
obj=0.408
time=7.664
obj=0.407
time=7.668
obj=0.406
time=11.323
obj=0.406
time=11.326
obj=0.405
time=11.328
obj=0.405
time=11.331
obj=0.404
time=13.599
obj=0.404
time=13.601
obj=0.404
time=13.604
obj=0.403
time=17.794
obj=0.403
time=17.798
obj=0.402
time=23.454
obj=0.402
time=23.456
obj=0.401
time=53.521
obj=0.400
c real margin = 0.600
