buffers=16
windows=20
args generated-large/217.txt 12345 1
original_lb=0.267
time=0.051
obj=0.904
time=0.060
obj=0.900
time=0.064
obj=0.900
time=0.067
obj=0.896
time=0.072
obj=0.883
time=0.079
obj=0.878
time=0.082
obj=0.871
time=0.085
obj=0.867
time=0.089
obj=0.862
time=0.092
obj=0.857
time=0.095
obj=0.855
time=0.098
obj=0.851
time=0.101
obj=0.848
time=0.106
obj=0.837
time=0.109
obj=0.827
time=0.111
obj=0.819
time=0.116
obj=0.819
time=0.122
obj=0.809
time=0.129
obj=0.796
time=0.141
obj=0.793
time=0.144
obj=0.786
time=0.151
obj=0.785
time=0.158
obj=0.783
time=0.170
obj=0.774
time=0.171
obj=0.762
time=0.174
obj=0.761
time=0.196
obj=0.761
time=0.199
obj=0.760
time=0.208
obj=0.760
time=0.212
obj=0.760
time=0.277
obj=0.759
time=0.279
obj=0.754
time=0.597
obj=0.753
time=0.599
obj=0.751
time=0.602
obj=0.749
time=0.608
obj=0.745
time=1.002
obj=0.744
time=1.004
obj=0.743
time=1.180
obj=0.743
time=1.181
obj=0.742
time=1.301
obj=0.742
time=3.513
obj=0.740
time=3.515
obj=0.738
time=3.520
obj=0.733
time=3.523
obj=0.727
time=5.440
obj=0.727
time=11.928
obj=0.727
time=21.196
obj=0.726
c real margin = 0.274
