buffers=24
windows=40
args generated-large/219.txt 12345 1
original_lb=0.249
time=0.232
obj=0.855
time=0.266
obj=0.850
time=0.282
obj=0.848
time=0.290
obj=0.847
time=0.304
obj=0.845
time=0.310
obj=0.845
time=0.317
obj=0.840
time=0.332
obj=0.839
time=0.340
obj=0.837
time=0.353
obj=0.835
time=0.368
obj=0.833
time=0.388
obj=0.832
time=0.407
obj=0.831
time=0.413
obj=0.830
time=0.428
obj=0.829
time=0.438
obj=0.827
time=0.460
obj=0.826
time=0.477
obj=0.826
time=0.495
obj=0.826
time=0.510
obj=0.824
time=0.528
obj=0.821
time=0.540
obj=0.820
time=0.555
obj=0.819
time=0.560
obj=0.819
time=0.573
obj=0.815
time=0.578
obj=0.815
time=0.589
obj=0.813
time=0.597
obj=0.811
time=0.609
obj=0.811
time=0.623
obj=0.808
time=0.640
obj=0.808
time=0.645
obj=0.805
time=0.658
obj=0.805
time=0.663
obj=0.802
time=0.668
obj=0.802
time=0.684
obj=0.801
time=0.694
obj=0.800
time=0.706
obj=0.799
time=0.711
obj=0.798
time=0.718
obj=0.797
time=0.732
obj=0.797
time=0.749
obj=0.797
time=0.763
obj=0.796
time=0.769
obj=0.795
time=0.777
obj=0.794
time=0.782
obj=0.794
time=0.794
obj=0.792
time=0.802
obj=0.789
time=0.821
obj=0.788
time=0.833
obj=0.787
time=0.846
obj=0.785
time=0.853
obj=0.784
time=0.866
obj=0.784
time=0.871
obj=0.784
time=0.890
obj=0.783
time=0.897
obj=0.781
time=0.904
obj=0.780
time=0.918
obj=0.778
time=0.935
obj=0.777
time=0.940
obj=0.777
time=0.949
obj=0.777
time=0.954
obj=0.776
time=0.961
obj=0.775
time=0.972
obj=0.775
time=0.977
obj=0.774
time=0.994
obj=0.773
time=1.012
obj=0.770
time=1.031
obj=0.769
time=1.037
obj=0.763
time=1.043
obj=0.762
time=1.059
obj=0.759
time=1.076
obj=0.759
time=1.082
obj=0.758
time=1.090
obj=0.758
time=1.099
obj=0.757
time=1.109
obj=0.757
time=1.126
obj=0.757
time=1.140
obj=0.756
time=1.154
obj=0.752
time=1.159
obj=0.751
time=1.183
obj=0.749
time=1.196
obj=0.747
time=1.208
obj=0.746
time=1.213
obj=0.745
time=1.223
obj=0.744
time=1.235
obj=0.744
time=1.243
obj=0.739
time=1.274
obj=0.736
time=1.286
obj=0.736
time=1.291
obj=0.734
time=1.311
obj=0.734
time=1.320
obj=0.733
time=1.362
obj=0.728
time=1.372
obj=0.728
time=1.378
obj=0.728
time=1.386
obj=0.727
time=1.422
obj=0.727
time=1.446
obj=0.727
time=1.468
obj=0.725
time=1.478
obj=0.724
time=1.503
obj=0.724
time=1.508
obj=0.722
time=1.520
obj=0.722
time=1.528
obj=0.721
time=1.536
obj=0.720
time=1.556
obj=0.719
time=1.588
obj=0.718
time=1.597
obj=0.717
time=1.613
obj=0.716
time=1.633
obj=0.715
time=1.647
obj=0.714
time=1.652
obj=0.714
time=1.685
obj=0.712
time=1.723
obj=0.711
time=1.728
obj=0.710
time=1.743
obj=0.710
time=1.768
obj=0.709
time=1.783
obj=0.707
time=1.797
obj=0.707
time=1.802
obj=0.707
time=1.872
obj=0.707
time=1.882
obj=0.706
time=1.912
obj=0.703
time=1.931
obj=0.702
time=1.941
obj=0.700
time=1.963
obj=0.700
time=1.969
obj=0.700
time=1.974
obj=0.700
time=2.023
obj=0.699
time=2.059
obj=0.699
time=2.066
obj=0.698
time=2.073
obj=0.696
time=2.096
obj=0.695
time=2.110
obj=0.692
time=2.119
obj=0.692
time=2.153
obj=0.691
time=2.163
obj=0.691
time=2.191
obj=0.690
time=2.207
obj=0.690
time=2.252
obj=0.690
time=2.257
obj=0.687
time=2.278
obj=0.686
time=2.288
obj=0.685
time=2.354
obj=0.685
time=2.370
obj=0.683
time=2.376
obj=0.682
time=2.397
obj=0.682
time=2.437
obj=0.681
time=2.442
obj=0.680
time=2.451
obj=0.680
time=2.457
obj=0.679
time=2.491
obj=0.678
time=2.540
obj=0.677
time=2.580
obj=0.677
time=2.589
obj=0.675
time=2.612
obj=0.675
time=2.617
obj=0.674
time=2.627
obj=0.673
time=2.634
obj=0.673
time=2.685
obj=0.673
time=3.104
obj=0.672
time=3.108
obj=0.671
time=3.242
obj=0.670
time=3.246
obj=0.668
time=3.276
obj=0.668
time=3.282
obj=0.668
time=3.308
obj=0.668
time=3.334
obj=0.667
time=3.339
obj=0.667
time=3.346
obj=0.667
time=3.365
obj=0.665
time=3.373
obj=0.665
time=36.571
obj=0.664
time=36.576
obj=0.664
time=36.619
obj=0.663
time=36.636
obj=0.663
time=36.647
obj=0.662
time=36.675
obj=0.662
time=57.438
obj=0.661
time=57.443
obj=0.660
c real margin = 0.340
