buffers=24
windows=60
args generated-large/22.txt 12345 1
original_lb=0.270
time=0.145
obj=0.927
time=0.169
obj=0.921
time=0.173
obj=0.916
time=0.177
obj=0.915
time=0.182
obj=0.908
time=0.186
obj=0.903
time=0.191
obj=0.902
time=0.195
obj=0.874
time=0.200
obj=0.869
time=0.206
obj=0.869
time=0.212
obj=0.869
time=0.217
obj=0.859
time=0.222
obj=0.858
time=0.226
obj=0.854
time=0.231
obj=0.854
time=0.235
obj=0.851
time=0.241
obj=0.847
time=0.245
obj=0.846
time=0.249
obj=0.834
time=0.254
obj=0.831
time=0.259
obj=0.831
time=0.265
obj=0.828
time=0.270
obj=0.827
time=0.274
obj=0.820
time=0.279
obj=0.814
time=0.284
obj=0.813
time=0.289
obj=0.810
time=0.293
obj=0.809
time=0.298
obj=0.809
time=0.302
obj=0.806
time=0.306
obj=0.804
time=0.309
obj=0.801
time=0.313
obj=0.785
time=0.318
obj=0.784
time=0.323
obj=0.776
time=0.327
obj=0.776
time=0.333
obj=0.774
time=0.337
obj=0.774
time=0.342
obj=0.773
time=0.347
obj=0.772
time=0.353
obj=0.766
time=0.358
obj=0.763
time=0.364
obj=0.763
time=0.371
obj=0.763
time=0.376
obj=0.763
time=0.383
obj=0.757
time=0.388
obj=0.754
time=0.393
obj=0.752
time=0.402
obj=0.752
time=0.406
obj=0.751
time=0.412
obj=0.750
time=0.416
obj=0.747
time=0.421
obj=0.747
time=0.430
obj=0.736
time=0.436
obj=0.736
time=0.442
obj=0.733
time=0.449
obj=0.730
time=0.458
obj=0.730
time=0.462
obj=0.728
time=0.466
obj=0.726
time=0.474
obj=0.722
time=0.482
obj=0.719
time=0.488
obj=0.717
time=0.493
obj=0.715
time=0.500
obj=0.714
time=0.506
obj=0.708
time=0.510
obj=0.705
time=0.520
obj=0.703
time=0.524
obj=0.698
time=0.564
obj=0.697
time=0.568
obj=0.696
time=0.572
obj=0.694
time=0.579
obj=0.694
time=0.596
obj=0.692
time=0.600
obj=0.692
time=0.614
obj=0.689
time=0.618
obj=0.689
time=0.627
obj=0.688
time=0.632
obj=0.684
time=0.639
obj=0.684
time=0.742
obj=0.684
time=0.929
obj=0.682
time=1.387
obj=0.682
time=1.391
obj=0.680
time=1.395
obj=0.680
time=1.399
obj=0.679
time=1.406
obj=0.678
time=1.410
obj=0.677
time=1.415
obj=0.672
time=1.420
obj=0.672
time=1.426
obj=0.666
time=1.430
obj=0.665
time=4.852
obj=0.663
time=4.855
obj=0.660
c real margin = 0.340
