buffers=16
windows=80
args generated-large/220.txt 12345 1
original_lb=0.255
time=0.068
obj=1.002
time=0.095
obj=1.001
time=0.098
obj=1.001
time=0.104
obj=0.999
time=0.107
obj=0.997
time=0.111
obj=0.997
time=0.113
obj=0.994
time=0.139
obj=0.993
time=0.142
obj=0.987
time=0.145
obj=0.982
time=0.148
obj=0.978
time=0.151
obj=0.978
time=0.155
obj=0.973
time=0.159
obj=0.973
time=0.162
obj=0.967
time=0.166
obj=0.966
time=0.169
obj=0.954
time=0.173
obj=0.950
time=0.176
obj=0.947
time=0.180
obj=0.945
time=0.183
obj=0.945
time=0.187
obj=0.937
time=0.191
obj=0.937
time=0.194
obj=0.936
time=0.197
obj=0.933
time=0.200
obj=0.930
time=0.204
obj=0.930
time=0.207
obj=0.929
time=0.212
obj=0.927
time=0.215
obj=0.920
time=0.220
obj=0.918
time=0.224
obj=0.918
time=0.227
obj=0.913
time=0.232
obj=0.912
time=0.235
obj=0.911
time=0.239
obj=0.911
time=0.244
obj=0.903
time=0.247
obj=0.895
time=0.251
obj=0.889
time=0.254
obj=0.884
time=0.257
obj=0.882
time=0.261
obj=0.878
time=0.266
obj=0.877
time=0.269
obj=0.877
time=0.274
obj=0.877
time=0.278
obj=0.876
time=0.281
obj=0.876
time=0.287
obj=0.876
time=0.294
obj=0.874
time=0.299
obj=0.873
time=0.303
obj=0.872
time=0.306
obj=0.870
time=0.311
obj=0.869
time=0.316
obj=0.866
time=0.319
obj=0.866
time=0.323
obj=0.865
time=0.327
obj=0.864
time=0.331
obj=0.863
time=0.335
obj=0.859
time=0.339
obj=0.858
time=0.342
obj=0.858
time=0.345
obj=0.856
time=0.352
obj=0.855
time=0.356
obj=0.854
time=0.360
obj=0.854
time=0.368
obj=0.854
time=0.371
obj=0.850
time=0.375
obj=0.849
time=0.382
obj=0.849
time=0.386
obj=0.849
time=0.390
obj=0.847
time=0.396
obj=0.844
time=0.401
obj=0.843
time=0.405
obj=0.843
time=0.409
obj=0.841
time=0.416
obj=0.839
time=0.425
obj=0.833
time=0.430
obj=0.829
time=0.433
obj=0.827
time=0.437
obj=0.826
time=0.443
obj=0.826
time=0.447
obj=0.818
time=0.454
obj=0.815
time=0.463
obj=0.814
time=0.467
obj=0.814
time=0.473
obj=0.814
time=0.478
obj=0.813
time=0.482
obj=0.812
time=0.485
obj=0.810
time=0.489
obj=0.810
time=0.496
obj=0.808
time=0.506
obj=0.808
time=0.509
obj=0.807
time=0.519
obj=0.806
time=0.522
obj=0.806
time=0.531
obj=0.805
time=0.541
obj=0.805
time=0.545
obj=0.804
time=0.548
obj=0.802
time=0.555
obj=0.793
time=0.559
obj=0.792
time=0.616
obj=0.790
time=0.628
obj=0.790
time=0.632
obj=0.787
time=0.690
obj=0.786
time=0.693
obj=0.785
time=0.697
obj=0.785
time=0.826
obj=0.778
time=0.829
obj=0.777
time=0.914
obj=0.775
time=1.169
obj=0.774
time=1.652
obj=0.773
time=1.654
obj=0.772
time=1.657
obj=0.771
time=1.893
obj=0.770
time=1.904
obj=0.770
time=1.907
obj=0.767
time=2.012
obj=0.767
time=2.233
obj=0.767
time=2.235
obj=0.767
time=2.237
obj=0.763
time=2.344
obj=0.763
time=2.486
obj=0.761
time=2.662
obj=0.761
time=2.665
obj=0.760
time=3.650
obj=0.760
time=3.652
obj=0.757
time=4.274
obj=0.757
time=4.278
obj=0.756
time=5.190
obj=0.755
time=7.154
obj=0.753
time=10.887
obj=0.751
time=14.425
obj=0.751
time=14.428
obj=0.749
time=14.430
obj=0.744
time=23.553
obj=0.743
time=25.330
obj=0.742
c real margin = 0.258
