buffers=8
windows=40
args generated-large/222.txt 12345 1
original_lb=0.230
time=0.011
obj=0.612
time=0.015
obj=0.496
time=0.016
obj=0.476
time=0.017
obj=0.468
time=0.018
obj=0.468
time=0.019
obj=0.453
time=0.020
obj=0.448
time=0.021
obj=0.448
time=0.023
obj=0.447
time=0.024
obj=0.442
time=0.025
obj=0.442
time=0.026
obj=0.441
time=0.028
obj=0.437
time=0.029
obj=0.429
time=0.030
obj=0.427
time=0.031
obj=0.425
time=0.032
obj=0.424
time=0.033
obj=0.424
time=0.034
obj=0.419
time=0.035
obj=0.402
time=0.037
obj=0.400
time=0.038
obj=0.394
time=0.039
obj=0.394
time=0.040
obj=0.394
time=0.042
obj=0.393
time=0.044
obj=0.392
time=0.047
obj=0.392
time=0.048
obj=0.383
time=0.049
obj=0.380
time=0.050
obj=0.377
time=0.051
obj=0.371
time=0.053
obj=0.364
time=0.054
obj=0.363
time=0.055
obj=0.363
time=0.058
obj=0.363
time=0.059
obj=0.363
time=0.060
obj=0.361
time=0.061
obj=0.355
time=0.063
obj=0.355
time=0.064
obj=0.349
time=0.065
obj=0.347
time=0.160
obj=0.342
time=0.162
obj=0.341
c real margin = 0.659
