buffers=24
windows=60
args generated-large/224.txt 12345 1
original_lb=0.251
time=0.207
obj=0.998
time=0.252
obj=0.994
time=0.258
obj=0.994
time=0.269
obj=0.992
time=0.277
obj=0.988
time=0.285
obj=0.987
time=0.297
obj=0.986
time=0.306
obj=0.984
time=0.312
obj=0.982
time=0.317
obj=0.977
time=0.329
obj=0.975
time=0.335
obj=0.974
time=0.344
obj=0.973
time=0.357
obj=0.973
time=0.367
obj=0.973
time=0.375
obj=0.973
time=0.385
obj=0.972
time=0.390
obj=0.970
time=0.400
obj=0.969
time=0.409
obj=0.969
time=0.414
obj=0.964
time=0.432
obj=0.963
time=0.443
obj=0.962
time=0.450
obj=0.960
time=0.465
obj=0.960
time=0.470
obj=0.958
time=0.477
obj=0.949
time=0.483
obj=0.949
time=0.489
obj=0.928
time=0.495
obj=0.919
time=0.505
obj=0.914
time=0.510
obj=0.913
time=0.519
obj=0.912
time=0.529
obj=0.910
time=0.535
obj=0.909
time=0.545
obj=0.908
time=0.555
obj=0.907
time=0.562
obj=0.904
time=0.576
obj=0.903
time=0.583
obj=0.902
time=0.591
obj=0.900
time=0.603
obj=0.898
time=0.614
obj=0.896
time=0.623
obj=0.896
time=0.630
obj=0.893
time=0.640
obj=0.892
time=0.652
obj=0.892
time=0.659
obj=0.886
time=0.666
obj=0.886
time=0.678
obj=0.885
time=0.688
obj=0.883
time=0.694
obj=0.883
time=0.700
obj=0.883
time=0.713
obj=0.883
time=0.725
obj=0.882
time=0.739
obj=0.881
time=0.745
obj=0.878
time=0.754
obj=0.877
time=0.764
obj=0.877
time=0.774
obj=0.876
time=0.780
obj=0.871
time=0.790
obj=0.871
time=0.798
obj=0.865
time=0.809
obj=0.862
time=0.817
obj=0.862
time=0.825
obj=0.860
time=0.832
obj=0.860
time=0.838
obj=0.858
time=0.845
obj=0.854
time=0.852
obj=0.854
time=0.861
obj=0.853
time=0.869
obj=0.850
time=0.876
obj=0.849
time=0.884
obj=0.841
time=0.892
obj=0.840
time=0.904
obj=0.838
time=0.917
obj=0.837
time=0.927
obj=0.837
time=0.932
obj=0.835
time=0.941
obj=0.834
time=0.951
obj=0.834
time=0.961
obj=0.834
time=0.967
obj=0.833
time=0.974
obj=0.831
time=0.986
obj=0.830
time=0.994
obj=0.829
time=1.002
obj=0.829
time=1.009
obj=0.828
time=1.014
obj=0.823
time=1.023
obj=0.821
time=1.032
obj=0.820
time=1.041
obj=0.817
time=1.052
obj=0.816
time=1.062
obj=0.815
time=1.068
obj=0.814
time=1.073
obj=0.811
time=1.078
obj=0.810
time=1.083
obj=0.809
time=1.093
obj=0.808
time=1.099
obj=0.808
time=1.104
obj=0.808
time=1.117
obj=0.807
time=1.123
obj=0.806
time=1.133
obj=0.805
time=1.143
obj=0.804
time=1.152
obj=0.804
time=1.159
obj=0.803
time=1.164
obj=0.802
time=1.174
obj=0.800
time=1.179
obj=0.794
time=1.190
obj=0.793
time=1.195
obj=0.793
time=1.208
obj=0.792
time=1.216
obj=0.791
time=1.221
obj=0.791
time=1.233
obj=0.790
time=1.244
obj=0.790
time=1.256
obj=0.790
time=1.268
obj=0.790
time=1.281
obj=0.788
time=1.286
obj=0.788
time=1.292
obj=0.782
time=1.301
obj=0.781
time=1.311
obj=0.780
time=1.322
obj=0.779
time=1.330
obj=0.778
time=1.335
obj=0.776
time=1.347
obj=0.775
time=1.352
obj=0.774
time=1.359
obj=0.774
time=1.365
obj=0.774
time=1.376
obj=0.771
time=1.381
obj=0.771
time=1.386
obj=0.771
time=1.392
obj=0.770
time=1.397
obj=0.769
time=1.403
obj=0.766
time=1.414
obj=0.766
time=1.419
obj=0.766
time=1.436
obj=0.765
time=1.441
obj=0.765
time=1.453
obj=0.764
time=1.469
obj=0.763
time=1.473
obj=0.761
time=1.478
obj=0.761
time=1.499
obj=0.761
time=1.504
obj=0.760
time=1.510
obj=0.759
time=1.526
obj=0.759
time=1.531
obj=0.757
time=1.549
obj=0.755
time=1.556
obj=0.755
time=1.571
obj=0.755
time=1.582
obj=0.755
time=1.589
obj=0.753
time=1.597
obj=0.753
time=1.602
obj=0.752
time=1.610
obj=0.750
time=1.623
obj=0.750
time=1.647
obj=0.749
time=1.654
obj=0.748
time=1.659
obj=0.747
time=1.665
obj=0.747
time=1.676
obj=0.745
time=1.691
obj=0.744
time=1.697
obj=0.741
time=1.792
obj=0.741
time=1.801
obj=0.739
time=1.808
obj=0.738
time=1.821
obj=0.737
time=1.826
obj=0.737
time=1.837
obj=0.737
time=1.842
obj=0.737
time=1.852
obj=0.736
time=1.858
obj=0.735
time=1.868
obj=0.732
time=1.876
obj=0.729
time=1.886
obj=0.729
time=2.122
obj=0.728
time=2.129
obj=0.724
time=2.224
obj=0.724
time=2.327
obj=0.723
time=2.334
obj=0.723
time=2.339
obj=0.719
time=2.799
obj=0.718
time=2.808
obj=0.716
time=2.815
obj=0.715
time=2.869
obj=0.715
time=2.873
obj=0.715
time=2.879
obj=0.714
time=2.884
obj=0.713
time=2.890
obj=0.713
time=2.895
obj=0.711
time=2.991
obj=0.710
time=3.068
obj=0.710
time=3.078
obj=0.709
time=3.087
obj=0.707
time=3.093
obj=0.706
time=4.540
obj=0.705
time=4.545
obj=0.704
time=4.789
obj=0.704
time=4.793
obj=0.703
time=5.040
obj=0.702
time=5.052
obj=0.702
time=5.734
obj=0.702
time=5.912
obj=0.702
time=6.440
obj=0.701
time=6.444
obj=0.701
time=14.794
obj=0.700
time=14.803
obj=0.700
time=18.187
obj=0.700
time=18.191
obj=0.700
time=18.381
obj=0.700
time=18.388
obj=0.697
time=22.313
obj=0.696
time=25.273
obj=0.695
time=25.277
obj=0.694
time=25.282
obj=0.693
c real margin = 0.307
