buffers=24
windows=80
args generated-large/225.txt 12345 1
original_lb=0.223
time=0.230
obj=0.914
time=0.280
obj=0.906
time=0.286
obj=0.905
time=0.292
obj=0.905
time=0.298
obj=0.902
time=0.305
obj=0.900
time=0.313
obj=0.894
time=0.319
obj=0.894
time=0.325
obj=0.883
time=0.332
obj=0.877
time=0.338
obj=0.865
time=0.344
obj=0.862
time=0.350
obj=0.855
time=0.357
obj=0.847
time=0.364
obj=0.842
time=0.370
obj=0.842
time=0.376
obj=0.837
time=0.384
obj=0.834
time=0.392
obj=0.834
time=0.400
obj=0.819
time=0.406
obj=0.818
time=0.413
obj=0.812
time=0.421
obj=0.806
time=0.427
obj=0.802
time=0.434
obj=0.802
time=0.442
obj=0.801
time=0.451
obj=0.797
time=0.457
obj=0.796
time=0.466
obj=0.787
time=0.473
obj=0.786
time=0.482
obj=0.781
time=0.490
obj=0.781
time=0.497
obj=0.780
time=0.506
obj=0.780
time=0.515
obj=0.779
time=0.522
obj=0.779
time=0.529
obj=0.776
time=0.539
obj=0.775
time=0.548
obj=0.775
time=0.554
obj=0.774
time=0.564
obj=0.772
time=0.572
obj=0.767
time=0.579
obj=0.767
time=0.587
obj=0.764
time=0.594
obj=0.763
time=0.603
obj=0.762
time=0.612
obj=0.761
time=0.619
obj=0.759
time=0.627
obj=0.758
time=0.635
obj=0.758
time=0.643
obj=0.758
time=0.651
obj=0.757
time=0.658
obj=0.756
time=0.667
obj=0.755
time=0.674
obj=0.755
time=0.681
obj=0.751
time=0.691
obj=0.751
time=0.698
obj=0.749
time=0.705
obj=0.744
time=0.712
obj=0.744
time=0.721
obj=0.744
time=0.728
obj=0.742
time=0.738
obj=0.741
time=0.745
obj=0.741
time=0.754
obj=0.740
time=0.763
obj=0.740
time=0.772
obj=0.740
time=0.779
obj=0.738
time=0.787
obj=0.738
time=0.794
obj=0.738
time=0.801
obj=0.737
time=0.808
obj=0.735
time=0.818
obj=0.735
time=0.827
obj=0.734
time=0.835
obj=0.734
time=0.842
obj=0.733
time=0.849
obj=0.733
time=0.857
obj=0.732
time=0.864
obj=0.731
time=0.871
obj=0.730
time=0.878
obj=0.728
time=0.886
obj=0.728
time=0.894
obj=0.726
time=0.901
obj=0.725
time=0.907
obj=0.724
time=0.913
obj=0.724
time=0.921
obj=0.723
time=0.927
obj=0.723
time=0.932
obj=0.722
time=0.938
obj=0.722
time=0.944
obj=0.721
time=0.950
obj=0.719
time=0.955
obj=0.718
time=0.964
obj=0.717
time=0.971
obj=0.717
time=0.980
obj=0.714
time=0.986
obj=0.714
time=0.992
obj=0.713
time=0.997
obj=0.712
time=1.004
obj=0.711
time=1.013
obj=0.710
time=1.019
obj=0.709
time=1.030
obj=0.709
time=1.035
obj=0.707
time=1.040
obj=0.706
time=1.046
obj=0.703
time=1.052
obj=0.703
time=1.058
obj=0.702
time=1.066
obj=0.699
time=1.074
obj=0.698
time=1.080
obj=0.696
time=1.085
obj=0.696
time=1.093
obj=0.695
time=1.099
obj=0.694
time=1.104
obj=0.694
time=1.111
obj=0.691
time=1.119
obj=0.691
time=1.124
obj=0.691
time=1.131
obj=0.690
time=1.138
obj=0.689
time=1.144
obj=0.689
time=1.149
obj=0.688
time=1.155
obj=0.688
time=1.161
obj=0.687
time=1.167
obj=0.683
time=1.176
obj=0.682
time=1.181
obj=0.681
time=1.189
obj=0.681
time=1.195
obj=0.679
time=1.202
obj=0.676
time=1.207
obj=0.675
time=1.213
obj=0.675
time=1.220
obj=0.674
time=1.226
obj=0.673
time=1.232
obj=0.673
time=1.237
obj=0.673
time=1.244
obj=0.671
time=1.249
obj=0.671
time=1.255
obj=0.670
time=1.261
obj=0.669
time=1.268
obj=0.668
time=1.277
obj=0.668
time=1.283
obj=0.668
time=1.290
obj=0.668
time=1.295
obj=0.667
time=1.302
obj=0.667
time=1.309
obj=0.666
time=1.314
obj=0.665
time=1.320
obj=0.664
time=1.325
obj=0.662
time=1.332
obj=0.662
time=1.338
obj=0.661
time=1.344
obj=0.660
time=1.350
obj=0.658
time=1.356
obj=0.658
time=1.363
obj=0.658
time=1.371
obj=0.657
time=1.379
obj=0.657
time=1.388
obj=0.657
time=1.393
obj=0.657
time=1.404
obj=0.656
time=1.409
obj=0.656
time=1.416
obj=0.655
time=1.424
obj=0.655
time=1.435
obj=0.653
time=1.446
obj=0.653
time=1.451
obj=0.651
time=1.457
obj=0.651
time=1.468
obj=0.651
time=1.473
obj=0.650
time=1.481
obj=0.649
time=1.489
obj=0.648
time=1.495
obj=0.647
time=1.505
obj=0.646
time=1.511
obj=0.646
time=1.516
obj=0.645
time=1.523
obj=0.644
time=1.533
obj=0.643
time=1.542
obj=0.642
time=1.547
obj=0.641
time=1.554
obj=0.638
time=1.563
obj=0.637
time=1.571
obj=0.637
time=1.577
obj=0.636
time=1.582
obj=0.636
time=1.590
obj=0.633
time=1.596
obj=0.631
time=1.603
obj=0.631
time=1.609
obj=0.629
time=1.618
obj=0.629
time=1.624
obj=0.627
time=1.629
obj=0.627
time=1.635
obj=0.626
time=1.641
obj=0.626
time=1.647
obj=0.623
time=1.654
obj=0.622
time=1.662
obj=0.622
time=1.675
obj=0.621
time=1.681
obj=0.620
time=1.689
obj=0.620
time=1.698
obj=0.620
time=1.704
obj=0.619
time=1.712
obj=0.617
time=1.719
obj=0.616
time=1.724
obj=0.616
time=1.734
obj=0.616
time=1.739
obj=0.614
time=1.744
obj=0.614
time=1.751
obj=0.613
time=1.760
obj=0.613
time=1.767
obj=0.613
time=1.773
obj=0.613
time=1.779
obj=0.613
time=1.785
obj=0.612
time=1.791
obj=0.612
time=1.796
obj=0.611
time=1.818
obj=0.611
time=1.823
obj=0.610
time=1.829
obj=0.609
time=1.834
obj=0.608
time=1.840
obj=0.608
time=1.848
obj=0.608
time=1.858
obj=0.607
time=1.864
obj=0.606
time=1.872
obj=0.606
time=1.878
obj=0.606
time=1.885
obj=0.605
time=1.894
obj=0.604
time=1.901
obj=0.600
time=1.907
obj=0.600
time=1.927
obj=0.600
time=1.932
obj=0.599
time=1.939
obj=0.598
time=1.945
obj=0.597
time=1.954
obj=0.597
time=1.962
obj=0.597
time=1.967
obj=0.597
time=2.148
obj=0.596
time=2.154
obj=0.596
time=2.163
obj=0.595
time=2.174
obj=0.595
time=2.196
obj=0.594
time=2.201
obj=0.594
time=2.207
obj=0.594
time=2.215
obj=0.594
time=2.259
obj=0.593
time=2.265
obj=0.592
time=2.307
obj=0.592
time=2.316
obj=0.590
time=2.322
obj=0.590
time=2.339
obj=0.589
time=2.378
obj=0.588
time=2.385
obj=0.588
time=2.394
obj=0.587
time=2.401
obj=0.586
time=2.407
obj=0.586
time=2.414
obj=0.586
time=2.456
obj=0.586
time=2.462
obj=0.585
time=2.467
obj=0.585
time=2.478
obj=0.584
time=2.483
obj=0.583
time=2.492
obj=0.583
time=2.501
obj=0.582
time=2.509
obj=0.582
time=2.539
obj=0.582
time=2.545
obj=0.581
time=2.553
obj=0.580
time=4.022
obj=0.579
time=4.029
obj=0.578
time=4.037
obj=0.578
time=4.073
obj=0.578
time=4.077
obj=0.577
time=4.088
obj=0.577
time=4.093
obj=0.577
time=4.129
obj=0.575
time=4.134
obj=0.575
time=4.142
obj=0.575
time=4.149
obj=0.575
time=4.155
obj=0.575
time=4.160
obj=0.575
time=4.167
obj=0.574
time=4.174
obj=0.574
time=4.179
obj=0.573
time=4.183
obj=0.571
time=4.189
obj=0.571
time=4.195
obj=0.570
time=4.202
obj=0.570
time=4.209
obj=0.570
time=4.220
obj=0.569
time=4.227
obj=0.569
time=4.241
obj=0.568
time=27.600
obj=0.568
time=58.013
obj=0.567
time=58.020
obj=0.567
c real margin = 0.433
