buffers=8
windows=40
args generated-large/226.txt 12345 1
original_lb=0.247
time=0.013
obj=0.896
time=0.018
obj=0.895
time=0.019
obj=0.894
time=0.019
obj=0.882
time=0.020
obj=0.849
time=0.021
obj=0.837
time=0.022
obj=0.827
time=0.023
obj=0.808
time=0.024
obj=0.802
time=0.025
obj=0.789
time=0.026
obj=0.782
time=0.027
obj=0.772
time=0.028
obj=0.771
time=0.029
obj=0.764
time=0.030
obj=0.763
time=0.031
obj=0.754
time=0.032
obj=0.753
time=0.033
obj=0.752
time=0.034
obj=0.742
time=0.035
obj=0.742
time=0.036
obj=0.731
time=0.037
obj=0.726
time=0.038
obj=0.717
time=0.040
obj=0.713
time=0.041
obj=0.709
time=0.043
obj=0.709
time=0.044
obj=0.705
time=0.045
obj=0.693
time=0.046
obj=0.692
time=0.048
obj=0.691
time=0.049
obj=0.691
time=0.050
obj=0.689
time=0.052
obj=0.685
time=0.053
obj=0.682
time=0.053
obj=0.675
time=0.055
obj=0.674
time=0.055
obj=0.671
time=0.057
obj=0.667
time=0.058
obj=0.665
time=0.059
obj=0.665
time=0.060
obj=0.649
time=0.060
obj=0.649
time=0.061
obj=0.646
time=0.075
obj=0.644
time=0.075
obj=0.642
time=0.129
obj=0.641
time=0.141
obj=0.640
time=0.142
obj=0.639
time=0.269
obj=0.639
c real margin = 0.361
