buffers=8
windows=20
args generated-large/228.txt 12345 1
original_lb=0.209
time=0.015
obj=0.819
time=0.020
obj=0.815
time=0.020
obj=0.813
time=0.022
obj=0.797
time=0.023
obj=0.793
time=0.025
obj=0.787
time=0.026
obj=0.779
time=0.030
obj=0.779
time=0.036
obj=0.777
time=0.038
obj=0.777
time=0.039
obj=0.775
time=0.040
obj=0.765
time=0.044
obj=0.764
time=0.048
obj=0.762
time=0.049
obj=0.761
time=0.052
obj=0.757
time=0.066
obj=0.755
time=0.067
obj=0.755
time=0.082
obj=0.754
time=0.082
obj=0.752
time=0.180
obj=0.746
time=0.181
obj=0.744
time=0.323
obj=0.737
time=0.324
obj=0.737
time=0.372
obj=0.734
time=0.373
obj=0.734
time=0.482
obj=0.734
time=1.150
obj=0.731
time=1.244
obj=0.729
time=1.244
obj=0.727
time=1.754
obj=0.726
time=3.715
obj=0.725
time=7.411
obj=0.724
time=7.412
obj=0.722
time=8.534
obj=0.722
time=10.486
obj=0.722
time=10.487
obj=0.720
c real margin = 0.280
