buffers=8
windows=80
args generated-large/23.txt 12345 1
original_lb=0.259
time=0.013
obj=0.949
time=0.017
obj=0.948
time=0.018
obj=0.945
time=0.019
obj=0.941
time=0.020
obj=0.941
time=0.020
obj=0.939
time=0.021
obj=0.937
time=0.022
obj=0.918
time=0.023
obj=0.914
time=0.024
obj=0.912
time=0.025
obj=0.907
time=0.026
obj=0.899
time=0.026
obj=0.896
time=0.028
obj=0.892
time=0.028
obj=0.890
time=0.029
obj=0.879
time=0.030
obj=0.872
time=0.031
obj=0.851
time=0.032
obj=0.849
time=0.032
obj=0.847
time=0.033
obj=0.846
time=0.034
obj=0.844
time=0.035
obj=0.836
time=0.036
obj=0.835
time=0.037
obj=0.822
time=0.037
obj=0.822
time=0.038
obj=0.817
time=0.039
obj=0.816
time=0.040
obj=0.813
time=0.041
obj=0.810
time=0.042
obj=0.807
time=0.043
obj=0.806
time=0.044
obj=0.804
time=0.044
obj=0.802
time=0.045
obj=0.798
time=0.046
obj=0.797
time=0.047
obj=0.793
time=0.048
obj=0.790
time=0.050
obj=0.789
time=0.051
obj=0.787
time=0.052
obj=0.786
time=0.053
obj=0.783
time=0.054
obj=0.782
time=0.054
obj=0.781
time=0.056
obj=0.779
time=0.057
obj=0.778
time=0.058
obj=0.772
time=0.060
obj=0.770
time=0.061
obj=0.769
time=0.063
obj=0.768
time=0.064
obj=0.768
time=0.064
obj=0.766
time=0.065
obj=0.764
time=0.066
obj=0.760
time=0.067
obj=0.758
time=0.070
obj=0.757
time=0.071
obj=0.757
time=0.086
obj=0.756
time=0.152
obj=0.754
time=0.153
obj=0.749
time=0.226
obj=0.748
time=0.227
obj=0.748
time=0.241
obj=0.748
time=0.242
obj=0.748
time=0.243
obj=0.746
time=0.244
obj=0.744
time=0.262
obj=0.743
time=0.263
obj=0.741
time=0.292
obj=0.740
time=0.293
obj=0.740
time=0.367
obj=0.739
time=0.367
obj=0.738
time=0.368
obj=0.738
time=0.421
obj=0.737
time=0.422
obj=0.737
time=0.580
obj=0.731
time=0.870
obj=0.729
time=0.905
obj=0.728
time=0.906
obj=0.728
time=0.906
obj=0.726
time=0.907
obj=0.724
time=0.908
obj=0.722
time=0.909
obj=0.720
time=1.214
obj=0.719
time=1.215
obj=0.715
time=2.474
obj=0.715
time=2.475
obj=0.713
time=9.535
obj=0.712
time=9.882
obj=0.712
time=9.883
obj=0.711
c real margin = 0.289
