buffers=24
windows=40
args generated-large/230.txt 12345 1
original_lb=0.228
time=0.188
obj=0.936
time=0.212
obj=0.929
time=0.216
obj=0.898
time=0.221
obj=0.893
time=0.227
obj=0.890
time=0.232
obj=0.882
time=0.241
obj=0.875
time=0.248
obj=0.875
time=0.256
obj=0.867
time=0.274
obj=0.867
time=0.280
obj=0.866
time=0.287
obj=0.866
time=0.293
obj=0.864
time=0.298
obj=0.862
time=0.310
obj=0.861
time=0.320
obj=0.859
time=0.327
obj=0.856
time=0.333
obj=0.854
time=0.344
obj=0.851
time=0.356
obj=0.850
time=0.363
obj=0.841
time=0.370
obj=0.839
time=0.379
obj=0.839
time=0.386
obj=0.835
time=0.395
obj=0.833
time=0.415
obj=0.833
time=0.422
obj=0.832
time=0.431
obj=0.831
time=0.440
obj=0.826
time=0.459
obj=0.824
time=0.470
obj=0.823
time=0.479
obj=0.822
time=0.486
obj=0.815
time=0.491
obj=0.811
time=0.499
obj=0.808
time=0.505
obj=0.808
time=0.518
obj=0.804
time=0.525
obj=0.803
time=0.531
obj=0.802
time=0.543
obj=0.799
time=0.561
obj=0.798
time=0.567
obj=0.798
time=0.585
obj=0.796
time=0.602
obj=0.791
time=0.609
obj=0.791
time=0.624
obj=0.781
time=0.630
obj=0.778
time=0.638
obj=0.778
time=0.646
obj=0.775
time=0.666
obj=0.775
time=0.677
obj=0.774
time=0.683
obj=0.773
time=0.701
obj=0.773
time=0.722
obj=0.769
time=0.732
obj=0.767
time=0.738
obj=0.764
time=0.744
obj=0.763
time=0.755
obj=0.761
time=0.763
obj=0.760
time=0.770
obj=0.760
time=0.779
obj=0.757
time=0.799
obj=0.755
time=0.806
obj=0.754
time=0.814
obj=0.754
time=0.819
obj=0.753
time=0.831
obj=0.753
time=0.840
obj=0.753
time=0.854
obj=0.751
time=0.864
obj=0.749
time=0.871
obj=0.745
time=0.879
obj=0.741
time=0.893
obj=0.740
time=0.901
obj=0.736
time=0.916
obj=0.735
time=0.931
obj=0.734
time=0.941
obj=0.733
time=0.959
obj=0.732
time=0.974
obj=0.731
time=0.980
obj=0.731
time=0.990
obj=0.728
time=1.001
obj=0.728
time=1.007
obj=0.728
time=1.015
obj=0.721
time=1.024
obj=0.717
time=1.044
obj=0.716
time=1.056
obj=0.715
time=1.073
obj=0.714
time=1.097
obj=0.714
time=1.123
obj=0.712
time=1.139
obj=0.710
time=1.148
obj=0.710
time=1.154
obj=0.709
time=1.165
obj=0.708
time=1.174
obj=0.708
time=1.195
obj=0.707
time=1.202
obj=0.706
time=1.220
obj=0.705
time=1.238
obj=0.704
time=1.245
obj=0.703
time=1.261
obj=0.702
time=1.268
obj=0.700
time=1.274
obj=0.697
time=1.286
obj=0.693
time=1.303
obj=0.690
time=1.333
obj=0.689
time=1.340
obj=0.689
time=1.357
obj=0.688
time=1.364
obj=0.688
time=1.374
obj=0.688
time=1.387
obj=0.688
time=1.402
obj=0.687
time=1.409
obj=0.686
time=1.417
obj=0.686
time=1.426
obj=0.685
time=1.450
obj=0.685
time=1.456
obj=0.685
time=1.468
obj=0.684
time=1.482
obj=0.683
time=1.514
obj=0.682
time=1.542
obj=0.682
time=1.549
obj=0.680
time=1.566
obj=0.680
time=1.582
obj=0.680
time=1.592
obj=0.679
time=1.598
obj=0.679
time=1.606
obj=0.678
time=1.634
obj=0.678
time=1.652
obj=0.676
time=1.666
obj=0.676
time=1.672
obj=0.675
time=1.702
obj=0.675
time=1.708
obj=0.675
time=1.718
obj=0.673
time=1.751
obj=0.673
time=1.777
obj=0.672
time=1.811
obj=0.672
time=1.834
obj=0.671
time=1.855
obj=0.671
time=1.868
obj=0.671
time=1.889
obj=0.670
time=1.906
obj=0.669
time=1.922
obj=0.669
time=1.930
obj=0.665
time=1.938
obj=0.660
time=1.952
obj=0.660
time=1.964
obj=0.659
time=1.971
obj=0.659
time=1.998
obj=0.659
time=2.022
obj=0.659
time=2.030
obj=0.658
time=2.057
obj=0.658
time=2.084
obj=0.657
time=2.121
obj=0.656
time=2.128
obj=0.655
time=2.153
obj=0.655
time=2.178
obj=0.653
time=2.198
obj=0.653
time=2.261
obj=0.653
time=2.284
obj=0.652
time=2.333
obj=0.650
time=2.339
obj=0.648
time=2.357
obj=0.647
time=2.400
obj=0.647
time=2.406
obj=0.647
time=2.446
obj=0.646
time=2.503
obj=0.646
time=2.518
obj=0.646
time=2.523
obj=0.645
time=2.633
obj=0.644
time=2.639
obj=0.642
time=2.682
obj=0.640
time=2.728
obj=0.640
time=2.804
obj=0.640
time=2.813
obj=0.640
time=2.937
obj=0.640
time=3.397
obj=0.637
time=3.407
obj=0.635
time=3.490
obj=0.635
time=3.494
obj=0.633
time=3.737
obj=0.633
time=3.743
obj=0.633
time=3.753
obj=0.633
time=3.759
obj=0.632
time=3.834
obj=0.632
time=3.840
obj=0.631
time=3.936
obj=0.631
time=4.597
obj=0.630
time=4.602
obj=0.629
time=4.997
obj=0.629
time=5.003
obj=0.628
time=5.011
obj=0.626
time=6.686
obj=0.626
time=6.692
obj=0.626
time=6.699
obj=0.625
time=8.633
obj=0.625
time=8.638
obj=0.623
time=9.352
obj=0.622
time=9.357
obj=0.622
time=10.853
obj=0.622
time=10.858
obj=0.622
time=12.416
obj=0.621
time=12.422
obj=0.619
time=20.608
obj=0.618
time=25.218
obj=0.617
time=25.223
obj=0.616
time=25.229
obj=0.616
time=32.856
obj=0.616
time=32.862
obj=0.615
time=33.907
obj=0.614
time=57.494
obj=0.614
c real margin = 0.386
