buffers=24
windows=20
args generated-large/231.txt 12345 1
original_lb=0.241
time=0.177
obj=0.868
time=0.202
obj=0.868
time=0.208
obj=0.841
time=0.216
obj=0.837
time=0.224
obj=0.836
time=0.231
obj=0.831
time=0.242
obj=0.831
time=0.248
obj=0.830
time=0.255
obj=0.830
time=0.260
obj=0.829
time=0.267
obj=0.823
time=0.272
obj=0.814
time=0.279
obj=0.813
time=0.284
obj=0.799
time=0.290
obj=0.795
time=0.298
obj=0.794
time=0.305
obj=0.787
time=0.310
obj=0.783
time=0.318
obj=0.778
time=0.328
obj=0.771
time=0.334
obj=0.762
time=0.339
obj=0.748
time=0.346
obj=0.747
time=0.357
obj=0.745
time=0.364
obj=0.739
time=0.371
obj=0.739
time=0.380
obj=0.731
time=0.387
obj=0.717
time=0.392
obj=0.713
time=0.405
obj=0.709
time=0.418
obj=0.704
time=0.424
obj=0.702
time=0.433
obj=0.701
time=0.448
obj=0.701
time=0.455
obj=0.698
time=0.466
obj=0.697
time=0.478
obj=0.695
time=0.487
obj=0.692
time=0.493
obj=0.683
time=0.507
obj=0.675
time=0.517
obj=0.674
time=0.528
obj=0.673
time=0.534
obj=0.669
time=0.544
obj=0.664
time=0.550
obj=0.658
time=0.562
obj=0.645
time=0.570
obj=0.644
time=0.576
obj=0.641
time=0.584
obj=0.638
time=0.592
obj=0.631
time=0.599
obj=0.631
time=0.608
obj=0.630
time=0.615
obj=0.627
time=0.622
obj=0.623
time=0.628
obj=0.619
time=0.642
obj=0.616
time=0.649
obj=0.615
time=0.659
obj=0.614
time=0.671
obj=0.612
time=0.680
obj=0.612
time=0.696
obj=0.609
time=0.702
obj=0.609
time=0.709
obj=0.602
time=0.716
obj=0.599
time=0.745
obj=0.596
time=0.789
obj=0.595
time=0.794
obj=0.589
time=0.802
obj=0.589
time=0.819
obj=0.588
time=0.834
obj=0.587
time=0.848
obj=0.583
time=0.864
obj=0.581
time=0.873
obj=0.580
time=0.902
obj=0.579
time=0.909
obj=0.575
time=0.921
obj=0.573
time=0.934
obj=0.568
time=0.994
obj=0.566
time=0.999
obj=0.562
time=1.086
obj=0.561
time=1.114
obj=0.559
time=1.123
obj=0.559
time=1.129
obj=0.559
time=1.136
obj=0.558
time=1.143
obj=0.558
time=1.149
obj=0.553
time=1.158
obj=0.552
time=1.170
obj=0.550
time=1.179
obj=0.549
time=1.185
obj=0.548
time=1.213
obj=0.547
time=1.233
obj=0.546
time=1.246
obj=0.546
time=1.253
obj=0.546
time=1.260
obj=0.545
time=1.277
obj=0.544
time=1.286
obj=0.544
time=1.295
obj=0.543
time=1.318
obj=0.543
time=1.345
obj=0.542
time=1.369
obj=0.540
time=1.379
obj=0.539
time=8.361
obj=0.538
time=8.366
obj=0.535
time=8.379
obj=0.535
time=15.192
obj=0.535
time=15.198
obj=0.534
time=15.205
obj=0.534
time=15.211
obj=0.533
time=15.218
obj=0.532
c real margin = 0.468
