buffers=16
windows=40
args generated-large/232.txt 12345 1
original_lb=0.307
time=0.093
obj=0.746
time=0.110
obj=0.711
time=0.116
obj=0.704
time=0.120
obj=0.685
time=0.126
obj=0.682
time=0.130
obj=0.682
time=0.133
obj=0.671
time=0.137
obj=0.668
time=0.141
obj=0.667
time=0.145
obj=0.665
time=0.149
obj=0.655
time=0.154
obj=0.644
time=0.160
obj=0.642
time=0.165
obj=0.642
time=0.169
obj=0.638
time=0.173
obj=0.635
time=0.177
obj=0.634
time=0.181
obj=0.620
time=0.186
obj=0.618
time=0.190
obj=0.615
time=0.193
obj=0.610
time=0.198
obj=0.608
time=0.202
obj=0.605
time=0.206
obj=0.601
time=0.209
obj=0.598
time=0.214
obj=0.598
time=0.218
obj=0.596
time=0.224
obj=0.593
time=0.228
obj=0.591
time=0.232
obj=0.590
time=0.236
obj=0.586
time=0.240
obj=0.586
time=0.244
obj=0.585
time=0.248
obj=0.584
time=0.252
obj=0.584
time=0.255
obj=0.583
time=0.262
obj=0.582
time=0.270
obj=0.581
time=0.275
obj=0.581
time=0.279
obj=0.579
time=0.282
obj=0.578
time=0.286
obj=0.577
time=0.292
obj=0.576
time=0.297
obj=0.574
time=0.302
obj=0.574
time=0.307
obj=0.569
time=0.314
obj=0.566
time=0.318
obj=0.563
time=0.325
obj=0.563
time=0.329
obj=0.562
time=0.332
obj=0.559
time=0.338
obj=0.557
time=0.346
obj=0.555
time=0.353
obj=0.555
time=0.359
obj=0.553
time=0.363
obj=0.551
time=0.367
obj=0.550
time=0.370
obj=0.549
time=0.379
obj=0.549
time=0.385
obj=0.549
time=0.389
obj=0.544
time=0.392
obj=0.544
time=0.396
obj=0.544
time=0.400
obj=0.544
time=0.404
obj=0.543
time=0.412
obj=0.542
time=0.422
obj=0.540
time=0.427
obj=0.540
time=0.434
obj=0.539
time=0.442
obj=0.539
time=0.445
obj=0.538
time=0.450
obj=0.535
time=0.455
obj=0.535
time=0.463
obj=0.534
time=0.469
obj=0.534
time=0.476
obj=0.533
time=0.479
obj=0.528
time=0.483
obj=0.527
time=0.487
obj=0.527
time=0.491
obj=0.525
time=0.497
obj=0.523
time=0.501
obj=0.523
time=0.508
obj=0.521
time=0.520
obj=0.520
time=0.525
obj=0.520
time=0.532
obj=0.519
time=0.537
obj=0.518
time=0.544
obj=0.517
time=0.554
obj=0.516
time=0.566
obj=0.516
time=0.569
obj=0.515
time=0.574
obj=0.514
time=0.584
obj=0.512
time=0.593
obj=0.510
time=0.600
obj=0.508
time=0.613
obj=0.506
time=0.617
obj=0.505
time=0.621
obj=0.504
time=0.625
obj=0.504
time=0.637
obj=0.502
time=0.642
obj=0.502
time=0.663
obj=0.501
time=0.672
obj=0.501
time=0.683
obj=0.501
time=0.687
obj=0.500
time=0.690
obj=0.500
time=0.694
obj=0.498
time=0.709
obj=0.497
time=0.718
obj=0.495
time=0.724
obj=0.495
time=0.728
obj=0.495
time=0.732
obj=0.494
time=0.738
obj=0.493
time=0.816
obj=0.493
time=0.834
obj=0.491
time=0.845
obj=0.491
time=0.850
obj=0.491
time=0.856
obj=0.488
time=0.870
obj=0.488
time=0.899
obj=0.488
time=0.903
obj=0.488
time=0.920
obj=0.488
time=0.923
obj=0.487
time=0.931
obj=0.486
time=1.630
obj=0.485
time=1.649
obj=0.484
time=1.659
obj=0.484
time=1.662
obj=0.482
time=1.675
obj=0.482
time=1.677
obj=0.482
time=2.308
obj=0.482
time=2.775
obj=0.480
time=2.778
obj=0.479
time=3.416
obj=0.479
time=3.418
obj=0.477
time=3.430
obj=0.475
time=3.445
obj=0.475
time=3.449
obj=0.474
time=3.452
obj=0.474
time=3.461
obj=0.473
time=3.466
obj=0.472
time=8.273
obj=0.472
time=8.287
obj=0.471
time=8.304
obj=0.470
time=8.307
obj=0.469
time=8.311
obj=0.469
time=8.316
obj=0.468
time=8.319
obj=0.467
time=9.323
obj=0.467
time=9.363
obj=0.467
time=10.290
obj=0.466
time=10.293
obj=0.465
time=30.860
obj=0.465
time=30.864
obj=0.464
c real margin = 0.536
