buffers=24
windows=60
args generated-large/235.txt 12345 1
original_lb=0.194
time=0.154
obj=0.969
time=0.180
obj=0.958
time=0.184
obj=0.948
time=0.188
obj=0.943
time=0.192
obj=0.941
time=0.196
obj=0.941
time=0.202
obj=0.938
time=0.207
obj=0.936
time=0.211
obj=0.935
time=0.217
obj=0.934
time=0.222
obj=0.933
time=0.227
obj=0.931
time=0.234
obj=0.920
time=0.242
obj=0.920
time=0.247
obj=0.919
time=0.252
obj=0.917
time=0.261
obj=0.916
time=0.266
obj=0.915
time=0.273
obj=0.908
time=0.279
obj=0.904
time=0.284
obj=0.904
time=0.291
obj=0.900
time=0.296
obj=0.900
time=0.301
obj=0.897
time=0.305
obj=0.896
time=0.310
obj=0.894
time=0.315
obj=0.890
time=0.319
obj=0.887
time=0.327
obj=0.886
time=0.332
obj=0.884
time=0.336
obj=0.883
time=0.341
obj=0.882
time=0.350
obj=0.882
time=0.357
obj=0.879
time=0.364
obj=0.877
time=0.371
obj=0.877
time=0.382
obj=0.873
time=0.387
obj=0.872
time=0.395
obj=0.869
time=0.402
obj=0.869
time=0.406
obj=0.866
time=0.413
obj=0.866
time=0.421
obj=0.860
time=0.429
obj=0.859
time=0.433
obj=0.859
time=0.439
obj=0.858
time=0.445
obj=0.858
time=0.449
obj=0.858
time=0.454
obj=0.853
time=0.462
obj=0.851
time=0.468
obj=0.846
time=0.473
obj=0.845
time=0.481
obj=0.838
time=0.487
obj=0.837
time=0.497
obj=0.837
time=0.503
obj=0.835
time=0.508
obj=0.835
time=0.515
obj=0.828
time=0.520
obj=0.825
time=0.530
obj=0.822
time=0.536
obj=0.822
time=0.540
obj=0.819
time=0.546
obj=0.819
time=0.552
obj=0.817
time=0.563
obj=0.815
time=0.568
obj=0.813
time=0.574
obj=0.813
time=0.582
obj=0.810
time=0.587
obj=0.810
time=0.591
obj=0.808
time=0.596
obj=0.808
time=0.602
obj=0.807
time=0.607
obj=0.806
time=0.612
obj=0.804
time=0.619
obj=0.804
time=0.624
obj=0.800
time=0.632
obj=0.799
time=0.640
obj=0.798
time=0.647
obj=0.795
time=0.654
obj=0.793
time=0.659
obj=0.793
time=0.665
obj=0.792
time=0.672
obj=0.791
time=0.685
obj=0.791
time=0.690
obj=0.790
time=0.699
obj=0.789
time=0.706
obj=0.787
time=0.714
obj=0.786
time=0.722
obj=0.784
time=0.733
obj=0.784
time=0.739
obj=0.784
time=0.746
obj=0.782
time=0.753
obj=0.780
time=0.758
obj=0.777
time=0.765
obj=0.777
time=0.777
obj=0.776
time=0.783
obj=0.775
time=0.794
obj=0.773
time=0.799
obj=0.771
time=0.804
obj=0.771
time=0.813
obj=0.770
time=0.825
obj=0.769
time=0.829
obj=0.766
time=0.839
obj=0.766
time=0.853
obj=0.765
time=0.858
obj=0.765
time=0.866
obj=0.763
time=0.871
obj=0.763
time=0.881
obj=0.762
time=0.886
obj=0.761
time=0.890
obj=0.760
time=0.896
obj=0.760
time=0.904
obj=0.760
time=0.917
obj=0.759
time=0.921
obj=0.759
time=0.927
obj=0.758
time=0.932
obj=0.758
time=0.938
obj=0.757
time=0.950
obj=0.756
time=0.959
obj=0.756
time=0.971
obj=0.754
time=0.983
obj=0.753
time=0.990
obj=0.751
time=1.001
obj=0.749
time=1.006
obj=0.749
time=1.018
obj=0.748
time=1.029
obj=0.747
time=1.033
obj=0.746
time=1.048
obj=0.746
time=1.054
obj=0.746
time=1.065
obj=0.745
time=1.077
obj=0.743
time=1.089
obj=0.742
time=1.096
obj=0.740
time=1.108
obj=0.740
time=1.118
obj=0.740
time=1.123
obj=0.739
time=1.129
obj=0.739
time=1.133
obj=0.738
time=1.153
obj=0.738
time=1.169
obj=0.738
time=1.187
obj=0.738
time=1.192
obj=0.738
time=1.196
obj=0.736
time=1.201
obj=0.735
time=1.212
obj=0.734
time=1.233
obj=0.733
time=1.252
obj=0.732
time=1.256
obj=0.731
time=1.262
obj=0.731
time=1.267
obj=0.730
time=1.283
obj=0.729
time=1.296
obj=0.729
time=1.301
obj=0.728
time=1.307
obj=0.727
time=1.311
obj=0.727
time=1.316
obj=0.725
time=1.336
obj=0.725
time=1.341
obj=0.723
time=1.358
obj=0.722
time=1.375
obj=0.722
time=1.379
obj=0.720
time=1.387
obj=0.718
time=1.393
obj=0.717
time=1.403
obj=0.717
time=1.408
obj=0.715
time=1.429
obj=0.713
time=1.449
obj=0.712
time=1.469
obj=0.712
time=1.482
obj=0.712
time=1.492
obj=0.711
time=1.496
obj=0.710
time=1.509
obj=0.710
time=1.517
obj=0.709
time=1.521
obj=0.708
time=1.528
obj=0.708
time=1.558
obj=0.708
time=1.581
obj=0.707
time=1.592
obj=0.706
time=1.596
obj=0.706
time=1.608
obj=0.705
time=1.614
obj=0.705
time=1.621
obj=0.704
time=1.629
obj=0.704
time=1.633
obj=0.704
time=1.657
obj=0.704
time=1.686
obj=0.703
time=1.692
obj=0.702
time=1.717
obj=0.702
time=1.723
obj=0.701
time=1.740
obj=0.700
time=1.744
obj=0.699
time=1.763
obj=0.699
time=1.767
obj=0.699
time=1.784
obj=0.699
time=1.792
obj=0.698
time=1.813
obj=0.698
time=1.834
obj=0.698
time=1.838
obj=0.697
time=1.854
obj=0.697
time=1.859
obj=0.696
time=1.864
obj=0.696
time=1.878
obj=0.695
time=1.883
obj=0.695
time=1.889
obj=0.691
time=1.919
obj=0.691
time=1.926
obj=0.690
time=1.974
obj=0.689
time=1.978
obj=0.689
time=2.005
obj=0.688
time=2.009
obj=0.687
time=2.033
obj=0.686
time=2.038
obj=0.686
time=2.068
obj=0.685
time=2.085
obj=0.685
time=2.120
obj=0.685
time=2.125
obj=0.685
time=2.129
obj=0.684
time=2.144
obj=0.684
time=2.149
obj=0.683
time=2.167
obj=0.683
time=2.173
obj=0.681
time=2.186
obj=0.680
time=2.205
obj=0.679
time=2.223
obj=0.679
time=2.243
obj=0.677
time=2.258
obj=0.676
time=2.291
obj=0.676
time=2.299
obj=0.675
time=2.343
obj=0.675
time=2.360
obj=0.673
time=2.399
obj=0.673
time=2.402
obj=0.673
time=2.428
obj=0.672
time=2.472
obj=0.672
time=2.569
obj=0.671
time=2.572
obj=0.671
time=2.579
obj=0.670
time=2.625
obj=0.670
time=2.628
obj=0.670
time=2.633
obj=0.668
time=2.667
obj=0.668
time=2.676
obj=0.668
time=2.683
obj=0.667
time=2.995
obj=0.664
time=3.027
obj=0.664
time=3.030
obj=0.663
time=3.145
obj=0.663
time=3.148
obj=0.663
time=3.152
obj=0.663
time=4.233
obj=0.662
time=4.236
obj=0.662
time=4.240
obj=0.662
time=4.647
obj=0.661
time=4.651
obj=0.661
time=4.654
obj=0.660
time=6.087
obj=0.660
time=6.090
obj=0.660
time=6.506
obj=0.660
time=6.509
obj=0.660
time=6.525
obj=0.659
time=6.530
obj=0.659
time=6.539
obj=0.659
time=6.543
obj=0.659
time=7.268
obj=0.658
time=7.813
obj=0.658
time=7.818
obj=0.656
time=7.875
obj=0.656
time=7.877
obj=0.656
time=7.881
obj=0.656
time=7.885
obj=0.655
time=10.263
obj=0.655
time=11.608
obj=0.655
time=11.611
obj=0.655
time=12.688
obj=0.654
time=14.932
obj=0.654
time=14.935
obj=0.654
time=14.940
obj=0.654
time=14.949
obj=0.653
time=17.488
obj=0.653
time=20.782
obj=0.653
time=22.173
obj=0.653
time=24.303
obj=0.652
time=24.331
obj=0.651
time=26.111
obj=0.651
time=26.125
obj=0.650
time=37.953
obj=0.650
time=37.958
obj=0.650
time=37.961
obj=0.649
time=53.053
obj=0.649
time=53.056
obj=0.648
c real margin = 0.352
