buffers=24
windows=80
args generated-large/236.txt 12345 1
original_lb=0.237
time=0.181
obj=0.982
time=0.211
obj=0.977
time=0.216
obj=0.972
time=0.220
obj=0.966
time=0.225
obj=0.963
time=0.231
obj=0.954
time=0.236
obj=0.954
time=0.241
obj=0.950
time=0.246
obj=0.945
time=0.252
obj=0.932
time=0.257
obj=0.929
time=0.262
obj=0.926
time=0.267
obj=0.920
time=0.272
obj=0.912
time=0.277
obj=0.910
time=0.283
obj=0.908
time=0.288
obj=0.906
time=0.293
obj=0.889
time=0.299
obj=0.888
time=0.304
obj=0.881
time=0.309
obj=0.876
time=0.315
obj=0.865
time=0.320
obj=0.861
time=0.327
obj=0.860
time=0.332
obj=0.856
time=0.338
obj=0.856
time=0.344
obj=0.845
time=0.349
obj=0.834
time=0.354
obj=0.832
time=0.361
obj=0.831
time=0.366
obj=0.826
time=0.371
obj=0.826
time=0.377
obj=0.824
time=0.384
obj=0.823
time=0.389
obj=0.822
time=0.395
obj=0.821
time=0.403
obj=0.818
time=0.408
obj=0.816
time=0.414
obj=0.816
time=0.420
obj=0.812
time=0.425
obj=0.807
time=0.431
obj=0.807
time=0.437
obj=0.807
time=0.443
obj=0.807
time=0.449
obj=0.806
time=0.458
obj=0.803
time=0.464
obj=0.802
time=0.471
obj=0.801
time=0.481
obj=0.800
time=0.488
obj=0.797
time=0.496
obj=0.797
time=0.501
obj=0.797
time=0.507
obj=0.796
time=0.514
obj=0.795
time=0.519
obj=0.794
time=0.525
obj=0.793
time=0.533
obj=0.793
time=0.538
obj=0.789
time=0.544
obj=0.789
time=0.551
obj=0.789
time=0.557
obj=0.787
time=0.564
obj=0.786
time=0.569
obj=0.783
time=0.575
obj=0.782
time=0.580
obj=0.781
time=0.586
obj=0.780
time=0.592
obj=0.777
time=0.598
obj=0.774
time=0.604
obj=0.772
time=0.610
obj=0.771
time=0.616
obj=0.766
time=0.623
obj=0.766
time=0.631
obj=0.766
time=0.637
obj=0.764
time=0.646
obj=0.762
time=0.651
obj=0.761
time=0.657
obj=0.761
time=0.663
obj=0.760
time=0.670
obj=0.758
time=0.678
obj=0.758
time=0.684
obj=0.757
time=0.689
obj=0.757
time=0.696
obj=0.754
time=0.703
obj=0.754
time=0.710
obj=0.754
time=0.720
obj=0.750
time=0.727
obj=0.750
time=0.733
obj=0.750
time=0.738
obj=0.750
time=0.744
obj=0.748
time=0.750
obj=0.746
time=0.757
obj=0.745
time=0.765
obj=0.745
time=0.772
obj=0.742
time=0.780
obj=0.742
time=0.785
obj=0.740
time=0.792
obj=0.736
time=0.798
obj=0.736
time=0.803
obj=0.736
time=0.811
obj=0.736
time=0.818
obj=0.735
time=0.826
obj=0.735
time=0.831
obj=0.734
time=0.836
obj=0.733
time=0.843
obj=0.727
time=0.849
obj=0.727
time=0.854
obj=0.727
time=0.861
obj=0.724
time=0.866
obj=0.724
time=0.872
obj=0.721
time=0.880
obj=0.720
time=0.887
obj=0.720
time=0.894
obj=0.718
time=0.900
obj=0.717
time=0.905
obj=0.715
time=0.913
obj=0.712
time=0.918
obj=0.711
time=0.924
obj=0.711
time=0.929
obj=0.708
time=0.936
obj=0.707
time=0.941
obj=0.705
time=0.947
obj=0.704
time=0.957
obj=0.704
time=0.966
obj=0.700
time=0.971
obj=0.699
time=0.980
obj=0.699
time=0.986
obj=0.698
time=0.992
obj=0.698
time=0.998
obj=0.697
time=1.007
obj=0.689
time=1.012
obj=0.689
time=1.019
obj=0.686
time=1.026
obj=0.686
time=1.031
obj=0.685
time=1.038
obj=0.684
time=1.045
obj=0.684
time=1.050
obj=0.683
time=1.056
obj=0.681
time=1.068
obj=0.680
time=1.075
obj=0.680
time=1.082
obj=0.678
time=1.089
obj=0.678
time=1.094
obj=0.677
time=1.102
obj=0.677
time=1.108
obj=0.674
time=1.116
obj=0.673
time=1.126
obj=0.671
time=1.137
obj=0.670
time=1.142
obj=0.669
time=1.150
obj=0.669
time=1.156
obj=0.668
time=1.163
obj=0.667
time=1.168
obj=0.666
time=1.177
obj=0.665
time=1.182
obj=0.663
time=1.189
obj=0.663
time=1.194
obj=0.663
time=1.200
obj=0.662
time=1.206
obj=0.661
time=1.215
obj=0.661
time=1.220
obj=0.660
time=1.229
obj=0.659
time=1.235
obj=0.658
time=1.240
obj=0.657
time=1.249
obj=0.657
time=1.257
obj=0.655
time=1.265
obj=0.655
time=1.270
obj=0.653
time=1.277
obj=0.653
time=1.286
obj=0.651
time=1.294
obj=0.651
time=1.300
obj=0.650
time=1.306
obj=0.648
time=1.312
obj=0.648
time=1.319
obj=0.647
time=1.327
obj=0.646
time=1.334
obj=0.645
time=1.340
obj=0.644
time=1.351
obj=0.642
time=1.357
obj=0.641
time=1.364
obj=0.640
time=1.370
obj=0.639
time=1.381
obj=0.638
time=1.392
obj=0.638
time=1.401
obj=0.638
time=1.407
obj=0.637
time=1.413
obj=0.637
time=1.419
obj=0.637
time=1.428
obj=0.636
time=1.437
obj=0.636
time=1.447
obj=0.636
time=1.454
obj=0.635
time=1.460
obj=0.633
time=1.466
obj=0.632
time=1.474
obj=0.632
time=1.479
obj=0.631
time=1.485
obj=0.630
time=1.497
obj=0.628
time=1.505
obj=0.628
time=1.511
obj=0.628
time=1.517
obj=0.628
time=1.523
obj=0.628
time=1.531
obj=0.627
time=1.546
obj=0.626
time=1.556
obj=0.626
time=1.573
obj=0.626
time=1.582
obj=0.624
time=1.593
obj=0.624
time=1.600
obj=0.624
time=1.612
obj=0.624
time=1.622
obj=0.623
time=1.634
obj=0.622
time=1.640
obj=0.622
time=1.651
obj=0.622
time=1.657
obj=0.622
time=1.667
obj=0.622
time=1.675
obj=0.621
time=1.682
obj=0.619
time=1.690
obj=0.618
time=1.696
obj=0.617
time=1.701
obj=0.617
time=1.720
obj=0.616
time=1.725
obj=0.616
time=1.737
obj=0.615
time=1.748
obj=0.615
time=1.759
obj=0.615
time=1.775
obj=0.614
time=1.780
obj=0.612
time=1.790
obj=0.611
time=1.799
obj=0.611
time=1.812
obj=0.610
time=1.822
obj=0.610
time=1.828
obj=0.610
time=1.969
obj=0.610
time=1.977
obj=0.609
time=1.982
obj=0.609
time=1.996
obj=0.608
time=2.004
obj=0.607
time=2.019
obj=0.607
time=2.024
obj=0.606
time=2.033
obj=0.606
time=2.038
obj=0.605
time=2.057
obj=0.604
time=2.066
obj=0.604
time=2.074
obj=0.604
time=2.079
obj=0.601
time=2.086
obj=0.601
time=2.091
obj=0.601
time=2.121
obj=0.599
time=2.129
obj=0.599
time=2.137
obj=0.599
time=2.142
obj=0.598
time=2.147
obj=0.597
time=2.156
obj=0.596
time=2.162
obj=0.596
time=2.166
obj=0.595
time=2.179
obj=0.594
time=2.197
obj=0.594
time=2.208
obj=0.592
time=2.213
obj=0.590
time=2.237
obj=0.588
time=2.241
obj=0.587
time=2.255
obj=0.587
time=2.261
obj=0.585
time=3.751
obj=0.585
time=3.761
obj=0.585
time=3.771
obj=0.585
time=3.790
obj=0.584
time=3.795
obj=0.582
time=7.486
obj=0.582
time=13.860
obj=0.582
time=13.879
obj=0.582
time=13.898
obj=0.581
time=18.754
obj=0.581
time=18.758
obj=0.580
time=18.763
obj=0.580
time=18.777
obj=0.579
time=18.788
obj=0.579
time=18.793
obj=0.579
time=18.797
obj=0.577
time=18.809
obj=0.576
time=18.825
obj=0.576
time=18.833
obj=0.575
time=21.211
obj=0.575
time=21.219
obj=0.575
time=21.246
obj=0.575
c real margin = 0.425
