buffers=16
windows=20
args generated-large/24.txt 12345 1
original_lb=0.243
time=0.068
obj=0.524
time=0.076
obj=0.495
time=0.080
obj=0.482
time=0.083
obj=0.476
time=0.086
obj=0.462
time=0.090
obj=0.453
time=0.094
obj=0.447
time=0.098
obj=0.439
time=0.101
obj=0.438
time=0.105
obj=0.437
time=0.109
obj=0.427
time=0.114
obj=0.424
time=0.118
obj=0.423
time=0.122
obj=0.411
time=0.125
obj=0.402
time=0.130
obj=0.395
time=0.135
obj=0.391
time=0.139
obj=0.389
time=0.145
obj=0.389
time=0.151
obj=0.385
time=0.155
obj=0.384
time=0.159
obj=0.381
time=0.162
obj=0.379
time=0.167
obj=0.379
time=0.170
obj=0.376
time=0.174
obj=0.373
time=0.181
obj=0.372
time=0.186
obj=0.371
time=0.192
obj=0.370
time=0.195
obj=0.368
time=0.199
obj=0.365
time=0.203
obj=0.361
time=0.210
obj=0.351
time=0.214
obj=0.349
time=0.217
obj=0.346
time=0.221
obj=0.345
time=0.230
obj=0.338
time=0.237
obj=0.333
time=0.314
obj=0.332
time=0.317
obj=0.331
time=0.321
obj=0.322
time=0.328
obj=0.320
time=0.332
obj=0.318
time=0.337
obj=0.314
time=0.341
obj=0.308
time=0.345
obj=0.307
time=0.350
obj=0.306
time=0.353
obj=0.305
time=0.358
obj=0.304
c real margin = 0.696
