buffers=16
windows=80
args generated-large/27.txt 12345 1
original_lb=0.207
time=0.072
obj=1.045
time=0.078
obj=1.006
time=0.142
obj=1.006
time=0.144
obj=1.004
time=0.155
obj=1.004
time=0.182
obj=1.004
time=0.196
obj=1.003
time=0.199
obj=1.002
time=0.202
obj=1.002
time=0.223
obj=1.001
time=0.229
obj=1.001
time=0.247
obj=1.000
time=0.249
obj=0.999
time=0.272
obj=0.999
time=0.275
obj=0.999
time=0.287
obj=0.996
time=0.325
obj=0.996
time=0.327
obj=0.995
time=0.338
obj=0.995
time=0.353
obj=0.994
time=0.381
obj=0.994
time=0.401
obj=0.994
time=0.423
obj=0.993
time=0.426
obj=0.990
time=0.452
obj=0.990
time=0.455
obj=0.988
time=0.986
obj=0.988
time=0.991
obj=0.985
time=0.994
obj=0.985
time=1.519
obj=0.985
time=1.530
obj=0.984
time=1.808
obj=0.983
time=2.362
obj=0.983
time=2.363
obj=0.982
time=2.653
obj=0.982
time=2.654
obj=0.982
time=2.690
obj=0.981
time=2.980
obj=0.981
time=3.104
obj=0.980
time=3.560
obj=0.980
time=3.561
obj=0.978
time=4.599
obj=0.978
time=4.601
obj=0.976
time=4.603
obj=0.974
time=5.078
obj=0.974
time=5.878
obj=0.974
time=6.098
obj=0.973
time=7.820
obj=0.973
time=7.821
obj=0.973
time=8.817
obj=0.972
time=12.006
obj=0.972
time=12.008
obj=0.971
time=15.207
obj=0.971
time=15.208
obj=0.971
time=15.219
obj=0.970
time=17.709
obj=0.970
time=20.440
obj=0.970
time=23.259
obj=0.969
time=23.707
obj=0.969
time=23.708
obj=0.969
time=34.911
obj=0.969
time=34.913
obj=0.968
time=54.062
obj=0.968
time=57.276
obj=0.968
time=57.277
obj=0.967
c real margin = 0.033
