buffers=24
windows=20
args generated-large/28.txt 12345 1
original_lb=0.251
time=0.182
obj=0.814
time=0.213
obj=0.811
time=0.235
obj=0.806
time=0.249
obj=0.806
time=0.255
obj=0.804
time=0.261
obj=0.804
time=0.282
obj=0.801
time=0.300
obj=0.800
time=0.313
obj=0.798
time=0.319
obj=0.797
time=0.341
obj=0.795
time=0.352
obj=0.795
time=0.361
obj=0.790
time=0.376
obj=0.785
time=0.387
obj=0.780
time=0.403
obj=0.777
time=0.419
obj=0.774
time=0.428
obj=0.774
time=0.437
obj=0.771
time=0.464
obj=0.770
time=0.471
obj=0.768
time=0.495
obj=0.767
time=0.505
obj=0.766
time=0.512
obj=0.763
time=0.539
obj=0.762
time=0.559
obj=0.755
time=0.585
obj=0.754
time=0.592
obj=0.752
time=0.602
obj=0.748
time=0.609
obj=0.745
time=0.651
obj=0.745
time=0.656
obj=0.743
time=0.678
obj=0.742
time=0.717
obj=0.739
time=0.722
obj=0.738
time=0.747
obj=0.735
time=0.795
obj=0.735
time=0.826
obj=0.732
time=0.833
obj=0.731
time=0.849
obj=0.729
time=0.867
obj=0.728
time=0.886
obj=0.728
time=0.915
obj=0.727
time=0.941
obj=0.727
time=0.980
obj=0.726
time=1.019
obj=0.726
time=1.026
obj=0.726
time=1.044
obj=0.725
time=1.125
obj=0.724
time=1.164
obj=0.720
time=1.168
obj=0.719
time=1.200
obj=0.719
time=1.240
obj=0.717
time=1.244
obj=0.717
time=1.252
obj=0.714
time=1.258
obj=0.711
time=1.274
obj=0.709
time=1.279
obj=0.707
time=1.319
obj=0.705
time=1.323
obj=0.705
time=1.339
obj=0.704
time=1.451
obj=0.704
time=1.454
obj=0.701
time=2.026
obj=0.701
time=2.028
obj=0.698
time=2.287
obj=0.698
time=2.290
obj=0.697
time=2.299
obj=0.694
time=2.686
obj=0.694
time=2.689
obj=0.691
time=2.692
obj=0.691
time=2.797
obj=0.690
time=2.961
obj=0.690
time=2.964
obj=0.689
time=3.171
obj=0.687
time=3.753
obj=0.687
time=3.755
obj=0.686
time=5.427
obj=0.686
time=5.429
obj=0.685
time=5.566
obj=0.684
time=5.569
obj=0.684
time=6.853
obj=0.681
time=6.855
obj=0.680
time=6.859
obj=0.679
time=12.484
obj=0.679
time=12.486
obj=0.678
time=22.684
obj=0.676
c real margin = 0.324
