buffers=16
windows=40
args generated-large/29.txt 12345 1
original_lb=0.262
time=0.083
obj=0.811
time=0.096
obj=0.775
time=0.103
obj=0.759
time=0.108
obj=0.758
time=0.111
obj=0.748
time=0.116
obj=0.738
time=0.120
obj=0.735
time=0.126
obj=0.721
time=0.130
obj=0.711
time=0.138
obj=0.710
time=0.143
obj=0.710
time=0.148
obj=0.708
time=0.152
obj=0.706
time=0.162
obj=0.705
time=0.166
obj=0.701
time=0.171
obj=0.697
time=0.176
obj=0.695
time=0.184
obj=0.690
time=0.191
obj=0.690
time=0.200
obj=0.688
time=0.207
obj=0.688
time=0.211
obj=0.678
time=0.219
obj=0.674
time=0.223
obj=0.672
time=0.227
obj=0.668
time=0.234
obj=0.666
time=0.237
obj=0.653
time=0.241
obj=0.650
time=0.248
obj=0.649
time=0.258
obj=0.646
time=0.265
obj=0.643
time=0.274
obj=0.642
time=0.285
obj=0.639
time=0.292
obj=0.639
time=0.301
obj=0.638
time=0.305
obj=0.632
time=0.309
obj=0.630
time=0.320
obj=0.628
time=0.326
obj=0.624
time=0.332
obj=0.624
time=0.336
obj=0.621
time=0.343
obj=0.619
time=0.350
obj=0.618
time=0.354
obj=0.616
time=0.364
obj=0.613
time=0.374
obj=0.611
time=0.384
obj=0.610
time=0.391
obj=0.608
time=0.395
obj=0.608
time=0.407
obj=0.607
time=0.411
obj=0.605
time=0.415
obj=0.603
time=0.426
obj=0.598
time=0.430
obj=0.597
time=0.442
obj=0.592
time=0.448
obj=0.592
time=0.453
obj=0.590
time=0.457
obj=0.587
time=0.467
obj=0.587
time=0.475
obj=0.584
time=0.491
obj=0.583
time=0.494
obj=0.583
time=0.504
obj=0.583
time=0.519
obj=0.582
time=0.529
obj=0.582
time=0.537
obj=0.577
time=0.547
obj=0.573
time=0.558
obj=0.571
time=0.564
obj=0.568
time=0.568
obj=0.567
time=0.582
obj=0.567
time=0.587
obj=0.564
time=0.595
obj=0.563
time=0.608
obj=0.563
time=0.611
obj=0.561
time=0.628
obj=0.561
time=0.642
obj=0.561
time=0.661
obj=0.559
time=0.667
obj=0.559
time=0.671
obj=0.558
time=0.692
obj=0.557
time=0.696
obj=0.557
time=0.708
obj=0.556
time=0.727
obj=0.555
time=0.731
obj=0.554
time=0.749
obj=0.553
time=0.759
obj=0.552
time=0.763
obj=0.551
time=0.787
obj=0.551
time=0.795
obj=0.550
time=0.807
obj=0.550
time=0.815
obj=0.550
time=0.824
obj=0.549
time=0.844
obj=0.546
time=0.863
obj=0.545
time=0.899
obj=0.543
time=1.026
obj=0.541
time=1.036
obj=0.539
time=1.154
obj=0.538
time=1.158
obj=0.538
time=1.173
obj=0.538
time=1.180
obj=0.537
time=1.184
obj=0.537
time=1.200
obj=0.536
time=1.204
obj=0.536
time=1.332
obj=0.536
time=1.337
obj=0.536
time=1.448
obj=0.536
time=1.462
obj=0.534
time=1.593
obj=0.533
time=1.596
obj=0.533
time=1.609
obj=0.533
time=1.620
obj=0.529
time=1.628
obj=0.529
time=1.630
obj=0.529
time=1.989
obj=0.527
time=2.024
obj=0.526
time=2.025
obj=0.526
time=2.031
obj=0.526
time=2.039
obj=0.526
time=3.143
obj=0.525
time=3.145
obj=0.525
time=3.606
obj=0.524
time=3.608
obj=0.524
time=3.610
obj=0.522
time=5.233
obj=0.522
time=5.235
obj=0.519
time=5.870
obj=0.516
c real margin = 0.484
