buffers=8
windows=40
args generated-large/31.txt 12345 1
original_lb=0.221
time=0.017
obj=0.629
time=0.022
obj=0.628
time=0.023
obj=0.622
time=0.024
obj=0.609
time=0.025
obj=0.531
time=0.026
obj=0.514
time=0.028
obj=0.509
time=0.029
obj=0.498
time=0.030
obj=0.491
time=0.031
obj=0.483
time=0.033
obj=0.478
time=0.034
obj=0.478
time=0.036
obj=0.472
time=0.037
obj=0.467
time=0.038
obj=0.465
time=0.039
obj=0.463
time=0.041
obj=0.462
time=0.042
obj=0.454
time=0.044
obj=0.446
time=0.045
obj=0.441
time=0.048
obj=0.439
time=0.079
obj=0.436
time=0.080
obj=0.434
time=0.082
obj=0.432
time=0.083
obj=0.431
time=0.085
obj=0.430
time=0.101
obj=0.429
time=0.102
obj=0.420
time=0.103
obj=0.417
time=0.105
obj=0.410
time=0.106
obj=0.409
time=0.108
obj=0.401
time=0.109
obj=0.400
time=0.172
obj=0.396
c real margin = 0.604
