buffers=16
windows=80
args generated-large/32.txt 12345 1
original_lb=0.249
time=0.083
obj=1.063
time=0.089
obj=1.055
time=0.143
obj=1.054
time=0.146
obj=1.052
time=0.156
obj=1.050
time=0.160
obj=1.050
time=0.165
obj=1.049
time=0.173
obj=1.049
time=0.178
obj=1.048
time=0.184
obj=1.048
time=0.191
obj=1.047
time=0.198
obj=1.047
time=0.201
obj=1.046
time=0.209
obj=1.045
time=0.214
obj=1.044
time=0.224
obj=1.044
time=0.231
obj=1.042
time=0.240
obj=1.041
time=0.258
obj=1.041
time=0.270
obj=1.041
time=0.274
obj=1.041
time=0.277
obj=1.040
time=0.281
obj=1.038
time=0.292
obj=1.038
time=0.295
obj=1.037
time=0.303
obj=1.036
time=0.322
obj=1.035
time=0.325
obj=1.013
time=0.329
obj=1.011
time=0.333
obj=1.005
time=0.338
obj=1.003
time=0.343
obj=1.003
time=0.348
obj=1.001
time=0.353
obj=1.000
time=0.359
obj=0.998
time=0.364
obj=0.998
time=0.368
obj=0.996
time=0.372
obj=0.995
time=0.378
obj=0.994
time=0.382
obj=0.991
time=0.387
obj=0.990
time=0.394
obj=0.988
time=0.402
obj=0.988
time=0.409
obj=0.985
time=0.413
obj=0.985
time=0.418
obj=0.984
time=0.422
obj=0.982
time=0.425
obj=0.979
time=0.432
obj=0.978
time=0.437
obj=0.972
time=0.440
obj=0.970
time=0.444
obj=0.967
time=0.450
obj=0.967
time=0.457
obj=0.967
time=0.463
obj=0.966
time=0.468
obj=0.965
time=0.474
obj=0.964
time=0.482
obj=0.960
time=0.488
obj=0.959
time=0.493
obj=0.957
time=0.500
obj=0.956
time=0.506
obj=0.955
time=0.513
obj=0.955
time=0.517
obj=0.952
time=0.527
obj=0.951
time=0.534
obj=0.949
time=0.542
obj=0.948
time=0.549
obj=0.945
time=0.557
obj=0.945
time=0.561
obj=0.944
time=0.567
obj=0.943
time=0.577
obj=0.942
time=0.588
obj=0.941
time=0.593
obj=0.941
time=0.600
obj=0.940
time=0.606
obj=0.939
time=0.610
obj=0.935
time=0.620
obj=0.935
time=0.627
obj=0.934
time=0.633
obj=0.933
time=0.641
obj=0.933
time=0.648
obj=0.931
time=0.652
obj=0.931
time=0.655
obj=0.931
time=0.665
obj=0.931
time=0.671
obj=0.931
time=0.674
obj=0.929
time=0.680
obj=0.929
time=0.684
obj=0.928
time=0.688
obj=0.927
time=0.692
obj=0.926
time=0.700
obj=0.924
time=0.706
obj=0.924
time=0.710
obj=0.924
time=0.713
obj=0.923
time=0.722
obj=0.920
time=0.732
obj=0.920
time=0.735
obj=0.919
time=0.745
obj=0.919
time=0.757
obj=0.918
time=0.764
obj=0.918
time=0.774
obj=0.917
time=0.788
obj=0.916
time=0.791
obj=0.915
time=0.799
obj=0.915
time=0.804
obj=0.913
time=0.814
obj=0.912
time=0.824
obj=0.912
time=0.827
obj=0.912
time=0.835
obj=0.911
time=0.845
obj=0.910
time=0.860
obj=0.910
time=0.866
obj=0.909
time=0.880
obj=0.908
time=0.888
obj=0.907
time=0.905
obj=0.904
time=0.931
obj=0.904
time=0.934
obj=0.903
time=0.943
obj=0.902
time=0.947
obj=0.899
time=0.965
obj=0.898
time=0.987
obj=0.897
time=0.991
obj=0.897
time=1.006
obj=0.896
time=1.031
obj=0.895
time=1.035
obj=0.894
time=1.068
obj=0.894
time=1.124
obj=0.894
time=1.140
obj=0.893
time=1.144
obj=0.892
time=1.163
obj=0.889
time=1.183
obj=0.889
time=1.187
obj=0.889
time=1.203
obj=0.888
time=1.237
obj=0.888
time=1.280
obj=0.888
time=1.283
obj=0.888
time=1.400
obj=0.887
time=1.403
obj=0.887
time=1.425
obj=0.887
time=1.428
obj=0.886
time=1.452
obj=0.886
time=1.455
obj=0.886
time=1.467
obj=0.885
time=1.604
obj=0.885
time=1.614
obj=0.884
time=1.794
obj=0.884
time=1.796
obj=0.883
time=1.808
obj=0.883
time=1.816
obj=0.883
time=1.895
obj=0.883
time=1.909
obj=0.883
time=1.911
obj=0.880
time=1.924
obj=0.878
time=2.391
obj=0.878
time=2.392
obj=0.877
time=2.600
obj=0.877
time=2.602
obj=0.874
time=2.871
obj=0.874
time=3.161
obj=0.874
time=3.163
obj=0.873
time=3.439
obj=0.872
time=3.441
obj=0.872
time=3.896
obj=0.872
time=4.668
obj=0.872
time=4.670
obj=0.872
time=5.287
obj=0.872
time=7.320
obj=0.872
time=7.335
obj=0.871
time=7.399
obj=0.871
time=7.490
obj=0.869
time=7.492
obj=0.866
time=7.845
obj=0.866
time=8.821
obj=0.866
time=11.401
obj=0.865
time=11.761
obj=0.864
time=11.770
obj=0.864
time=12.981
obj=0.864
time=13.335
obj=0.864
time=13.337
obj=0.864
time=13.342
obj=0.863
time=13.344
obj=0.861
time=17.762
obj=0.860
time=26.147
obj=0.860
time=43.154
obj=0.860
time=43.156
obj=0.859
time=52.476
obj=0.859
time=52.482
obj=0.858
c real margin = 0.142
