buffers=16
windows=80
args generated-large/34.txt 12345 1
original_lb=0.288
time=0.091
obj=0.795
time=0.114
obj=0.674
time=0.117
obj=0.624
time=0.122
obj=0.619
time=0.126
obj=0.608
time=0.130
obj=0.585
time=0.134
obj=0.584
time=0.139
obj=0.576
time=0.143
obj=0.569
time=0.147
obj=0.568
time=0.152
obj=0.568
time=0.157
obj=0.566
time=0.161
obj=0.561
time=0.165
obj=0.537
time=0.169
obj=0.536
time=0.174
obj=0.534
time=0.178
obj=0.523
time=0.183
obj=0.520
time=0.187
obj=0.517
time=0.191
obj=0.511
time=0.196
obj=0.510
time=0.201
obj=0.509
time=0.205
obj=0.505
time=0.209
obj=0.502
time=0.214
obj=0.498
time=0.219
obj=0.491
time=0.223
obj=0.488
time=0.227
obj=0.487
time=0.232
obj=0.487
time=0.236
obj=0.486
time=0.240
obj=0.482
time=0.245
obj=0.481
time=0.250
obj=0.480
time=0.254
obj=0.476
time=0.259
obj=0.472
time=0.263
obj=0.471
time=0.268
obj=0.470
time=0.273
obj=0.465
time=0.278
obj=0.462
time=0.283
obj=0.460
time=0.288
obj=0.460
time=0.292
obj=0.458
time=0.297
obj=0.458
time=0.302
obj=0.457
time=0.307
obj=0.455
time=0.311
obj=0.453
time=0.316
obj=0.453
time=0.320
obj=0.452
time=0.326
obj=0.450
time=0.331
obj=0.449
time=0.336
obj=0.448
time=0.340
obj=0.448
time=0.346
obj=0.446
time=0.351
obj=0.441
time=0.355
obj=0.441
time=0.360
obj=0.441
time=0.365
obj=0.440
time=0.370
obj=0.437
time=0.374
obj=0.434
time=0.379
obj=0.433
time=0.385
obj=0.427
time=0.389
obj=0.427
time=0.395
obj=0.427
time=0.400
obj=0.425
time=0.404
obj=0.424
time=0.409
obj=0.422
time=0.416
obj=0.422
time=0.420
obj=0.422
time=0.425
obj=0.418
time=0.429
obj=0.417
time=0.434
obj=0.416
time=0.440
obj=0.416
time=0.444
obj=0.415
time=0.449
obj=0.414
time=0.453
obj=0.414
time=0.457
obj=0.413
time=0.462
obj=0.413
time=0.467
obj=0.412
time=0.474
obj=0.409
time=0.481
obj=0.408
time=0.485
obj=0.407
time=0.490
obj=0.407
time=0.494
obj=0.404
time=0.501
obj=0.400
time=0.506
obj=0.398
time=0.511
obj=0.397
time=0.515
obj=0.397
time=0.521
obj=0.396
time=0.527
obj=0.395
time=0.531
obj=0.395
time=0.537
obj=0.394
time=0.543
obj=0.393
time=0.549
obj=0.392
time=0.554
obj=0.392
time=0.561
obj=0.391
time=0.566
obj=0.390
time=0.572
obj=0.390
time=0.576
obj=0.389
time=0.588
obj=0.389
time=0.593
obj=0.388
time=0.664
obj=0.388
time=0.668
obj=0.387
time=0.677
obj=0.386
time=0.681
obj=0.385
time=0.687
obj=0.384
time=0.693
obj=0.384
time=0.699
obj=0.384
time=0.703
obj=0.382
time=0.707
obj=0.380
time=0.712
obj=0.380
time=0.716
obj=0.379
time=0.720
obj=0.378
time=0.875
obj=0.378
time=0.880
obj=0.377
time=1.183
obj=0.377
time=1.187
obj=0.376
time=1.191
obj=0.376
time=1.259
obj=0.375
time=1.264
obj=0.375
time=1.268
obj=0.374
time=1.273
obj=0.373
time=1.408
obj=0.372
time=1.413
obj=0.370
time=1.416
obj=0.370
time=1.421
obj=0.370
time=1.425
obj=0.369
time=1.546
obj=0.368
time=1.917
obj=0.367
time=2.670
obj=0.366
time=2.672
obj=0.366
time=2.675
obj=0.366
time=2.751
obj=0.366
time=3.076
obj=0.365
time=3.079
obj=0.365
time=3.196
obj=0.365
time=3.198
obj=0.364
time=3.434
obj=0.363
time=3.436
obj=0.360
time=4.386
obj=0.360
time=4.388
obj=0.360
time=8.866
obj=0.359
time=8.868
obj=0.359
time=8.871
obj=0.359
c real margin = 0.641
