buffers=24
windows=80
args generated-large/35.txt 12345 1
original_lb=0.252
time=0.234
obj=1.026
time=0.254
obj=1.018
time=0.612
obj=1.012
time=2.617
obj=1.011
time=2.728
obj=1.010
time=2.733
obj=1.009
time=2.739
obj=1.002
time=2.742
obj=1.000
time=2.747
obj=0.991
time=2.753
obj=0.990
time=2.759
obj=0.988
time=2.763
obj=0.981
time=2.770
obj=0.978
time=2.773
obj=0.975
time=2.779
obj=0.974
time=2.784
obj=0.974
time=2.791
obj=0.974
time=2.794
obj=0.974
time=2.797
obj=0.974
time=2.801
obj=0.972
time=2.805
obj=0.970
time=2.808
obj=0.967
time=2.816
obj=0.966
time=2.820
obj=0.966
time=2.827
obj=0.964
time=2.831
obj=0.963
time=2.834
obj=0.961
time=2.840
obj=0.957
time=2.843
obj=0.956
time=2.850
obj=0.952
time=2.854
obj=0.951
time=2.858
obj=0.951
time=2.861
obj=0.949
time=2.865
obj=0.949
time=2.872
obj=0.949
time=2.876
obj=0.948
time=2.880
obj=0.947
time=2.883
obj=0.942
time=2.887
obj=0.942
time=2.891
obj=0.940
time=2.895
obj=0.940
time=2.898
obj=0.939
time=2.905
obj=0.939
time=2.910
obj=0.938
time=2.916
obj=0.938
time=2.923
obj=0.935
time=2.930
obj=0.934
time=2.933
obj=0.934
time=2.940
obj=0.933
time=2.946
obj=0.933
time=2.954
obj=0.932
time=2.962
obj=0.930
time=2.967
obj=0.925
time=2.971
obj=0.922
time=2.976
obj=0.921
time=2.985
obj=0.917
time=2.988
obj=0.916
time=2.992
obj=0.915
time=3.001
obj=0.914
time=3.009
obj=0.913
time=3.016
obj=0.912
time=3.020
obj=0.912
time=3.026
obj=0.912
time=3.035
obj=0.911
time=3.039
obj=0.911
time=3.042
obj=0.907
time=3.046
obj=0.907
time=3.050
obj=0.906
time=3.059
obj=0.905
time=3.063
obj=0.902
time=3.071
obj=0.900
time=3.077
obj=0.899
time=3.081
obj=0.899
time=3.088
obj=0.898
time=3.092
obj=0.898
time=3.095
obj=0.897
time=3.099
obj=0.896
time=3.106
obj=0.895
time=3.112
obj=0.894
time=3.120
obj=0.894
time=3.130
obj=0.893
time=3.135
obj=0.893
time=3.145
obj=0.892
time=3.152
obj=0.892
time=3.158
obj=0.891
time=3.164
obj=0.886
time=3.171
obj=0.884
time=3.180
obj=0.884
time=3.183
obj=0.884
time=3.190
obj=0.883
time=3.200
obj=0.882
time=3.206
obj=0.880
time=3.209
obj=0.879
time=3.215
obj=0.878
time=3.221
obj=0.876
time=3.233
obj=0.876
time=3.243
obj=0.873
time=3.251
obj=0.873
time=3.260
obj=0.872
time=3.274
obj=0.870
time=3.288
obj=0.870
time=3.308
obj=0.869
time=3.323
obj=0.869
time=3.327
obj=0.868
time=3.343
obj=0.867
time=3.357
obj=0.867
time=3.368
obj=0.867
time=3.378
obj=0.867
time=3.382
obj=0.866
time=3.397
obj=0.865
time=3.405
obj=0.865
time=3.408
obj=0.864
time=3.412
obj=0.864
time=3.417
obj=0.862
time=3.430
obj=0.861
time=3.434
obj=0.856
time=3.445
obj=0.856
time=3.477
obj=0.856
time=3.481
obj=0.853
time=3.502
obj=0.852
time=3.506
obj=0.850
time=3.510
obj=0.849
time=3.515
obj=0.849
time=3.534
obj=0.848
time=3.537
obj=0.848
time=3.555
obj=0.847
time=3.569
obj=0.847
time=3.575
obj=0.847
time=3.579
obj=0.845
time=3.752
obj=0.845
time=3.808
obj=0.844
time=3.811
obj=0.843
time=4.071
obj=0.843
time=4.077
obj=0.843
time=4.097
obj=0.842
time=4.103
obj=0.837
time=4.208
obj=0.836
time=4.211
obj=0.836
time=4.359
obj=0.836
time=4.530
obj=0.834
time=4.533
obj=0.833
time=4.728
obj=0.833
time=4.731
obj=0.832
time=4.748
obj=0.831
time=4.751
obj=0.831
time=4.768
obj=0.831
time=5.861
obj=0.830
time=5.864
obj=0.830
time=5.867
obj=0.830
time=5.872
obj=0.827
time=7.265
obj=0.827
time=7.268
obj=0.826
time=7.426
obj=0.826
time=7.432
obj=0.825
time=8.246
obj=0.825
time=8.249
obj=0.824
time=8.272
obj=0.824
time=9.748
obj=0.823
time=9.752
obj=0.822
time=11.437
obj=0.822
time=11.440
obj=0.820
time=11.444
obj=0.819
time=17.857
obj=0.819
time=17.860
obj=0.818
time=17.863
obj=0.818
c real margin = 0.182
