buffers=24
windows=80
args generated-large/37.txt 12345 1
original_lb=0.204
time=0.185
obj=1.028
time=0.219
obj=1.027
time=0.224
obj=1.026
time=0.229
obj=1.022
time=0.235
obj=1.010
time=0.242
obj=1.005
time=0.247
obj=1.004
time=0.252
obj=1.002
time=0.256
obj=1.001
time=0.262
obj=0.998
time=0.269
obj=0.992
time=0.274
obj=0.990
time=0.279
obj=0.988
time=0.287
obj=0.987
time=0.292
obj=0.985
time=0.298
obj=0.983
time=0.303
obj=0.978
time=0.310
obj=0.975
time=0.315
obj=0.975
time=0.319
obj=0.974
time=0.324
obj=0.974
time=0.330
obj=0.972
time=0.334
obj=0.968
time=0.340
obj=0.965
time=0.345
obj=0.964
time=0.355
obj=0.964
time=0.359
obj=0.963
time=0.364
obj=0.959
time=0.369
obj=0.957
time=0.374
obj=0.954
time=0.379
obj=0.954
time=0.384
obj=0.952
time=0.391
obj=0.948
time=0.401
obj=0.947
time=0.407
obj=0.946
time=0.414
obj=0.945
time=0.425
obj=0.944
time=0.433
obj=0.944
time=0.441
obj=0.942
time=0.451
obj=0.941
time=0.455
obj=0.941
time=0.460
obj=0.941
time=0.469
obj=0.941
time=0.474
obj=0.938
time=0.481
obj=0.937
time=0.486
obj=0.936
time=0.491
obj=0.933
time=0.496
obj=0.932
time=0.501
obj=0.929
time=0.506
obj=0.927
time=0.514
obj=0.927
time=0.520
obj=0.924
time=0.525
obj=0.923
time=0.529
obj=0.921
time=0.535
obj=0.920
time=0.543
obj=0.919
time=0.556
obj=0.918
time=0.561
obj=0.917
time=0.566
obj=0.917
time=0.572
obj=0.917
time=0.578
obj=0.916
time=0.589
obj=0.916
time=0.598
obj=0.915
time=0.603
obj=0.915
time=0.613
obj=0.914
time=0.620
obj=0.912
time=0.625
obj=0.912
time=0.635
obj=0.908
time=0.640
obj=0.902
time=0.644
obj=0.901
time=0.650
obj=0.901
time=0.657
obj=0.900
time=0.662
obj=0.900
time=0.667
obj=0.899
time=0.676
obj=0.896
time=0.682
obj=0.894
time=0.690
obj=0.893
time=0.698
obj=0.892
time=0.704
obj=0.892
time=0.714
obj=0.891
time=0.722
obj=0.891
time=0.728
obj=0.890
time=0.736
obj=0.889
time=0.742
obj=0.887
time=0.752
obj=0.885
time=0.757
obj=0.884
time=0.767
obj=0.884
time=0.772
obj=0.883
time=0.784
obj=0.883
time=0.789
obj=0.882
time=0.799
obj=0.881
time=0.805
obj=0.879
time=0.814
obj=0.877
time=0.825
obj=0.876
time=0.830
obj=0.873
time=0.835
obj=0.872
time=0.850
obj=0.871
time=0.860
obj=0.870
time=0.875
obj=0.869
time=0.880
obj=0.869
time=0.887
obj=0.868
time=0.893
obj=0.868
time=0.897
obj=0.867
time=0.910
obj=0.867
time=0.915
obj=0.865
time=0.923
obj=0.865
time=0.929
obj=0.864
time=0.940
obj=0.863
time=0.959
obj=0.862
time=0.965
obj=0.862
time=0.987
obj=0.860
time=0.993
obj=0.859
time=0.999
obj=0.857
time=1.004
obj=0.856
time=1.026
obj=0.855
time=1.031
obj=0.854
time=1.050
obj=0.853
time=1.055
obj=0.853
time=1.062
obj=0.852
time=1.153
obj=0.851
time=1.170
obj=0.851
time=1.181
obj=0.847
time=1.188
obj=0.846
time=1.282
obj=0.843
time=1.288
obj=0.842
time=1.309
obj=0.841
time=1.323
obj=0.840
time=1.327
obj=0.838
time=1.340
obj=0.838
time=1.432
obj=0.837
time=1.441
obj=0.836
time=1.458
obj=0.835
time=1.645
obj=0.835
time=1.652
obj=0.835
time=1.660
obj=0.831
time=1.673
obj=0.830
time=1.681
obj=0.828
time=1.687
obj=0.828
time=1.691
obj=0.827
time=1.969
obj=0.827
time=1.974
obj=0.827
time=3.090
obj=0.826
time=3.096
obj=0.826
time=3.179
obj=0.826
time=3.182
obj=0.825
time=3.736
obj=0.823
time=3.750
obj=0.822
time=4.401
obj=0.821
time=4.406
obj=0.811
time=4.412
obj=0.810
time=4.420
obj=0.810
time=4.785
obj=0.810
time=7.645
obj=0.810
time=7.657
obj=0.809
time=7.661
obj=0.808
time=10.876
obj=0.807
time=10.894
obj=0.807
time=10.897
obj=0.807
time=10.901
obj=0.806
time=16.163
obj=0.806
time=16.811
obj=0.805
time=16.815
obj=0.805
time=18.170
obj=0.802
time=24.297
obj=0.801
time=24.301
obj=0.799
time=43.355
obj=0.798
time=43.359
obj=0.796
time=48.549
obj=0.794
c real margin = 0.206
