buffers=8
windows=20
args generated-large/38.txt 12345 1
original_lb=0.288
time=0.012
obj=0.484
time=0.015
obj=0.479
time=0.016
obj=0.473
time=0.017
obj=0.468
time=0.018
obj=0.466
time=0.019
obj=0.465
time=0.020
obj=0.454
time=0.021
obj=0.442
time=0.022
obj=0.435
time=0.023
obj=0.430
time=0.024
obj=0.423
time=0.026
obj=0.401
time=0.027
obj=0.389
time=0.028
obj=0.388
time=0.029
obj=0.381
time=0.032
obj=0.379
time=0.033
obj=0.378
time=0.034
obj=0.373
time=0.035
obj=0.372
time=0.039
obj=0.365
time=0.040
obj=0.364
time=0.041
obj=0.361
time=0.043
obj=0.357
time=0.044
obj=0.354
time=0.054
obj=0.354
time=0.055
obj=0.353
time=0.056
obj=0.351
time=0.057
obj=0.348
time=0.058
obj=0.345
time=0.059
obj=0.345
time=0.060
obj=0.330
c real margin = 0.670
