buffers=8
windows=40
args generated-large/39.txt 12345 1
original_lb=0.256
time=0.009
obj=0.705
time=0.012
obj=0.691
time=0.013
obj=0.645
time=0.013
obj=0.629
time=0.014
obj=0.610
time=0.014
obj=0.605
time=0.015
obj=0.602
time=0.016
obj=0.597
time=0.017
obj=0.580
time=0.018
obj=0.565
time=0.019
obj=0.555
time=0.019
obj=0.547
time=0.020
obj=0.545
time=0.021
obj=0.541
time=0.022
obj=0.539
time=0.023
obj=0.518
time=0.036
obj=0.510
time=0.037
obj=0.506
time=0.134
obj=0.505
time=0.282
obj=0.503
time=0.331
obj=0.503
time=0.343
obj=0.502
time=0.368
obj=0.501
time=0.369
obj=0.497
time=0.422
obj=0.496
time=0.423
obj=0.495
time=0.784
obj=0.487
time=0.785
obj=0.486
time=1.195
obj=0.485
time=1.779
obj=0.484
time=2.983
obj=0.483
time=3.813
obj=0.482
time=3.814
obj=0.481
time=6.960
obj=0.481
time=17.638
obj=0.480
time=22.199
obj=0.480
time=22.200
obj=0.479
time=22.201
obj=0.474
c real margin = 0.526
