buffers=16
windows=20
args generated-large/40.txt 12345 1
original_lb=0.236
time=0.044
obj=0.509
time=0.053
obj=0.508
time=0.055
obj=0.508
time=0.058
obj=0.506
time=0.060
obj=0.505
time=0.063
obj=0.495
time=0.065
obj=0.487
time=0.069
obj=0.461
time=0.071
obj=0.458
time=0.074
obj=0.448
time=0.077
obj=0.447
time=0.080
obj=0.442
time=0.083
obj=0.438
time=0.088
obj=0.436
time=0.105
obj=0.433
time=0.110
obj=0.432
time=0.115
obj=0.423
time=0.119
obj=0.421
time=0.125
obj=0.419
time=0.132
obj=0.410
time=0.148
obj=0.410
time=0.157
obj=0.406
time=0.160
obj=0.406
time=0.163
obj=0.404
time=0.166
obj=0.403
time=0.170
obj=0.391
time=0.205
obj=0.390
time=0.207
obj=0.388
time=0.210
obj=0.388
time=0.216
obj=0.386
time=0.227
obj=0.386
time=0.231
obj=0.382
time=0.233
obj=0.379
time=0.612
obj=0.379
time=0.618
obj=0.377
time=3.471
obj=0.375
time=3.476
obj=0.369
c real margin = 0.631
