buffers=8
windows=80
args generated-large/42.txt 12345 1
original_lb=0.195
time=0.017
obj=0.928
time=0.063
obj=0.925
time=0.103
obj=0.925
time=0.104
obj=0.923
time=0.105
obj=0.914
time=0.106
obj=0.881
time=0.108
obj=0.876
time=0.109
obj=0.832
time=0.110
obj=0.829
time=0.111
obj=0.820
time=0.112
obj=0.819
time=0.113
obj=0.799
time=0.114
obj=0.786
time=0.115
obj=0.779
time=0.116
obj=0.776
time=0.118
obj=0.776
time=0.119
obj=0.773
time=0.120
obj=0.755
time=0.121
obj=0.749
time=0.184
obj=0.749
time=0.260
obj=0.733
time=0.261
obj=0.732
time=0.262
obj=0.731
time=0.392
obj=0.730
time=0.393
obj=0.726
time=0.428
obj=0.717
time=3.313
obj=0.715
time=3.314
obj=0.714
time=13.773
obj=0.709
time=13.773
obj=0.708
c real margin = 0.292
