buffers=16
windows=60
args generated-large/44.txt 12345 1
original_lb=0.220
time=0.076
obj=0.950
time=0.096
obj=0.921
time=0.099
obj=0.908
time=0.102
obj=0.876
time=0.106
obj=0.842
time=0.110
obj=0.833
time=0.113
obj=0.819
time=0.117
obj=0.816
time=0.122
obj=0.812
time=0.126
obj=0.809
time=0.130
obj=0.796
time=0.133
obj=0.793
time=0.137
obj=0.787
time=0.140
obj=0.784
time=0.144
obj=0.773
time=0.148
obj=0.773
time=0.153
obj=0.769
time=0.157
obj=0.766
time=0.160
obj=0.765
time=0.164
obj=0.760
time=0.168
obj=0.756
time=0.171
obj=0.755
time=0.176
obj=0.754
time=0.180
obj=0.751
time=0.185
obj=0.750
time=0.188
obj=0.748
time=0.195
obj=0.748
time=0.201
obj=0.743
time=0.206
obj=0.741
time=0.211
obj=0.741
time=0.218
obj=0.736
time=0.221
obj=0.734
time=0.225
obj=0.733
time=0.233
obj=0.728
time=0.237
obj=0.726
time=0.241
obj=0.724
time=0.247
obj=0.717
time=0.255
obj=0.713
time=0.259
obj=0.709
time=0.266
obj=0.708
time=0.274
obj=0.705
time=0.278
obj=0.703
time=0.286
obj=0.702
time=0.292
obj=0.700
time=0.295
obj=0.696
time=0.305
obj=0.695
time=0.309
obj=0.693
time=0.313
obj=0.692
time=0.323
obj=0.692
time=0.336
obj=0.689
time=0.349
obj=0.685
time=0.360
obj=0.684
time=0.370
obj=0.682
time=0.389
obj=0.680
time=0.393
obj=0.680
time=0.422
obj=0.679
time=0.425
obj=0.679
time=0.440
obj=0.678
time=0.523
obj=0.676
time=0.545
obj=0.674
time=0.556
obj=0.674
time=0.593
obj=0.674
time=0.596
obj=0.673
time=0.603
obj=0.672
time=0.616
obj=0.670
time=0.625
obj=0.666
time=0.637
obj=0.666
time=0.647
obj=0.665
time=0.663
obj=0.665
time=0.676
obj=0.662
time=0.685
obj=0.660
time=1.052
obj=0.656
time=1.055
obj=0.656
time=1.058
obj=0.655
time=1.063
obj=0.654
time=1.393
obj=0.654
time=1.532
obj=0.654
time=1.534
obj=0.653
time=1.802
obj=0.653
time=1.804
obj=0.652
time=1.808
obj=0.651
time=1.810
obj=0.650
time=2.064
obj=0.650
time=2.219
obj=0.650
time=2.221
obj=0.649
time=3.911
obj=0.649
time=4.053
obj=0.648
time=4.055
obj=0.646
time=4.241
obj=0.645
time=4.243
obj=0.645
time=4.390
obj=0.643
time=4.451
obj=0.642
time=4.453
obj=0.640
time=7.928
obj=0.639
time=9.604
obj=0.639
time=12.218
obj=0.638
time=17.742
obj=0.637
time=17.752
obj=0.636
time=22.181
obj=0.636
time=22.183
obj=0.634
time=22.185
obj=0.631
time=22.188
obj=0.630
c real margin = 0.370
