buffers=16
windows=40
args generated-large/46.txt 12345 1
original_lb=0.251
time=0.077
obj=0.575
time=0.090
obj=0.506
time=0.094
obj=0.497
time=0.097
obj=0.487
time=0.101
obj=0.475
time=0.105
obj=0.471
time=0.109
obj=0.465
time=0.113
obj=0.465
time=0.117
obj=0.460
time=0.121
obj=0.439
time=0.125
obj=0.429
time=0.130
obj=0.426
time=0.135
obj=0.425
time=0.138
obj=0.425
time=0.143
obj=0.423
time=0.150
obj=0.419
time=0.155
obj=0.416
time=0.168
obj=0.416
time=0.172
obj=0.415
time=0.178
obj=0.411
time=0.185
obj=0.409
time=0.189
obj=0.409
time=0.193
obj=0.393
time=0.197
obj=0.388
time=0.250
obj=0.388
time=0.253
obj=0.380
time=0.259
obj=0.375
time=0.295
obj=0.372
time=0.386
obj=0.370
time=0.390
obj=0.370
time=0.394
obj=0.367
time=0.398
obj=0.366
time=0.403
obj=0.365
time=0.810
obj=0.365
time=0.813
obj=0.363
time=0.957
obj=0.363
c real margin = 0.637
