buffers=16
windows=60
args generated-large/48.txt 12345 1
original_lb=0.226
time=0.074
obj=0.841
time=0.094
obj=0.834
time=0.098
obj=0.821
time=0.101
obj=0.800
time=0.104
obj=0.800
time=0.107
obj=0.794
time=0.110
obj=0.783
time=0.114
obj=0.781
time=0.118
obj=0.770
time=0.121
obj=0.768
time=0.125
obj=0.762
time=0.128
obj=0.758
time=0.131
obj=0.757
time=0.135
obj=0.754
time=0.138
obj=0.751
time=0.142
obj=0.751
time=0.146
obj=0.748
time=0.149
obj=0.747
time=0.153
obj=0.745
time=0.156
obj=0.744
time=0.161
obj=0.743
time=0.165
obj=0.742
time=0.169
obj=0.738
time=0.172
obj=0.732
time=0.175
obj=0.731
time=0.181
obj=0.728
time=0.184
obj=0.727
time=0.188
obj=0.725
time=0.192
obj=0.723
time=0.195
obj=0.721
time=0.200
obj=0.718
time=0.203
obj=0.718
time=0.209
obj=0.716
time=0.212
obj=0.716
time=0.218
obj=0.715
time=0.222
obj=0.714
time=0.226
obj=0.705
time=0.229
obj=0.703
time=0.233
obj=0.703
time=0.236
obj=0.700
time=0.241
obj=0.699
time=0.244
obj=0.699
time=0.248
obj=0.698
time=0.255
obj=0.694
time=0.260
obj=0.694
time=0.267
obj=0.691
time=0.270
obj=0.691
time=0.273
obj=0.690
time=0.277
obj=0.688
time=0.283
obj=0.684
time=0.287
obj=0.683
time=0.290
obj=0.682
time=0.293
obj=0.679
time=0.298
obj=0.679
time=0.305
obj=0.678
time=0.309
obj=0.678
time=0.313
obj=0.677
time=0.317
obj=0.677
time=0.320
obj=0.675
time=0.324
obj=0.670
time=0.327
obj=0.669
time=0.331
obj=0.665
time=0.335
obj=0.664
time=0.339
obj=0.663
time=0.344
obj=0.657
time=0.349
obj=0.656
time=0.353
obj=0.653
time=0.357
obj=0.653
time=0.362
obj=0.652
time=0.369
obj=0.651
time=0.372
obj=0.650
time=0.376
obj=0.646
time=0.380
obj=0.646
time=0.384
obj=0.644
time=0.388
obj=0.644
time=0.393
obj=0.643
time=0.398
obj=0.640
time=0.403
obj=0.639
time=0.409
obj=0.639
time=0.414
obj=0.639
time=0.418
obj=0.637
time=0.422
obj=0.633
time=0.426
obj=0.633
time=0.431
obj=0.632
time=0.438
obj=0.632
time=0.444
obj=0.632
time=0.449
obj=0.630
time=0.452
obj=0.630
time=0.457
obj=0.629
time=0.463
obj=0.628
time=0.467
obj=0.627
time=0.476
obj=0.627
time=0.480
obj=0.627
time=0.490
obj=0.626
time=0.507
obj=0.624
time=0.514
obj=0.623
time=0.517
obj=0.620
time=0.521
obj=0.620
time=0.527
obj=0.619
time=0.531
obj=0.619
time=0.534
obj=0.616
time=0.538
obj=0.612
time=0.544
obj=0.612
time=0.547
obj=0.612
time=0.550
obj=0.611
time=0.555
obj=0.610
time=0.568
obj=0.608
time=0.571
obj=0.608
time=0.577
obj=0.606
time=0.583
obj=0.606
time=0.587
obj=0.606
time=0.592
obj=0.605
time=0.596
obj=0.603
time=0.600
obj=0.601
time=0.668
obj=0.601
time=0.671
obj=0.600
time=0.676
obj=0.600
time=0.679
obj=0.599
time=0.685
obj=0.596
time=0.689
obj=0.594
time=0.693
obj=0.594
time=0.697
obj=0.591
time=0.704
obj=0.591
time=0.708
obj=0.591
time=0.737
obj=0.590
time=0.741
obj=0.590
time=0.751
obj=0.590
time=0.755
obj=0.589
time=0.760
obj=0.588
time=0.767
obj=0.588
time=0.771
obj=0.587
time=0.779
obj=0.587
time=0.782
obj=0.586
time=0.790
obj=0.585
time=1.064
obj=0.584
time=1.067
obj=0.583
time=1.076
obj=0.582
time=1.080
obj=0.582
time=1.084
obj=0.581
time=1.218
obj=0.581
time=1.221
obj=0.580
time=1.225
obj=0.579
time=1.241
obj=0.579
time=1.246
obj=0.579
time=1.252
obj=0.579
time=1.268
obj=0.578
time=5.409
obj=0.578
time=5.416
obj=0.577
time=5.418
obj=0.576
time=5.421
obj=0.574
time=5.574
obj=0.573
time=5.576
obj=0.573
time=5.579
obj=0.572
time=5.581
obj=0.572
time=47.319
obj=0.572
time=47.322
obj=0.571
time=47.327
obj=0.570
time=47.329
obj=0.570
time=47.477
obj=0.568
time=47.479
obj=0.568
time=47.483
obj=0.568
time=47.488
obj=0.567
time=47.492
obj=0.567
time=47.494
obj=0.566
time=47.496
obj=0.564
time=47.498
obj=0.564
time=47.500
obj=0.563
time=47.503
obj=0.560
c real margin = 0.440
