buffers=8
windows=60
args generated-large/49.txt 12345 1
original_lb=0.171
time=0.014
obj=1.024
time=0.019
obj=1.019
time=0.020
obj=1.012
time=0.021
obj=1.011
time=0.022
obj=0.992
time=0.023
obj=0.990
time=0.025
obj=0.986
time=0.025
obj=0.979
time=0.026
obj=0.978
time=0.028
obj=0.973
time=0.029
obj=0.969
time=0.030
obj=0.968
time=0.031
obj=0.965
time=0.032
obj=0.964
time=0.034
obj=0.962
time=0.035
obj=0.955
time=0.036
obj=0.951
time=0.037
obj=0.950
time=0.038
obj=0.941
time=0.039
obj=0.923
time=0.040
obj=0.917
time=0.041
obj=0.913
time=0.042
obj=0.907
time=0.043
obj=0.904
time=0.044
obj=0.896
time=0.045
obj=0.894
time=0.046
obj=0.894
time=0.047
obj=0.893
time=0.048
obj=0.886
time=0.049
obj=0.875
time=0.050
obj=0.875
time=0.052
obj=0.874
time=0.052
obj=0.872
time=0.053
obj=0.870
time=0.055
obj=0.870
time=0.056
obj=0.868
time=0.056
obj=0.868
time=0.088
obj=0.868
time=0.116
obj=0.858
time=0.176
obj=0.858
time=0.177
obj=0.856
time=0.178
obj=0.855
time=0.179
obj=0.855
time=0.179
obj=0.853
time=0.180
obj=0.844
time=0.182
obj=0.842
time=0.292
obj=0.842
time=0.424
obj=0.841
time=0.425
obj=0.840
time=0.767
obj=0.836
time=0.796
obj=0.836
time=0.796
obj=0.836
time=0.797
obj=0.829
time=0.823
obj=0.828
time=0.825
obj=0.826
time=1.531
obj=0.823
time=1.532
obj=0.821
time=4.445
obj=0.817
time=5.931
obj=0.817
time=5.932
obj=0.815
c real margin = 0.185
