buffers=16
windows=20
args generated-large/5.txt 12345 1
original_lb=0.258
time=0.041
obj=0.663
time=0.049
obj=0.662
time=0.052
obj=0.659
time=0.054
obj=0.641
time=0.057
obj=0.637
time=0.059
obj=0.636
time=0.062
obj=0.634
time=0.063
obj=0.630
time=0.065
obj=0.628
time=0.069
obj=0.624
time=0.071
obj=0.619
time=0.073
obj=0.617
time=0.076
obj=0.599
time=0.079
obj=0.597
time=0.082
obj=0.596
time=0.084
obj=0.588
time=0.088
obj=0.586
time=0.089
obj=0.584
time=0.092
obj=0.573
time=0.095
obj=0.570
time=0.098
obj=0.553
time=0.100
obj=0.552
time=0.104
obj=0.550
time=0.106
obj=0.550
time=0.110
obj=0.545
time=0.113
obj=0.541
time=0.117
obj=0.532
time=0.122
obj=0.529
time=0.124
obj=0.526
time=0.129
obj=0.522
time=0.130
obj=0.519
time=0.135
obj=0.518
time=0.137
obj=0.512
time=0.139
obj=0.511
time=0.141
obj=0.508
time=0.144
obj=0.507
time=0.156
obj=0.506
time=0.161
obj=0.504
time=0.167
obj=0.503
time=0.175
obj=0.502
time=0.185
obj=0.499
time=0.187
obj=0.497
time=0.210
obj=0.496
time=0.212
obj=0.496
time=0.219
obj=0.495
time=0.229
obj=0.493
time=0.233
obj=0.491
time=0.235
obj=0.490
time=0.239
obj=0.489
time=0.265
obj=0.488
time=0.267
obj=0.484
time=0.348
obj=0.482
time=0.350
obj=0.482
time=0.352
obj=0.481
time=0.354
obj=0.481
time=0.357
obj=0.468
time=0.364
obj=0.465
time=0.403
obj=0.462
time=0.410
obj=0.457
time=0.412
obj=0.455
c real margin = 0.545
