buffers=16
windows=60
args generated-large/51.txt 12345 1
original_lb=0.197
time=0.082
obj=0.952
time=0.103
obj=0.940
time=0.107
obj=0.931
time=0.111
obj=0.924
time=0.114
obj=0.922
time=0.117
obj=0.900
time=0.122
obj=0.900
time=0.126
obj=0.899
time=0.129
obj=0.894
time=0.133
obj=0.889
time=0.137
obj=0.884
time=0.142
obj=0.881
time=0.146
obj=0.879
time=0.150
obj=0.878
time=0.153
obj=0.878
time=0.156
obj=0.876
time=0.160
obj=0.875
time=0.164
obj=0.867
time=0.167
obj=0.864
time=0.172
obj=0.862
time=0.176
obj=0.856
time=0.181
obj=0.848
time=0.190
obj=0.848
time=0.197
obj=0.846
time=0.201
obj=0.842
time=0.205
obj=0.840
time=0.209
obj=0.839
time=0.213
obj=0.838
time=0.218
obj=0.825
time=0.225
obj=0.823
time=0.228
obj=0.823
time=0.234
obj=0.819
time=0.237
obj=0.816
time=0.244
obj=0.816
time=0.252
obj=0.814
time=0.255
obj=0.814
time=0.259
obj=0.811
time=0.263
obj=0.809
time=0.268
obj=0.809
time=0.272
obj=0.808
time=0.278
obj=0.806
time=0.284
obj=0.805
time=0.289
obj=0.801
time=0.294
obj=0.800
time=0.298
obj=0.798
time=0.302
obj=0.797
time=0.310
obj=0.796
time=0.315
obj=0.796
time=0.320
obj=0.796
time=0.323
obj=0.794
time=0.331
obj=0.793
time=0.337
obj=0.793
time=0.340
obj=0.790
time=0.344
obj=0.788
time=0.347
obj=0.786
time=0.355
obj=0.786
time=0.358
obj=0.782
time=0.364
obj=0.779
time=0.370
obj=0.778
time=0.379
obj=0.776
time=0.383
obj=0.774
time=0.386
obj=0.771
time=0.391
obj=0.766
time=0.395
obj=0.766
time=0.400
obj=0.765
time=0.404
obj=0.764
time=0.411
obj=0.764
time=0.417
obj=0.762
time=0.421
obj=0.761
time=0.427
obj=0.761
time=0.433
obj=0.758
time=0.438
obj=0.756
time=0.443
obj=0.755
time=0.446
obj=0.755
time=0.456
obj=0.754
time=0.464
obj=0.753
time=0.467
obj=0.752
time=0.476
obj=0.752
time=0.482
obj=0.751
time=0.486
obj=0.749
time=0.495
obj=0.748
time=0.500
obj=0.744
time=0.505
obj=0.744
time=0.514
obj=0.743
time=0.523
obj=0.742
time=0.531
obj=0.741
time=0.537
obj=0.740
time=0.541
obj=0.740
time=0.548
obj=0.737
time=0.560
obj=0.737
time=0.565
obj=0.735
time=0.575
obj=0.732
time=0.586
obj=0.731
time=0.597
obj=0.731
time=0.600
obj=0.727
time=0.604
obj=0.724
time=0.607
obj=0.724
time=0.613
obj=0.723
time=0.620
obj=0.722
time=0.627
obj=0.719
time=0.633
obj=0.718
time=0.637
obj=0.716
time=0.642
obj=0.715
time=0.651
obj=0.715
time=0.659
obj=0.715
time=0.663
obj=0.715
time=0.671
obj=0.715
time=0.681
obj=0.714
time=0.685
obj=0.713
time=0.699
obj=0.713
time=0.704
obj=0.713
time=0.711
obj=0.713
time=0.715
obj=0.711
time=0.726
obj=0.710
time=0.729
obj=0.709
time=0.740
obj=0.708
time=0.753
obj=0.707
time=0.759
obj=0.707
time=0.769
obj=0.707
time=0.777
obj=0.706
time=0.780
obj=0.706
time=0.787
obj=0.705
time=0.791
obj=0.704
time=0.794
obj=0.703
time=0.801
obj=0.703
time=0.812
obj=0.702
time=0.823
obj=0.702
time=0.826
obj=0.701
time=0.839
obj=0.701
time=0.845
obj=0.701
time=0.851
obj=0.700
time=0.864
obj=0.700
time=0.867
obj=0.699
time=0.879
obj=0.699
time=0.882
obj=0.698
time=0.894
obj=0.698
time=0.900
obj=0.697
time=0.911
obj=0.696
time=0.915
obj=0.696
time=0.926
obj=0.695
time=0.940
obj=0.695
time=0.945
obj=0.694
time=0.954
obj=0.694
time=0.970
obj=0.693
time=0.982
obj=0.693
time=0.995
obj=0.692
time=1.006
obj=0.691
time=1.025
obj=0.691
time=1.031
obj=0.691
time=1.035
obj=0.690
time=1.040
obj=0.690
time=1.051
obj=0.689
time=1.061
obj=0.688
time=1.064
obj=0.688
time=1.073
obj=0.687
time=1.077
obj=0.687
time=1.088
obj=0.686
time=1.093
obj=0.686
time=1.096
obj=0.683
time=1.103
obj=0.682
time=1.115
obj=0.682
time=1.127
obj=0.680
time=1.132
obj=0.679
time=1.144
obj=0.678
time=1.150
obj=0.676
time=1.162
obj=0.676
time=1.171
obj=0.674
time=1.175
obj=0.672
time=1.185
obj=0.668
time=1.188
obj=0.668
time=1.202
obj=0.668
time=1.205
obj=0.667
time=1.219
obj=0.667
time=1.234
obj=0.666
time=1.244
obj=0.665
time=1.258
obj=0.664
time=1.265
obj=0.664
time=1.283
obj=0.663
time=1.298
obj=0.661
time=1.306
obj=0.660
time=1.316
obj=0.659
time=1.319
obj=0.659
time=1.322
obj=0.659
time=1.334
obj=0.658
time=1.352
obj=0.658
time=1.363
obj=0.657
time=1.378
obj=0.656
time=1.393
obj=0.656
time=1.406
obj=0.656
time=1.408
obj=0.656
time=1.415
obj=0.655
time=1.430
obj=0.655
time=1.433
obj=0.654
time=1.441
obj=0.654
time=1.449
obj=0.654
time=1.459
obj=0.653
time=1.462
obj=0.653
time=1.476
obj=0.653
time=1.485
obj=0.651
time=1.488
obj=0.651
time=1.514
obj=0.651
time=1.517
obj=0.650
time=1.535
obj=0.649
time=1.548
obj=0.649
time=1.551
obj=0.649
time=1.572
obj=0.649
time=1.575
obj=0.649
time=1.581
obj=0.649
time=1.597
obj=0.647
time=1.608
obj=0.646
time=1.624
obj=0.646
time=1.628
obj=0.645
time=1.636
obj=0.645
time=1.638
obj=0.645
time=1.650
obj=0.644
time=1.669
obj=0.644
time=1.672
obj=0.642
time=1.687
obj=0.642
time=1.790
obj=0.642
time=1.848
obj=0.642
time=1.927
obj=0.642
time=1.935
obj=0.642
time=1.941
obj=0.641
time=1.950
obj=0.641
time=1.960
obj=0.641
time=1.970
obj=0.641
time=2.058
obj=0.640
time=2.060
obj=0.640
time=2.080
obj=0.640
time=2.089
obj=0.640
time=2.099
obj=0.640
time=2.117
obj=0.640
time=2.119
obj=0.639
time=2.127
obj=0.639
time=2.360
obj=0.638
time=2.371
obj=0.638
time=2.476
obj=0.637
time=2.575
obj=0.635
time=2.577
obj=0.635
time=2.602
obj=0.634
time=2.730
obj=0.633
time=2.743
obj=0.633
time=2.745
obj=0.633
time=2.758
obj=0.632
time=2.763
obj=0.632
time=2.780
obj=0.632
time=2.782
obj=0.632
time=3.026
obj=0.632
time=3.089
obj=0.631
time=3.113
obj=0.630
time=3.115
obj=0.630
time=3.116
obj=0.629
time=3.292
obj=0.629
time=3.511
obj=0.629
time=3.530
obj=0.628
time=3.532
obj=0.628
time=3.668
obj=0.628
time=5.539
obj=0.628
time=5.637
obj=0.628
time=6.304
obj=0.628
time=6.305
obj=0.628
time=6.625
obj=0.627
time=7.583
obj=0.627
time=7.769
obj=0.627
time=7.770
obj=0.627
time=8.017
obj=0.627
time=8.545
obj=0.627
time=8.745
obj=0.626
time=8.761
obj=0.626
time=9.026
obj=0.626
time=9.027
obj=0.625
time=9.029
obj=0.624
time=9.041
obj=0.624
time=9.043
obj=0.624
time=9.930
obj=0.624
time=9.931
obj=0.621
time=10.018
obj=0.620
time=21.899
obj=0.620
time=23.514
obj=0.620
time=31.668
obj=0.620
time=41.035
obj=0.619
time=41.206
obj=0.619
time=41.634
obj=0.619
time=41.635
obj=0.619
time=43.377
obj=0.617
time=43.912
obj=0.617
time=48.249
obj=0.617
time=48.250
obj=0.617
time=50.627
obj=0.617
time=55.174
obj=0.617
c real margin = 0.383
