buffers=24
windows=40
args generated-large/52.txt 12345 1
original_lb=0.247
time=0.243
obj=0.739
time=0.268
obj=0.687
time=0.275
obj=0.650
time=0.282
obj=0.634
time=0.290
obj=0.628
time=0.298
obj=0.622
time=0.305
obj=0.621
time=0.313
obj=0.620
time=0.322
obj=0.614
time=0.330
obj=0.609
time=0.337
obj=0.604
time=0.345
obj=0.601
time=0.353
obj=0.597
time=0.361
obj=0.592
time=0.371
obj=0.588
time=0.379
obj=0.587
time=0.388
obj=0.584
time=0.396
obj=0.561
time=0.404
obj=0.548
time=0.412
obj=0.546
time=0.422
obj=0.543
time=0.429
obj=0.536
time=0.438
obj=0.532
time=0.447
obj=0.528
time=0.455
obj=0.526
time=0.464
obj=0.522
time=0.472
obj=0.522
time=0.480
obj=0.520
time=0.488
obj=0.518
time=0.496
obj=0.515
time=0.505
obj=0.512
time=0.515
obj=0.512
time=0.525
obj=0.506
time=0.533
obj=0.499
time=0.547
obj=0.499
time=0.556
obj=0.499
time=0.564
obj=0.499
time=0.573
obj=0.497
time=0.582
obj=0.495
time=0.595
obj=0.493
time=0.603
obj=0.492
time=0.613
obj=0.492
time=0.623
obj=0.491
time=0.636
obj=0.490
time=0.644
obj=0.488
time=0.652
obj=0.484
time=0.661
obj=0.483
time=0.670
obj=0.480
time=0.679
obj=0.480
time=0.687
obj=0.480
time=0.695
obj=0.478
time=0.705
obj=0.478
time=0.720
obj=0.477
time=0.728
obj=0.476
time=0.739
obj=0.475
time=0.748
obj=0.475
time=0.757
obj=0.474
time=0.768
obj=0.474
time=0.777
obj=0.474
time=0.789
obj=0.473
time=0.797
obj=0.472
time=0.807
obj=0.470
time=0.815
obj=0.469
time=0.833
obj=0.469
time=0.842
obj=0.468
time=0.856
obj=0.466
time=0.866
obj=0.465
time=0.878
obj=0.463
time=0.889
obj=0.463
time=0.901
obj=0.463
time=0.912
obj=0.463
time=0.922
obj=0.460
time=0.932
obj=0.458
time=0.941
obj=0.458
time=0.961
obj=0.458
time=0.969
obj=0.458
time=0.979
obj=0.457
time=0.987
obj=0.457
time=1.002
obj=0.455
time=1.014
obj=0.452
time=1.030
obj=0.451
time=1.045
obj=0.449
time=1.059
obj=0.448
time=1.069
obj=0.447
time=1.087
obj=0.447
time=1.096
obj=0.445
time=1.106
obj=0.445
time=1.116
obj=0.445
time=1.133
obj=0.444
time=1.149
obj=0.444
time=1.160
obj=0.442
time=1.171
obj=0.441
time=1.180
obj=0.440
time=1.188
obj=0.438
time=1.210
obj=0.437
time=1.222
obj=0.437
time=1.231
obj=0.433
time=1.241
obj=0.431
time=1.255
obj=0.429
time=1.265
obj=0.429
time=1.302
obj=0.429
time=1.316
obj=0.429
time=1.331
obj=0.428
time=1.408
obj=0.428
time=1.416
obj=0.426
time=1.424
obj=0.425
time=1.433
obj=0.424
time=1.446
obj=0.423
time=1.454
obj=0.421
time=1.463
obj=0.421
time=1.484
obj=0.421
time=1.494
obj=0.420
time=1.503
obj=0.419
time=1.511
obj=0.419
time=1.560
obj=0.419
time=1.571
obj=0.417
time=1.577
obj=0.416
time=1.585
obj=0.415
time=1.765
obj=0.415
time=1.772
obj=0.413
time=1.777
obj=0.413
time=1.789
obj=0.412
time=1.794
obj=0.412
time=1.815
obj=0.411
time=1.820
obj=0.411
time=1.838
obj=0.411
time=1.844
obj=0.407
time=2.606
obj=0.407
time=2.610
obj=0.406
time=2.614
obj=0.406
time=2.618
obj=0.405
time=4.043
obj=0.405
time=4.048
obj=0.404
time=4.060
obj=0.404
time=5.312
obj=0.404
time=5.320
obj=0.403
time=5.324
obj=0.402
time=5.328
obj=0.402
time=5.333
obj=0.401
time=5.337
obj=0.399
time=7.119
obj=0.399
time=7.124
obj=0.397
time=8.844
obj=0.396
time=8.848
obj=0.395
time=10.758
obj=0.394
time=10.762
obj=0.392
time=12.015
obj=0.392
time=12.020
obj=0.392
time=12.027
obj=0.391
time=22.017
obj=0.391
time=22.020
obj=0.390
time=22.024
obj=0.390
c real margin = 0.610
