buffers=24
windows=20
args generated-large/53.txt 12345 1
original_lb=0.235
time=0.262
obj=0.665
time=0.282
obj=0.539
time=0.291
obj=0.536
time=0.300
obj=0.536
time=0.311
obj=0.523
time=0.321
obj=0.519
time=0.335
obj=0.519
time=0.344
obj=0.514
time=0.354
obj=0.480
time=0.363
obj=0.475
time=0.373
obj=0.470
time=0.383
obj=0.459
time=0.394
obj=0.457
time=0.405
obj=0.451
time=0.414
obj=0.445
time=0.428
obj=0.443
time=0.436
obj=0.438
time=0.445
obj=0.428
time=0.460
obj=0.427
time=0.471
obj=0.426
time=0.480
obj=0.416
time=0.493
obj=0.413
time=0.502
obj=0.405
time=0.516
obj=0.402
time=0.526
obj=0.401
time=0.537
obj=0.400
time=0.547
obj=0.400
time=0.560
obj=0.397
time=0.568
obj=0.388
time=0.581
obj=0.386
time=0.591
obj=0.386
time=0.599
obj=0.386
time=0.610
obj=0.385
time=0.635
obj=0.385
time=0.644
obj=0.383
time=0.653
obj=0.382
time=0.665
obj=0.380
time=0.678
obj=0.375
time=0.688
obj=0.374
c real margin = 0.626
