buffers=24
windows=60
args generated-large/55.txt 12345 1
original_lb=0.261
time=0.165
obj=1.068
time=0.177
obj=1.059
time=0.190
obj=1.058
time=0.197
obj=1.058
time=0.207
obj=1.055
time=0.212
obj=1.054
time=0.223
obj=1.054
time=0.228
obj=1.048
time=0.234
obj=1.047
time=0.238
obj=1.047
time=0.244
obj=1.047
time=0.248
obj=1.045
time=0.260
obj=1.044
time=0.269
obj=1.042
time=0.273
obj=1.041
time=0.280
obj=1.041
time=0.295
obj=1.041
time=0.304
obj=1.040
time=0.313
obj=1.039
time=0.317
obj=1.038
time=0.325
obj=1.038
time=0.332
obj=1.036
time=0.344
obj=1.036
time=0.353
obj=1.035
time=0.359
obj=1.033
time=0.366
obj=1.032
time=0.375
obj=1.032
time=0.379
obj=1.027
time=0.383
obj=1.027
time=0.390
obj=1.025
time=0.395
obj=1.024
time=0.401
obj=1.022
time=0.412
obj=1.022
time=0.420
obj=1.021
time=0.427
obj=1.021
time=0.434
obj=1.019
time=0.444
obj=1.019
time=0.450
obj=1.018
time=0.461
obj=1.016
time=0.471
obj=1.015
time=0.474
obj=1.013
time=0.479
obj=1.011
time=0.484
obj=1.011
time=0.493
obj=1.010
time=0.505
obj=1.010
time=0.517
obj=1.010
time=0.522
obj=1.010
time=0.529
obj=1.008
time=0.539
obj=1.008
time=0.552
obj=1.007
time=0.557
obj=1.006
time=0.562
obj=1.006
time=0.566
obj=1.006
time=0.573
obj=1.003
time=0.584
obj=1.003
time=0.589
obj=1.002
time=0.601
obj=1.002
time=0.606
obj=1.001
time=0.613
obj=1.000
time=0.623
obj=0.999
time=0.630
obj=0.997
time=0.636
obj=0.997
time=0.645
obj=0.996
time=0.653
obj=0.996
time=0.659
obj=0.995
time=0.667
obj=0.995
time=0.671
obj=0.995
time=0.683
obj=0.994
time=0.695
obj=0.994
time=0.708
obj=0.991
time=0.712
obj=0.991
time=0.729
obj=0.990
time=0.738
obj=0.989
time=0.754
obj=0.989
time=0.759
obj=0.989
time=0.774
obj=0.989
time=0.787
obj=0.989
time=0.790
obj=0.988
time=0.801
obj=0.986
time=0.810
obj=0.986
time=0.816
obj=0.984
time=0.832
obj=0.984
time=0.843
obj=0.982
time=0.859
obj=0.981
time=0.874
obj=0.981
time=0.877
obj=0.981
time=0.891
obj=0.980
time=0.897
obj=0.980
time=0.903
obj=0.980
time=0.914
obj=0.980
time=0.924
obj=0.977
time=0.931
obj=0.975
time=0.942
obj=0.973
time=0.954
obj=0.973
time=0.975
obj=0.972
time=0.985
obj=0.972
time=0.994
obj=0.972
time=1.005
obj=0.971
time=1.012
obj=0.970
time=1.019
obj=0.967
time=1.035
obj=0.967
time=1.050
obj=0.967
time=1.060
obj=0.965
time=1.070
obj=0.965
time=1.082
obj=0.964
time=1.087
obj=0.963
time=1.092
obj=0.963
time=1.099
obj=0.962
time=1.125
obj=0.962
time=1.128
obj=0.962
time=1.140
obj=0.962
time=1.160
obj=0.962
time=1.164
obj=0.962
time=1.172
obj=0.960
time=1.232
obj=0.959
time=1.235
obj=0.958
time=1.241
obj=0.956
time=1.255
obj=0.955
time=1.275
obj=0.955
time=1.286
obj=0.955
time=1.305
obj=0.955
time=1.308
obj=0.954
time=1.325
obj=0.953
time=1.328
obj=0.953
time=1.345
obj=0.952
time=1.348
obj=0.951
time=1.357
obj=0.950
time=1.364
obj=0.950
time=1.385
obj=0.949
time=1.389
obj=0.948
time=1.423
obj=0.948
time=1.426
obj=0.948
time=1.473
obj=0.947
time=1.476
obj=0.947
time=1.480
obj=0.947
time=1.491
obj=0.946
time=1.512
obj=0.946
time=1.520
obj=0.942
time=1.533
obj=0.941
time=1.538
obj=0.940
time=1.577
obj=0.939
time=1.581
obj=0.939
time=1.588
obj=0.939
time=1.671
obj=0.938
time=1.675
obj=0.938
time=1.683
obj=0.938
time=1.690
obj=0.937
time=1.697
obj=0.937
time=1.719
obj=0.937
time=1.726
obj=0.937
time=1.774
obj=0.937
time=1.782
obj=0.937
time=1.854
obj=0.936
time=1.863
obj=0.935
time=1.914
obj=0.935
time=1.918
obj=0.929
time=1.976
obj=0.928
time=1.979
obj=0.927
time=2.058
obj=0.927
time=2.065
obj=0.927
time=2.073
obj=0.926
time=2.076
obj=0.926
time=2.082
obj=0.924
time=2.086
obj=0.924
time=2.093
obj=0.924
time=2.107
obj=0.923
time=2.319
obj=0.923
time=2.918
obj=0.923
time=2.921
obj=0.923
time=3.345
obj=0.922
time=3.349
obj=0.922
time=3.934
obj=0.922
time=3.937
obj=0.921
time=3.944
obj=0.918
time=3.948
obj=0.917
time=4.835
obj=0.916
time=4.838
obj=0.915
time=5.351
obj=0.915
time=5.419
obj=0.915
time=5.422
obj=0.914
time=5.430
obj=0.913
time=6.958
obj=0.912
time=9.272
obj=0.912
time=9.279
obj=0.912
time=10.370
obj=0.912
time=10.373
obj=0.911
time=11.756
obj=0.910
time=13.348
obj=0.910
time=13.356
obj=0.907
time=25.856
obj=0.907
time=31.677
obj=0.907
time=42.671
obj=0.907
c real margin = 0.093
