buffers=24
windows=20
args generated-large/56.txt 12345 1
original_lb=0.281
time=0.148
obj=0.821
time=0.167
obj=0.817
time=0.174
obj=0.801
time=0.179
obj=0.798
time=0.188
obj=0.794
time=0.199
obj=0.794
time=0.205
obj=0.793
time=0.212
obj=0.787
time=0.226
obj=0.785
time=0.234
obj=0.784
time=0.239
obj=0.772
time=0.248
obj=0.768
time=0.259
obj=0.762
time=0.269
obj=0.761
time=0.276
obj=0.756
time=0.284
obj=0.751
time=0.290
obj=0.751
time=0.294
obj=0.743
time=0.299
obj=0.741
time=0.311
obj=0.737
time=0.315
obj=0.736
time=0.321
obj=0.736
time=0.326
obj=0.732
time=0.336
obj=0.732
time=0.342
obj=0.732
time=0.358
obj=0.729
time=0.365
obj=0.728
time=0.377
obj=0.728
time=0.389
obj=0.716
time=0.400
obj=0.713
time=0.411
obj=0.711
time=0.418
obj=0.709
time=0.423
obj=0.705
time=0.437
obj=0.699
time=0.446
obj=0.695
time=0.455
obj=0.694
time=0.462
obj=0.690
time=0.469
obj=0.687
time=0.486
obj=0.686
time=0.498
obj=0.684
time=0.510
obj=0.684
time=0.529
obj=0.675
time=0.532
obj=0.674
time=0.572
obj=0.673
time=0.578
obj=0.672
time=0.583
obj=0.671
time=0.589
obj=0.669
time=0.596
obj=0.668
time=0.641
obj=0.667
time=0.644
obj=0.665
time=0.725
obj=0.663
time=0.748
obj=0.660
time=0.759
obj=0.659
time=0.764
obj=0.657
time=1.050
obj=0.655
time=1.096
obj=0.655
time=1.101
obj=0.654
time=1.371
obj=0.654
time=1.375
obj=0.653
time=1.390
obj=0.653
time=1.400
obj=0.653
time=1.409
obj=0.651
time=2.336
obj=0.650
time=2.925
obj=0.650
time=2.928
obj=0.649
time=2.932
obj=0.649
time=2.947
obj=0.648
time=3.111
obj=0.647
time=4.093
obj=0.647
time=4.099
obj=0.646
time=4.105
obj=0.646
time=4.109
obj=0.645
time=4.115
obj=0.640
time=4.125
obj=0.640
time=10.945
obj=0.639
time=10.954
obj=0.638
time=22.847
obj=0.637
time=23.344
obj=0.637
time=23.346
obj=0.636
time=23.352
obj=0.635
time=33.979
obj=0.635
time=33.982
obj=0.631
time=33.987
obj=0.630
time=33.992
obj=0.629
time=33.996
obj=0.628
c real margin = 0.372
