buffers=8
windows=20
args generated-large/57.txt 12345 1
original_lb=0.240
time=0.010
obj=0.707
time=0.013
obj=0.701
time=0.014
obj=0.701
time=0.015
obj=0.699
time=0.015
obj=0.653
time=0.017
obj=0.640
time=0.017
obj=0.636
time=0.018
obj=0.635
time=0.019
obj=0.632
time=0.020
obj=0.632
time=0.022
obj=0.628
time=0.022
obj=0.628
time=0.025
obj=0.628
time=0.026
obj=0.625
time=0.026
obj=0.622
time=0.028
obj=0.614
time=0.029
obj=0.611
time=0.032
obj=0.611
time=0.033
obj=0.610
time=0.034
obj=0.603
time=0.037
obj=0.600
time=0.038
obj=0.596
time=0.041
obj=0.590
time=0.041
obj=0.587
time=0.043
obj=0.587
time=0.045
obj=0.577
time=0.048
obj=0.576
time=0.049
obj=0.575
time=0.050
obj=0.572
time=0.050
obj=0.572
time=0.052
obj=0.567
time=0.055
obj=0.567
time=0.061
obj=0.565
time=0.066
obj=0.564
time=0.067
obj=0.549
time=0.068
obj=0.547
time=0.073
obj=0.542
time=0.074
obj=0.542
time=0.075
obj=0.539
time=0.076
obj=0.534
time=0.109
obj=0.531
time=0.793
obj=0.531
time=1.528
obj=0.530
time=11.939
obj=0.530
time=11.940
obj=0.529
time=11.940
obj=0.526
time=12.096
obj=0.526
time=16.798
obj=0.525
time=31.131
obj=0.525
time=57.910
obj=0.525
time=57.911
obj=0.524
time=58.538
obj=0.522
c real margin = 0.478
