buffers=8
windows=60
args generated-large/58.txt 12345 1
original_lb=0.232
time=0.010
obj=0.811
time=0.014
obj=0.790
time=0.015
obj=0.776
time=0.016
obj=0.760
time=0.016
obj=0.756
time=0.017
obj=0.749
time=0.017
obj=0.738
time=0.018
obj=0.734
time=0.019
obj=0.720
time=0.019
obj=0.719
time=0.020
obj=0.718
time=0.021
obj=0.713
time=0.021
obj=0.713
time=0.022
obj=0.706
time=0.023
obj=0.698
time=0.024
obj=0.696
time=0.024
obj=0.690
time=0.025
obj=0.687
time=0.026
obj=0.682
time=0.026
obj=0.682
time=0.027
obj=0.669
time=0.028
obj=0.666
time=0.029
obj=0.665
time=0.029
obj=0.665
time=0.030
obj=0.660
time=0.031
obj=0.658
time=0.032
obj=0.654
time=0.033
obj=0.654
time=0.034
obj=0.650
time=0.034
obj=0.644
time=0.035
obj=0.642
time=0.036
obj=0.641
time=0.036
obj=0.638
time=0.037
obj=0.635
time=0.037
obj=0.631
time=0.038
obj=0.631
time=0.039
obj=0.629
time=0.040
obj=0.629
time=0.041
obj=0.622
time=0.041
obj=0.620
time=0.042
obj=0.620
time=0.043
obj=0.618
time=0.044
obj=0.613
time=0.045
obj=0.605
time=0.046
obj=0.604
time=0.047
obj=0.601
time=0.048
obj=0.598
time=0.049
obj=0.592
time=0.050
obj=0.588
time=0.051
obj=0.586
time=0.052
obj=0.585
time=0.053
obj=0.583
time=0.054
obj=0.583
time=0.055
obj=0.583
time=0.056
obj=0.582
time=0.056
obj=0.581
time=0.056
obj=0.580
time=0.056
obj=0.578
time=0.056
obj=0.572
time=0.056
obj=0.571
time=0.056
obj=0.569
time=0.056
obj=0.568
time=0.059
obj=0.568
time=0.059
obj=0.567
time=0.061
obj=0.565
time=0.062
obj=0.562
time=0.063
obj=0.561
time=0.064
obj=0.561
time=0.066
obj=0.559
time=0.067
obj=0.558
time=0.069
obj=0.557
time=0.070
obj=0.554
time=0.071
obj=0.554
time=0.072
obj=0.554
time=0.073
obj=0.550
time=0.073
obj=0.549
time=0.074
obj=0.548
time=0.075
obj=0.548
time=0.076
obj=0.547
time=0.077
obj=0.547
time=0.079
obj=0.547
time=0.080
obj=0.546
time=0.103
obj=0.546
time=0.103
obj=0.545
time=0.115
obj=0.542
time=0.254
obj=0.542
time=0.255
obj=0.542
time=0.535
obj=0.541
time=0.589
obj=0.540
time=0.590
obj=0.535
time=0.593
obj=0.535
time=0.615
obj=0.535
time=0.616
obj=0.534
time=1.381
obj=0.533
time=1.383
obj=0.531
time=1.385
obj=0.531
time=1.386
obj=0.529
time=3.347
obj=0.529
c real margin = 0.471
