buffers=24
windows=60
args generated-large/59.txt 12345 1
original_lb=0.331
time=0.170
obj=0.939
time=0.200
obj=0.930
time=0.205
obj=0.927
time=0.210
obj=0.925
time=0.216
obj=0.922
time=0.225
obj=0.921
time=0.230
obj=0.906
time=0.239
obj=0.902
time=0.245
obj=0.901
time=0.250
obj=0.900
time=0.254
obj=0.898
time=0.259
obj=0.895
time=0.264
obj=0.894
time=0.270
obj=0.892
time=0.278
obj=0.892
time=0.285
obj=0.891
time=0.292
obj=0.888
time=0.296
obj=0.885
time=0.302
obj=0.883
time=0.307
obj=0.879
time=0.314
obj=0.878
time=0.319
obj=0.866
time=0.324
obj=0.865
time=0.331
obj=0.863
time=0.337
obj=0.860
time=0.346
obj=0.857
time=0.353
obj=0.855
time=0.358
obj=0.855
time=0.364
obj=0.852
time=0.369
obj=0.849
time=0.378
obj=0.849
time=0.382
obj=0.848
time=0.390
obj=0.848
time=0.400
obj=0.842
time=0.407
obj=0.842
time=0.412
obj=0.840
time=0.418
obj=0.840
time=0.426
obj=0.839
time=0.431
obj=0.839
time=0.437
obj=0.839
time=0.447
obj=0.835
time=0.453
obj=0.835
time=0.461
obj=0.828
time=0.468
obj=0.826
time=0.478
obj=0.824
time=0.483
obj=0.823
time=0.496
obj=0.823
time=0.508
obj=0.820
time=0.513
obj=0.820
time=0.521
obj=0.820
time=0.526
obj=0.817
time=0.538
obj=0.817
time=0.551
obj=0.816
time=0.559
obj=0.815
time=0.564
obj=0.813
time=0.572
obj=0.812
time=0.579
obj=0.809
time=0.584
obj=0.807
time=0.598
obj=0.805
time=0.603
obj=0.805
time=0.607
obj=0.802
time=0.614
obj=0.801
time=0.618
obj=0.801
time=0.630
obj=0.800
time=0.637
obj=0.800
time=0.648
obj=0.798
time=0.654
obj=0.797
time=0.666
obj=0.796
time=0.688
obj=0.793
time=0.693
obj=0.792
time=0.707
obj=0.791
time=0.733
obj=0.788
time=0.738
obj=0.788
time=0.743
obj=0.788
time=0.748
obj=0.787
time=0.839
obj=0.782
time=0.927
obj=0.781
time=0.951
obj=0.779
time=0.956
obj=0.776
time=0.962
obj=0.775
time=0.981
obj=0.774
time=1.316
obj=0.772
time=1.342
obj=0.772
time=1.346
obj=0.771
time=1.353
obj=0.770
time=1.359
obj=0.769
time=1.367
obj=0.767
time=1.373
obj=0.766
time=1.378
obj=0.764
time=1.385
obj=0.764
time=1.392
obj=0.764
time=1.400
obj=0.763
time=1.415
obj=0.762
time=1.419
obj=0.762
time=1.424
obj=0.762
time=1.431
obj=0.759
time=1.446
obj=0.757
time=1.618
obj=0.757
time=1.622
obj=0.756
time=1.715
obj=0.756
time=1.723
obj=0.756
time=1.729
obj=0.754
time=1.734
obj=0.754
time=1.828
obj=0.752
time=1.833
obj=0.751
time=1.839
obj=0.748
time=1.846
obj=0.747
time=11.514
obj=0.746
time=11.519
obj=0.745
time=11.525
obj=0.743
time=11.536
obj=0.742
time=11.541
obj=0.741
time=11.545
obj=0.741
time=27.743
obj=0.740
time=27.747
obj=0.740
time=27.753
obj=0.740
time=27.895
obj=0.738
time=27.898
obj=0.737
time=27.902
obj=0.737
time=27.906
obj=0.734
c real margin = 0.266
