buffers=24
windows=80
args generated-large/6.txt 12345 1
original_lb=0.221
time=0.248
obj=0.865
time=0.292
obj=0.790
time=0.299
obj=0.783
time=0.305
obj=0.760
time=0.312
obj=0.754
time=0.319
obj=0.731
time=0.325
obj=0.721
time=0.332
obj=0.687
time=0.338
obj=0.682
time=0.345
obj=0.663
time=0.352
obj=0.662
time=0.358
obj=0.661
time=0.365
obj=0.648
time=0.372
obj=0.647
time=0.379
obj=0.637
time=0.386
obj=0.635
time=0.393
obj=0.633
time=0.400
obj=0.628
time=0.407
obj=0.624
time=0.414
obj=0.609
time=0.421
obj=0.603
time=0.428
obj=0.596
time=0.435
obj=0.592
time=0.442
obj=0.576
time=0.449
obj=0.573
time=0.456
obj=0.571
time=0.464
obj=0.567
time=0.471
obj=0.563
time=0.478
obj=0.560
time=0.486
obj=0.552
time=0.494
obj=0.552
time=0.502
obj=0.551
time=0.509
obj=0.549
time=0.517
obj=0.547
time=0.525
obj=0.545
time=0.533
obj=0.536
time=0.541
obj=0.533
time=0.548
obj=0.532
time=0.556
obj=0.531
time=0.564
obj=0.516
time=0.572
obj=0.514
time=0.580
obj=0.512
time=0.587
obj=0.508
time=0.595
obj=0.505
time=0.603
obj=0.499
time=0.610
obj=0.499
time=0.618
obj=0.499
time=0.626
obj=0.496
time=0.634
obj=0.494
time=0.642
obj=0.493
time=0.649
obj=0.491
time=0.658
obj=0.490
time=0.665
obj=0.488
time=0.673
obj=0.486
time=0.681
obj=0.485
time=0.689
obj=0.479
time=0.696
obj=0.477
time=0.704
obj=0.477
time=0.713
obj=0.476
time=0.721
obj=0.476
time=0.729
obj=0.475
time=0.737
obj=0.472
time=0.745
obj=0.470
time=0.752
obj=0.469
time=0.761
obj=0.462
time=0.769
obj=0.462
time=0.777
obj=0.461
time=0.786
obj=0.458
time=0.794
obj=0.458
time=0.802
obj=0.457
time=0.810
obj=0.456
time=0.818
obj=0.453
time=0.826
obj=0.453
time=0.838
obj=0.452
time=0.846
obj=0.451
time=0.854
obj=0.450
time=0.862
obj=0.448
time=0.869
obj=0.448
time=0.877
obj=0.446
time=0.891
obj=0.446
time=0.899
obj=0.444
time=0.907
obj=0.444
time=0.916
obj=0.441
time=0.924
obj=0.440
time=0.932
obj=0.438
time=0.941
obj=0.437
time=0.949
obj=0.437
time=0.958
obj=0.434
time=0.966
obj=0.431
time=0.974
obj=0.429
time=0.983
obj=0.429
time=0.991
obj=0.428
time=0.999
obj=0.427
time=1.007
obj=0.427
time=1.016
obj=0.427
time=1.025
obj=0.425
time=1.034
obj=0.424
time=1.042
obj=0.421
time=1.051
obj=0.420
time=1.061
obj=0.417
time=1.069
obj=0.416
time=1.077
obj=0.416
time=1.086
obj=0.415
time=1.094
obj=0.415
time=1.114
obj=0.414
time=1.122
obj=0.414
time=1.131
obj=0.414
time=1.139
obj=0.413
time=1.148
obj=0.413
time=1.157
obj=0.410
time=1.166
obj=0.410
time=1.179
obj=0.410
time=1.187
obj=0.410
time=1.195
obj=0.407
time=1.204
obj=0.405
time=1.214
obj=0.404
time=1.222
obj=0.402
time=1.325
obj=0.400
time=1.467
obj=0.399
time=1.477
obj=0.399
time=1.485
obj=0.398
time=1.631
obj=0.398
time=1.637
obj=0.397
time=1.642
obj=0.395
time=1.658
obj=0.395
time=1.664
obj=0.395
time=1.669
obj=0.395
time=1.676
obj=0.394
time=1.681
obj=0.394
time=1.687
obj=0.392
time=1.693
obj=0.391
time=1.699
obj=0.391
time=1.704
obj=0.390
time=1.710
obj=0.389
time=1.715
obj=0.389
time=1.721
obj=0.389
time=1.727
obj=0.389
time=1.733
obj=0.388
time=1.740
obj=0.388
time=1.745
obj=0.388
time=1.749
obj=0.388
time=1.753
obj=0.387
time=1.758
obj=0.387
time=1.763
obj=0.386
time=1.768
obj=0.385
time=1.772
obj=0.385
time=1.776
obj=0.384
time=1.781
obj=0.384
time=14.601
obj=0.383
c real margin = 0.617
