buffers=16
windows=20
args generated-large/60.txt 12345 1
original_lb=0.201
time=0.059
obj=0.711
time=0.065
obj=0.560
time=0.068
obj=0.544
time=0.071
obj=0.541
time=0.074
obj=0.523
time=0.077
obj=0.519
time=0.081
obj=0.511
time=0.084
obj=0.503
time=0.087
obj=0.499
time=0.091
obj=0.476
time=0.094
obj=0.470
time=0.097
obj=0.465
time=0.100
obj=0.465
time=0.104
obj=0.461
time=0.107
obj=0.461
time=0.110
obj=0.450
time=0.113
obj=0.448
time=0.116
obj=0.444
time=0.121
obj=0.442
time=0.125
obj=0.440
time=0.129
obj=0.439
time=0.133
obj=0.439
time=0.136
obj=0.435
time=0.142
obj=0.431
time=0.146
obj=0.430
time=0.150
obj=0.428
time=0.154
obj=0.428
time=0.159
obj=0.428
time=0.162
obj=0.427
time=0.168
obj=0.424
time=0.174
obj=0.419
time=0.183
obj=0.411
time=0.186
obj=0.406
time=0.191
obj=0.403
time=0.197
obj=0.401
time=0.202
obj=0.392
time=0.210
obj=0.391
time=0.230
obj=0.387
time=0.234
obj=0.387
time=0.246
obj=0.387
time=0.259
obj=0.386
time=0.261
obj=0.386
time=0.264
obj=0.385
time=0.275
obj=0.385
time=0.288
obj=0.381
time=0.327
obj=0.380
time=0.331
obj=0.377
time=0.346
obj=0.373
time=0.349
obj=0.372
time=0.371
obj=0.370
time=0.382
obj=0.369
time=0.385
obj=0.368
time=0.388
obj=0.365
time=0.397
obj=0.361
time=0.399
obj=0.361
time=0.410
obj=0.359
time=0.686
obj=0.358
time=0.691
obj=0.358
time=0.864
obj=0.357
time=0.880
obj=0.355
time=1.184
obj=0.354
time=1.187
obj=0.353
time=1.195
obj=0.353
time=1.198
obj=0.351
time=1.220
obj=0.349
time=1.223
obj=0.348
time=1.226
obj=0.348
time=2.951
obj=0.347
time=2.963
obj=0.347
time=2.965
obj=0.346
time=2.967
obj=0.345
time=2.969
obj=0.345
time=2.973
obj=0.343
time=2.975
obj=0.342
time=2.978
obj=0.340
time=5.002
obj=0.340
time=5.021
obj=0.339
time=5.022
obj=0.338
time=5.025
obj=0.338
time=15.773
obj=0.337
time=15.775
obj=0.336
time=50.359
obj=0.336
c real margin = 0.664
