buffers=16
windows=40
args generated-large/62.txt 12345 1
original_lb=0.259
time=0.061
obj=0.796
time=0.071
obj=0.771
time=0.074
obj=0.731
time=0.077
obj=0.727
time=0.080
obj=0.726
time=0.083
obj=0.726
time=0.085
obj=0.724
time=0.088
obj=0.722
time=0.091
obj=0.710
time=0.094
obj=0.693
time=0.097
obj=0.687
time=0.099
obj=0.687
time=0.103
obj=0.687
time=0.106
obj=0.684
time=0.109
obj=0.683
time=0.112
obj=0.672
time=0.115
obj=0.671
time=0.118
obj=0.668
time=0.121
obj=0.651
time=0.123
obj=0.648
time=0.126
obj=0.645
time=0.131
obj=0.641
time=0.134
obj=0.640
time=0.137
obj=0.639
time=0.140
obj=0.636
time=0.143
obj=0.635
time=0.146
obj=0.634
time=0.149
obj=0.632
time=0.154
obj=0.627
time=0.157
obj=0.613
time=0.161
obj=0.613
time=0.164
obj=0.609
time=0.172
obj=0.608
time=0.179
obj=0.607
time=0.182
obj=0.606
time=0.186
obj=0.604
time=0.195
obj=0.602
time=0.199
obj=0.600
time=0.202
obj=0.599
time=0.204
obj=0.597
time=0.208
obj=0.594
time=0.213
obj=0.591
time=0.216
obj=0.585
time=0.219
obj=0.583
time=0.231
obj=0.576
time=0.233
obj=0.571
time=0.240
obj=0.569
time=0.247
obj=0.567
time=0.342
obj=0.566
time=0.345
obj=0.566
time=0.348
obj=0.559
time=0.351
obj=0.558
time=0.394
obj=0.556
time=0.450
obj=0.556
time=0.453
obj=0.554
time=0.456
obj=0.553
time=0.617
obj=0.553
time=0.665
obj=0.547
time=0.937
obj=0.544
time=0.940
obj=0.544
time=0.944
obj=0.543
time=1.296
obj=0.543
time=1.659
obj=0.542
time=1.693
obj=0.542
time=1.768
obj=0.541
time=1.770
obj=0.541
time=1.884
obj=0.540
time=1.895
obj=0.539
time=2.070
obj=0.539
time=2.596
obj=0.539
time=2.992
obj=0.537
time=3.181
obj=0.533
time=3.183
obj=0.532
time=24.708
obj=0.532
time=24.709
obj=0.532
time=25.939
obj=0.531
time=25.940
obj=0.531
time=29.465
obj=0.526
c real margin = 0.474
