buffers=16
windows=20
args generated-large/63.txt 12345 1
original_lb=0.236
time=0.054
obj=0.570
time=0.061
obj=0.497
time=0.064
obj=0.485
time=0.067
obj=0.473
time=0.070
obj=0.440
time=0.074
obj=0.435
time=0.077
obj=0.424
time=0.081
obj=0.423
time=0.085
obj=0.422
time=0.089
obj=0.418
time=0.092
obj=0.405
time=0.095
obj=0.405
time=0.098
obj=0.404
time=0.103
obj=0.401
time=0.107
obj=0.394
time=0.111
obj=0.386
time=0.114
obj=0.380
time=0.118
obj=0.373
time=0.124
obj=0.369
time=0.127
obj=0.366
time=0.130
obj=0.365
time=0.133
obj=0.365
time=0.136
obj=0.363
time=0.144
obj=0.359
time=0.147
obj=0.353
time=0.152
obj=0.351
time=0.156
obj=0.351
time=0.159
obj=0.349
time=0.162
obj=0.348
time=0.166
obj=0.347
time=0.170
obj=0.346
time=0.227
obj=0.342
time=0.230
obj=0.338
time=0.234
obj=0.337
time=0.242
obj=0.336
time=0.245
obj=0.336
time=0.254
obj=0.333
time=0.260
obj=0.333
time=0.271
obj=0.330
time=0.275
obj=0.328
time=0.285
obj=0.327
time=0.332
obj=0.325
time=0.335
obj=0.323
time=0.338
obj=0.323
time=0.340
obj=0.322
time=0.343
obj=0.319
time=12.350
obj=0.318
c real margin = 0.682
