buffers=16
windows=80
args generated-large/64.txt 12345 1
original_lb=0.256
time=0.074
obj=0.915
time=0.094
obj=0.900
time=0.098
obj=0.896
time=0.101
obj=0.891
time=0.104
obj=0.889
time=0.108
obj=0.885
time=0.111
obj=0.884
time=0.115
obj=0.875
time=0.119
obj=0.875
time=0.124
obj=0.872
time=0.127
obj=0.870
time=0.131
obj=0.866
time=0.135
obj=0.861
time=0.138
obj=0.860
time=0.142
obj=0.858
time=0.146
obj=0.857
time=0.149
obj=0.847
time=0.153
obj=0.846
time=0.157
obj=0.846
time=0.160
obj=0.844
time=0.165
obj=0.842
time=0.169
obj=0.841
time=0.172
obj=0.841
time=0.176
obj=0.839
time=0.179
obj=0.838
time=0.183
obj=0.834
time=0.188
obj=0.832
time=0.192
obj=0.832
time=0.196
obj=0.827
time=0.199
obj=0.822
time=0.204
obj=0.821
time=0.208
obj=0.818
time=0.212
obj=0.818
time=0.216
obj=0.818
time=0.220
obj=0.816
time=0.224
obj=0.816
time=0.228
obj=0.814
time=0.231
obj=0.807
time=0.236
obj=0.792
time=0.239
obj=0.789
time=0.243
obj=0.783
time=0.248
obj=0.782
time=0.252
obj=0.780
time=0.255
obj=0.779
time=0.258
obj=0.776
time=0.262
obj=0.776
time=0.265
obj=0.774
time=0.270
obj=0.774
time=0.274
obj=0.769
time=0.278
obj=0.768
time=0.282
obj=0.767
time=0.286
obj=0.764
time=0.290
obj=0.764
time=0.293
obj=0.763
time=0.297
obj=0.762
time=0.300
obj=0.757
time=0.304
obj=0.754
time=0.308
obj=0.750
time=0.311
obj=0.749
time=0.314
obj=0.748
time=0.319
obj=0.745
time=0.324
obj=0.745
time=0.329
obj=0.745
time=0.335
obj=0.744
time=0.338
obj=0.743
time=0.342
obj=0.743
time=0.348
obj=0.742
time=0.352
obj=0.742
time=0.357
obj=0.739
time=0.364
obj=0.734
time=0.368
obj=0.734
time=0.372
obj=0.729
time=0.376
obj=0.728
time=0.381
obj=0.728
time=0.384
obj=0.728
time=0.390
obj=0.727
time=0.394
obj=0.725
time=0.397
obj=0.722
time=0.403
obj=0.721
time=0.408
obj=0.719
time=0.413
obj=0.718
time=0.417
obj=0.717
time=0.420
obj=0.715
time=0.425
obj=0.714
time=0.429
obj=0.713
time=0.434
obj=0.712
time=0.438
obj=0.711
time=0.441
obj=0.711
time=0.446
obj=0.709
time=0.451
obj=0.707
time=0.455
obj=0.706
time=0.460
obj=0.702
time=0.468
obj=0.701
time=0.471
obj=0.700
time=0.477
obj=0.700
time=0.484
obj=0.699
time=0.488
obj=0.697
time=0.492
obj=0.697
time=0.496
obj=0.695
time=0.501
obj=0.692
time=0.506
obj=0.691
time=0.514
obj=0.690
time=0.520
obj=0.689
time=0.534
obj=0.686
time=0.538
obj=0.686
time=0.547
obj=0.685
time=0.550
obj=0.685
time=0.554
obj=0.684
time=0.571
obj=0.684
time=0.574
obj=0.682
time=0.580
obj=0.682
time=0.589
obj=0.681
time=0.593
obj=0.681
time=0.612
obj=0.680
time=0.616
obj=0.680
time=0.620
obj=0.679
time=0.627
obj=0.679
time=0.630
obj=0.678
time=0.635
obj=0.678
time=0.709
obj=0.677
time=0.720
obj=0.677
time=0.736
obj=0.677
time=0.740
obj=0.676
time=0.745
obj=0.674
time=0.751
obj=0.674
time=0.756
obj=0.673
time=0.762
obj=0.670
time=0.766
obj=0.670
time=0.769
obj=0.669
time=0.781
obj=0.668
time=0.786
obj=0.668
time=0.789
obj=0.666
time=0.795
obj=0.666
time=0.799
obj=0.665
time=0.913
obj=0.662
time=0.918
obj=0.662
time=0.924
obj=0.661
time=0.936
obj=0.661
time=0.943
obj=0.661
time=0.950
obj=0.661
time=0.954
obj=0.661
time=0.958
obj=0.660
time=0.970
obj=0.657
time=0.973
obj=0.657
time=0.976
obj=0.657
time=0.981
obj=0.654
time=0.985
obj=0.650
time=0.995
obj=0.649
time=1.003
obj=0.646
time=1.116
obj=0.646
time=1.208
obj=0.646
time=1.212
obj=0.645
time=1.215
obj=0.645
time=1.338
obj=0.645
time=1.342
obj=0.644
time=1.347
obj=0.644
time=2.425
obj=0.643
time=2.427
obj=0.641
time=2.430
obj=0.641
time=2.436
obj=0.641
time=2.438
obj=0.640
time=2.441
obj=0.640
time=2.444
obj=0.639
time=2.446
obj=0.639
time=2.448
obj=0.638
time=2.451
obj=0.638
time=2.454
obj=0.638
time=2.456
obj=0.638
time=2.465
obj=0.636
time=2.467
obj=0.636
time=2.471
obj=0.634
time=2.473
obj=0.634
time=2.510
obj=0.634
time=2.512
obj=0.632
time=6.327
obj=0.631
time=6.329
obj=0.631
time=59.836
obj=0.630
time=59.839
obj=0.629
c real margin = 0.371
