buffers=8
windows=20
args generated-large/68.txt 12345 1
original_lb=0.205
time=0.014
obj=0.781
time=0.017
obj=0.762
time=0.019
obj=0.752
time=0.020
obj=0.749
time=0.021
obj=0.745
time=0.023
obj=0.744
time=0.024
obj=0.741
time=0.025
obj=0.737
time=0.027
obj=0.733
time=0.028
obj=0.728
time=0.029
obj=0.721
time=0.030
obj=0.703
time=0.031
obj=0.680
time=0.032
obj=0.676
time=0.034
obj=0.674
time=0.037
obj=0.674
time=0.039
obj=0.665
time=0.040
obj=0.664
time=0.042
obj=0.647
time=0.042
obj=0.645
time=0.044
obj=0.638
time=0.047
obj=0.638
time=0.049
obj=0.635
time=0.052
obj=0.634
time=0.053
obj=0.627
time=0.055
obj=0.627
time=0.060
obj=0.621
time=0.061
obj=0.611
time=0.101
obj=0.606
time=0.149
obj=0.605
time=0.150
obj=0.602
time=0.151
obj=0.595
time=0.154
obj=0.594
time=0.157
obj=0.592
time=0.195
obj=0.592
time=0.839
obj=0.589
time=0.841
obj=0.588
time=0.959
obj=0.587
time=0.961
obj=0.580
time=1.105
obj=0.577
time=1.106
obj=0.575
time=1.300
obj=0.571
time=2.444
obj=0.564
time=2.623
obj=0.561
time=2.623
obj=0.560
time=45.923
obj=0.559
time=45.924
obj=0.559
c real margin = 0.441
