buffers=16
windows=60
args generated-large/69.txt 12345 1
original_lb=0.194
time=0.065
obj=1.026
time=0.075
obj=1.021
time=0.081
obj=1.020
time=0.086
obj=1.019
time=0.090
obj=1.018
time=0.094
obj=1.012
time=0.098
obj=1.011
time=0.103
obj=1.002
time=0.106
obj=1.002
time=0.111
obj=0.997
time=0.115
obj=0.992
time=0.118
obj=0.989
time=0.123
obj=0.987
time=0.125
obj=0.976
time=0.130
obj=0.975
time=0.133
obj=0.975
time=0.139
obj=0.975
time=0.142
obj=0.974
time=0.148
obj=0.973
time=0.154
obj=0.972
time=0.160
obj=0.964
time=0.163
obj=0.963
time=0.166
obj=0.962
time=0.169
obj=0.954
time=0.173
obj=0.949
time=0.181
obj=0.946
time=0.183
obj=0.945
time=0.186
obj=0.944
time=0.190
obj=0.938
time=0.195
obj=0.936
time=0.198
obj=0.935
time=0.201
obj=0.933
time=0.204
obj=0.926
time=0.211
obj=0.925
time=0.214
obj=0.923
time=0.217
obj=0.920
time=0.220
obj=0.918
time=0.228
obj=0.916
time=0.232
obj=0.916
time=0.235
obj=0.915
time=0.238
obj=0.912
time=0.246
obj=0.912
time=0.251
obj=0.910
time=0.257
obj=0.910
time=0.261
obj=0.909
time=0.264
obj=0.908
time=0.267
obj=0.907
time=0.273
obj=0.904
time=0.279
obj=0.902
time=0.284
obj=0.902
time=0.286
obj=0.901
time=0.290
obj=0.901
time=0.295
obj=0.897
time=0.299
obj=0.896
time=0.306
obj=0.896
time=0.310
obj=0.896
time=0.314
obj=0.893
time=0.319
obj=0.893
time=0.325
obj=0.890
time=0.330
obj=0.889
time=0.334
obj=0.889
time=0.341
obj=0.884
time=0.346
obj=0.883
time=0.353
obj=0.883
time=0.357
obj=0.882
time=0.360
obj=0.882
time=0.367
obj=0.881
time=0.370
obj=0.879
time=0.376
obj=0.877
time=0.382
obj=0.876
time=0.390
obj=0.874
time=0.394
obj=0.873
time=0.402
obj=0.873
time=0.408
obj=0.871
time=0.414
obj=0.871
time=0.422
obj=0.868
time=0.433
obj=0.868
time=0.441
obj=0.866
time=0.450
obj=0.862
time=0.458
obj=0.862
time=0.464
obj=0.861
time=0.474
obj=0.858
time=0.481
obj=0.857
time=0.483
obj=0.856
time=0.489
obj=0.856
time=0.494
obj=0.854
time=0.498
obj=0.853
time=0.507
obj=0.852
time=0.516
obj=0.852
time=0.524
obj=0.851
time=0.534
obj=0.851
time=0.541
obj=0.851
time=0.548
obj=0.841
time=0.555
obj=0.839
time=0.566
obj=0.838
time=0.572
obj=0.838
time=0.578
obj=0.836
time=0.584
obj=0.834
time=0.587
obj=0.833
time=0.594
obj=0.829
time=0.612
obj=0.828
time=0.614
obj=0.827
time=0.636
obj=0.827
time=0.652
obj=0.826
time=0.657
obj=0.823
time=0.659
obj=0.823
time=0.669
obj=0.821
time=0.672
obj=0.820
time=0.677
obj=0.820
time=0.697
obj=0.820
time=0.699
obj=0.818
time=0.726
obj=0.818
time=0.729
obj=0.811
time=0.756
obj=0.810
time=0.758
obj=0.810
time=0.941
obj=0.810
time=0.950
obj=0.809
time=0.953
obj=0.807
time=0.965
obj=0.806
time=0.978
obj=0.804
time=0.980
obj=0.804
time=1.212
obj=0.804
time=1.284
obj=0.802
time=1.358
obj=0.801
time=1.368
obj=0.801
time=1.561
obj=0.799
time=1.694
obj=0.798
time=1.696
obj=0.797
time=1.714
obj=0.797
time=1.725
obj=0.796
time=1.788
obj=0.795
time=2.424
obj=0.794
time=2.710
obj=0.793
time=3.688
obj=0.793
time=4.560
obj=0.792
time=5.605
obj=0.792
time=5.895
obj=0.791
time=6.115
obj=0.789
time=7.117
obj=0.789
time=7.533
obj=0.789
time=7.535
obj=0.788
time=7.973
obj=0.787
time=10.235
obj=0.787
time=12.241
obj=0.786
time=17.146
obj=0.785
time=19.586
obj=0.784
time=19.587
obj=0.784
time=19.591
obj=0.782
time=21.360
obj=0.781
time=46.413
obj=0.780
time=52.681
obj=0.780
time=52.768
obj=0.780
time=55.376
obj=0.779
c real margin = 0.221
