buffers=16
windows=20
args generated-large/7.txt 12345 1
original_lb=0.235
time=0.063
obj=0.670
time=0.070
obj=0.582
time=0.073
obj=0.562
time=0.076
obj=0.561
time=0.080
obj=0.552
time=0.083
obj=0.550
time=0.087
obj=0.517
time=0.091
obj=0.514
time=0.095
obj=0.492
time=0.101
obj=0.490
time=0.107
obj=0.489
time=0.116
obj=0.489
time=0.124
obj=0.487
time=0.133
obj=0.485
time=0.135
obj=0.483
time=0.142
obj=0.477
time=0.150
obj=0.474
time=0.162
obj=0.471
time=0.194
obj=0.469
time=0.196
obj=0.466
time=0.214
obj=0.461
time=0.219
obj=0.459
time=0.222
obj=0.456
time=0.229
obj=0.454
time=0.232
obj=0.450
time=0.238
obj=0.440
time=0.248
obj=0.438
time=0.251
obj=0.437
time=0.483
obj=0.437
time=0.546
obj=0.436
time=0.549
obj=0.435
time=0.684
obj=0.435
time=0.855
obj=0.428
time=0.858
obj=0.428
time=0.871
obj=0.427
time=0.880
obj=0.427
time=0.883
obj=0.423
time=1.774
obj=0.419
time=2.319
obj=0.416
time=2.321
obj=0.415
c real margin = 0.585
