buffers=24
windows=20
args generated-large/73.txt 12345 1
original_lb=0.237
time=0.138
obj=0.826
time=0.155
obj=0.820
time=0.159
obj=0.809
time=0.166
obj=0.804
time=0.169
obj=0.802
time=0.178
obj=0.800
time=0.186
obj=0.800
time=0.190
obj=0.786
time=0.196
obj=0.786
time=0.201
obj=0.780
time=0.211
obj=0.779
time=0.215
obj=0.779
time=0.219
obj=0.779
time=0.227
obj=0.775
time=0.237
obj=0.774
time=0.245
obj=0.774
time=0.250
obj=0.767
time=0.255
obj=0.767
time=0.262
obj=0.759
time=0.272
obj=0.754
time=0.276
obj=0.752
time=0.281
obj=0.748
time=0.288
obj=0.748
time=0.296
obj=0.747
time=0.302
obj=0.746
time=0.309
obj=0.745
time=0.316
obj=0.741
time=0.327
obj=0.740
time=0.331
obj=0.739
time=0.340
obj=0.734
time=0.347
obj=0.733
time=0.352
obj=0.732
time=0.361
obj=0.729
time=0.369
obj=0.729
time=0.381
obj=0.729
time=0.387
obj=0.722
time=0.396
obj=0.719
time=0.403
obj=0.719
time=0.407
obj=0.713
time=0.416
obj=0.709
time=0.420
obj=0.704
time=0.438
obj=0.703
time=0.442
obj=0.703
time=0.460
obj=0.702
time=0.464
obj=0.698
time=0.478
obj=0.697
time=0.482
obj=0.695
time=0.500
obj=0.693
time=0.513
obj=0.690
time=0.530
obj=0.690
time=0.544
obj=0.689
time=0.565
obj=0.687
time=0.584
obj=0.686
time=0.606
obj=0.686
time=0.612
obj=0.685
time=0.629
obj=0.683
time=0.643
obj=0.683
time=0.648
obj=0.682
time=0.710
obj=0.682
time=0.724
obj=0.678
time=0.739
obj=0.677
time=0.743
obj=0.674
time=0.786
obj=0.674
time=0.806
obj=0.673
time=0.816
obj=0.672
time=0.851
obj=0.671
time=0.873
obj=0.671
time=0.877
obj=0.670
time=0.882
obj=0.670
time=0.909
obj=0.667
time=0.943
obj=0.667
time=0.962
obj=0.667
time=0.968
obj=0.665
time=0.972
obj=0.663
time=1.063
obj=0.662
time=1.068
obj=0.660
time=1.100
obj=0.660
time=1.124
obj=0.659
time=1.144
obj=0.658
time=1.156
obj=0.657
time=1.180
obj=0.656
time=1.189
obj=0.655
time=1.232
obj=0.654
time=1.303
obj=0.654
time=1.307
obj=0.653
time=1.374
obj=0.652
time=1.378
obj=0.651
time=1.399
obj=0.651
time=1.426
obj=0.650
time=1.430
obj=0.644
time=1.438
obj=0.644
time=1.474
obj=0.640
time=1.498
obj=0.640
time=1.590
obj=0.639
time=1.772
obj=0.638
time=1.906
obj=0.637
time=1.909
obj=0.636
time=2.161
obj=0.636
time=2.161
obj=0.633
time=2.207
obj=0.633
time=2.214
obj=0.632
time=2.324
obj=0.631
time=2.327
obj=0.631
time=2.331
obj=0.631
time=2.398
obj=0.630
time=2.630
obj=0.630
time=2.633
obj=0.629
time=2.686
obj=0.629
time=3.634
obj=0.629
time=4.962
obj=0.628
time=4.964
obj=0.627
time=6.183
obj=0.627
time=6.185
obj=0.625
time=6.692
obj=0.625
time=6.697
obj=0.624
time=6.702
obj=0.623
time=6.706
obj=0.622
time=6.711
obj=0.622
time=6.715
obj=0.622
time=9.286
obj=0.622
time=9.632
obj=0.621
time=9.635
obj=0.620
time=9.640
obj=0.615
time=9.644
obj=0.615
time=37.873
obj=0.614
time=37.876
obj=0.614
time=58.718
obj=0.614
time=58.721
obj=0.612
c real margin = 0.388
