buffers=8
windows=40
args generated-large/75.txt 12345 1
original_lb=0.250
time=0.009
obj=0.880
time=0.012
obj=0.845
time=0.013
obj=0.845
time=0.013
obj=0.838
time=0.014
obj=0.834
time=0.015
obj=0.832
time=0.015
obj=0.831
time=0.016
obj=0.830
time=0.017
obj=0.830
time=0.018
obj=0.824
time=0.018
obj=0.811
time=0.019
obj=0.802
time=0.020
obj=0.799
time=0.021
obj=0.796
time=0.022
obj=0.796
time=0.023
obj=0.794
time=0.023
obj=0.794
time=0.024
obj=0.793
time=0.025
obj=0.788
time=0.026
obj=0.787
time=0.026
obj=0.785
time=0.029
obj=0.785
time=0.032
obj=0.784
time=0.033
obj=0.781
time=0.036
obj=0.777
time=0.037
obj=0.772
time=0.038
obj=0.754
time=0.057
obj=0.746
time=0.059
obj=0.744
time=0.060
obj=0.741
time=0.061
obj=0.740
time=0.062
obj=0.735
time=0.063
obj=0.734
time=0.082
obj=0.729
time=0.084
obj=0.726
time=0.097
obj=0.726
time=0.118
obj=0.720
time=0.180
obj=0.715
time=1.009
obj=0.714
time=1.010
obj=0.711
time=3.506
obj=0.710
time=4.575
obj=0.709
time=4.576
obj=0.709
time=13.331
obj=0.709
time=23.435
obj=0.707
c real margin = 0.293
