buffers=8
windows=20
args generated-large/76.txt 12345 1
original_lb=0.221
time=0.006
obj=0.740
time=0.008
obj=0.697
time=0.008
obj=0.697
time=0.009
obj=0.680
time=0.009
obj=0.645
time=0.010
obj=0.605
time=0.010
obj=0.599
time=0.011
obj=0.596
time=0.012
obj=0.573
time=0.012
obj=0.559
time=0.013
obj=0.557
time=0.013
obj=0.556
time=0.014
obj=0.551
time=0.014
obj=0.544
time=0.015
obj=0.543
time=0.017
obj=0.542
time=0.018
obj=0.519
time=0.019
obj=0.515
time=0.020
obj=0.513
time=0.020
obj=0.508
time=0.040
obj=0.502
time=0.040
obj=0.501
time=0.048
obj=0.499
time=0.102
obj=0.496
time=0.102
obj=0.495
time=0.103
obj=0.490
time=0.103
obj=0.490
time=0.199
obj=0.489
time=0.200
obj=0.488
time=3.132
obj=0.479
time=3.133
obj=0.477
time=3.133
obj=0.475
time=3.274
obj=0.475
c real margin = 0.525
