buffers=24
windows=40
args generated-large/79.txt 12345 1
original_lb=0.265
time=0.241
obj=0.871
time=0.273
obj=0.867
time=0.283
obj=0.866
time=0.290
obj=0.861
time=0.299
obj=0.858
time=0.310
obj=0.857
time=0.328
obj=0.856
time=0.340
obj=0.855
time=0.350
obj=0.854
time=0.367
obj=0.852
time=0.374
obj=0.851
time=0.381
obj=0.850
time=0.405
obj=0.848
time=0.412
obj=0.847
time=0.425
obj=0.842
time=0.434
obj=0.841
time=0.445
obj=0.840
time=0.452
obj=0.839
time=0.459
obj=0.837
time=0.472
obj=0.837
time=0.479
obj=0.834
time=0.486
obj=0.833
time=0.494
obj=0.831
time=0.505
obj=0.830
time=0.513
obj=0.828
time=0.523
obj=0.827
time=0.530
obj=0.827
time=0.550
obj=0.826
time=0.559
obj=0.823
time=0.566
obj=0.822
time=0.574
obj=0.821
time=0.583
obj=0.821
time=0.599
obj=0.818
time=0.606
obj=0.817
time=0.614
obj=0.814
time=0.621
obj=0.811
time=0.629
obj=0.810
time=0.636
obj=0.808
time=0.646
obj=0.805
time=0.655
obj=0.804
time=0.669
obj=0.802
time=0.681
obj=0.801
time=0.690
obj=0.794
time=0.703
obj=0.790
time=0.713
obj=0.789
time=0.720
obj=0.788
time=0.728
obj=0.787
time=0.742
obj=0.785
time=0.752
obj=0.783
time=0.762
obj=0.780
time=0.774
obj=0.779
time=0.785
obj=0.778
time=0.798
obj=0.775
time=0.806
obj=0.775
time=0.813
obj=0.774
time=0.826
obj=0.774
time=0.835
obj=0.769
time=0.846
obj=0.769
time=0.854
obj=0.762
time=0.861
obj=0.760
time=0.868
obj=0.760
time=0.875
obj=0.756
time=0.888
obj=0.755
time=0.899
obj=0.754
time=0.916
obj=0.752
time=0.924
obj=0.751
time=0.942
obj=0.749
time=0.954
obj=0.748
time=0.962
obj=0.748
time=0.979
obj=0.747
time=0.989
obj=0.744
time=1.012
obj=0.744
time=1.019
obj=0.743
time=1.027
obj=0.743
time=1.043
obj=0.743
time=1.059
obj=0.742
time=1.070
obj=0.741
time=1.079
obj=0.741
time=1.098
obj=0.739
time=1.116
obj=0.733
time=1.124
obj=0.728
time=1.131
obj=0.727
time=1.147
obj=0.726
time=1.165
obj=0.722
time=1.178
obj=0.720
time=1.192
obj=0.719
time=1.209
obj=0.719
time=1.224
obj=0.717
time=1.233
obj=0.715
time=1.247
obj=0.714
time=1.255
obj=0.713
time=1.262
obj=0.710
time=1.276
obj=0.704
time=1.284
obj=0.702
time=1.298
obj=0.700
time=1.312
obj=0.700
time=1.322
obj=0.700
time=1.334
obj=0.698
time=1.342
obj=0.697
time=1.357
obj=0.697
time=1.382
obj=0.694
time=1.404
obj=0.693
time=1.427
obj=0.691
time=1.478
obj=0.691
time=1.485
obj=0.691
time=1.493
obj=0.687
time=1.503
obj=0.684
time=1.510
obj=0.684
time=1.519
obj=0.681
time=1.562
obj=0.679
time=1.602
obj=0.678
time=1.609
obj=0.678
time=1.618
obj=0.675
time=1.630
obj=0.674
time=1.679
obj=0.671
time=1.691
obj=0.670
time=1.701
obj=0.667
time=1.803
obj=0.667
time=1.808
obj=0.666
time=1.814
obj=0.665
time=1.825
obj=0.663
time=1.934
obj=0.663
time=2.072
obj=0.663
time=2.076
obj=0.662
time=2.200
obj=0.661
time=2.204
obj=0.661
time=2.219
obj=0.661
time=2.223
obj=0.659
time=2.311
obj=0.659
time=2.315
obj=0.658
time=2.404
obj=0.658
time=2.408
obj=0.657
time=2.418
obj=0.656
time=2.423
obj=0.655
time=2.428
obj=0.654
time=2.517
obj=0.653
time=2.521
obj=0.653
time=2.531
obj=0.649
time=2.672
obj=0.648
time=2.675
obj=0.648
time=2.702
obj=0.647
time=2.706
obj=0.644
time=2.712
obj=0.644
time=2.746
obj=0.643
time=2.750
obj=0.642
time=2.865
obj=0.642
time=2.869
obj=0.641
time=2.900
obj=0.641
time=2.904
obj=0.640
time=2.998
obj=0.638
time=3.002
obj=0.634
time=3.009
obj=0.632
time=10.391
obj=0.632
time=10.395
obj=0.631
time=10.420
obj=0.631
time=17.162
obj=0.630
time=17.166
obj=0.629
time=17.175
obj=0.628
c real margin = 0.372
