buffers=8
windows=60
args generated-large/8.txt 12345 1
original_lb=0.152
time=0.019
obj=0.596
time=0.025
obj=0.527
time=0.027
obj=0.524
time=0.028
obj=0.511
time=0.029
obj=0.504
time=0.031
obj=0.503
time=0.032
obj=0.496
time=0.033
obj=0.463
time=0.035
obj=0.459
time=0.036
obj=0.451
time=0.037
obj=0.448
time=0.039
obj=0.444
time=0.040
obj=0.437
time=0.041
obj=0.426
time=0.043
obj=0.423
time=0.044
obj=0.417
time=0.046
obj=0.417
time=0.047
obj=0.416
time=0.049
obj=0.415
time=0.050
obj=0.414
time=0.053
obj=0.413
time=0.055
obj=0.413
time=0.056
obj=0.412
time=0.058
obj=0.412
time=0.059
obj=0.411
time=0.061
obj=0.406
time=0.063
obj=0.405
time=0.064
obj=0.403
time=0.065
obj=0.402
time=0.067
obj=0.402
time=0.068
obj=0.401
time=0.070
obj=0.400
time=0.072
obj=0.397
time=0.073
obj=0.396
time=0.075
obj=0.394
time=0.076
obj=0.387
time=0.078
obj=0.387
time=0.079
obj=0.382
time=0.081
obj=0.378
time=0.082
obj=0.376
time=0.084
obj=0.374
time=0.085
obj=0.372
time=0.087
obj=0.369
time=0.104
obj=0.366
time=0.106
obj=0.365
time=0.107
obj=0.363
time=0.109
obj=0.362
time=0.112
obj=0.362
time=0.113
obj=0.360
time=0.115
obj=0.360
time=0.116
obj=0.359
time=0.118
obj=0.358
time=0.120
obj=0.357
time=0.142
obj=0.354
time=0.192
obj=0.354
time=2.130
obj=0.353
time=2.131
obj=0.351
time=3.243
obj=0.349
time=11.338
obj=0.348
time=11.452
obj=0.348
time=11.453
obj=0.348
time=11.453
obj=0.348
c real margin = 0.652
