buffers=24
windows=40
args generated-large/81.txt 12345 1
original_lb=0.229
time=0.235
obj=0.894
time=0.260
obj=0.875
time=0.266
obj=0.862
time=0.272
obj=0.855
time=0.280
obj=0.844
time=0.287
obj=0.835
time=0.294
obj=0.824
time=0.304
obj=0.818
time=0.312
obj=0.817
time=0.319
obj=0.811
time=0.326
obj=0.811
time=0.333
obj=0.795
time=0.341
obj=0.790
time=0.348
obj=0.790
time=0.358
obj=0.787
time=0.367
obj=0.786
time=0.373
obj=0.785
time=0.380
obj=0.781
time=0.386
obj=0.764
time=0.396
obj=0.761
time=0.403
obj=0.759
time=0.409
obj=0.759
time=0.416
obj=0.757
time=0.428
obj=0.754
time=0.436
obj=0.754
time=0.444
obj=0.753
time=0.453
obj=0.748
time=0.459
obj=0.745
time=0.466
obj=0.741
time=0.475
obj=0.736
time=0.482
obj=0.734
time=0.494
obj=0.721
time=0.504
obj=0.718
time=0.517
obj=0.717
time=0.524
obj=0.717
time=0.532
obj=0.716
time=0.540
obj=0.715
time=0.551
obj=0.709
time=0.564
obj=0.705
time=0.574
obj=0.700
time=0.581
obj=0.695
time=0.592
obj=0.691
time=0.600
obj=0.688
time=0.606
obj=0.686
time=0.617
obj=0.686
time=0.623
obj=0.685
time=0.635
obj=0.683
time=0.642
obj=0.683
time=0.654
obj=0.682
time=0.664
obj=0.680
time=0.670
obj=0.679
time=0.689
obj=0.678
time=0.695
obj=0.677
time=0.705
obj=0.669
time=0.721
obj=0.667
time=0.731
obj=0.661
time=0.744
obj=0.661
time=0.768
obj=0.659
time=0.775
obj=0.658
time=0.790
obj=0.658
time=0.796
obj=0.658
time=0.809
obj=0.656
time=0.818
obj=0.656
time=0.827
obj=0.655
time=0.843
obj=0.652
time=0.858
obj=0.651
time=0.874
obj=0.650
time=0.895
obj=0.649
time=0.908
obj=0.649
time=0.926
obj=0.645
time=0.938
obj=0.645
time=0.949
obj=0.640
time=0.957
obj=0.640
time=0.980
obj=0.638
time=0.986
obj=0.637
time=1.008
obj=0.637
time=1.019
obj=0.636
time=1.037
obj=0.632
time=1.048
obj=0.630
time=1.088
obj=0.628
time=1.115
obj=0.627
time=1.120
obj=0.626
time=1.127
obj=0.624
time=1.150
obj=0.624
time=1.178
obj=0.622
time=1.183
obj=0.620
time=1.189
obj=0.618
time=1.218
obj=0.617
time=1.231
obj=0.617
time=1.602
obj=0.615
time=1.626
obj=0.615
time=1.660
obj=0.612
time=1.664
obj=0.611
time=1.668
obj=0.608
time=2.021
obj=0.606
time=2.587
obj=0.606
time=2.605
obj=0.605
time=4.860
obj=0.605
time=5.964
obj=0.605
time=8.922
obj=0.604
time=8.926
obj=0.604
time=8.931
obj=0.604
time=11.518
obj=0.603
time=11.526
obj=0.603
time=20.583
obj=0.603
time=20.587
obj=0.602
time=20.606
obj=0.601
time=20.862
obj=0.600
time=41.186
obj=0.600
time=41.190
obj=0.599
c real margin = 0.401
