buffers=16
windows=60
args generated-large/85.txt 12345 1
original_lb=0.200
time=0.069
obj=0.835
time=0.140
obj=0.833
time=0.143
obj=0.831
time=0.146
obj=0.830
time=0.149
obj=0.826
time=0.153
obj=0.809
time=0.157
obj=0.808
time=0.161
obj=0.808
time=0.165
obj=0.805
time=0.169
obj=0.804
time=0.172
obj=0.789
time=0.176
obj=0.787
time=0.180
obj=0.786
time=0.184
obj=0.774
time=0.188
obj=0.767
time=0.192
obj=0.762
time=0.195
obj=0.758
time=0.199
obj=0.755
time=0.204
obj=0.755
time=0.208
obj=0.740
time=0.211
obj=0.734
time=0.215
obj=0.734
time=0.220
obj=0.730
time=0.223
obj=0.728
time=0.226
obj=0.721
time=0.231
obj=0.719
time=0.236
obj=0.718
time=0.239
obj=0.718
time=0.243
obj=0.718
time=0.247
obj=0.715
time=0.250
obj=0.714
time=0.255
obj=0.712
time=0.259
obj=0.709
time=0.267
obj=0.706
time=0.270
obj=0.706
time=0.275
obj=0.704
time=0.279
obj=0.704
time=0.282
obj=0.702
time=0.285
obj=0.696
time=0.289
obj=0.693
time=0.292
obj=0.690
time=0.296
obj=0.687
time=0.299
obj=0.687
time=0.303
obj=0.683
time=0.307
obj=0.681
time=0.311
obj=0.681
time=0.314
obj=0.678
time=0.322
obj=0.677
time=0.332
obj=0.674
time=0.335
obj=0.673
time=0.338
obj=0.669
time=0.341
obj=0.668
time=0.346
obj=0.668
time=0.351
obj=0.661
time=0.355
obj=0.655
time=0.358
obj=0.654
time=0.362
obj=0.654
time=0.372
obj=0.652
time=0.375
obj=0.652
time=0.380
obj=0.652
time=0.385
obj=0.651
time=0.394
obj=0.650
time=0.408
obj=0.649
time=0.411
obj=0.649
time=0.415
obj=0.648
time=0.419
obj=0.646
time=0.422
obj=0.644
time=0.426
obj=0.642
time=0.429
obj=0.640
time=0.434
obj=0.638
time=0.439
obj=0.637
time=0.443
obj=0.637
time=0.447
obj=0.636
time=0.452
obj=0.636
time=0.461
obj=0.635
time=0.586
obj=0.635
time=0.589
obj=0.635
time=0.592
obj=0.629
time=0.596
obj=0.629
time=0.908
obj=0.629
time=0.913
obj=0.629
time=0.916
obj=0.627
time=0.932
obj=0.623
time=0.938
obj=0.622
time=0.942
obj=0.616
time=0.947
obj=0.614
time=2.017
obj=0.608
time=2.020
obj=0.608
time=2.022
obj=0.608
time=2.025
obj=0.607
time=2.027
obj=0.607
time=22.667
obj=0.607
time=48.870
obj=0.606
time=48.872
obj=0.606
time=48.876
obj=0.605
time=48.878
obj=0.605
c real margin = 0.395
