buffers=24
windows=20
args generated-large/87.txt 12345 1
original_lb=0.284
time=0.216
obj=0.581
time=0.232
obj=0.546
time=0.239
obj=0.543
time=0.245
obj=0.535
time=0.252
obj=0.524
time=0.261
obj=0.514
time=0.269
obj=0.506
time=0.276
obj=0.504
time=0.283
obj=0.481
time=0.290
obj=0.476
time=0.298
obj=0.476
time=0.306
obj=0.470
time=0.316
obj=0.470
time=0.323
obj=0.470
time=0.332
obj=0.455
time=0.339
obj=0.452
time=0.350
obj=0.451
time=0.358
obj=0.450
time=0.367
obj=0.443
time=0.374
obj=0.440
time=0.385
obj=0.432
time=0.394
obj=0.431
time=0.403
obj=0.431
time=0.413
obj=0.426
time=0.425
obj=0.425
time=0.436
obj=0.425
time=0.444
obj=0.422
time=0.458
obj=0.420
time=0.471
obj=0.415
time=0.480
obj=0.415
time=0.497
obj=0.413
time=0.505
obj=0.413
time=0.517
obj=0.411
time=0.526
obj=0.409
time=0.534
obj=0.407
time=0.542
obj=0.406
time=0.551
obj=0.406
time=0.560
obj=0.405
time=0.568
obj=0.405
time=0.576
obj=0.404
time=0.584
obj=0.402
time=0.593
obj=0.398
time=0.603
obj=0.397
time=0.615
obj=0.393
time=0.626
obj=0.390
time=0.635
obj=0.388
time=0.646
obj=0.385
time=0.654
obj=0.383
time=0.672
obj=0.382
time=0.694
obj=0.380
time=0.704
obj=0.379
time=0.730
obj=0.379
time=0.752
obj=0.378
time=0.759
obj=0.376
time=0.768
obj=0.376
time=0.776
obj=0.376
time=0.788
obj=0.375
time=0.810
obj=0.373
time=0.834
obj=0.371
time=0.844
obj=0.371
time=0.870
obj=0.370
time=0.887
obj=0.369
time=0.897
obj=0.368
time=0.935
obj=0.367
time=0.959
obj=0.366
time=0.981
obj=0.365
time=0.997
obj=0.361
time=1.020
obj=0.360
time=1.055
obj=0.360
time=1.062
obj=0.360
time=1.094
obj=0.359
time=1.101
obj=0.358
time=1.110
obj=0.358
time=1.136
obj=0.358
time=1.155
obj=0.358
time=1.171
obj=0.357
time=1.194
obj=0.357
time=1.203
obj=0.357
time=1.260
obj=0.355
time=1.268
obj=0.355
time=1.278
obj=0.355
time=1.289
obj=0.355
time=1.315
obj=0.351
time=1.419
obj=0.350
time=1.435
obj=0.349
time=1.452
obj=0.349
time=1.516
obj=0.348
time=1.525
obj=0.348
time=1.539
obj=0.348
time=1.590
obj=0.346
time=1.643
obj=0.345
time=1.656
obj=0.345
time=1.686
obj=0.344
time=1.722
obj=0.344
time=1.748
obj=0.343
time=1.961
obj=0.343
time=1.967
obj=0.343
time=1.981
obj=0.342
time=1.987
obj=0.342
time=2.020
obj=0.341
time=2.041
obj=0.341
time=2.048
obj=0.339
time=2.499
obj=0.339
time=2.521
obj=0.338
time=2.525
obj=0.338
time=2.535
obj=0.337
time=2.550
obj=0.337
time=3.016
obj=0.335
time=3.022
obj=0.335
time=3.035
obj=0.334
time=3.043
obj=0.334
time=3.063
obj=0.333
time=3.075
obj=0.333
time=3.081
obj=0.332
time=3.200
obj=0.332
time=3.207
obj=0.332
time=3.211
obj=0.331
time=3.226
obj=0.331
time=3.252
obj=0.331
time=3.256
obj=0.330
time=3.262
obj=0.330
time=3.287
obj=0.330
time=3.325
obj=0.329
time=3.337
obj=0.329
time=3.425
obj=0.327
time=3.428
obj=0.327
time=3.435
obj=0.326
time=3.497
obj=0.326
time=3.560
obj=0.326
time=3.588
obj=0.325
time=3.595
obj=0.325
time=3.614
obj=0.324
time=3.627
obj=0.324
time=3.654
obj=0.324
time=3.693
obj=0.324
time=3.700
obj=0.323
time=3.705
obj=0.321
time=4.589
obj=0.321
time=4.595
obj=0.321
time=11.832
obj=0.320
time=11.867
obj=0.320
time=26.516
obj=0.320
c real margin = 0.680
