buffers=16
windows=60
args generated-large/89.txt 12345 1
original_lb=0.296
time=0.076
obj=0.777
time=0.089
obj=0.776
time=0.095
obj=0.775
time=0.101
obj=0.773
time=0.105
obj=0.772
time=0.108
obj=0.772
time=0.113
obj=0.772
time=0.116
obj=0.771
time=0.123
obj=0.769
time=0.126
obj=0.768
time=0.129
obj=0.768
time=0.132
obj=0.764
time=0.134
obj=0.764
time=0.138
obj=0.763
time=0.142
obj=0.757
time=0.145
obj=0.752
time=0.150
obj=0.751
time=0.156
obj=0.750
time=0.161
obj=0.749
time=0.166
obj=0.747
time=0.170
obj=0.741
time=0.175
obj=0.739
time=0.179
obj=0.739
time=0.182
obj=0.738
time=0.186
obj=0.737
time=0.189
obj=0.736
time=0.194
obj=0.736
time=0.200
obj=0.736
time=0.205
obj=0.733
time=0.209
obj=0.733
time=0.214
obj=0.732
time=0.218
obj=0.731
time=0.227
obj=0.724
time=0.232
obj=0.723
time=0.235
obj=0.717
time=0.240
obj=0.716
time=0.244
obj=0.716
time=0.249
obj=0.715
time=0.258
obj=0.713
time=0.263
obj=0.710
time=0.285
obj=0.709
time=0.290
obj=0.707
time=0.295
obj=0.706
time=0.302
obj=0.704
time=0.304
obj=0.703
time=0.308
obj=0.703
time=0.310
obj=0.702
time=0.317
obj=0.702
time=0.326
obj=0.701
time=0.329
obj=0.701
time=0.334
obj=0.701
time=0.338
obj=0.701
time=0.341
obj=0.699
time=0.351
obj=0.699
time=0.358
obj=0.699
time=0.363
obj=0.696
time=0.366
obj=0.695
time=0.369
obj=0.695
time=0.373
obj=0.695
time=0.379
obj=0.689
time=0.389
obj=0.688
time=0.395
obj=0.688
time=0.397
obj=0.686
time=0.400
obj=0.686
time=0.405
obj=0.685
time=0.408
obj=0.685
time=0.411
obj=0.683
time=0.416
obj=0.683
time=0.419
obj=0.682
time=0.427
obj=0.681
time=0.433
obj=0.680
time=0.436
obj=0.679
time=0.440
obj=0.679
time=0.443
obj=0.678
time=0.446
obj=0.678
time=0.456
obj=0.677
time=0.460
obj=0.674
time=0.464
obj=0.671
time=0.472
obj=0.670
time=0.478
obj=0.670
time=0.483
obj=0.669
time=0.488
obj=0.669
time=0.493
obj=0.668
time=0.497
obj=0.668
time=0.500
obj=0.667
time=0.504
obj=0.667
time=0.508
obj=0.666
time=0.515
obj=0.666
time=0.562
obj=0.666
time=0.566
obj=0.663
c real margin = 0.337
