buffers=24
windows=20
args generated-large/9.txt 12345 1
original_lb=0.245
time=0.201
obj=0.884
time=0.229
obj=0.882
time=0.236
obj=0.876
time=0.243
obj=0.876
time=0.255
obj=0.874
time=0.262
obj=0.871
time=0.274
obj=0.869
time=0.288
obj=0.863
time=0.294
obj=0.851
time=0.300
obj=0.851
time=0.307
obj=0.848
time=0.324
obj=0.839
time=0.337
obj=0.832
time=0.344
obj=0.819
time=0.354
obj=0.810
time=0.367
obj=0.810
time=0.373
obj=0.807
time=0.382
obj=0.806
time=0.391
obj=0.806
time=0.404
obj=0.802
time=0.420
obj=0.799
time=0.430
obj=0.798
time=0.438
obj=0.798
time=0.445
obj=0.795
time=0.460
obj=0.788
time=0.481
obj=0.782
time=0.488
obj=0.781
time=0.501
obj=0.780
time=0.512
obj=0.777
time=0.524
obj=0.772
time=0.544
obj=0.765
time=0.551
obj=0.762
time=0.567
obj=0.759
time=0.582
obj=0.757
time=0.598
obj=0.755
time=0.615
obj=0.750
time=0.621
obj=0.748
time=0.636
obj=0.744
time=0.642
obj=0.742
time=0.647
obj=0.741
time=0.664
obj=0.740
time=0.680
obj=0.740
time=0.700
obj=0.740
time=0.712
obj=0.740
time=0.726
obj=0.738
time=0.761
obj=0.737
time=0.776
obj=0.737
time=0.800
obj=0.737
time=0.809
obj=0.734
time=0.819
obj=0.734
time=0.840
obj=0.733
time=0.860
obj=0.733
time=0.871
obj=0.732
time=0.877
obj=0.732
time=0.900
obj=0.731
time=0.919
obj=0.726
time=0.938
obj=0.725
time=0.944
obj=0.725
time=0.958
obj=0.723
time=0.971
obj=0.723
time=0.977
obj=0.714
time=0.989
obj=0.713
time=1.020
obj=0.712
time=1.043
obj=0.712
time=1.076
obj=0.712
time=1.085
obj=0.708
time=1.105
obj=0.705
time=1.133
obj=0.704
time=1.157
obj=0.703
time=1.168
obj=0.701
time=1.190
obj=0.700
time=1.200
obj=0.694
time=1.238
obj=0.694
time=1.315
obj=0.694
time=1.321
obj=0.693
time=1.327
obj=0.689
time=1.353
obj=0.688
time=1.358
obj=0.685
time=1.373
obj=0.685
time=1.410
obj=0.683
time=1.443
obj=0.682
time=1.511
obj=0.682
time=1.520
obj=0.681
time=1.593
obj=0.680
time=1.610
obj=0.679
time=1.686
obj=0.679
time=1.738
obj=0.675
time=1.821
obj=0.674
time=1.832
obj=0.673
time=2.177
obj=0.673
time=2.194
obj=0.672
time=2.751
obj=0.671
time=2.858
obj=0.670
time=2.861
obj=0.667
time=2.866
obj=0.666
time=2.904
obj=0.666
time=2.925
obj=0.666
time=3.075
obj=0.665
time=3.417
obj=0.665
time=3.420
obj=0.664
time=3.585
obj=0.664
time=3.607
obj=0.660
time=3.895
obj=0.660
time=3.897
obj=0.658
time=4.970
obj=0.655
time=11.290
obj=0.655
time=11.293
obj=0.654
time=11.327
obj=0.653
time=11.329
obj=0.652
time=11.333
obj=0.652
time=11.346
obj=0.652
time=13.507
obj=0.651
time=13.509
obj=0.650
time=16.146
obj=0.650
time=20.920
obj=0.650
c real margin = 0.350
