buffers=8
windows=60
args generated-large/90.txt 12345 1
original_lb=0.184
time=0.011
obj=0.888
time=0.015
obj=0.851
time=0.015
obj=0.839
time=0.016
obj=0.827
time=0.017
obj=0.827
time=0.018
obj=0.805
time=0.018
obj=0.801
time=0.019
obj=0.794
time=0.020
obj=0.792
time=0.021
obj=0.788
time=0.022
obj=0.775
time=0.022
obj=0.766
time=0.023
obj=0.764
time=0.024
obj=0.761
time=0.024
obj=0.756
time=0.025
obj=0.750
time=0.026
obj=0.747
time=0.027
obj=0.746
time=0.028
obj=0.740
time=0.028
obj=0.733
time=0.029
obj=0.711
time=0.030
obj=0.711
time=0.031
obj=0.704
time=0.031
obj=0.697
time=0.032
obj=0.686
time=0.033
obj=0.686
time=0.034
obj=0.674
time=0.035
obj=0.672
time=0.036
obj=0.667
time=0.037
obj=0.664
time=0.037
obj=0.655
time=0.038
obj=0.647
time=0.039
obj=0.645
time=0.040
obj=0.643
time=0.041
obj=0.640
time=0.042
obj=0.640
time=0.043
obj=0.636
time=0.044
obj=0.633
time=0.045
obj=0.625
time=0.046
obj=0.623
time=0.047
obj=0.617
time=0.048
obj=0.613
time=0.049
obj=0.613
time=0.050
obj=0.608
time=0.050
obj=0.606
time=0.052
obj=0.602
time=0.053
obj=0.600
time=0.054
obj=0.594
time=0.056
obj=0.590
time=0.057
obj=0.587
time=0.058
obj=0.584
time=0.059
obj=0.583
time=0.069
obj=0.580
time=0.070
obj=0.580
time=0.071
obj=0.578
time=0.093
obj=0.576
time=0.094
obj=0.575
time=0.096
obj=0.574
time=0.097
obj=0.572
time=0.098
obj=0.571
time=0.099
obj=0.570
time=0.101
obj=0.569
time=0.102
obj=0.568
time=0.126
obj=0.567
time=0.126
obj=0.558
time=0.149
obj=0.556
time=0.150
obj=0.556
time=0.160
obj=0.556
time=0.161
obj=0.555
time=0.163
obj=0.554
time=0.298
obj=0.554
time=0.362
obj=0.552
time=0.365
obj=0.551
time=0.366
obj=0.550
c real margin = 0.450
