buffers=24
windows=40
args generated-large/91.txt 12345 1
original_lb=0.224
time=0.139
obj=1.049
time=0.162
obj=1.048
time=0.169
obj=1.047
time=0.175
obj=1.039
time=0.179
obj=1.034
time=0.184
obj=1.027
time=0.190
obj=1.018
time=0.198
obj=1.016
time=0.204
obj=1.011
time=0.209
obj=1.011
time=0.218
obj=1.003
time=0.226
obj=1.001
time=0.229
obj=1.000
time=0.233
obj=0.993
time=0.238
obj=0.990
time=0.243
obj=0.989
time=0.250
obj=0.986
time=0.256
obj=0.981
time=0.261
obj=0.978
time=0.268
obj=0.970
time=0.273
obj=0.965
time=0.281
obj=0.964
time=0.291
obj=0.962
time=0.297
obj=0.962
time=0.302
obj=0.960
time=0.307
obj=0.960
time=0.315
obj=0.960
time=0.322
obj=0.956
time=0.328
obj=0.955
time=0.332
obj=0.955
time=0.338
obj=0.954
time=0.345
obj=0.951
time=0.352
obj=0.951
time=0.357
obj=0.948
time=0.366
obj=0.947
time=0.372
obj=0.945
time=0.380
obj=0.944
time=0.389
obj=0.941
time=0.394
obj=0.939
time=0.403
obj=0.938
time=0.411
obj=0.937
time=0.415
obj=0.930
time=0.422
obj=0.926
time=0.427
obj=0.925
time=0.433
obj=0.925
time=0.437
obj=0.925
time=0.442
obj=0.923
time=0.450
obj=0.920
time=0.454
obj=0.918
time=0.462
obj=0.916
time=0.469
obj=0.914
time=0.473
obj=0.912
time=0.482
obj=0.908
time=0.487
obj=0.907
time=0.493
obj=0.905
time=0.500
obj=0.905
time=0.508
obj=0.902
time=0.518
obj=0.899
time=0.523
obj=0.887
time=0.531
obj=0.885
time=0.545
obj=0.882
time=0.550
obj=0.880
time=0.562
obj=0.879
time=0.570
obj=0.875
time=0.574
obj=0.874
time=0.585
obj=0.871
time=0.596
obj=0.870
time=0.607
obj=0.870
time=0.618
obj=0.869
time=0.632
obj=0.869
time=0.636
obj=0.868
time=0.652
obj=0.868
time=0.662
obj=0.865
time=0.674
obj=0.865
time=0.677
obj=0.863
time=0.688
obj=0.863
time=0.702
obj=0.862
time=0.716
obj=0.861
time=0.728
obj=0.859
time=0.733
obj=0.859
time=0.739
obj=0.858
time=0.751
obj=0.857
time=0.758
obj=0.856
time=0.762
obj=0.853
time=0.767
obj=0.853
time=0.772
obj=0.850
time=0.789
obj=0.849
time=0.807
obj=0.849
time=0.826
obj=0.848
time=0.838
obj=0.847
time=0.845
obj=0.847
time=0.859
obj=0.844
time=0.878
obj=0.843
time=0.895
obj=0.843
time=0.901
obj=0.842
time=0.914
obj=0.842
time=0.924
obj=0.840
time=0.936
obj=0.839
time=0.940
obj=0.839
time=0.956
obj=0.838
time=0.962
obj=0.837
time=0.985
obj=0.836
time=1.005
obj=0.835
time=1.023
obj=0.835
time=1.050
obj=0.834
time=1.075
obj=0.833
time=1.079
obj=0.832
time=1.084
obj=0.832
time=1.088
obj=0.829
time=1.114
obj=0.829
time=1.165
obj=0.828
time=1.170
obj=0.828
time=1.231
obj=0.828
time=1.234
obj=0.825
time=1.250
obj=0.820
time=1.281
obj=0.820
time=1.294
obj=0.819
time=1.333
obj=0.819
time=1.337
obj=0.817
time=1.394
obj=0.817
time=1.398
obj=0.815
time=1.426
obj=0.815
time=1.441
obj=0.814
time=1.867
obj=0.813
time=2.105
obj=0.813
time=2.108
obj=0.811
time=2.878
obj=0.810
time=2.881
obj=0.808
time=3.628
obj=0.808
time=3.631
obj=0.806
time=3.648
obj=0.805
time=3.665
obj=0.805
time=3.668
obj=0.803
time=3.672
obj=0.802
time=3.914
obj=0.802
time=3.917
obj=0.800
time=5.659
obj=0.800
time=5.659
obj=0.798
time=5.670
obj=0.798
time=5.674
obj=0.797
time=5.689
obj=0.797
time=15.569
obj=0.796
time=15.572
obj=0.796
time=15.651
obj=0.796
time=15.654
obj=0.795
time=24.852
obj=0.794
time=27.581
obj=0.794
time=48.741
obj=0.794
time=51.293
obj=0.793
c real margin = 0.207
