buffers=8
windows=60
args generated-large/93.txt 12345 1
original_lb=0.210
time=0.009
obj=1.028
time=0.013
obj=0.999
time=0.013
obj=0.994
time=0.014
obj=0.992
time=0.015
obj=0.985
time=0.015
obj=0.970
time=0.016
obj=0.961
time=0.016
obj=0.959
time=0.017
obj=0.955
time=0.018
obj=0.939
time=0.019
obj=0.934
time=0.019
obj=0.931
time=0.020
obj=0.930
time=0.021
obj=0.923
time=0.022
obj=0.912
time=0.022
obj=0.911
time=0.023
obj=0.908
time=0.024
obj=0.890
time=0.025
obj=0.888
time=0.025
obj=0.882
time=0.026
obj=0.882
time=0.027
obj=0.876
time=0.027
obj=0.872
time=0.028
obj=0.865
time=0.029
obj=0.862
time=0.030
obj=0.862
time=0.031
obj=0.854
time=0.032
obj=0.844
time=0.032
obj=0.843
time=0.033
obj=0.842
time=0.034
obj=0.831
time=0.034
obj=0.825
time=0.035
obj=0.824
time=0.036
obj=0.824
time=0.037
obj=0.817
time=0.038
obj=0.815
time=0.039
obj=0.815
time=0.040
obj=0.814
time=0.041
obj=0.812
time=0.042
obj=0.801
time=0.043
obj=0.801
time=0.044
obj=0.800
time=0.044
obj=0.790
time=0.045
obj=0.789
time=0.046
obj=0.789
time=0.047
obj=0.787
time=0.048
obj=0.782
time=0.049
obj=0.779
time=0.051
obj=0.777
time=0.053
obj=0.775
time=0.053
obj=0.773
time=0.070
obj=0.772
time=0.086
obj=0.768
time=0.087
obj=0.763
time=0.118
obj=0.759
time=0.120
obj=0.759
time=0.164
obj=0.759
time=0.164
obj=0.759
time=0.165
obj=0.757
time=0.214
obj=0.757
time=0.216
obj=0.756
time=0.218
obj=0.756
time=0.237
obj=0.755
time=0.241
obj=0.751
time=0.243
obj=0.751
time=0.279
obj=0.749
time=0.301
obj=0.749
time=0.303
obj=0.748
time=0.322
obj=0.747
time=0.342
obj=0.746
time=0.342
obj=0.746
time=0.538
obj=0.746
time=0.812
obj=0.745
time=0.813
obj=0.740
time=1.197
obj=0.739
time=1.198
obj=0.739
time=2.102
obj=0.738
time=2.103
obj=0.738
time=2.527
obj=0.737
time=2.527
obj=0.735
time=2.638
obj=0.730
time=4.635
obj=0.729
time=5.539
obj=0.727
time=5.540
obj=0.725
c real margin = 0.275
