buffers=24
windows=80
args generated-large/96.txt 12345 1
original_lb=0.209
time=0.281
obj=0.911
time=0.335
obj=0.909
time=0.342
obj=0.896
time=0.352
obj=0.894
time=0.362
obj=0.893
time=0.369
obj=0.887
time=0.377
obj=0.884
time=0.386
obj=0.880
time=0.395
obj=0.879
time=0.402
obj=0.872
time=0.410
obj=0.871
time=0.420
obj=0.868
time=0.428
obj=0.868
time=0.437
obj=0.863
time=0.447
obj=0.862
time=0.459
obj=0.858
time=0.469
obj=0.857
time=0.480
obj=0.855
time=0.491
obj=0.851
time=0.501
obj=0.847
time=0.509
obj=0.845
time=0.519
obj=0.842
time=0.529
obj=0.840
time=0.537
obj=0.836
time=0.546
obj=0.831
time=0.554
obj=0.829
time=0.562
obj=0.828
time=0.570
obj=0.827
time=0.579
obj=0.825
time=0.590
obj=0.825
time=0.603
obj=0.825
time=0.611
obj=0.825
time=0.619
obj=0.824
time=0.627
obj=0.820
time=0.638
obj=0.820
time=0.648
obj=0.820
time=0.656
obj=0.817
time=0.664
obj=0.814
time=0.673
obj=0.813
time=0.683
obj=0.810
time=0.696
obj=0.803
time=0.705
obj=0.801
time=0.717
obj=0.800
time=0.727
obj=0.797
time=0.735
obj=0.793
time=0.746
obj=0.785
time=0.754
obj=0.783
time=0.763
obj=0.783
time=0.772
obj=0.782
time=0.785
obj=0.781
time=0.792
obj=0.778
time=0.806
obj=0.777
time=0.819
obj=0.777
time=0.835
obj=0.777
time=0.847
obj=0.775
time=0.856
obj=0.774
time=0.866
obj=0.772
time=0.874
obj=0.772
time=0.884
obj=0.771
time=0.893
obj=0.768
time=0.901
obj=0.763
time=0.913
obj=0.762
time=0.922
obj=0.762
time=0.932
obj=0.758
time=0.945
obj=0.758
time=0.962
obj=0.752
time=0.971
obj=0.752
time=0.984
obj=0.747
time=0.997
obj=0.746
time=1.008
obj=0.745
time=1.018
obj=0.744
time=1.027
obj=0.742
time=1.044
obj=0.741
time=1.060
obj=0.741
time=1.068
obj=0.740
time=1.084
obj=0.740
time=1.098
obj=0.740
time=1.108
obj=0.739
time=1.117
obj=0.738
time=1.131
obj=0.736
time=1.144
obj=0.732
time=1.154
obj=0.731
time=1.171
obj=0.730
time=1.179
obj=0.728
time=1.187
obj=0.727
time=1.195
obj=0.721
time=1.209
obj=0.718
time=1.219
obj=0.713
time=1.233
obj=0.711
time=1.243
obj=0.711
time=1.255
obj=0.709
time=1.269
obj=0.708
time=1.277
obj=0.707
time=1.285
obj=0.705
time=1.299
obj=0.701
time=1.306
obj=0.696
time=1.314
obj=0.695
time=1.326
obj=0.695
time=1.338
obj=0.693
time=1.355
obj=0.693
time=1.371
obj=0.690
time=1.386
obj=0.690
time=1.405
obj=0.689
time=1.429
obj=0.689
time=1.444
obj=0.689
time=1.463
obj=0.689
time=1.481
obj=0.688
time=1.487
obj=0.688
time=1.495
obj=0.687
time=1.512
obj=0.686
time=1.520
obj=0.685
time=1.535
obj=0.685
time=1.545
obj=0.683
time=1.561
obj=0.682
time=1.579
obj=0.681
time=1.585
obj=0.681
time=1.597
obj=0.681
time=1.608
obj=0.679
time=1.621
obj=0.679
time=1.636
obj=0.679
time=1.652
obj=0.679
time=1.658
obj=0.678
time=1.666
obj=0.677
time=1.676
obj=0.673
time=1.685
obj=0.672
time=1.691
obj=0.672
time=1.696
obj=0.671
time=1.710
obj=0.670
time=1.718
obj=0.670
time=1.736
obj=0.669
time=1.748
obj=0.669
time=1.756
obj=0.667
time=1.879
obj=0.666
time=1.886
obj=0.665
time=1.890
obj=0.665
time=1.902
obj=0.664
time=1.906
obj=0.663
time=1.918
obj=0.663
time=1.928
obj=0.663
time=2.021
obj=0.662
time=2.219
obj=0.661
time=2.233
obj=0.661
time=2.324
obj=0.661
time=2.340
obj=0.660
time=2.346
obj=0.659
time=2.352
obj=0.659
time=2.360
obj=0.659
time=2.371
obj=0.658
time=2.490
obj=0.658
time=2.494
obj=0.657
time=2.862
obj=0.657
time=2.872
obj=0.657
time=2.879
obj=0.654
time=2.891
obj=0.654
time=3.096
obj=0.653
time=3.100
obj=0.653
time=3.104
obj=0.653
time=3.118
obj=0.652
time=3.222
obj=0.651
time=3.226
obj=0.650
time=3.233
obj=0.649
time=3.333
obj=0.649
time=3.347
obj=0.648
time=3.363
obj=0.648
time=3.458
obj=0.645
time=3.470
obj=0.645
time=3.473
obj=0.644
time=3.478
obj=0.642
time=3.628
obj=0.642
time=3.632
obj=0.642
time=4.061
obj=0.642
time=4.071
obj=0.641
time=4.081
obj=0.640
time=4.548
obj=0.640
time=4.553
obj=0.640
time=7.604
obj=0.639
time=7.608
obj=0.638
time=8.255
obj=0.638
time=8.649
obj=0.638
time=8.652
obj=0.638
time=8.660
obj=0.637
time=9.213
obj=0.637
time=10.326
obj=0.635
time=10.802
obj=0.635
time=10.806
obj=0.634
time=10.816
obj=0.634
time=12.171
obj=0.634
time=13.907
obj=0.634
time=15.672
obj=0.633
time=19.025
obj=0.630
time=19.029
obj=0.630
time=19.793
obj=0.630
time=20.219
obj=0.630
time=20.223
obj=0.629
time=20.227
obj=0.629
time=22.495
obj=0.627
time=22.499
obj=0.626
time=23.541
obj=0.626
time=36.644
obj=0.625
time=36.648
obj=0.625
time=46.645
obj=0.624
time=51.522
obj=0.623
time=51.526
obj=0.623
time=51.530
obj=0.622
c real margin = 0.378
