buffers=24
windows=20
args generated-large/97.txt 12345 1
original_lb=0.271
time=0.208
obj=0.633
time=0.223
obj=0.513
time=0.230
obj=0.506
time=0.237
obj=0.495
time=0.254
obj=0.492
time=0.262
obj=0.487
time=0.270
obj=0.483
time=0.276
obj=0.481
time=0.285
obj=0.480
time=0.293
obj=0.475
time=0.300
obj=0.475
time=0.307
obj=0.472
time=0.314
obj=0.472
time=0.323
obj=0.471
time=0.331
obj=0.467
time=0.344
obj=0.467
time=0.358
obj=0.465
time=0.375
obj=0.463
time=0.387
obj=0.462
time=0.398
obj=0.461
time=0.412
obj=0.460
time=0.427
obj=0.457
time=0.437
obj=0.453
time=0.450
obj=0.451
time=0.467
obj=0.450
time=0.480
obj=0.449
time=0.496
obj=0.446
time=0.513
obj=0.441
time=0.520
obj=0.437
time=0.531
obj=0.436
time=0.538
obj=0.435
time=0.559
obj=0.434
time=0.567
obj=0.434
time=0.586
obj=0.432
time=0.595
obj=0.432
time=0.613
obj=0.431
time=0.619
obj=0.430
time=0.627
obj=0.427
time=0.639
obj=0.426
time=0.649
obj=0.424
time=0.669
obj=0.424
time=0.678
obj=0.418
time=0.686
obj=0.418
time=0.694
obj=0.412
time=0.701
obj=0.411
time=0.710
obj=0.408
time=0.739
obj=0.408
time=0.759
obj=0.408
time=0.809
obj=0.406
time=0.816
obj=0.405
time=0.832
obj=0.402
time=0.874
obj=0.400
time=0.880
obj=0.397
time=1.062
obj=0.396
time=1.069
obj=0.396
time=1.131
obj=0.394
time=1.148
obj=0.394
time=1.158
obj=0.393
time=1.179
obj=0.392
time=1.192
obj=0.392
time=3.109
obj=0.391
time=3.112
obj=0.388
time=3.199
obj=0.388
time=3.208
obj=0.387
time=3.236
obj=0.387
time=3.239
obj=0.387
time=22.331
obj=0.386
time=22.344
obj=0.385
time=22.353
obj=0.384
time=23.586
obj=0.384
time=24.706
obj=0.383
c real margin = 0.617
