global=1
denseranking=1
symmetry=1
single_window=1
peak-ub=667
buffers=16
windows=95
branches=1504
failures=0
obj=622
time=316
buffers=16
windows=95
branches=1504
failures=0
obj=545
time=629
buffers=16
windows=95
branches=7344
failures=801
obj=536
time=2397
buffers=16
windows=95
branches=4952
failures=502
obj=529
time=3197
buffers=16
windows=95
branches=14968
failures=3303
obj=528
time=6613
buffers=16
windows=95
branches=87120
failures=19701
obj=520
time=27836
buffers=16
windows=95
branches=117328
failures=28601
obj=517
time=59603
buffers=16
windows=95
branches=240048
failures=65304
obj=512
time=128038
buffers=16
windows=95
branches=345859
failures=110404
obj=511
time=237166
buffers=16
windows=95
branches=81777
failures=23258
obj=506
time=263414
buffers=16
windows=95
branches=101223
failures=27808
obj=505
time=293061
buffers=16
windows=95
branches=49999
failures=12403
obj=504
time=306844
buffers=16
windows=95
branches=689219
failures=230500
obj=493
time=530163
buffers=16
windows=95
branches=1215500
failures=401804
obj=492
time=928647
buffers=16
windows=95
branches=2308263
failures=789011
obj=491
time=1703199
buffers=16
windows=95
branches=66861
failures=19701
obj=487
time=1723401
buffers=16
windows=95
branches=3265780
failures=947215
obj=484
time=2697684
buffers=16
windows=95
branches=2901111
failures=854801
original_status=TIMEOUT
original_lb=452
obj=484
time=3600004
status=TIMEOUT
real_obj=48.307
real_time=3600004
