global=1
denseranking=1
symmetry=1
single_window=1
peak-ub=655
buffers=16
windows=91
branches=1440
failures=0
obj=607
time=297
buffers=16
windows=91
branches=5195
failures=402
obj=605
time=1552
buffers=16
windows=91
branches=1440
failures=0
obj=591
time=1877
buffers=16
windows=91
branches=2597
failures=100
obj=579
time=2462
buffers=16
windows=91
branches=1440
failures=0
obj=556
time=2735
buffers=16
windows=91
branches=15325
failures=1700
obj=550
time=6235
buffers=16
windows=91
branches=3757
failures=202
obj=549
time=6933
buffers=16
windows=91
branches=12845
failures=1402
obj=544
time=9722
buffers=16
windows=91
branches=16117
failures=1801
obj=538
time=13267
buffers=16
windows=91
branches=7427
failures=601
obj=527
time=14788
buffers=16
windows=91
branches=262139
failures=53308
obj=522
time=91349
buffers=16
windows=91
branches=613744
failures=133302
obj=520
time=283637
buffers=16
windows=91
branches=79818
failures=12802
obj=516
time=303007
buffers=16
windows=91
branches=3131524
failures=788402
obj=513
time=1326958
buffers=16
windows=91
branches=261464
failures=53601
obj=509
time=1404671
buffers=16
windows=91
branches=2336486
failures=585805
obj=507
time=2060401
buffers=16
windows=91
branches=4983589
failures=1358822
original_status=TIMEOUT
original_lb=466
obj=507
time=3600002
status=TIMEOUT
real_obj=50.663
real_time=3600002
