buffers=16
windows=16
args generated-small/102.txt 12345 1
original_lb=0.262
time=0.004
obj=0.856
time=0.004
obj=0.813
time=0.004
obj=0.796
time=0.005
obj=0.791
time=0.005
obj=0.787
time=0.005
obj=0.782
time=0.006
obj=0.781
time=0.006
obj=0.779
time=0.007
obj=0.759
time=0.007
obj=0.753
time=0.008
obj=0.749
time=0.008
obj=0.725
time=0.009
obj=0.723
time=0.009
obj=0.717
time=0.010
obj=0.714
time=0.010
obj=0.711
time=0.011
obj=0.706
time=0.011
obj=0.705
time=0.011
obj=0.701
time=0.012
obj=0.696
time=0.013
obj=0.677
time=0.013
obj=0.671
time=0.014
obj=0.669
time=0.014
obj=0.660
time=0.014
obj=0.655
time=0.015
obj=0.654
time=0.015
obj=0.648
time=0.016
obj=0.648
time=0.017
obj=0.643
time=0.020
obj=0.642
time=0.020
obj=0.639
time=0.021
obj=0.631
time=0.021
obj=0.631
time=0.022
obj=0.631
time=0.026
obj=0.622
time=0.027
obj=0.615
time=0.027
obj=0.615
time=0.034
obj=0.605
time=0.034
obj=0.587
time=0.035
obj=0.587
time=0.036
obj=0.586
time=0.037
obj=0.584
time=0.037
obj=0.582
time=0.038
obj=0.581
time=0.047
obj=0.579
time=0.047
obj=0.574
time=0.053
obj=0.573
time=0.053
obj=0.569
time=0.061
obj=0.569
time=0.061
obj=0.565
time=0.124
obj=0.561
time=0.124
obj=0.559
time=0.207
obj=0.558
c real margin = 0.442
