buffers=8
windows=16
args generated-small/107.txt 12345 1
original_lb=0.229
time=0.002
obj=0.692
time=0.002
obj=0.689
time=0.002
obj=0.689
time=0.002
obj=0.662
time=0.003
obj=0.661
time=0.003
obj=0.656
time=0.003
obj=0.653
time=0.003
obj=0.634
time=0.003
obj=0.629
time=0.003
obj=0.599
time=0.003
obj=0.585
time=0.003
obj=0.583
time=0.003
obj=0.578
time=0.003
obj=0.572
time=0.003
obj=0.569
time=0.004
obj=0.562
time=0.004
obj=0.553
time=0.006
obj=0.546
time=0.017
obj=0.541
time=0.060
obj=0.539
time=0.060
obj=0.534
time=0.060
obj=0.528
time=0.063
obj=0.525
time=0.205
obj=0.525
time=1.347
obj=0.524
c real margin = 0.476
