buffers=8
windows=12
args generated-small/117.txt 12345 1
original_lb=0.178
time=0.002
obj=0.887
time=0.002
obj=0.752
time=0.002
obj=0.742
time=0.002
obj=0.696
time=0.002
obj=0.693
time=0.002
obj=0.674
time=0.002
obj=0.645
time=0.002
obj=0.642
time=0.002
obj=0.639
time=0.002
obj=0.636
time=0.002
obj=0.628
time=0.003
obj=0.620
time=0.003
obj=0.612
time=0.003
obj=0.606
time=0.003
obj=0.589
time=0.003
obj=0.577
time=0.003
obj=0.572
time=0.005
obj=0.567
time=0.006
obj=0.563
time=0.019
obj=0.563
time=0.046
obj=0.563
time=0.046
obj=0.537
time=0.046
obj=0.536
c real margin = 0.464
