buffers=16
windows=12
args generated-small/123.txt 12345 1
original_lb=0.240
time=0.009
obj=0.849
time=0.010
obj=0.811
time=0.010
obj=0.789
time=0.011
obj=0.773
time=0.011
obj=0.737
time=0.011
obj=0.733
time=0.012
obj=0.719
time=0.012
obj=0.709
time=0.013
obj=0.709
time=0.013
obj=0.709
time=0.014
obj=0.687
time=0.015
obj=0.674
time=0.016
obj=0.664
time=0.017
obj=0.637
time=0.019
obj=0.628
time=0.021
obj=0.624
time=0.021
obj=0.623
time=0.024
obj=0.622
time=0.035
obj=0.622
time=0.039
obj=0.622
time=0.047
obj=0.613
time=0.047
obj=0.611
time=0.058
obj=0.610
time=0.058
obj=0.609
time=0.084
obj=0.609
time=0.119
obj=0.607
time=0.120
obj=0.601
time=0.175
obj=0.600
time=0.175
obj=0.594
time=0.260
obj=0.592
time=0.538
obj=0.591
time=0.538
obj=0.587
time=0.730
obj=0.587
time=4.553
obj=0.584
time=6.046
obj=0.583
time=6.047
obj=0.578
time=17.380
obj=0.578
time=17.380
obj=0.576
time=57.992
obj=0.572
c real margin = 0.428
