buffers=8
windows=16
args generated-small/125.txt 12345 1
original_lb=0.188
time=0.002
obj=0.917
time=0.002
obj=0.905
time=0.003
obj=0.892
time=0.003
obj=0.819
time=0.003
obj=0.788
time=0.003
obj=0.786
time=0.003
obj=0.768
time=0.003
obj=0.758
time=0.003
obj=0.745
time=0.003
obj=0.713
time=0.003
obj=0.711
time=0.004
obj=0.707
time=0.004
obj=0.706
time=0.004
obj=0.698
time=0.004
obj=0.694
time=0.004
obj=0.689
time=0.004
obj=0.674
time=0.004
obj=0.664
time=0.004
obj=0.662
time=0.005
obj=0.661
time=0.005
obj=0.651
time=0.006
obj=0.642
time=0.006
obj=0.639
time=0.007
obj=0.635
time=0.007
obj=0.630
time=0.013
obj=0.629
c real margin = 0.371
