buffers=16
windows=8
args generated-small/132.txt 12345 1
original_lb=0.274
time=0.008
obj=0.711
time=0.008
obj=0.444
time=0.009
obj=0.442
time=0.009
obj=0.402
time=0.010
obj=0.401
time=0.010
obj=0.379
time=0.011
obj=0.377
time=0.011
obj=0.374
time=0.012
obj=0.370
time=0.012
obj=0.368
time=0.013
obj=0.365
time=0.014
obj=0.359
time=0.014
obj=0.357
time=0.015
obj=0.352
time=0.016
obj=0.349
time=0.016
obj=0.346
time=0.017
obj=0.339
time=0.017
obj=0.328
time=0.019
obj=0.316
time=0.019
obj=0.316
time=0.020
obj=0.316
time=0.021
obj=0.308
time=0.022
obj=0.306
c real margin = 0.694
