buffers=16
windows=8
args generated-small/133.txt 12345 1
original_lb=0.254
time=0.008
obj=0.750
time=0.008
obj=0.679
time=0.008
obj=0.672
time=0.009
obj=0.602
time=0.009
obj=0.577
time=0.010
obj=0.569
time=0.010
obj=0.560
time=0.011
obj=0.548
time=0.011
obj=0.522
time=0.012
obj=0.498
time=0.013
obj=0.492
time=0.013
obj=0.485
time=0.014
obj=0.478
time=0.015
obj=0.476
time=0.015
obj=0.476
time=0.016
obj=0.475
time=0.017
obj=0.454
time=0.017
obj=0.453
time=0.017
obj=0.451
time=0.018
obj=0.445
time=0.019
obj=0.445
time=0.019
obj=0.429
time=0.020
obj=0.428
time=0.021
obj=0.422
time=0.021
obj=0.415
time=0.022
obj=0.409
time=0.022
obj=0.408
time=0.023
obj=0.402
time=0.023
obj=0.401
time=0.024
obj=0.393
time=0.025
obj=0.393
time=0.026
obj=0.392
time=0.027
obj=0.389
time=0.028
obj=0.386
time=0.028
obj=0.386
time=0.029
obj=0.381
time=0.032
obj=0.377
time=0.039
obj=0.375
time=0.040
obj=0.371
time=0.041
obj=0.368
time=0.048
obj=0.367
time=0.061
obj=0.364
time=0.065
obj=0.363
time=0.068
obj=0.358
time=0.134
obj=0.356
c real margin = 0.644
