buffers=16
windows=8
args generated-small/136.txt 12345 1
original_lb=0.239
time=0.005
obj=0.678
time=0.006
obj=0.551
time=0.006
obj=0.542
time=0.006
obj=0.532
time=0.006
obj=0.528
time=0.007
obj=0.512
time=0.007
obj=0.469
time=0.007
obj=0.456
time=0.008
obj=0.452
time=0.008
obj=0.406
time=0.009
obj=0.359
time=0.009
obj=0.350
time=0.010
obj=0.348
time=0.010
obj=0.346
time=0.011
obj=0.343
time=0.011
obj=0.339
time=0.012
obj=0.338
time=0.013
obj=0.335
time=0.013
obj=0.333
time=0.014
obj=0.330
time=0.015
obj=0.325
time=0.016
obj=0.323
time=0.017
obj=0.320
time=0.017
obj=0.308
time=0.018
obj=0.306
time=0.019
obj=0.303
time=0.019
obj=0.301
time=0.020
obj=0.299
time=0.020
obj=0.299
time=0.021
obj=0.298
time=0.022
obj=0.294
time=0.024
obj=0.287
time=0.025
obj=0.283
time=0.025
obj=0.281
time=0.026
obj=0.280
time=0.028
obj=0.279
c real margin = 0.721
