buffers=4
windows=16
args generated-small/138.txt 12345 1
original_lb=0.182
time=0.002
obj=0.921
time=0.002
obj=0.820
time=0.002
obj=0.817
time=0.002
obj=0.806
time=0.002
obj=0.795
time=0.002
obj=0.785
time=0.002
obj=0.778
time=0.002
obj=0.703
time=0.002
obj=0.694
time=0.002
obj=0.689
time=0.002
obj=0.685
time=0.002
obj=0.668
time=0.002
obj=0.665
time=0.002
obj=0.652
time=0.003
obj=0.628
time=0.003
obj=0.621
time=0.003
obj=0.619
time=0.003
obj=0.618
time=0.003
obj=0.615
time=0.003
obj=0.605
time=0.003
obj=0.603
time=0.003
obj=0.601
time=0.003
obj=0.572
time=0.003
obj=0.567
time=0.004
obj=0.565
time=0.009
obj=0.540
time=0.009
obj=0.538
c real margin = 0.462
