buffers=16
windows=4
args generated-small/143.txt 12345 1
original_lb=0.250
time=0.007
obj=0.542
time=0.007
obj=0.525
time=0.008
obj=0.496
time=0.008
obj=0.483
time=0.009
obj=0.482
time=0.009
obj=0.472
time=0.010
obj=0.459
time=0.011
obj=0.458
time=0.012
obj=0.416
time=0.016
obj=0.415
time=0.016
obj=0.407
time=0.018
obj=0.380
time=0.019
obj=0.375
time=0.040
obj=0.375
time=0.040
obj=0.372
time=0.047
obj=0.372
time=0.049
obj=0.370
time=0.050
obj=0.361
time=39.704
obj=0.361
time=39.704
obj=0.356
c real margin = 0.644
