buffers=16
windows=16
args generated-small/149.txt 12345 1
original_lb=0.266
time=0.011
obj=0.954
time=0.012
obj=0.818
time=0.013
obj=0.797
time=0.013
obj=0.778
time=0.014
obj=0.777
time=0.014
obj=0.773
time=0.015
obj=0.764
time=0.015
obj=0.743
time=0.016
obj=0.741
time=0.016
obj=0.736
time=0.017
obj=0.729
time=0.017
obj=0.727
time=0.018
obj=0.723
time=0.018
obj=0.703
time=0.019
obj=0.696
time=0.020
obj=0.696
time=0.020
obj=0.659
time=0.021
obj=0.654
time=0.021
obj=0.640
time=0.024
obj=0.634
time=0.024
obj=0.608
time=0.028
obj=0.607
time=0.029
obj=0.606
time=0.031
obj=0.606
time=0.044
obj=0.601
time=0.063
obj=0.601
time=0.063
obj=0.600
time=0.067
obj=0.592
time=0.067
obj=0.590
time=0.100
obj=0.574
time=0.100
obj=0.570
time=9.494
obj=0.568
time=9.495
obj=0.568
c real margin = 0.432
