buffers=16
windows=8
args generated-small/15.txt 12345 1
original_lb=0.233
time=0.009
obj=0.523
time=0.010
obj=0.482
time=0.010
obj=0.478
time=0.011
obj=0.469
time=0.012
obj=0.465
time=0.012
obj=0.462
time=0.013
obj=0.449
time=0.014
obj=0.439
time=0.014
obj=0.438
time=0.015
obj=0.438
time=0.015
obj=0.427
time=0.016
obj=0.411
time=0.016
obj=0.403
time=0.017
obj=0.397
time=0.017
obj=0.392
time=0.018
obj=0.392
time=0.019
obj=0.373
time=0.020
obj=0.373
time=0.020
obj=0.372
time=0.021
obj=0.368
time=0.022
obj=0.366
time=0.022
obj=0.364
time=0.023
obj=0.362
time=0.024
obj=0.359
time=0.026
obj=0.358
time=0.026
obj=0.357
time=0.028
obj=0.356
time=0.029
obj=0.347
time=0.031
obj=0.347
time=0.032
obj=0.345
c real margin = 0.655
