buffers=16
windows=8
args generated-small/151.txt 12345 1
original_lb=0.196
time=0.009
obj=0.399
time=0.011
obj=0.399
time=0.011
obj=0.374
time=0.012
obj=0.359
time=0.013
obj=0.358
time=0.013
obj=0.353
time=0.015
obj=0.353
time=0.019
obj=0.349
time=0.020
obj=0.335
time=0.032
obj=0.331
time=0.044
obj=0.326
time=0.051
obj=0.320
time=0.058
obj=0.316
time=0.059
obj=0.312
time=0.062
obj=0.308
time=0.064
obj=0.300
time=0.073
obj=0.297
time=0.229
obj=0.295
time=0.229
obj=0.291
time=0.230
obj=0.291
c real margin = 0.709
