buffers=16
windows=16
args generated-small/153.txt 12345 1
original_lb=0.195
time=0.008
obj=0.768
time=0.009
obj=0.663
time=0.009
obj=0.627
time=0.010
obj=0.624
time=0.010
obj=0.611
time=0.011
obj=0.605
time=0.012
obj=0.603
time=0.012
obj=0.573
time=0.013
obj=0.566
time=0.014
obj=0.540
time=0.015
obj=0.531
time=0.016
obj=0.531
time=0.017
obj=0.530
time=0.020
obj=0.528
time=0.020
obj=0.522
time=0.022
obj=0.520
time=0.022
obj=0.520
time=0.024
obj=0.519
time=0.026
obj=0.517
time=0.026
obj=0.512
time=0.032
obj=0.511
time=0.032
obj=0.508
time=0.034
obj=0.505
time=0.035
obj=0.487
time=0.040
obj=0.482
time=0.065
obj=0.482
time=0.107
obj=0.482
time=0.909
obj=0.481
time=0.912
obj=0.480
time=1.175
obj=0.479
time=1.175
obj=0.477
time=2.197
obj=0.477
time=10.433
obj=0.476
time=13.077
obj=0.470
time=13.077
obj=0.467
c real margin = 0.533
