buffers=16
windows=16
args generated-small/155.txt 12345 1
original_lb=0.197
time=0.009
obj=0.741
time=0.010
obj=0.669
time=0.010
obj=0.666
time=0.010
obj=0.662
time=0.011
obj=0.649
time=0.011
obj=0.645
time=0.011
obj=0.644
time=0.012
obj=0.630
time=0.012
obj=0.609
time=0.013
obj=0.589
time=0.013
obj=0.585
time=0.013
obj=0.581
time=0.014
obj=0.573
time=0.014
obj=0.560
time=0.015
obj=0.549
time=0.015
obj=0.532
time=0.016
obj=0.503
time=0.016
obj=0.502
time=0.016
obj=0.497
time=0.017
obj=0.489
time=0.017
obj=0.471
time=0.018
obj=0.441
time=0.018
obj=0.440
time=0.019
obj=0.438
time=0.019
obj=0.437
time=0.020
obj=0.433
time=0.020
obj=0.432
time=0.020
obj=0.432
time=0.021
obj=0.420
time=0.022
obj=0.420
time=0.022
obj=0.418
time=0.023
obj=0.416
time=0.024
obj=0.413
time=0.025
obj=0.408
time=0.025
obj=0.405
time=0.026
obj=0.404
time=0.026
obj=0.403
time=0.027
obj=0.400
time=0.028
obj=0.399
time=0.028
obj=0.393
time=0.029
obj=0.391
time=0.030
obj=0.390
time=0.030
obj=0.389
time=0.031
obj=0.387
time=0.031
obj=0.387
time=0.032
obj=0.384
time=0.033
obj=0.382
time=0.034
obj=0.381
time=0.035
obj=0.377
time=0.036
obj=0.371
time=0.037
obj=0.371
time=0.040
obj=0.370
time=0.041
obj=0.369
time=0.041
obj=0.368
time=0.043
obj=0.368
time=0.043
obj=0.368
time=0.044
obj=0.362
time=0.046
obj=0.360
time=0.048
obj=0.357
time=0.049
obj=0.354
time=0.050
obj=0.352
time=0.051
obj=0.345
time=0.052
obj=0.343
time=0.052
obj=0.342
time=0.059
obj=0.339
time=0.060
obj=0.339
time=0.061
obj=0.333
time=0.061
obj=0.329
time=0.062
obj=0.327
time=0.064
obj=0.326
time=0.064
obj=0.323
c real margin = 0.677
