buffers=8
windows=16
args generated-small/160.txt 12345 1
original_lb=0.200
time=0.003
obj=0.762
time=0.004
obj=0.759
time=0.004
obj=0.695
time=0.004
obj=0.682
time=0.004
obj=0.675
time=0.004
obj=0.672
time=0.005
obj=0.667
time=0.005
obj=0.646
time=0.005
obj=0.629
time=0.005
obj=0.629
time=0.005
obj=0.613
time=0.006
obj=0.612
time=0.006
obj=0.589
time=0.006
obj=0.571
time=0.006
obj=0.562
time=0.007
obj=0.557
time=0.007
obj=0.555
time=0.007
obj=0.553
time=0.009
obj=0.536
time=0.014
obj=0.535
time=0.016
obj=0.521
time=0.237
obj=0.519
c real margin = 0.481
