buffers=16
windows=8
args generated-small/165.txt 12345 1
original_lb=0.229
time=0.007
obj=0.684
time=0.008
obj=0.513
time=0.008
obj=0.497
time=0.009
obj=0.479
time=0.009
obj=0.465
time=0.009
obj=0.451
time=0.010
obj=0.418
time=0.010
obj=0.413
time=0.011
obj=0.404
time=0.012
obj=0.404
time=0.012
obj=0.404
time=0.013
obj=0.378
time=0.013
obj=0.375
time=0.014
obj=0.354
time=0.015
obj=0.344
time=0.015
obj=0.343
time=0.016
obj=0.340
time=0.017
obj=0.334
time=0.018
obj=0.329
time=0.019
obj=0.328
time=0.020
obj=0.328
time=0.020
obj=0.327
time=0.021
obj=0.326
time=0.023
obj=0.325
time=0.023
obj=0.320
time=0.034
obj=0.320
time=0.035
obj=0.317
c real margin = 0.683
