buffers=16
windows=12
args generated-small/168.txt 12345 1
original_lb=0.296
time=0.004
obj=0.918
time=0.005
obj=0.775
time=0.006
obj=0.734
time=0.006
obj=0.639
time=0.006
obj=0.637
time=0.007
obj=0.619
time=0.007
obj=0.611
time=0.008
obj=0.603
time=0.008
obj=0.597
time=0.009
obj=0.584
time=0.009
obj=0.541
time=0.010
obj=0.540
time=0.010
obj=0.539
time=0.011
obj=0.535
time=0.012
obj=0.532
time=0.012
obj=0.527
time=0.013
obj=0.526
time=0.013
obj=0.525
time=0.014
obj=0.524
time=0.014
obj=0.521
time=0.016
obj=0.509
time=0.018
obj=0.505
time=0.018
obj=0.492
time=0.019
obj=0.483
time=0.020
obj=0.483
time=0.022
obj=0.482
time=0.025
obj=0.461
time=0.026
obj=0.448
time=0.029
obj=0.446
time=0.029
obj=0.443
time=0.030
obj=0.437
time=0.032
obj=0.433
time=0.033
obj=0.432
time=0.034
obj=0.420
time=0.038
obj=0.420
time=0.041
obj=0.419
time=0.042
obj=0.418
time=0.180
obj=0.417
time=0.940
obj=0.417
c real margin = 0.583
