buffers=8
windows=16
args generated-small/169.txt 12345 1
original_lb=0.213
time=0.004
obj=0.828
time=0.004
obj=0.748
time=0.005
obj=0.742
time=0.005
obj=0.717
time=0.005
obj=0.699
time=0.005
obj=0.681
time=0.006
obj=0.675
time=0.006
obj=0.670
time=0.006
obj=0.664
time=0.007
obj=0.647
time=0.007
obj=0.646
time=0.007
obj=0.645
time=0.008
obj=0.640
time=0.008
obj=0.639
time=0.009
obj=0.639
time=0.010
obj=0.637
time=0.011
obj=0.628
time=0.011
obj=0.617
time=0.011
obj=0.616
time=0.011
obj=0.613
c real margin = 0.387
