buffers=16
windows=16
args generated-small/17.txt 12345 1
original_lb=0.232
time=0.008
obj=0.818
time=0.009
obj=0.701
time=0.010
obj=0.681
time=0.010
obj=0.657
time=0.011
obj=0.631
time=0.011
obj=0.620
time=0.012
obj=0.600
time=0.012
obj=0.599
time=0.013
obj=0.571
time=0.013
obj=0.559
time=0.014
obj=0.559
time=0.014
obj=0.558
time=0.015
obj=0.498
time=0.015
obj=0.493
time=0.016
obj=0.492
time=0.017
obj=0.474
time=0.018
obj=0.469
time=0.019
obj=0.465
time=0.020
obj=0.463
time=0.021
obj=0.460
time=0.021
obj=0.457
time=0.022
obj=0.451
time=0.032
obj=0.449
time=0.032
obj=0.447
time=0.033
obj=0.442
time=0.034
obj=0.439
time=0.036
obj=0.439
time=0.040
obj=0.433
time=0.042
obj=0.431
time=0.063
obj=0.428
time=0.064
obj=0.422
time=0.151
obj=0.418
time=0.152
obj=0.418
time=0.166
obj=0.414
c real margin = 0.586
