buffers=16
windows=16
args generated-small/174.txt 12345 1
original_lb=0.210
time=0.011
obj=0.813
time=0.012
obj=0.780
time=0.013
obj=0.767
time=0.014
obj=0.765
time=0.014
obj=0.757
time=0.014
obj=0.745
time=0.015
obj=0.744
time=0.015
obj=0.715
time=0.016
obj=0.713
time=0.016
obj=0.691
time=0.017
obj=0.688
time=0.018
obj=0.678
time=0.019
obj=0.677
time=0.020
obj=0.667
time=0.021
obj=0.667
time=0.022
obj=0.664
time=0.023
obj=0.622
time=0.023
obj=0.617
time=0.024
obj=0.604
time=0.025
obj=0.598
time=0.025
obj=0.594
time=0.026
obj=0.592
time=0.027
obj=0.590
time=0.028
obj=0.580
time=0.029
obj=0.579
time=0.030
obj=0.576
time=0.031
obj=0.572
time=0.032
obj=0.570
time=0.033
obj=0.566
time=0.034
obj=0.561
time=0.035
obj=0.553
time=0.035
obj=0.549
time=0.036
obj=0.549
time=0.036
obj=0.542
time=0.037
obj=0.541
time=0.038
obj=0.539
c real margin = 0.461
