buffers=16
windows=12
args generated-small/18.txt 12345 1
original_lb=0.234
time=0.008
obj=0.596
time=0.009
obj=0.559
time=0.009
obj=0.545
time=0.009
obj=0.543
time=0.010
obj=0.540
time=0.010
obj=0.533
time=0.011
obj=0.531
time=0.011
obj=0.522
time=0.012
obj=0.507
time=0.012
obj=0.507
time=0.013
obj=0.499
time=0.013
obj=0.483
time=0.013
obj=0.478
time=0.014
obj=0.477
time=0.015
obj=0.475
time=0.015
obj=0.473
time=0.015
obj=0.472
time=0.016
obj=0.458
time=0.016
obj=0.450
time=0.017
obj=0.442
time=0.018
obj=0.437
time=0.018
obj=0.432
time=0.019
obj=0.430
time=0.020
obj=0.430
time=0.020
obj=0.427
time=0.021
obj=0.424
time=0.021
obj=0.418
time=0.022
obj=0.408
time=0.023
obj=0.404
time=0.023
obj=0.401
time=0.024
obj=0.394
time=0.025
obj=0.393
time=0.026
obj=0.390
time=0.027
obj=0.388
time=0.027
obj=0.387
time=0.029
obj=0.386
time=0.030
obj=0.382
time=0.030
obj=0.379
time=0.031
obj=0.376
time=0.032
obj=0.375
time=0.033
obj=0.372
time=0.134
obj=0.370
time=0.152
obj=0.369
time=0.153
obj=0.367
time=0.445
obj=0.367
time=4.766
obj=0.365
time=4.766
obj=0.364
time=5.171
obj=0.363
c real margin = 0.637
