buffers=8
windows=16
args generated-small/185.txt 12345 1
original_lb=0.262
time=0.000
obj=0.876
time=0.000
obj=0.785
time=0.000
obj=0.748
time=0.000
obj=0.662
time=0.000
obj=0.625
time=0.000
obj=0.624
time=0.001
obj=0.583
time=0.001
obj=0.573
time=0.001
obj=0.536
time=0.001
obj=0.530
time=0.001
obj=0.526
time=0.001
obj=0.515
time=0.002
obj=0.515
time=0.002
obj=0.514
time=0.002
obj=0.500
time=0.002
obj=0.489
time=0.003
obj=0.481
time=0.003
obj=0.467
time=0.003
obj=0.467
time=0.004
obj=0.466
time=0.004
obj=0.463
time=0.004
obj=0.451
time=0.004
obj=0.444
c real margin = 0.556
