buffers=8
windows=8
args generated-small/188.txt 12345 1
original_lb=0.331
time=0.002
obj=0.727
time=0.002
obj=0.657
time=0.002
obj=0.610
time=0.002
obj=0.605
time=0.002
obj=0.580
time=0.002
obj=0.577
time=0.003
obj=0.577
time=0.003
obj=0.573
time=0.003
obj=0.566
time=0.003
obj=0.559
time=0.003
obj=0.540
time=0.003
obj=0.539
time=0.003
obj=0.526
time=0.003
obj=0.523
time=0.003
obj=0.522
time=0.004
obj=0.522
time=0.004
obj=0.519
time=0.004
obj=0.518
time=0.004
obj=0.515
time=0.005
obj=0.513
time=0.009
obj=0.510
time=0.009
obj=0.500
c real margin = 0.500
