buffers=4
windows=16
args generated-small/191.txt 12345 1
original_lb=0.221
time=0.002
obj=0.609
time=0.002
obj=0.582
time=0.002
obj=0.569
time=0.002
obj=0.561
time=0.002
obj=0.555
time=0.002
obj=0.538
time=0.002
obj=0.538
time=0.002
obj=0.537
time=0.002
obj=0.506
time=0.003
obj=0.504
time=0.003
obj=0.490
time=0.003
obj=0.483
time=0.003
obj=0.475
time=0.003
obj=0.474
time=0.003
obj=0.471
time=0.003
obj=0.470
time=0.004
obj=0.459
time=0.004
obj=0.458
time=0.004
obj=0.454
time=0.004
obj=0.440
time=0.005
obj=0.429
time=0.013
obj=0.423
c real margin = 0.577
