buffers=16
windows=16
args generated-small/200.txt 12345 1
original_lb=0.227
time=0.010
obj=0.887
time=0.011
obj=0.828
time=0.012
obj=0.802
time=0.012
obj=0.795
time=0.012
obj=0.790
time=0.013
obj=0.768
time=0.013
obj=0.711
time=0.014
obj=0.698
time=0.014
obj=0.674
time=0.015
obj=0.645
time=0.015
obj=0.640
time=0.016
obj=0.636
time=0.016
obj=0.619
time=0.017
obj=0.569
time=0.017
obj=0.558
time=0.017
obj=0.557
time=0.018
obj=0.536
time=0.019
obj=0.528
time=0.020
obj=0.515
time=0.021
obj=0.513
time=0.021
obj=0.511
time=0.022
obj=0.504
time=0.023
obj=0.490
time=0.023
obj=0.487
time=0.024
obj=0.484
time=0.025
obj=0.480
time=0.026
obj=0.477
time=0.026
obj=0.476
time=0.027
obj=0.474
time=0.028
obj=0.471
time=0.029
obj=0.469
time=0.029
obj=0.468
time=0.030
obj=0.466
time=0.030
obj=0.458
time=0.031
obj=0.457
time=0.032
obj=0.457
time=0.033
obj=0.455
time=0.034
obj=0.451
time=0.034
obj=0.450
time=0.035
obj=0.446
time=0.036
obj=0.440
time=0.036
obj=0.440
time=0.037
obj=0.439
time=0.038
obj=0.437
time=0.038
obj=0.436
time=0.039
obj=0.432
time=0.040
obj=0.432
time=0.041
obj=0.431
time=0.042
obj=0.431
time=0.043
obj=0.430
time=0.043
obj=0.430
time=0.046
obj=0.424
time=0.046
obj=0.423
time=0.047
obj=0.411
time=0.049
obj=0.410
time=0.049
obj=0.407
time=0.050
obj=0.406
time=0.050
obj=0.406
time=0.051
obj=0.405
time=0.052
obj=0.404
time=0.055
obj=0.403
time=0.058
obj=0.399
time=0.059
obj=0.397
time=0.060
obj=0.397
time=0.061
obj=0.396
time=0.063
obj=0.396
time=0.064
obj=0.393
time=0.065
obj=0.391
time=0.085
obj=0.390
time=0.086
obj=0.389
time=0.086
obj=0.387
time=0.138
obj=0.386
time=0.139
obj=0.385
time=0.405
obj=0.385
time=0.405
obj=0.384
time=0.670
obj=0.384
time=0.670
obj=0.381
time=0.671
obj=0.380
time=0.697
obj=0.380
time=1.002
obj=0.380
time=1.011
obj=0.379
time=1.011
obj=0.377
time=1.325
obj=0.377
time=1.636
obj=0.374
time=1.637
obj=0.373
time=1.716
obj=0.370
time=1.717
obj=0.370
time=1.876
obj=0.369
time=9.361
obj=0.369
time=9.361
obj=0.369
time=24.251
obj=0.368
time=30.821
obj=0.368
c real margin = 0.632
