buffers=16
windows=16
args generated-small/201.txt 12345 1
original_lb=0.199
time=0.010
obj=0.797
time=0.011
obj=0.707
time=0.012
obj=0.623
time=0.012
obj=0.612
time=0.013
obj=0.603
time=0.013
obj=0.558
time=0.013
obj=0.551
time=0.014
obj=0.517
time=0.014
obj=0.504
time=0.015
obj=0.473
time=0.015
obj=0.473
time=0.016
obj=0.462
time=0.017
obj=0.458
time=0.017
obj=0.458
time=0.018
obj=0.456
time=0.018
obj=0.456
time=0.019
obj=0.454
time=0.020
obj=0.450
time=0.020
obj=0.443
time=0.021
obj=0.440
time=0.022
obj=0.440
time=0.022
obj=0.439
time=0.023
obj=0.436
time=0.023
obj=0.434
time=0.024
obj=0.430
time=0.025
obj=0.429
time=0.026
obj=0.427
time=0.027
obj=0.419
time=0.027
obj=0.415
time=0.028
obj=0.415
time=0.029
obj=0.414
time=0.030
obj=0.414
time=0.030
obj=0.410
time=0.031
obj=0.404
time=0.032
obj=0.402
time=0.033
obj=0.401
time=0.034
obj=0.396
time=0.035
obj=0.394
time=0.036
obj=0.384
time=0.036
obj=0.382
time=0.037
obj=0.379
time=0.038
obj=0.371
time=0.040
obj=0.365
time=0.041
obj=0.363
time=0.041
obj=0.360
time=0.043
obj=0.356
time=0.043
obj=0.356
time=0.044
obj=0.356
time=0.045
obj=0.354
time=0.046
obj=0.352
time=0.046
obj=0.351
time=0.047
obj=0.351
time=0.064
obj=0.351
time=0.066
obj=0.350
time=0.067
obj=0.348
time=0.076
obj=0.344
time=0.077
obj=0.344
time=0.079
obj=0.343
time=0.083
obj=0.343
time=0.084
obj=0.342
time=0.084
obj=0.341
time=0.087
obj=0.340
time=0.087
obj=0.338
time=0.089
obj=0.338
c real margin = 0.662
