buffers=8
windows=12
args generated-small/213.txt 12345 1
original_lb=0.213
time=0.004
obj=0.792
time=0.005
obj=0.779
time=0.005
obj=0.776
time=0.005
obj=0.763
time=0.006
obj=0.753
time=0.006
obj=0.745
time=0.006
obj=0.743
time=0.006
obj=0.741
time=0.007
obj=0.707
time=0.007
obj=0.703
time=0.007
obj=0.696
time=0.007
obj=0.693
time=0.007
obj=0.686
time=0.008
obj=0.686
time=0.008
obj=0.671
time=0.008
obj=0.668
time=0.008
obj=0.662
time=0.010
obj=0.660
time=0.010
obj=0.649
time=0.010
obj=0.639
time=0.011
obj=0.635
time=0.011
obj=0.635
time=0.011
obj=0.633
time=0.011
obj=0.630
time=0.011
obj=0.630
time=0.012
obj=0.625
time=0.650
obj=0.624
time=0.651
obj=0.624
time=0.651
obj=0.619
time=0.651
obj=0.612
time=0.652
obj=0.609
c real margin = 0.391
