buffers=16
windows=8
args generated-small/215.txt 12345 1
original_lb=0.230
time=0.005
obj=0.515
time=0.005
obj=0.515
time=0.005
obj=0.514
time=0.006
obj=0.510
time=0.006
obj=0.507
time=0.007
obj=0.500
time=0.007
obj=0.487
time=0.008
obj=0.455
time=0.008
obj=0.445
time=0.009
obj=0.429
time=0.009
obj=0.423
time=0.010
obj=0.422
time=0.019
obj=0.421
time=0.023
obj=0.419
time=0.025
obj=0.419
time=0.025
obj=0.415
time=0.026
obj=0.409
time=0.027
obj=0.405
time=0.036
obj=0.403
time=0.073
obj=0.402
time=0.073
obj=0.402
time=0.084
obj=0.402
time=0.084
obj=0.402
time=0.100
obj=0.401
time=0.100
obj=0.394
time=0.104
obj=0.392
time=0.115
obj=0.391
time=0.115
obj=0.389
time=0.116
obj=0.388
time=0.119
obj=0.386
time=0.119
obj=0.386
c real margin = 0.614
