buffers=8
windows=12
args generated-small/219.txt 12345 1
original_lb=0.175
time=0.000
obj=0.834
time=0.000
obj=0.814
time=0.000
obj=0.738
time=0.000
obj=0.737
time=0.000
obj=0.723
time=0.000
obj=0.713
time=0.000
obj=0.712
time=0.000
obj=0.711
time=0.000
obj=0.660
time=0.000
obj=0.659
time=0.000
obj=0.658
time=0.000
obj=0.657
time=0.000
obj=0.649
time=0.000
obj=0.643
time=0.000
obj=0.641
time=0.000
obj=0.637
time=0.000
obj=0.628
time=0.000
obj=0.622
time=0.000
obj=0.621
time=0.000
obj=0.620
time=0.000
obj=0.618
time=0.000
obj=0.618
time=0.000
obj=0.584
time=0.001
obj=0.576
time=0.001
obj=0.558
c real margin = 0.442
