buffers=16
windows=16
args generated-small/220.txt 12345 1
original_lb=0.249
time=0.006
obj=0.967
time=0.006
obj=0.952
time=0.006
obj=0.837
time=0.007
obj=0.827
time=0.007
obj=0.810
time=0.007
obj=0.772
time=0.007
obj=0.757
time=0.008
obj=0.681
time=0.008
obj=0.675
time=0.009
obj=0.669
time=0.009
obj=0.652
time=0.009
obj=0.648
time=0.010
obj=0.629
time=0.010
obj=0.628
time=0.010
obj=0.607
time=0.010
obj=0.595
time=0.011
obj=0.582
time=0.011
obj=0.576
time=0.011
obj=0.575
time=0.012
obj=0.574
time=0.012
obj=0.564
time=0.013
obj=0.562
time=0.013
obj=0.549
time=0.014
obj=0.543
time=0.014
obj=0.540
time=0.019
obj=0.539
time=0.019
obj=0.537
time=0.021
obj=0.536
time=0.021
obj=0.535
time=0.021
obj=0.533
time=0.024
obj=0.532
time=0.025
obj=0.531
time=0.025
obj=0.530
time=0.027
obj=0.527
time=0.027
obj=0.520
time=0.028
obj=0.515
time=0.035
obj=0.514
time=0.036
obj=0.513
time=0.050
obj=0.513
time=0.051
obj=0.511
time=0.064
obj=0.509
time=0.065
obj=0.509
time=0.108
obj=0.500
time=0.108
obj=0.497
time=2.278
obj=0.497
c real margin = 0.503
