buffers=16
windows=12
args generated-small/223.txt 12345 1
original_lb=0.232
time=0.004
obj=0.954
time=0.005
obj=0.922
time=0.005
obj=0.909
time=0.006
obj=0.880
time=0.006
obj=0.874
time=0.007
obj=0.860
time=0.007
obj=0.859
time=0.008
obj=0.850
time=0.009
obj=0.845
time=0.009
obj=0.832
time=0.010
obj=0.820
time=0.011
obj=0.818
time=0.011
obj=0.817
time=0.012
obj=0.803
time=0.012
obj=0.795
time=0.013
obj=0.786
time=0.013
obj=0.778
time=0.014
obj=0.768
time=0.014
obj=0.764
time=0.015
obj=0.756
time=0.017
obj=0.749
time=0.017
obj=0.744
time=0.017
obj=0.743
time=0.018
obj=0.740
time=0.019
obj=0.738
time=0.020
obj=0.737
time=0.021
obj=0.735
time=0.021
obj=0.728
time=0.023
obj=0.728
time=0.023
obj=0.725
time=0.024
obj=0.720
time=0.026
obj=0.717
time=0.027
obj=0.716
time=0.029
obj=0.715
time=0.030
obj=0.705
time=0.031
obj=0.705
time=0.033
obj=0.691
time=0.035
obj=0.683
time=0.037
obj=0.681
time=0.038
obj=0.674
time=0.038
obj=0.669
time=0.042
obj=0.663
time=0.046
obj=0.662
time=0.049
obj=0.658
time=0.053
obj=0.657
time=0.054
obj=0.650
time=0.055
obj=0.650
time=0.062
obj=0.649
time=0.062
obj=0.647
time=0.069
obj=0.643
time=0.131
obj=0.643
time=0.235
obj=0.641
time=0.253
obj=0.640
time=0.519
obj=0.638
time=0.519
obj=0.638
time=0.598
obj=0.635
time=0.599
obj=0.633
time=0.830
obj=0.632
time=0.830
obj=0.631
time=1.297
obj=0.630
time=1.414
obj=0.629
time=1.414
obj=0.626
time=17.920
obj=0.625
time=17.921
obj=0.622
time=17.923
obj=0.620
time=18.319
obj=0.619
c real margin = 0.381
