buffers=16
windows=12
args generated-small/224.txt 12345 1
original_lb=0.309
time=0.009
obj=0.659
time=0.010
obj=0.583
time=0.010
obj=0.552
time=0.011
obj=0.516
time=0.011
obj=0.500
time=0.012
obj=0.485
time=0.012
obj=0.483
time=0.013
obj=0.480
time=0.013
obj=0.470
time=0.014
obj=0.470
time=0.015
obj=0.459
time=0.016
obj=0.457
time=0.016
obj=0.455
time=0.017
obj=0.450
time=0.017
obj=0.445
time=0.018
obj=0.440
time=0.019
obj=0.440
time=0.019
obj=0.430
time=0.020
obj=0.427
time=0.020
obj=0.426
time=0.021
obj=0.424
time=0.022
obj=0.421
time=0.023
obj=0.414
time=0.023
obj=0.405
time=0.024
obj=0.404
time=0.025
obj=0.403
time=0.025
obj=0.396
time=0.026
obj=0.395
time=0.027
obj=0.393
time=0.028
obj=0.391
time=0.030
obj=0.391
time=0.030
obj=0.389
time=0.031
obj=0.388
time=0.032
obj=0.387
time=0.033
obj=0.386
time=0.033
obj=0.382
time=0.039
obj=0.379
time=0.040
obj=0.374
c real margin = 0.626
