buffers=8
windows=12
args generated-small/228.txt 12345 1
original_lb=0.219
time=0.003
obj=0.507
time=0.003
obj=0.327
time=0.003
obj=0.326
time=0.003
obj=0.313
time=0.003
obj=0.312
time=0.003
obj=0.308
time=0.004
obj=0.303
time=0.004
obj=0.302
time=0.004
obj=0.295
time=0.004
obj=0.288
time=0.004
obj=0.283
time=0.004
obj=0.271
time=0.005
obj=0.267
time=0.005
obj=0.266
time=0.005
obj=0.266
time=0.005
obj=0.264
time=0.005
obj=0.261
time=0.005
obj=0.252
time=0.006
obj=0.251
time=0.006
obj=0.251
c real margin = 0.749
