buffers=8
windows=16
args generated-small/23.txt 12345 1
original_lb=0.200
time=0.003
obj=0.898
time=0.003
obj=0.892
time=0.003
obj=0.888
time=0.004
obj=0.885
time=0.004
obj=0.869
time=0.004
obj=0.864
time=0.004
obj=0.847
time=0.005
obj=0.845
time=0.005
obj=0.836
time=0.010
obj=0.834
time=0.013
obj=0.833
time=0.013
obj=0.829
time=0.021
obj=0.829
time=0.021
obj=0.826
time=0.027
obj=0.816
time=0.027
obj=0.814
time=0.028
obj=0.810
time=0.075
obj=0.805
time=0.100
obj=0.800
time=0.129
obj=0.800
time=0.153
obj=0.791
time=1.267
obj=0.787
time=1.268
obj=0.786
time=1.337
obj=0.783
time=1.338
obj=0.777
time=1.401
obj=0.773
time=1.401
obj=0.770
time=1.957
obj=0.769
time=1.957
obj=0.765
c real margin = 0.235
