buffers=16
windows=12
args generated-small/25.txt 12345 1
original_lb=0.253
time=0.005
obj=0.748
time=0.006
obj=0.666
time=0.006
obj=0.656
time=0.006
obj=0.647
time=0.006
obj=0.623
time=0.007
obj=0.594
time=0.007
obj=0.592
time=0.007
obj=0.535
time=0.007
obj=0.529
time=0.008
obj=0.528
time=0.008
obj=0.517
time=0.008
obj=0.507
time=0.009
obj=0.506
time=0.009
obj=0.497
time=0.009
obj=0.487
time=0.010
obj=0.482
time=0.012
obj=0.474
time=0.013
obj=0.469
time=0.014
obj=0.467
time=0.015
obj=0.465
time=0.016
obj=0.463
time=0.019
obj=0.461
time=0.019
obj=0.460
time=0.020
obj=0.458
time=0.023
obj=0.457
time=0.023
obj=0.454
time=0.026
obj=0.453
time=0.026
obj=0.445
time=0.038
obj=0.443
time=0.042
obj=0.441
time=0.042
obj=0.440
time=0.043
obj=0.429
time=0.076
obj=0.422
time=0.185
obj=0.422
time=1.066
obj=0.421
time=1.112
obj=0.421
time=1.112
obj=0.415
time=1.112
obj=0.414
time=6.690
obj=0.414
time=17.023
obj=0.413
c real margin = 0.587
