buffers=8
windows=4
args generated-small/29.txt 12345 1
original_lb=0.198
time=0.002
obj=0.551
time=0.002
obj=0.546
time=0.002
obj=0.541
time=0.002
obj=0.533
time=0.002
obj=0.507
time=0.002
obj=0.498
time=0.002
obj=0.476
time=0.003
obj=0.476
time=0.004
obj=0.469
time=0.004
obj=0.464
time=0.004
obj=0.459
time=0.005
obj=0.456
time=0.007
obj=0.453
time=0.009
obj=0.451
time=0.009
obj=0.442
time=0.009
obj=0.438
time=0.011
obj=0.437
time=0.011
obj=0.423
time=0.013
obj=0.417
time=0.013
obj=0.413
c real margin = 0.587
