buffers=16
windows=4
args generated-small/3.txt 12345 1
original_lb=0.291
time=0.003
obj=0.517
time=0.004
obj=0.513
time=0.004
obj=0.508
time=0.004
obj=0.501
time=0.005
obj=0.496
time=0.006
obj=0.491
time=0.006
obj=0.466
time=0.007
obj=0.455
time=0.007
obj=0.450
time=0.008
obj=0.433
time=0.008
obj=0.432
time=0.009
obj=0.423
time=0.010
obj=0.412
time=0.011
obj=0.397
time=0.012
obj=0.397
time=0.013
obj=0.378
time=0.013
obj=0.373
time=0.016
obj=0.367
time=0.018
obj=0.364
time=0.023
obj=0.361
time=0.023
obj=0.360
time=0.029
obj=0.359
time=0.030
obj=0.356
c real margin = 0.644
