buffers=16
windows=8
args generated-small/40.txt 12345 1
original_lb=0.246
time=0.012
obj=0.509
time=0.013
obj=0.462
time=0.013
obj=0.452
time=0.014
obj=0.452
time=0.014
obj=0.436
time=0.015
obj=0.398
time=0.016
obj=0.370
time=0.016
obj=0.366
time=0.017
obj=0.362
time=0.018
obj=0.358
time=0.019
obj=0.318
time=0.020
obj=0.315
time=0.020
obj=0.297
time=0.021
obj=0.292
time=0.022
obj=0.289
time=0.024
obj=0.284
time=0.025
obj=0.283
time=0.026
obj=0.283
time=0.027
obj=0.281
time=0.029
obj=0.280
time=0.031
obj=0.279
time=0.032
obj=0.279
time=0.033
obj=0.278
time=0.034
obj=0.265
c real margin = 0.735
