buffers=16
windows=8
args generated-small/64.txt 12345 1
original_lb=0.238
time=0.008
obj=0.698
time=0.008
obj=0.644
time=0.009
obj=0.631
time=0.009
obj=0.608
time=0.010
obj=0.590
time=0.010
obj=0.581
time=0.010
obj=0.555
time=0.011
obj=0.551
time=0.011
obj=0.533
time=0.012
obj=0.529
time=0.012
obj=0.514
time=0.013
obj=0.499
time=0.013
obj=0.492
time=0.014
obj=0.482
time=0.015
obj=0.474
time=0.016
obj=0.473
time=0.016
obj=0.473
time=0.017
obj=0.453
time=0.019
obj=0.441
time=0.020
obj=0.439
time=0.021
obj=0.439
time=0.022
obj=0.435
time=0.023
obj=0.431
time=0.024
obj=0.429
time=0.026
obj=0.424
time=0.027
obj=0.419
time=0.027
obj=0.419
time=0.028
obj=0.414
time=0.029
obj=0.413
time=0.049
obj=0.411
time=0.049
obj=0.410
time=0.069
obj=0.409
time=0.069
obj=0.401
time=0.070
obj=0.399
time=0.084
obj=0.398
time=0.084
obj=0.394
time=0.145
obj=0.393
time=3.083
obj=0.388
time=3.191
obj=0.387
time=9.733
obj=0.385
time=9.821
obj=0.384
time=9.823
obj=0.382
c real margin = 0.618
