buffers=8
windows=16
args generated-small/69.txt 12345 1
original_lb=0.219
time=0.004
obj=0.876
time=0.004
obj=0.874
time=0.004
obj=0.855
time=0.004
obj=0.799
time=0.004
obj=0.772
time=0.004
obj=0.749
time=0.004
obj=0.723
time=0.005
obj=0.713
time=0.005
obj=0.711
time=0.005
obj=0.706
time=0.005
obj=0.698
time=0.007
obj=0.694
time=0.007
obj=0.684
time=0.020
obj=0.674
time=0.036
obj=0.673
time=0.092
obj=0.666
time=0.092
obj=0.666
time=0.402
obj=0.666
time=0.403
obj=0.661
time=1.191
obj=0.657
c real margin = 0.343
