buffers=8
windows=16
args generated-small/7.txt 12345 1
original_lb=0.230
time=0.005
obj=0.470
time=0.005
obj=0.466
time=0.005
obj=0.460
time=0.006
obj=0.447
time=0.006
obj=0.437
time=0.006
obj=0.423
time=0.006
obj=0.412
time=0.006
obj=0.407
time=0.006
obj=0.404
time=0.007
obj=0.394
time=0.007
obj=0.394
time=0.007
obj=0.392
time=0.007
obj=0.390
time=0.008
obj=0.387
time=0.008
obj=0.378
time=0.008
obj=0.375
time=0.009
obj=0.374
time=0.010
obj=0.372
time=0.024
obj=0.361
time=0.025
obj=0.357
time=0.025
obj=0.349
c real margin = 0.651
