buffers=8
windows=16
args generated-small/85.txt 12345 1
original_lb=0.188
time=0.002
obj=0.714
time=0.003
obj=0.696
time=0.003
obj=0.601
time=0.003
obj=0.544
time=0.003
obj=0.539
time=0.003
obj=0.526
time=0.003
obj=0.525
time=0.003
obj=0.514
time=0.003
obj=0.514
time=0.004
obj=0.497
time=0.004
obj=0.496
time=0.004
obj=0.491
time=0.004
obj=0.490
time=0.004
obj=0.480
time=0.004
obj=0.472
time=0.004
obj=0.458
time=0.004
obj=0.455
time=0.004
obj=0.450
time=0.005
obj=0.437
time=0.005
obj=0.435
time=0.005
obj=0.431
time=0.005
obj=0.429
time=0.006
obj=0.425
time=0.007
obj=0.424
time=0.007
obj=0.419
time=0.007
obj=0.419
c real margin = 0.581
