buffers=16
windows=12
args generated-small/87.txt 12345 1
original_lb=0.248
time=0.007
obj=0.925
time=0.007
obj=0.914
time=0.008
obj=0.885
time=0.009
obj=0.882
time=0.009
obj=0.873
time=0.010
obj=0.866
time=0.010
obj=0.865
time=0.010
obj=0.864
time=0.011
obj=0.857
time=0.012
obj=0.856
time=0.012
obj=0.853
time=0.012
obj=0.827
time=0.013
obj=0.826
time=0.014
obj=0.826
time=0.015
obj=0.825
time=0.015
obj=0.808
time=0.016
obj=0.807
time=0.016
obj=0.780
time=0.017
obj=0.778
time=0.017
obj=0.768
time=0.018
obj=0.766
time=0.018
obj=0.758
time=0.019
obj=0.755
time=0.020
obj=0.748
time=0.021
obj=0.744
time=0.022
obj=0.737
time=0.024
obj=0.733
time=0.024
obj=0.728
time=0.025
obj=0.728
time=0.025
obj=0.725
time=0.026
obj=0.717
time=0.027
obj=0.713
time=0.028
obj=0.713
time=0.030
obj=0.712
time=0.030
obj=0.703
time=0.032
obj=0.701
time=0.034
obj=0.699
time=0.034
obj=0.695
time=0.036
obj=0.694
time=0.038
obj=0.694
time=0.040
obj=0.692
time=0.040
obj=0.691
time=0.042
obj=0.689
time=0.045
obj=0.685
time=0.045
obj=0.680
time=0.048
obj=0.676
time=0.048
obj=0.676
time=0.049
obj=0.675
time=0.050
obj=0.671
time=0.052
obj=0.670
time=0.052
obj=0.669
time=0.055
obj=0.666
time=0.057
obj=0.666
time=0.057
obj=0.666
time=0.057
obj=0.665
time=0.059
obj=0.662
time=0.059
obj=0.658
time=0.061
obj=0.658
time=0.067
obj=0.657
time=0.067
obj=0.656
time=0.069
obj=0.655
time=0.069
obj=0.654
time=0.074
obj=0.653
time=0.075
obj=0.652
time=0.078
obj=0.651
time=0.090
obj=0.650
time=0.091
obj=0.648
time=0.093
obj=0.646
time=0.094
obj=0.645
time=0.101
obj=0.644
time=0.101
obj=0.643
time=0.107
obj=0.642
time=0.107
obj=0.642
time=0.111
obj=0.642
c real margin = 0.358
