buffers=16
windows=16
args generated-small/90.txt 12345 1
original_lb=0.240
time=0.007
obj=0.546
time=0.007
obj=0.488
time=0.008
obj=0.466
time=0.008
obj=0.445
time=0.008
obj=0.432
time=0.009
obj=0.421
time=0.009
obj=0.393
time=0.009
obj=0.390
time=0.010
obj=0.377
time=0.010
obj=0.373
time=0.011
obj=0.347
time=0.011
obj=0.335
time=0.012
obj=0.335
time=0.013
obj=0.331
time=0.013
obj=0.326
time=0.014
obj=0.322
time=0.014
obj=0.314
time=0.015
obj=0.312
time=0.016
obj=0.308
time=0.016
obj=0.305
time=0.018
obj=0.304
time=0.018
obj=0.303
c real margin = 0.697
