buffers=8
windows=16
args generated-small/91.txt 12345 1
original_lb=0.207
time=0.002
obj=0.879
time=0.002
obj=0.813
time=0.002
obj=0.767
time=0.002
obj=0.753
time=0.002
obj=0.701
time=0.002
obj=0.668
time=0.002
obj=0.653
time=0.002
obj=0.633
time=0.002
obj=0.629
time=0.003
obj=0.626
time=0.003
obj=0.612
time=0.003
obj=0.594
time=0.003
obj=0.592
time=0.003
obj=0.584
time=0.003
obj=0.570
time=0.003
obj=0.565
time=0.003
obj=0.563
time=0.003
obj=0.557
time=0.003
obj=0.552
time=0.003
obj=0.540
time=0.003
obj=0.539
time=0.003
obj=0.533
time=0.004
obj=0.532
time=0.004
obj=0.514
time=0.004
obj=0.507
time=0.005
obj=0.503
time=0.006
obj=0.496
time=0.006
obj=0.495
time=0.007
obj=0.494
time=0.007
obj=0.494
time=0.007
obj=0.491
time=0.013
obj=0.489
c real margin = 0.511
