buffers=16
windows=12
args generated-small/95.txt 12345 1
original_lb=0.235
time=0.008
obj=0.766
time=0.009
obj=0.742
time=0.009
obj=0.683
time=0.010
obj=0.670
time=0.010
obj=0.668
time=0.010
obj=0.620
time=0.011
obj=0.614
time=0.011
obj=0.610
time=0.012
obj=0.603
time=0.012
obj=0.601
time=0.013
obj=0.596
time=0.013
obj=0.557
time=0.014
obj=0.548
time=0.014
obj=0.539
time=0.015
obj=0.536
time=0.015
obj=0.524
time=0.016
obj=0.516
time=0.016
obj=0.499
time=0.017
obj=0.493
time=0.018
obj=0.490
time=0.018
obj=0.486
time=0.019
obj=0.484
time=0.019
obj=0.481
time=0.020
obj=0.473
time=0.020
obj=0.472
time=0.021
obj=0.468
time=0.021
obj=0.459
time=0.022
obj=0.458
time=0.023
obj=0.449
time=0.023
obj=0.447
time=0.024
obj=0.443
time=0.026
obj=0.441
time=0.027
obj=0.439
time=0.027
obj=0.435
time=0.028
obj=0.434
time=0.029
obj=0.430
time=0.031
obj=0.429
time=0.031
obj=0.415
time=0.032
obj=0.414
time=0.035
obj=0.414
time=0.035
obj=0.414
time=0.036
obj=0.413
time=0.037
obj=0.412
time=0.039
obj=0.404
time=0.049
obj=0.401
time=0.057
obj=0.400
time=0.058
obj=0.399
time=0.058
obj=0.395
time=0.059
obj=0.394
time=0.061
obj=0.393
time=0.075
obj=0.393
time=0.075
obj=0.391
time=0.243
obj=0.390
time=0.645
obj=0.388
time=2.808
obj=0.388
time=6.594
obj=0.387
c real margin = 0.613
