buffers=16
windows=12
args generated-small/96.txt 12345 1
original_lb=0.201
time=0.009
obj=0.941
time=0.009
obj=0.930
time=0.010
obj=0.852
time=0.010
obj=0.814
time=0.011
obj=0.809
time=0.011
obj=0.786
time=0.012
obj=0.785
time=0.012
obj=0.776
time=0.013
obj=0.760
time=0.013
obj=0.759
time=0.014
obj=0.752
time=0.014
obj=0.744
time=0.015
obj=0.728
time=0.015
obj=0.716
time=0.016
obj=0.715
time=0.017
obj=0.714
time=0.018
obj=0.701
time=0.018
obj=0.697
time=0.019
obj=0.695
time=0.020
obj=0.692
time=0.021
obj=0.691
time=0.021
obj=0.683
time=0.022
obj=0.683
time=0.023
obj=0.680
time=0.023
obj=0.679
time=0.024
obj=0.678
time=0.024
obj=0.678
time=0.025
obj=0.660
time=0.026
obj=0.640
time=0.026
obj=0.633
time=0.026
obj=0.627
time=0.027
obj=0.621
time=0.028
obj=0.617
time=0.028
obj=0.614
time=0.029
obj=0.613
time=0.029
obj=0.613
time=0.030
obj=0.613
time=0.030
obj=0.604
time=0.031
obj=0.600
time=0.038
obj=0.598
time=0.039
obj=0.595
time=0.039
obj=0.592
time=0.041
obj=0.591
time=0.041
obj=0.587
time=0.099
obj=0.587
time=0.100
obj=0.586
time=0.107
obj=0.582
time=0.107
obj=0.580
time=0.139
obj=0.580
time=0.140
obj=0.577
time=1.000
obj=0.577
time=1.000
obj=0.572
time=1.060
obj=0.571
time=1.061
obj=0.571
time=1.669
obj=0.571
time=2.276
obj=0.570
time=2.276
obj=0.570
time=2.278
obj=0.569
time=2.279
obj=0.568
time=5.397
obj=0.567
time=9.558
obj=0.566
time=9.559
obj=0.562
time=9.561
obj=0.562
c real margin = 0.438
