buffers=24
windows=60
args generated-large/0.txt 12345 1
original_lb=0.228
time=0.226
obj=0.872
time=0.262
obj=0.867
time=0.267
obj=0.855
time=0.273
obj=0.841
time=0.279
obj=0.826
time=0.285
obj=0.812
time=0.290
obj=0.810
time=0.301
obj=0.807
time=0.307
obj=0.797
time=0.315
obj=0.792
time=0.322
obj=0.791
time=0.328
obj=0.785
time=0.341
obj=0.785
time=0.351
obj=0.785
time=0.357
obj=0.778
time=0.368
obj=0.778
time=0.374
obj=0.775
time=0.381
obj=0.773
time=0.388
obj=0.772
time=0.395
obj=0.765
time=0.402
obj=0.763
time=0.414
obj=0.759
time=0.424
obj=0.756
time=0.431
obj=0.756
time=0.442
obj=0.755
time=0.450
obj=0.746
time=0.458
obj=0.746
time=0.466
obj=0.745
time=0.473
obj=0.745
time=0.481
obj=0.743
time=0.489
obj=0.742
time=0.496
obj=0.741
time=0.503
obj=0.741
time=0.511
obj=0.741
time=0.518
obj=0.739
time=0.525
obj=0.736
time=0.533
obj=0.732
time=0.540
obj=0.732
time=0.547
obj=0.728
time=0.556
obj=0.725
time=0.565
obj=0.725
time=0.576
obj=0.724
time=0.583
obj=0.720
time=0.589
obj=0.719
time=0.596
obj=0.715
time=0.604
obj=0.713
time=0.613
obj=0.713
time=0.620
obj=0.711
time=0.634
obj=0.709
time=0.646
obj=0.708
time=0.657
obj=0.706
time=0.664
obj=0.704
time=0.672
obj=0.704
time=0.679
obj=0.702
time=0.686
obj=0.696
time=0.698
obj=0.695
time=0.706
obj=0.695
time=0.714
obj=0.694
time=0.721
obj=0.691
time=0.731
obj=0.689
time=0.744
obj=0.688
time=0.751
obj=0.688
time=0.758
obj=0.686
time=0.770
obj=0.686
time=0.778
obj=0.686
time=0.791
obj=0.686
time=0.803
obj=0.686
time=0.810
obj=0.684
time=0.817
obj=0.684
time=0.830
obj=0.679
time=0.838
obj=0.679
time=0.852
obj=0.675
time=0.862
obj=0.675
time=0.868
obj=0.669
time=0.878
obj=0.668
time=0.886
obj=0.667
time=0.897
obj=0.667
time=0.904
obj=0.666
time=0.917
obj=0.665
time=0.924
obj=0.661
time=0.933
obj=0.661
time=0.940
obj=0.658
time=0.950
obj=0.657
time=0.962
obj=0.657
time=0.977
obj=0.657
time=0.986
obj=0.656
time=0.994
obj=0.656
time=1.006
obj=0.653
time=1.016
obj=0.652
time=1.023
obj=0.650
time=1.030
obj=0.646
time=1.037
obj=0.645
time=1.044
obj=0.645
time=1.053
obj=0.644
time=1.060
obj=0.638
time=1.067
obj=0.638
time=1.074
obj=0.637
time=1.087
obj=0.636
time=1.095
obj=0.636
time=1.105
obj=0.636
time=1.113
obj=0.636
time=1.120
obj=0.635
time=1.128
obj=0.633
time=1.152
obj=0.632
time=1.159
obj=0.631
time=1.177
obj=0.630
time=1.184
obj=0.630
time=1.204
obj=0.629
time=1.216
obj=0.629
time=1.226
obj=0.625
time=1.232
obj=0.624
time=1.239
obj=0.623
time=1.246
obj=0.622
time=1.269
obj=0.622
time=1.287
obj=0.616
time=1.308
obj=0.616
time=1.315
obj=0.616
time=1.325
obj=0.613
time=1.334
obj=0.612
time=1.345
obj=0.612
time=1.352
obj=0.612
time=1.383
obj=0.612
time=1.404
obj=0.610
time=1.412
obj=0.608
time=1.428
obj=0.607
time=1.437
obj=0.603
time=1.444
obj=0.603
time=1.457
obj=0.602
time=1.478
obj=0.602
time=1.488
obj=0.600
time=1.495
obj=0.600
time=1.529
obj=0.599
time=1.535
obj=0.599
time=1.561
obj=0.599
time=1.568
obj=0.599
time=1.592
obj=0.599
time=1.598
obj=0.598
time=1.606
obj=0.598
time=1.616
obj=0.597
time=1.622
obj=0.596
time=1.627
obj=0.595
time=1.662
obj=0.594
time=1.682
obj=0.593
time=1.689
obj=0.592
time=1.707
obj=0.591
time=1.716
obj=0.589
time=1.723
obj=0.589
time=1.728
obj=0.588
time=1.733
obj=0.588
time=1.745
obj=0.587
time=2.047
obj=0.587
time=2.122
obj=0.586
time=2.128
obj=0.586
time=2.221
obj=0.586
time=2.224
obj=0.586
time=2.313
obj=0.585
time=2.323
obj=0.584
time=2.327
obj=0.583
time=2.333
obj=0.582
time=2.348
obj=0.581
time=2.357
obj=0.580
time=2.364
obj=0.580
time=2.370
obj=0.579
time=2.378
obj=0.579
time=2.398
obj=0.579
time=2.403
obj=0.578
time=2.585
obj=0.578
time=2.613
obj=0.577
time=2.616
obj=0.577
time=3.366
obj=0.577
time=3.372
obj=0.575
time=3.476
obj=0.575
time=4.064
obj=0.575
time=4.139
obj=0.574
time=4.234
obj=0.573
time=4.238
obj=0.572
time=4.243
obj=0.572
time=4.247
obj=0.572
time=4.251
obj=0.572
time=4.262
obj=0.572
time=4.425
obj=0.572
time=4.446
obj=0.571
time=5.006
obj=0.571
time=6.142
obj=0.569
time=9.305
obj=0.569
time=9.660
obj=0.569
time=10.238
obj=0.568
time=12.330
obj=0.568
time=12.722
obj=0.568
time=12.725
obj=0.567
time=12.729
obj=0.567
time=13.979
obj=0.566
time=17.477
obj=0.566
time=17.553
obj=0.566
time=20.136
obj=0.564
time=20.141
obj=0.563
time=22.541
obj=0.563
time=24.660
obj=0.563
time=24.664
obj=0.562
time=34.353
obj=0.562
time=34.357
obj=0.561
time=114.297
obj=0.560
time=114.301
obj=0.559
time=146.801
obj=0.559
time=146.804
obj=0.559
time=173.922
obj=0.558
time=173.926
obj=0.556
time=173.930
obj=0.555
time=221.291
obj=0.555
time=594.997
obj=0.555
time=887.412
obj=0.555
time=887.514
obj=0.554
time=1404.522
obj=0.554
time=2800.573
obj=0.553
time=3066.480
obj=0.553
time=3066.481
obj=0.552
c real margin = 0.448
