buffers=24
windows=20
args generated-large/1.txt 12345 1
original_lb=0.220
time=0.215
obj=0.478
time=0.230
obj=0.409
time=0.237
obj=0.393
time=0.248
obj=0.392
time=0.257
obj=0.388
time=0.267
obj=0.385
time=0.274
obj=0.385
time=0.283
obj=0.380
time=0.294
obj=0.376
time=0.303
obj=0.374
time=0.312
obj=0.373
time=0.321
obj=0.370
time=0.330
obj=0.369
time=0.340
obj=0.366
time=0.350
obj=0.365
time=0.362
obj=0.363
time=0.375
obj=0.362
time=0.384
obj=0.360
time=0.392
obj=0.358
time=0.404
obj=0.357
time=0.415
obj=0.357
time=0.425
obj=0.356
time=0.434
obj=0.356
time=0.444
obj=0.354
time=0.456
obj=0.352
time=0.465
obj=0.351
time=0.473
obj=0.348
time=0.484
obj=0.346
time=0.492
obj=0.343
time=0.501
obj=0.337
time=0.510
obj=0.336
time=0.520
obj=0.334
time=0.529
obj=0.329
time=0.540
obj=0.325
time=0.548
obj=0.323
time=0.566
obj=0.323
time=0.578
obj=0.323
time=0.587
obj=0.315
time=0.596
obj=0.312
time=0.605
obj=0.310
time=0.614
obj=0.310
time=0.623
obj=0.306
time=0.635
obj=0.305
time=0.643
obj=0.304
time=0.651
obj=0.303
time=0.662
obj=0.302
time=0.670
obj=0.301
time=0.679
obj=0.301
time=0.692
obj=0.300
time=0.767
obj=0.300
time=0.778
obj=0.298
time=0.795
obj=0.296
time=0.804
obj=0.296
time=0.874
obj=0.296
time=0.884
obj=0.295
time=0.896
obj=0.295
time=0.981
obj=0.294
time=0.988
obj=0.292
time=0.998
obj=0.292
time=1.007
obj=0.290
time=1.019
obj=0.289
time=1.308
obj=0.289
c real margin = 0.711
