buffers=24
windows=40
args generated-large/10.txt 12345 1
original_lb=0.220
time=0.250
obj=0.856
time=0.276
obj=0.772
time=0.283
obj=0.758
time=0.289
obj=0.717
time=0.296
obj=0.717
time=0.303
obj=0.708
time=0.312
obj=0.697
time=0.325
obj=0.693
time=0.336
obj=0.688
time=0.346
obj=0.687
time=0.354
obj=0.681
time=0.361
obj=0.673
time=0.372
obj=0.668
time=0.384
obj=0.659
time=0.394
obj=0.657
time=0.405
obj=0.653
time=0.414
obj=0.651
time=0.427
obj=0.643
time=0.436
obj=0.639
time=0.444
obj=0.637
time=0.452
obj=0.629
time=0.461
obj=0.628
time=0.468
obj=0.622
time=0.477
obj=0.618
time=0.485
obj=0.614
time=0.497
obj=0.613
time=0.507
obj=0.610
time=0.524
obj=0.608
time=0.534
obj=0.608
time=0.546
obj=0.606
time=0.555
obj=0.605
time=0.566
obj=0.604
time=0.580
obj=0.604
time=0.591
obj=0.602
time=0.598
obj=0.602
time=0.613
obj=0.601
time=0.621
obj=0.600
time=0.646
obj=0.599
time=0.662
obj=0.596
time=0.690
obj=0.595
time=0.714
obj=0.595
time=0.728
obj=0.594
time=0.740
obj=0.593
time=0.749
obj=0.593
time=0.765
obj=0.591
time=0.783
obj=0.590
time=0.797
obj=0.590
time=0.805
obj=0.587
time=0.819
obj=0.584
time=0.828
obj=0.583
time=0.838
obj=0.580
time=0.846
obj=0.580
time=0.857
obj=0.577
time=0.868
obj=0.577
time=0.882
obj=0.573
time=0.905
obj=0.571
time=0.913
obj=0.571
time=0.935
obj=0.571
time=0.953
obj=0.571
time=0.963
obj=0.570
time=0.989
obj=0.569
time=0.999
obj=0.568
time=1.022
obj=0.565
time=1.042
obj=0.565
time=1.058
obj=0.564
time=1.073
obj=0.560
time=1.091
obj=0.559
time=1.100
obj=0.559
time=1.123
obj=0.559
time=1.150
obj=0.558
time=1.173
obj=0.557
time=1.190
obj=0.557
time=1.216
obj=0.557
time=1.243
obj=0.556
time=1.262
obj=0.556
time=1.292
obj=0.555
time=1.314
obj=0.555
time=1.330
obj=0.554
time=1.353
obj=0.554
time=1.379
obj=0.552
time=1.386
obj=0.550
time=1.415
obj=0.550
time=1.446
obj=0.549
time=1.462
obj=0.547
time=1.469
obj=0.547
time=1.485
obj=0.546
time=1.492
obj=0.546
time=1.498
obj=0.545
time=1.505
obj=0.541
time=1.513
obj=0.541
time=1.520
obj=0.541
time=1.537
obj=0.540
time=1.552
obj=0.540
time=1.569
obj=0.540
time=1.575
obj=0.539
time=1.593
obj=0.539
time=1.611
obj=0.538
time=1.632
obj=0.537
time=1.643
obj=0.535
time=1.648
obj=0.535
time=1.665
obj=0.535
time=1.671
obj=0.533
time=1.678
obj=0.530
time=1.738
obj=0.529
time=1.759
obj=0.529
time=1.764
obj=0.528
time=1.820
obj=0.527
time=1.849
obj=0.527
time=1.854
obj=0.526
time=1.860
obj=0.526
time=1.889
obj=0.525
time=1.894
obj=0.524
time=1.902
obj=0.523
time=1.912
obj=0.523
time=1.924
obj=0.521
time=1.932
obj=0.520
time=2.280
obj=0.520
time=2.284
obj=0.520
time=2.290
obj=0.519
time=2.299
obj=0.519
time=2.307
obj=0.518
time=2.312
obj=0.517
time=2.609
obj=0.517
time=2.617
obj=0.517
time=2.624
obj=0.517
time=2.628
obj=0.516
time=2.635
obj=0.514
time=2.646
obj=0.510
time=2.656
obj=0.510
time=2.662
obj=0.509
time=2.667
obj=0.509
time=2.671
obj=0.508
time=2.686
obj=0.508
time=2.708
obj=0.506
time=2.714
obj=0.506
time=2.723
obj=0.506
time=2.726
obj=0.505
time=2.731
obj=0.504
time=2.741
obj=0.504
time=2.746
obj=0.503
time=2.762
obj=0.502
time=13.192
obj=0.502
time=18.021
obj=0.501
time=18.031
obj=0.501
time=18.035
obj=0.501
time=18.046
obj=0.500
time=24.777
obj=0.500
time=24.780
obj=0.499
time=24.792
obj=0.499
time=27.247
obj=0.499
time=139.315
obj=0.499
time=139.328
obj=0.496
time=139.332
obj=0.496
time=139.337
obj=0.495
time=139.345
obj=0.494
time=139.354
obj=0.493
time=3149.204
obj=0.493
time=3149.204
obj=0.493
time=3149.218
obj=0.492
c real margin = 0.508
