buffers=24
windows=60
args generated-large/101.txt 12345 1
original_lb=0.297
time=0.169
obj=0.944
time=0.193
obj=0.910
time=0.199
obj=0.906
time=0.203
obj=0.905
time=0.207
obj=0.899
time=0.211
obj=0.896
time=0.215
obj=0.893
time=0.222
obj=0.891
time=0.229
obj=0.890
time=0.234
obj=0.885
time=0.238
obj=0.884
time=0.244
obj=0.880
time=0.249
obj=0.877
time=0.253
obj=0.873
time=0.258
obj=0.871
time=0.271
obj=0.869
time=0.277
obj=0.868
time=0.283
obj=0.866
time=0.292
obj=0.863
time=0.299
obj=0.861
time=0.304
obj=0.858
time=0.313
obj=0.856
time=0.320
obj=0.855
time=0.325
obj=0.854
time=0.334
obj=0.851
time=0.342
obj=0.850
time=0.350
obj=0.847
time=0.357
obj=0.847
time=0.362
obj=0.845
time=0.367
obj=0.840
time=0.374
obj=0.839
time=0.380
obj=0.837
time=0.391
obj=0.835
time=0.396
obj=0.835
time=0.401
obj=0.835
time=0.408
obj=0.834
time=0.413
obj=0.834
time=0.420
obj=0.833
time=0.429
obj=0.829
time=0.434
obj=0.828
time=0.442
obj=0.826
time=0.450
obj=0.820
time=0.459
obj=0.818
time=0.464
obj=0.817
time=0.471
obj=0.814
time=0.476
obj=0.812
time=0.483
obj=0.811
time=0.494
obj=0.811
time=0.504
obj=0.809
time=0.510
obj=0.808
time=0.520
obj=0.802
time=0.528
obj=0.799
time=0.533
obj=0.797
time=0.544
obj=0.796
time=0.554
obj=0.796
time=0.562
obj=0.794
time=0.567
obj=0.793
time=0.572
obj=0.793
time=0.580
obj=0.793
time=0.588
obj=0.791
time=0.594
obj=0.791
time=0.603
obj=0.790
time=0.617
obj=0.789
time=0.629
obj=0.789
time=0.636
obj=0.788
time=0.646
obj=0.787
time=0.654
obj=0.786
time=0.661
obj=0.785
time=0.667
obj=0.784
time=0.674
obj=0.780
time=0.683
obj=0.780
time=0.690
obj=0.779
time=0.702
obj=0.779
time=0.709
obj=0.778
time=0.717
obj=0.775
time=0.722
obj=0.775
time=0.733
obj=0.775
time=0.739
obj=0.774
time=0.744
obj=0.772
time=0.749
obj=0.770
time=0.754
obj=0.769
time=0.764
obj=0.768
time=0.778
obj=0.767
time=0.788
obj=0.766
time=0.792
obj=0.766
time=0.798
obj=0.765
time=0.802
obj=0.764
time=0.807
obj=0.764
time=0.811
obj=0.764
time=0.826
obj=0.764
time=0.834
obj=0.763
time=0.847
obj=0.763
time=0.855
obj=0.761
time=0.860
obj=0.760
time=0.873
obj=0.760
time=0.884
obj=0.759
time=0.888
obj=0.759
time=0.893
obj=0.758
time=0.909
obj=0.756
time=0.918
obj=0.755
time=0.930
obj=0.754
time=0.939
obj=0.754
time=0.949
obj=0.754
time=0.958
obj=0.753
time=0.962
obj=0.752
time=0.975
obj=0.750
time=0.980
obj=0.748
time=0.993
obj=0.747
time=1.002
obj=0.742
time=1.008
obj=0.741
time=1.015
obj=0.741
time=1.026
obj=0.741
time=1.032
obj=0.740
time=1.042
obj=0.740
time=1.047
obj=0.737
time=1.052
obj=0.736
time=1.065
obj=0.734
time=1.075
obj=0.732
time=1.080
obj=0.732
time=1.084
obj=0.729
time=1.089
obj=0.729
time=1.095
obj=0.728
time=1.108
obj=0.728
time=1.113
obj=0.727
time=1.117
obj=0.726
time=1.127
obj=0.724
time=1.132
obj=0.721
time=1.137
obj=0.721
time=1.145
obj=0.720
time=1.153
obj=0.720
time=1.158
obj=0.719
time=1.168
obj=0.717
time=1.174
obj=0.716
time=1.186
obj=0.715
time=1.191
obj=0.715
time=1.196
obj=0.715
time=1.205
obj=0.713
time=1.219
obj=0.710
time=1.232
obj=0.710
time=1.239
obj=0.709
time=1.244
obj=0.708
time=1.258
obj=0.706
time=1.271
obj=0.706
time=1.285
obj=0.705
time=1.297
obj=0.704
time=1.314
obj=0.702
time=1.325
obj=0.702
time=1.340
obj=0.702
time=1.354
obj=0.700
time=1.366
obj=0.699
time=1.370
obj=0.699
time=1.375
obj=0.698
time=1.383
obj=0.697
time=1.394
obj=0.697
time=1.412
obj=0.696
time=1.417
obj=0.696
time=1.430
obj=0.696
time=1.435
obj=0.695
time=1.448
obj=0.694
time=1.466
obj=0.694
time=1.483
obj=0.694
time=1.494
obj=0.694
time=1.499
obj=0.693
time=1.505
obj=0.692
time=1.511
obj=0.692
time=1.528
obj=0.692
time=1.547
obj=0.691
time=1.559
obj=0.689
time=1.572
obj=0.689
time=1.580
obj=0.687
time=1.588
obj=0.687
time=1.594
obj=0.687
time=1.611
obj=0.687
time=1.627
obj=0.686
time=1.640
obj=0.685
time=1.654
obj=0.685
time=1.665
obj=0.684
time=1.674
obj=0.684
time=1.688
obj=0.684
time=1.699
obj=0.684
time=1.715
obj=0.683
time=1.719
obj=0.681
time=1.727
obj=0.680
time=1.735
obj=0.679
time=1.744
obj=0.678
time=1.758
obj=0.678
time=1.763
obj=0.678
time=1.777
obj=0.677
time=1.788
obj=0.677
time=1.804
obj=0.677
time=1.816
obj=0.676
time=1.832
obj=0.675
time=1.854
obj=0.675
time=1.858
obj=0.674
time=1.862
obj=0.674
time=1.880
obj=0.673
time=1.885
obj=0.671
time=1.901
obj=0.671
time=1.912
obj=0.671
time=1.922
obj=0.671
time=1.927
obj=0.669
time=1.934
obj=0.669
time=1.938
obj=0.666
time=1.943
obj=0.665
time=1.947
obj=0.664
time=1.952
obj=0.664
time=1.958
obj=0.663
time=1.962
obj=0.663
time=1.968
obj=0.663
time=1.984
obj=0.661
time=1.988
obj=0.660
time=1.997
obj=0.659
time=2.013
obj=0.659
time=2.026
obj=0.659
time=2.037
obj=0.657
time=2.042
obj=0.657
time=2.062
obj=0.657
time=2.083
obj=0.656
time=2.091
obj=0.656
time=2.105
obj=0.656
time=2.119
obj=0.654
time=2.134
obj=0.652
time=2.138
obj=0.651
time=2.150
obj=0.651
time=2.161
obj=0.650
time=2.169
obj=0.650
time=2.187
obj=0.649
time=2.205
obj=0.647
time=2.221
obj=0.647
time=2.225
obj=0.647
time=2.239
obj=0.646
time=2.243
obj=0.646
time=2.261
obj=0.644
time=2.276
obj=0.644
time=2.291
obj=0.642
time=2.312
obj=0.642
time=2.330
obj=0.642
time=2.342
obj=0.642
time=2.349
obj=0.640
time=2.364
obj=0.640
time=2.369
obj=0.639
time=2.390
obj=0.639
time=2.409
obj=0.639
time=2.431
obj=0.638
time=2.448
obj=0.637
time=2.455
obj=0.637
time=2.465
obj=0.637
time=2.482
obj=0.636
time=2.486
obj=0.636
time=2.509
obj=0.635
time=2.528
obj=0.635
time=2.535
obj=0.635
time=2.539
obj=0.635
time=2.544
obj=0.635
time=2.550
obj=0.634
time=2.556
obj=0.633
time=2.574
obj=0.633
time=2.593
obj=0.632
time=2.619
obj=0.631
time=2.628
obj=0.630
time=2.643
obj=0.630
time=2.663
obj=0.630
time=2.683
obj=0.630
time=2.694
obj=0.629
time=2.709
obj=0.628
time=2.743
obj=0.627
time=2.747
obj=0.627
time=2.751
obj=0.627
time=2.773
obj=0.627
time=2.783
obj=0.626
time=2.800
obj=0.626
time=2.809
obj=0.625
time=2.841
obj=0.625
time=2.844
obj=0.625
time=2.849
obj=0.625
time=2.860
obj=0.624
time=2.870
obj=0.624
time=3.026
obj=0.623
time=3.041
obj=0.623
time=3.064
obj=0.622
time=3.084
obj=0.622
time=3.106
obj=0.622
time=3.117
obj=0.622
time=3.125
obj=0.621
time=3.129
obj=0.621
time=3.133
obj=0.621
time=3.140
obj=0.620
time=3.172
obj=0.619
time=3.209
obj=0.619
time=3.213
obj=0.619
time=3.249
obj=0.618
time=3.260
obj=0.618
time=3.284
obj=0.616
time=3.344
obj=0.616
time=3.376
obj=0.615
time=3.380
obj=0.615
time=3.567
obj=0.615
time=3.615
obj=0.615
time=3.629
obj=0.614
time=3.660
obj=0.614
time=3.693
obj=0.614
time=3.702
obj=0.613
time=3.707
obj=0.613
time=3.723
obj=0.612
time=3.964
obj=0.612
time=3.967
obj=0.612
time=3.994
obj=0.611
time=3.997
obj=0.611
time=4.011
obj=0.611
time=4.019
obj=0.611
time=4.047
obj=0.611
time=4.484
obj=0.610
time=4.519
obj=0.610
time=4.529
obj=0.609
time=4.566
obj=0.609
time=4.569
obj=0.608
time=4.576
obj=0.607
time=4.587
obj=0.607
time=4.616
obj=0.607
time=4.868
obj=0.607
time=4.916
obj=0.606
time=4.919
obj=0.606
time=4.951
obj=0.606
time=4.972
obj=0.605
time=5.006
obj=0.604
time=5.045
obj=0.604
time=5.102
obj=0.604
time=5.119
obj=0.603
time=5.123
obj=0.603
time=5.128
obj=0.602
time=5.486
obj=0.601
time=5.494
obj=0.601
time=5.881
obj=0.601
time=5.885
obj=0.601
time=5.906
obj=0.601
time=5.916
obj=0.601
time=5.941
obj=0.600
time=6.170
obj=0.599
time=7.026
obj=0.599
time=7.300
obj=0.599
time=8.021
obj=0.599
time=8.025
obj=0.599
time=8.081
obj=0.599
time=8.759
obj=0.598
time=8.955
obj=0.598
time=9.226
obj=0.598
time=9.306
obj=0.598
time=9.310
obj=0.597
time=9.602
obj=0.597
time=9.606
obj=0.597
time=10.627
obj=0.597
time=11.375
obj=0.597
time=11.391
obj=0.597
time=11.617
obj=0.596
time=13.284
obj=0.596
time=13.608
obj=0.596
time=14.601
obj=0.596
time=14.605
obj=0.596
time=15.286
obj=0.595
time=15.331
obj=0.595
time=16.186
obj=0.595
time=16.208
obj=0.595
time=17.842
obj=0.594
time=18.065
obj=0.594
time=18.990
obj=0.594
time=18.994
obj=0.593
time=20.893
obj=0.593
time=21.286
obj=0.593
time=21.658
obj=0.593
time=21.818
obj=0.592
time=22.133
obj=0.592
time=22.179
obj=0.592
time=22.183
obj=0.592
time=22.554
obj=0.591
time=22.557
obj=0.591
time=22.566
obj=0.591
time=22.592
obj=0.591
time=22.603
obj=0.590
time=23.146
obj=0.590
time=23.150
obj=0.590
time=25.384
obj=0.590
time=25.388
obj=0.589
time=25.397
obj=0.589
time=25.419
obj=0.589
time=25.432
obj=0.589
time=26.435
obj=0.589
time=26.502
obj=0.589
time=26.506
obj=0.588
time=33.358
obj=0.588
time=39.969
obj=0.587
time=39.973
obj=0.587
time=50.001
obj=0.587
time=50.010
obj=0.587
time=50.023
obj=0.586
time=63.091
obj=0.586
time=63.094
obj=0.585
time=91.488
obj=0.585
time=91.492
obj=0.585
time=239.859
obj=0.585
time=424.066
obj=0.584
time=424.070
obj=0.584
time=424.074
obj=0.584
time=424.784
obj=0.583
time=426.711
obj=0.583
time=748.257
obj=0.583
time=754.343
obj=0.583
time=754.347
obj=0.583
time=940.619
obj=0.582
time=944.050
obj=0.582
time=974.002
obj=0.581
time=1032.868
obj=0.581
time=1032.871
obj=0.581
time=1032.876
obj=0.581
time=1125.947
obj=0.580
time=1587.018
obj=0.580
time=1649.614
obj=0.580
time=3324.880
obj=0.580
c real margin = 0.420
