buffers=24
windows=20
args generated-large/103.txt 12345 1
original_lb=0.261
time=0.219
obj=0.618
time=0.238
obj=0.583
time=0.244
obj=0.529
time=0.251
obj=0.527
time=0.263
obj=0.525
time=0.271
obj=0.525
time=0.281
obj=0.524
time=0.296
obj=0.512
time=0.307
obj=0.511
time=0.320
obj=0.505
time=0.330
obj=0.490
time=0.340
obj=0.489
time=0.350
obj=0.485
time=0.364
obj=0.473
time=0.377
obj=0.456
time=0.385
obj=0.451
time=0.398
obj=0.450
time=0.406
obj=0.441
time=0.416
obj=0.438
time=0.424
obj=0.432
time=0.435
obj=0.425
time=0.448
obj=0.423
time=0.457
obj=0.423
time=0.473
obj=0.419
time=0.482
obj=0.415
time=0.494
obj=0.413
time=0.514
obj=0.408
time=0.534
obj=0.407
time=0.554
obj=0.404
time=0.566
obj=0.402
time=0.578
obj=0.396
time=0.587
obj=0.396
time=0.606
obj=0.396
time=0.615
obj=0.393
time=0.637
obj=0.392
time=0.651
obj=0.392
time=0.665
obj=0.391
time=0.679
obj=0.391
time=0.688
obj=0.387
time=0.710
obj=0.387
time=0.733
obj=0.385
time=0.760
obj=0.385
time=0.777
obj=0.383
time=0.807
obj=0.382
time=0.816
obj=0.381
time=0.830
obj=0.377
time=0.845
obj=0.374
time=0.855
obj=0.372
time=0.955
obj=0.371
time=0.963
obj=0.370
time=0.981
obj=0.370
time=0.999
obj=0.368
time=1.025
obj=0.367
time=1.129
obj=0.366
time=1.143
obj=0.365
time=1.250
obj=0.365
time=1.260
obj=0.363
time=1.344
obj=0.362
time=1.374
obj=0.362
time=1.400
obj=0.362
time=1.529
obj=0.361
time=1.541
obj=0.361
time=1.578
obj=0.359
time=1.588
obj=0.357
time=1.600
obj=0.356
time=1.626
obj=0.356
time=1.976
obj=0.356
time=2.548
obj=0.354
time=3.105
obj=0.352
time=3.111
obj=0.352
time=3.194
obj=0.350
time=4.284
obj=0.350
time=4.517
obj=0.349
time=4.533
obj=0.348
time=4.541
obj=0.348
time=4.551
obj=0.348
time=4.560
obj=0.347
time=4.571
obj=0.346
time=7.444
obj=0.346
time=10.562
obj=0.346
time=10.568
obj=0.346
time=10.588
obj=0.343
time=10.600
obj=0.343
time=10.607
obj=0.342
c real margin = 0.658
