buffers=8
windows=80
args generated-large/107.txt 12345 1
original_lb=0.181
time=0.013
obj=0.998
time=0.020
obj=0.998
time=0.021
obj=0.997
time=0.022
obj=0.994
time=0.023
obj=0.994
time=0.024
obj=0.993
time=0.025
obj=0.992
time=0.026
obj=0.986
time=0.027
obj=0.985
time=0.028
obj=0.982
time=0.029
obj=0.981
time=0.030
obj=0.973
time=0.031
obj=0.972
time=0.032
obj=0.972
time=0.033
obj=0.968
time=0.034
obj=0.968
time=0.035
obj=0.956
time=0.036
obj=0.952
time=0.036
obj=0.950
time=0.037
obj=0.950
time=0.039
obj=0.948
time=0.039
obj=0.944
time=0.040
obj=0.943
time=0.041
obj=0.943
time=0.042
obj=0.942
time=0.043
obj=0.937
time=0.044
obj=0.933
time=0.046
obj=0.931
time=0.046
obj=0.929
time=0.047
obj=0.925
time=0.049
obj=0.923
time=0.049
obj=0.920
time=0.051
obj=0.912
time=0.052
obj=0.909
time=0.054
obj=0.909
time=0.055
obj=0.904
time=0.056
obj=0.903
time=0.057
obj=0.901
time=0.058
obj=0.900
time=0.060
obj=0.896
time=0.061
obj=0.896
time=0.063
obj=0.895
time=0.064
obj=0.892
time=0.065
obj=0.889
time=0.066
obj=0.884
time=0.067
obj=0.878
time=0.069
obj=0.875
time=0.070
obj=0.874
time=0.071
obj=0.874
time=0.073
obj=0.873
time=0.074
obj=0.871
time=0.075
obj=0.870
time=0.076
obj=0.869
time=0.077
obj=0.868
time=0.079
obj=0.864
time=0.080
obj=0.864
time=0.081
obj=0.863
time=0.082
obj=0.855
time=0.150
obj=0.854
time=0.150
obj=0.853
time=0.152
obj=0.853
time=0.153
obj=0.853
time=0.155
obj=0.851
time=0.174
obj=0.849
time=0.174
obj=0.847
time=0.334
obj=0.845
time=0.334
obj=0.842
time=0.336
obj=0.840
time=0.469
obj=0.840
time=0.470
obj=0.840
time=1.519
obj=0.838
time=1.520
obj=0.832
time=35.544
obj=0.827
time=35.545
obj=0.822
c real margin = 0.178
