buffers=24
windows=80
args generated-large/108.txt 12345 1
original_lb=0.252
time=0.235
obj=1.041
time=0.280
obj=1.002
time=0.289
obj=0.998
time=0.296
obj=0.997
time=0.303
obj=0.996
time=0.311
obj=0.996
time=0.318
obj=0.990
time=0.326
obj=0.982
time=0.335
obj=0.979
time=0.343
obj=0.978
time=0.351
obj=0.977
time=0.358
obj=0.977
time=0.368
obj=0.974
time=0.378
obj=0.972
time=0.385
obj=0.971
time=0.394
obj=0.966
time=0.402
obj=0.965
time=0.409
obj=0.960
time=0.418
obj=0.947
time=0.425
obj=0.939
time=0.436
obj=0.939
time=0.445
obj=0.938
time=0.454
obj=0.933
time=0.466
obj=0.932
time=0.474
obj=0.932
time=0.483
obj=0.927
time=0.492
obj=0.924
time=0.503
obj=0.924
time=0.510
obj=0.924
time=0.520
obj=0.923
time=0.527
obj=0.920
time=0.535
obj=0.918
time=0.547
obj=0.917
time=0.555
obj=0.913
time=0.562
obj=0.912
time=0.570
obj=0.908
time=0.577
obj=0.905
time=0.587
obj=0.896
time=0.594
obj=0.886
time=0.604
obj=0.879
time=0.612
obj=0.878
time=0.622
obj=0.875
time=0.632
obj=0.874
time=0.640
obj=0.871
time=0.647
obj=0.866
time=0.658
obj=0.866
time=0.672
obj=0.865
time=0.683
obj=0.864
time=0.693
obj=0.863
time=0.702
obj=0.858
time=0.711
obj=0.857
time=0.719
obj=0.852
time=0.729
obj=0.850
time=0.743
obj=0.848
time=0.757
obj=0.845
time=0.768
obj=0.844
time=0.788
obj=0.840
time=0.802
obj=0.837
time=0.812
obj=0.836
time=0.826
obj=0.835
time=0.842
obj=0.830
time=0.869
obj=0.830
time=0.877
obj=0.828
time=0.886
obj=0.825
time=0.901
obj=0.824
time=0.908
obj=0.822
time=0.917
obj=0.821
time=0.932
obj=0.821
time=0.945
obj=0.816
time=0.957
obj=0.814
time=0.964
obj=0.812
time=0.991
obj=0.812
time=1.015
obj=0.812
time=1.022
obj=0.811
time=1.033
obj=0.811
time=1.040
obj=0.808
time=1.092
obj=0.806
time=1.099
obj=0.805
time=1.123
obj=0.805
time=1.130
obj=0.805
time=1.145
obj=0.804
time=1.206
obj=0.804
time=1.213
obj=0.804
time=1.238
obj=0.803
time=1.268
obj=0.801
time=1.276
obj=0.801
time=1.288
obj=0.800
time=1.295
obj=0.799
time=1.304
obj=0.796
time=1.390
obj=0.796
time=1.397
obj=0.790
time=1.441
obj=0.788
time=1.448
obj=0.781
time=1.483
obj=0.781
time=1.490
obj=0.779
time=2.130
obj=0.778
time=2.132
obj=0.776
time=5.008
obj=0.776
time=5.015
obj=0.775
time=7.108
obj=0.774
time=8.177
obj=0.773
time=8.197
obj=0.772
time=8.210
obj=0.771
time=8.619
obj=0.770
time=8.665
obj=0.770
time=10.341
obj=0.770
time=10.348
obj=0.769
time=10.356
obj=0.768
time=10.364
obj=0.768
time=39.102
obj=0.767
time=39.109
obj=0.763
time=43.723
obj=0.763
time=80.860
obj=0.763
time=93.974
obj=0.763
time=93.981
obj=0.762
time=124.169
obj=0.762
time=124.175
obj=0.762
time=302.701
obj=0.761
time=302.707
obj=0.760
time=324.336
obj=0.760
time=386.648
obj=0.759
time=1081.455
obj=0.758
time=1081.461
obj=0.757
time=1203.856
obj=0.756
time=1584.200
obj=0.755
time=1652.977
obj=0.755
time=2083.454
obj=0.754
time=2564.973
obj=0.752
time=2590.860
obj=0.752
time=2590.867
obj=0.752
c real margin = 0.248
