buffers=16
windows=80
args generated-large/109.txt 12345 1
original_lb=0.228
time=0.071
obj=0.953
time=0.096
obj=0.943
time=0.099
obj=0.879
time=0.103
obj=0.873
time=0.106
obj=0.871
time=0.109
obj=0.868
time=0.112
obj=0.864
time=0.115
obj=0.862
time=0.118
obj=0.860
time=0.121
obj=0.853
time=0.125
obj=0.844
time=0.129
obj=0.843
time=0.133
obj=0.836
time=0.137
obj=0.833
time=0.140
obj=0.829
time=0.144
obj=0.829
time=0.148
obj=0.829
time=0.151
obj=0.826
time=0.154
obj=0.820
time=0.157
obj=0.815
time=0.159
obj=0.814
time=0.162
obj=0.810
time=0.165
obj=0.810
time=0.169
obj=0.804
time=0.172
obj=0.802
time=0.176
obj=0.799
time=0.180
obj=0.799
time=0.184
obj=0.792
time=0.188
obj=0.788
time=0.191
obj=0.786
time=0.194
obj=0.786
time=0.198
obj=0.783
time=0.201
obj=0.780
time=0.204
obj=0.779
time=0.207
obj=0.770
time=0.212
obj=0.769
time=0.216
obj=0.767
time=0.220
obj=0.767
time=0.223
obj=0.766
time=0.227
obj=0.762
time=0.232
obj=0.761
time=0.235
obj=0.759
time=0.240
obj=0.758
time=0.243
obj=0.758
time=0.246
obj=0.756
time=0.250
obj=0.755
time=0.253
obj=0.753
time=0.258
obj=0.753
time=0.264
obj=0.750
time=0.267
obj=0.749
time=0.271
obj=0.747
time=0.275
obj=0.747
time=0.279
obj=0.746
time=0.282
obj=0.745
time=0.286
obj=0.744
time=0.290
obj=0.744
time=0.294
obj=0.743
time=0.298
obj=0.742
time=0.301
obj=0.737
time=0.305
obj=0.736
time=0.309
obj=0.732
time=0.313
obj=0.731
time=0.319
obj=0.731
time=0.325
obj=0.729
time=0.328
obj=0.729
time=0.332
obj=0.729
time=0.335
obj=0.728
time=0.341
obj=0.728
time=0.345
obj=0.725
time=0.348
obj=0.724
time=0.353
obj=0.724
time=0.357
obj=0.723
time=0.361
obj=0.722
time=0.365
obj=0.719
time=0.370
obj=0.718
time=0.376
obj=0.718
time=0.381
obj=0.717
time=0.385
obj=0.717
time=0.388
obj=0.717
time=0.393
obj=0.714
time=0.396
obj=0.712
time=0.400
obj=0.705
time=0.406
obj=0.704
time=0.411
obj=0.702
time=0.415
obj=0.701
time=0.418
obj=0.699
time=0.422
obj=0.698
time=0.425
obj=0.697
time=0.429
obj=0.690
time=0.432
obj=0.689
time=0.436
obj=0.688
time=0.439
obj=0.688
time=0.446
obj=0.687
time=0.451
obj=0.687
time=0.454
obj=0.685
time=0.458
obj=0.683
time=0.462
obj=0.683
time=0.467
obj=0.682
time=0.472
obj=0.681
time=0.476
obj=0.681
time=0.479
obj=0.680
time=0.483
obj=0.678
time=0.488
obj=0.678
time=0.492
obj=0.677
time=0.496
obj=0.676
time=0.499
obj=0.676
time=0.503
obj=0.673
time=0.508
obj=0.669
time=0.513
obj=0.669
time=0.516
obj=0.668
time=0.520
obj=0.668
time=0.524
obj=0.667
time=0.528
obj=0.667
time=0.533
obj=0.663
time=0.537
obj=0.663
time=0.540
obj=0.661
time=0.544
obj=0.661
time=0.553
obj=0.661
time=0.556
obj=0.657
time=0.560
obj=0.657
time=0.565
obj=0.656
time=0.569
obj=0.656
time=0.575
obj=0.656
time=0.582
obj=0.655
time=0.587
obj=0.654
time=0.592
obj=0.653
time=0.598
obj=0.653
time=0.604
obj=0.653
time=0.609
obj=0.653
time=0.614
obj=0.652
time=0.618
obj=0.649
time=0.633
obj=0.649
time=0.638
obj=0.648
time=0.643
obj=0.648
time=0.646
obj=0.648
time=0.650
obj=0.645
time=0.653
obj=0.645
time=0.657
obj=0.644
time=0.661
obj=0.640
time=0.666
obj=0.640
time=0.669
obj=0.636
time=0.674
obj=0.635
time=0.680
obj=0.635
time=0.684
obj=0.634
time=0.696
obj=0.632
time=0.701
obj=0.629
time=0.705
obj=0.626
time=0.709
obj=0.622
time=0.712
obj=0.620
time=0.716
obj=0.620
time=0.721
obj=0.618
time=0.726
obj=0.618
time=0.730
obj=0.617
time=0.736
obj=0.615
time=0.744
obj=0.615
time=0.747
obj=0.614
time=0.753
obj=0.611
time=0.758
obj=0.611
time=0.770
obj=0.610
time=0.773
obj=0.609
time=0.779
obj=0.609
time=0.783
obj=0.609
time=0.787
obj=0.608
time=0.847
obj=0.607
time=0.853
obj=0.607
time=1.048
obj=0.607
time=1.054
obj=0.606
time=2.158
obj=0.605
time=2.164
obj=0.605
time=2.168
obj=0.604
time=2.172
obj=0.604
time=2.176
obj=0.604
time=2.181
obj=0.603
time=2.425
obj=0.603
time=2.434
obj=0.600
time=2.437
obj=0.595
time=12.916
obj=0.594
time=12.921
obj=0.594
time=12.926
obj=0.591
time=12.929
obj=0.590
time=66.421
obj=0.590
time=66.424
obj=0.589
time=66.429
obj=0.589
time=66.432
obj=0.588
time=67.698
obj=0.587
time=67.713
obj=0.587
time=67.724
obj=0.586
time=67.728
obj=0.586
time=67.731
obj=0.586
time=67.735
obj=0.585
time=67.739
obj=0.585
c real margin = 0.415
