buffers=24
windows=60
args generated-large/11.txt 12345 1
original_lb=0.225
time=0.273
obj=0.997
time=0.310
obj=0.968
time=0.317
obj=0.939
time=0.323
obj=0.899
time=0.332
obj=0.869
time=0.343
obj=0.868
time=0.352
obj=0.865
time=0.363
obj=0.863
time=0.371
obj=0.862
time=0.381
obj=0.845
time=0.389
obj=0.840
time=0.396
obj=0.835
time=0.406
obj=0.827
time=0.422
obj=0.821
time=0.433
obj=0.820
time=0.446
obj=0.820
time=0.458
obj=0.817
time=0.469
obj=0.810
time=0.478
obj=0.800
time=0.491
obj=0.794
time=0.507
obj=0.791
time=0.516
obj=0.791
time=0.525
obj=0.790
time=0.534
obj=0.786
time=0.544
obj=0.786
time=0.552
obj=0.785
time=0.561
obj=0.782
time=0.578
obj=0.780
time=0.590
obj=0.777
time=0.599
obj=0.774
time=0.607
obj=0.773
time=0.618
obj=0.770
time=0.630
obj=0.765
time=0.642
obj=0.761
time=0.657
obj=0.756
time=0.672
obj=0.753
time=0.680
obj=0.752
time=0.691
obj=0.752
time=0.699
obj=0.751
time=0.714
obj=0.749
time=0.724
obj=0.748
time=0.743
obj=0.746
time=0.754
obj=0.744
time=0.763
obj=0.742
time=0.772
obj=0.740
time=0.780
obj=0.739
time=0.789
obj=0.736
time=0.800
obj=0.735
time=0.809
obj=0.735
time=0.818
obj=0.733
time=0.827
obj=0.731
time=0.837
obj=0.731
time=0.848
obj=0.731
time=0.857
obj=0.728
time=0.866
obj=0.727
time=0.876
obj=0.726
time=0.887
obj=0.725
time=0.896
obj=0.724
time=0.905
obj=0.723
time=0.914
obj=0.720
time=0.925
obj=0.720
time=0.941
obj=0.717
time=0.953
obj=0.716
time=0.963
obj=0.716
time=0.974
obj=0.715
time=0.993
obj=0.715
time=1.003
obj=0.714
time=1.012
obj=0.712
time=1.025
obj=0.711
time=1.035
obj=0.711
time=1.047
obj=0.710
time=1.057
obj=0.709
time=1.066
obj=0.700
time=1.076
obj=0.697
time=1.094
obj=0.697
time=1.103
obj=0.693
time=1.118
obj=0.693
time=1.127
obj=0.691
time=1.147
obj=0.690
time=1.162
obj=0.688
time=1.171
obj=0.684
time=1.180
obj=0.684
time=1.189
obj=0.683
time=1.205
obj=0.682
time=1.214
obj=0.682
time=1.225
obj=0.681
time=1.234
obj=0.680
time=1.253
obj=0.678
time=1.272
obj=0.677
time=1.288
obj=0.676
time=1.302
obj=0.676
time=1.312
obj=0.674
time=1.328
obj=0.674
time=1.338
obj=0.671
time=1.347
obj=0.669
time=1.367
obj=0.667
time=1.375
obj=0.665
time=1.392
obj=0.664
time=1.400
obj=0.664
time=1.412
obj=0.663
time=1.430
obj=0.660
time=1.438
obj=0.659
time=1.446
obj=0.658
time=1.456
obj=0.650
time=1.465
obj=0.648
time=1.474
obj=0.648
time=1.483
obj=0.647
time=1.497
obj=0.644
time=1.505
obj=0.641
time=1.513
obj=0.640
time=1.527
obj=0.639
time=1.541
obj=0.639
time=1.562
obj=0.639
time=1.574
obj=0.639
time=1.581
obj=0.639
time=1.589
obj=0.637
time=1.602
obj=0.634
time=1.612
obj=0.634
time=1.621
obj=0.633
time=1.639
obj=0.631
time=1.652
obj=0.631
time=1.667
obj=0.630
time=1.677
obj=0.628
time=1.688
obj=0.628
time=1.694
obj=0.628
time=1.705
obj=0.627
time=1.712
obj=0.627
time=1.732
obj=0.626
time=1.747
obj=0.626
time=1.754
obj=0.625
time=1.762
obj=0.625
time=1.769
obj=0.623
time=1.775
obj=0.623
time=1.781
obj=0.622
time=1.792
obj=0.622
time=1.798
obj=0.622
time=1.810
obj=0.618
time=1.816
obj=0.617
time=1.829
obj=0.616
time=1.838
obj=0.615
time=1.845
obj=0.615
time=1.858
obj=0.611
time=1.863
obj=0.610
time=1.869
obj=0.610
time=1.875
obj=0.609
time=1.884
obj=0.609
time=1.898
obj=0.608
time=1.904
obj=0.607
time=1.912
obj=0.607
time=1.917
obj=0.607
time=1.921
obj=0.607
time=1.928
obj=0.607
time=1.933
obj=0.607
time=1.944
obj=0.606
time=1.949
obj=0.604
time=1.957
obj=0.603
time=1.963
obj=0.603
time=1.975
obj=0.602
time=1.979
obj=0.600
time=1.990
obj=0.600
time=1.997
obj=0.599
time=2.004
obj=0.597
time=2.017
obj=0.597
time=2.024
obj=0.595
time=2.031
obj=0.594
time=2.040
obj=0.594
time=2.047
obj=0.593
time=2.052
obj=0.592
time=2.060
obj=0.590
time=2.073
obj=0.589
time=2.084
obj=0.588
time=2.089
obj=0.587
time=2.100
obj=0.587
time=2.106
obj=0.587
time=2.124
obj=0.586
time=2.129
obj=0.585
time=2.143
obj=0.585
time=2.150
obj=0.584
time=2.158
obj=0.583
time=2.164
obj=0.582
time=2.177
obj=0.582
time=2.183
obj=0.582
time=2.195
obj=0.581
time=2.212
obj=0.581
time=2.229
obj=0.581
time=2.240
obj=0.581
time=2.245
obj=0.580
time=2.255
obj=0.580
time=2.259
obj=0.577
time=2.276
obj=0.577
time=2.281
obj=0.574
time=2.287
obj=0.573
time=2.298
obj=0.573
time=2.312
obj=0.573
time=2.316
obj=0.573
time=2.331
obj=0.573
time=2.341
obj=0.572
time=2.345
obj=0.572
time=2.360
obj=0.572
time=2.372
obj=0.571
time=2.387
obj=0.569
time=2.392
obj=0.567
time=2.411
obj=0.566
time=2.415
obj=0.563
time=2.434
obj=0.562
time=2.440
obj=0.562
time=2.447
obj=0.562
time=2.464
obj=0.561
time=2.480
obj=0.561
time=2.497
obj=0.560
time=2.502
obj=0.558
time=2.508
obj=0.557
time=2.524
obj=0.557
time=2.544
obj=0.557
time=2.555
obj=0.552
time=2.586
obj=0.552
time=2.592
obj=0.552
time=2.599
obj=0.552
time=2.603
obj=0.551
time=2.629
obj=0.550
time=2.639
obj=0.549
time=2.649
obj=0.549
time=2.654
obj=0.549
time=2.678
obj=0.549
time=2.684
obj=0.548
time=2.703
obj=0.547
time=2.742
obj=0.547
time=2.746
obj=0.547
time=2.784
obj=0.547
time=2.804
obj=0.547
time=2.834
obj=0.547
time=2.839
obj=0.546
time=2.865
obj=0.546
time=2.885
obj=0.546
time=2.889
obj=0.545
time=2.906
obj=0.545
time=2.910
obj=0.544
time=2.931
obj=0.544
time=2.936
obj=0.544
time=2.990
obj=0.544
time=2.994
obj=0.544
time=3.003
obj=0.543
time=3.030
obj=0.543
time=3.035
obj=0.542
time=3.140
obj=0.542
time=3.161
obj=0.542
time=3.184
obj=0.542
time=3.191
obj=0.541
time=3.407
obj=0.541
time=3.453
obj=0.541
time=3.517
obj=0.540
time=3.521
obj=0.540
time=3.527
obj=0.539
time=3.567
obj=0.539
time=3.571
obj=0.538
time=3.577
obj=0.538
time=3.587
obj=0.537
time=3.940
obj=0.537
time=3.951
obj=0.536
time=3.964
obj=0.535
time=3.969
obj=0.534
time=4.033
obj=0.534
time=4.042
obj=0.533
time=4.069
obj=0.532
time=4.074
obj=0.532
time=4.153
obj=0.532
time=4.158
obj=0.531
time=4.168
obj=0.531
time=4.511
obj=0.530
time=4.515
obj=0.529
time=4.526
obj=0.529
time=4.585
obj=0.529
time=4.589
obj=0.529
time=4.605
obj=0.528
time=4.622
obj=0.528
time=4.661
obj=0.527
time=4.665
obj=0.527
time=4.671
obj=0.525
time=4.676
obj=0.524
time=4.689
obj=0.523
time=5.208
obj=0.523
time=7.396
obj=0.523
time=7.403
obj=0.522
time=7.418
obj=0.522
time=7.454
obj=0.522
time=7.458
obj=0.522
time=10.805
obj=0.522
time=13.381
obj=0.521
time=13.385
obj=0.521
time=15.687
obj=0.521
time=17.596
obj=0.521
time=17.601
obj=0.520
time=18.316
obj=0.520
time=27.248
obj=0.520
time=27.252
obj=0.519
time=35.233
obj=0.519
time=35.237
obj=0.519
time=36.590
obj=0.519
time=37.133
obj=0.519
time=38.186
obj=0.519
time=38.205
obj=0.519
time=38.214
obj=0.518
time=38.236
obj=0.518
time=42.085
obj=0.518
time=46.501
obj=0.518
time=46.505
obj=0.518
time=46.533
obj=0.517
time=46.538
obj=0.517
time=46.543
obj=0.517
time=63.861
obj=0.517
time=65.670
obj=0.517
time=65.674
obj=0.516
time=80.059
obj=0.516
time=96.936
obj=0.516
time=113.410
obj=0.516
time=123.674
obj=0.515
time=139.139
obj=0.515
time=139.143
obj=0.515
time=153.664
obj=0.515
time=172.789
obj=0.515
time=172.793
obj=0.515
time=199.175
obj=0.514
time=217.964
obj=0.513
time=217.968
obj=0.513
time=217.972
obj=0.512
time=246.089
obj=0.512
time=314.809
obj=0.511
time=323.631
obj=0.511
time=326.841
obj=0.510
time=326.845
obj=0.510
time=550.620
obj=0.510
time=954.008
obj=0.509
time=974.791
obj=0.509
time=974.795
obj=0.509
time=1300.607
obj=0.509
time=1309.747
obj=0.509
time=1721.333
obj=0.509
time=1888.730
obj=0.508
time=1908.780
obj=0.508
time=2639.491
obj=0.508
time=3035.309
obj=0.508
c real margin = 0.492
