buffers=16
windows=40
args generated-large/110.txt 12345 1
original_lb=0.216
time=0.063
obj=0.732
time=0.078
obj=0.728
time=0.081
obj=0.709
time=0.085
obj=0.702
time=0.088
obj=0.676
time=0.091
obj=0.668
time=0.094
obj=0.663
time=0.097
obj=0.659
time=0.101
obj=0.656
time=0.105
obj=0.655
time=0.108
obj=0.652
time=0.111
obj=0.651
time=0.115
obj=0.646
time=0.120
obj=0.643
time=0.124
obj=0.642
time=0.127
obj=0.637
time=0.132
obj=0.634
time=0.135
obj=0.632
time=0.139
obj=0.631
time=0.144
obj=0.631
time=0.147
obj=0.630
time=0.155
obj=0.630
time=0.157
obj=0.624
time=0.162
obj=0.623
time=0.165
obj=0.613
time=0.168
obj=0.602
time=0.172
obj=0.595
time=0.175
obj=0.595
time=0.178
obj=0.595
time=0.181
obj=0.595
time=0.186
obj=0.595
time=0.188
obj=0.592
time=0.194
obj=0.589
time=0.197
obj=0.585
time=0.199
obj=0.583
time=0.253
obj=0.583
time=0.263
obj=0.582
time=0.267
obj=0.582
time=0.270
obj=0.582
time=0.282
obj=0.579
time=0.287
obj=0.578
time=0.305
obj=0.575
time=0.308
obj=0.574
time=0.321
obj=0.571
time=0.532
obj=0.570
time=0.537
obj=0.566
time=1.015
obj=0.566
time=1.018
obj=0.565
time=1.411
obj=0.564
time=1.417
obj=0.563
time=1.421
obj=0.560
time=1.424
obj=0.557
time=1.427
obj=0.556
time=4.961
obj=0.554
time=21.362
obj=0.554
time=21.365
obj=0.553
time=26.840
obj=0.553
time=52.033
obj=0.552
time=52.035
obj=0.550
time=136.580
obj=0.549
time=177.984
obj=0.549
time=180.382
obj=0.549
time=180.384
obj=0.548
time=509.911
obj=0.548
c real margin = 0.452
