buffers=24
windows=20
args generated-large/112.txt 12345 1
original_lb=0.252
time=0.231
obj=0.582
time=0.270
obj=0.577
time=0.279
obj=0.575
time=0.289
obj=0.568
time=0.297
obj=0.556
time=0.308
obj=0.553
time=0.317
obj=0.553
time=0.325
obj=0.552
time=0.343
obj=0.547
time=0.353
obj=0.547
time=0.362
obj=0.529
time=0.385
obj=0.528
time=0.401
obj=0.524
time=0.423
obj=0.522
time=0.446
obj=0.520
time=0.460
obj=0.519
time=0.468
obj=0.516
time=0.481
obj=0.514
time=0.491
obj=0.508
time=0.508
obj=0.507
time=0.527
obj=0.505
time=0.539
obj=0.504
time=0.565
obj=0.504
time=0.586
obj=0.503
time=0.595
obj=0.503
time=0.621
obj=0.500
time=0.644
obj=0.495
time=0.663
obj=0.495
time=0.677
obj=0.492
time=0.692
obj=0.491
time=0.699
obj=0.490
time=0.707
obj=0.487
time=0.734
obj=0.486
time=0.747
obj=0.485
time=0.763
obj=0.484
time=0.786
obj=0.481
time=0.795
obj=0.481
time=0.811
obj=0.479
time=0.822
obj=0.478
time=0.832
obj=0.476
time=0.842
obj=0.475
time=0.861
obj=0.475
time=0.874
obj=0.475
time=0.944
obj=0.475
time=0.990
obj=0.474
time=0.997
obj=0.474
time=1.055
obj=0.474
time=1.061
obj=0.474
time=1.216
obj=0.473
time=1.223
obj=0.473
time=1.252
obj=0.472
time=1.263
obj=0.472
time=1.515
obj=0.471
time=2.405
obj=0.470
time=2.526
obj=0.470
time=3.578
obj=0.469
time=3.597
obj=0.468
time=3.607
obj=0.467
time=3.618
obj=0.467
time=4.390
obj=0.466
time=4.402
obj=0.466
time=4.411
obj=0.465
time=4.449
obj=0.464
time=4.469
obj=0.463
time=4.522
obj=0.463
time=4.678
obj=0.461
time=6.682
obj=0.461
time=6.688
obj=0.461
time=6.701
obj=0.459
time=6.741
obj=0.459
time=6.760
obj=0.459
time=12.730
obj=0.459
time=12.737
obj=0.458
time=12.748
obj=0.458
time=17.455
obj=0.456
time=17.623
obj=0.454
time=17.629
obj=0.453
time=17.635
obj=0.453
time=17.653
obj=0.452
time=17.666
obj=0.451
time=17.679
obj=0.451
time=56.877
obj=0.451
time=56.883
obj=0.451
time=56.897
obj=0.451
time=62.626
obj=0.450
time=62.633
obj=0.449
time=62.641
obj=0.448
time=62.647
obj=0.447
time=66.378
obj=0.447
time=66.384
obj=0.446
time=66.395
obj=0.446
time=66.408
obj=0.445
time=174.944
obj=0.445
time=504.819
obj=0.445
time=1254.424
obj=0.445
time=1254.457
obj=0.444
time=1272.344
obj=0.444
time=1272.350
obj=0.443
time=2723.760
obj=0.443
time=2723.773
obj=0.443
time=2723.785
obj=0.441
time=2723.800
obj=0.440
time=2723.820
obj=0.440
time=2723.834
obj=0.439
time=2723.851
obj=0.438
time=2723.870
obj=0.438
time=2723.880
obj=0.437
c real margin = 0.563
