buffers=8
windows=60
args generated-large/113.txt 12345 1
original_lb=0.243
time=0.016
obj=0.672
time=0.020
obj=0.619
time=0.021
obj=0.600
time=0.022
obj=0.574
time=0.023
obj=0.572
time=0.024
obj=0.559
time=0.025
obj=0.548
time=0.026
obj=0.545
time=0.027
obj=0.542
time=0.028
obj=0.515
time=0.029
obj=0.511
time=0.030
obj=0.505
time=0.031
obj=0.494
time=0.032
obj=0.494
time=0.033
obj=0.494
time=0.034
obj=0.486
time=0.035
obj=0.485
time=0.038
obj=0.484
time=0.039
obj=0.481
time=0.041
obj=0.479
time=0.044
obj=0.478
time=0.045
obj=0.475
time=0.046
obj=0.470
time=0.067
obj=0.464
time=0.068
obj=0.461
time=0.069
obj=0.459
time=0.088
obj=0.459
time=0.090
obj=0.458
time=0.091
obj=0.456
time=0.252
obj=0.456
time=0.253
obj=0.453
time=0.254
obj=0.451
time=0.256
obj=0.449
time=2.151
obj=0.447
time=2.152
obj=0.445
c real margin = 0.555
