buffers=8
windows=60
args generated-large/114.txt 12345 1
original_lb=0.208
time=0.012
obj=0.906
time=0.017
obj=0.738
time=0.018
obj=0.704
time=0.018
obj=0.691
time=0.019
obj=0.679
time=0.020
obj=0.655
time=0.021
obj=0.653
time=0.022
obj=0.643
time=0.022
obj=0.643
time=0.023
obj=0.629
time=0.024
obj=0.623
time=0.025
obj=0.621
time=0.026
obj=0.614
time=0.027
obj=0.602
time=0.028
obj=0.600
time=0.028
obj=0.590
time=0.029
obj=0.584
time=0.030
obj=0.579
time=0.031
obj=0.576
time=0.032
obj=0.573
time=0.033
obj=0.572
time=0.034
obj=0.570
time=0.034
obj=0.567
time=0.035
obj=0.566
time=0.036
obj=0.564
time=0.037
obj=0.557
time=0.038
obj=0.555
time=0.039
obj=0.552
time=0.040
obj=0.541
time=0.041
obj=0.534
time=0.041
obj=0.531
time=0.043
obj=0.529
time=0.044
obj=0.527
time=0.045
obj=0.526
time=0.046
obj=0.525
time=0.047
obj=0.524
time=0.048
obj=0.519
time=0.049
obj=0.519
time=0.050
obj=0.516
time=0.051
obj=0.516
time=0.052
obj=0.515
time=0.053
obj=0.511
time=0.055
obj=0.508
time=0.056
obj=0.508
time=0.056
obj=0.506
time=0.057
obj=0.503
time=0.059
obj=0.502
time=0.060
obj=0.501
time=0.062
obj=0.500
time=0.063
obj=0.499
time=0.064
obj=0.499
time=0.065
obj=0.497
time=0.067
obj=0.493
time=0.068
obj=0.493
time=0.070
obj=0.492
time=0.071
obj=0.491
time=0.071
obj=0.490
time=0.072
obj=0.490
time=0.073
obj=0.488
time=0.074
obj=0.486
time=0.095
obj=0.486
time=0.097
obj=0.481
time=0.099
obj=0.480
time=0.102
obj=0.480
time=0.106
obj=0.479
time=0.106
obj=0.476
time=0.107
obj=0.476
time=0.108
obj=0.475
time=0.109
obj=0.475
time=0.134
obj=0.471
time=0.136
obj=0.470
time=0.136
obj=0.469
time=0.137
obj=0.468
time=0.165
obj=0.467
time=0.167
obj=0.467
time=0.167
obj=0.464
time=0.168
obj=0.463
time=0.170
obj=0.463
time=0.171
obj=0.463
time=0.172
obj=0.462
time=0.388
obj=0.461
time=0.389
obj=0.461
time=0.389
obj=0.459
time=0.391
obj=0.458
time=0.413
obj=0.455
time=0.704
obj=0.455
time=0.705
obj=0.455
time=0.837
obj=0.455
time=0.838
obj=0.453
time=0.839
obj=0.453
time=0.840
obj=0.453
time=0.841
obj=0.452
time=2.164
obj=0.452
time=2.165
obj=0.448
time=3.499
obj=0.447
time=3.501
obj=0.444
time=3.502
obj=0.444
c real margin = 0.556
