buffers=16
windows=60
args generated-large/121.txt 12345 1
original_lb=0.264
time=0.045
obj=0.946
time=0.054
obj=0.862
time=0.056
obj=0.860
time=0.059
obj=0.853
time=0.060
obj=0.852
time=0.062
obj=0.851
time=0.064
obj=0.843
time=0.066
obj=0.839
time=0.068
obj=0.836
time=0.070
obj=0.829
time=0.072
obj=0.828
time=0.073
obj=0.818
time=0.075
obj=0.817
time=0.078
obj=0.812
time=0.079
obj=0.811
time=0.081
obj=0.805
time=0.084
obj=0.799
time=0.085
obj=0.790
time=0.087
obj=0.787
time=0.090
obj=0.786
time=0.092
obj=0.784
time=0.094
obj=0.784
time=0.096
obj=0.783
time=0.098
obj=0.782
time=0.100
obj=0.777
time=0.102
obj=0.763
time=0.104
obj=0.761
time=0.106
obj=0.754
time=0.108
obj=0.737
time=0.111
obj=0.735
time=0.114
obj=0.735
time=0.117
obj=0.733
time=0.120
obj=0.732
time=0.122
obj=0.731
time=0.124
obj=0.727
time=0.126
obj=0.726
time=0.128
obj=0.726
time=0.131
obj=0.726
time=0.133
obj=0.723
time=0.135
obj=0.723
time=0.138
obj=0.720
time=0.140
obj=0.716
time=0.142
obj=0.714
time=0.145
obj=0.706
time=0.148
obj=0.703
time=0.150
obj=0.701
time=0.153
obj=0.698
time=0.156
obj=0.694
time=0.159
obj=0.692
time=0.162
obj=0.689
time=0.165
obj=0.689
time=0.167
obj=0.688
time=0.170
obj=0.686
time=0.172
obj=0.685
time=0.174
obj=0.684
time=0.177
obj=0.682
time=0.180
obj=0.681
time=0.184
obj=0.680
time=0.188
obj=0.679
time=0.191
obj=0.676
time=0.193
obj=0.673
time=0.195
obj=0.673
time=0.199
obj=0.671
time=0.201
obj=0.670
time=0.204
obj=0.669
time=0.206
obj=0.668
time=0.209
obj=0.665
time=0.212
obj=0.663
time=0.213
obj=0.655
time=0.216
obj=0.655
time=0.218
obj=0.652
time=0.220
obj=0.648
time=0.222
obj=0.646
time=0.226
obj=0.642
time=0.228
obj=0.639
time=0.230
obj=0.638
time=0.232
obj=0.636
time=0.236
obj=0.635
time=0.239
obj=0.634
time=0.240
obj=0.633
time=0.243
obj=0.632
time=0.245
obj=0.632
time=0.248
obj=0.629
time=0.250
obj=0.629
time=0.252
obj=0.628
time=0.255
obj=0.627
time=0.256
obj=0.625
time=0.260
obj=0.625
time=0.263
obj=0.625
time=0.266
obj=0.623
time=0.271
obj=0.623
time=0.274
obj=0.623
time=0.276
obj=0.620
time=0.278
obj=0.620
time=0.283
obj=0.619
time=0.285
obj=0.618
time=0.290
obj=0.617
time=0.291
obj=0.617
time=0.295
obj=0.610
time=0.297
obj=0.608
time=0.299
obj=0.604
time=0.301
obj=0.604
time=0.305
obj=0.604
time=0.311
obj=0.603
time=0.313
obj=0.602
time=0.317
obj=0.602
time=0.320
obj=0.600
time=0.323
obj=0.599
time=0.327
obj=0.599
time=0.329
obj=0.599
time=0.331
obj=0.598
time=0.334
obj=0.595
time=0.336
obj=0.592
time=0.340
obj=0.592
time=0.342
obj=0.591
time=0.344
obj=0.591
time=0.345
obj=0.591
time=0.347
obj=0.589
time=0.350
obj=0.588
time=0.353
obj=0.587
time=0.357
obj=0.587
time=0.359
obj=0.585
time=0.361
obj=0.582
time=0.368
obj=0.582
time=0.370
obj=0.580
time=0.372
obj=0.580
time=0.376
obj=0.577
time=0.380
obj=0.577
time=0.384
obj=0.576
time=0.388
obj=0.575
time=0.394
obj=0.575
time=0.399
obj=0.575
time=0.402
obj=0.574
time=0.404
obj=0.574
time=0.406
obj=0.573
time=0.408
obj=0.572
time=0.410
obj=0.572
time=0.413
obj=0.572
time=0.418
obj=0.571
time=0.423
obj=0.571
time=0.428
obj=0.571
time=0.430
obj=0.570
time=0.438
obj=0.570
time=0.440
obj=0.569
time=0.445
obj=0.568
time=0.450
obj=0.568
time=0.460
obj=0.567
time=0.467
obj=0.567
time=0.469
obj=0.567
time=0.473
obj=0.566
time=0.503
obj=0.566
time=0.509
obj=0.565
time=0.511
obj=0.565
time=0.517
obj=0.564
time=0.519
obj=0.564
time=0.521
obj=0.564
time=0.524
obj=0.563
time=0.528
obj=0.563
time=0.536
obj=0.563
time=0.544
obj=0.562
time=0.550
obj=0.562
time=0.585
obj=0.560
time=0.589
obj=0.558
time=0.590
obj=0.558
time=0.757
obj=0.557
time=0.759
obj=0.556
time=0.761
obj=0.556
time=0.763
obj=0.554
time=0.765
obj=0.552
time=0.979
obj=0.552
time=0.984
obj=0.551
time=1.353
obj=0.551
time=1.355
obj=0.550
time=1.362
obj=0.550
time=1.363
obj=0.548
time=1.365
obj=0.548
time=1.367
obj=0.547
time=1.370
obj=0.547
time=1.381
obj=0.547
time=1.385
obj=0.546
time=1.429
obj=0.545
time=1.430
obj=0.545
time=1.433
obj=0.544
time=1.444
obj=0.544
time=1.445
obj=0.543
time=179.908
obj=0.543
time=190.233
obj=0.542
time=190.235
obj=0.542
time=190.238
obj=0.542
time=190.398
obj=0.542
time=190.400
obj=0.541
time=190.402
obj=0.541
time=190.406
obj=0.539
time=191.697
obj=0.539
time=191.699
obj=0.539
time=191.718
obj=0.539
time=191.720
obj=0.538
c real margin = 0.462
