buffers=8
windows=20
args generated-large/122.txt 12345 1
original_lb=0.257
time=0.005
obj=0.639
time=0.007
obj=0.638
time=0.007
obj=0.626
time=0.007
obj=0.615
time=0.008
obj=0.609
time=0.008
obj=0.605
time=0.009
obj=0.600
time=0.009
obj=0.589
time=0.009
obj=0.588
time=0.010
obj=0.583
time=0.010
obj=0.576
time=0.011
obj=0.559
time=0.011
obj=0.549
time=0.012
obj=0.539
time=0.012
obj=0.538
time=0.013
obj=0.533
time=0.013
obj=0.529
time=0.014
obj=0.528
time=0.014
obj=0.527
time=0.015
obj=0.525
time=0.016
obj=0.520
time=0.016
obj=0.520
time=0.017
obj=0.511
time=0.018
obj=0.510
time=0.018
obj=0.505
time=0.019
obj=0.504
time=0.020
obj=0.503
time=0.021
obj=0.503
time=0.021
obj=0.493
time=0.023
obj=0.492
time=0.023
obj=0.487
time=0.024
obj=0.481
time=0.026
obj=0.480
time=0.028
obj=0.470
time=0.033
obj=0.470
time=0.034
obj=0.469
time=0.035
obj=0.463
time=0.036
obj=0.462
time=0.045
obj=0.462
time=0.045
obj=0.458
time=0.046
obj=0.458
time=0.046
obj=0.457
time=0.046
obj=0.456
time=0.071
obj=0.454
time=0.078
obj=0.454
time=0.078
obj=0.452
time=0.079
obj=0.452
time=0.082
obj=0.451
time=0.083
obj=0.450
time=0.113
obj=0.450
time=0.113
obj=0.450
time=0.115
obj=0.446
time=0.193
obj=0.444
time=0.253
obj=0.443
time=0.612
obj=0.442
time=0.897
obj=0.438
time=0.898
obj=0.438
time=0.898
obj=0.438
time=34.938
obj=0.436
time=35.401
obj=0.435
time=78.061
obj=0.434
time=246.547
obj=0.434
c real margin = 0.566
