buffers=16
windows=40
args generated-large/123.txt 12345 1
original_lb=0.218
time=0.036
obj=0.703
time=0.042
obj=0.596
time=0.043
obj=0.560
time=0.045
obj=0.535
time=0.047
obj=0.514
time=0.048
obj=0.506
time=0.050
obj=0.505
time=0.052
obj=0.502
time=0.053
obj=0.493
time=0.055
obj=0.481
time=0.057
obj=0.476
time=0.059
obj=0.467
time=0.061
obj=0.464
time=0.063
obj=0.464
time=0.065
obj=0.463
time=0.067
obj=0.459
time=0.069
obj=0.455
time=0.072
obj=0.452
time=0.074
obj=0.443
time=0.076
obj=0.433
time=0.078
obj=0.429
time=0.081
obj=0.428
time=0.082
obj=0.424
time=0.084
obj=0.421
time=0.086
obj=0.419
time=0.089
obj=0.419
time=0.091
obj=0.418
time=0.092
obj=0.412
time=0.094
obj=0.412
time=0.098
obj=0.412
time=0.100
obj=0.412
time=0.102
obj=0.410
time=0.104
obj=0.409
time=0.105
obj=0.409
time=0.107
obj=0.409
time=0.109
obj=0.407
time=0.111
obj=0.405
time=0.114
obj=0.404
time=0.117
obj=0.403
time=0.118
obj=0.402
time=0.120
obj=0.401
time=0.123
obj=0.399
time=0.125
obj=0.397
time=0.127
obj=0.394
time=0.128
obj=0.393
time=0.131
obj=0.392
time=0.132
obj=0.391
time=0.137
obj=0.391
time=0.140
obj=0.389
time=0.172
obj=0.389
time=0.178
obj=0.388
time=0.180
obj=0.385
time=0.182
obj=0.384
time=0.184
obj=0.383
time=0.187
obj=0.382
time=0.193
obj=0.381
time=0.196
obj=0.381
time=0.201
obj=0.380
time=0.203
obj=0.378
time=0.205
obj=0.375
time=0.227
obj=0.371
time=0.231
obj=0.371
time=0.233
obj=0.367
time=0.235
obj=0.367
time=0.239
obj=0.364
time=0.240
obj=0.362
time=0.242
obj=0.360
time=0.656
obj=0.360
time=0.658
obj=0.358
time=0.822
obj=0.357
time=0.823
obj=0.355
time=1.634
obj=0.354
time=3.204
obj=0.353
time=3.205
obj=0.352
time=8.214
obj=0.352
time=8.216
obj=0.352
time=9.396
obj=0.352
time=10.577
obj=0.351
time=10.579
obj=0.351
time=10.675
obj=0.351
time=10.991
obj=0.350
time=11.313
obj=0.350
time=45.693
obj=0.349
time=49.507
obj=0.347
time=72.188
obj=0.347
c real margin = 0.653
