buffers=16
windows=80
args generated-large/125.txt 12345 1
original_lb=0.227
time=0.034
obj=1.042
time=0.043
obj=1.042
time=0.045
obj=1.040
time=0.048
obj=1.038
time=0.051
obj=1.034
time=0.053
obj=1.031
time=0.054
obj=1.026
time=0.057
obj=1.026
time=0.058
obj=1.024
time=0.060
obj=1.023
time=0.063
obj=1.023
time=0.065
obj=1.019
time=0.067
obj=1.018
time=0.070
obj=1.017
time=0.073
obj=1.016
time=0.075
obj=1.015
time=0.078
obj=1.013
time=0.079
obj=1.007
time=0.081
obj=1.006
time=0.084
obj=1.006
time=0.088
obj=1.003
time=0.091
obj=1.002
time=0.094
obj=1.002
time=0.097
obj=1.002
time=0.098
obj=1.000
time=0.102
obj=0.999
time=0.103
obj=0.997
time=0.105
obj=0.996
time=0.107
obj=0.995
time=0.109
obj=0.993
time=0.113
obj=0.989
time=0.115
obj=0.989
time=0.119
obj=0.989
time=0.121
obj=0.988
time=0.123
obj=0.987
time=0.126
obj=0.987
time=0.130
obj=0.986
time=0.134
obj=0.986
time=0.136
obj=0.985
time=0.139
obj=0.983
time=0.141
obj=0.980
time=0.146
obj=0.980
time=0.148
obj=0.978
time=0.149
obj=0.976
time=0.155
obj=0.975
time=0.157
obj=0.974
time=0.158
obj=0.973
time=0.162
obj=0.970
time=0.166
obj=0.970
time=0.170
obj=0.970
time=0.173
obj=0.969
time=0.175
obj=0.969
time=0.178
obj=0.962
time=0.179
obj=0.961
time=0.180
obj=0.961
time=0.187
obj=0.961
time=0.189
obj=0.959
time=0.192
obj=0.957
time=0.196
obj=0.957
time=0.199
obj=0.957
time=0.203
obj=0.957
time=0.206
obj=0.957
time=0.208
obj=0.956
time=0.209
obj=0.955
time=0.213
obj=0.955
time=0.219
obj=0.953
time=0.220
obj=0.952
time=0.227
obj=0.952
time=0.231
obj=0.952
time=0.239
obj=0.951
time=0.240
obj=0.951
time=0.244
obj=0.951
time=0.270
obj=0.950
time=0.271
obj=0.950
time=0.273
obj=0.949
time=0.274
obj=0.946
time=0.277
obj=0.946
time=0.279
obj=0.945
time=0.281
obj=0.945
time=0.291
obj=0.944
time=0.294
obj=0.944
time=0.301
obj=0.944
time=0.304
obj=0.942
time=0.306
obj=0.942
time=0.314
obj=0.941
time=0.315
obj=0.941
time=0.319
obj=0.937
time=0.321
obj=0.937
time=0.324
obj=0.936
time=0.332
obj=0.936
time=0.335
obj=0.935
time=0.336
obj=0.935
time=0.407
obj=0.934
time=0.408
obj=0.934
time=0.415
obj=0.934
time=0.416
obj=0.933
time=0.418
obj=0.933
time=0.420
obj=0.933
time=0.422
obj=0.933
time=0.429
obj=0.932
time=0.551
obj=0.932
time=0.552
obj=0.931
time=0.556
obj=0.930
time=0.559
obj=0.930
time=0.637
obj=0.929
time=0.638
obj=0.928
time=1.477
obj=0.928
time=1.478
obj=0.925
time=1.481
obj=0.924
time=3.004
obj=0.924
time=3.005
obj=0.923
time=3.007
obj=0.923
time=4.518
obj=0.923
time=4.519
obj=0.923
time=4.742
obj=0.922
time=4.743
obj=0.922
time=4.745
obj=0.922
time=5.883
obj=0.922
time=5.885
obj=0.921
time=6.749
obj=0.921
time=6.750
obj=0.920
time=6.752
obj=0.920
time=6.754
obj=0.919
time=6.756
obj=0.918
time=8.264
obj=0.918
time=9.231
obj=0.918
time=9.233
obj=0.916
time=9.239
obj=0.916
time=9.242
obj=0.915
time=9.248
obj=0.915
time=9.253
obj=0.913
time=9.257
obj=0.912
time=10.625
obj=0.912
time=10.626
obj=0.911
time=10.629
obj=0.911
time=10.630
obj=0.910
time=11.911
obj=0.910
time=11.912
obj=0.910
time=134.923
obj=0.910
time=134.925
obj=0.909
time=134.927
obj=0.908
time=153.368
obj=0.907
time=153.370
obj=0.907
time=205.456
obj=0.907
time=205.459
obj=0.905
time=640.816
obj=0.905
time=715.915
obj=0.904
time=715.919
obj=0.903
time=715.922
obj=0.901
time=715.925
obj=0.900
time=1046.479
obj=0.899
time=1046.480
obj=0.899
time=1046.483
obj=0.896
time=1046.486
obj=0.896
c real margin = 0.104
