buffers=24
windows=80
args generated-large/126.txt 12345 1
original_lb=0.260
time=0.142
obj=0.960
time=0.168
obj=0.959
time=0.171
obj=0.954
time=0.175
obj=0.939
time=0.180
obj=0.935
time=0.184
obj=0.935
time=0.188
obj=0.933
time=0.193
obj=0.931
time=0.197
obj=0.929
time=0.200
obj=0.928
time=0.205
obj=0.928
time=0.209
obj=0.924
time=0.214
obj=0.922
time=0.219
obj=0.919
time=0.223
obj=0.917
time=0.227
obj=0.911
time=0.232
obj=0.911
time=0.237
obj=0.908
time=0.241
obj=0.905
time=0.245
obj=0.904
time=0.249
obj=0.904
time=0.253
obj=0.903
time=0.257
obj=0.900
time=0.261
obj=0.899
time=0.265
obj=0.898
time=0.269
obj=0.896
time=0.274
obj=0.894
time=0.278
obj=0.894
time=0.282
obj=0.889
time=0.286
obj=0.887
time=0.292
obj=0.883
time=0.296
obj=0.882
time=0.300
obj=0.879
time=0.306
obj=0.874
time=0.310
obj=0.873
time=0.314
obj=0.870
time=0.318
obj=0.863
time=0.322
obj=0.863
time=0.326
obj=0.861
time=0.330
obj=0.856
time=0.335
obj=0.852
time=0.339
obj=0.851
time=0.343
obj=0.850
time=0.350
obj=0.849
time=0.355
obj=0.846
time=0.361
obj=0.844
time=0.366
obj=0.840
time=0.369
obj=0.839
time=0.373
obj=0.837
time=0.380
obj=0.836
time=0.384
obj=0.835
time=0.388
obj=0.835
time=0.394
obj=0.823
time=0.400
obj=0.822
time=0.404
obj=0.822
time=0.409
obj=0.821
time=0.414
obj=0.820
time=0.419
obj=0.820
time=0.425
obj=0.819
time=0.431
obj=0.814
time=0.437
obj=0.814
time=0.442
obj=0.814
time=0.447
obj=0.813
time=0.455
obj=0.811
time=0.460
obj=0.808
time=0.464
obj=0.807
time=0.470
obj=0.807
time=0.475
obj=0.803
time=0.483
obj=0.803
time=0.488
obj=0.801
time=0.493
obj=0.800
time=0.501
obj=0.800
time=0.505
obj=0.799
time=0.511
obj=0.797
time=0.515
obj=0.796
time=0.520
obj=0.795
time=0.525
obj=0.794
time=0.530
obj=0.794
time=0.535
obj=0.792
time=0.541
obj=0.792
time=0.545
obj=0.788
time=0.550
obj=0.787
time=0.555
obj=0.786
time=0.559
obj=0.786
time=0.563
obj=0.784
time=0.572
obj=0.784
time=0.576
obj=0.782
time=0.583
obj=0.779
time=0.590
obj=0.774
time=0.594
obj=0.774
time=0.600
obj=0.772
time=0.606
obj=0.771
time=0.615
obj=0.771
time=0.619
obj=0.765
time=0.626
obj=0.762
time=0.631
obj=0.760
time=0.636
obj=0.759
time=0.642
obj=0.758
time=0.651
obj=0.758
time=0.661
obj=0.757
time=0.668
obj=0.754
time=0.673
obj=0.753
time=0.685
obj=0.753
time=0.691
obj=0.752
time=0.695
obj=0.751
time=0.713
obj=0.751
time=0.717
obj=0.751
time=0.723
obj=0.749
time=0.726
obj=0.749
time=0.731
obj=0.748
time=0.747
obj=0.745
time=0.751
obj=0.744
time=0.755
obj=0.743
time=0.776
obj=0.743
time=0.821
obj=0.743
time=0.838
obj=0.742
time=0.853
obj=0.742
time=0.857
obj=0.740
time=0.876
obj=0.738
time=0.890
obj=0.737
time=0.894
obj=0.736
time=0.898
obj=0.736
time=0.902
obj=0.736
time=0.906
obj=0.736
time=0.910
obj=0.731
time=0.920
obj=0.730
time=0.932
obj=0.730
time=0.937
obj=0.728
time=0.943
obj=0.728
time=0.994
obj=0.727
time=0.998
obj=0.727
time=1.004
obj=0.726
time=1.084
obj=0.726
time=1.087
obj=0.723
time=1.091
obj=0.723
time=1.608
obj=0.723
time=1.611
obj=0.723
time=1.615
obj=0.722
time=1.641
obj=0.721
time=1.682
obj=0.720
time=1.685
obj=0.720
time=1.714
obj=0.719
time=1.717
obj=0.718
time=1.723
obj=0.717
time=1.848
obj=0.717
time=2.396
obj=0.717
time=2.399
obj=0.716
time=2.410
obj=0.715
time=2.434
obj=0.715
time=2.437
obj=0.713
time=2.442
obj=0.712
time=2.458
obj=0.711
time=2.480
obj=0.711
time=6.694
obj=0.711
time=6.697
obj=0.710
time=7.242
obj=0.710
time=7.246
obj=0.710
time=9.709
obj=0.710
time=9.713
obj=0.709
time=11.185
obj=0.709
time=11.196
obj=0.709
time=11.201
obj=0.707
time=59.041
obj=0.706
time=69.514
obj=0.706
time=69.518
obj=0.705
time=69.522
obj=0.705
time=69.526
obj=0.704
time=128.982
obj=0.704
time=412.366
obj=0.702
time=421.729
obj=0.702
time=512.471
obj=0.702
time=512.474
obj=0.702
time=512.479
obj=0.701
time=1212.759
obj=0.700
time=1212.763
obj=0.698
c real margin = 0.302
