buffers=8
windows=40
args generated-large/127.txt 12345 1
original_lb=0.227
time=0.006
obj=0.812
time=0.008
obj=0.796
time=0.009
obj=0.790
time=0.009
obj=0.776
time=0.009
obj=0.763
time=0.010
obj=0.752
time=0.010
obj=0.746
time=0.011
obj=0.745
time=0.011
obj=0.742
time=0.011
obj=0.742
time=0.012
obj=0.738
time=0.013
obj=0.735
time=0.013
obj=0.734
time=0.014
obj=0.732
time=0.014
obj=0.730
time=0.014
obj=0.728
time=0.015
obj=0.723
time=0.015
obj=0.714
time=0.015
obj=0.712
time=0.016
obj=0.699
time=0.016
obj=0.686
time=0.016
obj=0.673
time=0.017
obj=0.665
time=0.017
obj=0.662
time=0.018
obj=0.647
time=0.019
obj=0.644
time=0.020
obj=0.641
time=0.021
obj=0.640
time=0.022
obj=0.640
time=0.022
obj=0.639
time=0.022
obj=0.629
time=0.023
obj=0.628
time=0.023
obj=0.627
time=0.024
obj=0.622
time=0.024
obj=0.619
time=0.025
obj=0.619
time=0.026
obj=0.614
time=0.027
obj=0.613
time=0.037
obj=0.612
time=0.037
obj=0.600
time=0.052
obj=0.600
time=0.066
obj=0.599
time=0.067
obj=0.599
time=0.078
obj=0.598
time=0.078
obj=0.597
time=0.093
obj=0.595
time=0.132
obj=0.595
time=0.165
obj=0.595
time=0.166
obj=0.595
time=0.181
obj=0.593
time=0.182
obj=0.593
time=0.182
obj=0.591
time=0.194
obj=0.590
time=0.195
obj=0.589
time=0.202
obj=0.582
time=0.203
obj=0.579
time=0.204
obj=0.579
time=0.205
obj=0.579
time=0.206
obj=0.575
time=0.252
obj=0.573
time=0.253
obj=0.571
time=0.254
obj=0.571
time=0.254
obj=0.571
time=0.255
obj=0.566
time=2.515
obj=0.566
time=303.502
obj=0.564
time=303.503
obj=0.564
time=1544.468
obj=0.564
c real margin = 0.436
