buffers=8
windows=20
args generated-large/128.txt 12345 1
original_lb=0.273
time=0.005
obj=0.684
time=0.006
obj=0.683
time=0.007
obj=0.676
time=0.007
obj=0.671
time=0.007
obj=0.640
time=0.008
obj=0.639
time=0.008
obj=0.632
time=0.009
obj=0.615
time=0.009
obj=0.614
time=0.009
obj=0.614
time=0.010
obj=0.613
time=0.010
obj=0.608
time=0.010
obj=0.600
time=0.011
obj=0.599
time=0.011
obj=0.595
time=0.012
obj=0.593
time=0.013
obj=0.591
time=0.013
obj=0.584
time=0.014
obj=0.573
time=0.014
obj=0.570
time=0.016
obj=0.569
time=0.017
obj=0.566
time=0.020
obj=0.564
time=0.020
obj=0.559
time=0.023
obj=0.554
time=0.023
obj=0.552
time=0.026
obj=0.551
time=0.027
obj=0.547
time=0.027
obj=0.540
time=0.027
obj=0.527
time=0.028
obj=0.524
time=0.072
obj=0.522
time=0.072
obj=0.522
time=0.073
obj=0.512
time=0.073
obj=0.506
c real margin = 0.494
