buffers=16
windows=40
args generated-large/13.txt 12345 1
original_lb=0.226
time=0.062
obj=0.685
time=0.073
obj=0.581
time=0.076
obj=0.528
time=0.079
obj=0.505
time=0.082
obj=0.500
time=0.085
obj=0.479
time=0.088
obj=0.471
time=0.091
obj=0.470
time=0.094
obj=0.470
time=0.097
obj=0.464
time=0.100
obj=0.464
time=0.104
obj=0.460
time=0.107
obj=0.458
time=0.110
obj=0.443
time=0.113
obj=0.438
time=0.116
obj=0.434
time=0.121
obj=0.433
time=0.124
obj=0.423
time=0.127
obj=0.422
time=0.131
obj=0.421
time=0.134
obj=0.416
time=0.137
obj=0.414
time=0.140
obj=0.412
time=0.143
obj=0.403
time=0.147
obj=0.401
time=0.151
obj=0.397
time=0.154
obj=0.396
time=0.157
obj=0.396
time=0.161
obj=0.395
time=0.164
obj=0.395
time=0.167
obj=0.393
time=0.171
obj=0.391
time=0.174
obj=0.388
time=0.177
obj=0.387
time=0.182
obj=0.384
time=0.186
obj=0.380
time=0.189
obj=0.379
time=0.192
obj=0.373
time=0.195
obj=0.373
time=0.201
obj=0.372
time=0.204
obj=0.372
time=0.207
obj=0.371
time=0.210
obj=0.371
time=0.213
obj=0.370
time=0.221
obj=0.370
time=0.225
obj=0.366
time=0.229
obj=0.364
time=0.235
obj=0.362
time=0.241
obj=0.362
time=0.244
obj=0.361
time=0.251
obj=0.361
time=0.258
obj=0.361
time=0.261
obj=0.360
time=0.264
obj=0.359
time=0.268
obj=0.357
time=0.271
obj=0.356
time=0.307
obj=0.356
time=0.311
obj=0.354
time=0.359
obj=0.353
time=0.365
obj=0.352
time=0.368
obj=0.352
time=0.371
obj=0.352
time=0.374
obj=0.352
time=0.386
obj=0.350
time=0.396
obj=0.349
time=0.399
obj=0.348
time=0.402
obj=0.348
time=0.405
obj=0.348
time=0.408
obj=0.347
time=0.411
obj=0.346
time=0.421
obj=0.345
time=0.433
obj=0.344
time=0.435
obj=0.341
time=0.439
obj=0.341
time=0.442
obj=0.340
time=0.450
obj=0.339
time=0.454
obj=0.339
time=0.461
obj=0.338
time=0.464
obj=0.336
time=0.467
obj=0.336
time=0.470
obj=0.335
time=0.524
obj=0.335
time=0.825
obj=0.333
time=0.828
obj=0.333
time=0.830
obj=0.333
time=0.833
obj=0.332
time=0.836
obj=0.332
time=0.838
obj=0.331
time=0.841
obj=0.330
time=0.844
obj=0.329
time=1.018
obj=0.329
c real margin = 0.671
