buffers=24
windows=60
args generated-large/130.txt 12345 1
original_lb=0.239
time=0.134
obj=0.886
time=0.157
obj=0.880
time=0.164
obj=0.878
time=0.167
obj=0.877
time=0.173
obj=0.874
time=0.177
obj=0.873
time=0.183
obj=0.872
time=0.187
obj=0.856
time=0.192
obj=0.853
time=0.195
obj=0.850
time=0.201
obj=0.844
time=0.206
obj=0.838
time=0.210
obj=0.832
time=0.214
obj=0.826
time=0.219
obj=0.822
time=0.225
obj=0.809
time=0.231
obj=0.804
time=0.234
obj=0.799
time=0.240
obj=0.791
time=0.247
obj=0.789
time=0.251
obj=0.787
time=0.254
obj=0.785
time=0.258
obj=0.777
time=0.262
obj=0.776
time=0.267
obj=0.776
time=0.275
obj=0.775
time=0.280
obj=0.770
time=0.286
obj=0.769
time=0.292
obj=0.765
time=0.295
obj=0.761
time=0.298
obj=0.760
time=0.303
obj=0.758
time=0.308
obj=0.754
time=0.313
obj=0.751
time=0.317
obj=0.744
time=0.323
obj=0.741
time=0.326
obj=0.738
time=0.330
obj=0.737
time=0.334
obj=0.736
time=0.340
obj=0.734
time=0.345
obj=0.733
time=0.349
obj=0.733
time=0.356
obj=0.731
time=0.365
obj=0.726
time=0.369
obj=0.726
time=0.375
obj=0.723
time=0.380
obj=0.720
time=0.390
obj=0.719
time=0.394
obj=0.719
time=0.427
obj=0.717
time=0.430
obj=0.717
time=0.441
obj=0.716
time=0.444
obj=0.714
time=0.455
obj=0.714
time=0.459
obj=0.713
time=0.472
obj=0.712
time=0.482
obj=0.710
time=0.485
obj=0.709
time=0.498
obj=0.709
time=0.510
obj=0.708
time=0.522
obj=0.708
time=0.528
obj=0.706
time=0.548
obj=0.706
time=0.551
obj=0.705
time=0.560
obj=0.705
time=0.589
obj=0.704
time=0.592
obj=0.703
time=0.595
obj=0.703
time=0.617
obj=0.703
time=0.640
obj=0.703
time=0.643
obj=0.702
time=0.678
obj=0.701
time=0.779
obj=0.700
time=0.808
obj=0.700
time=0.811
obj=0.699
time=0.818
obj=0.698
time=0.834
obj=0.698
time=0.937
obj=0.697
time=0.963
obj=0.696
time=0.986
obj=0.696
time=1.083
obj=0.694
time=1.305
obj=0.694
time=1.309
obj=0.693
time=1.341
obj=0.693
time=1.344
obj=0.693
time=1.350
obj=0.693
time=1.374
obj=0.690
time=1.378
obj=0.689
time=1.481
obj=0.689
time=1.485
obj=0.688
time=1.489
obj=0.688
time=1.889
obj=0.688
time=1.910
obj=0.688
time=2.145
obj=0.687
time=2.148
obj=0.687
time=2.156
obj=0.686
time=2.450
obj=0.686
time=2.465
obj=0.684
time=2.468
obj=0.681
time=2.479
obj=0.679
time=2.962
obj=0.679
time=2.965
obj=0.677
time=2.969
obj=0.676
time=10.060
obj=0.676
time=10.380
obj=0.676
time=14.556
obj=0.675
time=14.560
obj=0.674
time=14.563
obj=0.672
time=15.538
obj=0.672
time=15.541
obj=0.670
time=20.260
obj=0.670
time=20.263
obj=0.668
time=35.562
obj=0.668
time=35.566
obj=0.667
time=38.387
obj=0.667
time=38.390
obj=0.667
time=38.394
obj=0.666
time=38.409
obj=0.666
time=38.413
obj=0.666
time=108.861
obj=0.664
time=212.013
obj=0.660
time=646.465
obj=0.660
time=646.468
obj=0.660
time=1405.709
obj=0.658
time=1405.712
obj=0.658
time=1405.716
obj=0.657
time=1405.730
obj=0.656
time=1405.734
obj=0.655
c real margin = 0.345
