buffers=16
windows=20
args generated-large/131.txt 12345 1
original_lb=0.254
time=0.036
obj=0.603
time=0.040
obj=0.599
time=0.042
obj=0.587
time=0.043
obj=0.570
time=0.045
obj=0.567
time=0.047
obj=0.563
time=0.049
obj=0.528
time=0.051
obj=0.524
time=0.052
obj=0.524
time=0.054
obj=0.522
time=0.056
obj=0.505
time=0.057
obj=0.504
time=0.060
obj=0.495
time=0.062
obj=0.490
time=0.064
obj=0.487
time=0.066
obj=0.483
time=0.069
obj=0.477
time=0.071
obj=0.473
time=0.073
obj=0.471
time=0.078
obj=0.467
time=0.080
obj=0.463
time=0.083
obj=0.462
time=0.084
obj=0.460
time=0.086
obj=0.459
time=0.089
obj=0.459
time=0.094
obj=0.458
time=0.095
obj=0.452
time=0.104
obj=0.449
time=0.106
obj=0.449
time=0.112
obj=0.445
time=0.141
obj=0.444
time=0.143
obj=0.444
time=0.165
obj=0.441
time=0.167
obj=0.439
time=0.169
obj=0.439
time=0.171
obj=0.439
time=0.246
obj=0.438
time=0.247
obj=0.437
time=0.250
obj=0.434
time=0.271
obj=0.434
time=0.303
obj=0.433
time=0.305
obj=0.425
time=0.307
obj=0.425
time=0.310
obj=0.421
time=0.312
obj=0.421
time=0.325
obj=0.420
time=0.327
obj=0.414
time=0.329
obj=0.413
time=0.493
obj=0.413
time=4.150
obj=0.412
time=35.142
obj=0.412
time=541.220
obj=0.412
time=541.222
obj=0.412
time=1227.144
obj=0.411
time=1227.145
obj=0.410
time=1227.147
obj=0.408
time=1227.149
obj=0.408
time=1227.152
obj=0.407
time=1227.155
obj=0.406
c real margin = 0.594
