buffers=24
windows=40
args generated-large/132.txt 12345 1
original_lb=0.228
time=0.147
obj=0.954
time=0.166
obj=0.947
time=0.171
obj=0.946
time=0.179
obj=0.943
time=0.186
obj=0.940
time=0.191
obj=0.938
time=0.198
obj=0.937
time=0.202
obj=0.932
time=0.211
obj=0.928
time=0.214
obj=0.926
time=0.221
obj=0.923
time=0.230
obj=0.921
time=0.233
obj=0.919
time=0.239
obj=0.919
time=0.244
obj=0.916
time=0.248
obj=0.915
time=0.252
obj=0.913
time=0.260
obj=0.907
time=0.264
obj=0.902
time=0.270
obj=0.891
time=0.275
obj=0.890
time=0.283
obj=0.889
time=0.291
obj=0.886
time=0.298
obj=0.882
time=0.305
obj=0.871
time=0.309
obj=0.869
time=0.313
obj=0.868
time=0.318
obj=0.868
time=0.326
obj=0.866
time=0.329
obj=0.858
time=0.334
obj=0.856
time=0.338
obj=0.854
time=0.341
obj=0.851
time=0.352
obj=0.845
time=0.356
obj=0.845
time=0.365
obj=0.845
time=0.377
obj=0.841
time=0.389
obj=0.839
time=0.393
obj=0.839
time=0.400
obj=0.836
time=0.404
obj=0.836
time=0.414
obj=0.834
time=0.420
obj=0.831
time=0.425
obj=0.830
time=0.429
obj=0.829
time=0.440
obj=0.828
time=0.450
obj=0.827
time=0.454
obj=0.827
time=0.468
obj=0.826
time=0.477
obj=0.822
time=0.481
obj=0.822
time=0.492
obj=0.817
time=0.499
obj=0.817
time=0.504
obj=0.817
time=0.513
obj=0.816
time=0.519
obj=0.815
time=0.533
obj=0.815
time=0.547
obj=0.814
time=0.555
obj=0.810
time=0.560
obj=0.808
time=0.570
obj=0.806
time=0.582
obj=0.806
time=0.599
obj=0.805
time=0.610
obj=0.804
time=0.622
obj=0.801
time=0.628
obj=0.799
time=0.638
obj=0.799
time=0.651
obj=0.796
time=0.657
obj=0.796
time=0.661
obj=0.795
time=0.672
obj=0.793
time=0.677
obj=0.790
time=0.693
obj=0.790
time=0.703
obj=0.788
time=0.707
obj=0.786
time=0.711
obj=0.786
time=0.719
obj=0.786
time=0.727
obj=0.786
time=0.743
obj=0.785
time=0.746
obj=0.785
time=0.772
obj=0.785
time=0.780
obj=0.784
time=0.789
obj=0.784
time=0.800
obj=0.782
time=0.817
obj=0.781
time=0.826
obj=0.780
time=0.843
obj=0.780
time=0.860
obj=0.778
time=0.864
obj=0.778
time=0.875
obj=0.777
time=0.879
obj=0.777
time=0.898
obj=0.777
time=0.902
obj=0.776
time=0.913
obj=0.775
time=0.917
obj=0.774
time=0.921
obj=0.773
time=0.946
obj=0.771
time=0.970
obj=0.770
time=0.980
obj=0.770
time=0.990
obj=0.770
time=1.012
obj=0.768
time=1.027
obj=0.767
time=1.031
obj=0.766
time=1.040
obj=0.763
time=1.061
obj=0.762
time=1.093
obj=0.761
time=1.114
obj=0.761
time=1.146
obj=0.759
time=1.177
obj=0.758
time=1.180
obj=0.758
time=1.185
obj=0.757
time=1.216
obj=0.757
time=1.234
obj=0.756
time=1.245
obj=0.754
time=1.249
obj=0.753
time=1.420
obj=0.752
time=1.428
obj=0.751
time=1.463
obj=0.751
time=1.470
obj=0.750
time=1.479
obj=0.748
time=1.500
obj=0.748
time=1.770
obj=0.748
time=1.805
obj=0.747
time=1.816
obj=0.747
time=2.131
obj=0.746
time=2.333
obj=0.745
time=2.336
obj=0.745
time=2.367
obj=0.745
time=2.370
obj=0.742
time=2.386
obj=0.742
time=2.676
obj=0.742
time=2.904
obj=0.741
time=2.988
obj=0.741
time=2.991
obj=0.737
time=3.137
obj=0.737
time=4.157
obj=0.736
time=4.161
obj=0.736
time=4.165
obj=0.735
time=4.168
obj=0.735
time=5.342
obj=0.734
time=5.345
obj=0.734
time=8.351
obj=0.734
time=8.354
obj=0.732
time=10.158
obj=0.732
time=10.162
obj=0.731
time=11.074
obj=0.731
time=11.091
obj=0.731
time=13.290
obj=0.731
time=13.293
obj=0.729
time=20.883
obj=0.729
time=20.886
obj=0.728
time=27.227
obj=0.728
time=38.586
obj=0.728
time=38.828
obj=0.728
time=38.831
obj=0.726
time=51.649
obj=0.726
time=51.652
obj=0.726
time=51.662
obj=0.725
time=67.425
obj=0.724
time=75.033
obj=0.724
time=94.009
obj=0.724
time=94.012
obj=0.723
time=102.475
obj=0.721
time=102.478
obj=0.721
time=245.648
obj=0.720
time=286.009
obj=0.720
time=398.248
obj=0.720
time=398.251
obj=0.719
time=398.695
obj=0.719
time=398.698
obj=0.719
time=528.061
obj=0.718
time=528.064
obj=0.718
time=528.069
obj=0.717
time=983.600
obj=0.716
time=1401.989
obj=0.716
time=1706.184
obj=0.714
time=3127.095
obj=0.711
c real margin = 0.289
