buffers=16
windows=40
args generated-large/133.txt 12345 1
original_lb=0.240
time=0.042
obj=0.591
time=0.049
obj=0.479
time=0.051
obj=0.477
time=0.052
obj=0.450
time=0.055
obj=0.440
time=0.057
obj=0.433
time=0.059
obj=0.425
time=0.061
obj=0.421
time=0.062
obj=0.420
time=0.065
obj=0.397
time=0.067
obj=0.397
time=0.069
obj=0.396
time=0.071
obj=0.396
time=0.073
obj=0.394
time=0.075
obj=0.393
time=0.077
obj=0.391
time=0.079
obj=0.390
time=0.081
obj=0.389
time=0.083
obj=0.388
time=0.086
obj=0.387
time=0.089
obj=0.386
time=0.091
obj=0.384
time=0.093
obj=0.384
time=0.096
obj=0.382
time=0.098
obj=0.379
time=0.100
obj=0.379
time=0.102
obj=0.378
time=0.104
obj=0.375
time=0.107
obj=0.375
time=0.109
obj=0.371
time=0.112
obj=0.370
time=0.115
obj=0.365
time=0.121
obj=0.363
time=0.123
obj=0.360
time=0.126
obj=0.359
time=0.133
obj=0.357
time=0.135
obj=0.357
time=0.146
obj=0.357
time=0.158
obj=0.356
time=0.160
obj=0.355
time=0.162
obj=0.354
time=0.170
obj=0.354
time=0.182
obj=0.352
time=0.184
obj=0.351
time=0.193
obj=0.351
time=0.195
obj=0.349
time=0.196
obj=0.345
time=0.199
obj=0.344
time=0.206
obj=0.344
time=0.209
obj=0.344
time=0.218
obj=0.343
time=0.221
obj=0.343
time=0.222
obj=0.340
time=0.225
obj=0.339
time=0.228
obj=0.339
time=0.230
obj=0.336
time=0.233
obj=0.335
time=0.325
obj=0.333
time=0.327
obj=0.332
time=4.778
obj=0.332
time=1921.275
obj=0.330
time=1921.277
obj=0.329
time=1921.280
obj=0.329
time=1921.282
obj=0.328
time=1921.285
obj=0.327
c real margin = 0.673
