buffers=8
windows=60
args generated-large/134.txt 12345 1
original_lb=0.160
time=0.009
obj=0.877
time=0.012
obj=0.871
time=0.013
obj=0.862
time=0.013
obj=0.856
time=0.014
obj=0.848
time=0.014
obj=0.842
time=0.015
obj=0.828
time=0.016
obj=0.827
time=0.016
obj=0.820
time=0.017
obj=0.816
time=0.017
obj=0.814
time=0.018
obj=0.799
time=0.018
obj=0.794
time=0.019
obj=0.792
time=0.019
obj=0.791
time=0.020
obj=0.790
time=0.020
obj=0.783
time=0.021
obj=0.782
time=0.022
obj=0.779
time=0.022
obj=0.777
time=0.023
obj=0.777
time=0.023
obj=0.765
time=0.024
obj=0.758
time=0.024
obj=0.753
time=0.025
obj=0.751
time=0.026
obj=0.746
time=0.026
obj=0.746
time=0.027
obj=0.745
time=0.028
obj=0.739
time=0.028
obj=0.736
time=0.029
obj=0.726
time=0.030
obj=0.723
time=0.031
obj=0.720
time=0.031
obj=0.720
time=0.032
obj=0.718
time=0.033
obj=0.717
time=0.034
obj=0.715
time=0.035
obj=0.713
time=0.035
obj=0.712
time=0.036
obj=0.710
time=0.037
obj=0.708
time=0.038
obj=0.708
time=0.039
obj=0.698
time=0.040
obj=0.694
time=0.041
obj=0.692
time=0.042
obj=0.690
time=0.042
obj=0.690
time=0.045
obj=0.689
time=0.045
obj=0.685
time=0.046
obj=0.685
time=0.046
obj=0.685
time=0.048
obj=0.683
time=0.048
obj=0.681
time=0.050
obj=0.681
time=0.051
obj=0.676
time=0.052
obj=0.671
time=0.053
obj=0.660
time=0.054
obj=0.658
time=0.055
obj=0.657
time=0.056
obj=0.652
time=0.057
obj=0.649
time=0.058
obj=0.647
time=0.058
obj=0.647
time=0.059
obj=0.647
time=0.092
obj=0.644
time=0.093
obj=0.643
time=0.094
obj=0.642
time=0.096
obj=0.641
time=0.097
obj=0.640
time=0.195
obj=0.640
time=0.195
obj=0.640
time=0.196
obj=0.639
time=0.197
obj=0.639
time=0.198
obj=0.639
time=0.199
obj=0.637
time=0.201
obj=0.634
time=0.348
obj=0.634
time=0.348
obj=0.631
time=0.500
obj=0.629
time=0.555
obj=0.629
time=0.736
obj=0.628
time=0.994
obj=0.626
time=1.012
obj=0.626
time=2.018
obj=0.626
time=2.274
obj=0.624
time=2.931
obj=0.622
time=3.473
obj=0.621
time=3.474
obj=0.621
time=6.027
obj=0.620
time=6.098
obj=0.619
time=6.252
obj=0.618
time=6.254
obj=0.615
time=18.647
obj=0.614
time=18.648
obj=0.613
time=18.651
obj=0.612
time=18.652
obj=0.612
time=26.431
obj=0.612
time=33.574
obj=0.611
time=35.643
obj=0.610
time=45.638
obj=0.610
time=51.019
obj=0.609
time=69.331
obj=0.609
time=89.665
obj=0.609
time=184.735
obj=0.608
time=184.735
obj=0.606
time=187.463
obj=0.605
time=221.335
obj=0.605
time=450.833
obj=0.604
time=572.916
obj=0.604
time=649.412
obj=0.604
time=729.878
obj=0.603
time=906.969
obj=0.602
time=1197.697
obj=0.602
time=1578.499
obj=0.601
time=1965.660
obj=0.601
time=2717.264
obj=0.601
time=3461.740
obj=0.600
c real margin = 0.400
