buffers=24
windows=80
args generated-large/135.txt 12345 1
original_lb=0.264
time=0.130
obj=0.921
time=0.149
obj=0.917
time=0.152
obj=0.916
time=0.156
obj=0.909
time=0.160
obj=0.902
time=0.163
obj=0.900
time=0.166
obj=0.896
time=0.170
obj=0.895
time=0.174
obj=0.890
time=0.177
obj=0.888
time=0.182
obj=0.886
time=0.186
obj=0.886
time=0.190
obj=0.874
time=0.193
obj=0.871
time=0.196
obj=0.869
time=0.201
obj=0.867
time=0.204
obj=0.862
time=0.208
obj=0.857
time=0.211
obj=0.850
time=0.215
obj=0.850
time=0.220
obj=0.847
time=0.224
obj=0.846
time=0.228
obj=0.844
time=0.231
obj=0.839
time=0.235
obj=0.837
time=0.238
obj=0.836
time=0.242
obj=0.835
time=0.246
obj=0.835
time=0.250
obj=0.834
time=0.253
obj=0.834
time=0.257
obj=0.830
time=0.262
obj=0.828
time=0.265
obj=0.826
time=0.269
obj=0.826
time=0.273
obj=0.825
time=0.278
obj=0.823
time=0.281
obj=0.822
time=0.285
obj=0.820
time=0.288
obj=0.820
time=0.292
obj=0.819
time=0.297
obj=0.818
time=0.300
obj=0.816
time=0.304
obj=0.815
time=0.308
obj=0.811
time=0.312
obj=0.810
time=0.316
obj=0.808
time=0.322
obj=0.807
time=0.325
obj=0.805
time=0.329
obj=0.804
time=0.333
obj=0.803
time=0.337
obj=0.802
time=0.341
obj=0.800
time=0.347
obj=0.799
time=0.350
obj=0.799
time=0.354
obj=0.793
time=0.358
obj=0.786
time=0.361
obj=0.785
time=0.365
obj=0.785
time=0.369
obj=0.783
time=0.374
obj=0.781
time=0.378
obj=0.781
time=0.381
obj=0.776
time=0.386
obj=0.774
time=0.390
obj=0.771
time=0.395
obj=0.769
time=0.399
obj=0.765
time=0.404
obj=0.764
time=0.407
obj=0.763
time=0.412
obj=0.760
time=0.417
obj=0.760
time=0.421
obj=0.759
time=0.426
obj=0.753
time=0.430
obj=0.751
time=0.436
obj=0.751
time=0.440
obj=0.749
time=0.445
obj=0.749
time=0.450
obj=0.745
time=0.456
obj=0.744
time=0.460
obj=0.744
time=0.465
obj=0.742
time=0.465
obj=0.739
time=0.469
obj=0.739
time=0.474
obj=0.738
time=0.478
obj=0.737
time=0.482
obj=0.737
time=0.486
obj=0.737
time=0.490
obj=0.736
time=0.496
obj=0.735
time=0.500
obj=0.735
time=0.504
obj=0.735
time=0.508
obj=0.732
time=0.512
obj=0.729
time=0.516
obj=0.729
time=0.521
obj=0.729
time=0.526
obj=0.728
time=0.531
obj=0.728
time=0.535
obj=0.727
time=0.539
obj=0.725
time=0.544
obj=0.725
time=0.548
obj=0.723
time=0.552
obj=0.723
time=0.558
obj=0.723
time=0.563
obj=0.722
time=0.569
obj=0.721
time=0.575
obj=0.721
time=0.580
obj=0.720
time=0.584
obj=0.719
time=0.587
obj=0.718
time=0.591
obj=0.718
time=0.595
obj=0.718
time=0.598
obj=0.714
time=0.604
obj=0.711
time=0.608
obj=0.711
time=0.614
obj=0.710
time=0.619
obj=0.709
time=0.623
obj=0.709
time=0.628
obj=0.708
time=0.631
obj=0.708
time=0.635
obj=0.708
time=0.640
obj=0.707
time=0.645
obj=0.706
time=0.651
obj=0.704
time=0.657
obj=0.703
time=0.660
obj=0.703
time=0.665
obj=0.702
time=0.669
obj=0.702
time=0.673
obj=0.699
time=0.676
obj=0.697
time=0.680
obj=0.697
time=0.685
obj=0.697
time=0.691
obj=0.696
time=0.695
obj=0.690
time=0.699
obj=0.689
time=0.704
obj=0.688
time=0.711
obj=0.687
time=0.717
obj=0.686
time=0.722
obj=0.686
time=0.725
obj=0.686
time=0.733
obj=0.684
time=0.737
obj=0.683
time=0.740
obj=0.683
time=0.744
obj=0.680
time=0.750
obj=0.680
time=0.757
obj=0.678
time=0.762
obj=0.677
time=0.766
obj=0.677
time=0.773
obj=0.673
time=0.781
obj=0.671
time=0.785
obj=0.670
time=0.791
obj=0.670
time=0.796
obj=0.668
time=0.803
obj=0.668
time=0.806
obj=0.668
time=0.810
obj=0.667
time=0.814
obj=0.667
time=0.818
obj=0.666
time=0.825
obj=0.666
time=0.832
obj=0.665
time=0.836
obj=0.665
time=0.843
obj=0.664
time=0.848
obj=0.664
time=0.854
obj=0.662
time=0.862
obj=0.662
time=0.866
obj=0.661
time=0.871
obj=0.661
time=0.878
obj=0.661
time=0.884
obj=0.660
time=0.888
obj=0.660
time=0.894
obj=0.659
time=0.902
obj=0.658
time=0.907
obj=0.655
time=0.911
obj=0.654
time=0.916
obj=0.651
time=0.923
obj=0.651
time=0.927
obj=0.651
time=0.931
obj=0.650
time=0.935
obj=0.650
time=0.940
obj=0.649
time=0.954
obj=0.648
time=0.959
obj=0.647
time=0.968
obj=0.646
time=0.972
obj=0.643
time=0.977
obj=0.643
time=0.981
obj=0.642
time=0.993
obj=0.642
time=0.996
obj=0.642
time=1.000
obj=0.642
time=1.009
obj=0.641
time=1.013
obj=0.641
time=1.021
obj=0.640
time=1.025
obj=0.639
time=1.029
obj=0.639
time=1.035
obj=0.639
time=1.041
obj=0.638
time=1.049
obj=0.637
time=1.059
obj=0.636
time=1.063
obj=0.636
time=1.067
obj=0.636
time=1.083
obj=0.635
time=1.090
obj=0.635
time=1.098
obj=0.634
time=1.102
obj=0.634
time=1.167
obj=0.633
time=1.173
obj=0.632
time=1.180
obj=0.632
time=1.189
obj=0.631
time=1.192
obj=0.631
time=1.306
obj=0.629
time=1.310
obj=0.629
time=1.313
obj=0.628
time=1.322
obj=0.628
time=1.328
obj=0.628
time=1.377
obj=0.627
time=1.385
obj=0.627
time=1.391
obj=0.627
time=1.450
obj=0.626
time=1.459
obj=0.625
time=1.463
obj=0.625
time=1.467
obj=0.625
time=1.484
obj=0.625
time=1.487
obj=0.625
time=1.500
obj=0.624
time=1.504
obj=0.624
time=1.514
obj=0.622
time=1.524
obj=0.622
time=1.527
obj=0.621
time=1.645
obj=0.621
time=1.650
obj=0.620
time=1.660
obj=0.619
time=1.727
obj=0.619
time=1.735
obj=0.618
time=1.739
obj=0.617
time=1.745
obj=0.617
time=1.751
obj=0.617
time=1.755
obj=0.616
time=1.760
obj=0.615
time=1.779
obj=0.614
time=1.785
obj=0.614
time=1.793
obj=0.614
time=1.806
obj=0.613
time=1.810
obj=0.612
time=1.820
obj=0.611
time=1.834
obj=0.610
time=1.838
obj=0.610
time=1.843
obj=0.610
time=1.848
obj=0.609
time=1.853
obj=0.609
time=1.857
obj=0.609
time=1.867
obj=0.609
time=1.871
obj=0.609
time=2.104
obj=0.608
time=2.107
obj=0.608
time=2.112
obj=0.607
time=2.348
obj=0.607
time=2.351
obj=0.606
time=2.356
obj=0.606
time=2.589
obj=0.606
time=4.910
obj=0.605
time=5.134
obj=0.605
time=5.156
obj=0.605
time=6.739
obj=0.605
time=6.965
obj=0.604
time=6.996
obj=0.604
time=7.000
obj=0.604
time=7.004
obj=0.604
time=7.023
obj=0.604
time=7.027
obj=0.603
time=7.704
obj=0.603
time=7.715
obj=0.603
time=7.719
obj=0.603
time=7.724
obj=0.603
time=7.727
obj=0.602
time=7.731
obj=0.602
time=7.739
obj=0.601
time=7.761
obj=0.601
time=7.765
obj=0.601
time=7.781
obj=0.601
time=7.785
obj=0.600
time=7.813
obj=0.600
time=7.816
obj=0.600
time=7.820
obj=0.600
time=13.074
obj=0.600
time=13.081
obj=0.600
time=14.469
obj=0.599
time=14.492
obj=0.599
time=14.547
obj=0.599
time=14.550
obj=0.597
time=17.671
obj=0.597
time=17.720
obj=0.597
time=17.723
obj=0.597
time=17.775
obj=0.597
time=17.778
obj=0.596
time=19.895
obj=0.595
time=38.285
obj=0.595
time=38.289
obj=0.594
time=38.293
obj=0.593
time=38.296
obj=0.593
time=43.694
obj=0.592
time=187.247
obj=0.592
time=187.250
obj=0.591
time=187.255
obj=0.590
time=258.093
obj=0.590
time=258.097
obj=0.590
time=606.368
obj=0.590
time=606.372
obj=0.589
time=807.169
obj=0.589
time=1089.971
obj=0.589
time=1089.975
obj=0.588
time=1370.034
obj=0.588
time=1370.038
obj=0.587
time=1370.042
obj=0.587
time=1428.728
obj=0.587
time=1428.769
obj=0.586
time=1428.774
obj=0.586
time=2781.022
obj=0.586
time=2781.026
obj=0.585
time=2781.063
obj=0.585
time=2781.080
obj=0.585
c real margin = 0.415
