buffers=16
windows=20
args generated-large/137.txt 12345 1
original_lb=0.264
time=0.070
obj=0.506
time=0.078
obj=0.467
time=0.083
obj=0.433
time=0.087
obj=0.429
time=0.090
obj=0.420
time=0.094
obj=0.417
time=0.097
obj=0.415
time=0.103
obj=0.414
time=0.107
obj=0.405
time=0.111
obj=0.404
time=0.115
obj=0.404
time=0.124
obj=0.404
time=0.129
obj=0.395
time=0.136
obj=0.384
time=0.145
obj=0.382
time=0.150
obj=0.377
time=0.157
obj=0.370
time=0.161
obj=0.370
time=0.165
obj=0.366
time=0.169
obj=0.361
time=0.173
obj=0.356
time=0.176
obj=0.350
time=0.180
obj=0.349
time=0.184
obj=0.348
time=0.195
obj=0.347
time=0.204
obj=0.347
time=0.212
obj=0.345
time=0.217
obj=0.343
time=0.224
obj=0.342
time=0.235
obj=0.342
time=0.244
obj=0.342
time=0.248
obj=0.340
time=0.252
obj=0.339
time=0.256
obj=0.335
time=0.261
obj=0.333
time=0.296
obj=0.333
time=0.300
obj=0.330
time=0.304
obj=0.329
time=0.308
obj=0.329
time=0.315
obj=0.328
time=0.319
obj=0.327
time=0.327
obj=0.325
time=0.341
obj=0.325
time=0.345
obj=0.324
time=0.348
obj=0.323
time=0.352
obj=0.322
time=0.358
obj=0.322
time=0.611
obj=0.319
time=0.616
obj=0.316
c real margin = 0.684
