buffers=24
windows=80
args generated-large/140.txt 12345 1
original_lb=0.236
time=0.286
obj=0.922
time=0.332
obj=0.887
time=0.340
obj=0.847
time=0.349
obj=0.842
time=0.357
obj=0.841
time=0.368
obj=0.841
time=0.377
obj=0.838
time=0.392
obj=0.834
time=0.403
obj=0.833
time=0.411
obj=0.828
time=0.420
obj=0.813
time=0.429
obj=0.812
time=0.443
obj=0.806
time=0.453
obj=0.806
time=0.462
obj=0.804
time=0.472
obj=0.801
time=0.481
obj=0.800
time=0.490
obj=0.800
time=0.501
obj=0.798
time=0.511
obj=0.794
time=0.520
obj=0.790
time=0.528
obj=0.788
time=0.537
obj=0.785
time=0.547
obj=0.778
time=0.556
obj=0.772
time=0.569
obj=0.763
time=0.578
obj=0.761
time=0.587
obj=0.760
time=0.596
obj=0.757
time=0.606
obj=0.756
time=0.616
obj=0.753
time=0.631
obj=0.752
time=0.639
obj=0.752
time=0.648
obj=0.752
time=0.659
obj=0.752
time=0.668
obj=0.751
time=0.675
obj=0.750
time=0.685
obj=0.750
time=0.694
obj=0.749
time=0.703
obj=0.746
time=0.712
obj=0.744
time=0.721
obj=0.744
time=0.734
obj=0.738
time=0.743
obj=0.733
time=0.751
obj=0.732
time=0.761
obj=0.732
time=0.771
obj=0.732
time=0.782
obj=0.730
time=0.792
obj=0.727
time=0.802
obj=0.726
time=0.810
obj=0.725
time=0.820
obj=0.722
time=0.830
obj=0.721
time=0.839
obj=0.720
time=0.850
obj=0.720
time=0.859
obj=0.717
time=0.867
obj=0.716
time=0.876
obj=0.715
time=0.887
obj=0.715
time=0.896
obj=0.714
time=0.904
obj=0.713
time=0.913
obj=0.712
time=0.922
obj=0.712
time=0.939
obj=0.710
time=0.948
obj=0.708
time=0.957
obj=0.705
time=0.967
obj=0.700
time=0.978
obj=0.700
time=0.990
obj=0.698
time=1.003
obj=0.697
time=1.011
obj=0.697
time=1.025
obj=0.691
time=1.034
obj=0.688
time=1.043
obj=0.688
time=1.055
obj=0.685
time=1.063
obj=0.682
time=1.082
obj=0.681
time=1.099
obj=0.681
time=1.115
obj=0.681
time=1.124
obj=0.681
time=1.133
obj=0.679
time=1.148
obj=0.679
time=1.157
obj=0.676
time=1.168
obj=0.675
time=1.186
obj=0.672
time=1.195
obj=0.670
time=1.204
obj=0.670
time=1.226
obj=0.669
time=1.235
obj=0.666
time=1.245
obj=0.663
time=1.259
obj=0.662
time=1.272
obj=0.660
time=1.282
obj=0.660
time=1.291
obj=0.656
time=1.302
obj=0.655
time=1.315
obj=0.654
time=1.325
obj=0.654
time=1.344
obj=0.653
time=1.356
obj=0.651
time=1.370
obj=0.648
time=1.379
obj=0.648
time=1.390
obj=0.647
time=1.400
obj=0.645
time=1.409
obj=0.641
time=1.419
obj=0.640
time=1.434
obj=0.639
time=1.446
obj=0.639
time=1.455
obj=0.638
time=1.475
obj=0.638
time=1.492
obj=0.637
time=1.507
obj=0.635
time=1.516
obj=0.635
time=1.531
obj=0.633
time=1.546
obj=0.632
time=1.566
obj=0.631
time=1.575
obj=0.631
time=1.591
obj=0.631
time=1.600
obj=0.630
time=1.609
obj=0.629
time=1.618
obj=0.629
time=1.628
obj=0.629
time=1.642
obj=0.629
time=1.651
obj=0.628
time=1.662
obj=0.628
time=1.679
obj=0.626
time=1.690
obj=0.626
time=1.700
obj=0.626
time=1.720
obj=0.626
time=1.732
obj=0.624
time=1.743
obj=0.623
time=1.751
obj=0.623
time=1.767
obj=0.622
time=1.784
obj=0.621
time=1.802
obj=0.620
time=1.816
obj=0.620
time=1.828
obj=0.620
time=1.839
obj=0.619
time=1.857
obj=0.619
time=1.865
obj=0.615
time=1.879
obj=0.615
time=1.890
obj=0.613
time=1.899
obj=0.613
time=1.909
obj=0.612
time=1.923
obj=0.609
time=1.934
obj=0.609
time=1.954
obj=0.609
time=1.963
obj=0.608
time=1.976
obj=0.607
time=1.984
obj=0.606
time=2.001
obj=0.606
time=2.017
obj=0.605
time=2.027
obj=0.605
time=2.036
obj=0.605
time=2.053
obj=0.604
time=2.068
obj=0.604
time=2.077
obj=0.603
time=2.089
obj=0.603
time=2.099
obj=0.603
time=2.121
obj=0.602
time=2.144
obj=0.601
time=2.166
obj=0.601
time=2.176
obj=0.600
time=2.185
obj=0.599
time=2.208
obj=0.598
time=2.222
obj=0.598
time=2.244
obj=0.598
time=2.262
obj=0.596
time=2.284
obj=0.595
time=2.293
obj=0.595
time=2.307
obj=0.595
time=2.318
obj=0.595
time=2.338
obj=0.594
time=2.347
obj=0.594
time=2.367
obj=0.593
time=2.377
obj=0.591
time=2.388
obj=0.590
time=2.397
obj=0.589
time=2.457
obj=0.588
time=2.466
obj=0.588
time=2.475
obj=0.585
time=2.486
obj=0.585
time=2.495
obj=0.584
time=2.508
obj=0.584
time=2.550
obj=0.584
time=2.558
obj=0.584
time=2.568
obj=0.583
time=2.589
obj=0.582
time=2.615
obj=0.579
time=2.625
obj=0.579
time=2.633
obj=0.579
time=2.642
obj=0.577
time=2.655
obj=0.575
time=2.664
obj=0.575
time=2.673
obj=0.574
time=2.682
obj=0.574
time=2.693
obj=0.571
time=2.706
obj=0.571
time=2.719
obj=0.571
time=2.728
obj=0.570
time=2.737
obj=0.568
time=2.767
obj=0.568
time=2.795
obj=0.568
time=2.804
obj=0.567
time=2.819
obj=0.567
time=2.850
obj=0.567
time=2.858
obj=0.567
time=2.879
obj=0.567
time=2.899
obj=0.567
time=2.909
obj=0.566
time=3.285
obj=0.566
time=3.293
obj=0.565
time=3.304
obj=0.565
time=3.315
obj=0.564
time=3.326
obj=0.564
time=3.347
obj=0.564
time=3.358
obj=0.563
time=3.632
obj=0.563
time=3.639
obj=0.563
time=3.657
obj=0.562
time=3.885
obj=0.561
time=3.911
obj=0.561
time=3.970
obj=0.561
time=4.001
obj=0.561
time=4.010
obj=0.561
time=4.631
obj=0.561
time=4.642
obj=0.560
time=8.860
obj=0.559
time=8.868
obj=0.558
time=8.878
obj=0.558
time=8.925
obj=0.558
time=8.950
obj=0.557
time=8.961
obj=0.556
time=8.970
obj=0.556
time=8.997
obj=0.556
time=9.006
obj=0.555
time=11.016
obj=0.555
time=11.024
obj=0.554
time=11.033
obj=0.554
time=11.043
obj=0.554
time=11.744
obj=0.554
time=11.752
obj=0.554
time=14.674
obj=0.554
time=18.060
obj=0.553
time=20.624
obj=0.553
time=20.632
obj=0.552
time=20.642
obj=0.552
time=20.650
obj=0.550
time=21.420
obj=0.550
time=27.658
obj=0.550
time=27.665
obj=0.549
time=27.686
obj=0.548
time=34.798
obj=0.548
time=38.530
obj=0.548
time=38.538
obj=0.548
time=81.591
obj=0.548
time=94.905
obj=0.548
time=96.069
obj=0.548
time=96.080
obj=0.547
time=115.660
obj=0.547
time=115.668
obj=0.547
time=121.568
obj=0.547
time=121.585
obj=0.545
time=121.596
obj=0.545
time=199.067
obj=0.545
time=199.075
obj=0.544
time=199.083
obj=0.543
time=199.098
obj=0.543
time=600.006
obj=0.543
time=600.013
obj=0.541
time=1405.773
obj=0.541
time=1405.781
obj=0.540
time=2275.163
obj=0.539
time=2275.182
obj=0.539
c real margin = 0.461
