buffers=16
windows=80
args generated-large/141.txt 12345 1
original_lb=0.207
time=0.068
obj=0.888
time=0.090
obj=0.887
time=0.093
obj=0.886
time=0.096
obj=0.878
time=0.100
obj=0.872
time=0.104
obj=0.853
time=0.107
obj=0.852
time=0.110
obj=0.822
time=0.113
obj=0.815
time=0.117
obj=0.814
time=0.120
obj=0.805
time=0.124
obj=0.796
time=0.127
obj=0.793
time=0.130
obj=0.787
time=0.133
obj=0.783
time=0.137
obj=0.778
time=0.141
obj=0.773
time=0.144
obj=0.767
time=0.148
obj=0.760
time=0.154
obj=0.760
time=0.159
obj=0.756
time=0.163
obj=0.756
time=0.166
obj=0.756
time=0.171
obj=0.752
time=0.174
obj=0.749
time=0.178
obj=0.744
time=0.182
obj=0.741
time=0.185
obj=0.740
time=0.189
obj=0.739
time=0.193
obj=0.738
time=0.196
obj=0.738
time=0.199
obj=0.736
time=0.204
obj=0.733
time=0.213
obj=0.733
time=0.216
obj=0.732
time=0.219
obj=0.730
time=0.222
obj=0.726
time=0.225
obj=0.725
time=0.230
obj=0.725
time=0.236
obj=0.722
time=0.240
obj=0.720
time=0.243
obj=0.714
time=0.248
obj=0.713
time=0.251
obj=0.710
time=0.322
obj=0.709
time=0.324
obj=0.707
time=0.328
obj=0.706
time=0.331
obj=0.703
time=0.339
obj=0.702
time=0.343
obj=0.700
time=0.347
obj=0.699
time=0.350
obj=0.695
time=0.367
obj=0.694
time=0.370
obj=0.694
time=0.382
obj=0.693
time=0.385
obj=0.692
time=0.389
obj=0.690
time=0.455
obj=0.690
time=0.457
obj=0.688
time=0.461
obj=0.686
time=0.538
obj=0.684
time=0.541
obj=0.684
time=0.544
obj=0.683
time=0.551
obj=0.680
time=0.556
obj=0.678
time=0.559
obj=0.678
time=2.763
obj=0.678
time=13.589
obj=0.677
time=13.592
obj=0.677
time=13.595
obj=0.675
time=13.598
obj=0.674
time=13.601
obj=0.672
time=19.012
obj=0.672
time=19.016
obj=0.671
time=20.711
obj=0.670
time=20.716
obj=0.670
time=20.719
obj=0.669
time=20.723
obj=0.669
time=20.728
obj=0.669
time=770.811
obj=0.668
time=770.814
obj=0.667
c real margin = 0.333
