buffers=8
windows=20
args generated-large/142.txt 12345 1
original_lb=0.259
time=0.008
obj=0.573
time=0.011
obj=0.565
time=0.012
obj=0.537
time=0.012
obj=0.532
time=0.013
obj=0.514
time=0.015
obj=0.513
time=0.016
obj=0.511
time=0.016
obj=0.507
time=0.017
obj=0.494
time=0.018
obj=0.486
time=0.019
obj=0.484
time=0.020
obj=0.482
time=0.021
obj=0.482
time=0.023
obj=0.481
time=0.024
obj=0.465
time=0.025
obj=0.463
time=0.026
obj=0.461
time=0.027
obj=0.456
time=0.028
obj=0.453
time=0.029
obj=0.450
time=0.030
obj=0.448
time=0.031
obj=0.447
time=0.032
obj=0.446
time=0.033
obj=0.441
time=0.034
obj=0.438
time=0.036
obj=0.437
time=0.037
obj=0.430
time=0.038
obj=0.429
time=0.039
obj=0.429
time=0.054
obj=0.428
time=0.055
obj=0.428
time=0.057
obj=0.427
time=0.163
obj=0.426
time=0.165
obj=0.426
time=0.187
obj=0.426
time=0.205
obj=0.425
time=0.206
obj=0.421
time=0.207
obj=0.421
time=0.208
obj=0.407
time=0.209
obj=0.406
c real margin = 0.594
