buffers=24
windows=60
args generated-large/145.txt 12345 1
original_lb=0.232
time=0.142
obj=0.887
time=0.160
obj=0.846
time=0.163
obj=0.829
time=0.167
obj=0.825
time=0.171
obj=0.810
time=0.175
obj=0.809
time=0.179
obj=0.794
time=0.182
obj=0.790
time=0.186
obj=0.785
time=0.191
obj=0.781
time=0.195
obj=0.780
time=0.199
obj=0.773
time=0.205
obj=0.769
time=0.210
obj=0.768
time=0.214
obj=0.767
time=0.219
obj=0.767
time=0.223
obj=0.763
time=0.227
obj=0.759
time=0.231
obj=0.757
time=0.236
obj=0.754
time=0.241
obj=0.750
time=0.247
obj=0.747
time=0.251
obj=0.745
time=0.255
obj=0.745
time=0.260
obj=0.741
time=0.264
obj=0.741
time=0.268
obj=0.741
time=0.273
obj=0.734
time=0.277
obj=0.732
time=0.281
obj=0.731
time=0.285
obj=0.730
time=0.289
obj=0.730
time=0.294
obj=0.727
time=0.298
obj=0.726
time=0.302
obj=0.720
time=0.308
obj=0.717
time=0.312
obj=0.714
time=0.317
obj=0.714
time=0.321
obj=0.714
time=0.326
obj=0.713
time=0.330
obj=0.708
time=0.334
obj=0.707
time=0.338
obj=0.706
time=0.342
obj=0.705
time=0.347
obj=0.702
time=0.351
obj=0.700
time=0.355
obj=0.689
time=0.359
obj=0.689
time=0.365
obj=0.684
time=0.369
obj=0.683
time=0.373
obj=0.680
time=0.378
obj=0.677
time=0.383
obj=0.676
time=0.387
obj=0.673
time=0.393
obj=0.672
time=0.398
obj=0.660
time=0.403
obj=0.657
time=0.411
obj=0.654
time=0.415
obj=0.653
time=0.423
obj=0.648
time=0.428
obj=0.646
time=0.433
obj=0.646
time=0.438
obj=0.645
time=0.446
obj=0.644
time=0.451
obj=0.643
time=0.456
obj=0.642
time=0.460
obj=0.642
time=0.464
obj=0.639
time=0.468
obj=0.638
time=0.472
obj=0.637
time=0.477
obj=0.635
time=0.482
obj=0.632
time=0.487
obj=0.629
time=0.491
obj=0.628
time=0.497
obj=0.626
time=0.503
obj=0.623
time=0.508
obj=0.622
time=0.515
obj=0.621
time=0.519
obj=0.618
time=0.525
obj=0.615
time=0.532
obj=0.615
time=0.544
obj=0.615
time=0.548
obj=0.614
time=0.553
obj=0.614
time=0.557
obj=0.614
time=0.562
obj=0.610
time=0.567
obj=0.605
time=0.573
obj=0.603
time=0.579
obj=0.603
time=0.583
obj=0.603
time=0.589
obj=0.600
time=0.597
obj=0.599
time=0.601
obj=0.597
time=0.608
obj=0.595
time=0.614
obj=0.593
time=0.618
obj=0.593
time=0.622
obj=0.593
time=0.627
obj=0.592
time=0.650
obj=0.592
time=0.654
obj=0.590
time=0.660
obj=0.590
time=0.665
obj=0.589
time=0.669
obj=0.589
time=0.685
obj=0.588
time=0.692
obj=0.585
time=0.697
obj=0.583
time=0.727
obj=0.581
time=0.731
obj=0.580
time=0.736
obj=0.580
time=0.822
obj=0.580
time=0.826
obj=0.579
time=0.841
obj=0.577
time=0.848
obj=0.573
time=0.870
obj=0.573
time=0.896
obj=0.573
time=0.901
obj=0.571
time=1.016
obj=0.570
time=1.020
obj=0.570
time=1.024
obj=0.569
time=1.028
obj=0.566
time=1.034
obj=0.566
time=1.039
obj=0.563
time=1.045
obj=0.562
time=1.050
obj=0.562
time=1.054
obj=0.561
time=1.060
obj=0.561
time=1.065
obj=0.559
time=1.079
obj=0.559
time=1.083
obj=0.558
time=1.088
obj=0.557
time=1.093
obj=0.556
time=1.902
obj=0.555
time=1.908
obj=0.555
time=1.913
obj=0.555
time=1.917
obj=0.552
time=1.922
obj=0.552
time=1.928
obj=0.551
time=1.932
obj=0.550
time=7.525
obj=0.550
time=7.534
obj=0.549
time=7.537
obj=0.548
time=7.541
obj=0.547
time=7.566
obj=0.547
time=7.571
obj=0.547
time=7.575
obj=0.547
time=20.583
obj=0.546
time=20.587
obj=0.546
time=20.591
obj=0.545
time=20.595
obj=0.544
time=20.600
obj=0.544
time=45.704
obj=0.544
time=46.514
obj=0.544
time=46.518
obj=0.544
time=46.525
obj=0.543
time=46.534
obj=0.542
time=46.539
obj=0.542
time=130.388
obj=0.542
time=130.392
obj=0.541
time=130.396
obj=0.540
time=160.867
obj=0.540
time=160.870
obj=0.539
time=214.769
obj=0.539
time=214.774
obj=0.539
time=475.643
obj=0.538
time=475.647
obj=0.538
time=475.651
obj=0.538
time=475.655
obj=0.537
time=475.659
obj=0.537
time=1890.331
obj=0.535
time=1890.337
obj=0.535
c real margin = 0.465
