buffers=16
windows=80
args generated-large/146.txt 12345 1
original_lb=0.247
time=0.069
obj=1.006
time=0.090
obj=1.003
time=0.096
obj=1.002
time=0.101
obj=0.999
time=0.104
obj=0.998
time=0.107
obj=0.995
time=0.111
obj=0.995
time=0.117
obj=0.994
time=0.122
obj=0.990
time=0.125
obj=0.988
time=0.129
obj=0.986
time=0.132
obj=0.986
time=0.139
obj=0.985
time=0.142
obj=0.985
time=0.148
obj=0.983
time=0.153
obj=0.982
time=0.157
obj=0.978
time=0.162
obj=0.977
time=0.165
obj=0.976
time=0.169
obj=0.976
time=0.176
obj=0.974
time=0.179
obj=0.973
time=0.183
obj=0.971
time=0.191
obj=0.967
time=0.195
obj=0.963
time=0.200
obj=0.960
time=0.208
obj=0.960
time=0.212
obj=0.958
time=0.217
obj=0.957
time=0.223
obj=0.956
time=0.230
obj=0.955
time=0.236
obj=0.954
time=0.242
obj=0.951
time=0.250
obj=0.950
time=0.256
obj=0.948
time=0.263
obj=0.948
time=0.266
obj=0.948
time=0.270
obj=0.947
time=0.278
obj=0.947
time=0.284
obj=0.946
time=0.296
obj=0.946
time=0.300
obj=0.939
time=0.304
obj=0.938
time=0.308
obj=0.938
time=0.316
obj=0.935
time=0.325
obj=0.935
time=0.336
obj=0.935
time=0.339
obj=0.934
time=0.348
obj=0.932
time=0.353
obj=0.930
time=0.365
obj=0.930
time=0.368
obj=0.928
time=0.372
obj=0.928
time=0.377
obj=0.927
time=0.389
obj=0.924
time=0.404
obj=0.923
time=0.407
obj=0.922
time=0.411
obj=0.921
time=0.415
obj=0.921
time=0.420
obj=0.920
time=0.441
obj=0.919
time=0.446
obj=0.919
time=0.453
obj=0.919
time=0.456
obj=0.919
time=0.463
obj=0.918
time=0.467
obj=0.918
time=0.473
obj=0.916
time=0.478
obj=0.915
time=0.526
obj=0.915
time=0.532
obj=0.914
time=0.548
obj=0.913
time=0.552
obj=0.913
time=0.591
obj=0.912
time=0.668
obj=0.912
time=0.683
obj=0.912
time=0.693
obj=0.911
time=0.787
obj=0.910
time=0.813
obj=0.910
time=0.822
obj=0.909
time=0.835
obj=0.908
time=0.844
obj=0.906
time=0.848
obj=0.905
time=0.952
obj=0.905
time=0.955
obj=0.904
time=0.981
obj=0.904
time=1.234
obj=0.903
time=1.426
obj=0.902
time=1.429
obj=0.901
time=1.438
obj=0.901
time=1.485
obj=0.900
time=1.496
obj=0.900
time=1.499
obj=0.900
time=1.503
obj=0.898
time=1.507
obj=0.898
time=1.663
obj=0.898
time=1.670
obj=0.897
time=1.675
obj=0.897
time=1.680
obj=0.896
time=1.684
obj=0.896
time=1.917
obj=0.895
time=1.922
obj=0.894
time=2.634
obj=0.893
time=2.638
obj=0.893
time=2.641
obj=0.893
time=2.716
obj=0.890
time=3.308
obj=0.890
time=3.392
obj=0.890
time=3.396
obj=0.885
time=7.716
obj=0.883
time=7.719
obj=0.882
time=10.756
obj=0.882
time=10.759
obj=0.882
time=10.763
obj=0.879
time=20.543
obj=0.879
time=20.545
obj=0.877
time=24.620
obj=0.877
time=27.305
obj=0.877
time=37.098
obj=0.877
time=38.749
obj=0.876
time=53.192
obj=0.876
time=53.273
obj=0.875
time=58.351
obj=0.875
time=61.159
obj=0.875
time=66.603
obj=0.875
time=67.490
obj=0.875
time=80.251
obj=0.874
time=103.280
obj=0.874
time=103.285
obj=0.873
time=103.289
obj=0.872
time=103.297
obj=0.871
time=194.263
obj=0.870
time=217.278
obj=0.869
time=217.283
obj=0.868
time=280.144
obj=0.867
time=280.147
obj=0.867
time=2383.605
obj=0.866
time=2383.608
obj=0.863
time=3379.037
obj=0.863
c real margin = 0.137
