buffers=8
windows=40
args generated-large/147.txt 12345 1
original_lb=0.235
time=0.013
obj=0.872
time=0.017
obj=0.861
time=0.018
obj=0.856
time=0.019
obj=0.854
time=0.020
obj=0.843
time=0.021
obj=0.832
time=0.021
obj=0.828
time=0.022
obj=0.824
time=0.023
obj=0.819
time=0.024
obj=0.819
time=0.025
obj=0.804
time=0.026
obj=0.782
time=0.027
obj=0.773
time=0.028
obj=0.765
time=0.029
obj=0.763
time=0.030
obj=0.751
time=0.031
obj=0.744
time=0.032
obj=0.741
time=0.033
obj=0.735
time=0.034
obj=0.734
time=0.035
obj=0.731
time=0.036
obj=0.731
time=0.037
obj=0.719
time=0.038
obj=0.713
time=0.039
obj=0.712
time=0.040
obj=0.709
time=0.041
obj=0.700
time=0.042
obj=0.691
time=0.043
obj=0.684
time=0.044
obj=0.677
time=0.045
obj=0.677
time=0.049
obj=0.675
time=0.050
obj=0.674
time=0.051
obj=0.673
time=0.054
obj=0.672
time=0.055
obj=0.669
time=0.056
obj=0.666
time=0.082
obj=0.660
time=0.083
obj=0.659
time=0.086
obj=0.657
time=0.114
obj=0.656
time=0.115
obj=0.656
time=0.207
obj=0.652
time=0.213
obj=0.646
time=0.214
obj=0.636
time=0.215
obj=0.636
time=0.216
obj=0.634
time=0.217
obj=0.627
time=0.217
obj=0.627
time=0.218
obj=0.618
time=0.219
obj=0.614
time=37.219
obj=0.613
time=38.102
obj=0.613
time=48.873
obj=0.613
time=48.874
obj=0.610
time=48.875
obj=0.610
time=66.343
obj=0.609
time=66.343
obj=0.609
time=66.344
obj=0.606
time=66.345
obj=0.606
c real margin = 0.394
