buffers=8
windows=80
args generated-large/149.txt 12345 1
original_lb=0.213
time=0.017
obj=0.948
time=0.024
obj=0.756
time=0.025
obj=0.746
time=0.026
obj=0.740
time=0.027
obj=0.721
time=0.028
obj=0.700
time=0.029
obj=0.699
time=0.030
obj=0.691
time=0.031
obj=0.684
time=0.032
obj=0.684
time=0.033
obj=0.683
time=0.034
obj=0.680
time=0.035
obj=0.680
time=0.036
obj=0.678
time=0.037
obj=0.678
time=0.038
obj=0.677
time=0.040
obj=0.674
time=0.041
obj=0.672
time=0.042
obj=0.670
time=0.043
obj=0.669
time=0.044
obj=0.668
time=0.045
obj=0.659
time=0.046
obj=0.659
time=0.048
obj=0.657
time=0.049
obj=0.657
time=0.050
obj=0.653
time=0.051
obj=0.653
time=0.052
obj=0.648
time=0.053
obj=0.648
time=0.054
obj=0.641
time=0.055
obj=0.640
time=0.056
obj=0.630
time=0.058
obj=0.626
time=0.059
obj=0.625
time=0.061
obj=0.624
time=0.063
obj=0.624
time=0.064
obj=0.623
time=0.065
obj=0.621
time=0.066
obj=0.616
time=0.067
obj=0.611
time=0.068
obj=0.610
time=0.069
obj=0.604
time=0.070
obj=0.600
time=0.071
obj=0.597
time=0.073
obj=0.595
time=0.074
obj=0.593
time=0.075
obj=0.592
time=0.076
obj=0.591
time=0.077
obj=0.586
time=0.078
obj=0.586
time=0.079
obj=0.586
time=0.081
obj=0.585
time=0.083
obj=0.581
time=0.084
obj=0.581
time=0.085
obj=0.576
time=0.087
obj=0.574
time=0.091
obj=0.574
time=0.092
obj=0.574
time=0.096
obj=0.573
time=0.097
obj=0.572
time=0.099
obj=0.570
time=0.100
obj=0.567
time=0.105
obj=0.567
time=0.106
obj=0.563
time=0.107
obj=0.559
time=0.109
obj=0.559
time=0.110
obj=0.558
time=0.112
obj=0.558
time=0.113
obj=0.558
time=0.114
obj=0.556
time=0.116
obj=0.556
time=0.117
obj=0.554
time=0.119
obj=0.554
time=0.120
obj=0.552
time=0.136
obj=0.552
time=0.137
obj=0.552
time=0.138
obj=0.550
time=0.139
obj=0.550
time=0.140
obj=0.549
time=0.273
obj=0.548
time=0.292
obj=0.548
time=0.293
obj=0.547
time=0.294
obj=0.546
time=0.436
obj=0.545
time=0.437
obj=0.544
time=0.438
obj=0.542
time=1.191
obj=0.541
time=1.192
obj=0.540
time=2.138
obj=0.540
time=2.142
obj=0.539
time=2.143
obj=0.537
time=4.326
obj=0.536
time=4.327
obj=0.536
time=5.589
obj=0.536
time=5.973
obj=0.533
time=5.974
obj=0.533
time=22.678
obj=0.533
time=22.679
obj=0.531
time=52.434
obj=0.527
c real margin = 0.473
