buffers=8
windows=40
args generated-large/15.txt 12345 1
original_lb=0.229
time=0.013
obj=0.800
time=0.017
obj=0.792
time=0.018
obj=0.780
time=0.019
obj=0.776
time=0.020
obj=0.765
time=0.021
obj=0.764
time=0.022
obj=0.742
time=0.022
obj=0.737
time=0.023
obj=0.730
time=0.024
obj=0.715
time=0.025
obj=0.707
time=0.026
obj=0.706
time=0.027
obj=0.705
time=0.028
obj=0.704
time=0.029
obj=0.703
time=0.030
obj=0.696
time=0.031
obj=0.675
time=0.032
obj=0.671
time=0.033
obj=0.666
time=0.035
obj=0.662
time=0.036
obj=0.645
time=0.037
obj=0.643
time=0.038
obj=0.642
time=0.039
obj=0.642
time=0.040
obj=0.640
time=0.042
obj=0.638
time=0.044
obj=0.637
time=0.046
obj=0.636
time=0.047
obj=0.629
time=0.048
obj=0.626
time=0.050
obj=0.621
time=0.051
obj=0.620
time=0.053
obj=0.617
time=0.053
obj=0.614
time=0.055
obj=0.614
time=0.057
obj=0.609
time=0.059
obj=0.608
time=0.061
obj=0.608
time=0.063
obj=0.607
time=0.064
obj=0.601
time=0.065
obj=0.588
time=0.084
obj=0.584
time=0.085
obj=0.584
time=0.817
obj=0.583
time=7.257
obj=0.583
time=7.258
obj=0.583
time=7.259
obj=0.582
time=7.261
obj=0.579
time=7.262
obj=0.576
time=7.599
obj=0.576
time=66.526
obj=0.573
c real margin = 0.427
