buffers=16
windows=60
args generated-large/150.txt 12345 1
original_lb=0.189
time=0.078
obj=0.812
time=0.095
obj=0.788
time=0.099
obj=0.739
time=0.103
obj=0.735
time=0.107
obj=0.720
time=0.110
obj=0.668
time=0.114
obj=0.665
time=0.117
obj=0.665
time=0.122
obj=0.658
time=0.127
obj=0.653
time=0.131
obj=0.644
time=0.135
obj=0.642
time=0.140
obj=0.641
time=0.145
obj=0.636
time=0.149
obj=0.635
time=0.154
obj=0.632
time=0.159
obj=0.631
time=0.162
obj=0.631
time=0.167
obj=0.630
time=0.172
obj=0.626
time=0.177
obj=0.617
time=0.182
obj=0.603
time=0.187
obj=0.600
time=0.192
obj=0.598
time=0.195
obj=0.597
time=0.201
obj=0.589
time=0.204
obj=0.586
time=0.208
obj=0.585
time=0.212
obj=0.584
time=0.217
obj=0.582
time=0.222
obj=0.579
time=0.226
obj=0.574
time=0.231
obj=0.573
time=0.234
obj=0.572
time=0.241
obj=0.568
time=0.245
obj=0.568
time=0.252
obj=0.567
time=0.258
obj=0.566
time=0.265
obj=0.565
time=0.269
obj=0.565
time=0.275
obj=0.564
time=0.280
obj=0.562
time=0.287
obj=0.562
time=0.291
obj=0.558
time=0.296
obj=0.557
time=0.303
obj=0.557
time=0.310
obj=0.553
time=0.314
obj=0.553
time=0.317
obj=0.549
time=0.322
obj=0.549
time=0.331
obj=0.548
time=0.334
obj=0.545
time=0.338
obj=0.540
time=0.346
obj=0.538
time=0.352
obj=0.538
time=0.356
obj=0.536
time=0.363
obj=0.535
time=0.367
obj=0.534
time=0.384
obj=0.534
time=0.387
obj=0.532
time=0.393
obj=0.526
time=0.397
obj=0.526
time=0.404
obj=0.525
time=0.413
obj=0.525
time=0.417
obj=0.524
time=0.423
obj=0.522
time=0.437
obj=0.519
time=0.440
obj=0.518
time=0.451
obj=0.518
time=0.454
obj=0.518
time=0.460
obj=0.517
time=0.589
obj=0.517
time=0.592
obj=0.517
time=0.599
obj=0.516
time=1.495
obj=0.515
time=3.948
obj=0.515
time=3.955
obj=0.513
time=3.960
obj=0.513
time=4.167
obj=0.513
time=4.170
obj=0.510
time=4.177
obj=0.504
time=4.184
obj=0.503
time=4.187
obj=0.502
time=4.671
obj=0.500
c real margin = 0.500
