buffers=24
windows=40
args generated-large/151.txt 12345 1
original_lb=0.249
time=0.233
obj=0.684
time=0.261
obj=0.663
time=0.271
obj=0.663
time=0.279
obj=0.660
time=0.286
obj=0.658
time=0.294
obj=0.657
time=0.301
obj=0.649
time=0.309
obj=0.646
time=0.316
obj=0.640
time=0.325
obj=0.639
time=0.332
obj=0.632
time=0.339
obj=0.630
time=0.348
obj=0.601
time=0.357
obj=0.593
time=0.366
obj=0.592
time=0.374
obj=0.590
time=0.383
obj=0.578
time=0.393
obj=0.569
time=0.402
obj=0.562
time=0.412
obj=0.559
time=0.421
obj=0.540
time=0.430
obj=0.539
time=0.438
obj=0.536
time=0.449
obj=0.535
time=0.459
obj=0.533
time=0.470
obj=0.526
time=0.477
obj=0.507
time=0.485
obj=0.505
time=0.495
obj=0.504
time=0.505
obj=0.499
time=0.512
obj=0.499
time=0.519
obj=0.496
time=0.529
obj=0.492
time=0.536
obj=0.491
time=0.545
obj=0.486
time=0.553
obj=0.486
time=0.565
obj=0.484
time=0.574
obj=0.474
time=0.585
obj=0.473
time=0.593
obj=0.472
time=0.601
obj=0.468
time=0.608
obj=0.468
time=0.619
obj=0.466
time=0.627
obj=0.465
time=0.642
obj=0.461
time=0.653
obj=0.456
time=0.661
obj=0.452
time=0.670
obj=0.450
time=0.681
obj=0.449
time=0.692
obj=0.449
time=0.701
obj=0.447
time=0.712
obj=0.445
time=0.720
obj=0.442
time=0.736
obj=0.440
time=0.744
obj=0.437
time=0.754
obj=0.437
time=0.765
obj=0.436
time=0.778
obj=0.436
time=0.788
obj=0.434
time=0.804
obj=0.432
time=0.815
obj=0.432
time=0.831
obj=0.430
time=0.845
obj=0.429
time=0.879
obj=0.428
time=0.891
obj=0.428
time=0.911
obj=0.426
time=0.928
obj=0.425
time=0.936
obj=0.422
time=0.953
obj=0.421
time=0.969
obj=0.421
time=0.978
obj=0.420
time=0.996
obj=0.420
time=1.005
obj=0.419
time=1.015
obj=0.418
time=1.025
obj=0.417
time=1.049
obj=0.416
time=1.060
obj=0.416
time=1.080
obj=0.416
time=1.090
obj=0.414
time=1.100
obj=0.413
time=1.121
obj=0.412
time=1.144
obj=0.411
time=1.304
obj=0.410
time=1.311
obj=0.410
time=1.338
obj=0.409
time=1.348
obj=0.407
time=1.360
obj=0.404
time=1.368
obj=0.403
time=1.385
obj=0.403
time=1.393
obj=0.402
time=1.401
obj=0.401
time=1.425
obj=0.400
time=1.433
obj=0.399
time=1.846
obj=0.399
time=2.032
obj=0.399
time=2.040
obj=0.397
time=2.049
obj=0.396
time=2.072
obj=0.396
time=2.101
obj=0.395
time=2.109
obj=0.394
time=2.334
obj=0.393
time=2.357
obj=0.393
time=2.665
obj=0.390
time=2.678
obj=0.390
time=2.686
obj=0.389
time=5.204
obj=0.389
time=5.214
obj=0.389
time=39.847
obj=0.388
time=39.854
obj=0.388
time=543.577
obj=0.387
time=543.586
obj=0.387
time=543.599
obj=0.386
time=543.607
obj=0.386
time=866.218
obj=0.385
time=866.227
obj=0.383
time=1047.145
obj=0.382
time=1047.152
obj=0.382
c real margin = 0.618
