buffers=16
windows=80
args generated-large/152.txt 12345 1
original_lb=0.267
time=0.063
obj=0.971
time=0.078
obj=0.970
time=0.085
obj=0.970
time=0.091
obj=0.970
time=0.095
obj=0.970
time=0.098
obj=0.961
time=0.101
obj=0.959
time=0.103
obj=0.954
time=0.107
obj=0.953
time=0.110
obj=0.933
time=0.113
obj=0.932
time=0.115
obj=0.931
time=0.119
obj=0.931
time=0.121
obj=0.929
time=0.125
obj=0.921
time=0.129
obj=0.921
time=0.132
obj=0.919
time=0.134
obj=0.915
time=0.138
obj=0.909
time=0.140
obj=0.908
time=0.143
obj=0.907
time=0.147
obj=0.902
time=0.151
obj=0.901
time=0.154
obj=0.900
time=0.157
obj=0.897
time=0.159
obj=0.896
time=0.163
obj=0.890
time=0.166
obj=0.890
time=0.170
obj=0.889
time=0.174
obj=0.887
time=0.177
obj=0.887
time=0.181
obj=0.883
time=0.183
obj=0.880
time=0.186
obj=0.874
time=0.190
obj=0.869
time=0.194
obj=0.866
time=0.199
obj=0.865
time=0.202
obj=0.864
time=0.205
obj=0.863
time=0.208
obj=0.860
time=0.210
obj=0.857
time=0.214
obj=0.856
time=0.218
obj=0.855
time=0.222
obj=0.851
time=0.226
obj=0.850
time=0.229
obj=0.849
time=0.233
obj=0.848
time=0.237
obj=0.847
time=0.240
obj=0.845
time=0.245
obj=0.844
time=0.249
obj=0.841
time=0.253
obj=0.839
time=0.257
obj=0.839
time=0.260
obj=0.839
time=0.263
obj=0.836
time=0.267
obj=0.835
time=0.270
obj=0.834
time=0.274
obj=0.834
time=0.278
obj=0.834
time=0.283
obj=0.831
time=0.287
obj=0.830
time=0.291
obj=0.830
time=0.296
obj=0.829
time=0.300
obj=0.828
time=0.303
obj=0.826
time=0.306
obj=0.822
time=0.309
obj=0.820
time=0.313
obj=0.815
time=0.317
obj=0.815
time=0.322
obj=0.813
time=0.326
obj=0.813
time=0.329
obj=0.812
time=0.332
obj=0.806
time=0.337
obj=0.805
time=0.342
obj=0.803
time=0.346
obj=0.802
time=0.352
obj=0.800
time=0.357
obj=0.796
time=0.364
obj=0.790
time=0.367
obj=0.790
time=0.370
obj=0.789
time=0.373
obj=0.787
time=0.378
obj=0.781
time=0.381
obj=0.781
time=0.391
obj=0.781
time=0.394
obj=0.781
time=0.400
obj=0.780
time=0.403
obj=0.775
time=0.406
obj=0.774
time=0.409
obj=0.763
time=0.412
obj=0.761
time=0.412
obj=0.759
time=0.426
obj=0.756
time=0.428
obj=0.754
time=0.432
obj=0.752
time=0.436
obj=0.752
time=0.558
obj=0.752
time=0.560
obj=0.747
time=0.563
obj=0.747
time=0.999
obj=0.747
time=1.004
obj=0.746
time=1.008
obj=0.746
time=1.011
obj=0.744
time=1.076
obj=0.744
time=1.080
obj=0.743
time=1.084
obj=0.743
time=1.188
obj=0.742
time=1.192
obj=0.742
time=1.373
obj=0.742
time=1.376
obj=0.739
time=2.386
obj=0.738
time=2.389
obj=0.737
time=2.393
obj=0.736
time=2.395
obj=0.735
time=2.399
obj=0.735
time=2.403
obj=0.735
time=2.406
obj=0.735
time=2.411
obj=0.734
time=3.824
obj=0.734
time=5.490
obj=0.734
time=5.494
obj=0.732
time=5.498
obj=0.732
time=5.502
obj=0.732
time=5.504
obj=0.731
time=5.509
obj=0.730
time=5.512
obj=0.730
time=9.350
obj=0.729
time=9.355
obj=0.729
time=23.665
obj=0.728
time=23.669
obj=0.726
time=23.671
obj=0.725
time=25.128
obj=0.725
time=25.923
obj=0.723
time=170.660
obj=0.722
time=2197.031
obj=0.721
c real margin = 0.279
