buffers=8
windows=80
args generated-large/155.txt 12345 1
original_lb=0.244
time=0.009
obj=0.945
time=0.013
obj=0.940
time=0.014
obj=0.935
time=0.015
obj=0.935
time=0.015
obj=0.932
time=0.016
obj=0.928
time=0.107
obj=0.927
time=0.107
obj=0.925
time=0.108
obj=0.919
time=0.109
obj=0.917
time=0.109
obj=0.911
time=0.110
obj=0.898
time=0.111
obj=0.886
time=0.112
obj=0.886
time=0.113
obj=0.877
time=0.114
obj=0.877
time=0.115
obj=0.863
time=0.116
obj=0.846
time=0.116
obj=0.844
time=0.117
obj=0.838
time=0.118
obj=0.827
time=0.119
obj=0.817
time=0.120
obj=0.817
time=0.120
obj=0.810
time=0.121
obj=0.776
time=0.122
obj=0.774
time=0.123
obj=0.769
time=0.124
obj=0.766
time=0.125
obj=0.764
time=0.126
obj=0.760
time=0.127
obj=0.757
time=0.128
obj=0.753
time=0.128
obj=0.752
time=0.130
obj=0.747
time=0.130
obj=0.741
time=0.131
obj=0.733
time=0.132
obj=0.732
time=0.133
obj=0.723
time=0.155
obj=0.720
time=0.156
obj=0.718
time=0.157
obj=0.716
time=0.236
obj=0.716
time=0.237
obj=0.716
time=0.249
obj=0.715
time=0.250
obj=0.715
time=0.263
obj=0.714
time=0.348
obj=0.712
time=0.349
obj=0.712
time=0.349
obj=0.712
time=0.350
obj=0.710
time=0.479
obj=0.710
time=0.633
obj=0.709
time=0.634
obj=0.707
time=0.722
obj=0.706
time=0.723
obj=0.706
time=0.724
obj=0.705
time=1.197
obj=0.704
time=1.198
obj=0.703
time=1.199
obj=0.702
time=7.877
obj=0.701
time=7.879
obj=0.696
time=11.257
obj=0.695
time=11.995
obj=0.694
time=11.996
obj=0.692
time=175.171
obj=0.691
time=1028.555
obj=0.688
c real margin = 0.312
