buffers=16
windows=60
args generated-large/156.txt 12345 1
original_lb=0.282
time=0.062
obj=0.897
time=0.076
obj=0.849
time=0.079
obj=0.840
time=0.082
obj=0.816
time=0.085
obj=0.806
time=0.088
obj=0.794
time=0.091
obj=0.783
time=0.093
obj=0.783
time=0.096
obj=0.777
time=0.098
obj=0.764
time=0.101
obj=0.759
time=0.103
obj=0.754
time=0.106
obj=0.750
time=0.110
obj=0.749
time=0.113
obj=0.733
time=0.116
obj=0.727
time=0.119
obj=0.721
time=0.122
obj=0.714
time=0.125
obj=0.713
time=0.129
obj=0.708
time=0.132
obj=0.706
time=0.135
obj=0.706
time=0.138
obj=0.696
time=0.141
obj=0.693
time=0.144
obj=0.688
time=0.147
obj=0.688
time=0.150
obj=0.670
time=0.153
obj=0.669
time=0.156
obj=0.667
time=0.159
obj=0.665
time=0.162
obj=0.662
time=0.165
obj=0.653
time=0.168
obj=0.651
time=0.171
obj=0.650
time=0.175
obj=0.649
time=0.178
obj=0.646
time=0.182
obj=0.641
time=0.185
obj=0.640
time=0.188
obj=0.639
time=0.192
obj=0.637
time=0.196
obj=0.637
time=0.199
obj=0.636
time=0.203
obj=0.634
time=0.206
obj=0.632
time=0.209
obj=0.628
time=0.213
obj=0.624
time=0.216
obj=0.621
time=0.219
obj=0.620
time=0.222
obj=0.619
time=0.225
obj=0.618
time=0.228
obj=0.612
time=0.232
obj=0.611
time=0.236
obj=0.610
time=0.240
obj=0.609
time=0.243
obj=0.608
time=0.247
obj=0.607
time=0.250
obj=0.606
time=0.254
obj=0.604
time=0.258
obj=0.602
time=0.262
obj=0.598
time=0.265
obj=0.591
time=0.269
obj=0.591
time=0.272
obj=0.590
time=0.275
obj=0.589
time=0.278
obj=0.586
time=0.283
obj=0.583
time=0.286
obj=0.583
time=0.290
obj=0.580
time=0.293
obj=0.580
time=0.296
obj=0.579
time=0.301
obj=0.578
time=0.304
obj=0.576
time=0.307
obj=0.575
time=0.311
obj=0.574
time=0.314
obj=0.572
time=0.317
obj=0.571
time=0.320
obj=0.570
time=0.324
obj=0.568
time=0.326
obj=0.565
time=0.330
obj=0.560
time=0.334
obj=0.553
time=0.338
obj=0.553
time=0.343
obj=0.551
time=0.345
obj=0.549
time=0.349
obj=0.549
time=0.352
obj=0.549
time=0.357
obj=0.543
time=0.360
obj=0.542
time=0.367
obj=0.541
time=0.371
obj=0.538
time=0.374
obj=0.537
time=0.381
obj=0.537
time=0.384
obj=0.535
time=0.393
obj=0.535
time=0.437
obj=0.535
time=0.499
obj=0.534
time=0.506
obj=0.534
time=0.508
obj=0.533
time=0.520
obj=0.533
time=0.524
obj=0.531
time=0.527
obj=0.531
time=0.609
obj=0.531
time=0.613
obj=0.530
time=0.616
obj=0.526
time=0.618
obj=0.526
time=0.622
obj=0.525
time=0.626
obj=0.524
time=0.629
obj=0.524
time=0.634
obj=0.524
time=0.639
obj=0.523
time=0.644
obj=0.523
time=0.655
obj=0.522
time=0.659
obj=0.520
time=0.663
obj=0.517
time=0.666
obj=0.517
time=0.669
obj=0.517
time=0.736
obj=0.516
time=0.739
obj=0.514
time=0.745
obj=0.512
time=0.748
obj=0.511
time=0.786
obj=0.510
time=0.791
obj=0.509
time=0.796
obj=0.507
time=0.799
obj=0.507
time=0.806
obj=0.506
time=0.809
obj=0.505
time=0.814
obj=0.504
time=0.817
obj=0.503
time=1.156
obj=0.503
time=1.159
obj=0.502
time=1.162
obj=0.501
time=1.167
obj=0.501
time=1.169
obj=0.499
time=1.873
obj=0.498
time=2.529
obj=0.497
time=2.532
obj=0.496
time=2.717
obj=0.496
time=2.719
obj=0.494
time=2.723
obj=0.493
time=3.620
obj=0.492
time=3.623
obj=0.489
time=3.627
obj=0.489
time=3.633
obj=0.488
c real margin = 0.512
