buffers=16
windows=20
args generated-large/158.txt 12345 1
original_lb=0.248
time=0.061
obj=0.648
time=0.069
obj=0.545
time=0.072
obj=0.510
time=0.075
obj=0.496
time=0.079
obj=0.496
time=0.083
obj=0.493
time=0.087
obj=0.476
time=0.091
obj=0.457
time=0.097
obj=0.456
time=0.100
obj=0.451
time=0.103
obj=0.446
time=0.107
obj=0.440
time=0.113
obj=0.435
time=0.119
obj=0.431
time=0.123
obj=0.431
time=0.128
obj=0.428
time=0.134
obj=0.426
time=0.137
obj=0.419
time=0.140
obj=0.416
time=0.145
obj=0.413
time=0.149
obj=0.411
time=0.154
obj=0.409
time=0.157
obj=0.407
time=0.161
obj=0.400
time=0.165
obj=0.400
time=0.169
obj=0.400
time=0.172
obj=0.395
time=0.177
obj=0.393
time=0.180
obj=0.391
time=0.186
obj=0.390
time=0.191
obj=0.388
time=0.195
obj=0.385
time=0.200
obj=0.382
time=0.204
obj=0.381
time=0.208
obj=0.380
time=0.216
obj=0.377
time=0.221
obj=0.376
time=0.227
obj=0.375
time=0.236
obj=0.375
time=0.245
obj=0.374
time=0.252
obj=0.372
time=0.255
obj=0.369
time=0.258
obj=0.366
time=0.262
obj=0.365
time=0.267
obj=0.364
time=0.270
obj=0.364
time=0.274
obj=0.363
time=0.289
obj=0.362
time=0.294
obj=0.362
time=0.298
obj=0.362
time=0.303
obj=0.359
time=0.308
obj=0.358
time=0.313
obj=0.356
time=0.317
obj=0.356
time=0.335
obj=0.355
time=0.343
obj=0.352
time=0.499
obj=0.351
time=0.546
obj=0.350
time=0.551
obj=0.350
time=0.554
obj=0.348
time=0.557
obj=0.345
time=0.561
obj=0.344
time=0.682
obj=0.344
time=0.685
obj=0.343
time=0.692
obj=0.342
time=0.724
obj=0.340
time=0.747
obj=0.339
time=0.750
obj=0.338
time=0.755
obj=0.338
time=1.186
obj=0.338
time=1.189
obj=0.337
time=1.193
obj=0.336
time=1.198
obj=0.334
time=1.209
obj=0.334
time=1.283
obj=0.333
time=338.667
obj=0.331
time=338.670
obj=0.330
time=414.421
obj=0.330
time=414.428
obj=0.329
time=414.439
obj=0.327
c real margin = 0.673
