buffers=16
windows=80
args generated-large/159.txt 12345 1
original_lb=0.210
time=0.067
obj=0.944
time=0.090
obj=0.943
time=0.093
obj=0.938
time=0.096
obj=0.938
time=0.101
obj=0.937
time=0.105
obj=0.933
time=0.108
obj=0.931
time=0.112
obj=0.930
time=0.116
obj=0.917
time=0.120
obj=0.908
time=0.125
obj=0.895
time=0.129
obj=0.889
time=0.134
obj=0.886
time=0.137
obj=0.880
time=0.143
obj=0.879
time=0.147
obj=0.876
time=0.152
obj=0.874
time=0.155
obj=0.868
time=0.159
obj=0.860
time=0.163
obj=0.860
time=0.167
obj=0.859
time=0.171
obj=0.850
time=0.175
obj=0.848
time=0.179
obj=0.844
time=0.183
obj=0.843
time=0.187
obj=0.843
time=0.191
obj=0.842
time=0.194
obj=0.841
time=0.198
obj=0.840
time=0.201
obj=0.839
time=0.206
obj=0.837
time=0.210
obj=0.836
time=0.216
obj=0.830
time=0.220
obj=0.827
time=0.226
obj=0.823
time=0.229
obj=0.818
time=0.233
obj=0.817
time=0.236
obj=0.816
time=0.242
obj=0.813
time=0.246
obj=0.810
time=0.252
obj=0.809
time=0.255
obj=0.809
time=0.261
obj=0.808
time=0.265
obj=0.807
time=0.270
obj=0.806
time=0.276
obj=0.806
time=0.282
obj=0.805
time=0.287
obj=0.802
time=0.293
obj=0.799
time=0.299
obj=0.796
time=0.304
obj=0.791
time=0.310
obj=0.790
time=0.315
obj=0.790
time=0.320
obj=0.786
time=0.324
obj=0.779
time=0.330
obj=0.778
time=0.335
obj=0.778
time=0.338
obj=0.776
time=0.344
obj=0.776
time=0.349
obj=0.774
time=0.354
obj=0.772
time=0.358
obj=0.769
time=0.367
obj=0.768
time=0.373
obj=0.767
time=0.378
obj=0.767
time=0.383
obj=0.764
time=0.387
obj=0.760
time=0.394
obj=0.759
time=0.401
obj=0.756
time=0.406
obj=0.755
time=0.410
obj=0.752
time=0.418
obj=0.749
time=0.423
obj=0.749
time=0.427
obj=0.748
time=0.436
obj=0.744
time=0.440
obj=0.743
time=0.443
obj=0.742
time=0.449
obj=0.741
time=0.455
obj=0.740
time=0.459
obj=0.739
time=0.467
obj=0.738
time=0.475
obj=0.738
time=0.483
obj=0.736
time=0.487
obj=0.735
time=0.490
obj=0.732
time=0.496
obj=0.730
time=0.500
obj=0.730
time=0.511
obj=0.729
time=0.520
obj=0.728
time=0.528
obj=0.728
time=0.537
obj=0.727
time=0.541
obj=0.726
time=0.549
obj=0.725
time=0.553
obj=0.723
time=0.556
obj=0.720
time=0.561
obj=0.717
time=0.565
obj=0.716
time=0.587
obj=0.715
time=0.593
obj=0.714
time=0.601
obj=0.713
time=0.618
obj=0.711
time=0.683
obj=0.711
time=0.790
obj=0.710
time=0.794
obj=0.708
time=0.907
obj=0.708
time=0.911
obj=0.706
time=1.085
obj=0.706
time=1.088
obj=0.706
time=1.091
obj=0.706
time=1.122
obj=0.706
time=1.125
obj=0.705
time=1.190
obj=0.705
time=1.199
obj=0.704
time=1.208
obj=0.701
time=1.211
obj=0.699
time=1.215
obj=0.696
time=1.219
obj=0.693
time=1.225
obj=0.693
time=1.238
obj=0.692
time=1.241
obj=0.691
time=6.870
obj=0.690
time=6.877
obj=0.690
time=10.333
obj=0.690
time=10.336
obj=0.689
time=16.986
obj=0.689
time=16.989
obj=0.688
time=26.418
obj=0.688
time=26.420
obj=0.687
time=31.719
obj=0.687
time=31.721
obj=0.686
time=48.945
obj=0.685
time=48.948
obj=0.682
time=48.952
obj=0.682
time=48.955
obj=0.681
time=48.958
obj=0.680
time=48.962
obj=0.679
time=48.965
obj=0.679
time=78.506
obj=0.678
time=78.509
obj=0.677
time=78.512
obj=0.677
time=381.430
obj=0.677
c real margin = 0.323
