buffers=16
windows=40
args generated-large/16.txt 12345 1
original_lb=0.267
time=0.070
obj=0.599
time=0.086
obj=0.590
time=0.090
obj=0.589
time=0.093
obj=0.571
time=0.097
obj=0.567
time=0.101
obj=0.566
time=0.104
obj=0.553
time=0.108
obj=0.551
time=0.111
obj=0.547
time=0.115
obj=0.547
time=0.119
obj=0.537
time=0.122
obj=0.535
time=0.126
obj=0.533
time=0.129
obj=0.530
time=0.133
obj=0.516
time=0.137
obj=0.513
time=0.141
obj=0.510
time=0.145
obj=0.507
time=0.149
obj=0.504
time=0.152
obj=0.501
time=0.156
obj=0.501
time=0.160
obj=0.493
time=0.163
obj=0.487
time=0.166
obj=0.481
time=0.170
obj=0.480
time=0.176
obj=0.478
time=0.181
obj=0.477
time=0.185
obj=0.474
time=0.193
obj=0.474
time=0.199
obj=0.468
time=0.204
obj=0.465
time=0.217
obj=0.464
time=0.221
obj=0.464
time=0.224
obj=0.458
time=0.228
obj=0.456
time=0.231
obj=0.453
time=0.243
obj=0.451
time=0.247
obj=0.445
time=0.250
obj=0.442
time=0.265
obj=0.442
time=0.269
obj=0.439
time=0.272
obj=0.438
time=0.277
obj=0.437
time=0.283
obj=0.437
time=0.298
obj=0.437
time=0.303
obj=0.435
time=0.307
obj=0.432
time=0.310
obj=0.432
time=0.315
obj=0.431
time=0.318
obj=0.427
time=0.323
obj=0.427
time=0.326
obj=0.425
time=0.330
obj=0.425
time=0.696
obj=0.424
time=0.699
obj=0.422
time=0.701
obj=0.422
time=0.704
obj=0.421
time=0.706
obj=0.418
time=1.165
obj=0.416
time=1.168
obj=0.416
time=1.171
obj=0.415
time=1.174
obj=0.413
c real margin = 0.587
