buffers=8
windows=40
args generated-large/160.txt 12345 1
original_lb=0.211
time=0.006
obj=0.839
time=0.008
obj=0.839
time=0.009
obj=0.833
time=0.009
obj=0.831
time=0.010
obj=0.826
time=0.010
obj=0.823
time=0.011
obj=0.816
time=0.011
obj=0.808
time=0.012
obj=0.805
time=0.012
obj=0.804
time=0.013
obj=0.795
time=0.013
obj=0.784
time=0.013
obj=0.779
time=0.014
obj=0.772
time=0.015
obj=0.772
time=0.015
obj=0.766
time=0.016
obj=0.758
time=0.016
obj=0.754
time=0.016
obj=0.752
time=0.017
obj=0.749
time=0.017
obj=0.743
time=0.018
obj=0.739
time=0.018
obj=0.737
time=0.019
obj=0.737
time=0.019
obj=0.734
time=0.020
obj=0.727
time=0.020
obj=0.726
time=0.021
obj=0.716
time=0.021
obj=0.715
time=0.022
obj=0.709
time=0.022
obj=0.709
time=0.023
obj=0.707
time=0.024
obj=0.705
time=0.024
obj=0.705
time=0.025
obj=0.703
time=0.026
obj=0.701
time=0.027
obj=0.701
time=0.027
obj=0.700
time=0.028
obj=0.696
time=0.029
obj=0.695
time=0.030
obj=0.694
time=0.030
obj=0.690
time=0.033
obj=0.689
time=0.033
obj=0.687
time=0.034
obj=0.686
time=0.042
obj=0.686
time=0.043
obj=0.683
time=0.043
obj=0.677
time=0.044
obj=0.675
time=0.044
obj=0.674
time=0.046
obj=0.674
time=0.046
obj=0.673
time=0.047
obj=0.671
time=0.048
obj=0.669
time=0.048
obj=0.666
time=0.048
obj=0.663
time=0.049
obj=0.663
time=0.049
obj=0.663
time=0.050
obj=0.656
time=0.050
obj=0.655
time=0.050
obj=0.655
time=0.052
obj=0.652
time=0.053
obj=0.650
time=0.054
obj=0.649
time=0.086
obj=0.649
time=0.087
obj=0.647
time=0.213
obj=0.647
time=0.240
obj=0.646
time=0.240
obj=0.646
time=0.625
obj=0.645
time=1.138
obj=0.645
time=1.162
obj=0.643
time=1.229
obj=0.642
time=1.229
obj=0.641
time=1.229
obj=0.639
time=1.230
obj=0.637
time=2.274
obj=0.636
time=2.423
obj=0.636
time=8.106
obj=0.635
time=8.107
obj=0.634
time=15.447
obj=0.632
time=15.447
obj=0.630
time=28.453
obj=0.629
time=38.083
obj=0.629
time=38.083
obj=0.628
time=40.979
obj=0.627
time=40.979
obj=0.627
time=69.495
obj=0.627
time=69.650
obj=0.625
time=69.650
obj=0.625
time=293.424
obj=0.624
time=378.570
obj=0.623
time=1059.646
obj=0.622
time=1059.646
obj=0.622
time=2541.304
obj=0.622
c real margin = 0.378
