buffers=8
windows=40
args generated-large/161.txt 12345 1
original_lb=0.253
time=0.007
obj=0.899
time=0.008
obj=0.896
time=0.009
obj=0.892
time=0.009
obj=0.884
time=0.009
obj=0.880
time=0.010
obj=0.860
time=0.010
obj=0.851
time=0.010
obj=0.830
time=0.011
obj=0.829
time=0.011
obj=0.828
time=0.012
obj=0.814
time=0.012
obj=0.810
time=0.013
obj=0.809
time=0.013
obj=0.803
time=0.014
obj=0.803
time=0.014
obj=0.799
time=0.015
obj=0.797
time=0.015
obj=0.793
time=0.016
obj=0.793
time=0.016
obj=0.787
time=0.017
obj=0.785
time=0.017
obj=0.785
time=0.018
obj=0.785
time=0.018
obj=0.784
time=0.018
obj=0.784
time=0.019
obj=0.781
time=0.019
obj=0.781
time=0.020
obj=0.771
time=0.020
obj=0.771
time=0.021
obj=0.767
time=0.022
obj=0.765
time=0.022
obj=0.763
time=0.023
obj=0.760
time=0.024
obj=0.751
time=0.024
obj=0.749
time=0.024
obj=0.720
time=0.025
obj=0.716
time=0.025
obj=0.716
time=0.026
obj=0.714
time=0.026
obj=0.713
time=0.027
obj=0.708
time=0.028
obj=0.708
time=0.029
obj=0.705
time=0.030
obj=0.701
time=0.030
obj=0.700
time=0.031
obj=0.700
time=0.032
obj=0.697
time=0.033
obj=0.697
time=0.035
obj=0.692
time=0.036
obj=0.692
time=0.048
obj=0.692
time=0.048
obj=0.685
time=0.056
obj=0.679
time=0.057
obj=0.678
time=0.075
obj=0.676
time=0.076
obj=0.675
time=0.080
obj=0.673
time=0.080
obj=0.671
time=0.115
obj=0.671
time=0.116
obj=0.665
time=0.126
obj=0.663
time=0.126
obj=0.661
time=0.567
obj=0.660
time=0.567
obj=0.658
time=0.737
obj=0.657
time=5.174
obj=0.657
time=8.489
obj=0.655
time=8.490
obj=0.654
time=8.490
obj=0.653
time=13.839
obj=0.652
time=17.729
obj=0.650
time=17.729
obj=0.650
time=17.730
obj=0.649
time=44.069
obj=0.648
time=65.087
obj=0.645
time=65.087
obj=0.644
time=1510.231
obj=0.642
c real margin = 0.358
