buffers=16
windows=40
args generated-large/162.txt 12345 1
original_lb=0.235
time=0.037
obj=0.772
time=0.043
obj=0.721
time=0.045
obj=0.719
time=0.047
obj=0.716
time=0.048
obj=0.712
time=0.050
obj=0.709
time=0.051
obj=0.709
time=0.053
obj=0.691
time=0.054
obj=0.668
time=0.056
obj=0.661
time=0.058
obj=0.652
time=0.060
obj=0.648
time=0.062
obj=0.647
time=0.063
obj=0.622
time=0.065
obj=0.619
time=0.067
obj=0.616
time=0.068
obj=0.610
time=0.070
obj=0.610
time=0.071
obj=0.597
time=0.073
obj=0.596
time=0.075
obj=0.596
time=0.077
obj=0.593
time=0.080
obj=0.592
time=0.082
obj=0.589
time=0.084
obj=0.589
time=0.086
obj=0.587
time=0.091
obj=0.582
time=0.092
obj=0.580
time=0.094
obj=0.578
time=0.097
obj=0.575
time=0.099
obj=0.575
time=0.101
obj=0.574
time=0.103
obj=0.574
time=0.105
obj=0.573
time=0.109
obj=0.573
time=0.114
obj=0.572
time=0.115
obj=0.571
time=0.118
obj=0.571
time=0.120
obj=0.568
time=0.122
obj=0.566
time=0.124
obj=0.564
time=0.127
obj=0.563
time=0.129
obj=0.561
time=0.131
obj=0.561
time=0.135
obj=0.561
time=0.141
obj=0.560
time=0.144
obj=0.559
time=0.147
obj=0.558
time=0.149
obj=0.557
time=0.151
obj=0.555
time=0.154
obj=0.554
time=0.156
obj=0.552
time=0.160
obj=0.551
time=0.162
obj=0.549
time=0.172
obj=0.549
time=0.173
obj=0.549
time=0.176
obj=0.547
time=0.178
obj=0.545
time=0.182
obj=0.545
time=0.184
obj=0.544
time=0.187
obj=0.542
time=0.189
obj=0.540
time=0.194
obj=0.537
time=0.196
obj=0.536
time=0.260
obj=0.535
time=0.263
obj=0.534
time=0.270
obj=0.534
time=0.299
obj=0.534
time=0.300
obj=0.533
time=0.326
obj=0.532
time=0.327
obj=0.529
time=0.446
obj=0.528
time=0.495
obj=0.528
time=0.497
obj=0.524
time=2.011
obj=0.523
time=2.013
obj=0.522
time=2.014
obj=0.522
time=2.016
obj=0.521
time=2.810
obj=0.520
time=5.141
obj=0.519
time=5.141
obj=0.517
time=5.142
obj=0.516
time=6.205
obj=0.516
time=6.207
obj=0.515
time=6.208
obj=0.515
time=17.072
obj=0.515
time=17.076
obj=0.511
time=17.078
obj=0.510
time=18.300
obj=0.510
time=18.303
obj=0.507
time=18.305
obj=0.506
time=18.307
obj=0.505
time=18.309
obj=0.505
time=18.312
obj=0.502
time=18.314
obj=0.501
time=18.316
obj=0.498
time=18.319
obj=0.498
c real margin = 0.502
