buffers=16
windows=60
args generated-large/163.txt 12345 1
original_lb=0.264
time=0.041
obj=0.842
time=0.051
obj=0.835
time=0.053
obj=0.834
time=0.055
obj=0.803
time=0.057
obj=0.796
time=0.058
obj=0.792
time=0.061
obj=0.781
time=0.063
obj=0.771
time=0.065
obj=0.752
time=0.067
obj=0.751
time=0.069
obj=0.743
time=0.070
obj=0.740
time=0.072
obj=0.732
time=0.074
obj=0.727
time=0.076
obj=0.727
time=0.078
obj=0.718
time=0.080
obj=0.718
time=0.082
obj=0.715
time=0.084
obj=0.712
time=0.086
obj=0.703
time=0.088
obj=0.700
time=0.090
obj=0.699
time=0.093
obj=0.698
time=0.096
obj=0.697
time=0.098
obj=0.689
time=0.102
obj=0.688
time=0.103
obj=0.684
time=0.106
obj=0.683
time=0.109
obj=0.678
time=0.115
obj=0.678
time=0.117
obj=0.677
time=0.123
obj=0.676
time=0.125
obj=0.675
time=0.128
obj=0.675
time=0.130
obj=0.673
time=0.132
obj=0.673
time=0.190
obj=0.668
time=0.197
obj=0.665
time=0.274
obj=0.663
time=0.286
obj=0.662
time=0.288
obj=0.662
time=0.290
obj=0.658
time=0.396
obj=0.657
time=0.398
obj=0.657
time=0.400
obj=0.653
time=0.402
obj=0.652
time=0.404
obj=0.651
time=0.406
obj=0.649
time=0.899
obj=0.647
time=0.901
obj=0.647
time=0.903
obj=0.645
time=2.224
obj=0.645
time=2.226
obj=0.644
time=8.594
obj=0.642
time=8.597
obj=0.642
time=8.599
obj=0.642
time=8.602
obj=0.640
time=16.532
obj=0.639
time=16.534
obj=0.639
c real margin = 0.361
