buffers=16
windows=40
args generated-large/164.txt 12345 1
original_lb=0.241
time=0.033
obj=1.021
time=0.037
obj=1.013
time=0.040
obj=1.007
time=0.041
obj=1.006
time=0.044
obj=1.002
time=0.046
obj=1.001
time=0.047
obj=0.996
time=0.049
obj=0.995
time=0.052
obj=0.993
time=0.055
obj=0.991
time=0.057
obj=0.988
time=0.058
obj=0.988
time=0.061
obj=0.987
time=0.062
obj=0.987
time=0.063
obj=0.985
time=0.067
obj=0.985
time=0.069
obj=0.983
time=0.070
obj=0.979
time=0.072
obj=0.974
time=0.075
obj=0.966
time=0.078
obj=0.965
time=0.080
obj=0.965
time=0.083
obj=0.964
time=0.086
obj=0.957
time=0.087
obj=0.957
time=0.091
obj=0.955
time=0.093
obj=0.954
time=0.096
obj=0.954
time=0.099
obj=0.953
time=0.101
obj=0.951
time=0.106
obj=0.950
time=0.108
obj=0.949
time=0.109
obj=0.948
time=0.113
obj=0.945
time=0.117
obj=0.945
time=0.119
obj=0.944
time=0.120
obj=0.941
time=0.127
obj=0.940
time=0.130
obj=0.940
time=0.134
obj=0.938
time=0.136
obj=0.936
time=0.137
obj=0.926
time=0.140
obj=0.923
time=0.148
obj=0.923
time=0.150
obj=0.920
time=0.151
obj=0.920
time=0.159
obj=0.920
time=0.164
obj=0.919
time=0.175
obj=0.919
time=0.178
obj=0.916
time=0.187
obj=0.914
time=0.188
obj=0.912
time=0.190
obj=0.911
time=0.194
obj=0.909
time=0.198
obj=0.904
time=0.207
obj=0.904
time=0.216
obj=0.903
time=0.218
obj=0.903
time=0.228
obj=0.901
time=0.239
obj=0.901
time=0.255
obj=0.901
time=0.258
obj=0.898
time=0.267
obj=0.898
time=0.268
obj=0.897
time=0.274
obj=0.896
time=0.424
obj=0.896
time=0.439
obj=0.896
time=0.529
obj=0.892
time=0.708
obj=0.892
time=0.718
obj=0.891
time=0.719
obj=0.890
time=0.821
obj=0.887
time=1.076
obj=0.886
time=1.078
obj=0.885
time=1.250
obj=0.884
time=2.071
obj=0.884
time=2.524
obj=0.882
time=2.921
obj=0.882
time=2.980
obj=0.881
time=3.488
obj=0.881
time=4.410
obj=0.880
time=4.795
obj=0.879
time=4.804
obj=0.877
time=4.858
obj=0.876
time=4.859
obj=0.876
time=4.862
obj=0.876
time=5.654
obj=0.874
time=6.774
obj=0.873
time=6.776
obj=0.871
time=8.381
obj=0.869
time=22.372
obj=0.868
time=29.905
obj=0.867
time=29.906
obj=0.866
time=42.638
obj=0.865
time=62.282
obj=0.864
time=70.547
obj=0.861
time=70.549
obj=0.859
time=1369.489
obj=0.859
time=1447.157
obj=0.858
time=2953.714
obj=0.858
time=3385.718
obj=0.857
time=3499.588
obj=0.855
c real margin = 0.145
