buffers=8
windows=40
args generated-large/168.txt 12345 1
original_lb=0.263
time=0.007
obj=0.872
time=0.009
obj=0.832
time=0.009
obj=0.829
time=0.010
obj=0.823
time=0.010
obj=0.820
time=0.010
obj=0.819
time=0.011
obj=0.815
time=0.011
obj=0.787
time=0.012
obj=0.777
time=0.012
obj=0.776
time=0.012
obj=0.770
time=0.013
obj=0.770
time=0.013
obj=0.769
time=0.014
obj=0.746
time=0.014
obj=0.736
time=0.015
obj=0.731
time=0.015
obj=0.730
time=0.016
obj=0.724
time=0.016
obj=0.717
time=0.017
obj=0.716
time=0.017
obj=0.709
time=0.018
obj=0.703
time=0.018
obj=0.695
time=0.019
obj=0.676
time=0.019
obj=0.669
time=0.021
obj=0.667
time=0.022
obj=0.665
time=0.022
obj=0.664
time=0.023
obj=0.664
time=0.023
obj=0.663
time=0.036
obj=0.660
time=0.037
obj=0.660
time=0.037
obj=0.660
time=0.038
obj=0.659
time=0.038
obj=0.653
time=0.040
obj=0.652
time=0.040
obj=0.651
time=0.041
obj=0.645
time=0.041
obj=0.642
time=0.042
obj=0.640
time=0.043
obj=0.638
time=0.043
obj=0.633
time=0.044
obj=0.633
time=0.045
obj=0.631
time=0.046
obj=0.627
time=0.046
obj=0.625
time=0.443
obj=0.624
time=0.445
obj=0.623
time=0.728
obj=0.621
time=0.728
obj=0.620
time=0.729
obj=0.620
time=0.731
obj=0.619
time=0.732
obj=0.619
c real margin = 0.381
