buffers=24
windows=60
args generated-large/169.txt 12345 1
original_lb=0.256
time=0.119
obj=0.987
time=0.139
obj=0.933
time=0.142
obj=0.857
time=0.145
obj=0.852
time=0.149
obj=0.834
time=0.152
obj=0.832
time=0.155
obj=0.824
time=0.159
obj=0.816
time=0.162
obj=0.792
time=0.166
obj=0.788
time=0.169
obj=0.786
time=0.176
obj=0.786
time=0.179
obj=0.768
time=0.183
obj=0.766
time=0.186
obj=0.766
time=0.192
obj=0.764
time=0.197
obj=0.760
time=0.201
obj=0.759
time=0.204
obj=0.757
time=0.209
obj=0.750
time=0.213
obj=0.745
time=0.216
obj=0.736
time=0.220
obj=0.730
time=0.226
obj=0.728
time=0.230
obj=0.715
time=0.234
obj=0.710
time=0.238
obj=0.705
time=0.243
obj=0.694
time=0.247
obj=0.692
time=0.252
obj=0.689
time=0.257
obj=0.684
time=0.263
obj=0.684
time=0.266
obj=0.683
time=0.270
obj=0.681
time=0.273
obj=0.680
time=0.277
obj=0.677
time=0.284
obj=0.675
time=0.291
obj=0.674
time=0.296
obj=0.673
time=0.300
obj=0.671
time=0.303
obj=0.668
time=0.310
obj=0.668
time=0.314
obj=0.664
time=0.318
obj=0.662
time=0.323
obj=0.660
time=0.327
obj=0.656
time=0.332
obj=0.651
time=0.340
obj=0.649
time=0.344
obj=0.649
time=0.348
obj=0.641
time=0.352
obj=0.639
time=0.356
obj=0.638
time=0.362
obj=0.638
time=0.366
obj=0.637
time=0.374
obj=0.637
time=0.382
obj=0.632
time=0.387
obj=0.632
time=0.390
obj=0.631
time=0.394
obj=0.630
time=0.398
obj=0.630
time=0.404
obj=0.627
time=0.409
obj=0.627
time=0.416
obj=0.625
time=0.421
obj=0.622
time=0.424
obj=0.622
time=0.428
obj=0.621
time=0.432
obj=0.621
time=0.438
obj=0.615
time=0.445
obj=0.614
time=0.449
obj=0.613
time=0.453
obj=0.612
time=0.460
obj=0.612
time=0.466
obj=0.612
time=0.469
obj=0.612
time=0.474
obj=0.610
time=0.481
obj=0.609
time=0.486
obj=0.609
time=0.492
obj=0.609
time=0.499
obj=0.608
time=0.504
obj=0.608
time=0.512
obj=0.607
time=0.516
obj=0.606
time=0.519
obj=0.606
time=0.525
obj=0.605
time=0.530
obj=0.604
time=0.534
obj=0.604
time=0.544
obj=0.604
time=0.550
obj=0.604
time=0.557
obj=0.603
time=0.562
obj=0.602
time=0.566
obj=0.601
time=0.570
obj=0.599
time=0.580
obj=0.599
time=0.590
obj=0.598
time=0.596
obj=0.598
time=0.602
obj=0.597
time=0.611
obj=0.597
time=0.617
obj=0.595
time=0.626
obj=0.593
time=0.632
obj=0.593
time=0.639
obj=0.593
time=0.646
obj=0.593
time=0.654
obj=0.592
time=0.664
obj=0.590
time=0.668
obj=0.588
time=0.673
obj=0.587
time=0.678
obj=0.587
time=0.681
obj=0.586
time=0.689
obj=0.585
time=0.700
obj=0.582
time=0.707
obj=0.582
time=0.716
obj=0.581
time=0.722
obj=0.580
time=0.729
obj=0.579
time=0.732
obj=0.577
time=0.740
obj=0.576
time=0.747
obj=0.576
time=0.752
obj=0.576
time=0.758
obj=0.575
time=0.761
obj=0.574
time=0.784
obj=0.574
time=0.787
obj=0.574
time=0.797
obj=0.574
time=0.811
obj=0.572
time=0.815
obj=0.572
time=0.831
obj=0.571
time=0.835
obj=0.568
time=0.859
obj=0.568
time=0.863
obj=0.567
time=0.867
obj=0.566
time=0.882
obj=0.565
time=0.885
obj=0.565
time=0.900
obj=0.565
time=0.917
obj=0.564
time=0.921
obj=0.561
time=0.928
obj=0.560
time=0.941
obj=0.559
time=0.945
obj=0.558
time=0.976
obj=0.558
time=0.979
obj=0.556
time=0.989
obj=0.555
time=1.015
obj=0.554
time=1.022
obj=0.554
time=1.039
obj=0.554
time=1.042
obj=0.551
time=1.156
obj=0.551
time=1.160
obj=0.550
time=1.163
obj=0.548
time=1.175
obj=0.547
time=1.201
obj=0.545
time=1.212
obj=0.544
time=1.346
obj=0.544
time=1.350
obj=0.543
time=1.375
obj=0.543
time=1.474
obj=0.542
time=1.478
obj=0.541
time=1.592
obj=0.541
time=1.595
obj=0.540
time=1.617
obj=0.539
time=1.641
obj=0.538
time=1.649
obj=0.537
time=2.371
obj=0.537
time=3.304
obj=0.537
time=4.969
obj=0.536
time=4.972
obj=0.536
time=6.118
obj=0.535
time=6.118
obj=0.534
time=6.482
obj=0.532
time=8.087
obj=0.531
time=9.283
obj=0.531
time=12.707
obj=0.531
time=12.710
obj=0.530
time=13.962
obj=0.530
time=13.965
obj=0.528
time=14.101
obj=0.527
time=14.104
obj=0.525
time=19.456
obj=0.525
time=20.103
obj=0.524
time=20.106
obj=0.523
time=318.824
obj=0.522
time=318.827
obj=0.522
time=457.564
obj=0.521
time=499.550
obj=0.521
time=499.555
obj=0.521
time=783.164
obj=0.521
time=978.395
obj=0.520
time=981.567
obj=0.520
time=981.570
obj=0.520
time=987.480
obj=0.519
time=1015.157
obj=0.519
time=1758.994
obj=0.519
time=1839.200
obj=0.519
time=1839.204
obj=0.518
time=1839.209
obj=0.518
time=2096.127
obj=0.518
time=2105.329
obj=0.516
time=3079.541
obj=0.516
time=3334.391
obj=0.515
time=3577.054
obj=0.515
time=3577.057
obj=0.515
c real margin = 0.485
