buffers=8
windows=20
args generated-large/17.txt 12345 1
original_lb=0.236
time=0.009
obj=0.626
time=0.011
obj=0.576
time=0.013
obj=0.566
time=0.014
obj=0.562
time=0.016
obj=0.537
time=0.017
obj=0.536
time=0.019
obj=0.535
time=0.021
obj=0.530
time=0.023
obj=0.524
time=0.024
obj=0.515
time=0.026
obj=0.513
time=0.028
obj=0.513
time=0.030
obj=0.509
time=0.031
obj=0.508
time=0.032
obj=0.503
time=0.033
obj=0.485
time=0.035
obj=0.482
time=0.036
obj=0.481
time=0.037
obj=0.476
time=0.038
obj=0.467
time=0.040
obj=0.459
time=0.042
obj=0.444
time=0.049
obj=0.442
time=0.053
obj=0.442
time=0.054
obj=0.439
time=0.056
obj=0.439
time=0.057
obj=0.438
time=0.058
obj=0.436
time=0.060
obj=0.435
time=0.061
obj=0.432
time=0.082
obj=0.432
time=0.082
obj=0.432
c real margin = 0.568
