buffers=8
windows=40
args generated-large/170.txt 12345 1
original_lb=0.245
time=0.006
obj=0.866
time=0.009
obj=0.864
time=0.010
obj=0.862
time=0.010
obj=0.856
time=0.010
obj=0.853
time=0.011
obj=0.851
time=0.011
obj=0.842
time=0.011
obj=0.838
time=0.012
obj=0.838
time=0.012
obj=0.835
time=0.013
obj=0.830
time=0.013
obj=0.814
time=0.013
obj=0.801
time=0.014
obj=0.798
time=0.014
obj=0.797
time=0.015
obj=0.797
time=0.016
obj=0.796
time=0.016
obj=0.786
time=0.017
obj=0.784
time=0.017
obj=0.781
time=0.017
obj=0.779
time=0.018
obj=0.772
time=0.018
obj=0.766
time=0.019
obj=0.762
time=0.020
obj=0.749
time=0.020
obj=0.736
time=0.021
obj=0.735
time=0.022
obj=0.731
time=0.023
obj=0.730
time=0.023
obj=0.723
time=0.024
obj=0.722
time=0.025
obj=0.713
time=0.026
obj=0.710
time=0.026
obj=0.704
time=0.027
obj=0.699
time=0.027
obj=0.698
time=0.034
obj=0.693
time=0.035
obj=0.689
time=0.035
obj=0.689
time=0.036
obj=0.685
time=0.066
obj=0.685
time=0.066
obj=0.684
time=0.099
obj=0.681
time=0.100
obj=0.681
time=0.100
obj=0.678
time=0.101
obj=0.678
time=0.175
obj=0.678
time=0.176
obj=0.674
time=0.177
obj=0.672
time=0.177
obj=0.669
time=0.416
obj=0.668
time=0.495
obj=0.665
time=3.163
obj=0.663
time=3.164
obj=0.663
time=3.493
obj=0.658
time=88.709
obj=0.656
time=88.709
obj=0.655
time=89.408
obj=0.653
time=89.409
obj=0.653
c real margin = 0.347
