buffers=16
windows=40
args generated-large/171.txt 12345 1
original_lb=0.210
time=0.030
obj=0.876
time=0.038
obj=0.868
time=0.040
obj=0.865
time=0.042
obj=0.857
time=0.044
obj=0.856
time=0.047
obj=0.849
time=0.048
obj=0.844
time=0.050
obj=0.842
time=0.051
obj=0.832
time=0.053
obj=0.832
time=0.055
obj=0.818
time=0.057
obj=0.811
time=0.059
obj=0.809
time=0.061
obj=0.805
time=0.063
obj=0.796
time=0.065
obj=0.772
time=0.068
obj=0.768
time=0.071
obj=0.768
time=0.073
obj=0.767
time=0.076
obj=0.763
time=0.079
obj=0.763
time=0.080
obj=0.761
time=0.083
obj=0.759
time=0.084
obj=0.759
time=0.085
obj=0.759
time=0.088
obj=0.758
time=0.089
obj=0.756
time=0.091
obj=0.746
time=0.092
obj=0.743
time=0.094
obj=0.743
time=0.097
obj=0.737
time=0.100
obj=0.735
time=0.104
obj=0.732
time=0.107
obj=0.724
time=0.108
obj=0.717
time=0.110
obj=0.713
time=0.112
obj=0.713
time=0.117
obj=0.712
time=0.118
obj=0.709
time=0.120
obj=0.705
time=0.131
obj=0.704
time=0.140
obj=0.704
time=0.148
obj=0.702
time=0.164
obj=0.702
time=0.166
obj=0.696
time=0.276
obj=0.695
time=0.278
obj=0.693
time=0.279
obj=0.689
time=0.281
obj=0.689
time=0.282
obj=0.688
time=0.284
obj=0.685
time=0.340
obj=0.684
time=0.341
obj=0.683
time=1.332
obj=0.683
time=1.334
obj=0.681
time=1.706
obj=0.680
time=1.707
obj=0.678
time=3.841
obj=0.677
time=4.410
obj=0.677
time=4.412
obj=0.674
time=14.663
obj=0.673
time=14.664
obj=0.672
time=26.639
obj=0.671
time=26.640
obj=0.671
time=661.429
obj=0.670
time=661.435
obj=0.669
time=1591.040
obj=0.667
time=1591.041
obj=0.667
c real margin = 0.333
