buffers=24
windows=60
args generated-large/172.txt 12345 1
original_lb=0.274
time=0.126
obj=0.821
time=0.142
obj=0.809
time=0.145
obj=0.760
time=0.149
obj=0.735
time=0.153
obj=0.719
time=0.158
obj=0.718
time=0.161
obj=0.714
time=0.165
obj=0.712
time=0.165
obj=0.708
time=0.169
obj=0.707
time=0.173
obj=0.696
time=0.176
obj=0.696
time=0.180
obj=0.691
time=0.184
obj=0.685
time=0.188
obj=0.677
time=0.193
obj=0.676
time=0.198
obj=0.675
time=0.202
obj=0.669
time=0.206
obj=0.660
time=0.210
obj=0.660
time=0.213
obj=0.660
time=0.218
obj=0.659
time=0.221
obj=0.656
time=0.225
obj=0.648
time=0.229
obj=0.644
time=0.235
obj=0.644
time=0.241
obj=0.643
time=0.245
obj=0.642
time=0.250
obj=0.642
time=0.254
obj=0.640
time=0.258
obj=0.639
time=0.262
obj=0.638
time=0.268
obj=0.636
time=0.273
obj=0.634
time=0.277
obj=0.632
time=0.282
obj=0.632
time=0.288
obj=0.630
time=0.292
obj=0.624
time=0.296
obj=0.624
time=0.300
obj=0.624
time=0.305
obj=0.620
time=0.309
obj=0.620
time=0.314
obj=0.618
time=0.318
obj=0.615
time=0.326
obj=0.615
time=0.332
obj=0.614
time=0.336
obj=0.613
time=0.340
obj=0.611
time=0.345
obj=0.609
time=0.349
obj=0.606
time=0.353
obj=0.605
time=0.358
obj=0.603
time=0.364
obj=0.602
time=0.369
obj=0.602
time=0.375
obj=0.600
time=0.379
obj=0.600
time=0.383
obj=0.600
time=0.387
obj=0.599
time=0.391
obj=0.598
time=0.396
obj=0.598
time=0.400
obj=0.598
time=0.404
obj=0.597
time=0.409
obj=0.597
time=0.418
obj=0.596
time=0.422
obj=0.596
time=0.426
obj=0.596
time=0.430
obj=0.596
time=0.434
obj=0.595
time=0.438
obj=0.595
time=0.445
obj=0.595
time=0.449
obj=0.595
time=0.453
obj=0.595
time=0.457
obj=0.592
time=0.462
obj=0.591
time=0.466
obj=0.590
time=0.471
obj=0.589
time=0.477
obj=0.588
time=0.493
obj=0.587
time=0.505
obj=0.587
time=0.509
obj=0.585
time=0.513
obj=0.585
time=0.518
obj=0.583
time=0.522
obj=0.582
time=0.527
obj=0.582
time=0.535
obj=0.581
time=0.540
obj=0.579
time=0.544
obj=0.577
time=0.548
obj=0.577
time=0.552
obj=0.576
time=0.556
obj=0.576
time=0.568
obj=0.574
time=0.572
obj=0.574
time=0.576
obj=0.573
time=0.581
obj=0.573
time=0.587
obj=0.572
time=0.591
obj=0.572
time=0.595
obj=0.571
time=0.599
obj=0.571
time=0.603
obj=0.570
time=0.611
obj=0.570
time=0.619
obj=0.567
time=0.624
obj=0.567
time=0.629
obj=0.567
time=0.633
obj=0.566
time=0.641
obj=0.564
time=0.653
obj=0.564
time=0.660
obj=0.563
time=0.666
obj=0.559
time=0.672
obj=0.559
time=0.681
obj=0.557
time=0.687
obj=0.556
time=0.691
obj=0.554
time=0.695
obj=0.554
time=0.700
obj=0.554
time=0.704
obj=0.553
time=0.711
obj=0.552
time=0.725
obj=0.552
time=0.729
obj=0.551
time=0.733
obj=0.550
time=0.751
obj=0.550
time=0.755
obj=0.549
time=0.759
obj=0.548
time=0.787
obj=0.548
time=0.799
obj=0.547
time=0.803
obj=0.545
time=0.807
obj=0.541
time=0.839
obj=0.541
time=0.843
obj=0.540
time=0.847
obj=0.540
time=0.860
obj=0.534
time=0.869
obj=0.534
time=0.873
obj=0.532
time=0.877
obj=0.532
time=0.884
obj=0.531
time=0.940
obj=0.530
time=0.945
obj=0.530
time=0.951
obj=0.526
time=1.120
obj=0.525
time=1.289
obj=0.523
time=1.293
obj=0.523
time=1.297
obj=0.522
time=1.300
obj=0.522
time=2.260
obj=0.521
time=2.263
obj=0.521
time=4.139
obj=0.521
time=4.443
obj=0.521
time=4.455
obj=0.518
time=4.471
obj=0.518
time=4.477
obj=0.517
time=4.483
obj=0.517
time=4.549
obj=0.517
time=4.552
obj=0.517
time=4.752
obj=0.517
time=4.756
obj=0.516
time=4.767
obj=0.516
time=4.773
obj=0.515
time=4.781
obj=0.514
time=4.791
obj=0.514
time=4.796
obj=0.514
time=4.802
obj=0.512
time=5.921
obj=0.512
time=5.932
obj=0.511
time=9.752
obj=0.511
time=9.756
obj=0.510
time=9.761
obj=0.510
time=9.773
obj=0.510
time=9.787
obj=0.509
time=9.794
obj=0.508
time=9.798
obj=0.507
time=9.802
obj=0.506
time=25.951
obj=0.505
time=73.350
obj=0.505
time=101.837
obj=0.503
time=102.065
obj=0.503
time=102.068
obj=0.503
time=222.840
obj=0.501
time=567.260
obj=0.500
time=567.264
obj=0.498
time=588.804
obj=0.498
time=729.250
obj=0.498
time=729.255
obj=0.498
time=729.259
obj=0.497
time=729.264
obj=0.497
time=729.268
obj=0.497
time=729.272
obj=0.497
time=729.276
obj=0.497
c real margin = 0.503
