buffers=16
windows=80
args generated-large/173.txt 12345 1
original_lb=0.240
time=0.041
obj=0.931
time=0.052
obj=0.928
time=0.054
obj=0.928
time=0.056
obj=0.928
time=0.057
obj=0.926
time=0.059
obj=0.926
time=0.062
obj=0.925
time=0.063
obj=0.925
time=0.065
obj=0.923
time=0.068
obj=0.922
time=0.070
obj=0.920
time=0.072
obj=0.917
time=0.075
obj=0.917
time=0.076
obj=0.913
time=0.078
obj=0.904
time=0.079
obj=0.901
time=0.081
obj=0.896
time=0.082
obj=0.879
time=0.103
obj=0.868
time=0.105
obj=0.863
time=0.107
obj=0.862
time=0.109
obj=0.857
time=0.111
obj=0.850
time=0.113
obj=0.844
time=0.115
obj=0.842
time=0.117
obj=0.841
time=0.119
obj=0.839
time=0.121
obj=0.838
time=0.125
obj=0.837
time=0.126
obj=0.832
time=0.129
obj=0.828
time=0.131
obj=0.827
time=0.134
obj=0.824
time=0.136
obj=0.815
time=0.138
obj=0.814
time=0.140
obj=0.813
time=0.143
obj=0.801
time=0.145
obj=0.801
time=0.147
obj=0.798
time=0.149
obj=0.793
time=0.151
obj=0.793
time=0.153
obj=0.792
time=0.156
obj=0.790
time=0.158
obj=0.790
time=0.195
obj=0.787
time=0.197
obj=0.781
time=0.200
obj=0.773
time=0.201
obj=0.771
time=0.204
obj=0.769
time=0.206
obj=0.767
time=0.248
obj=0.765
time=0.540
obj=0.764
time=0.543
obj=0.764
time=0.544
obj=0.759
time=0.732
obj=0.758
time=0.734
obj=0.757
time=0.735
obj=0.756
time=1.395
obj=0.756
time=1.810
obj=0.756
time=1.979
obj=0.756
time=1.981
obj=0.750
time=2.376
obj=0.747
time=2.378
obj=0.746
time=2.380
obj=0.743
time=2.382
obj=0.741
time=2.384
obj=0.740
time=2.386
obj=0.739
time=2.388
obj=0.739
time=5.195
obj=0.735
time=7.452
obj=0.731
time=7.454
obj=0.729
c real margin = 0.271
