buffers=8
windows=40
args generated-large/174.txt 12345 1
original_lb=0.235
time=0.003
obj=0.928
time=0.004
obj=0.926
time=0.004
obj=0.921
time=0.005
obj=0.913
time=0.005
obj=0.885
time=0.005
obj=0.865
time=0.006
obj=0.855
time=0.006
obj=0.849
time=0.006
obj=0.838
time=0.007
obj=0.838
time=0.007
obj=0.837
time=0.007
obj=0.830
time=0.008
obj=0.810
time=0.008
obj=0.809
time=0.008
obj=0.806
time=0.009
obj=0.791
time=0.009
obj=0.774
time=0.010
obj=0.771
time=0.010
obj=0.771
time=0.010
obj=0.771
time=0.011
obj=0.766
time=0.011
obj=0.766
time=0.012
obj=0.764
time=0.012
obj=0.758
time=0.012
obj=0.740
time=0.013
obj=0.739
time=0.013
obj=0.723
time=0.013
obj=0.715
time=0.014
obj=0.713
time=0.014
obj=0.712
time=0.015
obj=0.710
time=0.015
obj=0.707
time=0.016
obj=0.702
time=0.016
obj=0.697
time=0.016
obj=0.695
time=0.017
obj=0.694
time=0.017
obj=0.692
time=0.019
obj=0.688
time=0.019
obj=0.679
time=0.021
obj=0.677
time=0.021
obj=0.674
time=0.022
obj=0.672
time=0.068
obj=0.671
time=0.069
obj=0.669
time=0.069
obj=0.669
time=0.070
obj=0.668
time=0.108
obj=0.664
time=0.108
obj=0.662
time=0.108
obj=0.660
time=0.127
obj=0.658
time=0.128
obj=0.654
time=0.195
obj=0.654
time=0.197
obj=0.653
time=0.198
obj=0.650
time=0.422
obj=0.645
time=0.423
obj=0.644
time=0.423
obj=0.643
time=0.424
obj=0.642
time=1.083
obj=0.642
time=1.083
obj=0.638
time=1.310
obj=0.636
time=1.310
obj=0.636
time=14.341
obj=0.632
time=14.560
obj=0.627
time=52.665
obj=0.627
time=116.771
obj=0.626
time=371.309
obj=0.626
time=721.148
obj=0.626
time=721.148
obj=0.626
time=2255.411
obj=0.625
time=2255.412
obj=0.624
c real margin = 0.376
