buffers=8
windows=60
args generated-large/175.txt 12345 1
original_lb=0.211
time=0.007
obj=2.949
time=0.014
obj=2.917
time=0.015
obj=1.728
time=0.015
obj=1.567
time=0.016
obj=1.469
time=0.016
obj=1.161
time=0.017
obj=1.153
time=0.017
obj=1.151
time=0.017
obj=1.145
time=0.018
obj=1.138
time=0.018
obj=1.123
time=0.019
obj=1.112
time=0.019
obj=1.095
time=0.020
obj=1.053
time=0.020
obj=1.036
time=0.021
obj=1.036
time=0.021
obj=1.027
time=0.022
obj=1.000
time=0.022
obj=0.998
time=0.023
obj=0.996
time=0.023
obj=0.975
time=0.024
obj=0.959
time=0.024
obj=0.956
time=0.025
obj=0.954
time=0.025
obj=0.950
time=0.026
obj=0.946
time=0.026
obj=0.942
time=0.027
obj=0.936
time=0.028
obj=0.934
time=0.028
obj=0.927
time=0.042
obj=0.925
time=0.042
obj=0.908
time=0.057
obj=0.908
time=0.057
obj=0.893
time=0.058
obj=0.881
time=0.058
obj=0.869
time=4.451
obj=0.869
time=4.452
obj=0.865
time=4.727
obj=0.862
time=15.775
obj=0.859
time=855.587
obj=0.857
time=1472.406
obj=0.854
c real margin = 0.146
