buffers=24
windows=60
args generated-large/176.txt 12345 1
original_lb=0.223
time=0.116
obj=0.864
time=0.130
obj=0.843
time=0.133
obj=0.767
time=0.136
obj=0.757
time=0.139
obj=0.755
time=0.142
obj=0.755
time=0.146
obj=0.744
time=0.149
obj=0.742
time=0.152
obj=0.741
time=0.156
obj=0.734
time=0.159
obj=0.714
time=0.165
obj=0.713
time=0.169
obj=0.707
time=0.173
obj=0.707
time=0.176
obj=0.705
time=0.180
obj=0.704
time=0.184
obj=0.701
time=0.187
obj=0.700
time=0.191
obj=0.698
time=0.195
obj=0.696
time=0.198
obj=0.692
time=0.202
obj=0.691
time=0.205
obj=0.691
time=0.210
obj=0.683
time=0.217
obj=0.681
time=0.220
obj=0.670
time=0.225
obj=0.670
time=0.229
obj=0.665
time=0.233
obj=0.664
time=0.237
obj=0.663
time=0.241
obj=0.662
time=0.245
obj=0.660
time=0.249
obj=0.656
time=0.256
obj=0.655
time=0.260
obj=0.654
time=0.267
obj=0.650
time=0.274
obj=0.648
time=0.280
obj=0.647
time=0.284
obj=0.643
time=0.287
obj=0.641
time=0.292
obj=0.640
time=0.298
obj=0.635
time=0.303
obj=0.635
time=0.307
obj=0.633
time=0.311
obj=0.633
time=0.315
obj=0.632
time=0.319
obj=0.632
time=0.323
obj=0.631
time=0.329
obj=0.631
time=0.334
obj=0.629
time=0.341
obj=0.621
time=0.346
obj=0.619
time=0.352
obj=0.618
time=0.357
obj=0.616
time=0.362
obj=0.614
time=0.368
obj=0.612
time=0.373
obj=0.612
time=0.377
obj=0.612
time=0.380
obj=0.611
time=0.385
obj=0.608
time=0.389
obj=0.598
time=0.397
obj=0.594
time=0.400
obj=0.593
time=0.404
obj=0.592
time=0.408
obj=0.592
time=0.413
obj=0.590
time=0.417
obj=0.590
time=0.421
obj=0.588
time=0.428
obj=0.587
time=0.432
obj=0.585
time=0.438
obj=0.585
time=0.443
obj=0.584
time=0.448
obj=0.584
time=0.455
obj=0.580
time=0.462
obj=0.580
time=0.467
obj=0.580
time=0.473
obj=0.579
time=0.476
obj=0.575
time=0.482
obj=0.575
time=0.488
obj=0.574
time=0.493
obj=0.571
time=0.497
obj=0.570
time=0.500
obj=0.567
time=0.504
obj=0.567
time=0.511
obj=0.565
time=0.519
obj=0.565
time=0.525
obj=0.564
time=0.530
obj=0.563
time=0.534
obj=0.563
time=0.538
obj=0.561
time=0.542
obj=0.561
time=0.546
obj=0.560
time=0.550
obj=0.558
time=0.557
obj=0.557
time=0.568
obj=0.557
time=0.571
obj=0.554
time=0.575
obj=0.554
time=0.579
obj=0.554
time=0.582
obj=0.550
time=0.586
obj=0.549
time=0.590
obj=0.549
time=0.594
obj=0.549
time=0.599
obj=0.549
time=0.605
obj=0.548
time=0.614
obj=0.548
time=0.620
obj=0.546
time=0.627
obj=0.545
time=0.631
obj=0.545
time=0.646
obj=0.545
time=0.656
obj=0.543
time=0.664
obj=0.543
time=0.668
obj=0.542
time=0.674
obj=0.541
time=0.677
obj=0.541
time=0.686
obj=0.540
time=0.690
obj=0.540
time=0.701
obj=0.538
time=0.704
obj=0.537
time=0.710
obj=0.537
time=0.717
obj=0.537
time=0.720
obj=0.535
time=0.724
obj=0.535
time=0.728
obj=0.534
time=0.732
obj=0.534
time=0.736
obj=0.533
time=0.740
obj=0.531
time=0.743
obj=0.530
time=0.751
obj=0.527
time=0.758
obj=0.526
time=0.762
obj=0.526
time=0.768
obj=0.525
time=0.774
obj=0.524
time=0.786
obj=0.523
time=0.790
obj=0.521
time=0.794
obj=0.521
time=0.799
obj=0.521
time=0.818
obj=0.520
time=0.823
obj=0.519
time=0.830
obj=0.518
time=0.852
obj=0.517
time=0.856
obj=0.517
time=0.877
obj=0.516
time=0.880
obj=0.515
time=0.885
obj=0.515
time=0.918
obj=0.515
time=0.929
obj=0.510
time=0.941
obj=0.510
time=1.029
obj=0.510
time=1.032
obj=0.509
time=1.036
obj=0.508
time=1.040
obj=0.507
time=1.043
obj=0.507
time=1.046
obj=0.506
time=1.165
obj=0.506
time=1.172
obj=0.505
time=1.208
obj=0.505
time=1.302
obj=0.504
time=1.314
obj=0.504
time=1.326
obj=0.503
time=1.514
obj=0.503
time=1.517
obj=0.503
time=1.536
obj=0.502
time=1.551
obj=0.502
time=1.569
obj=0.501
time=1.572
obj=0.500
time=1.581
obj=0.500
time=1.589
obj=0.499
time=1.592
obj=0.497
time=1.629
obj=0.497
time=1.632
obj=0.497
time=1.668
obj=0.496
time=1.690
obj=0.496
time=1.693
obj=0.495
time=1.696
obj=0.494
time=1.705
obj=0.494
time=1.735
obj=0.493
time=3.013
obj=0.493
time=3.016
obj=0.492
time=3.021
obj=0.492
time=3.055
obj=0.492
time=3.247
obj=0.492
time=5.984
obj=0.492
time=5.996
obj=0.491
time=7.750
obj=0.491
time=7.786
obj=0.490
time=7.814
obj=0.490
time=7.826
obj=0.489
time=7.833
obj=0.489
time=7.837
obj=0.489
time=7.857
obj=0.489
time=7.861
obj=0.489
time=7.879
obj=0.488
time=10.761
obj=0.488
time=10.764
obj=0.488
time=10.768
obj=0.487
time=13.420
obj=0.487
time=14.129
obj=0.487
time=14.132
obj=0.486
time=15.095
obj=0.486
time=15.098
obj=0.486
time=16.054
obj=0.485
time=16.084
obj=0.485
time=16.115
obj=0.485
time=16.128
obj=0.485
time=22.983
obj=0.484
time=23.020
obj=0.484
time=37.716
obj=0.484
time=37.719
obj=0.484
time=37.723
obj=0.483
time=37.726
obj=0.483
time=54.119
obj=0.483
time=54.122
obj=0.483
time=54.126
obj=0.483
time=67.212
obj=0.481
time=79.518
obj=0.481
time=79.521
obj=0.480
time=79.525
obj=0.480
time=87.046
obj=0.480
time=87.049
obj=0.480
time=107.058
obj=0.479
time=235.161
obj=0.478
time=332.562
obj=0.478
time=332.565
obj=0.477
time=365.097
obj=0.477
time=488.755
obj=0.477
time=488.758
obj=0.476
time=488.766
obj=0.476
time=610.025
obj=0.476
time=610.028
obj=0.476
time=818.370
obj=0.476
time=818.373
obj=0.475
time=1421.854
obj=0.475
c real margin = 0.525
