buffers=16
windows=20
args generated-large/177.txt 12345 1
original_lb=0.248
time=0.036
obj=2.051
time=0.170
obj=2.043
time=0.171
obj=1.906
time=0.194
obj=1.897
time=0.219
obj=1.877
time=0.220
obj=1.841
time=0.226
obj=1.837
time=0.254
obj=1.811
time=0.284
obj=1.801
time=0.285
obj=1.780
time=0.334
obj=1.779
time=0.335
obj=1.740
time=0.367
obj=1.737
time=0.368
obj=1.688
time=0.394
obj=1.687
time=0.395
obj=1.685
time=0.414
obj=1.665
time=0.416
obj=1.639
time=0.473
obj=1.639
time=0.474
obj=1.619
time=0.496
obj=1.617
time=0.497
obj=1.598
time=0.528
obj=1.590
time=0.556
obj=1.587
time=0.557
obj=1.559
time=0.584
obj=1.548
time=0.585
obj=1.542
time=0.629
obj=1.538
time=0.630
obj=1.490
time=0.682
obj=1.489
time=0.683
obj=1.488
time=0.709
obj=1.486
time=0.710
obj=1.474
time=0.752
obj=1.474
time=0.753
obj=1.470
time=0.812
obj=1.469
time=0.814
obj=1.446
time=0.871
obj=1.446
time=0.872
obj=1.446
time=0.917
obj=1.441
time=0.918
obj=1.431
time=0.945
obj=1.426
time=0.946
obj=1.406
time=0.979
obj=1.398
time=0.980
obj=1.388
time=0.981
obj=1.292
time=0.983
obj=1.205
time=0.986
obj=1.195
time=0.988
obj=1.184
time=0.992
obj=1.178
time=0.995
obj=1.177
time=0.996
obj=1.154
time=0.998
obj=1.151
time=1.001
obj=1.150
time=1.003
obj=1.131
time=1.005
obj=1.113
time=1.006
obj=1.110
time=1.007
obj=1.109
time=1.009
obj=1.098
time=1.012
obj=1.087
time=1.014
obj=1.087
time=1.016
obj=1.065
time=1.018
obj=1.061
time=1.020
obj=1.048
time=1.024
obj=1.040
time=1.027
obj=1.013
time=1.029
obj=1.013
time=1.032
obj=1.009
time=1.033
obj=0.994
time=1.035
obj=0.994
time=1.039
obj=0.991
time=1.041
obj=0.991
time=1.043
obj=0.982
time=1.046
obj=0.980
time=1.048
obj=0.979
time=1.049
obj=0.978
time=1.052
obj=0.960
time=1.053
obj=0.953
time=1.056
obj=0.951
time=1.057
obj=0.948
time=1.060
obj=0.947
time=1.062
obj=0.944
time=1.067
obj=0.943
time=1.069
obj=0.937
time=1.072
obj=0.935
time=1.075
obj=0.924
time=1.079
obj=0.914
time=1.082
obj=0.910
time=1.084
obj=0.907
time=1.086
obj=0.906
time=1.088
obj=0.902
time=1.093
obj=0.899
time=1.095
obj=0.899
time=1.097
obj=0.890
time=1.101
obj=0.890
time=1.105
obj=0.877
time=1.109
obj=0.877
time=1.110
obj=0.873
time=1.116
obj=0.873
time=1.120
obj=0.871
time=1.127
obj=0.870
time=1.130
obj=0.869
time=1.140
obj=0.868
time=1.141
obj=0.867
time=1.146
obj=0.867
time=1.159
obj=0.866
time=1.161
obj=0.865
time=1.163
obj=0.863
time=1.177
obj=0.863
time=1.184
obj=0.860
time=1.188
obj=0.858
time=1.201
obj=0.857
time=1.211
obj=0.855
time=1.214
obj=0.851
time=1.216
obj=0.846
time=1.218
obj=0.846
time=1.231
obj=0.843
time=1.243
obj=0.842
time=1.262
obj=0.842
time=1.298
obj=0.840
time=1.299
obj=0.835
time=1.314
obj=0.834
time=1.373
obj=0.831
time=1.374
obj=0.831
time=1.465
obj=0.830
time=1.466
obj=0.828
time=1.492
obj=0.826
time=1.509
obj=0.826
time=1.510
obj=0.823
time=1.741
obj=0.823
time=2.103
obj=0.820
time=2.104
obj=0.820
time=2.117
obj=0.819
time=2.118
obj=0.819
time=3.312
obj=0.817
time=9.524
obj=0.817
time=9.525
obj=0.815
time=24.283
obj=0.813
time=24.284
obj=0.806
time=903.745
obj=0.804
time=2578.163
obj=0.804
time=2578.164
obj=0.803
c real margin = 0.197
