buffers=16
windows=20
args generated-large/178.txt 12345 1
original_lb=0.227
time=0.041
obj=0.534
time=0.046
obj=0.406
time=0.048
obj=0.391
time=0.050
obj=0.386
time=0.052
obj=0.378
time=0.054
obj=0.378
time=0.056
obj=0.369
time=0.059
obj=0.361
time=0.061
obj=0.356
time=0.064
obj=0.351
time=0.066
obj=0.343
time=0.069
obj=0.340
time=0.071
obj=0.334
time=0.073
obj=0.331
time=0.076
obj=0.323
time=0.079
obj=0.318
time=0.082
obj=0.316
time=0.085
obj=0.316
time=0.087
obj=0.314
time=0.090
obj=0.304
time=0.095
obj=0.303
time=0.099
obj=0.300
time=0.105
obj=0.298
time=0.109
obj=0.297
time=0.116
obj=0.293
time=0.120
obj=0.292
time=0.124
obj=0.291
time=0.144
obj=0.290
time=0.146
obj=0.287
c real margin = 0.713
