buffers=24
windows=20
args generated-large/180.txt 12345 1
original_lb=0.297
time=0.114
obj=0.561
time=0.123
obj=0.553
time=0.127
obj=0.487
time=0.131
obj=0.471
time=0.135
obj=0.468
time=0.141
obj=0.455
time=0.146
obj=0.445
time=0.151
obj=0.436
time=0.155
obj=0.404
time=0.160
obj=0.388
time=0.164
obj=0.370
time=0.169
obj=0.369
time=0.174
obj=0.356
time=0.179
obj=0.354
time=0.185
obj=0.351
time=0.190
obj=0.349
time=0.195
obj=0.348
time=0.199
obj=0.347
time=0.204
obj=0.346
time=0.213
obj=0.346
time=0.218
obj=0.344
time=0.234
obj=0.343
time=0.238
obj=0.343
time=0.244
obj=0.343
time=0.261
obj=0.342
time=0.267
obj=0.341
time=0.284
obj=0.341
time=0.292
obj=0.340
time=0.311
obj=0.337
time=0.315
obj=0.337
time=0.366
obj=0.336
time=0.370
obj=0.334
time=0.375
obj=0.334
time=0.399
obj=0.333
time=0.437
obj=0.332
time=0.444
obj=0.332
time=0.449
obj=0.331
time=0.499
obj=0.329
time=0.509
obj=0.329
time=0.594
obj=0.329
time=0.654
obj=0.327
time=0.658
obj=0.324
time=0.704
obj=0.322
time=0.709
obj=0.321
time=0.889
obj=0.321
time=0.894
obj=0.320
time=0.931
obj=0.320
time=0.934
obj=0.319
time=1.488
obj=0.319
time=1.507
obj=0.317
time=1.924
obj=0.316
time=1.973
obj=0.315
time=3.925
obj=0.314
time=3.930
obj=0.314
time=5.680
obj=0.313
time=7.972
obj=0.312
c real margin = 0.688
