buffers=24
windows=60
args generated-large/181.txt 12345 1
original_lb=0.239
time=0.134
obj=0.739
time=0.151
obj=0.681
time=0.154
obj=0.676
time=0.158
obj=0.671
time=0.162
obj=0.659
time=0.166
obj=0.641
time=0.169
obj=0.637
time=0.173
obj=0.636
time=0.177
obj=0.632
time=0.181
obj=0.631
time=0.185
obj=0.628
time=0.188
obj=0.625
time=0.193
obj=0.619
time=0.197
obj=0.610
time=0.201
obj=0.609
time=0.206
obj=0.585
time=0.210
obj=0.568
time=0.214
obj=0.567
time=0.219
obj=0.567
time=0.223
obj=0.563
time=0.227
obj=0.562
time=0.231
obj=0.560
time=0.237
obj=0.557
time=0.243
obj=0.554
time=0.247
obj=0.552
time=0.253
obj=0.544
time=0.257
obj=0.542
time=0.262
obj=0.538
time=0.266
obj=0.535
time=0.270
obj=0.534
time=0.275
obj=0.529
time=0.279
obj=0.527
time=0.284
obj=0.525
time=0.288
obj=0.524
time=0.292
obj=0.521
time=0.297
obj=0.519
time=0.301
obj=0.519
time=0.305
obj=0.518
time=0.310
obj=0.518
time=0.315
obj=0.516
time=0.321
obj=0.516
time=0.326
obj=0.514
time=0.330
obj=0.514
time=0.335
obj=0.514
time=0.339
obj=0.513
time=0.345
obj=0.513
time=0.349
obj=0.511
time=0.354
obj=0.510
time=0.358
obj=0.509
time=0.362
obj=0.507
time=0.366
obj=0.507
time=0.371
obj=0.506
time=0.375
obj=0.503
time=0.380
obj=0.501
time=0.385
obj=0.500
time=0.389
obj=0.498
time=0.394
obj=0.495
time=0.399
obj=0.492
time=0.403
obj=0.487
time=0.408
obj=0.484
time=0.413
obj=0.484
time=0.417
obj=0.482
time=0.423
obj=0.480
time=0.428
obj=0.480
time=0.434
obj=0.477
time=0.439
obj=0.476
time=0.443
obj=0.476
time=0.448
obj=0.475
time=0.452
obj=0.474
time=0.457
obj=0.474
time=0.461
obj=0.472
time=0.466
obj=0.471
time=0.471
obj=0.471
time=0.475
obj=0.471
time=0.481
obj=0.470
time=0.485
obj=0.468
time=0.490
obj=0.468
time=0.494
obj=0.467
time=0.499
obj=0.464
time=0.504
obj=0.464
time=0.510
obj=0.463
time=0.515
obj=0.463
time=0.520
obj=0.463
time=0.524
obj=0.459
time=0.529
obj=0.458
time=0.534
obj=0.457
time=0.540
obj=0.457
time=0.544
obj=0.456
time=0.550
obj=0.454
time=0.555
obj=0.451
time=0.559
obj=0.450
time=0.565
obj=0.449
time=0.569
obj=0.449
time=0.577
obj=0.448
time=0.582
obj=0.447
time=0.586
obj=0.446
time=0.591
obj=0.444
time=0.599
obj=0.444
time=0.604
obj=0.443
time=0.608
obj=0.442
time=0.612
obj=0.442
time=0.621
obj=0.442
time=0.627
obj=0.441
time=0.632
obj=0.441
time=0.637
obj=0.441
time=0.641
obj=0.439
time=0.646
obj=0.439
time=0.654
obj=0.439
time=0.660
obj=0.438
time=0.670
obj=0.437
time=0.677
obj=0.437
time=0.685
obj=0.436
time=0.692
obj=0.436
time=0.696
obj=0.435
time=0.702
obj=0.434
time=0.707
obj=0.434
time=0.714
obj=0.434
time=0.719
obj=0.433
time=0.724
obj=0.432
time=0.729
obj=0.431
time=0.734
obj=0.430
time=0.739
obj=0.429
time=0.745
obj=0.429
time=0.756
obj=0.429
time=0.757
obj=0.429
time=0.764
obj=0.429
time=0.768
obj=0.427
time=0.777
obj=0.426
time=0.782
obj=0.426
time=0.786
obj=0.425
time=0.795
obj=0.425
time=0.807
obj=0.424
time=0.812
obj=0.423
time=0.827
obj=0.423
time=0.831
obj=0.422
time=0.836
obj=0.421
time=0.849
obj=0.420
time=0.858
obj=0.420
time=0.877
obj=0.420
time=0.883
obj=0.418
time=0.887
obj=0.417
time=0.892
obj=0.417
time=0.918
obj=0.417
time=0.922
obj=0.416
time=0.927
obj=0.415
time=0.933
obj=0.415
time=0.940
obj=0.413
time=0.948
obj=0.412
time=0.955
obj=0.411
time=0.960
obj=0.411
time=0.964
obj=0.409
time=0.973
obj=0.409
time=1.059
obj=0.409
time=1.064
obj=0.408
time=1.071
obj=0.407
time=1.075
obj=0.407
time=1.079
obj=0.406
time=1.085
obj=0.403
time=1.092
obj=0.403
time=1.096
obj=0.403
time=1.104
obj=0.402
time=1.108
obj=0.401
time=1.115
obj=0.399
time=1.119
obj=0.399
time=1.124
obj=0.398
time=1.137
obj=0.398
time=1.141
obj=0.397
time=1.151
obj=0.396
time=1.226
obj=0.396
time=1.232
obj=0.396
time=1.237
obj=0.394
time=1.243
obj=0.393
time=1.247
obj=0.392
time=1.252
obj=0.392
time=1.258
obj=0.392
time=1.265
obj=0.391
time=1.269
obj=0.391
time=1.273
obj=0.389
time=1.282
obj=0.389
time=1.286
obj=0.389
time=1.293
obj=0.388
time=1.302
obj=0.388
c real margin = 0.612
