buffers=8
windows=80
args generated-large/182.txt 12345 1
original_lb=0.229
time=0.009
obj=0.873
time=0.014
obj=0.805
time=0.014
obj=0.801
time=0.015
obj=0.799
time=0.015
obj=0.791
time=0.016
obj=0.776
time=0.016
obj=0.772
time=0.017
obj=0.771
time=0.018
obj=0.752
time=0.018
obj=0.751
time=0.019
obj=0.718
time=0.019
obj=0.710
time=0.020
obj=0.708
time=0.021
obj=0.701
time=0.021
obj=0.695
time=0.022
obj=0.686
time=0.023
obj=0.681
time=0.023
obj=0.679
time=0.024
obj=0.675
time=0.024
obj=0.672
time=0.025
obj=0.668
time=0.026
obj=0.663
time=0.026
obj=0.659
time=0.027
obj=0.656
time=0.028
obj=0.655
time=0.028
obj=0.642
time=0.029
obj=0.641
time=0.030
obj=0.640
time=0.030
obj=0.640
time=0.031
obj=0.638
time=0.032
obj=0.637
time=0.032
obj=0.636
time=0.033
obj=0.635
time=0.033
obj=0.628
time=0.034
obj=0.624
time=0.035
obj=0.624
time=0.035
obj=0.624
time=0.036
obj=0.623
time=0.037
obj=0.613
time=0.037
obj=0.606
time=0.038
obj=0.606
time=0.039
obj=0.603
time=0.040
obj=0.599
time=0.040
obj=0.594
time=0.041
obj=0.592
time=0.042
obj=0.588
time=0.042
obj=0.587
time=0.043
obj=0.587
time=0.044
obj=0.585
time=0.044
obj=0.582
time=0.045
obj=0.581
time=0.046
obj=0.578
time=0.047
obj=0.575
time=0.047
obj=0.574
time=0.048
obj=0.568
time=0.048
obj=0.568
time=0.049
obj=0.568
time=0.050
obj=0.566
time=0.051
obj=0.565
time=0.052
obj=0.563
time=0.052
obj=0.559
time=0.066
obj=0.558
time=0.067
obj=0.558
time=0.068
obj=0.557
time=0.069
obj=0.553
time=0.069
obj=0.551
time=0.070
obj=0.547
time=0.071
obj=0.547
time=0.072
obj=0.544
time=0.073
obj=0.544
time=0.075
obj=0.544
time=0.077
obj=0.542
time=0.079
obj=0.541
time=0.079
obj=0.541
time=0.156
obj=0.535
time=0.158
obj=0.534
time=0.159
obj=0.534
time=0.160
obj=0.534
time=0.161
obj=0.532
time=0.268
obj=0.528
time=0.269
obj=0.528
time=0.269
obj=0.528
time=0.380
obj=0.526
time=0.381
obj=0.525
time=0.660
obj=0.524
time=0.661
obj=0.524
c real margin = 0.476
