buffers=24
windows=40
args generated-large/183.txt 12345 1
original_lb=0.229
time=0.113
obj=0.838
time=0.128
obj=0.831
time=0.133
obj=0.828
time=0.139
obj=0.827
time=0.142
obj=0.827
time=0.145
obj=0.824
time=0.150
obj=0.824
time=0.153
obj=0.823
time=0.156
obj=0.818
time=0.160
obj=0.818
time=0.165
obj=0.816
time=0.169
obj=0.815
time=0.174
obj=0.815
time=0.179
obj=0.814
time=0.182
obj=0.813
time=0.185
obj=0.809
time=0.188
obj=0.807
time=0.191
obj=0.804
time=0.196
obj=0.802
time=0.200
obj=0.798
time=0.203
obj=0.793
time=0.209
obj=0.793
time=0.215
obj=0.791
time=0.220
obj=0.788
time=0.224
obj=0.786
time=0.227
obj=0.783
time=0.232
obj=0.782
time=0.236
obj=0.782
time=0.240
obj=0.781
time=0.244
obj=0.780
time=0.248
obj=0.780
time=0.254
obj=0.779
time=0.258
obj=0.779
time=0.261
obj=0.778
time=0.264
obj=0.770
time=0.267
obj=0.756
time=0.272
obj=0.756
time=0.275
obj=0.749
time=0.281
obj=0.747
time=0.286
obj=0.744
time=0.288
obj=0.732
time=0.295
obj=0.731
time=0.300
obj=0.731
time=0.304
obj=0.731
time=0.309
obj=0.730
time=0.312
obj=0.729
time=0.320
obj=0.729
time=0.323
obj=0.727
time=0.327
obj=0.727
time=0.330
obj=0.724
time=0.335
obj=0.724
time=0.342
obj=0.724
time=0.349
obj=0.723
time=0.354
obj=0.723
time=0.365
obj=0.722
time=0.373
obj=0.721
time=0.378
obj=0.721
time=0.382
obj=0.721
time=0.385
obj=0.720
time=0.394
obj=0.716
time=0.405
obj=0.715
time=0.409
obj=0.713
time=0.413
obj=0.713
time=0.417
obj=0.712
time=0.424
obj=0.711
time=0.429
obj=0.711
time=0.436
obj=0.709
time=0.440
obj=0.707
time=0.444
obj=0.706
time=0.448
obj=0.702
time=0.457
obj=0.701
time=0.463
obj=0.701
time=0.466
obj=0.700
time=0.474
obj=0.698
time=0.484
obj=0.698
time=0.495
obj=0.695
time=0.503
obj=0.692
time=0.507
obj=0.691
time=0.511
obj=0.691
time=0.514
obj=0.688
time=0.523
obj=0.686
time=0.531
obj=0.685
time=0.535
obj=0.681
time=0.542
obj=0.680
time=0.546
obj=0.678
time=0.550
obj=0.677
time=0.553
obj=0.676
time=0.560
obj=0.676
time=0.565
obj=0.675
time=0.575
obj=0.674
time=0.584
obj=0.673
time=0.587
obj=0.672
time=0.595
obj=0.671
time=0.602
obj=0.671
time=0.609
obj=0.670
time=0.613
obj=0.670
time=0.623
obj=0.666
time=0.631
obj=0.665
time=0.635
obj=0.664
time=0.642
obj=0.664
time=0.648
obj=0.663
time=0.657
obj=0.663
time=0.661
obj=0.663
time=0.675
obj=0.662
time=0.682
obj=0.662
time=0.690
obj=0.661
time=0.704
obj=0.659
time=0.711
obj=0.658
time=0.715
obj=0.658
time=0.719
obj=0.656
time=0.730
obj=0.656
time=0.738
obj=0.655
time=0.741
obj=0.655
time=0.747
obj=0.655
time=0.750
obj=0.654
time=0.759
obj=0.650
time=0.771
obj=0.649
time=0.793
obj=0.649
time=0.813
obj=0.649
time=0.829
obj=0.649
time=0.833
obj=0.648
time=0.837
obj=0.648
time=0.840
obj=0.647
time=0.845
obj=0.647
time=0.848
obj=0.646
time=0.857
obj=0.644
time=0.867
obj=0.644
time=0.871
obj=0.643
time=0.876
obj=0.643
time=0.889
obj=0.640
time=0.918
obj=0.637
time=0.928
obj=0.636
time=0.952
obj=0.636
time=0.967
obj=0.635
time=0.970
obj=0.634
time=0.975
obj=0.634
time=0.996
obj=0.633
time=1.000
obj=0.633
time=1.023
obj=0.630
time=1.027
obj=0.626
time=1.032
obj=0.624
time=1.074
obj=0.623
time=1.111
obj=0.623
time=1.142
obj=0.622
time=1.151
obj=0.621
time=1.171
obj=0.621
time=1.285
obj=0.620
time=1.335
obj=0.620
time=1.337
obj=0.618
time=1.341
obj=0.618
time=1.831
obj=0.617
time=1.834
obj=0.617
time=1.873
obj=0.616
time=2.051
obj=0.616
time=2.282
obj=0.615
time=2.326
obj=0.615
time=2.329
obj=0.615
time=2.478
obj=0.615
time=3.225
obj=0.614
time=3.243
obj=0.614
time=3.248
obj=0.614
time=3.925
obj=0.614
time=4.304
obj=0.613
time=4.308
obj=0.613
time=4.313
obj=0.613
time=4.713
obj=0.613
time=4.771
obj=0.612
time=4.776
obj=0.610
time=5.678
obj=0.610
time=5.682
obj=0.610
time=5.904
obj=0.609
time=5.915
obj=0.608
time=6.633
obj=0.607
time=6.643
obj=0.607
time=6.647
obj=0.607
time=7.675
obj=0.607
time=10.618
obj=0.607
time=11.910
obj=0.606
time=11.913
obj=0.605
time=12.087
obj=0.605
time=12.090
obj=0.604
time=12.093
obj=0.604
time=20.163
obj=0.604
time=32.257
obj=0.604
time=32.260
obj=0.603
time=34.328
obj=0.602
time=34.500
obj=0.601
time=34.503
obj=0.600
time=34.508
obj=0.600
time=43.460
obj=0.599
time=47.242
obj=0.598
time=50.508
obj=0.597
time=73.061
obj=0.596
time=80.015
obj=0.595
time=84.523
obj=0.595
time=84.526
obj=0.595
time=145.918
obj=0.595
time=145.933
obj=0.595
time=145.936
obj=0.593
time=187.229
obj=0.593
time=390.415
obj=0.593
time=453.335
obj=0.592
time=453.339
obj=0.592
time=772.228
obj=0.592
time=772.231
obj=0.591
time=772.239
obj=0.591
time=1818.147
obj=0.591
c real margin = 0.409
