buffers=16
windows=80
args generated-large/184.txt 12345 1
original_lb=0.199
time=0.030
obj=1.108
time=0.037
obj=1.028
time=0.040
obj=1.025
time=0.042
obj=1.024
time=0.045
obj=1.017
time=0.048
obj=1.017
time=0.050
obj=1.016
time=0.052
obj=1.014
time=0.055
obj=1.012
time=0.058
obj=1.011
time=0.060
obj=1.011
time=0.062
obj=1.011
time=0.065
obj=1.010
time=0.066
obj=1.007
time=0.069
obj=1.004
time=0.072
obj=1.003
time=0.075
obj=0.998
time=0.079
obj=0.997
time=0.082
obj=0.996
time=0.085
obj=0.995
time=0.086
obj=0.995
time=0.088
obj=0.994
time=0.090
obj=0.993
time=0.091
obj=0.992
time=0.093
obj=0.987
time=0.096
obj=0.987
time=0.099
obj=0.986
time=0.100
obj=0.985
time=0.103
obj=0.983
time=0.106
obj=0.979
time=0.110
obj=0.979
time=0.113
obj=0.974
time=0.115
obj=0.974
time=0.118
obj=0.973
time=0.122
obj=0.972
time=0.125
obj=0.970
time=0.129
obj=0.970
time=0.133
obj=0.967
time=0.135
obj=0.965
time=0.138
obj=0.965
time=0.141
obj=0.963
time=0.143
obj=0.962
time=0.145
obj=0.962
time=0.147
obj=0.961
time=0.149
obj=0.958
time=0.153
obj=0.958
time=0.155
obj=0.958
time=0.158
obj=0.958
time=0.161
obj=0.957
time=0.163
obj=0.957
time=0.165
obj=0.957
time=0.166
obj=0.955
time=0.169
obj=0.955
time=0.173
obj=0.955
time=0.175
obj=0.950
time=0.180
obj=0.949
time=0.182
obj=0.948
time=0.183
obj=0.947
time=0.187
obj=0.943
time=0.191
obj=0.942
time=0.195
obj=0.941
time=0.198
obj=0.941
time=0.200
obj=0.939
time=0.203
obj=0.938
time=0.207
obj=0.938
time=0.209
obj=0.936
time=0.213
obj=0.935
time=0.215
obj=0.935
time=0.218
obj=0.934
time=0.223
obj=0.934
time=0.228
obj=0.933
time=0.229
obj=0.931
time=0.230
obj=0.930
time=0.232
obj=0.928
time=0.236
obj=0.927
time=0.237
obj=0.923
time=0.242
obj=0.922
time=0.244
obj=0.921
time=0.246
obj=0.920
time=0.252
obj=0.918
time=0.254
obj=0.917
time=0.257
obj=0.917
time=0.261
obj=0.916
time=0.263
obj=0.915
time=0.269
obj=0.914
time=0.271
obj=0.914
time=0.277
obj=0.913
time=0.283
obj=0.911
time=0.288
obj=0.911
time=0.290
obj=0.909
time=0.292
obj=0.907
time=0.297
obj=0.907
time=0.301
obj=0.906
time=0.304
obj=0.906
time=0.306
obj=0.906
time=0.309
obj=0.906
time=0.317
obj=0.905
time=0.322
obj=0.905
time=0.331
obj=0.905
time=0.340
obj=0.905
time=0.341
obj=0.904
time=0.344
obj=0.904
time=0.349
obj=0.902
time=0.350
obj=0.902
time=0.358
obj=0.902
time=0.366
obj=0.902
time=0.373
obj=0.901
time=0.385
obj=0.901
time=0.388
obj=0.900
time=0.395
obj=0.899
time=0.396
obj=0.898
time=0.399
obj=0.896
time=0.401
obj=0.896
time=0.407
obj=0.894
time=0.409
obj=0.894
time=0.420
obj=0.893
time=0.423
obj=0.893
time=0.424
obj=0.893
time=0.429
obj=0.892
time=0.439
obj=0.891
time=0.443
obj=0.889
time=0.445
obj=0.889
time=0.460
obj=0.888
time=0.461
obj=0.887
time=0.505
obj=0.885
time=0.506
obj=0.885
time=0.507
obj=0.884
time=0.510
obj=0.884
time=0.517
obj=0.883
time=0.518
obj=0.883
time=0.530
obj=0.882
time=0.531
obj=0.881
time=0.776
obj=0.881
time=0.779
obj=0.876
time=0.859
obj=0.876
time=1.021
obj=0.875
time=1.022
obj=0.875
time=1.024
obj=0.873
time=1.176
obj=0.873
time=1.177
obj=0.872
time=1.669
obj=0.871
time=3.060
obj=0.870
time=3.676
obj=0.870
time=4.261
obj=0.869
time=5.012
obj=0.869
time=5.014
obj=0.868
time=15.044
obj=0.866
time=16.728
obj=0.866
time=18.999
obj=0.865
time=19.001
obj=0.864
time=19.003
obj=0.864
time=48.957
obj=0.863
time=57.626
obj=0.862
time=61.134
obj=0.861
time=62.674
obj=0.860
time=167.750
obj=0.860
time=182.858
obj=0.859
time=297.351
obj=0.858
time=297.352
obj=0.857
time=525.357
obj=0.857
time=545.488
obj=0.857
time=780.487
obj=0.857
time=1066.584
obj=0.856
time=1116.100
obj=0.856
time=1836.474
obj=0.855
time=2669.018
obj=0.854
c real margin = 0.146
