buffers=24
windows=40
args generated-large/185.txt 12345 1
original_lb=0.252
time=0.120
obj=0.819
time=0.132
obj=0.723
time=0.136
obj=0.700
time=0.139
obj=0.692
time=0.142
obj=0.691
time=0.146
obj=0.670
time=0.149
obj=0.669
time=0.153
obj=0.660
time=0.157
obj=0.659
time=0.161
obj=0.650
time=0.165
obj=0.641
time=0.168
obj=0.622
time=0.172
obj=0.619
time=0.176
obj=0.614
time=0.179
obj=0.614
time=0.184
obj=0.612
time=0.188
obj=0.608
time=0.193
obj=0.598
time=0.196
obj=0.595
time=0.200
obj=0.590
time=0.204
obj=0.585
time=0.209
obj=0.585
time=0.213
obj=0.585
time=0.217
obj=0.580
time=0.221
obj=0.580
time=0.226
obj=0.577
time=0.230
obj=0.576
time=0.234
obj=0.568
time=0.238
obj=0.562
time=0.242
obj=0.556
time=0.247
obj=0.555
time=0.251
obj=0.554
time=0.256
obj=0.549
time=0.261
obj=0.549
time=0.266
obj=0.544
time=0.270
obj=0.542
time=0.274
obj=0.536
time=0.278
obj=0.536
time=0.283
obj=0.532
time=0.287
obj=0.531
time=0.292
obj=0.529
time=0.297
obj=0.529
time=0.301
obj=0.525
time=0.305
obj=0.523
time=0.309
obj=0.520
time=0.313
obj=0.516
time=0.317
obj=0.511
time=0.322
obj=0.505
time=0.326
obj=0.504
time=0.330
obj=0.504
time=0.334
obj=0.500
time=0.339
obj=0.498
time=0.343
obj=0.494
time=0.349
obj=0.494
time=0.354
obj=0.493
time=0.359
obj=0.493
time=0.363
obj=0.493
time=0.368
obj=0.485
time=0.372
obj=0.485
time=0.377
obj=0.485
time=0.382
obj=0.481
time=0.387
obj=0.470
time=0.392
obj=0.470
time=0.396
obj=0.469
time=0.400
obj=0.467
time=0.404
obj=0.466
time=0.409
obj=0.465
time=0.414
obj=0.465
time=0.418
obj=0.461
time=0.422
obj=0.459
time=0.427
obj=0.456
time=0.431
obj=0.452
time=0.440
obj=0.451
time=0.444
obj=0.451
time=0.448
obj=0.450
time=0.456
obj=0.450
time=0.460
obj=0.449
time=0.467
obj=0.448
time=0.472
obj=0.447
time=0.479
obj=0.447
time=0.483
obj=0.444
time=0.487
obj=0.444
time=0.493
obj=0.443
time=0.502
obj=0.443
time=0.508
obj=0.443
time=0.512
obj=0.442
time=0.516
obj=0.441
time=0.531
obj=0.440
time=0.535
obj=0.439
time=0.539
obj=0.439
time=0.544
obj=0.439
time=0.551
obj=0.438
time=0.558
obj=0.437
time=0.562
obj=0.436
time=0.570
obj=0.436
time=0.575
obj=0.434
time=0.579
obj=0.433
time=0.590
obj=0.432
time=0.604
obj=0.432
time=0.611
obj=0.431
time=0.615
obj=0.430
time=0.621
obj=0.430
time=0.690
obj=0.429
time=0.693
obj=0.427
time=0.697
obj=0.424
time=0.703
obj=0.423
time=0.708
obj=0.422
time=0.712
obj=0.422
time=0.716
obj=0.422
time=0.720
obj=0.421
time=0.724
obj=0.420
time=0.730
obj=0.419
time=0.737
obj=0.417
c real margin = 0.583
