buffers=8
windows=40
args generated-large/186.txt 12345 1
original_lb=0.212
time=0.005
obj=1.062
time=0.006
obj=1.007
time=0.007
obj=0.996
time=0.008
obj=0.995
time=0.008
obj=0.989
time=0.008
obj=0.978
time=0.009
obj=0.976
time=0.009
obj=0.966
time=0.009
obj=0.966
time=0.010
obj=0.955
time=0.010
obj=0.950
time=0.011
obj=0.939
time=0.011
obj=0.931
time=0.012
obj=0.929
time=0.012
obj=0.920
time=0.013
obj=0.914
time=0.014
obj=0.912
time=0.015
obj=0.911
time=0.015
obj=0.910
time=0.016
obj=0.906
time=0.016
obj=0.905
time=0.016
obj=0.905
time=0.017
obj=0.902
time=0.018
obj=0.900
time=0.018
obj=0.892
time=0.019
obj=0.883
time=0.019
obj=0.881
time=0.020
obj=0.877
time=0.020
obj=0.872
time=0.021
obj=0.870
time=0.021
obj=0.866
time=0.023
obj=0.864
time=0.023
obj=0.859
time=0.024
obj=0.856
time=0.024
obj=0.855
time=0.025
obj=0.850
time=0.026
obj=0.847
time=0.026
obj=0.846
time=0.027
obj=0.844
time=0.029
obj=0.836
time=0.030
obj=0.834
time=0.031
obj=0.834
time=0.033
obj=0.832
time=0.033
obj=0.831
time=0.034
obj=0.825
time=0.053
obj=0.825
time=0.053
obj=0.821
time=0.054
obj=0.820
time=0.054
obj=0.818
time=0.055
obj=0.813
time=0.055
obj=0.813
time=0.056
obj=0.811
time=0.057
obj=0.809
time=0.161
obj=0.808
time=0.257
obj=0.808
time=0.259
obj=0.806
time=0.260
obj=0.802
time=0.260
obj=0.800
time=0.261
obj=0.799
time=0.605
obj=0.798
time=0.606
obj=0.797
time=0.648
obj=0.796
time=0.649
obj=0.794
time=10.906
obj=0.791
time=33.246
obj=0.790
time=33.246
obj=0.790
time=52.807
obj=0.790
time=52.807
obj=0.783
c real margin = 0.217
