buffers=16
windows=20
args generated-large/187.txt 12345 1
original_lb=0.258
time=0.031
obj=0.783
time=0.034
obj=0.615
time=0.036
obj=0.611
time=0.038
obj=0.610
time=0.039
obj=0.606
time=0.041
obj=0.604
time=0.042
obj=0.597
time=0.043
obj=0.595
time=0.045
obj=0.592
time=0.047
obj=0.569
time=0.048
obj=0.557
time=0.051
obj=0.551
time=0.053
obj=0.548
time=0.055
obj=0.540
time=0.056
obj=0.532
time=0.060
obj=0.532
time=0.061
obj=0.527
time=0.062
obj=0.525
time=0.064
obj=0.523
time=0.065
obj=0.521
time=0.067
obj=0.521
time=0.069
obj=0.515
time=0.070
obj=0.513
time=0.072
obj=0.509
time=0.074
obj=0.507
time=0.076
obj=0.505
time=0.078
obj=0.500
time=0.079
obj=0.494
time=0.081
obj=0.487
time=0.083
obj=0.485
time=0.085
obj=0.484
time=0.086
obj=0.484
time=0.088
obj=0.481
time=0.089
obj=0.481
time=0.091
obj=0.477
time=0.094
obj=0.477
time=0.096
obj=0.476
time=0.098
obj=0.475
time=0.100
obj=0.475
time=0.102
obj=0.464
time=0.105
obj=0.463
time=0.108
obj=0.462
time=0.110
obj=0.459
time=0.112
obj=0.458
time=0.114
obj=0.454
time=0.117
obj=0.452
time=0.120
obj=0.452
time=0.124
obj=0.450
time=0.128
obj=0.450
time=0.131
obj=0.450
time=0.133
obj=0.449
time=0.136
obj=0.448
time=0.140
obj=0.447
time=0.145
obj=0.446
time=0.146
obj=0.443
time=0.147
obj=0.443
time=0.151
obj=0.442
time=0.154
obj=0.439
time=0.155
obj=0.438
time=0.157
obj=0.437
time=0.159
obj=0.433
time=0.163
obj=0.428
time=0.164
obj=0.427
time=0.167
obj=0.426
time=0.171
obj=0.425
time=0.173
obj=0.423
time=0.175
obj=0.423
time=0.182
obj=0.421
time=0.185
obj=0.420
time=0.187
obj=0.420
time=0.189
obj=0.419
time=0.191
obj=0.419
time=0.193
obj=0.415
time=0.200
obj=0.413
time=0.202
obj=0.413
time=0.205
obj=0.412
time=0.219
obj=0.412
time=0.238
obj=0.412
time=0.240
obj=0.411
time=0.246
obj=0.411
time=0.248
obj=0.411
time=0.257
obj=0.409
time=0.265
obj=0.409
time=0.271
obj=0.407
time=0.272
obj=0.407
time=0.274
obj=0.407
time=0.276
obj=0.405
time=0.282
obj=0.404
time=0.292
obj=0.404
time=0.303
obj=0.404
time=0.304
obj=0.404
time=0.338
obj=0.401
time=0.339
obj=0.397
time=0.348
obj=0.397
time=0.350
obj=0.395
time=0.353
obj=0.395
time=0.355
obj=0.394
time=0.364
obj=0.393
time=0.419
obj=0.391
time=0.422
obj=0.390
time=0.424
obj=0.389
time=0.426
obj=0.389
time=0.435
obj=0.387
time=0.437
obj=0.386
time=0.439
obj=0.385
time=0.440
obj=0.385
c real margin = 0.615
