buffers=8
windows=20
args generated-large/188.txt 12345 1
original_lb=0.262
time=0.005
obj=0.638
time=0.006
obj=0.584
time=0.006
obj=0.579
time=0.006
obj=0.574
time=0.006
obj=0.568
time=0.007
obj=0.552
time=0.007
obj=0.551
time=0.007
obj=0.539
time=0.008
obj=0.501
time=0.008
obj=0.499
time=0.009
obj=0.498
time=0.009
obj=0.494
time=0.010
obj=0.479
time=0.010
obj=0.478
time=0.011
obj=0.475
time=0.011
obj=0.463
time=0.011
obj=0.456
time=0.012
obj=0.453
time=0.012
obj=0.451
time=0.013
obj=0.443
time=0.013
obj=0.441
time=0.014
obj=0.433
time=0.015
obj=0.432
time=0.016
obj=0.422
time=0.017
obj=0.419
time=0.017
obj=0.418
time=0.018
obj=0.418
time=0.018
obj=0.411
time=0.019
obj=0.407
time=0.020
obj=0.404
time=0.020
obj=0.403
time=0.022
obj=0.398
time=0.022
obj=0.398
time=0.043
obj=0.397
time=0.043
obj=0.395
time=0.054
obj=0.385
time=0.080
obj=0.384
time=0.148
obj=0.384
c real margin = 0.616
