buffers=24
windows=40
args generated-large/189.txt 12345 1
original_lb=0.266
time=0.116
obj=0.931
time=0.132
obj=0.929
time=0.136
obj=0.924
time=0.140
obj=0.921
time=0.143
obj=0.919
time=0.146
obj=0.909
time=0.150
obj=0.901
time=0.153
obj=0.891
time=0.156
obj=0.877
time=0.159
obj=0.876
time=0.165
obj=0.875
time=0.168
obj=0.870
time=0.172
obj=0.866
time=0.177
obj=0.862
time=0.182
obj=0.857
time=0.185
obj=0.855
time=0.191
obj=0.837
time=0.195
obj=0.833
time=0.201
obj=0.827
time=0.206
obj=0.825
time=0.211
obj=0.820
time=0.217
obj=0.819
time=0.221
obj=0.818
time=0.224
obj=0.818
time=0.229
obj=0.818
time=0.233
obj=0.816
time=0.240
obj=0.815
time=0.243
obj=0.809
time=0.247
obj=0.808
time=0.251
obj=0.806
time=0.257
obj=0.802
time=0.260
obj=0.802
time=0.266
obj=0.801
time=0.274
obj=0.794
time=0.279
obj=0.790
time=0.282
obj=0.789
time=0.287
obj=0.784
time=0.295
obj=0.783
time=0.299
obj=0.782
time=0.303
obj=0.779
time=0.308
obj=0.779
time=0.311
obj=0.777
time=0.317
obj=0.775
time=0.323
obj=0.771
time=0.329
obj=0.769
time=0.332
obj=0.766
time=0.339
obj=0.765
time=0.346
obj=0.761
time=0.353
obj=0.758
time=0.358
obj=0.756
time=0.365
obj=0.753
time=0.373
obj=0.749
time=0.379
obj=0.746
time=0.387
obj=0.745
time=0.392
obj=0.744
time=0.399
obj=0.740
time=0.405
obj=0.738
time=0.413
obj=0.736
time=0.423
obj=0.734
time=0.428
obj=0.732
time=0.433
obj=0.731
time=0.436
obj=0.730
time=0.442
obj=0.729
time=0.445
obj=0.728
time=0.449
obj=0.727
time=0.458
obj=0.726
time=0.466
obj=0.725
time=0.469
obj=0.721
time=0.474
obj=0.715
time=0.482
obj=0.715
time=0.485
obj=0.714
time=0.489
obj=0.713
time=0.496
obj=0.709
time=0.503
obj=0.707
time=0.522
obj=0.704
time=0.525
obj=0.704
time=0.528
obj=0.701
time=0.555
obj=0.701
time=0.558
obj=0.700
time=0.571
obj=0.698
time=0.579
obj=0.697
time=0.584
obj=0.696
time=0.595
obj=0.692
time=0.600
obj=0.691
time=0.616
obj=0.690
time=0.662
obj=0.690
time=0.665
obj=0.688
time=0.672
obj=0.688
time=0.676
obj=0.683
time=0.703
obj=0.683
time=0.706
obj=0.683
time=0.732
obj=0.682
time=0.735
obj=0.682
time=0.739
obj=0.682
time=0.758
obj=0.681
time=0.761
obj=0.681
time=0.766
obj=0.681
time=0.790
obj=0.679
time=0.793
obj=0.678
time=0.935
obj=0.678
time=0.941
obj=0.675
time=0.977
obj=0.674
time=1.150
obj=0.674
time=1.356
obj=0.674
time=1.359
obj=0.672
time=1.490
obj=0.672
time=2.056
obj=0.671
time=2.062
obj=0.668
time=2.066
obj=0.668
time=2.071
obj=0.667
time=2.807
obj=0.666
time=2.810
obj=0.665
time=2.813
obj=0.663
time=2.820
obj=0.663
time=2.824
obj=0.663
time=2.859
obj=0.663
time=2.861
obj=0.662
time=2.865
obj=0.659
time=2.905
obj=0.659
time=4.543
obj=0.659
time=4.545
obj=0.657
time=4.553
obj=0.657
time=4.559
obj=0.656
time=4.564
obj=0.654
time=4.568
obj=0.654
time=24.359
obj=0.654
time=24.362
obj=0.654
time=24.365
obj=0.653
time=73.206
obj=0.653
time=73.210
obj=0.653
time=84.893
obj=0.653
time=84.897
obj=0.653
time=84.901
obj=0.650
time=84.905
obj=0.649
time=84.908
obj=0.649
time=84.911
obj=0.646
time=372.696
obj=0.645
time=372.700
obj=0.644
time=990.274
obj=0.644
time=990.277
obj=0.643
time=990.280
obj=0.641
time=1144.287
obj=0.641
time=1144.291
obj=0.640
time=3111.114
obj=0.639
time=3111.117
obj=0.639
c real margin = 0.361
