buffers=24
windows=20
args generated-large/19.txt 12345 1
original_lb=0.261
time=0.167
obj=2.329
time=1.927
obj=1.080
time=1.965
obj=1.078
time=1.968
obj=1.073
time=1.982
obj=1.073
time=1.985
obj=1.071
time=1.992
obj=1.068
time=2.001
obj=1.068
time=2.004
obj=1.066
time=2.009
obj=1.064
time=2.017
obj=1.049
time=2.024
obj=1.047
time=2.035
obj=1.046
time=2.045
obj=1.044
time=2.050
obj=1.038
time=2.061
obj=1.038
time=2.065
obj=1.035
time=2.075
obj=1.035
time=2.084
obj=1.029
time=2.088
obj=1.029
time=2.098
obj=1.025
time=2.106
obj=1.022
time=2.113
obj=1.015
time=2.124
obj=1.013
time=2.135
obj=1.009
time=2.144
obj=0.997
time=2.150
obj=0.995
time=2.156
obj=0.991
time=2.162
obj=0.987
time=2.175
obj=0.981
time=2.187
obj=0.980
time=2.197
obj=0.978
time=2.205
obj=0.977
time=2.214
obj=0.970
time=2.223
obj=0.964
time=2.228
obj=0.963
time=2.233
obj=0.961
time=2.238
obj=0.961
time=2.248
obj=0.955
time=2.254
obj=0.954
time=2.267
obj=0.948
time=2.279
obj=0.945
time=2.293
obj=0.937
time=2.299
obj=0.937
time=2.315
obj=0.935
time=2.323
obj=0.934
time=2.336
obj=0.934
time=2.342
obj=0.933
time=2.347
obj=0.929
time=2.355
obj=0.928
time=2.376
obj=0.927
time=2.380
obj=0.922
time=2.385
obj=0.920
time=2.396
obj=0.917
time=2.403
obj=0.916
time=2.419
obj=0.914
time=2.423
obj=0.909
time=2.435
obj=0.908
time=2.439
obj=0.902
time=2.450
obj=0.900
time=2.502
obj=0.898
time=2.505
obj=0.898
time=2.540
obj=0.894
time=2.570
obj=0.893
time=2.574
obj=0.887
time=2.579
obj=0.881
time=2.763
obj=0.880
time=2.767
obj=0.874
time=2.817
obj=0.874
time=2.920
obj=0.874
time=2.924
obj=0.873
time=3.042
obj=0.873
time=3.046
obj=0.864
time=3.231
obj=0.863
time=3.235
obj=0.863
time=3.304
obj=0.862
time=3.307
obj=0.861
time=3.316
obj=0.861
time=3.436
obj=0.860
time=3.440
obj=0.859
time=3.451
obj=0.856
time=3.455
obj=0.855
time=3.670
obj=0.855
time=3.674
obj=0.854
time=3.810
obj=0.854
time=3.818
obj=0.854
time=4.294
obj=0.853
time=4.299
obj=0.851
time=4.698
obj=0.850
time=4.701
obj=0.850
time=4.734
obj=0.849
time=4.740
obj=0.847
time=4.760
obj=0.847
time=4.765
obj=0.845
time=4.769
obj=0.842
time=4.875
obj=0.842
time=5.003
obj=0.841
time=5.006
obj=0.841
time=5.043
obj=0.840
time=8.249
obj=0.840
time=8.252
obj=0.839
time=8.265
obj=0.838
time=8.307
obj=0.838
time=8.330
obj=0.837
time=10.301
obj=0.835
time=10.305
obj=0.828
time=154.069
obj=0.828
time=154.072
obj=0.828
time=220.037
obj=0.828
time=220.041
obj=0.825
time=439.630
obj=0.824
time=691.498
obj=0.824
time=691.501
obj=0.822
time=822.472
obj=0.821
time=822.475
obj=0.819
time=822.480
obj=0.819
time=989.671
obj=0.818
time=989.675
obj=0.814
c real margin = 0.186
