buffers=24
windows=40
args generated-large/190.txt 12345 1
original_lb=0.229
time=0.233
obj=0.709
time=0.261
obj=0.619
time=0.268
obj=0.612
time=0.276
obj=0.606
time=0.284
obj=0.558
time=0.292
obj=0.557
time=0.300
obj=0.552
time=0.309
obj=0.549
time=0.317
obj=0.542
time=0.325
obj=0.541
time=0.334
obj=0.516
time=0.342
obj=0.515
time=0.351
obj=0.489
time=0.359
obj=0.488
time=0.368
obj=0.484
time=0.377
obj=0.482
time=0.386
obj=0.481
time=0.394
obj=0.476
time=0.403
obj=0.472
time=0.411
obj=0.462
time=0.422
obj=0.451
time=0.431
obj=0.451
time=0.439
obj=0.449
time=0.448
obj=0.448
time=0.457
obj=0.444
time=0.470
obj=0.443
time=0.479
obj=0.441
time=0.488
obj=0.440
time=0.498
obj=0.440
time=0.507
obj=0.436
time=0.516
obj=0.432
time=0.524
obj=0.417
time=0.534
obj=0.415
time=0.542
obj=0.413
time=0.552
obj=0.411
time=0.561
obj=0.408
time=0.570
obj=0.407
time=0.579
obj=0.404
time=0.589
obj=0.404
time=0.599
obj=0.402
time=0.608
obj=0.395
time=0.617
obj=0.391
time=0.628
obj=0.391
time=0.638
obj=0.385
time=0.651
obj=0.380
time=0.665
obj=0.380
time=0.679
obj=0.380
time=0.690
obj=0.377
time=0.699
obj=0.377
time=0.710
obj=0.375
time=0.719
obj=0.372
time=0.729
obj=0.372
time=0.742
obj=0.371
time=0.751
obj=0.364
time=0.763
obj=0.359
time=0.774
obj=0.358
time=0.783
obj=0.356
time=0.794
obj=0.355
time=0.805
obj=0.354
time=0.816
obj=0.353
time=0.826
obj=0.353
time=0.836
obj=0.353
time=0.846
obj=0.352
time=0.855
obj=0.352
time=0.866
obj=0.350
time=0.878
obj=0.350
time=0.890
obj=0.350
time=0.899
obj=0.349
time=0.965
obj=0.349
time=0.975
obj=0.349
time=0.985
obj=0.348
time=0.996
obj=0.346
time=1.025
obj=0.344
time=1.035
obj=0.344
time=1.048
obj=0.344
time=1.057
obj=0.343
time=1.068
obj=0.342
time=1.080
obj=0.342
time=1.090
obj=0.341
time=1.100
obj=0.340
time=2.190
obj=0.340
time=2.198
obj=0.339
time=255.315
obj=0.339
time=255.324
obj=0.338
time=859.280
obj=0.338
time=859.291
obj=0.338
c real margin = 0.662
