buffers=24
windows=20
args generated-large/191.txt 12345 1
original_lb=0.257
time=0.171
obj=1.044
time=0.181
obj=1.021
time=0.195
obj=1.020
time=0.203
obj=1.017
time=0.210
obj=1.016
time=0.220
obj=1.014
time=0.233
obj=1.014
time=0.241
obj=1.008
time=0.246
obj=1.005
time=0.251
obj=1.002
time=0.263
obj=1.002
time=0.274
obj=1.001
time=0.279
obj=0.999
time=0.292
obj=0.998
time=0.297
obj=0.995
time=0.303
obj=0.992
time=0.308
obj=0.991
time=0.316
obj=0.985
time=0.334
obj=0.985
time=0.341
obj=0.985
time=0.351
obj=0.984
time=0.363
obj=0.980
time=0.371
obj=0.979
time=0.381
obj=0.978
time=0.389
obj=0.972
time=0.396
obj=0.971
time=0.402
obj=0.970
time=0.411
obj=0.958
time=0.419
obj=0.957
time=0.430
obj=0.956
time=0.439
obj=0.955
time=0.448
obj=0.954
time=0.471
obj=0.952
time=0.488
obj=0.948
time=0.505
obj=0.948
time=0.521
obj=0.948
time=0.526
obj=0.948
time=0.543
obj=0.947
time=0.560
obj=0.944
time=0.574
obj=0.942
time=0.581
obj=0.941
time=0.592
obj=0.941
time=0.609
obj=0.941
time=0.627
obj=0.940
time=0.641
obj=0.940
time=0.651
obj=0.935
time=0.657
obj=0.919
time=0.667
obj=0.919
time=0.673
obj=0.911
time=0.692
obj=0.910
time=0.708
obj=0.909
time=0.725
obj=0.907
time=0.744
obj=0.906
time=0.753
obj=0.906
time=0.770
obj=0.900
time=0.786
obj=0.895
time=0.796
obj=0.892
time=0.804
obj=0.889
time=0.825
obj=0.883
time=0.839
obj=0.882
time=0.859
obj=0.881
time=0.884
obj=0.879
time=0.904
obj=0.876
time=0.910
obj=0.873
time=0.931
obj=0.868
time=0.961
obj=0.867
time=0.965
obj=0.862
time=0.978
obj=0.862
time=0.999
obj=0.861
time=1.016
obj=0.860
time=1.045
obj=0.859
time=1.068
obj=0.858
time=1.101
obj=0.856
time=1.118
obj=0.855
time=1.132
obj=0.853
time=1.162
obj=0.852
time=1.223
obj=0.851
time=1.229
obj=0.851
time=1.242
obj=0.850
time=1.274
obj=0.848
time=1.286
obj=0.846
time=1.310
obj=0.845
time=1.349
obj=0.843
time=1.361
obj=0.843
time=1.366
obj=0.843
time=1.389
obj=0.842
time=1.417
obj=0.841
time=1.436
obj=0.840
time=1.462
obj=0.839
time=1.557
obj=0.838
time=1.562
obj=0.837
time=1.596
obj=0.836
time=1.653
obj=0.835
time=1.658
obj=0.834
time=1.782
obj=0.833
time=1.786
obj=0.832
time=1.903
obj=0.831
time=1.908
obj=0.831
time=1.936
obj=0.827
time=1.951
obj=0.827
time=1.979
obj=0.823
time=2.007
obj=0.817
time=2.835
obj=0.817
time=2.840
obj=0.817
time=4.070
obj=0.817
time=4.076
obj=0.816
time=4.081
obj=0.812
time=5.172
obj=0.812
time=5.176
obj=0.808
time=6.198
obj=0.808
time=7.520
obj=0.807
time=19.950
obj=0.806
time=19.954
obj=0.805
time=20.069
obj=0.804
time=20.072
obj=0.803
time=21.152
obj=0.803
time=21.155
obj=0.803
time=30.136
obj=0.803
time=40.413
obj=0.802
time=40.417
obj=0.802
time=41.525
obj=0.801
time=41.530
obj=0.800
time=75.720
obj=0.800
time=75.724
obj=0.796
time=172.970
obj=0.795
time=181.626
obj=0.795
time=181.630
obj=0.795
time=225.272
obj=0.795
time=225.276
obj=0.793
time=341.898
obj=0.790
time=341.902
obj=0.788
time=456.094
obj=0.787
time=456.098
obj=0.785
c real margin = 0.215
