buffers=16
windows=20
args generated-large/192.txt 12345 1
original_lb=0.287
time=0.055
obj=0.683
time=0.061
obj=0.668
time=0.064
obj=0.559
time=0.066
obj=0.508
time=0.069
obj=0.502
time=0.071
obj=0.488
time=0.074
obj=0.479
time=0.081
obj=0.478
time=0.084
obj=0.466
time=0.089
obj=0.459
time=0.093
obj=0.450
time=0.099
obj=0.446
time=0.103
obj=0.437
time=0.115
obj=0.435
time=0.118
obj=0.433
time=0.121
obj=0.432
time=0.124
obj=0.428
time=0.140
obj=0.427
time=0.160
obj=0.425
time=0.163
obj=0.422
time=0.165
obj=0.420
time=0.168
obj=0.419
time=0.171
obj=0.417
time=0.177
obj=0.416
time=0.197
obj=0.415
time=0.200
obj=0.407
time=0.202
obj=0.402
time=0.331
obj=0.402
time=0.333
obj=0.398
time=0.494
obj=0.398
time=0.498
obj=0.393
time=0.500
obj=0.393
time=0.503
obj=0.392
time=0.730
obj=0.384
time=410.801
obj=0.384
c real margin = 0.616
