buffers=16
windows=20
args generated-large/193.txt 12345 1
original_lb=0.282
time=0.058
obj=0.690
time=0.065
obj=0.686
time=0.067
obj=0.625
time=0.070
obj=0.625
time=0.073
obj=0.621
time=0.075
obj=0.597
time=0.078
obj=0.596
time=0.081
obj=0.592
time=0.083
obj=0.589
time=0.089
obj=0.587
time=0.093
obj=0.587
time=0.096
obj=0.579
time=0.100
obj=0.573
time=0.103
obj=0.567
time=0.106
obj=0.563
time=0.112
obj=0.563
time=0.116
obj=0.557
time=0.120
obj=0.555
time=0.123
obj=0.551
time=0.125
obj=0.546
time=0.133
obj=0.543
time=0.137
obj=0.540
time=0.143
obj=0.537
time=0.146
obj=0.531
time=0.149
obj=0.531
time=0.153
obj=0.516
time=0.157
obj=0.511
time=0.162
obj=0.511
time=0.167
obj=0.508
time=0.170
obj=0.506
time=0.179
obj=0.503
time=0.182
obj=0.502
time=0.188
obj=0.497
time=0.191
obj=0.495
time=0.195
obj=0.495
time=0.198
obj=0.494
time=0.202
obj=0.493
time=0.209
obj=0.490
time=0.215
obj=0.490
time=0.219
obj=0.489
time=0.224
obj=0.486
time=0.227
obj=0.485
time=0.231
obj=0.484
time=0.242
obj=0.484
time=0.247
obj=0.482
time=0.250
obj=0.475
time=0.260
obj=0.474
time=0.269
obj=0.469
time=0.271
obj=0.469
time=0.280
obj=0.468
time=0.287
obj=0.463
time=0.302
obj=0.463
time=0.310
obj=0.462
time=0.317
obj=0.461
time=0.320
obj=0.460
time=0.346
obj=0.456
time=0.348
obj=0.456
time=0.351
obj=0.456
time=0.373
obj=0.455
time=0.376
obj=0.454
time=0.399
obj=0.454
time=0.427
obj=0.452
time=0.438
obj=0.452
time=0.442
obj=0.450
time=0.445
obj=0.449
time=0.465
obj=0.449
time=0.470
obj=0.448
time=0.496
obj=0.447
time=0.506
obj=0.447
time=0.510
obj=0.446
c real margin = 0.554
