buffers=24
windows=20
args generated-large/194.txt 12345 1
original_lb=0.251
time=0.189
obj=0.507
time=0.204
obj=0.420
time=0.211
obj=0.400
time=0.218
obj=0.397
time=0.225
obj=0.392
time=0.232
obj=0.391
time=0.239
obj=0.383
time=0.247
obj=0.380
time=0.255
obj=0.379
time=0.263
obj=0.378
time=0.271
obj=0.372
time=0.279
obj=0.369
time=0.286
obj=0.361
time=0.295
obj=0.355
time=0.303
obj=0.354
time=0.311
obj=0.349
time=0.318
obj=0.332
time=0.326
obj=0.331
time=0.333
obj=0.330
time=0.341
obj=0.325
time=0.349
obj=0.321
time=0.363
obj=0.320
time=0.371
obj=0.319
time=0.380
obj=0.317
time=0.390
obj=0.312
time=0.397
obj=0.308
time=0.410
obj=0.306
time=0.417
obj=0.305
time=0.426
obj=0.305
time=0.435
obj=0.305
time=0.444
obj=0.305
time=0.451
obj=0.305
time=0.467
obj=0.304
time=0.475
obj=0.304
time=0.493
obj=0.302
time=0.516
obj=0.301
time=0.525
obj=0.301
time=0.532
obj=0.299
time=0.540
obj=0.298
time=0.550
obj=0.294
time=0.557
obj=0.292
time=0.596
obj=0.287
time=0.730
obj=0.287
time=0.756
obj=0.286
time=0.927
obj=0.286
time=1.118
obj=0.286
time=1.125
obj=0.284
time=1.132
obj=0.283
time=3.946
obj=0.280
time=4.352
obj=0.280
time=4.361
obj=0.278
time=4.368
obj=0.277
time=36.724
obj=0.276
time=36.733
obj=0.276
time=36.748
obj=0.276
time=167.950
obj=0.275
time=167.956
obj=0.273
c real margin = 0.727
