buffers=8
windows=80
args generated-large/195.txt 12345 1
original_lb=0.286
time=0.013
obj=1.055
time=0.013
obj=1.017
time=0.030
obj=1.006
time=0.060
obj=1.002
time=0.142
obj=0.999
time=0.143
obj=0.998
time=0.144
obj=0.990
time=0.145
obj=0.970
time=0.146
obj=0.962
time=0.147
obj=0.961
time=0.147
obj=0.957
time=0.148
obj=0.955
time=0.149
obj=0.955
time=0.150
obj=0.954
time=0.151
obj=0.951
time=0.152
obj=0.947
time=0.153
obj=0.939
time=0.154
obj=0.938
time=0.155
obj=0.921
time=0.156
obj=0.919
time=0.156
obj=0.916
time=0.157
obj=0.916
time=0.158
obj=0.903
time=0.160
obj=0.903
time=0.160
obj=0.901
time=0.161
obj=0.884
time=0.162
obj=0.881
time=0.164
obj=0.881
time=0.165
obj=0.880
time=0.166
obj=0.879
time=0.167
obj=0.877
time=0.168
obj=0.873
time=0.169
obj=0.871
time=0.170
obj=0.870
time=0.171
obj=0.851
time=0.172
obj=0.843
time=0.173
obj=0.843
time=0.174
obj=0.843
time=0.176
obj=0.840
time=0.177
obj=0.838
time=0.178
obj=0.837
time=0.179
obj=0.834
time=0.180
obj=0.831
time=0.183
obj=0.831
time=0.185
obj=0.829
time=0.185
obj=0.825
time=0.188
obj=0.822
time=0.189
obj=0.816
time=0.190
obj=0.813
time=0.230
obj=0.811
time=0.231
obj=0.810
time=0.232
obj=0.810
time=0.286
obj=0.810
time=0.287
obj=0.808
time=0.290
obj=0.808
time=0.291
obj=0.807
time=0.292
obj=0.806
time=0.293
obj=0.804
time=0.294
obj=0.804
time=0.295
obj=0.802
time=0.295
obj=0.800
time=0.297
obj=0.799
time=0.297
obj=0.795
time=0.298
obj=0.794
time=0.301
obj=0.794
time=0.302
obj=0.794
time=0.303
obj=0.788
time=0.305
obj=0.785
time=0.307
obj=0.784
time=0.308
obj=0.784
time=0.339
obj=0.783
time=0.340
obj=0.783
time=0.340
obj=0.781
time=0.341
obj=0.780
time=0.342
obj=0.778
time=0.439
obj=0.776
time=0.440
obj=0.773
time=0.441
obj=0.770
time=1.673
obj=0.770
time=1.674
obj=0.769
time=1.675
obj=0.769
time=3.143
obj=0.768
time=3.144
obj=0.767
time=3.145
obj=0.764
time=3.148
obj=0.760
time=3.149
obj=0.760
time=84.007
obj=0.760
time=120.594
obj=0.760
time=120.594
obj=0.759
time=120.595
obj=0.759
time=131.008
obj=0.758
time=131.009
obj=0.758
time=131.009
obj=0.755
time=131.010
obj=0.753
time=880.369
obj=0.753
time=880.370
obj=0.752
time=880.371
obj=0.751
c real margin = 0.249
