buffers=16
windows=20
args generated-large/197.txt 12345 1
original_lb=0.239
time=0.041
obj=0.645
time=0.049
obj=0.641
time=0.051
obj=0.637
time=0.054
obj=0.621
time=0.055
obj=0.614
time=0.060
obj=0.614
time=0.063
obj=0.614
time=0.066
obj=0.610
time=0.067
obj=0.606
time=0.071
obj=0.604
time=0.073
obj=0.601
time=0.075
obj=0.595
time=0.078
obj=0.595
time=0.080
obj=0.591
time=0.082
obj=0.589
time=0.087
obj=0.584
time=0.091
obj=0.581
time=0.094
obj=0.572
time=0.095
obj=0.568
time=0.098
obj=0.565
time=0.101
obj=0.565
time=0.106
obj=0.558
time=0.112
obj=0.552
time=0.118
obj=0.551
time=0.122
obj=0.551
time=0.128
obj=0.551
time=0.131
obj=0.546
time=0.135
obj=0.546
time=0.140
obj=0.542
time=0.146
obj=0.541
time=0.150
obj=0.541
time=0.155
obj=0.538
time=0.158
obj=0.538
time=0.162
obj=0.535
time=0.164
obj=0.535
time=0.168
obj=0.535
time=0.173
obj=0.526
time=0.175
obj=0.522
time=0.181
obj=0.521
time=0.187
obj=0.520
time=0.192
obj=0.520
time=0.198
obj=0.519
time=0.200
obj=0.519
time=0.209
obj=0.518
time=0.217
obj=0.518
time=0.219
obj=0.515
time=0.226
obj=0.515
time=0.229
obj=0.512
time=0.231
obj=0.503
time=0.235
obj=0.503
time=0.244
obj=0.502
time=0.248
obj=0.502
time=0.251
obj=0.501
time=0.255
obj=0.499
time=0.258
obj=0.496
time=0.263
obj=0.496
time=0.267
obj=0.492
time=0.274
obj=0.492
time=0.276
obj=0.490
time=0.278
obj=0.489
time=0.285
obj=0.489
time=0.291
obj=0.486
time=0.295
obj=0.485
time=0.344
obj=0.485
time=0.368
obj=0.483
time=0.392
obj=0.483
time=0.394
obj=0.482
time=0.395
obj=0.482
time=0.399
obj=0.479
time=0.402
obj=0.476
time=0.410
obj=0.475
time=0.414
obj=0.475
time=0.444
obj=0.474
time=0.475
obj=0.473
time=0.747
obj=0.473
time=0.748
obj=0.472
time=0.755
obj=0.472
time=0.760
obj=0.471
time=0.809
obj=0.471
time=0.811
obj=0.470
time=1.391
obj=0.469
time=13.402
obj=0.467
time=13.404
obj=0.467
time=13.410
obj=0.466
time=13.420
obj=0.465
time=13.426
obj=0.465
time=13.431
obj=0.464
time=13.439
obj=0.463
time=13.453
obj=0.462
time=14.307
obj=0.462
time=14.331
obj=0.462
time=14.332
obj=0.461
time=14.334
obj=0.460
c real margin = 0.540
