buffers=24
windows=60
args generated-large/198.txt 12345 1
original_lb=0.238
time=0.186
obj=1.068
time=0.210
obj=1.052
time=0.218
obj=1.051
time=0.224
obj=1.044
time=0.230
obj=1.036
time=0.235
obj=1.035
time=0.241
obj=1.018
time=0.246
obj=1.013
time=0.252
obj=1.012
time=0.258
obj=1.008
time=0.263
obj=1.000
time=0.269
obj=0.995
time=0.280
obj=0.993
time=0.288
obj=0.992
time=0.296
obj=0.981
time=0.304
obj=0.981
time=0.312
obj=0.977
time=0.318
obj=0.976
time=0.325
obj=0.975
time=0.330
obj=0.974
time=0.336
obj=0.974
time=0.343
obj=0.972
time=0.348
obj=0.971
time=0.358
obj=0.971
time=0.367
obj=0.970
time=0.373
obj=0.967
time=0.381
obj=0.967
time=0.388
obj=0.964
time=0.395
obj=0.963
time=0.399
obj=0.960
time=0.406
obj=0.953
time=0.413
obj=0.948
time=0.419
obj=0.945
time=0.429
obj=0.942
time=0.436
obj=0.942
time=0.446
obj=0.938
time=0.450
obj=0.935
time=0.455
obj=0.933
time=0.460
obj=0.932
time=0.466
obj=0.931
time=0.471
obj=0.929
time=0.476
obj=0.929
time=0.482
obj=0.923
time=0.489
obj=0.922
time=0.495
obj=0.920
time=0.499
obj=0.915
time=0.507
obj=0.915
time=0.513
obj=0.913
time=0.518
obj=0.912
time=0.527
obj=0.911
time=0.536
obj=0.906
time=0.540
obj=0.903
time=0.546
obj=0.903
time=0.552
obj=0.902
time=0.561
obj=0.899
time=0.569
obj=0.897
time=0.579
obj=0.895
time=0.584
obj=0.894
time=0.589
obj=0.894
time=0.595
obj=0.886
time=0.608
obj=0.885
time=0.615
obj=0.884
time=0.622
obj=0.882
time=0.628
obj=0.882
time=0.640
obj=0.880
time=0.646
obj=0.880
time=0.651
obj=0.877
time=0.662
obj=0.875
time=0.675
obj=0.875
time=0.684
obj=0.874
time=0.694
obj=0.872
time=0.704
obj=0.872
time=0.713
obj=0.872
time=0.721
obj=0.871
time=0.730
obj=0.870
time=0.737
obj=0.870
time=0.751
obj=0.870
time=0.756
obj=0.869
time=0.763
obj=0.869
time=0.780
obj=0.867
time=0.791
obj=0.867
time=0.798
obj=0.867
time=0.806
obj=0.863
time=0.818
obj=0.862
time=0.823
obj=0.862
time=0.830
obj=0.862
time=0.839
obj=0.861
time=0.847
obj=0.858
time=0.854
obj=0.858
time=0.866
obj=0.855
time=0.878
obj=0.855
time=0.887
obj=0.855
time=0.899
obj=0.853
time=0.917
obj=0.852
time=0.922
obj=0.850
time=0.941
obj=0.849
time=0.950
obj=0.848
time=0.955
obj=0.848
time=0.970
obj=0.848
time=0.975
obj=0.847
time=0.986
obj=0.844
time=0.991
obj=0.843
time=1.003
obj=0.842
time=1.029
obj=0.841
time=1.042
obj=0.840
time=1.054
obj=0.839
time=1.071
obj=0.839
time=1.077
obj=0.838
time=1.083
obj=0.835
time=1.089
obj=0.835
time=1.102
obj=0.835
time=1.119
obj=0.832
time=1.127
obj=0.832
time=1.144
obj=0.832
time=1.152
obj=0.831
time=1.166
obj=0.829
time=1.172
obj=0.828
time=1.189
obj=0.825
time=1.194
obj=0.824
time=1.199
obj=0.821
time=1.204
obj=0.820
time=1.216
obj=0.819
time=1.242
obj=0.819
time=1.261
obj=0.817
time=1.265
obj=0.816
time=1.286
obj=0.815
time=1.305
obj=0.815
time=1.313
obj=0.815
time=1.320
obj=0.813
time=1.334
obj=0.812
time=1.371
obj=0.812
time=1.384
obj=0.810
time=1.401
obj=0.810
time=1.426
obj=0.808
time=1.469
obj=0.808
time=1.477
obj=0.803
time=1.510
obj=0.803
time=1.515
obj=0.803
time=1.570
obj=0.802
time=1.575
obj=0.801
time=1.580
obj=0.798
time=1.585
obj=0.798
time=1.607
obj=0.797
time=1.620
obj=0.797
time=1.627
obj=0.796
time=1.638
obj=0.796
time=1.653
obj=0.794
time=1.694
obj=0.794
time=1.698
obj=0.792
time=1.707
obj=0.790
time=1.711
obj=0.789
time=1.716
obj=0.788
time=1.721
obj=0.788
time=1.728
obj=0.787
time=1.736
obj=0.787
time=1.774
obj=0.787
time=1.779
obj=0.785
time=1.784
obj=0.784
time=1.856
obj=0.784
time=1.883
obj=0.784
time=1.891
obj=0.784
time=1.905
obj=0.784
time=1.924
obj=0.783
time=2.367
obj=0.783
time=2.370
obj=0.783
time=2.376
obj=0.781
time=2.382
obj=0.781
time=2.519
obj=0.781
time=2.539
obj=0.781
time=2.543
obj=0.780
time=2.580
obj=0.780
time=2.586
obj=0.780
time=2.592
obj=0.779
time=2.701
obj=0.777
time=3.154
obj=0.777
time=3.861
obj=0.775
time=3.864
obj=0.774
time=4.783
obj=0.774
time=4.804
obj=0.774
time=4.807
obj=0.770
time=4.818
obj=0.770
time=5.745
obj=0.770
time=5.751
obj=0.769
time=5.763
obj=0.767
time=9.438
obj=0.767
time=9.580
obj=0.766
time=9.583
obj=0.766
time=9.588
obj=0.766
time=9.610
obj=0.765
time=22.625
obj=0.765
time=22.629
obj=0.765
time=27.877
obj=0.764
time=27.880
obj=0.763
time=27.885
obj=0.763
time=27.889
obj=0.762
time=92.437
obj=0.762
time=92.440
obj=0.762
time=143.901
obj=0.762
time=173.598
obj=0.761
time=201.583
obj=0.761
time=203.724
obj=0.761
time=203.738
obj=0.759
time=203.742
obj=0.759
time=257.313
obj=0.758
time=583.007
obj=0.758
time=583.010
obj=0.758
time=605.856
obj=0.758
time=605.860
obj=0.757
time=607.614
obj=0.756
time=607.618
obj=0.756
time=607.626
obj=0.755
time=1721.714
obj=0.755
time=1721.716
obj=0.754
time=1721.719
obj=0.754
time=2104.638
obj=0.754
time=2532.076
obj=0.754
c real margin = 0.246
