buffers=16
windows=20
args generated-large/199.txt 12345 1
original_lb=0.262
time=0.050
obj=0.836
time=0.056
obj=0.821
time=0.058
obj=0.820
time=0.060
obj=0.814
time=0.064
obj=0.801
time=0.066
obj=0.779
time=0.068
obj=0.778
time=0.071
obj=0.755
time=0.073
obj=0.750
time=0.076
obj=0.736
time=0.081
obj=0.734
time=0.085
obj=0.730
time=0.088
obj=0.719
time=0.090
obj=0.716
time=0.094
obj=0.706
time=0.096
obj=0.701
time=0.100
obj=0.700
time=0.102
obj=0.700
time=0.105
obj=0.694
time=0.108
obj=0.674
time=0.111
obj=0.672
time=0.115
obj=0.667
time=0.119
obj=0.666
time=0.123
obj=0.660
time=0.125
obj=0.658
time=0.128
obj=0.657
time=0.134
obj=0.656
time=0.138
obj=0.653
time=0.143
obj=0.647
time=0.145
obj=0.640
time=0.149
obj=0.636
time=0.152
obj=0.621
time=0.154
obj=0.612
time=0.161
obj=0.609
time=0.163
obj=0.607
time=0.168
obj=0.600
time=0.173
obj=0.599
time=0.220
obj=0.596
time=0.222
obj=0.592
time=0.228
obj=0.592
time=0.230
obj=0.590
time=0.310
obj=0.590
time=0.312
obj=0.589
time=0.418
obj=0.589
time=0.421
obj=0.588
time=0.644
obj=0.588
time=0.645
obj=0.584
time=0.912
obj=0.584
time=1.356
obj=0.584
time=1.358
obj=0.582
time=1.368
obj=0.578
time=1.373
obj=0.571
time=3.849
obj=0.569
time=3.850
obj=0.569
time=6.204
obj=0.565
time=10.133
obj=0.564
time=10.134
obj=0.564
time=21.160
obj=0.563
time=97.328
obj=0.563
time=175.988
obj=0.561
time=175.989
obj=0.560
time=175.991
obj=0.553
c real margin = 0.447
