buffers=16
windows=40
args generated-large/2.txt 12345 1
original_lb=0.272
time=0.058
obj=0.857
time=0.071
obj=0.854
time=0.074
obj=0.854
time=0.077
obj=0.852
time=0.081
obj=0.846
time=0.084
obj=0.840
time=0.087
obj=0.840
time=0.090
obj=0.839
time=0.092
obj=0.834
time=0.096
obj=0.831
time=0.098
obj=0.830
time=0.101
obj=0.830
time=0.104
obj=0.828
time=0.108
obj=0.815
time=0.113
obj=0.815
time=0.116
obj=0.812
time=0.118
obj=0.809
time=0.121
obj=0.809
time=0.126
obj=0.807
time=0.129
obj=0.807
time=0.132
obj=0.807
time=0.136
obj=0.805
time=0.140
obj=0.804
time=0.143
obj=0.804
time=0.147
obj=0.801
time=0.150
obj=0.790
time=0.152
obj=0.790
time=0.156
obj=0.789
time=0.159
obj=0.787
time=0.161
obj=0.786
time=0.167
obj=0.776
time=0.170
obj=0.770
time=0.172
obj=0.770
time=0.176
obj=0.769
time=0.178
obj=0.769
time=0.183
obj=0.763
time=0.188
obj=0.759
time=0.190
obj=0.756
time=0.195
obj=0.755
time=0.199
obj=0.755
time=0.203
obj=0.754
time=0.207
obj=0.754
time=0.211
obj=0.752
time=0.218
obj=0.746
time=0.225
obj=0.740
time=0.228
obj=0.740
time=0.231
obj=0.738
time=0.235
obj=0.736
time=0.238
obj=0.736
time=0.243
obj=0.736
time=0.245
obj=0.732
time=0.250
obj=0.732
time=0.253
obj=0.728
time=0.261
obj=0.727
time=0.264
obj=0.724
time=0.266
obj=0.724
time=0.271
obj=0.721
time=0.279
obj=0.721
time=0.285
obj=0.721
time=0.290
obj=0.719
time=0.295
obj=0.719
time=0.297
obj=0.716
time=0.300
obj=0.716
time=0.303
obj=0.713
time=0.309
obj=0.713
time=0.311
obj=0.710
time=0.316
obj=0.707
time=0.320
obj=0.707
time=0.324
obj=0.704
time=0.328
obj=0.697
time=0.335
obj=0.694
time=0.339
obj=0.692
time=0.344
obj=0.691
time=0.347
obj=0.691
time=0.354
obj=0.690
time=0.357
obj=0.690
time=0.367
obj=0.687
time=0.382
obj=0.687
time=0.385
obj=0.684
time=0.387
obj=0.684
time=0.395
obj=0.682
time=0.405
obj=0.680
time=0.419
obj=0.680
time=0.433
obj=0.680
time=0.437
obj=0.680
time=0.445
obj=0.676
time=0.460
obj=0.676
time=0.463
obj=0.676
time=0.467
obj=0.675
time=0.487
obj=0.675
time=0.508
obj=0.673
time=0.514
obj=0.673
time=0.524
obj=0.673
time=0.527
obj=0.672
time=0.547
obj=0.671
time=0.570
obj=0.671
time=0.572
obj=0.668
time=0.585
obj=0.666
time=0.588
obj=0.666
time=0.601
obj=0.663
time=0.622
obj=0.663
time=0.746
obj=0.663
time=0.748
obj=0.663
time=0.760
obj=0.662
time=0.829
obj=0.662
time=0.831
obj=0.660
time=0.835
obj=0.660
time=0.853
obj=0.660
time=0.877
obj=0.660
time=0.879
obj=0.660
time=0.892
obj=0.659
time=0.908
obj=0.659
time=0.922
obj=0.659
time=0.925
obj=0.657
time=1.033
obj=0.657
time=1.054
obj=0.656
time=1.087
obj=0.656
time=1.103
obj=0.656
time=1.106
obj=0.654
time=1.109
obj=0.654
time=1.114
obj=0.652
time=1.128
obj=0.651
time=1.158
obj=0.649
time=1.200
obj=0.649
time=1.202
obj=0.649
time=1.204
obj=0.649
time=1.233
obj=0.648
time=1.354
obj=0.647
time=1.737
obj=0.646
time=1.739
obj=0.646
time=1.846
obj=0.645
time=1.857
obj=0.642
time=1.862
obj=0.639
time=1.868
obj=0.639
time=1.887
obj=0.639
time=2.691
obj=0.639
time=2.693
obj=0.638
time=3.928
obj=0.638
time=3.934
obj=0.637
time=4.568
obj=0.637
time=5.884
obj=0.636
time=5.898
obj=0.634
time=7.289
obj=0.633
time=9.095
obj=0.633
time=10.577
obj=0.633
time=13.910
obj=0.631
time=14.507
obj=0.631
time=18.965
obj=0.631
time=23.643
obj=0.631
time=23.645
obj=0.630
time=23.781
obj=0.630
time=24.119
obj=0.630
time=24.120
obj=0.629
time=24.759
obj=0.629
time=27.561
obj=0.629
time=27.563
obj=0.627
time=28.565
obj=0.626
time=35.736
obj=0.625
time=51.059
obj=0.625
time=51.061
obj=0.625
time=52.880
obj=0.624
time=84.095
obj=0.624
time=94.059
obj=0.623
time=209.499
obj=0.623
time=257.641
obj=0.623
time=257.643
obj=0.622
time=334.314
obj=0.622
time=334.314
obj=0.620
time=334.315
obj=0.619
time=374.081
obj=0.618
time=374.081
obj=0.618
time=729.315
obj=0.617
time=991.387
obj=0.617
c real margin = 0.383
