buffers=16
windows=60
args generated-large/20.txt 12345 1
original_lb=0.195
time=0.072
obj=0.913
time=0.088
obj=0.852
time=0.093
obj=0.849
time=0.096
obj=0.843
time=0.099
obj=0.828
time=0.102
obj=0.824
time=0.106
obj=0.821
time=0.109
obj=0.821
time=0.112
obj=0.804
time=0.117
obj=0.793
time=0.120
obj=0.792
time=0.124
obj=0.791
time=0.128
obj=0.791
time=0.131
obj=0.781
time=0.135
obj=0.778
time=0.139
obj=0.770
time=0.142
obj=0.767
time=0.145
obj=0.762
time=0.149
obj=0.759
time=0.154
obj=0.757
time=0.157
obj=0.755
time=0.161
obj=0.754
time=0.163
obj=0.744
time=0.167
obj=0.741
time=0.170
obj=0.739
time=0.173
obj=0.737
time=0.176
obj=0.737
time=0.181
obj=0.732
time=0.184
obj=0.730
time=0.187
obj=0.729
time=0.191
obj=0.729
time=0.196
obj=0.729
time=0.199
obj=0.729
time=0.203
obj=0.724
time=0.206
obj=0.718
time=0.211
obj=0.716
time=0.214
obj=0.715
time=0.220
obj=0.711
time=0.224
obj=0.710
time=0.227
obj=0.706
time=0.230
obj=0.701
time=0.234
obj=0.699
time=0.238
obj=0.699
time=0.241
obj=0.697
time=0.244
obj=0.697
time=0.247
obj=0.695
time=0.250
obj=0.694
time=0.253
obj=0.694
time=0.259
obj=0.693
time=0.263
obj=0.689
time=0.267
obj=0.687
time=0.272
obj=0.682
time=0.275
obj=0.682
time=0.278
obj=0.681
time=0.281
obj=0.675
time=0.287
obj=0.664
time=0.290
obj=0.662
time=0.296
obj=0.662
time=0.302
obj=0.658
time=0.307
obj=0.657
time=0.315
obj=0.656
time=0.317
obj=0.656
time=0.325
obj=0.655
time=0.328
obj=0.654
time=0.334
obj=0.650
time=0.337
obj=0.649
time=0.340
obj=0.649
time=0.344
obj=0.646
time=0.346
obj=0.643
time=0.350
obj=0.642
time=0.353
obj=0.640
time=0.356
obj=0.638
time=0.363
obj=0.636
time=0.371
obj=0.634
time=0.376
obj=0.628
time=0.383
obj=0.628
time=0.388
obj=0.628
time=0.395
obj=0.626
time=0.406
obj=0.625
time=0.425
obj=0.624
time=0.435
obj=0.621
time=0.442
obj=0.621
time=0.463
obj=0.621
time=0.474
obj=0.621
time=0.477
obj=0.617
time=0.493
obj=0.617
time=0.503
obj=0.615
time=0.506
obj=0.613
time=0.511
obj=0.612
time=0.543
obj=0.612
time=0.545
obj=0.612
time=0.563
obj=0.611
time=0.566
obj=0.610
time=0.571
obj=0.608
time=0.718
obj=0.607
time=0.721
obj=0.605
time=1.078
obj=0.605
time=1.080
obj=0.604
time=1.109
obj=0.604
time=1.111
obj=0.603
time=1.120
obj=0.601
time=1.209
obj=0.597
time=1.226
obj=0.596
time=1.246
obj=0.595
time=1.262
obj=0.595
time=1.659
obj=0.595
time=1.665
obj=0.592
time=1.889
obj=0.592
time=1.892
obj=0.591
time=3.634
obj=0.591
time=3.654
obj=0.591
time=3.971
obj=0.591
time=3.973
obj=0.587
time=4.384
obj=0.585
time=4.396
obj=0.584
time=4.398
obj=0.584
time=24.268
obj=0.584
time=35.090
obj=0.584
time=35.092
obj=0.583
time=95.931
obj=0.582
time=215.835
obj=0.582
time=223.051
obj=0.582
time=262.260
obj=0.581
time=262.262
obj=0.580
time=289.697
obj=0.579
time=289.699
obj=0.579
time=408.805
obj=0.579
time=452.665
obj=0.579
time=452.668
obj=0.578
time=473.103
obj=0.578
time=473.106
obj=0.578
time=619.200
obj=0.578
time=619.202
obj=0.575
time=1123.353
obj=0.575
c real margin = 0.425
