buffers=16
windows=60
args generated-large/200.txt 12345 1
original_lb=0.242
time=0.070
obj=1.071
time=0.080
obj=1.056
time=0.089
obj=1.056
time=0.091
obj=1.055
time=0.094
obj=1.054
time=0.097
obj=1.052
time=0.105
obj=1.051
time=0.110
obj=1.051
time=0.115
obj=1.048
time=0.119
obj=1.043
time=0.127
obj=1.042
time=0.134
obj=1.041
time=0.136
obj=1.040
time=0.140
obj=1.038
time=0.145
obj=1.038
time=0.154
obj=1.037
time=0.157
obj=1.036
time=0.162
obj=1.036
time=0.169
obj=1.033
time=0.175
obj=1.031
time=0.182
obj=1.031
time=0.191
obj=1.031
time=0.198
obj=1.030
time=0.205
obj=1.029
time=0.212
obj=1.028
time=0.218
obj=1.024
time=0.228
obj=1.023
time=0.234
obj=1.021
time=0.244
obj=1.021
time=0.246
obj=1.018
time=0.256
obj=1.016
time=0.265
obj=1.015
time=0.269
obj=1.014
time=0.282
obj=1.014
time=0.286
obj=1.013
time=0.291
obj=1.011
time=0.294
obj=1.011
time=0.302
obj=1.006
time=0.310
obj=1.004
time=0.318
obj=1.002
time=0.321
obj=1.001
time=0.329
obj=1.000
time=0.344
obj=0.999
time=0.349
obj=0.998
time=0.355
obj=0.998
time=0.364
obj=0.997
time=0.368
obj=0.996
time=0.384
obj=0.996
time=0.402
obj=0.996
time=0.410
obj=0.995
time=0.413
obj=0.995
time=0.424
obj=0.995
time=0.426
obj=0.995
time=0.435
obj=0.995
time=0.445
obj=0.992
time=0.447
obj=0.990
time=0.451
obj=0.989
time=0.461
obj=0.988
time=0.468
obj=0.987
time=0.475
obj=0.987
time=0.480
obj=0.985
time=0.483
obj=0.984
time=0.492
obj=0.984
time=0.504
obj=0.984
time=0.513
obj=0.983
time=0.523
obj=0.981
time=0.525
obj=0.979
time=0.537
obj=0.977
time=0.539
obj=0.977
time=0.550
obj=0.976
time=0.553
obj=0.975
time=0.557
obj=0.974
time=0.560
obj=0.973
time=0.563
obj=0.972
time=0.573
obj=0.969
time=0.588
obj=0.969
time=0.591
obj=0.969
time=0.601
obj=0.966
time=0.611
obj=0.965
time=0.619
obj=0.964
time=0.623
obj=0.963
time=0.628
obj=0.962
time=0.640
obj=0.961
time=0.648
obj=0.960
time=0.669
obj=0.960
time=0.682
obj=0.959
time=0.686
obj=0.957
time=0.690
obj=0.957
time=0.695
obj=0.955
time=0.727
obj=0.955
time=0.729
obj=0.955
time=0.733
obj=0.954
time=0.741
obj=0.954
time=0.744
obj=0.953
time=0.749
obj=0.952
time=0.854
obj=0.952
time=1.367
obj=0.952
time=1.371
obj=0.951
time=1.506
obj=0.951
time=1.508
obj=0.951
time=1.775
obj=0.951
time=1.779
obj=0.950
time=1.800
obj=0.949
time=3.308
obj=0.949
time=3.311
obj=0.946
time=3.990
obj=0.946
time=6.359
obj=0.945
time=6.361
obj=0.945
time=7.050
obj=0.943
time=8.839
obj=0.943
time=8.854
obj=0.943
time=8.919
obj=0.943
time=8.921
obj=0.942
time=16.291
obj=0.942
time=16.293
obj=0.942
time=19.340
obj=0.941
time=19.355
obj=0.938
time=31.910
obj=0.938
time=59.209
obj=0.937
time=59.211
obj=0.937
time=59.214
obj=0.935
time=148.097
obj=0.934
time=148.101
obj=0.934
time=207.658
obj=0.932
time=207.664
obj=0.932
time=207.666
obj=0.930
time=208.648
obj=0.929
time=208.650
obj=0.928
time=208.652
obj=0.928
time=293.426
obj=0.927
time=293.430
obj=0.927
time=293.432
obj=0.927
time=501.586
obj=0.926
time=501.588
obj=0.925
time=501.590
obj=0.924
time=717.928
obj=0.924
time=717.931
obj=0.924
time=1952.078
obj=0.923
c real margin = 0.077
