buffers=8
windows=60
args generated-large/201.txt 12345 1
original_lb=0.200
time=0.015
obj=0.846
time=0.021
obj=0.845
time=0.022
obj=0.834
time=0.022
obj=0.828
time=0.023
obj=0.826
time=0.024
obj=0.819
time=0.025
obj=0.808
time=0.026
obj=0.802
time=0.027
obj=0.776
time=0.028
obj=0.765
time=0.029
obj=0.764
time=0.030
obj=0.762
time=0.031
obj=0.759
time=0.032
obj=0.759
time=0.033
obj=0.738
time=0.034
obj=0.731
time=0.035
obj=0.726
time=0.036
obj=0.722
time=0.037
obj=0.722
time=0.038
obj=0.719
time=0.040
obj=0.719
time=0.041
obj=0.717
time=0.042
obj=0.715
time=0.043
obj=0.713
time=0.044
obj=0.708
time=0.045
obj=0.701
time=0.046
obj=0.698
time=0.047
obj=0.692
time=0.048
obj=0.691
time=0.049
obj=0.676
time=0.050
obj=0.676
time=0.052
obj=0.675
time=0.054
obj=0.672
time=0.056
obj=0.671
time=0.057
obj=0.667
time=0.058
obj=0.665
time=0.059
obj=0.665
time=0.060
obj=0.663
time=0.061
obj=0.657
time=0.062
obj=0.656
time=0.070
obj=0.656
time=0.071
obj=0.650
time=0.137
obj=0.649
time=0.169
obj=0.647
time=0.170
obj=0.646
time=0.171
obj=0.643
time=0.172
obj=0.643
time=0.173
obj=0.639
time=0.174
obj=0.636
time=0.993
obj=0.635
time=0.998
obj=0.634
time=0.999
obj=0.633
time=1.000
obj=0.630
time=1.002
obj=0.629
time=1.003
obj=0.625
time=1.004
obj=0.625
time=1.441
obj=0.624
time=2.057
obj=0.624
time=2.058
obj=0.623
time=7.168
obj=0.623
time=8.358
obj=0.619
time=8.358
obj=0.617
time=9.570
obj=0.611
time=173.452
obj=0.610
time=173.453
obj=0.609
time=173.453
obj=0.607
time=300.165
obj=0.605
time=412.689
obj=0.605
time=412.690
obj=0.605
time=3070.640
obj=0.603
time=3070.640
obj=0.600
c real margin = 0.400
