buffers=24
windows=20
args generated-large/202.txt 12345 1
original_lb=0.247
time=0.216
obj=0.655
time=0.232
obj=0.639
time=0.238
obj=0.631
time=0.247
obj=0.628
time=0.254
obj=0.627
time=0.262
obj=0.622
time=0.269
obj=0.601
time=0.275
obj=0.597
time=0.282
obj=0.592
time=0.293
obj=0.590
time=0.300
obj=0.582
time=0.307
obj=0.578
time=0.314
obj=0.576
time=0.321
obj=0.574
time=0.328
obj=0.566
time=0.335
obj=0.563
time=0.347
obj=0.559
time=0.356
obj=0.552
time=0.366
obj=0.552
time=0.376
obj=0.548
time=0.386
obj=0.548
time=0.397
obj=0.547
time=0.409
obj=0.545
time=0.420
obj=0.545
time=0.436
obj=0.543
time=0.448
obj=0.543
time=0.457
obj=0.536
time=0.465
obj=0.534
time=0.472
obj=0.520
time=0.487
obj=0.520
time=0.500
obj=0.516
time=0.510
obj=0.515
time=0.524
obj=0.509
time=0.538
obj=0.501
time=0.551
obj=0.501
time=0.572
obj=0.496
time=0.580
obj=0.495
time=0.594
obj=0.486
time=0.616
obj=0.485
time=0.629
obj=0.483
time=0.644
obj=0.482
time=0.658
obj=0.478
time=0.668
obj=0.478
time=0.677
obj=0.477
time=0.702
obj=0.475
time=0.712
obj=0.472
time=0.721
obj=0.472
time=0.735
obj=0.472
time=0.751
obj=0.471
time=0.761
obj=0.469
time=0.788
obj=0.465
time=0.807
obj=0.463
time=0.840
obj=0.462
time=0.847
obj=0.459
time=0.893
obj=0.455
time=0.899
obj=0.454
time=0.907
obj=0.451
time=0.938
obj=0.449
time=0.958
obj=0.448
time=1.058
obj=0.447
time=1.074
obj=0.445
time=1.095
obj=0.440
time=1.282
obj=0.438
time=1.289
obj=0.437
time=1.305
obj=0.437
time=1.314
obj=0.437
time=1.724
obj=0.434
time=1.833
obj=0.434
time=1.842
obj=0.433
time=1.852
obj=0.430
time=1.993
obj=0.429
time=2.764
obj=0.429
time=2.782
obj=0.428
time=2.787
obj=0.428
time=2.810
obj=0.428
time=2.815
obj=0.427
time=2.822
obj=0.427
time=2.828
obj=0.424
time=2.833
obj=0.423
time=7.525
obj=0.423
time=7.529
obj=0.421
time=8.059
obj=0.421
time=8.064
obj=0.420
time=8.069
obj=0.419
time=8.084
obj=0.419
time=17.483
obj=0.419
time=17.492
obj=0.418
time=25.944
obj=0.417
time=25.949
obj=0.414
time=1506.904
obj=0.413
time=1696.640
obj=0.412
time=1812.323
obj=0.412
time=1812.327
obj=0.411
c real margin = 0.589
