buffers=24
windows=80
args generated-large/203.txt 12345 1
original_lb=0.239
time=0.185
obj=1.066
time=0.200
obj=1.015
time=0.224
obj=1.014
time=0.236
obj=1.014
time=0.240
obj=1.014
time=0.250
obj=1.014
time=0.444
obj=1.002
time=1.027
obj=1.002
time=1.032
obj=1.002
time=1.040
obj=1.001
time=1.051
obj=1.001
time=1.071
obj=1.001
time=1.085
obj=1.001
time=1.107
obj=1.000
time=2.844
obj=1.000
time=2.850
obj=1.000
time=2.856
obj=0.999
time=2.859
obj=0.999
time=2.867
obj=0.999
time=2.870
obj=0.998
time=4.524
obj=0.998
time=4.527
obj=0.998
time=7.804
obj=0.998
time=7.807
obj=0.996
time=9.147
obj=0.996
time=9.155
obj=0.995
time=9.365
obj=0.995
time=9.375
obj=0.994
time=9.838
obj=0.994
time=9.853
obj=0.993
time=9.857
obj=0.992
time=16.648
obj=0.992
time=16.656
obj=0.991
time=16.661
obj=0.991
time=16.665
obj=0.991
time=16.674
obj=0.991
time=16.677
obj=0.990
time=16.687
obj=0.990
time=85.698
obj=0.990
time=85.701
obj=0.989
time=85.714
obj=0.989
time=85.723
obj=0.989
time=130.335
obj=0.989
time=130.339
obj=0.988
time=184.825
obj=0.988
time=184.828
obj=0.988
time=210.111
obj=0.988
time=210.114
obj=0.987
time=224.985
obj=0.987
time=224.988
obj=0.987
time=224.997
obj=0.986
time=225.003
obj=0.986
time=281.842
obj=0.986
time=362.321
obj=0.986
time=362.330
obj=0.985
time=362.339
obj=0.985
time=391.456
obj=0.985
time=391.458
obj=0.985
time=391.469
obj=0.984
time=391.476
obj=0.984
time=391.485
obj=0.984
time=391.493
obj=0.984
time=391.504
obj=0.984
time=576.750
obj=0.983
time=576.759
obj=0.983
time=852.701
obj=0.982
time=852.707
obj=0.981
time=852.711
obj=0.981
time=852.722
obj=0.981
time=1169.721
obj=0.981
time=1169.732
obj=0.980
time=2988.578
obj=0.980
time=2988.581
obj=0.980
time=2988.592
obj=0.979
time=2988.602
obj=0.979
time=2988.608
obj=0.978
time=2988.616
obj=0.978
c real margin = 0.022
