buffers=16
windows=80
args generated-large/204.txt 12345 1
original_lb=0.215
time=0.066
obj=0.949
time=0.089
obj=0.949
time=0.092
obj=0.937
time=0.095
obj=0.915
time=0.100
obj=0.914
time=0.103
obj=0.910
time=0.107
obj=0.893
time=0.111
obj=0.893
time=0.115
obj=0.889
time=0.118
obj=0.887
time=0.121
obj=0.884
time=0.125
obj=0.876
time=0.129
obj=0.875
time=0.132
obj=0.870
time=0.135
obj=0.861
time=0.140
obj=0.854
time=0.143
obj=0.849
time=0.147
obj=0.844
time=0.150
obj=0.841
time=0.154
obj=0.840
time=0.158
obj=0.839
time=0.161
obj=0.832
time=0.164
obj=0.830
time=0.167
obj=0.830
time=0.172
obj=0.823
time=0.176
obj=0.822
time=0.179
obj=0.822
time=0.182
obj=0.820
time=0.187
obj=0.819
time=0.190
obj=0.814
time=0.194
obj=0.812
time=0.197
obj=0.805
time=0.200
obj=0.805
time=0.203
obj=0.802
time=0.209
obj=0.801
time=0.212
obj=0.797
time=0.215
obj=0.792
time=0.218
obj=0.790
time=0.223
obj=0.789
time=0.226
obj=0.787
time=0.230
obj=0.787
time=0.233
obj=0.786
time=0.238
obj=0.780
time=0.242
obj=0.779
time=0.246
obj=0.778
time=0.249
obj=0.778
time=0.254
obj=0.777
time=0.259
obj=0.776
time=0.262
obj=0.772
time=0.268
obj=0.771
time=0.273
obj=0.768
time=0.278
obj=0.760
time=0.282
obj=0.760
time=0.288
obj=0.759
time=0.292
obj=0.758
time=0.296
obj=0.756
time=0.299
obj=0.750
time=0.304
obj=0.744
time=0.309
obj=0.743
time=0.313
obj=0.743
time=0.319
obj=0.742
time=0.324
obj=0.739
time=0.327
obj=0.738
time=0.331
obj=0.735
time=0.335
obj=0.732
time=0.343
obj=0.731
time=0.347
obj=0.730
time=0.352
obj=0.729
time=0.359
obj=0.726
time=0.365
obj=0.725
time=0.368
obj=0.723
time=0.372
obj=0.723
time=0.376
obj=0.721
time=0.380
obj=0.719
time=0.384
obj=0.719
time=0.388
obj=0.718
time=0.392
obj=0.716
time=0.396
obj=0.716
time=0.399
obj=0.713
time=0.403
obj=0.711
time=0.406
obj=0.711
time=0.409
obj=0.711
time=0.413
obj=0.710
time=0.416
obj=0.708
time=0.421
obj=0.704
time=0.428
obj=0.703
time=0.434
obj=0.701
time=0.441
obj=0.699
time=0.447
obj=0.699
time=0.452
obj=0.698
time=0.455
obj=0.697
time=0.458
obj=0.695
time=0.464
obj=0.694
time=0.467
obj=0.694
time=0.475
obj=0.692
time=0.481
obj=0.690
time=0.486
obj=0.690
time=0.495
obj=0.690
time=0.500
obj=0.690
time=0.506
obj=0.690
time=0.513
obj=0.690
time=0.518
obj=0.689
time=0.522
obj=0.688
time=0.531
obj=0.685
time=0.538
obj=0.683
time=0.543
obj=0.683
time=0.546
obj=0.683
time=0.553
obj=0.681
time=0.557
obj=0.681
time=0.564
obj=0.680
time=0.568
obj=0.678
time=0.571
obj=0.676
time=0.577
obj=0.675
time=0.580
obj=0.674
time=0.583
obj=0.673
time=0.589
obj=0.672
time=0.597
obj=0.671
time=0.610
obj=0.671
time=0.614
obj=0.670
time=0.621
obj=0.670
time=0.626
obj=0.670
time=0.629
obj=0.668
time=0.632
obj=0.668
time=0.641
obj=0.667
time=0.645
obj=0.667
time=0.649
obj=0.667
time=0.652
obj=0.666
time=0.655
obj=0.665
time=0.659
obj=0.665
time=0.680
obj=0.665
time=0.683
obj=0.665
time=0.687
obj=0.662
time=0.692
obj=0.661
time=0.695
obj=0.660
time=0.713
obj=0.660
time=0.716
obj=0.660
time=0.723
obj=0.659
time=0.732
obj=0.656
time=0.743
obj=0.655
time=0.756
obj=0.652
time=0.768
obj=0.652
time=0.771
obj=0.651
time=0.774
obj=0.650
time=0.777
obj=0.646
time=0.781
obj=0.646
time=0.784
obj=0.644
time=0.788
obj=0.642
time=1.943
obj=0.641
time=1.945
obj=0.637
time=1.948
obj=0.637
time=3.847
obj=0.635
time=3.849
obj=0.635
time=9.447
obj=0.635
time=9.451
obj=0.632
time=16.376
obj=0.631
time=16.386
obj=0.631
time=16.388
obj=0.629
time=22.459
obj=0.628
time=36.729
obj=0.627
time=134.046
obj=0.627
time=172.495
obj=0.627
time=172.497
obj=0.626
time=172.499
obj=0.625
time=202.357
obj=0.625
time=237.862
obj=0.624
time=3007.024
obj=0.624
c real margin = 0.376
