buffers=16
windows=40
args generated-large/206.txt 12345 1
original_lb=0.240
time=0.082
obj=0.986
time=0.098
obj=0.952
time=0.102
obj=0.930
time=0.107
obj=0.926
time=0.110
obj=0.921
time=0.115
obj=0.919
time=0.118
obj=0.918
time=0.122
obj=0.911
time=0.128
obj=0.910
time=0.131
obj=0.910
time=0.134
obj=0.907
time=0.138
obj=0.905
time=0.145
obj=0.898
time=0.150
obj=0.881
time=0.154
obj=0.881
time=0.158
obj=0.878
time=0.163
obj=0.874
time=0.169
obj=0.872
time=0.172
obj=0.872
time=0.178
obj=0.870
time=0.184
obj=0.869
time=0.188
obj=0.861
time=0.192
obj=0.859
time=0.198
obj=0.857
time=0.202
obj=0.856
time=0.205
obj=0.849
time=0.215
obj=0.847
time=0.220
obj=0.839
time=0.224
obj=0.837
time=0.231
obj=0.836
time=0.234
obj=0.831
time=0.237
obj=0.830
time=0.241
obj=0.829
time=0.246
obj=0.825
time=0.251
obj=0.820
time=0.259
obj=0.818
time=0.274
obj=0.818
time=0.288
obj=0.815
time=0.293
obj=0.813
time=0.297
obj=0.809
time=0.300
obj=0.806
time=0.303
obj=0.805
time=0.318
obj=0.802
time=0.327
obj=0.801
time=0.333
obj=0.801
time=0.356
obj=0.799
time=0.369
obj=0.798
time=0.381
obj=0.798
time=0.387
obj=0.798
time=0.406
obj=0.795
time=0.441
obj=0.793
time=0.466
obj=0.793
time=0.469
obj=0.793
time=0.481
obj=0.792
time=0.496
obj=0.791
time=0.500
obj=0.791
time=0.515
obj=0.790
time=0.526
obj=0.786
time=0.542
obj=0.785
time=0.574
obj=0.783
time=0.577
obj=0.778
time=0.621
obj=0.775
time=0.662
obj=0.775
time=1.060
obj=0.775
time=1.113
obj=0.773
time=1.116
obj=0.773
time=1.148
obj=0.772
time=1.151
obj=0.771
time=1.210
obj=0.771
time=1.276
obj=0.769
time=1.279
obj=0.769
time=1.614
obj=0.769
time=1.616
obj=0.769
time=1.675
obj=0.767
time=1.678
obj=0.767
time=1.680
obj=0.767
time=1.786
obj=0.766
time=1.789
obj=0.766
time=1.791
obj=0.762
time=2.362
obj=0.760
time=2.464
obj=0.759
time=3.025
obj=0.758
time=3.027
obj=0.758
time=3.347
obj=0.758
time=3.349
obj=0.757
time=3.427
obj=0.757
time=3.554
obj=0.756
time=3.556
obj=0.755
time=4.002
obj=0.755
time=4.004
obj=0.755
time=4.137
obj=0.754
time=4.241
obj=0.752
time=4.253
obj=0.752
time=4.255
obj=0.743
time=6.529
obj=0.743
time=6.531
obj=0.743
time=9.999
obj=0.742
time=10.001
obj=0.739
time=115.839
obj=0.737
time=373.986
obj=0.736
time=517.345
obj=0.735
time=517.347
obj=0.733
time=517.349
obj=0.733
time=647.042
obj=0.733
time=706.975
obj=0.733
time=2342.029
obj=0.732
time=2464.800
obj=0.732
c real margin = 0.268
