buffers=8
windows=80
args generated-large/21.txt 12345 1
original_lb=0.192
time=0.009
obj=1.080
time=0.011
obj=1.020
time=0.013
obj=1.018
time=0.014
obj=1.018
time=0.015
obj=1.016
time=0.017
obj=1.015
time=0.017
obj=1.012
time=0.018
obj=1.010
time=0.019
obj=1.009
time=0.021
obj=1.006
time=0.022
obj=1.005
time=0.023
obj=1.003
time=0.024
obj=1.002
time=0.025
obj=1.000
time=0.026
obj=0.999
time=0.027
obj=0.997
time=0.028
obj=0.994
time=0.029
obj=0.988
time=0.029
obj=0.987
time=0.030
obj=0.986
time=0.031
obj=0.985
time=0.033
obj=0.983
time=0.034
obj=0.982
time=0.035
obj=0.981
time=0.036
obj=0.979
time=0.037
obj=0.977
time=0.038
obj=0.976
time=0.039
obj=0.972
time=0.040
obj=0.970
time=0.040
obj=0.969
time=0.042
obj=0.964
time=0.043
obj=0.963
time=0.044
obj=0.962
time=0.045
obj=0.960
time=0.046
obj=0.958
time=0.047
obj=0.958
time=0.048
obj=0.956
time=0.049
obj=0.954
time=0.050
obj=0.953
time=0.051
obj=0.953
time=0.052
obj=0.951
time=0.053
obj=0.948
time=0.054
obj=0.946
time=0.055
obj=0.943
time=0.057
obj=0.943
time=0.058
obj=0.941
time=0.059
obj=0.939
time=0.060
obj=0.939
time=0.061
obj=0.938
time=0.063
obj=0.937
time=0.064
obj=0.936
time=0.065
obj=0.933
time=0.066
obj=0.933
time=0.067
obj=0.933
time=0.069
obj=0.932
time=0.070
obj=0.929
time=0.072
obj=0.929
time=0.073
obj=0.929
time=0.074
obj=0.929
time=0.075
obj=0.924
time=0.076
obj=0.922
time=0.078
obj=0.920
time=0.079
obj=0.920
time=0.080
obj=0.919
time=0.082
obj=0.915
time=0.083
obj=0.915
time=0.084
obj=0.913
time=0.086
obj=0.912
time=0.088
obj=0.912
time=0.090
obj=0.911
time=0.093
obj=0.910
time=0.095
obj=0.909
time=0.096
obj=0.906
time=0.100
obj=0.906
time=0.100
obj=0.903
time=0.101
obj=0.903
time=0.103
obj=0.902
time=0.104
obj=0.901
time=0.106
obj=0.901
time=0.108
obj=0.899
time=0.110
obj=0.898
time=0.110
obj=0.898
time=0.139
obj=0.895
time=0.141
obj=0.893
time=0.167
obj=0.892
time=0.168
obj=0.889
time=0.171
obj=0.889
time=0.172
obj=0.888
time=0.176
obj=0.888
time=0.177
obj=0.888
time=0.228
obj=0.885
time=0.271
obj=0.884
time=0.272
obj=0.884
time=0.300
obj=0.883
time=0.333
obj=0.881
time=0.334
obj=0.881
time=0.335
obj=0.881
time=0.338
obj=0.880
time=0.425
obj=0.878
time=0.463
obj=0.874
time=0.464
obj=0.874
time=0.490
obj=0.874
time=0.519
obj=0.871
time=0.520
obj=0.871
time=0.522
obj=0.869
time=0.765
obj=0.867
time=0.794
obj=0.867
time=0.795
obj=0.865
time=0.797
obj=0.865
time=0.886
obj=0.864
time=0.890
obj=0.863
time=0.891
obj=0.863
time=0.893
obj=0.862
time=0.895
obj=0.862
time=0.896
obj=0.860
time=0.953
obj=0.858
time=1.022
obj=0.858
time=1.022
obj=0.858
time=1.024
obj=0.857
time=1.268
obj=0.857
time=1.553
obj=0.857
time=1.599
obj=0.855
time=1.599
obj=0.854
time=1.907
obj=0.854
time=1.987
obj=0.854
time=1.988
obj=0.853
time=1.989
obj=0.849
time=2.041
obj=0.847
time=2.042
obj=0.846
time=4.489
obj=0.846
time=5.365
obj=0.844
time=7.135
obj=0.844
time=7.975
obj=0.842
time=12.044
obj=0.842
time=56.316
obj=0.842
time=56.317
obj=0.841
time=320.076
obj=0.841
time=320.077
obj=0.840
time=2391.122
obj=0.839
time=2753.772
obj=0.838
c real margin = 0.162
