buffers=8
windows=20
args generated-large/210.txt 12345 1
original_lb=0.240
time=0.012
obj=0.479
time=0.015
obj=0.459
time=0.016
obj=0.448
time=0.017
obj=0.442
time=0.018
obj=0.411
time=0.019
obj=0.398
time=0.020
obj=0.394
time=0.021
obj=0.386
time=0.023
obj=0.343
time=0.024
obj=0.343
time=0.026
obj=0.341
time=0.028
obj=0.338
time=0.029
obj=0.338
time=0.031
obj=0.336
time=0.032
obj=0.336
time=0.034
obj=0.331
time=0.036
obj=0.331
time=0.037
obj=0.328
time=0.039
obj=0.322
time=0.042
obj=0.317
time=0.044
obj=0.307
time=0.095
obj=0.307
time=0.249
obj=0.307
time=0.250
obj=0.302
time=0.252
obj=0.302
time=0.308
obj=0.300
time=0.309
obj=0.298
c real margin = 0.702
