buffers=24
windows=20
args generated-large/211.txt 12345 1
original_lb=0.256
time=0.192
obj=0.495
time=0.207
obj=0.467
time=0.213
obj=0.467
time=0.219
obj=0.449
time=0.226
obj=0.422
time=0.233
obj=0.422
time=0.239
obj=0.384
time=0.246
obj=0.372
time=0.253
obj=0.362
time=0.260
obj=0.339
time=0.267
obj=0.335
time=0.274
obj=0.328
time=0.281
obj=0.320
time=0.291
obj=0.319
time=0.299
obj=0.318
time=0.307
obj=0.314
time=0.314
obj=0.305
time=0.322
obj=0.299
time=0.331
obj=0.299
time=0.338
obj=0.296
time=0.346
obj=0.292
c real margin = 0.708
