buffers=8
windows=60
args generated-large/213.txt 12345 1
original_lb=0.178
time=0.014
obj=0.916
time=0.020
obj=0.908
time=0.021
obj=0.906
time=0.022
obj=0.891
time=0.023
obj=0.884
time=0.024
obj=0.881
time=0.025
obj=0.869
time=0.026
obj=0.857
time=0.027
obj=0.856
time=0.028
obj=0.849
time=0.029
obj=0.834
time=0.030
obj=0.833
time=0.032
obj=0.809
time=0.033
obj=0.808
time=0.034
obj=0.807
time=0.035
obj=0.804
time=0.037
obj=0.801
time=0.038
obj=0.800
time=0.039
obj=0.791
time=0.040
obj=0.787
time=0.042
obj=0.783
time=0.043
obj=0.777
time=0.044
obj=0.776
time=0.045
obj=0.772
time=0.046
obj=0.771
time=0.047
obj=0.770
time=0.048
obj=0.770
time=0.049
obj=0.769
time=0.050
obj=0.769
time=0.051
obj=0.767
time=0.052
obj=0.766
time=0.053
obj=0.765
time=0.056
obj=0.758
time=0.057
obj=0.758
time=0.058
obj=0.752
time=0.060
obj=0.751
time=0.061
obj=0.750
time=0.062
obj=0.742
time=0.064
obj=0.741
time=0.065
obj=0.740
time=0.067
obj=0.735
time=0.104
obj=0.734
time=0.105
obj=0.732
time=0.107
obj=0.729
time=0.143
obj=0.723
time=0.161
obj=0.721
time=0.162
obj=0.720
time=0.163
obj=0.717
time=0.164
obj=0.715
time=0.238
obj=0.714
time=0.239
obj=0.712
time=0.240
obj=0.710
time=0.313
obj=0.710
time=0.314
obj=0.708
time=0.315
obj=0.708
time=0.389
obj=0.704
time=0.459
obj=0.702
time=0.729
obj=0.698
time=1.003
obj=0.698
time=1.437
obj=0.697
time=1.490
obj=0.696
time=1.491
obj=0.696
time=1.492
obj=0.692
time=1.589
obj=0.691
time=1.590
obj=0.691
time=1.829
obj=0.690
time=5.185
obj=0.690
time=5.229
obj=0.689
time=5.858
obj=0.687
time=5.859
obj=0.683
time=7.967
obj=0.683
time=8.409
obj=0.682
time=8.410
obj=0.682
time=8.410
obj=0.680
time=8.411
obj=0.679
time=8.733
obj=0.679
time=11.661
obj=0.675
time=11.662
obj=0.674
time=104.747
obj=0.674
time=548.447
obj=0.673
time=555.727
obj=0.673
time=1101.670
obj=0.672
time=1101.671
obj=0.671
time=1101.672
obj=0.669
c real margin = 0.331
