buffers=24
windows=80
args generated-large/215.txt 12345 1
original_lb=0.292
time=0.239
obj=0.877
time=0.280
obj=0.864
time=0.288
obj=0.861
time=0.294
obj=0.847
time=0.301
obj=0.845
time=0.307
obj=0.833
time=0.313
obj=0.823
time=0.321
obj=0.822
time=0.328
obj=0.814
time=0.334
obj=0.814
time=0.341
obj=0.807
time=0.349
obj=0.803
time=0.356
obj=0.797
time=0.362
obj=0.796
time=0.369
obj=0.793
time=0.376
obj=0.789
time=0.382
obj=0.789
time=0.390
obj=0.788
time=0.396
obj=0.782
time=0.406
obj=0.776
time=0.413
obj=0.775
time=0.422
obj=0.772
time=0.430
obj=0.766
time=0.440
obj=0.755
time=0.448
obj=0.752
time=0.458
obj=0.740
time=0.465
obj=0.737
time=0.473
obj=0.737
time=0.483
obj=0.733
time=0.490
obj=0.731
time=0.497
obj=0.728
time=0.504
obj=0.728
time=0.512
obj=0.726
time=0.519
obj=0.725
time=0.527
obj=0.724
time=0.534
obj=0.724
time=0.541
obj=0.720
time=0.548
obj=0.720
time=0.555
obj=0.720
time=0.561
obj=0.719
time=0.568
obj=0.718
time=0.574
obj=0.717
time=0.580
obj=0.710
time=0.586
obj=0.709
time=0.593
obj=0.706
time=0.598
obj=0.706
time=0.605
obj=0.704
time=0.610
obj=0.701
time=0.616
obj=0.700
time=0.623
obj=0.695
time=0.630
obj=0.692
time=0.642
obj=0.691
time=0.647
obj=0.685
time=0.653
obj=0.684
time=0.662
obj=0.682
time=0.668
obj=0.680
time=0.676
obj=0.680
time=0.683
obj=0.676
time=0.690
obj=0.675
time=0.697
obj=0.675
time=0.705
obj=0.674
time=0.713
obj=0.674
time=0.719
obj=0.672
time=0.725
obj=0.670
time=0.734
obj=0.666
time=0.742
obj=0.661
time=0.749
obj=0.659
time=0.755
obj=0.658
time=0.766
obj=0.657
time=0.773
obj=0.655
time=0.779
obj=0.653
time=0.786
obj=0.647
time=0.796
obj=0.645
time=0.804
obj=0.643
time=0.813
obj=0.642
time=0.823
obj=0.640
time=0.830
obj=0.639
time=0.838
obj=0.639
time=0.844
obj=0.639
time=0.850
obj=0.638
time=0.858
obj=0.636
time=0.864
obj=0.634
time=0.874
obj=0.630
time=0.886
obj=0.629
time=0.899
obj=0.627
time=0.905
obj=0.627
time=0.913
obj=0.626
time=0.922
obj=0.625
time=0.932
obj=0.625
time=0.940
obj=0.625
time=0.947
obj=0.625
time=0.953
obj=0.624
time=0.964
obj=0.624
time=0.976
obj=0.623
time=0.987
obj=0.622
time=0.993
obj=0.618
time=0.999
obj=0.618
time=1.011
obj=0.617
time=1.020
obj=0.616
time=1.033
obj=0.616
time=1.045
obj=0.615
time=1.059
obj=0.615
time=1.074
obj=0.615
time=1.080
obj=0.615
time=1.089
obj=0.614
time=1.095
obj=0.613
time=1.103
obj=0.613
time=1.115
obj=0.612
time=1.122
obj=0.612
time=1.128
obj=0.612
time=1.144
obj=0.610
time=1.150
obj=0.610
time=1.160
obj=0.609
time=1.169
obj=0.608
time=1.175
obj=0.608
time=1.183
obj=0.607
time=1.195
obj=0.603
time=1.207
obj=0.602
time=1.217
obj=0.602
time=1.223
obj=0.602
time=1.234
obj=0.600
time=1.239
obj=0.599
time=1.251
obj=0.598
time=1.259
obj=0.598
time=1.273
obj=0.595
time=1.283
obj=0.595
time=1.290
obj=0.595
time=1.300
obj=0.594
time=1.315
obj=0.594
time=1.323
obj=0.591
time=1.333
obj=0.590
time=1.342
obj=0.590
time=1.353
obj=0.589
time=1.359
obj=0.589
time=1.374
obj=0.589
time=1.385
obj=0.588
time=1.391
obj=0.587
time=1.401
obj=0.585
time=1.410
obj=0.585
time=1.421
obj=0.585
time=1.427
obj=0.585
time=1.433
obj=0.583
time=1.439
obj=0.583
time=1.455
obj=0.583
time=1.461
obj=0.582
time=1.470
obj=0.581
time=1.489
obj=0.580
time=1.494
obj=0.580
time=1.502
obj=0.580
time=1.509
obj=0.580
time=1.520
obj=0.579
time=1.529
obj=0.579
time=1.541
obj=0.578
time=1.557
obj=0.578
time=1.563
obj=0.577
time=1.577
obj=0.577
time=1.584
obj=0.576
time=1.601
obj=0.576
time=1.615
obj=0.576
time=1.629
obj=0.574
time=1.635
obj=0.573
time=1.650
obj=0.571
time=1.660
obj=0.571
time=1.668
obj=0.571
time=1.673
obj=0.570
time=1.685
obj=0.569
time=1.691
obj=0.569
time=1.701
obj=0.569
time=1.722
obj=0.569
time=1.730
obj=0.569
time=1.739
obj=0.568
time=1.745
obj=0.567
time=1.753
obj=0.567
time=1.763
obj=0.565
time=1.795
obj=0.563
time=1.801
obj=0.562
time=1.807
obj=0.562
time=1.819
obj=0.562
time=1.827
obj=0.561
time=1.833
obj=0.560
time=1.842
obj=0.559
time=1.851
obj=0.559
time=1.862
obj=0.557
time=1.897
obj=0.557
time=1.903
obj=0.556
time=1.925
obj=0.556
time=1.965
obj=0.556
time=1.970
obj=0.554
time=1.977
obj=0.554
time=1.996
obj=0.554
time=2.001
obj=0.554
time=2.031
obj=0.552
time=2.042
obj=0.552
time=2.048
obj=0.552
time=2.068
obj=0.551
time=2.073
obj=0.551
time=2.080
obj=0.550
time=2.087
obj=0.550
time=2.124
obj=0.548
time=2.129
obj=0.548
time=2.135
obj=0.547
time=2.190
obj=0.547
time=2.195
obj=0.545
time=2.206
obj=0.545
time=2.216
obj=0.545
time=2.225
obj=0.544
time=2.231
obj=0.544
time=2.245
obj=0.543
time=2.251
obj=0.543
time=2.280
obj=0.543
time=2.291
obj=0.542
time=2.314
obj=0.542
time=2.325
obj=0.540
time=2.337
obj=0.540
time=2.367
obj=0.540
time=2.374
obj=0.539
time=2.380
obj=0.539
time=2.397
obj=0.538
time=2.411
obj=0.538
time=2.628
obj=0.538
time=2.636
obj=0.537
time=2.667
obj=0.537
time=2.820
obj=0.536
time=2.826
obj=0.535
time=3.185
obj=0.535
time=3.191
obj=0.531
time=3.198
obj=0.531
time=3.205
obj=0.530
time=3.216
obj=0.530
time=3.991
obj=0.530
time=3.996
obj=0.528
time=4.810
obj=0.528
time=4.830
obj=0.528
time=4.849
obj=0.527
time=4.858
obj=0.526
time=4.863
obj=0.525
time=4.871
obj=0.525
time=4.877
obj=0.525
time=4.887
obj=0.524
time=4.899
obj=0.523
time=38.508
obj=0.523
time=38.514
obj=0.522
time=38.524
obj=0.522
time=99.948
obj=0.521
time=99.954
obj=0.521
time=191.356
obj=0.521
time=191.362
obj=0.521
time=191.383
obj=0.520
time=191.389
obj=0.520
time=191.398
obj=0.520
time=191.404
obj=0.519
time=191.410
obj=0.519
time=191.418
obj=0.517
time=191.426
obj=0.517
time=244.927
obj=0.517
time=244.933
obj=0.516
time=244.942
obj=0.516
c real margin = 0.484
