buffers=16
windows=20
args generated-large/217.txt 12345 1
original_lb=0.267
time=0.046
obj=0.904
time=0.056
obj=0.900
time=0.059
obj=0.900
time=0.063
obj=0.896
time=0.068
obj=0.883
time=0.074
obj=0.878
time=0.078
obj=0.871
time=0.080
obj=0.867
time=0.084
obj=0.862
time=0.088
obj=0.857
time=0.090
obj=0.855
time=0.094
obj=0.851
time=0.097
obj=0.848
time=0.102
obj=0.837
time=0.104
obj=0.827
time=0.107
obj=0.819
time=0.111
obj=0.819
time=0.117
obj=0.809
time=0.124
obj=0.796
time=0.136
obj=0.793
time=0.139
obj=0.786
time=0.146
obj=0.785
time=0.153
obj=0.783
time=0.165
obj=0.774
time=0.166
obj=0.762
time=0.169
obj=0.761
time=0.191
obj=0.761
time=0.194
obj=0.760
time=0.203
obj=0.760
time=0.206
obj=0.760
time=0.272
obj=0.759
time=0.273
obj=0.754
time=0.589
obj=0.753
time=0.590
obj=0.751
time=0.593
obj=0.749
time=0.600
obj=0.745
time=1.027
obj=0.744
time=1.029
obj=0.743
time=1.252
obj=0.743
time=1.254
obj=0.742
time=1.383
obj=0.742
time=3.751
obj=0.740
time=3.753
obj=0.738
time=3.759
obj=0.733
time=3.762
obj=0.727
time=5.834
obj=0.727
time=12.806
obj=0.727
time=22.543
obj=0.726
time=81.130
obj=0.726
time=81.132
obj=0.725
time=97.170
obj=0.725
time=744.732
obj=0.725
c real margin = 0.275
