buffers=24
windows=60
args generated-large/22.txt 12345 1
original_lb=0.270
time=0.185
obj=0.927
time=0.221
obj=0.921
time=0.227
obj=0.916
time=0.232
obj=0.915
time=0.240
obj=0.908
time=0.246
obj=0.903
time=0.253
obj=0.902
time=0.259
obj=0.874
time=0.266
obj=0.869
time=0.275
obj=0.869
time=0.283
obj=0.869
time=0.289
obj=0.859
time=0.297
obj=0.858
time=0.303
obj=0.854
time=0.311
obj=0.854
time=0.317
obj=0.851
time=0.325
obj=0.847
time=0.330
obj=0.846
time=0.336
obj=0.834
time=0.345
obj=0.831
time=0.351
obj=0.831
time=0.360
obj=0.828
time=0.367
obj=0.827
time=0.373
obj=0.820
time=0.381
obj=0.814
time=0.388
obj=0.813
time=0.395
obj=0.810
time=0.401
obj=0.809
time=0.408
obj=0.809
time=0.413
obj=0.806
time=0.419
obj=0.804
time=0.424
obj=0.801
time=0.429
obj=0.785
time=0.435
obj=0.784
time=0.443
obj=0.776
time=0.449
obj=0.776
time=0.457
obj=0.774
time=0.464
obj=0.774
time=0.470
obj=0.773
time=0.478
obj=0.772
time=0.487
obj=0.766
time=0.493
obj=0.763
time=0.503
obj=0.763
time=0.513
obj=0.763
time=0.521
obj=0.763
time=0.531
obj=0.757
time=0.538
obj=0.754
time=0.545
obj=0.752
time=0.558
obj=0.752
time=0.564
obj=0.751
time=0.574
obj=0.750
time=0.579
obj=0.747
time=0.586
obj=0.747
time=0.599
obj=0.736
time=0.608
obj=0.736
time=0.617
obj=0.733
time=0.627
obj=0.730
time=0.640
obj=0.730
time=0.645
obj=0.728
time=0.651
obj=0.726
time=0.663
obj=0.722
time=0.674
obj=0.719
time=0.683
obj=0.717
time=0.691
obj=0.715
time=0.702
obj=0.714
time=0.710
obj=0.708
time=0.716
obj=0.705
time=0.731
obj=0.703
time=0.736
obj=0.698
time=0.797
obj=0.697
time=0.803
obj=0.696
time=0.809
obj=0.694
time=0.819
obj=0.694
time=0.846
obj=0.692
time=0.851
obj=0.692
time=0.871
obj=0.689
time=0.877
obj=0.689
time=0.890
obj=0.688
time=0.898
obj=0.684
time=0.908
obj=0.684
time=1.055
obj=0.684
time=1.335
obj=0.682
time=2.012
obj=0.682
time=2.018
obj=0.680
time=2.023
obj=0.680
time=2.029
obj=0.679
time=2.039
obj=0.678
time=2.046
obj=0.677
time=2.052
obj=0.672
time=2.060
obj=0.672
time=2.068
obj=0.666
time=2.074
obj=0.665
time=7.950
obj=0.663
time=7.955
obj=0.660
time=137.347
obj=0.660
time=137.352
obj=0.659
time=137.378
obj=0.659
time=204.319
obj=0.659
time=280.905
obj=0.658
time=280.910
obj=0.658
time=1833.373
obj=0.657
c real margin = 0.343
