buffers=16
windows=80
args generated-large/220.txt 12345 1
original_lb=0.255
time=0.072
obj=1.002
time=0.099
obj=1.001
time=0.101
obj=1.001
time=0.107
obj=0.999
time=0.110
obj=0.997
time=0.114
obj=0.997
time=0.117
obj=0.994
time=0.142
obj=0.993
time=0.145
obj=0.987
time=0.148
obj=0.982
time=0.151
obj=0.978
time=0.154
obj=0.978
time=0.158
obj=0.973
time=0.162
obj=0.973
time=0.166
obj=0.967
time=0.169
obj=0.966
time=0.172
obj=0.954
time=0.175
obj=0.950
time=0.179
obj=0.947
time=0.183
obj=0.945
time=0.186
obj=0.945
time=0.190
obj=0.937
time=0.193
obj=0.937
time=0.196
obj=0.936
time=0.200
obj=0.933
time=0.203
obj=0.930
time=0.206
obj=0.930
time=0.209
obj=0.929
time=0.214
obj=0.927
time=0.218
obj=0.920
time=0.222
obj=0.918
time=0.226
obj=0.918
time=0.230
obj=0.913
time=0.235
obj=0.912
time=0.238
obj=0.911
time=0.241
obj=0.911
time=0.246
obj=0.903
time=0.250
obj=0.895
time=0.253
obj=0.889
time=0.256
obj=0.884
time=0.260
obj=0.882
time=0.263
obj=0.878
time=0.269
obj=0.877
time=0.272
obj=0.877
time=0.277
obj=0.877
time=0.281
obj=0.876
time=0.284
obj=0.876
time=0.290
obj=0.876
time=0.296
obj=0.874
time=0.301
obj=0.873
time=0.305
obj=0.872
time=0.308
obj=0.870
time=0.313
obj=0.869
time=0.318
obj=0.866
time=0.321
obj=0.866
time=0.325
obj=0.865
time=0.330
obj=0.864
time=0.333
obj=0.863
time=0.337
obj=0.859
time=0.341
obj=0.858
time=0.344
obj=0.858
time=0.347
obj=0.856
time=0.354
obj=0.855
time=0.358
obj=0.854
time=0.362
obj=0.854
time=0.370
obj=0.854
time=0.373
obj=0.850
time=0.376
obj=0.849
time=0.384
obj=0.849
time=0.387
obj=0.849
time=0.392
obj=0.847
time=0.398
obj=0.844
time=0.403
obj=0.843
time=0.406
obj=0.843
time=0.410
obj=0.841
time=0.418
obj=0.839
time=0.427
obj=0.833
time=0.431
obj=0.829
time=0.435
obj=0.827
time=0.438
obj=0.826
time=0.444
obj=0.826
time=0.448
obj=0.818
time=0.455
obj=0.815
time=0.464
obj=0.814
time=0.468
obj=0.814
time=0.474
obj=0.814
time=0.479
obj=0.813
time=0.483
obj=0.812
time=0.486
obj=0.810
time=0.490
obj=0.810
time=0.497
obj=0.808
time=0.507
obj=0.808
time=0.510
obj=0.807
time=0.520
obj=0.806
time=0.523
obj=0.806
time=0.532
obj=0.805
time=0.542
obj=0.805
time=0.546
obj=0.804
time=0.549
obj=0.802
time=0.556
obj=0.793
time=0.559
obj=0.792
time=0.616
obj=0.790
time=0.628
obj=0.790
time=0.631
obj=0.787
time=0.689
obj=0.786
time=0.693
obj=0.785
time=0.697
obj=0.785
time=0.825
obj=0.778
time=0.828
obj=0.777
time=0.934
obj=0.775
time=1.256
obj=0.774
time=1.868
obj=0.773
time=1.871
obj=0.772
time=1.874
obj=0.771
time=2.128
obj=0.770
time=2.140
obj=0.770
time=2.143
obj=0.767
time=2.255
obj=0.767
time=2.491
obj=0.767
time=2.493
obj=0.767
time=2.495
obj=0.763
time=2.610
obj=0.763
time=2.762
obj=0.761
time=2.947
obj=0.761
time=2.950
obj=0.760
time=3.996
obj=0.760
time=3.999
obj=0.757
time=4.671
obj=0.757
time=4.675
obj=0.756
time=5.646
obj=0.755
time=7.751
obj=0.753
time=11.711
obj=0.751
time=15.452
obj=0.751
time=15.454
obj=0.749
time=15.457
obj=0.744
time=25.069
obj=0.743
time=26.964
obj=0.742
time=73.356
obj=0.742
time=73.360
obj=0.742
time=73.362
obj=0.741
time=105.137
obj=0.740
time=142.932
obj=0.739
time=349.498
obj=0.737
time=1134.514
obj=0.737
time=1594.550
obj=0.737
time=1594.552
obj=0.737
time=1999.019
obj=0.736
time=1999.022
obj=0.736
time=2161.533
obj=0.736
time=2161.537
obj=0.735
time=2161.540
obj=0.734
time=2161.543
obj=0.734
time=2408.967
obj=0.733
time=2408.972
obj=0.733
time=2408.975
obj=0.732
c real margin = 0.268
