buffers=24
windows=20
args generated-large/223.txt 12345 1
original_lb=0.282
time=0.155
obj=0.776
time=0.176
obj=0.750
time=0.182
obj=0.741
time=0.189
obj=0.735
time=0.196
obj=0.731
time=0.204
obj=0.727
time=0.216
obj=0.726
time=0.221
obj=0.724
time=0.226
obj=0.722
time=0.231
obj=0.721
time=0.241
obj=0.719
time=0.247
obj=0.693
time=0.252
obj=0.682
time=0.260
obj=0.682
time=0.266
obj=0.681
time=0.272
obj=0.676
time=0.280
obj=0.676
time=0.285
obj=0.674
time=0.290
obj=0.669
time=0.296
obj=0.668
time=0.302
obj=0.653
time=0.308
obj=0.641
time=0.317
obj=0.635
time=0.322
obj=0.622
time=0.329
obj=0.619
time=0.340
obj=0.619
time=0.352
obj=0.613
time=0.358
obj=0.611
time=0.364
obj=0.597
time=0.376
obj=0.597
time=0.382
obj=0.594
time=0.388
obj=0.593
time=0.397
obj=0.593
time=0.404
obj=0.592
time=0.414
obj=0.589
time=0.420
obj=0.588
time=0.425
obj=0.587
time=0.434
obj=0.586
time=0.441
obj=0.584
time=0.452
obj=0.584
time=0.460
obj=0.583
time=0.474
obj=0.581
time=0.481
obj=0.580
time=0.487
obj=0.571
time=0.504
obj=0.569
time=0.511
obj=0.569
time=0.518
obj=0.567
time=0.525
obj=0.567
time=0.531
obj=0.564
time=0.556
obj=0.563
time=0.560
obj=0.556
time=0.585
obj=0.555
time=0.596
obj=0.552
time=0.601
obj=0.550
time=0.621
obj=0.550
time=0.630
obj=0.550
time=0.636
obj=0.547
time=0.649
obj=0.543
time=0.654
obj=0.542
time=0.661
obj=0.539
time=0.682
obj=0.539
time=0.697
obj=0.538
time=0.706
obj=0.535
time=0.711
obj=0.530
time=0.716
obj=0.528
time=0.722
obj=0.524
time=0.729
obj=0.522
time=0.734
obj=0.518
time=0.748
obj=0.516
time=0.756
obj=0.514
time=0.770
obj=0.514
time=0.778
obj=0.513
time=0.785
obj=0.512
time=0.813
obj=0.512
time=0.840
obj=0.510
time=0.857
obj=0.509
time=283.019
obj=0.509
time=283.027
obj=0.509
time=283.035
obj=0.504
time=283.040
obj=0.503
time=288.639
obj=0.503
time=288.643
obj=0.501
time=289.427
obj=0.500
time=289.439
obj=0.500
time=294.594
obj=0.499
time=294.598
obj=0.498
time=294.618
obj=0.495
time=294.622
obj=0.494
time=294.635
obj=0.493
time=294.644
obj=0.493
time=294.651
obj=0.490
time=294.656
obj=0.487
time=294.695
obj=0.486
time=294.699
obj=0.485
time=422.643
obj=0.485
time=422.647
obj=0.485
time=807.404
obj=0.484
time=3387.360
obj=0.484
c real margin = 0.516
