buffers=24
windows=60
args generated-large/224.txt 12345 1
original_lb=0.251
time=0.234
obj=0.998
time=0.278
obj=0.994
time=0.285
obj=0.994
time=0.298
obj=0.992
time=0.308
obj=0.988
time=0.318
obj=0.987
time=0.332
obj=0.986
time=0.343
obj=0.984
time=0.350
obj=0.982
time=0.357
obj=0.977
time=0.371
obj=0.975
time=0.378
obj=0.974
time=0.390
obj=0.973
time=0.405
obj=0.973
time=0.418
obj=0.973
time=0.428
obj=0.973
time=0.440
obj=0.972
time=0.447
obj=0.970
time=0.458
obj=0.969
time=0.469
obj=0.969
time=0.475
obj=0.964
time=0.494
obj=0.963
time=0.507
obj=0.962
time=0.515
obj=0.960
time=0.533
obj=0.960
time=0.539
obj=0.958
time=0.547
obj=0.949
time=0.555
obj=0.949
time=0.563
obj=0.928
time=0.570
obj=0.919
time=0.582
obj=0.914
time=0.589
obj=0.913
time=0.600
obj=0.912
time=0.612
obj=0.910
time=0.620
obj=0.909
time=0.633
obj=0.908
time=0.645
obj=0.907
time=0.653
obj=0.904
time=0.671
obj=0.903
time=0.679
obj=0.902
time=0.689
obj=0.900
time=0.704
obj=0.898
time=0.719
obj=0.896
time=0.729
obj=0.896
time=0.738
obj=0.893
time=0.751
obj=0.892
time=0.766
obj=0.892
time=0.774
obj=0.886
time=0.783
obj=0.886
time=0.799
obj=0.885
time=0.810
obj=0.883
time=0.818
obj=0.883
time=0.825
obj=0.883
time=0.842
obj=0.883
time=0.857
obj=0.882
time=0.873
obj=0.881
time=0.881
obj=0.878
time=0.892
obj=0.877
time=0.904
obj=0.877
time=0.917
obj=0.876
time=0.925
obj=0.871
time=0.937
obj=0.871
time=0.950
obj=0.865
time=0.967
obj=0.862
time=0.978
obj=0.862
time=0.991
obj=0.860
time=1.001
obj=0.860
time=1.012
obj=0.858
time=1.024
obj=0.854
time=1.034
obj=0.854
time=1.049
obj=0.853
time=1.061
obj=0.850
time=1.072
obj=0.849
time=1.084
obj=0.841
time=1.097
obj=0.840
time=1.115
obj=0.838
time=1.135
obj=0.837
time=1.151
obj=0.837
time=1.159
obj=0.835
time=1.173
obj=0.834
time=1.189
obj=0.834
time=1.205
obj=0.834
time=1.213
obj=0.833
time=1.225
obj=0.831
time=1.243
obj=0.830
time=1.255
obj=0.829
time=1.269
obj=0.829
time=1.279
obj=0.828
time=1.287
obj=0.823
time=1.302
obj=0.821
time=1.316
obj=0.820
time=1.330
obj=0.817
time=1.346
obj=0.816
time=1.363
obj=0.815
time=1.372
obj=0.814
time=1.380
obj=0.811
time=1.387
obj=0.810
time=1.395
obj=0.809
time=1.412
obj=0.808
time=1.421
obj=0.808
time=1.429
obj=0.808
time=1.450
obj=0.807
time=1.460
obj=0.806
time=1.475
obj=0.805
time=1.492
obj=0.804
time=1.505
obj=0.804
time=1.516
obj=0.803
time=1.525
obj=0.802
time=1.540
obj=0.800
time=1.548
obj=0.794
time=1.565
obj=0.793
time=1.573
obj=0.793
time=1.594
obj=0.792
time=1.607
obj=0.791
time=1.615
obj=0.791
time=1.632
obj=0.790
time=1.650
obj=0.790
time=1.670
obj=0.790
time=1.689
obj=0.790
time=1.708
obj=0.788
time=1.716
obj=0.788
time=1.726
obj=0.782
time=1.740
obj=0.781
time=1.756
obj=0.780
time=1.774
obj=0.779
time=1.786
obj=0.778
time=1.794
obj=0.776
time=1.813
obj=0.775
time=1.821
obj=0.774
time=1.831
obj=0.774
time=1.841
obj=0.774
time=1.858
obj=0.771
time=1.866
obj=0.771
time=1.874
obj=0.771
time=1.883
obj=0.770
time=1.891
obj=0.769
time=1.902
obj=0.766
time=1.918
obj=0.766
time=1.925
obj=0.766
time=1.952
obj=0.765
time=1.960
obj=0.765
time=1.979
obj=0.764
time=2.003
obj=0.763
time=2.011
obj=0.761
time=2.018
obj=0.761
time=2.050
obj=0.761
time=2.058
obj=0.760
time=2.067
obj=0.759
time=2.092
obj=0.759
time=2.100
obj=0.757
time=2.128
obj=0.755
time=2.139
obj=0.755
time=2.164
obj=0.755
time=2.181
obj=0.755
time=2.192
obj=0.753
time=2.204
obj=0.753
time=2.212
obj=0.752
time=2.224
obj=0.750
time=2.246
obj=0.750
time=2.284
obj=0.749
time=2.294
obj=0.748
time=2.302
obj=0.747
time=2.311
obj=0.747
time=2.328
obj=0.745
time=2.353
obj=0.744
time=2.361
obj=0.741
time=2.496
obj=0.741
time=2.510
obj=0.739
time=2.521
obj=0.738
time=2.541
obj=0.737
time=2.549
obj=0.737
time=2.566
obj=0.737
time=2.574
obj=0.737
time=2.590
obj=0.736
time=2.600
obj=0.735
time=2.615
obj=0.732
time=2.628
obj=0.729
time=2.644
obj=0.729
time=2.985
obj=0.728
time=2.995
obj=0.724
time=3.127
obj=0.724
time=3.267
obj=0.723
time=3.277
obj=0.723
time=3.284
obj=0.719
time=3.928
obj=0.718
time=3.943
obj=0.716
time=3.954
obj=0.715
time=4.034
obj=0.715
time=4.041
obj=0.715
time=4.050
obj=0.714
time=4.057
obj=0.713
time=4.067
obj=0.713
time=4.075
obj=0.711
time=4.207
obj=0.710
time=4.322
obj=0.710
time=4.337
obj=0.709
time=4.350
obj=0.707
time=4.360
obj=0.706
time=6.441
obj=0.705
time=6.448
obj=0.704
time=6.803
obj=0.704
time=6.810
obj=0.703
time=7.178
obj=0.702
time=7.197
obj=0.702
time=8.172
obj=0.702
time=8.430
obj=0.702
time=9.199
obj=0.701
time=9.205
obj=0.701
time=21.301
obj=0.700
time=21.313
obj=0.700
time=26.197
obj=0.700
time=26.204
obj=0.700
time=26.478
obj=0.700
time=26.489
obj=0.697
time=32.143
obj=0.696
time=36.440
obj=0.695
time=36.447
obj=0.694
time=36.455
obj=0.693
time=126.823
obj=0.693
time=126.842
obj=0.693
time=126.854
obj=0.693
time=126.884
obj=0.692
time=126.894
obj=0.691
time=1112.095
obj=0.691
time=1112.102
obj=0.690
time=1167.183
obj=0.689
time=1167.195
obj=0.687
time=1187.279
obj=0.687
time=1187.286
obj=0.687
c real margin = 0.313
