buffers=24
windows=80
args generated-large/225.txt 12345 1
original_lb=0.223
time=0.254
obj=0.914
time=0.317
obj=0.906
time=0.325
obj=0.905
time=0.333
obj=0.905
time=0.341
obj=0.902
time=0.351
obj=0.900
time=0.362
obj=0.894
time=0.370
obj=0.894
time=0.378
obj=0.883
time=0.388
obj=0.877
time=0.396
obj=0.865
time=0.404
obj=0.862
time=0.413
obj=0.855
time=0.422
obj=0.847
time=0.431
obj=0.842
time=0.439
obj=0.842
time=0.448
obj=0.837
time=0.458
obj=0.834
time=0.469
obj=0.834
time=0.480
obj=0.819
time=0.488
obj=0.818
time=0.497
obj=0.812
time=0.508
obj=0.806
time=0.516
obj=0.802
time=0.525
obj=0.802
time=0.536
obj=0.801
time=0.548
obj=0.797
time=0.557
obj=0.796
time=0.569
obj=0.787
time=0.579
obj=0.786
time=0.591
obj=0.781
time=0.601
obj=0.781
time=0.610
obj=0.780
time=0.623
obj=0.780
time=0.635
obj=0.779
time=0.644
obj=0.779
time=0.654
obj=0.776
time=0.666
obj=0.775
time=0.678
obj=0.775
time=0.687
obj=0.774
time=0.700
obj=0.772
time=0.711
obj=0.767
time=0.720
obj=0.767
time=0.731
obj=0.764
time=0.740
obj=0.763
time=0.752
obj=0.762
time=0.763
obj=0.761
time=0.773
obj=0.759
time=0.784
obj=0.758
time=0.795
obj=0.758
time=0.805
obj=0.758
time=0.816
obj=0.757
time=0.825
obj=0.756
time=0.838
obj=0.755
time=0.847
obj=0.755
time=0.856
obj=0.751
time=0.869
obj=0.751
time=0.879
obj=0.749
time=0.888
obj=0.744
time=0.898
obj=0.744
time=0.909
obj=0.744
time=0.917
obj=0.742
time=0.930
obj=0.741
time=0.939
obj=0.741
time=0.952
obj=0.740
time=0.964
obj=0.740
time=0.975
obj=0.740
time=0.985
obj=0.738
time=0.995
obj=0.738
time=1.005
obj=0.738
time=1.014
obj=0.737
time=1.024
obj=0.735
time=1.037
obj=0.735
time=1.050
obj=0.734
time=1.060
obj=0.734
time=1.069
obj=0.733
time=1.078
obj=0.733
time=1.089
obj=0.732
time=1.099
obj=0.731
time=1.108
obj=0.730
time=1.117
obj=0.728
time=1.129
obj=0.728
time=1.142
obj=0.726
time=1.154
obj=0.725
time=1.163
obj=0.724
time=1.174
obj=0.724
time=1.187
obj=0.723
time=1.197
obj=0.723
time=1.207
obj=0.722
time=1.216
obj=0.722
time=1.225
obj=0.721
time=1.233
obj=0.719
time=1.241
obj=0.718
time=1.254
obj=0.717
time=1.266
obj=0.717
time=1.281
obj=0.714
time=1.291
obj=0.714
time=1.301
obj=0.713
time=1.310
obj=0.712
time=1.322
obj=0.711
time=1.337
obj=0.710
time=1.346
obj=0.709
time=1.365
obj=0.709
time=1.374
obj=0.707
time=1.382
obj=0.706
time=1.392
obj=0.703
time=1.402
obj=0.703
time=1.411
obj=0.702
time=1.425
obj=0.699
time=1.439
obj=0.698
time=1.449
obj=0.696
time=1.457
obj=0.696
time=1.471
obj=0.695
time=1.479
obj=0.694
time=1.488
obj=0.694
time=1.498
obj=0.691
time=1.512
obj=0.691
time=1.521
obj=0.691
time=1.533
obj=0.690
time=1.545
obj=0.689
time=1.555
obj=0.689
time=1.563
obj=0.688
time=1.572
obj=0.688
time=1.580
obj=0.687
time=1.590
obj=0.683
time=1.604
obj=0.682
time=1.614
obj=0.681
time=1.626
obj=0.681
time=1.636
obj=0.679
time=1.648
obj=0.676
time=1.658
obj=0.675
time=1.668
obj=0.675
time=1.680
obj=0.674
time=1.690
obj=0.673
time=1.699
obj=0.673
time=1.708
obj=0.673
time=1.720
obj=0.671
time=1.729
obj=0.671
time=1.739
obj=0.670
time=1.749
obj=0.669
time=1.762
obj=0.668
time=1.777
obj=0.668
time=1.787
obj=0.668
time=1.799
obj=0.668
time=1.808
obj=0.667
time=1.819
obj=0.667
time=1.831
obj=0.666
time=1.841
obj=0.665
time=1.850
obj=0.664
time=1.859
obj=0.662
time=1.871
obj=0.662
time=1.880
obj=0.661
time=1.892
obj=0.660
time=1.901
obj=0.658
time=1.910
obj=0.658
time=1.923
obj=0.658
time=1.937
obj=0.657
time=1.951
obj=0.657
time=1.966
obj=0.657
time=1.975
obj=0.657
time=1.993
obj=0.656
time=2.003
obj=0.656
time=2.013
obj=0.655
time=2.028
obj=0.655
time=2.046
obj=0.653
time=2.065
obj=0.653
time=2.074
obj=0.651
time=2.084
obj=0.651
time=2.103
obj=0.651
time=2.111
obj=0.650
time=2.125
obj=0.649
time=2.139
obj=0.648
time=2.148
obj=0.647
time=2.166
obj=0.646
time=2.175
obj=0.646
time=2.185
obj=0.645
time=2.196
obj=0.644
time=2.214
obj=0.643
time=2.229
obj=0.642
time=2.238
obj=0.641
time=2.248
obj=0.638
time=2.263
obj=0.637
time=2.275
obj=0.637
time=2.283
obj=0.636
time=2.291
obj=0.636
time=2.303
obj=0.633
time=2.312
obj=0.631
time=2.322
obj=0.631
time=2.332
obj=0.629
time=2.345
obj=0.629
time=2.353
obj=0.627
time=2.361
obj=0.627
time=2.370
obj=0.626
time=2.380
obj=0.626
time=2.388
obj=0.623
time=2.398
obj=0.622
time=2.410
obj=0.622
time=2.431
obj=0.621
time=2.439
obj=0.620
time=2.451
obj=0.620
time=2.464
obj=0.620
time=2.474
obj=0.619
time=2.486
obj=0.617
time=2.496
obj=0.616
time=2.504
obj=0.616
time=2.519
obj=0.616
time=2.528
obj=0.614
time=2.537
obj=0.614
time=2.549
obj=0.613
time=2.564
obj=0.613
time=2.576
obj=0.613
time=2.586
obj=0.613
time=2.598
obj=0.613
time=2.608
obj=0.612
time=2.617
obj=0.612
time=2.627
obj=0.611
time=2.664
obj=0.611
time=2.672
obj=0.610
time=2.681
obj=0.609
time=2.691
obj=0.608
time=2.700
obj=0.608
time=2.714
obj=0.608
time=2.731
obj=0.607
time=2.741
obj=0.606
time=2.755
obj=0.606
time=2.765
obj=0.606
time=2.777
obj=0.605
time=2.792
obj=0.604
time=2.805
obj=0.600
time=2.816
obj=0.600
time=2.850
obj=0.600
time=2.859
obj=0.599
time=2.871
obj=0.598
time=2.880
obj=0.597
time=2.896
obj=0.597
time=2.910
obj=0.597
time=2.919
obj=0.597
time=3.216
obj=0.596
time=3.225
obj=0.596
time=3.238
obj=0.595
time=3.255
obj=0.595
time=3.289
obj=0.594
time=3.297
obj=0.594
time=3.305
obj=0.594
time=3.317
obj=0.594
time=3.386
obj=0.593
time=3.395
obj=0.592
time=3.468
obj=0.592
time=3.484
obj=0.590
time=3.494
obj=0.590
time=3.523
obj=0.589
time=3.590
obj=0.588
time=3.602
obj=0.588
time=3.617
obj=0.587
time=3.629
obj=0.586
time=3.639
obj=0.586
time=3.651
obj=0.586
time=3.723
obj=0.586
time=3.731
obj=0.585
time=3.741
obj=0.585
time=3.758
obj=0.584
time=3.768
obj=0.583
time=3.783
obj=0.583
time=3.798
obj=0.582
time=3.812
obj=0.582
time=3.863
obj=0.582
time=3.874
obj=0.581
time=3.887
obj=0.580
time=6.344
obj=0.579
time=6.354
obj=0.578
time=6.366
obj=0.578
time=6.424
obj=0.578
time=6.431
obj=0.577
time=6.447
obj=0.577
time=6.450
obj=0.577
time=6.505
obj=0.575
time=6.512
obj=0.575
time=6.525
obj=0.575
time=6.536
obj=0.575
time=6.546
obj=0.575
time=6.554
obj=0.575
time=6.565
obj=0.574
time=6.577
obj=0.574
time=6.586
obj=0.573
time=6.594
obj=0.571
time=6.605
obj=0.571
time=6.614
obj=0.570
time=6.627
obj=0.570
time=6.638
obj=0.570
time=6.659
obj=0.569
time=6.670
obj=0.569
time=6.694
obj=0.568
time=45.942
obj=0.568
time=95.387
obj=0.567
time=95.397
obj=0.567
time=1871.492
obj=0.567
time=1871.500
obj=0.567
time=1871.511
obj=0.567
time=1871.522
obj=0.566
c real margin = 0.434
