buffers=16
windows=60
args generated-large/227.txt 12345 1
original_lb=0.231
time=0.074
obj=0.968
time=0.119
obj=0.966
time=0.122
obj=0.959
time=0.127
obj=0.950
time=0.130
obj=0.942
time=0.133
obj=0.941
time=0.137
obj=0.941
time=0.140
obj=0.936
time=0.144
obj=0.936
time=0.149
obj=0.927
time=0.152
obj=0.926
time=0.156
obj=0.923
time=0.159
obj=0.922
time=0.163
obj=0.913
time=0.166
obj=0.911
time=0.171
obj=0.903
time=0.174
obj=0.894
time=0.177
obj=0.894
time=0.180
obj=0.894
time=0.184
obj=0.894
time=0.187
obj=0.893
time=0.191
obj=0.882
time=0.195
obj=0.879
time=0.198
obj=0.875
time=0.203
obj=0.871
time=0.206
obj=0.871
time=0.210
obj=0.859
time=0.214
obj=0.859
time=0.217
obj=0.857
time=0.220
obj=0.854
time=0.223
obj=0.848
time=0.226
obj=0.842
time=0.230
obj=0.841
time=0.235
obj=0.838
time=0.239
obj=0.837
time=0.247
obj=0.835
time=0.251
obj=0.834
time=0.255
obj=0.831
time=0.262
obj=0.829
time=0.265
obj=0.827
time=0.268
obj=0.826
time=0.274
obj=0.822
time=0.277
obj=0.821
time=0.280
obj=0.821
time=0.283
obj=0.818
time=0.289
obj=0.815
time=0.292
obj=0.812
time=0.301
obj=0.811
time=0.304
obj=0.809
time=0.311
obj=0.807
time=0.318
obj=0.806
time=0.324
obj=0.803
time=0.328
obj=0.802
time=0.334
obj=0.801
time=0.338
obj=0.801
time=0.342
obj=0.801
time=0.350
obj=0.800
time=0.353
obj=0.799
time=0.361
obj=0.798
time=0.366
obj=0.796
time=0.374
obj=0.793
time=0.381
obj=0.793
time=0.390
obj=0.792
time=0.394
obj=0.790
time=0.400
obj=0.789
time=0.410
obj=0.787
time=0.413
obj=0.786
time=0.423
obj=0.786
time=0.431
obj=0.785
time=0.434
obj=0.784
time=0.440
obj=0.783
time=0.444
obj=0.779
time=0.450
obj=0.779
time=0.453
obj=0.777
time=0.455
obj=0.777
time=0.462
obj=0.776
time=0.475
obj=0.776
time=0.483
obj=0.773
time=0.491
obj=0.773
time=0.498
obj=0.773
time=0.501
obj=0.773
time=0.504
obj=0.772
time=0.507
obj=0.771
time=0.510
obj=0.771
time=0.514
obj=0.769
time=0.523
obj=0.766
time=0.528
obj=0.764
time=0.531
obj=0.763
time=0.534
obj=0.761
time=0.538
obj=0.760
time=0.542
obj=0.760
time=0.548
obj=0.759
time=0.561
obj=0.759
time=0.603
obj=0.758
time=0.608
obj=0.757
time=0.613
obj=0.756
time=0.627
obj=0.754
time=0.630
obj=0.751
time=0.637
obj=0.750
time=0.645
obj=0.750
time=0.648
obj=0.750
time=0.651
obj=0.750
time=0.713
obj=0.750
time=0.723
obj=0.749
time=0.726
obj=0.747
time=0.729
obj=0.746
time=0.733
obj=0.745
time=0.740
obj=0.744
time=0.753
obj=0.744
time=0.756
obj=0.743
time=0.762
obj=0.743
time=0.768
obj=0.742
time=0.780
obj=0.741
time=0.787
obj=0.738
time=0.790
obj=0.737
time=0.796
obj=0.736
time=0.801
obj=0.736
time=0.804
obj=0.735
time=0.809
obj=0.733
time=0.812
obj=0.733
time=0.816
obj=0.732
time=0.819
obj=0.732
time=0.856
obj=0.731
time=0.862
obj=0.731
time=0.871
obj=0.731
time=0.878
obj=0.731
time=0.881
obj=0.730
time=0.887
obj=0.729
time=0.892
obj=0.728
time=0.898
obj=0.727
time=0.906
obj=0.727
time=0.911
obj=0.726
time=0.915
obj=0.726
time=0.920
obj=0.726
time=0.929
obj=0.725
time=0.934
obj=0.725
time=0.973
obj=0.724
time=0.976
obj=0.720
time=0.989
obj=0.719
time=0.997
obj=0.718
time=1.003
obj=0.715
time=1.574
obj=0.715
time=6.645
obj=0.714
time=6.880
obj=0.714
time=6.884
obj=0.713
time=27.805
obj=0.710
time=37.066
obj=0.710
time=37.070
obj=0.708
time=37.074
obj=0.708
time=37.084
obj=0.707
time=37.088
obj=0.707
time=37.091
obj=0.705
time=37.102
obj=0.705
time=44.891
obj=0.704
time=56.998
obj=0.704
time=57.004
obj=0.704
time=57.017
obj=0.704
time=83.666
obj=0.704
c real margin = 0.296
