buffers=8
windows=20
args generated-large/228.txt 12345 1
original_lb=0.209
time=0.013
obj=0.819
time=0.019
obj=0.815
time=0.020
obj=0.813
time=0.021
obj=0.797
time=0.022
obj=0.793
time=0.024
obj=0.787
time=0.025
obj=0.779
time=0.029
obj=0.779
time=0.036
obj=0.777
time=0.038
obj=0.777
time=0.039
obj=0.775
time=0.040
obj=0.765
time=0.045
obj=0.764
time=0.048
obj=0.762
time=0.049
obj=0.761
time=0.052
obj=0.757
time=0.068
obj=0.755
time=0.069
obj=0.755
time=0.084
obj=0.754
time=0.084
obj=0.752
time=0.190
obj=0.746
time=0.191
obj=0.744
time=0.347
obj=0.737
time=0.348
obj=0.737
time=0.401
obj=0.734
time=0.402
obj=0.734
time=0.522
obj=0.734
time=1.230
obj=0.731
time=1.328
obj=0.729
time=1.329
obj=0.727
time=1.816
obj=0.726
time=3.491
obj=0.725
time=6.607
obj=0.724
time=6.608
obj=0.722
time=7.559
obj=0.722
time=9.218
obj=0.722
time=9.218
obj=0.720
c real margin = 0.280
