buffers=8
windows=80
args generated-large/23.txt 12345 1
original_lb=0.259
time=0.011
obj=0.949
time=0.016
obj=0.948
time=0.017
obj=0.945
time=0.018
obj=0.941
time=0.019
obj=0.941
time=0.021
obj=0.939
time=0.022
obj=0.937
time=0.023
obj=0.918
time=0.024
obj=0.914
time=0.025
obj=0.912
time=0.026
obj=0.907
time=0.027
obj=0.899
time=0.028
obj=0.896
time=0.030
obj=0.892
time=0.031
obj=0.890
time=0.032
obj=0.879
time=0.033
obj=0.872
time=0.034
obj=0.851
time=0.035
obj=0.849
time=0.036
obj=0.847
time=0.037
obj=0.846
time=0.038
obj=0.844
time=0.039
obj=0.836
time=0.040
obj=0.835
time=0.041
obj=0.822
time=0.042
obj=0.822
time=0.043
obj=0.817
time=0.044
obj=0.816
time=0.046
obj=0.813
time=0.047
obj=0.810
time=0.048
obj=0.807
time=0.049
obj=0.806
time=0.051
obj=0.804
time=0.051
obj=0.802
time=0.052
obj=0.798
time=0.054
obj=0.797
time=0.055
obj=0.793
time=0.056
obj=0.790
time=0.058
obj=0.789
time=0.060
obj=0.787
time=0.061
obj=0.786
time=0.062
obj=0.783
time=0.063
obj=0.782
time=0.064
obj=0.781
time=0.066
obj=0.779
time=0.068
obj=0.778
time=0.069
obj=0.772
time=0.072
obj=0.770
time=0.073
obj=0.769
time=0.075
obj=0.768
time=0.076
obj=0.768
time=0.077
obj=0.766
time=0.078
obj=0.764
time=0.079
obj=0.760
time=0.080
obj=0.758
time=0.084
obj=0.757
time=0.085
obj=0.757
time=0.105
obj=0.756
time=0.190
obj=0.754
time=0.191
obj=0.749
time=0.286
obj=0.748
time=0.287
obj=0.748
time=0.306
obj=0.748
time=0.307
obj=0.748
time=0.308
obj=0.746
time=0.309
obj=0.744
time=0.332
obj=0.743
time=0.333
obj=0.741
time=0.372
obj=0.740
time=0.373
obj=0.740
time=0.467
obj=0.739
time=0.468
obj=0.738
time=0.469
obj=0.738
time=0.538
obj=0.737
time=0.539
obj=0.737
time=0.743
obj=0.731
time=1.115
obj=0.729
time=1.160
obj=0.728
time=1.161
obj=0.728
time=1.162
obj=0.726
time=1.163
obj=0.724
time=1.164
obj=0.722
time=1.165
obj=0.720
time=1.554
obj=0.719
time=1.555
obj=0.715
time=3.012
obj=0.715
time=3.013
obj=0.713
time=12.038
obj=0.712
time=12.476
obj=0.712
time=12.477
obj=0.711
time=97.000
obj=0.711
time=97.001
obj=0.709
time=97.002
obj=0.709
time=97.002
obj=0.708
c real margin = 0.292
