buffers=24
windows=40
args generated-large/230.txt 12345 1
original_lb=0.228
time=0.134
obj=0.936
time=0.148
obj=0.929
time=0.151
obj=0.898
time=0.155
obj=0.893
time=0.158
obj=0.890
time=0.162
obj=0.882
time=0.167
obj=0.875
time=0.171
obj=0.875
time=0.175
obj=0.867
time=0.186
obj=0.867
time=0.190
obj=0.866
time=0.195
obj=0.866
time=0.199
obj=0.864
time=0.199
obj=0.862
time=0.206
obj=0.861
time=0.213
obj=0.859
time=0.217
obj=0.856
time=0.221
obj=0.854
time=0.227
obj=0.851
time=0.234
obj=0.850
time=0.238
obj=0.841
time=0.242
obj=0.839
time=0.247
obj=0.839
time=0.251
obj=0.835
time=0.257
obj=0.833
time=0.269
obj=0.833
time=0.273
obj=0.832
time=0.278
obj=0.831
time=0.283
obj=0.826
time=0.294
obj=0.824
time=0.301
obj=0.823
time=0.306
obj=0.822
time=0.310
obj=0.815
time=0.314
obj=0.811
time=0.319
obj=0.808
time=0.323
obj=0.808
time=0.332
obj=0.804
time=0.336
obj=0.803
time=0.340
obj=0.802
time=0.348
obj=0.799
time=0.360
obj=0.798
time=0.364
obj=0.798
time=0.375
obj=0.796
time=0.384
obj=0.791
time=0.389
obj=0.791
time=0.397
obj=0.781
time=0.401
obj=0.778
time=0.406
obj=0.778
time=0.411
obj=0.775
time=0.422
obj=0.775
time=0.428
obj=0.774
time=0.432
obj=0.773
time=0.444
obj=0.773
time=0.458
obj=0.769
time=0.465
obj=0.767
time=0.469
obj=0.764
time=0.473
obj=0.763
time=0.479
obj=0.761
time=0.484
obj=0.760
time=0.488
obj=0.760
time=0.494
obj=0.757
time=0.505
obj=0.755
time=0.509
obj=0.754
time=0.514
obj=0.754
time=0.518
obj=0.753
time=0.525
obj=0.753
time=0.530
obj=0.753
time=0.539
obj=0.751
time=0.544
obj=0.749
time=0.549
obj=0.745
time=0.553
obj=0.741
time=0.561
obj=0.740
time=0.566
obj=0.736
time=0.575
obj=0.735
time=0.584
obj=0.734
time=0.590
obj=0.733
time=0.600
obj=0.732
time=0.609
obj=0.731
time=0.613
obj=0.731
time=0.618
obj=0.728
time=0.624
obj=0.728
time=0.628
obj=0.728
time=0.633
obj=0.721
time=0.639
obj=0.717
time=0.650
obj=0.716
time=0.657
obj=0.715
time=0.669
obj=0.714
time=0.683
obj=0.714
time=0.699
obj=0.712
time=0.708
obj=0.710
time=0.713
obj=0.710
time=0.717
obj=0.709
time=0.723
obj=0.708
time=0.729
obj=0.708
time=0.741
obj=0.707
time=0.745
obj=0.706
time=0.755
obj=0.705
time=0.766
obj=0.704
time=0.770
obj=0.703
time=0.779
obj=0.702
time=0.784
obj=0.700
time=0.787
obj=0.697
time=0.795
obj=0.693
time=0.806
obj=0.690
time=0.826
obj=0.689
time=0.830
obj=0.689
time=0.841
obj=0.688
time=0.845
obj=0.688
time=0.851
obj=0.688
time=0.859
obj=0.688
time=0.869
obj=0.687
time=0.874
obj=0.686
time=0.878
obj=0.686
time=0.883
obj=0.685
time=0.898
obj=0.685
time=0.902
obj=0.685
time=0.910
obj=0.684
time=0.919
obj=0.683
time=0.938
obj=0.682
time=0.954
obj=0.682
time=0.958
obj=0.680
time=0.968
obj=0.680
time=0.977
obj=0.680
time=0.983
obj=0.679
time=0.987
obj=0.679
time=0.991
obj=0.678
time=1.008
obj=0.678
time=1.018
obj=0.676
time=1.026
obj=0.676
time=1.030
obj=0.675
time=1.047
obj=0.675
time=1.051
obj=0.675
time=1.056
obj=0.673
time=1.076
obj=0.673
time=1.090
obj=0.672
time=1.111
obj=0.672
time=1.124
obj=0.671
time=1.136
obj=0.671
time=1.144
obj=0.671
time=1.156
obj=0.670
time=1.166
obj=0.669
time=1.176
obj=0.669
time=1.181
obj=0.665
time=1.187
obj=0.660
time=1.194
obj=0.660
time=1.202
obj=0.659
time=1.206
obj=0.659
time=1.221
obj=0.659
time=1.235
obj=0.659
time=1.240
obj=0.658
time=1.256
obj=0.658
time=1.271
obj=0.657
time=1.293
obj=0.656
time=1.297
obj=0.655
time=1.311
obj=0.655
time=1.328
obj=0.653
time=1.341
obj=0.653
time=1.376
obj=0.653
time=1.390
obj=0.652
time=1.421
obj=0.650
time=1.425
obj=0.648
time=1.437
obj=0.647
time=1.463
obj=0.647
time=1.467
obj=0.647
time=1.490
obj=0.646
time=1.523
obj=0.646
time=1.533
obj=0.646
time=1.537
obj=0.645
time=1.607
obj=0.644
time=1.610
obj=0.642
time=1.635
obj=0.640
time=1.663
obj=0.640
time=1.707
obj=0.640
time=1.712
obj=0.640
time=1.786
obj=0.640
time=2.060
obj=0.637
time=2.067
obj=0.635
time=2.119
obj=0.635
time=2.123
obj=0.633
time=2.266
obj=0.633
time=2.268
obj=0.633
time=2.273
obj=0.633
time=2.276
obj=0.632
time=2.311
obj=0.632
time=2.313
obj=0.631
time=2.358
obj=0.631
time=2.686
obj=0.630
time=2.689
obj=0.629
time=2.875
obj=0.629
time=2.878
obj=0.628
time=2.882
obj=0.626
time=3.671
obj=0.626
time=3.674
obj=0.626
time=3.677
obj=0.625
time=4.588
obj=0.625
time=4.591
obj=0.623
time=4.924
obj=0.622
time=4.927
obj=0.622
time=5.640
obj=0.622
time=5.642
obj=0.622
time=6.383
obj=0.621
time=6.386
obj=0.619
time=10.265
obj=0.618
time=12.471
obj=0.617
time=12.474
obj=0.616
time=12.477
obj=0.616
time=16.137
obj=0.616
time=16.139
obj=0.615
time=16.647
obj=0.614
time=27.887
obj=0.614
time=30.648
obj=0.612
time=36.333
obj=0.612
time=36.336
obj=0.610
time=37.805
obj=0.609
time=59.268
obj=0.609
time=70.310
obj=0.609
time=70.313
obj=0.608
time=106.293
obj=0.608
time=177.592
obj=0.607
time=177.594
obj=0.607
time=192.437
obj=0.605
time=192.440
obj=0.603
time=259.523
obj=0.603
time=259.526
obj=0.603
time=312.562
obj=0.603
time=312.565
obj=0.602
time=337.651
obj=0.602
time=532.581
obj=0.602
time=753.036
obj=0.601
time=895.478
obj=0.601
time=895.481
obj=0.601
time=897.254
obj=0.600
time=1193.387
obj=0.600
time=1193.390
obj=0.600
time=1411.062
obj=0.599
time=1411.065
obj=0.599
time=1659.867
obj=0.598
time=1805.617
obj=0.598
time=2067.966
obj=0.598
time=2171.699
obj=0.598
time=3086.354
obj=0.598
time=3125.266
obj=0.597
c real margin = 0.403
