buffers=24
windows=20
args generated-large/231.txt 12345 1
original_lb=0.241
time=0.145
obj=0.868
time=0.164
obj=0.868
time=0.168
obj=0.841
time=0.175
obj=0.837
time=0.181
obj=0.836
time=0.186
obj=0.831
time=0.195
obj=0.831
time=0.200
obj=0.830
time=0.205
obj=0.830
time=0.209
obj=0.829
time=0.214
obj=0.823
time=0.218
obj=0.814
time=0.224
obj=0.813
time=0.228
obj=0.799
time=0.233
obj=0.795
time=0.239
obj=0.794
time=0.244
obj=0.787
time=0.248
obj=0.783
time=0.254
obj=0.778
time=0.262
obj=0.771
time=0.266
obj=0.762
time=0.271
obj=0.748
time=0.276
obj=0.747
time=0.284
obj=0.745
time=0.290
obj=0.739
time=0.295
obj=0.739
time=0.302
obj=0.731
time=0.307
obj=0.717
time=0.312
obj=0.713
time=0.322
obj=0.709
time=0.332
obj=0.704
time=0.336
obj=0.702
time=0.343
obj=0.701
time=0.355
obj=0.701
time=0.360
obj=0.698
time=0.369
obj=0.697
time=0.378
obj=0.695
time=0.385
obj=0.692
time=0.390
obj=0.683
time=0.400
obj=0.675
time=0.407
obj=0.674
time=0.416
obj=0.673
time=0.421
obj=0.669
time=0.429
obj=0.664
time=0.433
obj=0.658
time=0.443
obj=0.645
time=0.449
obj=0.644
time=0.453
obj=0.641
time=0.460
obj=0.638
time=0.467
obj=0.631
time=0.471
obj=0.631
time=0.479
obj=0.630
time=0.484
obj=0.627
time=0.490
obj=0.623
time=0.495
obj=0.619
time=0.505
obj=0.616
time=0.511
obj=0.615
time=0.519
obj=0.614
time=0.528
obj=0.612
time=0.535
obj=0.612
time=0.547
obj=0.609
time=0.553
obj=0.609
time=0.557
obj=0.602
time=0.563
obj=0.599
time=0.585
obj=0.596
time=0.619
obj=0.595
time=0.623
obj=0.589
time=0.630
obj=0.589
time=0.643
obj=0.588
time=0.655
obj=0.587
time=0.665
obj=0.583
time=0.678
obj=0.581
time=0.685
obj=0.580
time=0.706
obj=0.579
time=0.712
obj=0.575
time=0.721
obj=0.573
time=0.732
obj=0.568
time=0.778
obj=0.566
time=0.781
obj=0.562
time=0.848
obj=0.561
time=0.869
obj=0.559
time=0.877
obj=0.559
time=0.881
obj=0.559
time=0.887
obj=0.558
time=0.892
obj=0.558
time=0.897
obj=0.553
time=0.905
obj=0.552
time=0.914
obj=0.550
time=0.921
obj=0.549
time=0.925
obj=0.548
time=0.947
obj=0.547
time=0.962
obj=0.546
time=0.972
obj=0.546
time=0.977
obj=0.546
time=0.983
obj=0.545
time=0.996
obj=0.544
time=1.003
obj=0.544
time=1.010
obj=0.543
time=1.028
obj=0.543
time=1.048
obj=0.542
time=1.067
obj=0.540
time=1.075
obj=0.539
time=5.571
obj=0.538
time=5.574
obj=0.535
time=5.582
obj=0.535
time=9.729
obj=0.535
time=9.732
obj=0.534
time=9.737
obj=0.534
time=9.741
obj=0.533
time=9.745
obj=0.532
time=106.514
obj=0.532
time=106.577
obj=0.532
time=106.581
obj=0.531
time=154.834
obj=0.531
time=154.839
obj=0.530
time=154.891
obj=0.530
time=154.943
obj=0.529
time=3443.310
obj=0.529
time=3481.234
obj=0.527
c real margin = 0.473
