buffers=8
windows=40
args generated-large/234.txt 12345 1
original_lb=0.257
time=0.012
obj=0.705
time=0.015
obj=0.660
time=0.015
obj=0.659
time=0.016
obj=0.658
time=0.017
obj=0.651
time=0.018
obj=0.648
time=0.019
obj=0.641
time=0.020
obj=0.641
time=0.021
obj=0.640
time=0.021
obj=0.635
time=0.022
obj=0.619
time=0.023
obj=0.616
time=0.024
obj=0.616
time=0.025
obj=0.606
time=0.026
obj=0.590
time=0.027
obj=0.589
time=0.027
obj=0.583
time=0.028
obj=0.579
time=0.029
obj=0.575
time=0.030
obj=0.568
time=0.031
obj=0.564
time=0.032
obj=0.564
time=0.033
obj=0.563
time=0.034
obj=0.562
time=0.034
obj=0.560
time=0.035
obj=0.560
time=0.037
obj=0.557
time=0.038
obj=0.556
time=0.039
obj=0.555
time=0.041
obj=0.550
time=0.041
obj=0.548
time=0.042
obj=0.547
time=0.043
obj=0.546
time=0.044
obj=0.543
time=0.045
obj=0.540
time=0.047
obj=0.539
time=0.048
obj=0.539
time=0.049
obj=0.538
time=0.050
obj=0.536
time=0.051
obj=0.534
time=0.052
obj=0.531
time=0.053
obj=0.527
time=0.054
obj=0.526
time=0.055
obj=0.525
time=0.056
obj=0.522
time=0.057
obj=0.521
time=0.058
obj=0.520
time=0.059
obj=0.513
time=0.060
obj=0.512
time=0.061
obj=0.511
time=0.063
obj=0.511
time=0.064
obj=0.507
time=0.066
obj=0.504
time=0.068
obj=0.504
time=0.069
obj=0.503
time=0.071
obj=0.502
time=0.072
obj=0.502
time=0.072
obj=0.500
time=0.073
obj=0.498
time=0.075
obj=0.495
time=0.075
obj=0.494
time=0.076
obj=0.492
time=0.078
obj=0.482
time=0.080
obj=0.481
time=0.083
obj=0.479
time=0.085
obj=0.477
time=0.086
obj=0.477
time=0.087
obj=0.476
time=0.089
obj=0.474
time=0.100
obj=0.473
time=0.100
obj=0.472
time=0.125
obj=0.471
time=0.126
obj=0.470
time=0.127
obj=0.470
time=0.128
obj=0.467
time=0.129
obj=0.467
time=0.132
obj=0.466
time=0.181
obj=0.466
time=0.348
obj=0.465
time=0.354
obj=0.464
time=0.489
obj=0.463
time=0.902
obj=0.463
time=0.904
obj=0.462
time=1.573
obj=0.461
time=1.577
obj=0.461
time=1.580
obj=0.460
time=1.986
obj=0.459
time=2.343
obj=0.458
time=8.088
obj=0.456
time=8.089
obj=0.455
time=8.090
obj=0.454
time=23.433
obj=0.453
time=23.434
obj=0.453
time=23.436
obj=0.452
time=23.437
obj=0.452
time=23.663
obj=0.450
time=23.663
obj=0.450
time=25.385
obj=0.447
time=42.075
obj=0.447
c real margin = 0.553
