buffers=24
windows=60
args generated-large/235.txt 12345 1
original_lb=0.194
time=0.162
obj=0.969
time=0.190
obj=0.958
time=0.194
obj=0.948
time=0.198
obj=0.943
time=0.202
obj=0.941
time=0.206
obj=0.941
time=0.212
obj=0.938
time=0.217
obj=0.936
time=0.221
obj=0.935
time=0.227
obj=0.934
time=0.232
obj=0.933
time=0.238
obj=0.931
time=0.245
obj=0.920
time=0.253
obj=0.920
time=0.258
obj=0.919
time=0.263
obj=0.917
time=0.273
obj=0.916
time=0.278
obj=0.915
time=0.285
obj=0.908
time=0.291
obj=0.904
time=0.297
obj=0.904
time=0.304
obj=0.900
time=0.309
obj=0.900
time=0.314
obj=0.897
time=0.318
obj=0.896
time=0.323
obj=0.894
time=0.328
obj=0.890
time=0.333
obj=0.887
time=0.340
obj=0.886
time=0.345
obj=0.884
time=0.350
obj=0.883
time=0.355
obj=0.882
time=0.365
obj=0.882
time=0.371
obj=0.879
time=0.379
obj=0.877
time=0.386
obj=0.877
time=0.397
obj=0.873
time=0.402
obj=0.872
time=0.410
obj=0.869
time=0.418
obj=0.869
time=0.423
obj=0.866
time=0.429
obj=0.866
time=0.438
obj=0.860
time=0.445
obj=0.859
time=0.450
obj=0.859
time=0.456
obj=0.858
time=0.462
obj=0.858
time=0.467
obj=0.858
time=0.472
obj=0.853
time=0.480
obj=0.851
time=0.486
obj=0.846
time=0.491
obj=0.845
time=0.499
obj=0.838
time=0.506
obj=0.837
time=0.516
obj=0.837
time=0.522
obj=0.835
time=0.527
obj=0.835
time=0.534
obj=0.828
time=0.540
obj=0.825
time=0.550
obj=0.822
time=0.556
obj=0.822
time=0.561
obj=0.819
time=0.567
obj=0.819
time=0.573
obj=0.817
time=0.584
obj=0.815
time=0.589
obj=0.813
time=0.596
obj=0.813
time=0.604
obj=0.810
time=0.609
obj=0.810
time=0.614
obj=0.808
time=0.618
obj=0.808
time=0.625
obj=0.807
time=0.630
obj=0.806
time=0.635
obj=0.804
time=0.642
obj=0.804
time=0.647
obj=0.800
time=0.655
obj=0.799
time=0.664
obj=0.798
time=0.671
obj=0.795
time=0.678
obj=0.793
time=0.683
obj=0.793
time=0.689
obj=0.792
time=0.697
obj=0.791
time=0.710
obj=0.791
time=0.715
obj=0.790
time=0.724
obj=0.789
time=0.731
obj=0.787
time=0.739
obj=0.786
time=0.748
obj=0.784
time=0.759
obj=0.784
time=0.766
obj=0.784
time=0.772
obj=0.782
time=0.779
obj=0.780
time=0.784
obj=0.777
time=0.791
obj=0.777
time=0.804
obj=0.776
time=0.811
obj=0.775
time=0.822
obj=0.773
time=0.827
obj=0.771
time=0.832
obj=0.771
time=0.842
obj=0.770
time=0.853
obj=0.769
time=0.858
obj=0.766
time=0.868
obj=0.766
time=0.883
obj=0.765
time=0.888
obj=0.765
time=0.896
obj=0.763
time=0.901
obj=0.763
time=0.912
obj=0.762
time=0.916
obj=0.761
time=0.921
obj=0.760
time=0.927
obj=0.760
time=0.935
obj=0.760
time=0.948
obj=0.759
time=0.953
obj=0.759
time=0.959
obj=0.758
time=0.964
obj=0.758
time=0.970
obj=0.757
time=0.982
obj=0.756
time=0.992
obj=0.756
time=1.003
obj=0.754
time=1.015
obj=0.753
time=1.022
obj=0.751
time=1.033
obj=0.749
time=1.038
obj=0.749
time=1.050
obj=0.748
time=1.061
obj=0.747
time=1.065
obj=0.746
time=1.079
obj=0.746
time=1.085
obj=0.746
time=1.096
obj=0.745
time=1.107
obj=0.743
time=1.119
obj=0.742
time=1.126
obj=0.740
time=1.138
obj=0.740
time=1.148
obj=0.740
time=1.153
obj=0.739
time=1.159
obj=0.739
time=1.163
obj=0.738
time=1.182
obj=0.738
time=1.198
obj=0.738
time=1.216
obj=0.738
time=1.220
obj=0.738
time=1.225
obj=0.736
time=1.229
obj=0.735
time=1.240
obj=0.734
time=1.261
obj=0.733
time=1.280
obj=0.732
time=1.284
obj=0.731
time=1.289
obj=0.731
time=1.295
obj=0.730
time=1.309
obj=0.729
time=1.322
obj=0.729
time=1.327
obj=0.728
time=1.333
obj=0.727
time=1.338
obj=0.727
time=1.343
obj=0.725
time=1.363
obj=0.725
time=1.367
obj=0.723
time=1.384
obj=0.722
time=1.401
obj=0.722
time=1.405
obj=0.720
time=1.412
obj=0.718
time=1.418
obj=0.717
time=1.428
obj=0.717
time=1.434
obj=0.715
time=1.454
obj=0.713
time=1.474
obj=0.712
time=1.494
obj=0.712
time=1.507
obj=0.712
time=1.516
obj=0.711
time=1.521
obj=0.710
time=1.534
obj=0.710
time=1.542
obj=0.709
time=1.546
obj=0.708
time=1.553
obj=0.708
time=1.582
obj=0.708
time=1.605
obj=0.707
time=1.615
obj=0.706
time=1.619
obj=0.706
time=1.632
obj=0.705
time=1.638
obj=0.705
time=1.645
obj=0.704
time=1.653
obj=0.704
time=1.657
obj=0.704
time=1.680
obj=0.704
time=1.709
obj=0.703
time=1.714
obj=0.702
time=1.740
obj=0.702
time=1.745
obj=0.701
time=1.762
obj=0.700
time=1.766
obj=0.699
time=1.785
obj=0.699
time=1.789
obj=0.699
time=1.805
obj=0.699
time=1.813
obj=0.698
time=1.834
obj=0.698
time=1.855
obj=0.698
time=1.859
obj=0.697
time=1.875
obj=0.697
time=1.880
obj=0.696
time=1.884
obj=0.696
time=1.898
obj=0.695
time=1.904
obj=0.695
time=1.910
obj=0.691
time=1.939
obj=0.691
time=1.946
obj=0.690
time=1.992
obj=0.689
time=1.996
obj=0.689
time=2.022
obj=0.688
time=2.026
obj=0.687
time=2.050
obj=0.686
time=2.055
obj=0.686
time=2.084
obj=0.685
time=2.100
obj=0.685
time=2.143
obj=0.685
time=2.148
obj=0.685
time=2.153
obj=0.684
time=2.172
obj=0.684
time=2.178
obj=0.683
time=2.200
obj=0.683
time=2.208
obj=0.681
time=2.225
obj=0.680
time=2.248
obj=0.679
time=2.270
obj=0.679
time=2.289
obj=0.677
time=2.303
obj=0.676
time=2.335
obj=0.676
time=2.343
obj=0.675
time=2.385
obj=0.675
time=2.401
obj=0.673
time=2.438
obj=0.673
time=2.441
obj=0.673
time=2.466
obj=0.672
time=2.508
obj=0.672
time=2.600
obj=0.671
time=2.603
obj=0.671
time=2.610
obj=0.670
time=2.653
obj=0.670
time=2.656
obj=0.670
time=2.661
obj=0.668
time=2.694
obj=0.668
time=2.703
obj=0.668
time=2.710
obj=0.667
time=3.006
obj=0.664
time=3.036
obj=0.664
time=3.039
obj=0.663
time=3.147
obj=0.663
time=3.150
obj=0.663
time=3.154
obj=0.663
time=4.228
obj=0.662
time=4.231
obj=0.662
time=4.236
obj=0.662
time=4.636
obj=0.661
time=4.640
obj=0.661
time=4.644
obj=0.660
time=6.067
obj=0.660
time=6.070
obj=0.660
time=6.485
obj=0.660
time=6.488
obj=0.660
time=6.504
obj=0.659
time=6.509
obj=0.659
time=6.519
obj=0.659
time=6.522
obj=0.659
time=7.246
obj=0.658
time=7.788
obj=0.658
time=7.792
obj=0.656
time=7.848
obj=0.656
time=7.851
obj=0.656
time=7.855
obj=0.656
time=7.858
obj=0.655
time=10.225
obj=0.655
time=11.563
obj=0.655
time=11.566
obj=0.655
time=12.637
obj=0.654
time=14.874
obj=0.654
time=14.877
obj=0.654
time=14.882
obj=0.654
time=14.891
obj=0.653
time=17.423
obj=0.653
time=20.704
obj=0.653
time=22.092
obj=0.653
time=24.219
obj=0.652
time=24.247
obj=0.651
time=26.017
obj=0.651
time=26.031
obj=0.650
time=37.820
obj=0.650
time=37.824
obj=0.650
time=37.828
obj=0.649
time=52.873
obj=0.649
time=52.876
obj=0.648
time=97.351
obj=0.648
time=101.293
obj=0.647
time=101.297
obj=0.647
time=130.892
obj=0.647
time=133.832
obj=0.646
time=133.837
obj=0.646
time=228.772
obj=0.646
time=241.147
obj=0.646
time=275.212
obj=0.645
time=275.217
obj=0.644
time=275.224
obj=0.644
time=311.035
obj=0.643
time=311.038
obj=0.643
time=326.746
obj=0.643
time=330.953
obj=0.643
time=340.340
obj=0.643
time=445.134
obj=0.642
time=445.137
obj=0.642
time=561.571
obj=0.641
time=561.574
obj=0.641
time=658.310
obj=0.640
time=658.323
obj=0.640
time=943.704
obj=0.640
time=943.710
obj=0.639
time=1507.755
obj=0.639
time=1507.758
obj=0.638
time=1550.015
obj=0.638
time=1755.397
obj=0.638
time=1755.401
obj=0.637
time=1940.066
obj=0.637
time=2117.448
obj=0.637
time=2117.451
obj=0.636
c real margin = 0.364
