buffers=24
windows=80
args generated-large/236.txt 12345 1
original_lb=0.237
time=0.189
obj=0.982
time=0.220
obj=0.977
time=0.225
obj=0.972
time=0.229
obj=0.966
time=0.234
obj=0.963
time=0.241
obj=0.954
time=0.246
obj=0.954
time=0.251
obj=0.950
time=0.256
obj=0.945
time=0.261
obj=0.932
time=0.267
obj=0.929
time=0.272
obj=0.926
time=0.278
obj=0.920
time=0.283
obj=0.912
time=0.288
obj=0.910
time=0.294
obj=0.908
time=0.299
obj=0.906
time=0.305
obj=0.889
time=0.310
obj=0.888
time=0.316
obj=0.881
time=0.321
obj=0.876
time=0.326
obj=0.865
time=0.332
obj=0.861
time=0.340
obj=0.860
time=0.345
obj=0.856
time=0.351
obj=0.856
time=0.357
obj=0.845
time=0.362
obj=0.834
time=0.367
obj=0.832
time=0.374
obj=0.831
time=0.380
obj=0.826
time=0.385
obj=0.826
time=0.391
obj=0.824
time=0.398
obj=0.823
time=0.404
obj=0.822
time=0.410
obj=0.821
time=0.418
obj=0.818
time=0.424
obj=0.816
time=0.430
obj=0.816
time=0.435
obj=0.812
time=0.441
obj=0.807
time=0.447
obj=0.807
time=0.453
obj=0.807
time=0.459
obj=0.807
time=0.465
obj=0.806
time=0.475
obj=0.803
time=0.481
obj=0.802
time=0.488
obj=0.801
time=0.498
obj=0.800
time=0.505
obj=0.797
time=0.513
obj=0.797
time=0.519
obj=0.797
time=0.525
obj=0.796
time=0.532
obj=0.795
time=0.537
obj=0.794
time=0.544
obj=0.793
time=0.551
obj=0.793
time=0.557
obj=0.789
time=0.563
obj=0.789
time=0.570
obj=0.789
time=0.576
obj=0.787
time=0.583
obj=0.786
time=0.589
obj=0.783
time=0.595
obj=0.782
time=0.600
obj=0.781
time=0.606
obj=0.780
time=0.612
obj=0.777
time=0.619
obj=0.774
time=0.624
obj=0.772
time=0.631
obj=0.771
time=0.637
obj=0.766
time=0.644
obj=0.766
time=0.652
obj=0.766
time=0.658
obj=0.764
time=0.668
obj=0.762
time=0.673
obj=0.761
time=0.679
obj=0.761
time=0.685
obj=0.760
time=0.693
obj=0.758
time=0.700
obj=0.758
time=0.707
obj=0.757
time=0.713
obj=0.757
time=0.719
obj=0.754
time=0.726
obj=0.754
time=0.734
obj=0.754
time=0.744
obj=0.750
time=0.752
obj=0.750
time=0.757
obj=0.750
time=0.763
obj=0.750
time=0.769
obj=0.748
time=0.776
obj=0.746
time=0.783
obj=0.745
time=0.791
obj=0.745
time=0.798
obj=0.742
time=0.806
obj=0.742
time=0.811
obj=0.740
time=0.819
obj=0.736
time=0.825
obj=0.736
time=0.830
obj=0.736
time=0.838
obj=0.736
time=0.845
obj=0.735
time=0.853
obj=0.735
time=0.859
obj=0.734
time=0.864
obj=0.733
time=0.870
obj=0.727
time=0.877
obj=0.727
time=0.882
obj=0.727
time=0.889
obj=0.724
time=0.895
obj=0.724
time=0.901
obj=0.721
time=0.909
obj=0.720
time=0.916
obj=0.720
time=0.923
obj=0.718
time=0.929
obj=0.717
time=0.935
obj=0.715
time=0.943
obj=0.712
time=0.948
obj=0.711
time=0.954
obj=0.711
time=0.960
obj=0.708
time=0.966
obj=0.707
time=0.972
obj=0.705
time=0.978
obj=0.704
time=0.988
obj=0.704
time=0.997
obj=0.700
time=1.003
obj=0.699
time=1.012
obj=0.699
time=1.019
obj=0.698
time=1.024
obj=0.698
time=1.031
obj=0.697
time=1.039
obj=0.689
time=1.045
obj=0.689
time=1.052
obj=0.686
time=1.059
obj=0.686
time=1.065
obj=0.685
time=1.072
obj=0.684
time=1.079
obj=0.684
time=1.084
obj=0.683
time=1.090
obj=0.681
time=1.102
obj=0.680
time=1.110
obj=0.680
time=1.117
obj=0.678
time=1.124
obj=0.678
time=1.129
obj=0.677
time=1.138
obj=0.677
time=1.144
obj=0.674
time=1.152
obj=0.673
time=1.163
obj=0.671
time=1.174
obj=0.670
time=1.179
obj=0.669
time=1.187
obj=0.669
time=1.193
obj=0.668
time=1.200
obj=0.667
time=1.206
obj=0.666
time=1.215
obj=0.665
time=1.220
obj=0.663
time=1.227
obj=0.663
time=1.233
obj=0.663
time=1.239
obj=0.662
time=1.245
obj=0.661
time=1.254
obj=0.661
time=1.259
obj=0.660
time=1.269
obj=0.659
time=1.275
obj=0.658
time=1.280
obj=0.657
time=1.289
obj=0.657
time=1.297
obj=0.655
time=1.306
obj=0.655
time=1.311
obj=0.653
time=1.318
obj=0.653
time=1.327
obj=0.651
time=1.335
obj=0.651
time=1.341
obj=0.650
time=1.348
obj=0.648
time=1.354
obj=0.648
time=1.361
obj=0.647
time=1.369
obj=0.646
time=1.377
obj=0.645
time=1.382
obj=0.644
time=1.394
obj=0.642
time=1.401
obj=0.641
time=1.408
obj=0.640
time=1.414
obj=0.639
time=1.426
obj=0.638
time=1.437
obj=0.638
time=1.446
obj=0.638
time=1.452
obj=0.637
time=1.458
obj=0.637
time=1.464
obj=0.637
time=1.474
obj=0.636
time=1.483
obj=0.636
time=1.494
obj=0.636
time=1.500
obj=0.635
time=1.507
obj=0.633
time=1.513
obj=0.632
time=1.521
obj=0.632
time=1.526
obj=0.631
time=1.533
obj=0.630
time=1.545
obj=0.628
time=1.553
obj=0.628
time=1.559
obj=0.628
time=1.566
obj=0.628
time=1.571
obj=0.628
time=1.580
obj=0.627
time=1.595
obj=0.626
time=1.606
obj=0.626
time=1.622
obj=0.626
time=1.632
obj=0.624
time=1.643
obj=0.624
time=1.651
obj=0.624
time=1.663
obj=0.624
time=1.673
obj=0.623
time=1.685
obj=0.622
time=1.691
obj=0.622
time=1.703
obj=0.622
time=1.709
obj=0.622
time=1.719
obj=0.622
time=1.727
obj=0.621
time=1.734
obj=0.619
time=1.743
obj=0.618
time=1.748
obj=0.617
time=1.754
obj=0.617
time=1.773
obj=0.616
time=1.779
obj=0.616
time=1.790
obj=0.615
time=1.801
obj=0.615
time=1.813
obj=0.615
time=1.829
obj=0.614
time=1.835
obj=0.612
time=1.845
obj=0.611
time=1.853
obj=0.611
time=1.867
obj=0.610
time=1.877
obj=0.610
time=1.883
obj=0.610
time=2.027
obj=0.610
time=2.035
obj=0.609
time=2.040
obj=0.609
time=2.056
obj=0.608
time=2.066
obj=0.607
time=2.085
obj=0.607
time=2.091
obj=0.606
time=2.102
obj=0.606
time=2.110
obj=0.605
time=2.134
obj=0.604
time=2.145
obj=0.604
time=2.155
obj=0.604
time=2.162
obj=0.601
time=2.171
obj=0.601
time=2.176
obj=0.601
time=2.216
obj=0.599
time=2.225
obj=0.599
time=2.236
obj=0.599
time=2.241
obj=0.598
time=2.248
obj=0.597
time=2.260
obj=0.596
time=2.266
obj=0.596
time=2.272
obj=0.595
time=2.288
obj=0.594
time=2.312
obj=0.594
time=2.325
obj=0.592
time=2.331
obj=0.590
time=2.361
obj=0.588
time=2.366
obj=0.587
time=2.381
obj=0.587
time=2.386
obj=0.585
time=3.887
obj=0.585
time=3.898
obj=0.585
time=3.908
obj=0.585
time=3.927
obj=0.584
time=3.932
obj=0.582
time=7.635
obj=0.582
time=14.038
obj=0.582
time=14.057
obj=0.582
time=14.076
obj=0.581
time=18.957
obj=0.581
time=18.961
obj=0.580
time=18.966
obj=0.580
time=18.980
obj=0.579
time=18.992
obj=0.579
time=18.997
obj=0.579
time=19.001
obj=0.577
time=19.012
obj=0.576
time=19.028
obj=0.576
time=19.037
obj=0.575
time=21.428
obj=0.575
time=21.435
obj=0.575
time=21.463
obj=0.575
c real margin = 0.425
