buffers=24
windows=80
args generated-large/239.txt 12345 1
original_lb=0.239
time=0.187
obj=0.923
time=0.221
obj=0.892
time=0.226
obj=0.891
time=0.232
obj=0.886
time=0.238
obj=0.878
time=0.243
obj=0.867
time=0.249
obj=0.861
time=0.254
obj=0.854
time=0.260
obj=0.839
time=0.265
obj=0.827
time=0.271
obj=0.825
time=0.276
obj=0.821
time=0.282
obj=0.814
time=0.287
obj=0.808
time=0.293
obj=0.808
time=0.300
obj=0.793
time=0.306
obj=0.788
time=0.314
obj=0.775
time=0.320
obj=0.763
time=0.326
obj=0.763
time=0.332
obj=0.760
time=0.338
obj=0.760
time=0.344
obj=0.752
time=0.350
obj=0.752
time=0.355
obj=0.748
time=0.361
obj=0.742
time=0.367
obj=0.728
time=0.373
obj=0.724
time=0.379
obj=0.722
time=0.385
obj=0.713
time=0.391
obj=0.712
time=0.397
obj=0.707
time=0.402
obj=0.702
time=0.408
obj=0.700
time=0.413
obj=0.697
time=0.420
obj=0.696
time=0.428
obj=0.696
time=0.433
obj=0.695
time=0.439
obj=0.694
time=0.445
obj=0.691
time=0.451
obj=0.690
time=0.457
obj=0.684
time=0.463
obj=0.680
time=0.470
obj=0.678
time=0.476
obj=0.676
time=0.483
obj=0.676
time=0.490
obj=0.674
time=0.496
obj=0.674
time=0.503
obj=0.673
time=0.511
obj=0.672
time=0.518
obj=0.667
time=0.524
obj=0.665
time=0.531
obj=0.664
time=0.537
obj=0.664
time=0.543
obj=0.660
time=0.548
obj=0.656
time=0.557
obj=0.654
time=0.563
obj=0.653
time=0.571
obj=0.652
time=0.577
obj=0.648
time=0.585
obj=0.645
time=0.593
obj=0.645
time=0.599
obj=0.645
time=0.605
obj=0.643
time=0.611
obj=0.643
time=0.616
obj=0.642
time=0.622
obj=0.642
time=0.628
obj=0.638
time=0.635
obj=0.635
time=0.641
obj=0.633
time=0.647
obj=0.631
time=0.656
obj=0.629
time=0.661
obj=0.626
time=0.667
obj=0.622
time=0.675
obj=0.620
time=0.682
obj=0.618
time=0.689
obj=0.618
time=0.696
obj=0.618
time=0.704
obj=0.618
time=0.710
obj=0.617
time=0.715
obj=0.617
time=0.722
obj=0.615
time=0.729
obj=0.615
time=0.735
obj=0.614
time=0.740
obj=0.612
time=0.750
obj=0.609
time=0.759
obj=0.607
time=0.765
obj=0.603
time=0.775
obj=0.603
time=0.780
obj=0.602
time=0.788
obj=0.602
time=0.794
obj=0.593
time=0.803
obj=0.590
time=0.812
obj=0.589
time=0.818
obj=0.589
time=0.828
obj=0.586
time=0.837
obj=0.584
time=0.842
obj=0.583
time=0.855
obj=0.581
time=0.867
obj=0.580
time=0.873
obj=0.579
time=0.880
obj=0.576
time=0.887
obj=0.576
time=0.893
obj=0.576
time=0.900
obj=0.575
time=0.913
obj=0.574
time=0.924
obj=0.571
time=0.941
obj=0.570
time=0.946
obj=0.568
time=0.959
obj=0.567
time=0.965
obj=0.567
time=0.971
obj=0.567
time=0.977
obj=0.566
time=0.983
obj=0.563
time=0.989
obj=0.561
time=0.995
obj=0.559
time=1.006
obj=0.559
time=1.012
obj=0.557
time=1.040
obj=0.557
time=1.046
obj=0.555
time=1.229
obj=0.554
time=1.235
obj=0.552
time=1.241
obj=0.552
time=1.249
obj=0.552
time=1.256
obj=0.552
time=1.262
obj=0.549
time=1.643
obj=0.549
time=1.727
obj=0.548
time=1.733
obj=0.548
time=1.750
obj=0.548
time=1.755
obj=0.545
time=1.762
obj=0.544
time=1.768
obj=0.543
time=1.779
obj=0.542
time=1.786
obj=0.542
time=1.791
obj=0.540
time=1.798
obj=0.540
time=1.805
obj=0.540
time=1.812
obj=0.539
time=1.831
obj=0.539
time=2.217
obj=0.539
time=2.224
obj=0.538
time=2.230
obj=0.536
time=2.236
obj=0.536
time=3.728
obj=0.533
time=3.734
obj=0.531
time=4.668
obj=0.530
time=4.677
obj=0.530
time=10.489
obj=0.530
time=11.171
obj=0.528
time=11.178
obj=0.524
time=11.184
obj=0.524
time=11.192
obj=0.522
time=22.789
obj=0.522
time=2700.922
obj=0.522
time=2700.943
obj=0.519
time=2700.948
obj=0.517
time=2700.954
obj=0.517
time=2700.959
obj=0.516
c real margin = 0.484
