buffers=24
windows=60
args generated-large/25.txt 12345 1
original_lb=0.252
time=0.253
obj=0.905
time=0.304
obj=0.899
time=0.315
obj=0.898
time=0.323
obj=0.892
time=0.331
obj=0.885
time=0.348
obj=0.885
time=0.359
obj=0.878
time=0.369
obj=0.878
time=0.377
obj=0.878
time=0.389
obj=0.877
time=0.400
obj=0.873
time=0.418
obj=0.872
time=0.425
obj=0.871
time=0.437
obj=0.866
time=0.451
obj=0.862
time=0.459
obj=0.861
time=0.471
obj=0.854
time=0.480
obj=0.850
time=0.488
obj=0.845
time=0.506
obj=0.844
time=0.519
obj=0.842
time=0.527
obj=0.842
time=0.536
obj=0.842
time=0.545
obj=0.840
time=0.554
obj=0.836
time=0.572
obj=0.835
time=0.581
obj=0.835
time=0.590
obj=0.834
time=0.600
obj=0.832
time=0.611
obj=0.830
time=0.626
obj=0.828
time=0.640
obj=0.828
time=0.653
obj=0.827
time=0.663
obj=0.826
time=0.671
obj=0.825
time=0.679
obj=0.825
time=0.695
obj=0.816
time=0.703
obj=0.816
time=0.722
obj=0.813
time=0.736
obj=0.812
time=0.745
obj=0.811
time=0.756
obj=0.807
time=0.765
obj=0.803
time=0.779
obj=0.800
time=0.800
obj=0.798
time=0.823
obj=0.797
time=0.831
obj=0.797
time=0.840
obj=0.796
time=0.859
obj=0.789
time=0.871
obj=0.789
time=0.881
obj=0.784
time=0.894
obj=0.784
time=0.906
obj=0.782
time=0.929
obj=0.779
time=0.944
obj=0.778
time=0.953
obj=0.771
time=0.964
obj=0.771
time=0.980
obj=0.770
time=0.988
obj=0.768
time=1.002
obj=0.766
time=1.019
obj=0.766
time=1.032
obj=0.765
time=1.039
obj=0.764
time=1.048
obj=0.763
time=1.070
obj=0.763
time=1.078
obj=0.761
time=1.087
obj=0.758
time=1.095
obj=0.754
time=1.104
obj=0.754
time=1.122
obj=0.751
time=1.135
obj=0.751
time=1.159
obj=0.750
time=1.167
obj=0.750
time=1.178
obj=0.750
time=1.199
obj=0.749
time=1.222
obj=0.748
time=1.237
obj=0.748
time=1.256
obj=0.746
time=1.272
obj=0.746
time=1.286
obj=0.745
time=1.315
obj=0.745
time=1.325
obj=0.745
time=1.333
obj=0.743
time=1.345
obj=0.742
time=1.353
obj=0.742
time=1.372
obj=0.741
time=1.386
obj=0.739
time=1.395
obj=0.739
time=1.410
obj=0.738
time=1.418
obj=0.737
time=1.438
obj=0.733
time=1.448
obj=0.732
time=1.460
obj=0.731
time=1.481
obj=0.729
time=1.504
obj=0.725
time=1.524
obj=0.724
time=1.544
obj=0.724
time=1.568
obj=0.722
time=1.583
obj=0.721
time=1.595
obj=0.721
time=1.616
obj=0.719
time=1.639
obj=0.718
time=1.647
obj=0.717
time=1.657
obj=0.717
time=1.676
obj=0.717
time=1.705
obj=0.716
time=1.718
obj=0.716
time=1.726
obj=0.716
time=1.747
obj=0.715
time=1.757
obj=0.714
time=1.763
obj=0.713
time=1.774
obj=0.713
time=1.781
obj=0.713
time=1.802
obj=0.712
time=1.824
obj=0.712
time=1.840
obj=0.712
time=1.859
obj=0.712
time=1.885
obj=0.711
time=1.901
obj=0.711
time=1.909
obj=0.711
time=1.925
obj=0.710
time=1.953
obj=0.710
time=1.970
obj=0.710
time=1.998
obj=0.709
time=2.010
obj=0.708
time=2.030
obj=0.707
time=2.046
obj=0.707
time=2.059
obj=0.706
time=2.086
obj=0.705
time=2.094
obj=0.704
time=2.110
obj=0.703
time=2.131
obj=0.702
time=2.146
obj=0.701
time=2.155
obj=0.698
time=2.172
obj=0.698
time=2.198
obj=0.697
time=2.222
obj=0.695
time=2.242
obj=0.695
time=2.278
obj=0.694
time=2.315
obj=0.694
time=2.367
obj=0.693
time=2.375
obj=0.692
time=2.390
obj=0.691
time=2.403
obj=0.691
time=2.419
obj=0.690
time=2.453
obj=0.689
time=2.487
obj=0.688
time=2.522
obj=0.688
time=2.529
obj=0.687
time=2.572
obj=0.687
time=2.581
obj=0.686
time=2.589
obj=0.686
time=2.633
obj=0.685
time=2.664
obj=0.684
time=2.683
obj=0.683
time=2.728
obj=0.683
time=2.776
obj=0.682
time=2.787
obj=0.681
time=2.797
obj=0.680
time=2.825
obj=0.680
time=2.837
obj=0.679
time=2.870
obj=0.678
time=2.907
obj=0.678
time=2.934
obj=0.677
time=2.963
obj=0.677
time=2.983
obj=0.675
time=2.990
obj=0.675
time=3.020
obj=0.675
time=3.061
obj=0.674
time=3.151
obj=0.674
time=3.199
obj=0.673
time=3.206
obj=0.672
time=3.239
obj=0.672
time=3.336
obj=0.671
time=3.345
obj=0.671
time=3.373
obj=0.670
time=3.438
obj=0.669
time=3.477
obj=0.668
time=3.556
obj=0.668
time=3.618
obj=0.668
time=3.695
obj=0.668
time=3.703
obj=0.667
time=3.711
obj=0.667
time=3.769
obj=0.666
time=3.830
obj=0.666
time=3.867
obj=0.666
time=3.875
obj=0.665
time=3.919
obj=0.665
time=4.014
obj=0.665
time=4.089
obj=0.664
time=4.097
obj=0.664
time=4.171
obj=0.664
time=4.233
obj=0.663
time=4.242
obj=0.663
time=4.250
obj=0.663
time=4.724
obj=0.662
time=4.774
obj=0.661
time=4.782
obj=0.659
time=4.870
obj=0.659
time=4.948
obj=0.659
time=4.955
obj=0.659
time=4.995
obj=0.658
time=5.026
obj=0.658
time=5.082
obj=0.657
time=5.106
obj=0.656
time=5.113
obj=0.656
time=5.210
obj=0.656
time=5.287
obj=0.656
time=5.294
obj=0.655
time=5.354
obj=0.654
time=5.464
obj=0.654
time=5.472
obj=0.654
time=5.625
obj=0.653
time=5.662
obj=0.653
time=5.670
obj=0.652
time=6.560
obj=0.652
time=6.566
obj=0.651
time=6.653
obj=0.651
time=6.661
obj=0.651
time=6.709
obj=0.651
time=6.920
obj=0.651
time=7.388
obj=0.651
time=7.904
obj=0.651
time=8.414
obj=0.651
time=8.559
obj=0.650
time=9.162
obj=0.650
time=9.169
obj=0.649
time=9.177
obj=0.646
time=9.230
obj=0.646
time=13.108
obj=0.646
time=14.014
obj=0.646
time=20.779
obj=0.645
time=20.787
obj=0.645
time=20.923
obj=0.645
time=21.927
obj=0.645
time=21.934
obj=0.644
time=22.785
obj=0.643
time=22.856
obj=0.643
time=22.863
obj=0.642
time=24.100
obj=0.642
time=26.607
obj=0.642
time=26.614
obj=0.641
time=32.268
obj=0.641
time=32.275
obj=0.640
time=36.894
obj=0.640
time=38.921
obj=0.640
time=42.135
obj=0.639
time=42.142
obj=0.638
time=42.846
obj=0.638
time=42.852
obj=0.637
time=52.832
obj=0.637
time=54.010
obj=0.637
time=54.018
obj=0.637
time=54.027
obj=0.636
time=54.039
obj=0.636
time=55.885
obj=0.635
time=55.892
obj=0.635
time=67.217
obj=0.635
time=67.224
obj=0.634
time=87.687
obj=0.633
time=118.785
obj=0.633
time=118.793
obj=0.633
time=143.785
obj=0.632
time=161.944
obj=0.632
time=161.953
obj=0.631
time=163.882
obj=0.630
time=163.889
obj=0.629
time=286.342
obj=0.629
time=351.978
obj=0.629
time=351.985
obj=0.627
time=352.007
obj=0.627
time=880.502
obj=0.627
time=904.113
obj=0.627
time=965.910
obj=0.626
time=965.917
obj=0.626
time=983.180
obj=0.626
time=1007.618
obj=0.626
time=1007.625
obj=0.625
time=1316.433
obj=0.624
time=2124.847
obj=0.624
time=2124.854
obj=0.624
time=2364.774
obj=0.624
time=2364.781
obj=0.624
time=2470.996
obj=0.624
time=2471.003
obj=0.624
time=2471.011
obj=0.624
time=2630.739
obj=0.624
time=3127.773
obj=0.623
c real margin = 0.377
