buffers=24
windows=20
args generated-large/28.txt 12345 1
original_lb=0.251
time=0.156
obj=0.814
time=0.185
obj=0.811
time=0.206
obj=0.806
time=0.219
obj=0.806
time=0.224
obj=0.804
time=0.230
obj=0.804
time=0.249
obj=0.801
time=0.266
obj=0.800
time=0.278
obj=0.798
time=0.284
obj=0.797
time=0.304
obj=0.795
time=0.313
obj=0.795
time=0.322
obj=0.790
time=0.336
obj=0.785
time=0.346
obj=0.780
time=0.361
obj=0.777
time=0.375
obj=0.774
time=0.384
obj=0.774
time=0.393
obj=0.771
time=0.418
obj=0.770
time=0.424
obj=0.768
time=0.447
obj=0.767
time=0.456
obj=0.766
time=0.462
obj=0.763
time=0.487
obj=0.762
time=0.505
obj=0.755
time=0.530
obj=0.754
time=0.536
obj=0.752
time=0.546
obj=0.748
time=0.553
obj=0.745
time=0.592
obj=0.745
time=0.596
obj=0.743
time=0.617
obj=0.742
time=0.653
obj=0.739
time=0.657
obj=0.738
time=0.681
obj=0.735
time=0.726
obj=0.735
time=0.755
obj=0.732
time=0.761
obj=0.731
time=0.776
obj=0.729
time=0.793
obj=0.728
time=0.810
obj=0.728
time=0.837
obj=0.727
time=0.863
obj=0.727
time=0.901
obj=0.726
time=0.939
obj=0.726
time=0.946
obj=0.726
time=0.964
obj=0.725
time=1.046
obj=0.724
time=1.086
obj=0.720
time=1.090
obj=0.719
time=1.124
obj=0.719
time=1.167
obj=0.717
time=1.173
obj=0.717
time=1.182
obj=0.714
time=1.187
obj=0.711
time=1.206
obj=0.709
time=1.212
obj=0.707
time=1.258
obj=0.705
time=1.263
obj=0.705
time=1.282
obj=0.704
time=1.419
obj=0.704
time=1.424
obj=0.701
time=2.326
obj=0.701
time=2.330
obj=0.698
time=2.775
obj=0.698
time=2.779
obj=0.697
time=2.795
obj=0.694
time=3.451
obj=0.694
time=3.455
obj=0.691
time=3.461
obj=0.691
time=3.637
obj=0.690
time=3.914
obj=0.690
time=3.918
obj=0.689
time=4.266
obj=0.687
time=5.247
obj=0.687
time=5.251
obj=0.686
time=8.073
obj=0.686
time=8.077
obj=0.685
time=8.312
obj=0.684
time=8.316
obj=0.684
time=10.489
obj=0.681
time=10.493
obj=0.680
time=10.500
obj=0.679
time=19.983
obj=0.679
time=19.987
obj=0.678
time=37.246
obj=0.676
time=109.316
obj=0.675
time=109.383
obj=0.672
time=255.129
obj=0.672
time=255.133
obj=0.671
time=402.942
obj=0.670
time=423.057
obj=0.669
time=423.061
obj=0.669
time=490.252
obj=0.669
time=920.666
obj=0.668
time=920.670
obj=0.667
c real margin = 0.333
