buffers=16
windows=40
args generated-large/29.txt 12345 1
original_lb=0.262
time=0.084
obj=0.811
time=0.100
obj=0.775
time=0.109
obj=0.759
time=0.114
obj=0.758
time=0.118
obj=0.748
time=0.124
obj=0.738
time=0.127
obj=0.735
time=0.133
obj=0.721
time=0.136
obj=0.711
time=0.143
obj=0.710
time=0.146
obj=0.710
time=0.151
obj=0.708
time=0.154
obj=0.706
time=0.163
obj=0.705
time=0.167
obj=0.701
time=0.172
obj=0.697
time=0.176
obj=0.695
time=0.183
obj=0.690
time=0.191
obj=0.690
time=0.199
obj=0.688
time=0.206
obj=0.688
time=0.210
obj=0.678
time=0.218
obj=0.674
time=0.221
obj=0.672
time=0.224
obj=0.668
time=0.230
obj=0.666
time=0.233
obj=0.653
time=0.236
obj=0.650
time=0.242
obj=0.649
time=0.253
obj=0.646
time=0.260
obj=0.643
time=0.270
obj=0.642
time=0.280
obj=0.639
time=0.288
obj=0.639
time=0.297
obj=0.638
time=0.301
obj=0.632
time=0.305
obj=0.630
time=0.317
obj=0.628
time=0.323
obj=0.624
time=0.329
obj=0.624
time=0.333
obj=0.621
time=0.341
obj=0.619
time=0.350
obj=0.618
time=0.355
obj=0.616
time=0.366
obj=0.613
time=0.378
obj=0.611
time=0.390
obj=0.610
time=0.398
obj=0.608
time=0.403
obj=0.608
time=0.417
obj=0.607
time=0.422
obj=0.605
time=0.427
obj=0.603
time=0.438
obj=0.598
time=0.443
obj=0.597
time=0.456
obj=0.592
time=0.462
obj=0.592
time=0.468
obj=0.590
time=0.473
obj=0.587
time=0.485
obj=0.587
time=0.495
obj=0.584
time=0.514
obj=0.583
time=0.517
obj=0.583
time=0.530
obj=0.583
time=0.547
obj=0.582
time=0.559
obj=0.582
time=0.569
obj=0.577
time=0.580
obj=0.573
time=0.594
obj=0.571
time=0.601
obj=0.568
time=0.606
obj=0.567
time=0.622
obj=0.567
time=0.628
obj=0.564
time=0.637
obj=0.563
time=0.653
obj=0.563
time=0.657
obj=0.561
time=0.678
obj=0.561
time=0.694
obj=0.561
time=0.717
obj=0.559
time=0.724
obj=0.559
time=0.729
obj=0.558
time=0.752
obj=0.557
time=0.755
obj=0.557
time=0.767
obj=0.556
time=0.784
obj=0.555
time=0.787
obj=0.554
time=0.805
obj=0.553
time=0.815
obj=0.552
time=0.819
obj=0.551
time=0.845
obj=0.551
time=0.853
obj=0.550
time=0.865
obj=0.550
time=0.873
obj=0.550
time=0.880
obj=0.549
time=0.898
obj=0.546
time=0.915
obj=0.545
time=0.948
obj=0.543
time=1.068
obj=0.541
time=1.078
obj=0.539
time=1.193
obj=0.538
time=1.197
obj=0.538
time=1.211
obj=0.538
time=1.218
obj=0.537
time=1.222
obj=0.537
time=1.239
obj=0.536
time=1.243
obj=0.536
time=1.364
obj=0.536
time=1.369
obj=0.536
time=1.491
obj=0.536
time=1.507
obj=0.534
time=1.668
obj=0.533
time=1.671
obj=0.533
time=1.688
obj=0.533
time=1.702
obj=0.529
time=1.712
obj=0.529
time=1.715
obj=0.529
time=2.294
obj=0.527
time=2.357
obj=0.526
time=2.360
obj=0.526
time=2.371
obj=0.526
time=2.385
obj=0.526
time=4.337
obj=0.525
time=4.340
obj=0.525
time=5.156
obj=0.524
time=5.159
obj=0.524
time=5.163
obj=0.522
time=8.006
obj=0.522
time=8.009
obj=0.519
time=9.130
obj=0.516
time=134.037
obj=0.516
time=264.963
obj=0.516
time=264.965
obj=0.515
time=382.886
obj=0.515
time=386.226
obj=0.514
time=410.576
obj=0.514
time=410.579
obj=0.514
time=410.582
obj=0.513
time=463.842
obj=0.512
c real margin = 0.488
