buffers=8
windows=40
args generated-large/3.txt 12345 1
original_lb=0.196
time=0.016
obj=0.817
time=0.020
obj=0.809
time=0.021
obj=0.788
time=0.022
obj=0.778
time=0.023
obj=0.775
time=0.024
obj=0.706
time=0.025
obj=0.661
time=0.026
obj=0.657
time=0.027
obj=0.640
time=0.028
obj=0.635
time=0.030
obj=0.619
time=0.031
obj=0.616
time=0.032
obj=0.613
time=0.033
obj=0.611
time=0.034
obj=0.610
time=0.035
obj=0.593
time=0.037
obj=0.582
time=0.039
obj=0.581
time=0.040
obj=0.579
time=0.042
obj=0.578
time=0.043
obj=0.568
time=0.045
obj=0.567
time=0.046
obj=0.557
time=0.047
obj=0.556
time=0.049
obj=0.545
time=0.051
obj=0.540
time=0.052
obj=0.539
time=0.055
obj=0.538
time=0.057
obj=0.528
time=0.058
obj=0.526
time=0.090
obj=0.526
time=0.117
obj=0.526
time=0.118
obj=0.526
time=0.119
obj=0.522
time=0.121
obj=0.522
time=0.126
obj=0.521
time=0.128
obj=0.521
time=0.131
obj=0.520
time=0.132
obj=0.514
time=0.312
obj=0.514
time=0.360
obj=0.514
time=0.982
obj=0.513
time=0.984
obj=0.510
time=0.985
obj=0.510
time=1.065
obj=0.505
time=1.461
obj=0.505
time=1.723
obj=0.505
time=2.200
obj=0.498
time=2.201
obj=0.497
time=2.657
obj=0.496
time=5.051
obj=0.496
time=7.705
obj=0.494
time=7.706
obj=0.493
time=38.136
obj=0.492
time=42.973
obj=0.490
time=111.920
obj=0.489
time=1649.872
obj=0.488
time=1928.373
obj=0.487
time=2844.668
obj=0.486
time=3200.046
obj=0.486
time=3200.047
obj=0.486
time=3200.048
obj=0.485
time=3200.049
obj=0.484
time=3215.256
obj=0.483
time=3215.257
obj=0.482
c real margin = 0.518
