buffers=16
windows=80
args generated-large/32.txt 12345 1
original_lb=0.249
time=0.057
obj=1.063
time=0.061
obj=1.055
time=0.098
obj=1.054
time=0.100
obj=1.052
time=0.108
obj=1.050
time=0.110
obj=1.050
time=0.113
obj=1.049
time=0.119
obj=1.049
time=0.122
obj=1.048
time=0.126
obj=1.048
time=0.131
obj=1.047
time=0.136
obj=1.047
time=0.138
obj=1.046
time=0.144
obj=1.045
time=0.147
obj=1.044
time=0.154
obj=1.044
time=0.159
obj=1.042
time=0.165
obj=1.041
time=0.177
obj=1.041
time=0.186
obj=1.041
time=0.188
obj=1.041
time=0.190
obj=1.040
time=0.193
obj=1.038
time=0.201
obj=1.038
time=0.203
obj=1.037
time=0.208
obj=1.036
time=0.221
obj=1.035
time=0.223
obj=1.013
time=0.226
obj=1.011
time=0.229
obj=1.005
time=0.232
obj=1.003
time=0.236
obj=1.003
time=0.239
obj=1.001
time=0.243
obj=1.000
time=0.247
obj=0.998
time=0.250
obj=0.998
time=0.253
obj=0.996
time=0.255
obj=0.995
time=0.260
obj=0.994
time=0.262
obj=0.991
time=0.266
obj=0.990
time=0.271
obj=0.988
time=0.276
obj=0.988
time=0.281
obj=0.985
time=0.284
obj=0.985
time=0.288
obj=0.984
time=0.290
obj=0.982
time=0.292
obj=0.979
time=0.297
obj=0.978
time=0.300
obj=0.972
time=0.303
obj=0.970
time=0.305
obj=0.967
time=0.309
obj=0.967
time=0.314
obj=0.967
time=0.318
obj=0.966
time=0.322
obj=0.965
time=0.325
obj=0.964
time=0.331
obj=0.960
time=0.335
obj=0.959
time=0.339
obj=0.957
time=0.344
obj=0.956
time=0.347
obj=0.955
time=0.353
obj=0.955
time=0.355
obj=0.952
time=0.362
obj=0.951
time=0.367
obj=0.949
time=0.372
obj=0.948
time=0.377
obj=0.945
time=0.383
obj=0.945
time=0.386
obj=0.944
time=0.390
obj=0.943
time=0.396
obj=0.942
time=0.404
obj=0.941
time=0.407
obj=0.941
time=0.412
obj=0.940
time=0.417
obj=0.939
time=0.419
obj=0.935
time=0.426
obj=0.935
time=0.430
obj=0.934
time=0.435
obj=0.933
time=0.440
obj=0.933
time=0.445
obj=0.931
time=0.448
obj=0.931
time=0.450
obj=0.931
time=0.456
obj=0.931
time=0.460
obj=0.931
time=0.463
obj=0.929
time=0.467
obj=0.929
time=0.470
obj=0.928
time=0.472
obj=0.927
time=0.475
obj=0.926
time=0.481
obj=0.924
time=0.485
obj=0.924
time=0.487
obj=0.924
time=0.490
obj=0.923
time=0.496
obj=0.920
time=0.502
obj=0.920
time=0.505
obj=0.919
time=0.512
obj=0.919
time=0.520
obj=0.918
time=0.524
obj=0.918
time=0.532
obj=0.917
time=0.541
obj=0.916
time=0.543
obj=0.915
time=0.549
obj=0.915
time=0.552
obj=0.913
time=0.559
obj=0.912
time=0.566
obj=0.912
time=0.568
obj=0.912
time=0.573
obj=0.911
time=0.580
obj=0.910
time=0.588
obj=0.910
time=0.592
obj=0.909
time=0.602
obj=0.908
time=0.607
obj=0.907
time=0.616
obj=0.904
time=0.633
obj=0.904
time=0.635
obj=0.903
time=0.640
obj=0.902
time=0.642
obj=0.899
time=0.653
obj=0.898
time=0.667
obj=0.897
time=0.669
obj=0.897
time=0.678
obj=0.896
time=0.694
obj=0.895
time=0.696
obj=0.894
time=0.716
obj=0.894
time=0.751
obj=0.894
time=0.761
obj=0.893
time=0.764
obj=0.892
time=0.775
obj=0.889
time=0.789
obj=0.889
time=0.791
obj=0.889
time=0.801
obj=0.888
time=0.824
obj=0.888
time=0.853
obj=0.888
time=0.856
obj=0.888
time=0.941
obj=0.887
time=0.943
obj=0.887
time=0.960
obj=0.887
time=0.962
obj=0.886
time=0.981
obj=0.886
time=0.983
obj=0.886
time=0.993
obj=0.885
time=1.108
obj=0.885
time=1.116
obj=0.884
time=1.289
obj=0.884
time=1.291
obj=0.883
time=1.306
obj=0.883
time=1.315
obj=0.883
time=1.416
obj=0.883
time=1.434
obj=0.883
time=1.436
obj=0.880
time=1.452
obj=0.878
time=2.039
obj=0.878
time=2.041
obj=0.877
time=2.294
obj=0.877
time=2.295
obj=0.874
time=2.563
obj=0.874
time=2.854
obj=0.874
time=2.855
obj=0.873
time=3.132
obj=0.872
time=3.134
obj=0.872
time=3.589
obj=0.872
time=4.360
obj=0.872
time=4.362
obj=0.872
time=4.978
obj=0.872
time=7.012
obj=0.872
time=7.027
obj=0.871
time=7.091
obj=0.871
time=7.182
obj=0.869
time=7.184
obj=0.866
time=7.538
obj=0.866
time=8.514
obj=0.866
time=11.092
obj=0.865
time=11.453
obj=0.864
time=11.462
obj=0.864
time=12.673
obj=0.864
time=13.026
obj=0.864
time=13.028
obj=0.864
time=13.033
obj=0.863
time=13.035
obj=0.861
time=17.456
obj=0.860
time=25.844
obj=0.860
time=42.851
obj=0.860
time=42.853
obj=0.859
time=52.162
obj=0.859
time=52.167
obj=0.858
time=155.422
obj=0.858
time=155.424
obj=0.856
time=162.773
obj=0.856
time=162.775
obj=0.855
time=172.001
obj=0.855
time=172.003
obj=0.855
time=218.601
obj=0.854
time=218.615
obj=0.854
time=255.763
obj=0.853
time=286.197
obj=0.853
time=330.498
obj=0.851
time=330.499
obj=0.851
time=680.448
obj=0.850
time=1429.846
obj=0.850
time=1429.848
obj=0.849
time=1605.945
obj=0.849
c real margin = 0.151
