buffers=24
windows=40
args generated-large/33.txt 12345 1
original_lb=0.276
time=0.143
obj=0.918
time=0.165
obj=0.918
time=0.168
obj=0.915
time=0.175
obj=0.914
time=0.178
obj=0.909
time=0.183
obj=0.908
time=0.187
obj=0.907
time=0.191
obj=0.905
time=0.194
obj=0.904
time=0.201
obj=0.899
time=0.205
obj=0.895
time=0.208
obj=0.891
time=0.212
obj=0.891
time=0.217
obj=0.889
time=0.224
obj=0.885
time=0.229
obj=0.884
time=0.233
obj=0.882
time=0.239
obj=0.882
time=0.245
obj=0.869
time=0.253
obj=0.868
time=0.259
obj=0.868
time=0.263
obj=0.864
time=0.270
obj=0.863
time=0.275
obj=0.860
time=0.281
obj=0.859
time=0.289
obj=0.859
time=0.293
obj=0.857
time=0.297
obj=0.857
time=0.302
obj=0.853
time=0.308
obj=0.847
time=0.312
obj=0.843
time=0.317
obj=0.840
time=0.322
obj=0.838
time=0.327
obj=0.833
time=0.332
obj=0.831
time=0.338
obj=0.823
time=0.347
obj=0.821
time=0.354
obj=0.819
time=0.361
obj=0.817
time=0.367
obj=0.811
time=0.377
obj=0.811
time=0.381
obj=0.809
time=0.387
obj=0.806
time=0.396
obj=0.806
time=0.402
obj=0.805
time=0.408
obj=0.800
time=0.414
obj=0.799
time=0.420
obj=0.796
time=0.426
obj=0.795
time=0.435
obj=0.795
time=0.439
obj=0.793
time=0.446
obj=0.791
time=0.452
obj=0.791
time=0.457
obj=0.790
time=0.463
obj=0.789
time=0.467
obj=0.788
time=0.473
obj=0.783
time=0.481
obj=0.778
time=0.492
obj=0.777
time=0.499
obj=0.776
time=0.505
obj=0.776
time=0.516
obj=0.769
time=0.529
obj=0.767
time=0.534
obj=0.767
time=0.545
obj=0.766
time=0.553
obj=0.758
time=0.572
obj=0.756
time=0.582
obj=0.755
time=0.586
obj=0.754
time=0.599
obj=0.752
time=0.613
obj=0.750
time=0.626
obj=0.749
time=0.649
obj=0.748
time=0.662
obj=0.748
time=0.674
obj=0.747
time=0.694
obj=0.745
time=0.700
obj=0.745
time=0.706
obj=0.745
time=0.710
obj=0.745
time=0.718
obj=0.741
time=0.735
obj=0.741
time=0.743
obj=0.741
time=0.758
obj=0.740
time=0.808
obj=0.740
time=0.811
obj=0.739
time=0.936
obj=0.739
time=0.949
obj=0.733
time=0.952
obj=0.731
time=0.956
obj=0.730
time=0.972
obj=0.729
time=0.975
obj=0.729
time=1.006
obj=0.729
time=1.009
obj=0.726
time=1.014
obj=0.724
time=1.143
obj=0.723
time=1.250
obj=0.723
time=1.262
obj=0.723
time=1.285
obj=0.720
time=1.409
obj=0.720
time=1.430
obj=0.720
time=1.433
obj=0.719
time=1.450
obj=0.718
time=1.577
obj=0.717
time=1.815
obj=0.717
time=1.818
obj=0.715
time=1.822
obj=0.712
time=2.026
obj=0.712
time=2.032
obj=0.711
time=2.337
obj=0.711
time=2.350
obj=0.710
time=3.129
obj=0.708
time=3.463
obj=0.708
time=4.876
obj=0.708
time=5.939
obj=0.707
time=7.938
obj=0.706
time=7.941
obj=0.705
time=7.945
obj=0.704
time=7.958
obj=0.704
time=7.979
obj=0.702
time=12.274
obj=0.702
time=14.346
obj=0.701
time=22.279
obj=0.700
time=23.269
obj=0.700
time=25.089
obj=0.698
time=74.076
obj=0.698
time=123.347
obj=0.697
time=123.350
obj=0.694
time=1007.322
obj=0.693
c real margin = 0.307
