buffers=16
windows=20
args generated-large/36.txt 12345 1
original_lb=0.237
time=0.048
obj=0.594
time=0.058
obj=0.587
time=0.060
obj=0.460
time=0.063
obj=0.447
time=0.066
obj=0.445
time=0.068
obj=0.445
time=0.071
obj=0.444
time=0.074
obj=0.429
time=0.076
obj=0.417
time=0.079
obj=0.411
time=0.082
obj=0.408
time=0.086
obj=0.405
time=0.088
obj=0.404
time=0.091
obj=0.401
time=0.094
obj=0.398
time=0.098
obj=0.392
time=0.100
obj=0.388
time=0.110
obj=0.385
time=0.116
obj=0.380
time=0.118
obj=0.378
time=0.124
obj=0.378
time=0.127
obj=0.370
time=0.130
obj=0.369
time=0.139
obj=0.366
time=0.142
obj=0.365
time=0.145
obj=0.363
time=0.148
obj=0.355
time=0.150
obj=0.350
time=0.156
obj=0.345
time=0.159
obj=0.343
time=0.161
obj=0.337
time=0.165
obj=0.336
time=0.182
obj=0.336
time=0.185
obj=0.335
time=0.203
obj=0.334
time=0.205
obj=0.329
time=0.272
obj=0.327
time=0.402
obj=0.327
time=0.407
obj=0.327
time=0.409
obj=0.323
time=0.412
obj=0.322
time=0.460
obj=0.321
c real margin = 0.679
