buffers=24
windows=80
args generated-large/37.txt 12345 1
original_lb=0.204
time=0.190
obj=1.028
time=0.225
obj=1.027
time=0.231
obj=1.026
time=0.236
obj=1.022
time=0.241
obj=1.010
time=0.249
obj=1.005
time=0.255
obj=1.004
time=0.259
obj=1.002
time=0.264
obj=1.001
time=0.270
obj=0.998
time=0.277
obj=0.992
time=0.282
obj=0.990
time=0.288
obj=0.988
time=0.296
obj=0.987
time=0.301
obj=0.985
time=0.308
obj=0.983
time=0.313
obj=0.978
time=0.320
obj=0.975
time=0.325
obj=0.975
time=0.330
obj=0.974
time=0.334
obj=0.974
time=0.341
obj=0.972
time=0.345
obj=0.968
time=0.351
obj=0.965
time=0.357
obj=0.964
time=0.367
obj=0.964
time=0.371
obj=0.963
time=0.377
obj=0.959
time=0.382
obj=0.957
time=0.386
obj=0.954
time=0.392
obj=0.954
time=0.398
obj=0.952
time=0.405
obj=0.948
time=0.415
obj=0.947
time=0.421
obj=0.946
time=0.429
obj=0.945
time=0.440
obj=0.944
time=0.449
obj=0.944
time=0.457
obj=0.942
time=0.467
obj=0.941
time=0.471
obj=0.941
time=0.476
obj=0.941
time=0.486
obj=0.941
time=0.491
obj=0.938
time=0.498
obj=0.937
time=0.503
obj=0.936
time=0.508
obj=0.933
time=0.513
obj=0.932
time=0.519
obj=0.929
time=0.524
obj=0.927
time=0.533
obj=0.927
time=0.539
obj=0.924
time=0.543
obj=0.923
time=0.548
obj=0.921
time=0.555
obj=0.920
time=0.563
obj=0.919
time=0.576
obj=0.918
time=0.582
obj=0.917
time=0.587
obj=0.917
time=0.592
obj=0.917
time=0.599
obj=0.916
time=0.610
obj=0.916
time=0.619
obj=0.915
time=0.625
obj=0.915
time=0.635
obj=0.914
time=0.643
obj=0.912
time=0.647
obj=0.912
time=0.658
obj=0.908
time=0.663
obj=0.902
time=0.668
obj=0.901
time=0.674
obj=0.901
time=0.682
obj=0.900
time=0.687
obj=0.900
time=0.692
obj=0.899
time=0.701
obj=0.896
time=0.707
obj=0.894
time=0.715
obj=0.893
time=0.724
obj=0.892
time=0.730
obj=0.892
time=0.740
obj=0.891
time=0.749
obj=0.891
time=0.755
obj=0.890
time=0.763
obj=0.889
time=0.770
obj=0.887
time=0.780
obj=0.885
time=0.785
obj=0.884
time=0.795
obj=0.884
time=0.800
obj=0.883
time=0.813
obj=0.883
time=0.818
obj=0.882
time=0.829
obj=0.881
time=0.835
obj=0.879
time=0.845
obj=0.877
time=0.856
obj=0.876
time=0.861
obj=0.873
time=0.866
obj=0.872
time=0.882
obj=0.871
time=0.893
obj=0.870
time=0.908
obj=0.869
time=0.913
obj=0.869
time=0.921
obj=0.868
time=0.926
obj=0.868
time=0.931
obj=0.867
time=0.944
obj=0.867
time=0.950
obj=0.865
time=0.958
obj=0.865
time=0.964
obj=0.864
time=0.975
obj=0.863
time=0.994
obj=0.862
time=1.001
obj=0.862
time=1.024
obj=0.860
time=1.030
obj=0.859
time=1.036
obj=0.857
time=1.041
obj=0.856
time=1.065
obj=0.855
time=1.069
obj=0.854
time=1.089
obj=0.853
time=1.095
obj=0.853
time=1.102
obj=0.852
time=1.196
obj=0.851
time=1.214
obj=0.851
time=1.225
obj=0.847
time=1.232
obj=0.846
time=1.330
obj=0.843
time=1.337
obj=0.842
time=1.359
obj=0.841
time=1.372
obj=0.840
time=1.377
obj=0.838
time=1.390
obj=0.838
time=1.486
obj=0.837
time=1.494
obj=0.836
time=1.512
obj=0.835
time=1.706
obj=0.835
time=1.713
obj=0.835
time=1.721
obj=0.831
time=1.735
obj=0.830
time=1.743
obj=0.828
time=1.750
obj=0.828
time=1.754
obj=0.827
time=2.040
obj=0.827
time=2.045
obj=0.827
time=3.244
obj=0.826
time=3.250
obj=0.826
time=3.334
obj=0.826
time=3.337
obj=0.825
time=3.901
obj=0.823
time=3.915
obj=0.822
time=4.573
obj=0.821
time=4.578
obj=0.811
time=4.585
obj=0.810
time=4.592
obj=0.810
time=4.964
obj=0.810
time=7.871
obj=0.810
time=7.884
obj=0.809
time=7.887
obj=0.808
time=11.156
obj=0.807
time=11.174
obj=0.807
time=11.177
obj=0.807
time=11.181
obj=0.806
time=16.529
obj=0.806
time=17.188
obj=0.805
time=17.192
obj=0.805
time=18.569
obj=0.802
time=24.794
obj=0.801
time=24.797
obj=0.799
time=44.176
obj=0.798
time=44.180
obj=0.796
time=49.465
obj=0.794
time=88.412
obj=0.794
time=122.236
obj=0.793
time=205.893
obj=0.793
time=205.899
obj=0.792
time=205.903
obj=0.792
time=268.293
obj=0.791
time=316.957
obj=0.790
time=320.726
obj=0.789
time=320.732
obj=0.788
time=530.307
obj=0.788
time=599.466
obj=0.787
time=599.472
obj=0.786
time=599.480
obj=0.786
time=620.818
obj=0.786
time=1000.442
obj=0.786
time=1851.456
obj=0.785
time=2365.138
obj=0.784
time=2799.703
obj=0.784
time=3033.974
obj=0.783
time=3033.979
obj=0.783
time=3033.987
obj=0.782
c real margin = 0.218
