buffers=16
windows=20
args generated-large/4.txt 12345 1
original_lb=0.229
time=0.065
obj=0.786
time=0.077
obj=0.776
time=0.081
obj=0.768
time=0.088
obj=0.760
time=0.093
obj=0.755
time=0.098
obj=0.746
time=0.104
obj=0.743
time=0.107
obj=0.726
time=0.111
obj=0.723
time=0.116
obj=0.720
time=0.124
obj=0.719
time=0.130
obj=0.707
time=0.136
obj=0.704
time=0.139
obj=0.675
time=0.148
obj=0.674
time=0.154
obj=0.673
time=0.162
obj=0.669
time=0.166
obj=0.665
time=0.170
obj=0.664
time=0.175
obj=0.661
time=0.186
obj=0.661
time=0.193
obj=0.657
time=0.198
obj=0.643
time=0.207
obj=0.637
time=0.218
obj=0.636
time=0.222
obj=0.636
time=0.229
obj=0.636
time=0.237
obj=0.633
time=0.240
obj=0.629
time=0.249
obj=0.629
time=0.259
obj=0.628
time=0.277
obj=0.628
time=0.283
obj=0.620
time=0.290
obj=0.619
time=0.297
obj=0.619
time=0.304
obj=0.615
time=0.307
obj=0.615
time=0.311
obj=0.614
time=0.325
obj=0.614
time=0.328
obj=0.612
time=0.371
obj=0.611
time=0.376
obj=0.607
time=0.383
obj=0.605
time=0.418
obj=0.603
time=0.430
obj=0.603
time=0.759
obj=0.602
time=0.775
obj=0.601
time=1.044
obj=0.599
time=1.050
obj=0.599
time=1.061
obj=0.597
time=1.079
obj=0.597
time=1.109
obj=0.595
time=1.342
obj=0.595
time=1.695
obj=0.594
time=1.696
obj=0.591
time=1.812
obj=0.591
time=2.519
obj=0.589
time=3.831
obj=0.587
time=4.789
obj=0.587
time=5.080
obj=0.587
time=5.081
obj=0.587
time=5.083
obj=0.584
time=8.539
obj=0.583
time=8.540
obj=0.582
time=8.542
obj=0.581
time=234.353
obj=0.580
time=234.354
obj=0.580
time=283.169
obj=0.579
time=283.171
obj=0.577
time=1385.638
obj=0.577
time=1385.639
obj=0.576
time=2810.132
obj=0.576
c real margin = 0.424
