buffers=8
windows=20
args generated-large/41.txt 12345 1
original_lb=0.224
time=0.006
obj=0.744
time=0.008
obj=0.725
time=0.009
obj=0.718
time=0.010
obj=0.702
time=0.011
obj=0.699
time=0.011
obj=0.666
time=0.012
obj=0.658
time=0.013
obj=0.654
time=0.014
obj=0.654
time=0.015
obj=0.653
time=0.016
obj=0.632
time=0.017
obj=0.629
time=0.018
obj=0.620
time=0.019
obj=0.616
time=0.021
obj=0.591
time=0.022
obj=0.583
time=0.023
obj=0.578
time=0.024
obj=0.573
time=0.025
obj=0.570
time=0.026
obj=0.569
time=0.028
obj=0.561
time=0.032
obj=0.559
time=0.037
obj=0.556
time=0.040
obj=0.553
time=0.042
obj=0.552
time=0.044
obj=0.544
time=0.045
obj=0.541
time=0.047
obj=0.540
time=0.048
obj=0.531
time=0.051
obj=0.528
time=0.058
obj=0.526
time=0.067
obj=0.526
time=0.067
obj=0.513
time=0.072
obj=0.508
time=0.455
obj=0.504
time=0.533
obj=0.503
time=0.676
obj=0.502
time=0.732
obj=0.500
time=0.741
obj=0.500
time=0.741
obj=0.498
time=0.742
obj=0.498
time=0.743
obj=0.496
time=1.238
obj=0.494
time=1.239
obj=0.490
time=1.610
obj=0.486
time=1.611
obj=0.484
time=12.045
obj=0.484
time=30.103
obj=0.479
time=291.184
obj=0.479
c real margin = 0.521
