buffers=8
windows=80
args generated-large/42.txt 12345 1
original_lb=0.195
time=0.011
obj=0.928
time=0.051
obj=0.925
time=0.086
obj=0.925
time=0.087
obj=0.923
time=0.088
obj=0.914
time=0.089
obj=0.881
time=0.090
obj=0.876
time=0.091
obj=0.832
time=0.092
obj=0.829
time=0.092
obj=0.820
time=0.094
obj=0.819
time=0.094
obj=0.799
time=0.095
obj=0.786
time=0.096
obj=0.779
time=0.097
obj=0.776
time=0.098
obj=0.776
time=0.099
obj=0.773
time=0.100
obj=0.755
time=0.101
obj=0.749
time=0.157
obj=0.749
time=0.222
obj=0.733
time=0.223
obj=0.732
time=0.224
obj=0.731
time=0.338
obj=0.730
time=0.339
obj=0.726
time=0.370
obj=0.717
time=4.204
obj=0.715
time=4.205
obj=0.714
time=20.488
obj=0.709
time=20.489
obj=0.708
time=177.531
obj=0.703
time=1723.897
obj=0.701
c real margin = 0.299
