buffers=16
windows=60
args generated-large/44.txt 12345 1
original_lb=0.220
time=0.064
obj=0.950
time=0.082
obj=0.921
time=0.085
obj=0.908
time=0.088
obj=0.876
time=0.091
obj=0.842
time=0.095
obj=0.833
time=0.098
obj=0.819
time=0.101
obj=0.816
time=0.105
obj=0.812
time=0.109
obj=0.809
time=0.112
obj=0.796
time=0.116
obj=0.793
time=0.119
obj=0.787
time=0.122
obj=0.784
time=0.125
obj=0.773
time=0.128
obj=0.773
time=0.133
obj=0.769
time=0.136
obj=0.766
time=0.139
obj=0.765
time=0.143
obj=0.760
time=0.146
obj=0.756
time=0.149
obj=0.755
time=0.154
obj=0.754
time=0.157
obj=0.751
time=0.161
obj=0.750
time=0.164
obj=0.748
time=0.170
obj=0.748
time=0.175
obj=0.743
time=0.179
obj=0.741
time=0.183
obj=0.741
time=0.189
obj=0.736
time=0.192
obj=0.734
time=0.195
obj=0.733
time=0.203
obj=0.728
time=0.206
obj=0.726
time=0.209
obj=0.724
time=0.215
obj=0.717
time=0.222
obj=0.713
time=0.226
obj=0.709
time=0.232
obj=0.708
time=0.239
obj=0.705
time=0.243
obj=0.703
time=0.250
obj=0.702
time=0.255
obj=0.700
time=0.258
obj=0.696
time=0.267
obj=0.695
time=0.270
obj=0.693
time=0.274
obj=0.692
time=0.283
obj=0.692
time=0.295
obj=0.689
time=0.307
obj=0.685
time=0.317
obj=0.684
time=0.326
obj=0.682
time=0.344
obj=0.680
time=0.347
obj=0.680
time=0.374
obj=0.679
time=0.377
obj=0.679
time=0.390
obj=0.678
time=0.468
obj=0.676
time=0.488
obj=0.674
time=0.498
obj=0.674
time=0.530
obj=0.674
time=0.533
obj=0.673
time=0.539
obj=0.672
time=0.551
obj=0.670
time=0.559
obj=0.666
time=0.570
obj=0.666
time=0.579
obj=0.665
time=0.594
obj=0.665
time=0.606
obj=0.662
time=0.614
obj=0.660
time=0.953
obj=0.656
time=0.955
obj=0.656
time=0.958
obj=0.655
time=0.963
obj=0.654
time=1.292
obj=0.654
time=1.452
obj=0.654
time=1.455
obj=0.653
time=1.807
obj=0.653
time=1.810
obj=0.652
time=1.814
obj=0.651
time=1.817
obj=0.650
time=2.242
obj=0.650
time=2.503
obj=0.650
time=2.506
obj=0.649
time=5.323
obj=0.649
time=5.556
obj=0.648
time=5.559
obj=0.646
time=5.863
obj=0.645
time=5.866
obj=0.645
time=6.108
obj=0.643
time=6.207
obj=0.642
time=6.209
obj=0.640
time=11.976
obj=0.639
time=14.704
obj=0.639
time=18.968
obj=0.638
time=27.989
obj=0.637
time=28.004
obj=0.636
time=35.246
obj=0.636
time=35.248
obj=0.634
time=35.251
obj=0.631
time=35.255
obj=0.630
time=1024.121
obj=0.628
time=1034.868
obj=0.627
c real margin = 0.373
