buffers=16
windows=60
args generated-large/47.txt 12345 1
original_lb=0.258
time=0.064
obj=0.999
time=0.080
obj=0.898
time=0.083
obj=0.882
time=0.085
obj=0.845
time=0.088
obj=0.829
time=0.091
obj=0.817
time=0.094
obj=0.810
time=0.097
obj=0.780
time=0.100
obj=0.770
time=0.103
obj=0.766
time=0.106
obj=0.761
time=0.110
obj=0.757
time=0.113
obj=0.750
time=0.116
obj=0.745
time=0.119
obj=0.737
time=0.122
obj=0.728
time=0.125
obj=0.717
time=0.128
obj=0.710
time=0.131
obj=0.708
time=0.135
obj=0.702
time=0.138
obj=0.699
time=0.140
obj=0.697
time=0.143
obj=0.692
time=0.146
obj=0.690
time=0.149
obj=0.685
time=0.152
obj=0.682
time=0.156
obj=0.679
time=0.159
obj=0.677
time=0.162
obj=0.666
time=0.165
obj=0.661
time=0.168
obj=0.658
time=0.171
obj=0.658
time=0.182
obj=0.657
time=0.184
obj=0.652
time=0.188
obj=0.650
time=0.193
obj=0.645
time=0.196
obj=0.645
time=0.199
obj=0.637
time=0.205
obj=0.634
time=0.209
obj=0.634
time=0.212
obj=0.627
time=0.224
obj=0.626
time=0.227
obj=0.625
time=0.253
obj=0.624
time=0.256
obj=0.621
time=0.486
obj=0.621
time=0.495
obj=0.619
time=0.498
obj=0.614
time=0.502
obj=0.614
time=0.505
obj=0.614
time=0.831
obj=0.613
time=0.834
obj=0.612
time=0.862
obj=0.610
time=0.865
obj=0.608
time=0.869
obj=0.602
time=0.872
obj=0.601
time=0.875
obj=0.598
time=0.878
obj=0.591
time=6.421
obj=0.591
time=6.424
obj=0.587
time=32.631
obj=0.586
time=57.429
obj=0.583
time=57.432
obj=0.582
time=332.143
obj=0.582
time=520.913
obj=0.577
c real margin = 0.423
