buffers=16
windows=60
args generated-large/48.txt 12345 1
original_lb=0.226
time=0.067
obj=0.841
time=0.086
obj=0.834
time=0.090
obj=0.821
time=0.093
obj=0.800
time=0.095
obj=0.800
time=0.098
obj=0.794
time=0.102
obj=0.783
time=0.105
obj=0.781
time=0.108
obj=0.770
time=0.111
obj=0.768
time=0.115
obj=0.762
time=0.118
obj=0.758
time=0.121
obj=0.757
time=0.124
obj=0.754
time=0.127
obj=0.751
time=0.131
obj=0.751
time=0.134
obj=0.748
time=0.138
obj=0.747
time=0.141
obj=0.745
time=0.143
obj=0.744
time=0.148
obj=0.743
time=0.152
obj=0.742
time=0.155
obj=0.738
time=0.158
obj=0.732
time=0.161
obj=0.731
time=0.166
obj=0.728
time=0.169
obj=0.727
time=0.173
obj=0.725
time=0.176
obj=0.723
time=0.179
obj=0.721
time=0.183
obj=0.718
time=0.186
obj=0.718
time=0.191
obj=0.716
time=0.195
obj=0.716
time=0.200
obj=0.715
time=0.204
obj=0.714
time=0.207
obj=0.705
time=0.210
obj=0.703
time=0.213
obj=0.703
time=0.216
obj=0.700
time=0.220
obj=0.699
time=0.223
obj=0.699
time=0.227
obj=0.698
time=0.233
obj=0.694
time=0.238
obj=0.694
time=0.244
obj=0.691
time=0.247
obj=0.691
time=0.250
obj=0.690
time=0.254
obj=0.688
time=0.259
obj=0.684
time=0.262
obj=0.683
time=0.265
obj=0.682
time=0.269
obj=0.679
time=0.273
obj=0.679
time=0.279
obj=0.678
time=0.283
obj=0.678
time=0.286
obj=0.677
time=0.290
obj=0.677
time=0.293
obj=0.675
time=0.296
obj=0.670
time=0.299
obj=0.669
time=0.302
obj=0.665
time=0.306
obj=0.664
time=0.309
obj=0.663
time=0.315
obj=0.657
time=0.319
obj=0.656
time=0.323
obj=0.653
time=0.326
obj=0.653
time=0.330
obj=0.652
time=0.337
obj=0.651
time=0.340
obj=0.650
time=0.344
obj=0.646
time=0.347
obj=0.646
time=0.351
obj=0.644
time=0.355
obj=0.644
time=0.359
obj=0.643
time=0.364
obj=0.640
time=0.369
obj=0.639
time=0.374
obj=0.639
time=0.378
obj=0.639
time=0.382
obj=0.637
time=0.386
obj=0.633
time=0.389
obj=0.633
time=0.393
obj=0.632
time=0.400
obj=0.632
time=0.406
obj=0.632
time=0.410
obj=0.630
time=0.413
obj=0.630
time=0.417
obj=0.629
time=0.423
obj=0.628
time=0.426
obj=0.627
time=0.435
obj=0.627
time=0.438
obj=0.627
time=0.448
obj=0.626
time=0.463
obj=0.624
time=0.470
obj=0.623
time=0.473
obj=0.620
time=0.477
obj=0.620
time=0.482
obj=0.619
time=0.485
obj=0.619
time=0.488
obj=0.616
time=0.491
obj=0.612
time=0.497
obj=0.612
time=0.500
obj=0.612
time=0.503
obj=0.611
time=0.507
obj=0.610
time=0.519
obj=0.608
time=0.522
obj=0.608
time=0.528
obj=0.606
time=0.533
obj=0.606
time=0.537
obj=0.606
time=0.541
obj=0.605
time=0.544
obj=0.603
time=0.548
obj=0.601
time=0.613
obj=0.601
time=0.616
obj=0.600
time=0.621
obj=0.600
time=0.624
obj=0.599
time=0.629
obj=0.596
time=0.633
obj=0.594
time=0.636
obj=0.594
time=0.640
obj=0.591
time=0.646
obj=0.591
time=0.650
obj=0.591
time=0.678
obj=0.590
time=0.681
obj=0.590
time=0.690
obj=0.590
time=0.694
obj=0.589
time=0.698
obj=0.588
time=0.705
obj=0.588
time=0.709
obj=0.587
time=0.716
obj=0.587
time=0.719
obj=0.586
time=0.726
obj=0.585
time=0.972
obj=0.584
time=0.974
obj=0.583
time=0.982
obj=0.582
time=0.985
obj=0.582
time=0.989
obj=0.581
time=1.105
obj=0.581
time=1.108
obj=0.580
time=1.112
obj=0.579
time=1.125
obj=0.579
time=1.130
obj=0.579
time=1.135
obj=0.579
time=1.149
obj=0.578
time=7.902
obj=0.578
time=7.914
obj=0.577
time=7.917
obj=0.576
time=7.922
obj=0.574
time=8.180
obj=0.573
time=8.183
obj=0.573
time=8.189
obj=0.572
time=8.192
obj=0.572
time=78.089
obj=0.572
time=78.093
obj=0.571
time=78.100
obj=0.570
time=78.104
obj=0.570
time=78.350
obj=0.568
time=78.353
obj=0.568
time=78.360
obj=0.568
time=78.368
obj=0.567
time=78.374
obj=0.567
time=78.377
obj=0.566
time=78.380
obj=0.564
time=78.384
obj=0.564
time=78.387
obj=0.563
time=78.391
obj=0.560
time=413.729
obj=0.558
time=413.732
obj=0.558
time=413.735
obj=0.557
time=413.739
obj=0.557
time=413.742
obj=0.557
time=1026.456
obj=0.557
time=1026.459
obj=0.557
time=1026.468
obj=0.556
c real margin = 0.444
