buffers=8
windows=60
args generated-large/49.txt 12345 1
original_lb=0.171
time=0.010
obj=1.024
time=0.015
obj=1.019
time=0.016
obj=1.012
time=0.017
obj=1.011
time=0.017
obj=0.992
time=0.018
obj=0.990
time=0.019
obj=0.986
time=0.020
obj=0.979
time=0.021
obj=0.978
time=0.022
obj=0.973
time=0.023
obj=0.969
time=0.024
obj=0.968
time=0.024
obj=0.965
time=0.025
obj=0.964
time=0.027
obj=0.962
time=0.027
obj=0.955
time=0.028
obj=0.951
time=0.029
obj=0.950
time=0.030
obj=0.941
time=0.031
obj=0.923
time=0.032
obj=0.917
time=0.033
obj=0.913
time=0.034
obj=0.907
time=0.035
obj=0.904
time=0.035
obj=0.896
time=0.036
obj=0.894
time=0.037
obj=0.894
time=0.038
obj=0.893
time=0.039
obj=0.886
time=0.040
obj=0.875
time=0.040
obj=0.875
time=0.041
obj=0.874
time=0.042
obj=0.872
time=0.043
obj=0.870
time=0.044
obj=0.870
time=0.045
obj=0.868
time=0.045
obj=0.868
time=0.071
obj=0.868
time=0.094
obj=0.858
time=0.144
obj=0.858
time=0.144
obj=0.856
time=0.145
obj=0.855
time=0.146
obj=0.855
time=0.146
obj=0.853
time=0.147
obj=0.844
time=0.148
obj=0.842
time=0.240
obj=0.842
time=0.348
obj=0.841
time=0.349
obj=0.840
time=0.635
obj=0.836
time=0.659
obj=0.836
time=0.660
obj=0.836
time=0.661
obj=0.829
time=0.682
obj=0.828
time=0.683
obj=0.826
time=1.288
obj=0.823
time=1.289
obj=0.821
time=5.532
obj=0.817
time=7.754
obj=0.817
time=7.755
obj=0.815
c real margin = 0.185
