buffers=16
windows=20
args generated-large/5.txt 12345 1
original_lb=0.258
time=0.058
obj=0.663
time=0.069
obj=0.662
time=0.073
obj=0.659
time=0.076
obj=0.641
time=0.080
obj=0.637
time=0.083
obj=0.636
time=0.086
obj=0.634
time=0.089
obj=0.630
time=0.092
obj=0.628
time=0.096
obj=0.624
time=0.099
obj=0.619
time=0.102
obj=0.617
time=0.106
obj=0.599
time=0.110
obj=0.597
time=0.115
obj=0.596
time=0.118
obj=0.588
time=0.122
obj=0.586
time=0.125
obj=0.584
time=0.129
obj=0.573
time=0.133
obj=0.570
time=0.137
obj=0.553
time=0.140
obj=0.552
time=0.146
obj=0.550
time=0.149
obj=0.550
time=0.155
obj=0.545
time=0.159
obj=0.541
time=0.164
obj=0.532
time=0.171
obj=0.529
time=0.174
obj=0.526
time=0.180
obj=0.522
time=0.183
obj=0.519
time=0.190
obj=0.518
time=0.192
obj=0.512
time=0.196
obj=0.511
time=0.198
obj=0.508
time=0.203
obj=0.507
time=0.219
obj=0.506
time=0.226
obj=0.504
time=0.235
obj=0.503
time=0.247
obj=0.502
time=0.260
obj=0.499
time=0.263
obj=0.497
time=0.296
obj=0.496
time=0.298
obj=0.496
time=0.308
obj=0.495
time=0.322
obj=0.493
time=0.327
obj=0.491
time=0.330
obj=0.490
time=0.336
obj=0.489
time=0.372
obj=0.488
time=0.375
obj=0.484
time=0.489
obj=0.482
time=0.492
obj=0.482
time=0.495
obj=0.481
time=0.498
obj=0.481
time=0.502
obj=0.468
time=0.512
obj=0.465
time=0.567
obj=0.462
time=0.576
obj=0.457
time=0.580
obj=0.455
c real margin = 0.545
