buffers=16
windows=60
args generated-large/51.txt 12345 1
original_lb=0.197
time=0.071
obj=0.952
time=0.091
obj=0.940
time=0.095
obj=0.931
time=0.099
obj=0.924
time=0.102
obj=0.922
time=0.105
obj=0.900
time=0.109
obj=0.900
time=0.113
obj=0.899
time=0.116
obj=0.894
time=0.120
obj=0.889
time=0.123
obj=0.884
time=0.128
obj=0.881
time=0.132
obj=0.879
time=0.135
obj=0.878
time=0.138
obj=0.878
time=0.141
obj=0.876
time=0.145
obj=0.875
time=0.149
obj=0.867
time=0.152
obj=0.864
time=0.156
obj=0.862
time=0.160
obj=0.856
time=0.164
obj=0.848
time=0.172
obj=0.848
time=0.179
obj=0.846
time=0.182
obj=0.842
time=0.186
obj=0.840
time=0.190
obj=0.839
time=0.194
obj=0.838
time=0.199
obj=0.825
time=0.204
obj=0.823
time=0.207
obj=0.823
time=0.213
obj=0.819
time=0.216
obj=0.816
time=0.222
obj=0.816
time=0.229
obj=0.814
time=0.232
obj=0.814
time=0.235
obj=0.811
time=0.239
obj=0.809
time=0.243
obj=0.809
time=0.246
obj=0.808
time=0.252
obj=0.806
time=0.257
obj=0.805
time=0.262
obj=0.801
time=0.267
obj=0.800
time=0.271
obj=0.798
time=0.274
obj=0.797
time=0.281
obj=0.796
time=0.286
obj=0.796
time=0.290
obj=0.796
time=0.293
obj=0.794
time=0.300
obj=0.793
time=0.306
obj=0.793
time=0.309
obj=0.790
time=0.312
obj=0.788
time=0.316
obj=0.786
time=0.322
obj=0.786
time=0.325
obj=0.782
time=0.331
obj=0.779
time=0.336
obj=0.778
time=0.344
obj=0.776
time=0.347
obj=0.774
time=0.351
obj=0.771
time=0.355
obj=0.766
time=0.358
obj=0.766
time=0.364
obj=0.765
time=0.367
obj=0.764
time=0.373
obj=0.764
time=0.378
obj=0.762
time=0.382
obj=0.761
time=0.387
obj=0.761
time=0.393
obj=0.758
time=0.398
obj=0.756
time=0.402
obj=0.755
time=0.405
obj=0.755
time=0.414
obj=0.754
time=0.421
obj=0.753
time=0.425
obj=0.752
time=0.432
obj=0.752
time=0.438
obj=0.751
time=0.441
obj=0.749
time=0.450
obj=0.748
time=0.454
obj=0.744
time=0.458
obj=0.744
time=0.467
obj=0.743
time=0.475
obj=0.742
time=0.483
obj=0.741
time=0.488
obj=0.740
time=0.492
obj=0.740
time=0.498
obj=0.737
time=0.509
obj=0.737
time=0.513
obj=0.735
time=0.523
obj=0.732
time=0.533
obj=0.731
time=0.543
obj=0.731
time=0.546
obj=0.727
time=0.549
obj=0.724
time=0.553
obj=0.724
time=0.557
obj=0.723
time=0.564
obj=0.722
time=0.571
obj=0.719
time=0.576
obj=0.718
time=0.580
obj=0.716
time=0.584
obj=0.715
time=0.592
obj=0.715
time=0.600
obj=0.715
time=0.603
obj=0.715
time=0.611
obj=0.715
time=0.620
obj=0.714
time=0.624
obj=0.713
time=0.637
obj=0.713
time=0.642
obj=0.713
time=0.648
obj=0.713
time=0.651
obj=0.711
time=0.661
obj=0.710
time=0.665
obj=0.709
time=0.674
obj=0.708
time=0.686
obj=0.707
time=0.691
obj=0.707
time=0.701
obj=0.707
time=0.708
obj=0.706
time=0.711
obj=0.706
time=0.718
obj=0.705
time=0.721
obj=0.704
time=0.724
obj=0.703
time=0.730
obj=0.703
time=0.741
obj=0.702
time=0.750
obj=0.702
time=0.753
obj=0.701
time=0.766
obj=0.701
time=0.771
obj=0.701
time=0.776
obj=0.700
time=0.789
obj=0.700
time=0.792
obj=0.699
time=0.802
obj=0.699
time=0.805
obj=0.698
time=0.815
obj=0.698
time=0.821
obj=0.697
time=0.831
obj=0.696
time=0.834
obj=0.696
time=0.845
obj=0.695
time=0.857
obj=0.695
time=0.861
obj=0.694
time=0.870
obj=0.694
time=0.884
obj=0.693
time=0.895
obj=0.693
time=0.907
obj=0.692
time=0.916
obj=0.691
time=0.933
obj=0.691
time=0.939
obj=0.691
time=0.943
obj=0.690
time=0.948
obj=0.690
time=0.957
obj=0.689
time=0.967
obj=0.688
time=0.970
obj=0.688
time=0.977
obj=0.687
time=0.981
obj=0.687
time=0.992
obj=0.686
time=0.996
obj=0.686
time=0.999
obj=0.683
time=1.006
obj=0.682
time=1.016
obj=0.682
time=1.028
obj=0.680
time=1.033
obj=0.679
time=1.045
obj=0.678
time=1.050
obj=0.676
time=1.062
obj=0.676
time=1.070
obj=0.674
time=1.073
obj=0.672
time=1.084
obj=0.668
time=1.087
obj=0.668
time=1.101
obj=0.668
time=1.104
obj=0.667
time=1.117
obj=0.667
time=1.132
obj=0.666
time=1.142
obj=0.665
time=1.156
obj=0.664
time=1.163
obj=0.664
time=1.179
obj=0.663
time=1.194
obj=0.661
time=1.204
obj=0.660
time=1.213
obj=0.659
time=1.216
obj=0.659
time=1.219
obj=0.659
time=1.232
obj=0.658
time=1.251
obj=0.658
time=1.263
obj=0.657
time=1.279
obj=0.656
time=1.294
obj=0.656
time=1.309
obj=0.656
time=1.311
obj=0.656
time=1.319
obj=0.655
time=1.335
obj=0.655
time=1.338
obj=0.654
time=1.348
obj=0.654
time=1.356
obj=0.654
time=1.367
obj=0.653
time=1.371
obj=0.653
time=1.387
obj=0.653
time=1.396
obj=0.651
time=1.400
obj=0.651
time=1.431
obj=0.651
time=1.434
obj=0.650
time=1.455
obj=0.649
time=1.470
obj=0.649
time=1.473
obj=0.649
time=1.499
obj=0.649
time=1.502
obj=0.649
time=1.510
obj=0.649
time=1.530
obj=0.647
time=1.543
obj=0.646
time=1.562
obj=0.646
time=1.567
obj=0.645
time=1.578
obj=0.645
time=1.581
obj=0.645
time=1.595
obj=0.644
time=1.619
obj=0.644
time=1.624
obj=0.642
time=1.642
obj=0.642
time=1.783
obj=0.642
time=1.872
obj=0.642
time=2.017
obj=0.642
time=2.030
obj=0.642
time=2.039
obj=0.641
time=2.055
obj=0.641
time=2.073
obj=0.641
time=2.090
obj=0.641
time=2.243
obj=0.640
time=2.245
obj=0.640
time=2.279
obj=0.640
time=2.296
obj=0.640
time=2.313
obj=0.640
time=2.343
obj=0.640
time=2.346
obj=0.639
time=2.360
obj=0.639
time=2.761
obj=0.638
time=2.780
obj=0.638
time=2.961
obj=0.637
time=3.129
obj=0.635
time=3.132
obj=0.635
time=3.173
obj=0.634
time=3.385
obj=0.633
time=3.407
obj=0.633
time=3.410
obj=0.633
time=3.431
obj=0.632
time=3.439
obj=0.632
time=3.469
obj=0.632
time=3.471
obj=0.632
time=3.884
obj=0.632
time=3.992
obj=0.631
time=4.031
obj=0.630
time=4.034
obj=0.630
time=4.037
obj=0.629
time=4.331
obj=0.629
time=4.703
obj=0.629
time=4.735
obj=0.628
time=4.737
obj=0.628
time=4.972
obj=0.628
time=8.136
obj=0.628
time=8.301
obj=0.628
time=9.439
obj=0.628
time=9.441
obj=0.628
time=9.983
obj=0.627
time=11.561
obj=0.627
time=11.865
obj=0.627
time=11.868
obj=0.627
time=12.275
obj=0.627
time=13.147
obj=0.627
time=13.477
obj=0.626
time=13.503
obj=0.626
time=13.938
obj=0.626
time=13.941
obj=0.625
time=13.943
obj=0.624
time=13.964
obj=0.624
time=13.966
obj=0.624
time=15.430
obj=0.624
time=15.433
obj=0.621
time=15.577
obj=0.620
time=35.156
obj=0.620
time=37.818
obj=0.620
time=51.266
obj=0.620
time=66.726
obj=0.619
time=67.008
obj=0.619
time=67.715
obj=0.619
time=67.717
obj=0.619
time=70.590
obj=0.617
time=71.469
obj=0.617
time=78.629
obj=0.617
time=78.631
obj=0.617
time=82.549
obj=0.617
time=90.055
obj=0.617
time=112.199
obj=0.617
time=131.132
obj=0.616
time=141.647
obj=0.616
time=201.357
obj=0.616
time=201.360
obj=0.616
time=255.147
obj=0.616
time=297.149
obj=0.615
time=382.890
obj=0.614
time=389.590
obj=0.614
time=498.446
obj=0.614
time=566.432
obj=0.613
time=635.249
obj=0.613
time=1099.803
obj=0.613
time=1099.805
obj=0.613
time=1126.849
obj=0.613
time=1343.351
obj=0.612
time=1886.822
obj=0.612
time=2620.835
obj=0.611
time=2620.838
obj=0.611
time=3232.008
obj=0.610
c real margin = 0.390
