buffers=24
windows=40
args generated-large/52.txt 12345 1
original_lb=0.247
time=0.189
obj=0.739
time=0.213
obj=0.687
time=0.219
obj=0.650
time=0.226
obj=0.634
time=0.233
obj=0.628
time=0.240
obj=0.622
time=0.247
obj=0.621
time=0.255
obj=0.620
time=0.263
obj=0.614
time=0.270
obj=0.609
time=0.277
obj=0.604
time=0.284
obj=0.601
time=0.291
obj=0.597
time=0.299
obj=0.592
time=0.308
obj=0.588
time=0.316
obj=0.587
time=0.323
obj=0.584
time=0.331
obj=0.561
time=0.339
obj=0.548
time=0.346
obj=0.546
time=0.355
obj=0.543
time=0.362
obj=0.536
time=0.369
obj=0.532
time=0.378
obj=0.528
time=0.385
obj=0.526
time=0.393
obj=0.522
time=0.400
obj=0.522
time=0.408
obj=0.520
time=0.415
obj=0.518
time=0.423
obj=0.515
time=0.431
obj=0.512
time=0.440
obj=0.512
time=0.449
obj=0.506
time=0.456
obj=0.499
time=0.470
obj=0.499
time=0.479
obj=0.499
time=0.486
obj=0.499
time=0.494
obj=0.497
time=0.502
obj=0.495
time=0.514
obj=0.493
time=0.522
obj=0.492
time=0.531
obj=0.492
time=0.541
obj=0.491
time=0.552
obj=0.490
time=0.560
obj=0.488
time=0.567
obj=0.484
time=0.576
obj=0.483
time=0.584
obj=0.480
time=0.593
obj=0.480
time=0.600
obj=0.480
time=0.608
obj=0.478
time=0.617
obj=0.478
time=0.631
obj=0.477
time=0.638
obj=0.476
time=0.649
obj=0.475
time=0.656
obj=0.475
time=0.665
obj=0.474
time=0.675
obj=0.474
time=0.684
obj=0.474
time=0.695
obj=0.473
time=0.702
obj=0.472
time=0.711
obj=0.470
time=0.718
obj=0.469
time=0.736
obj=0.469
time=0.744
obj=0.468
time=0.757
obj=0.466
time=0.767
obj=0.465
time=0.778
obj=0.463
time=0.788
obj=0.463
time=0.798
obj=0.463
time=0.807
obj=0.463
time=0.817
obj=0.460
time=0.825
obj=0.458
time=0.833
obj=0.458
time=0.849
obj=0.458
time=0.856
obj=0.458
time=0.863
obj=0.457
time=0.870
obj=0.457
time=0.884
obj=0.455
time=0.893
obj=0.452
time=0.907
obj=0.451
time=0.919
obj=0.449
time=0.932
obj=0.448
time=0.940
obj=0.447
time=0.955
obj=0.447
time=0.963
obj=0.445
time=0.971
obj=0.445
time=0.980
obj=0.445
time=0.994
obj=0.444
time=1.005
obj=0.444
time=1.015
obj=0.442
time=1.024
obj=0.441
time=1.031
obj=0.440
time=1.039
obj=0.438
time=1.058
obj=0.437
time=1.068
obj=0.437
time=1.076
obj=0.433
time=1.085
obj=0.431
time=1.097
obj=0.429
time=1.106
obj=0.429
time=1.141
obj=0.429
time=1.153
obj=0.429
time=1.168
obj=0.428
time=1.244
obj=0.428
time=1.251
obj=0.426
time=1.259
obj=0.425
time=1.268
obj=0.424
time=1.282
obj=0.423
time=1.289
obj=0.421
time=1.299
obj=0.421
time=1.321
obj=0.421
time=1.330
obj=0.420
time=1.338
obj=0.419
time=1.345
obj=0.419
time=1.394
obj=0.419
time=1.405
obj=0.417
time=1.412
obj=0.416
time=1.421
obj=0.415
time=1.646
obj=0.415
time=1.655
obj=0.413
time=1.663
obj=0.413
time=1.678
obj=0.412
time=1.685
obj=0.412
time=1.715
obj=0.411
time=1.721
obj=0.411
time=1.747
obj=0.411
time=1.754
obj=0.407
time=3.047
obj=0.407
time=3.052
obj=0.406
time=3.058
obj=0.406
time=3.066
obj=0.405
time=5.479
obj=0.405
time=5.487
obj=0.404
time=5.508
obj=0.404
time=7.582
obj=0.404
time=7.594
obj=0.403
time=7.602
obj=0.402
time=7.609
obj=0.402
time=7.616
obj=0.401
time=7.623
obj=0.399
time=10.640
obj=0.399
time=10.648
obj=0.397
time=13.513
obj=0.396
time=13.520
obj=0.395
time=16.743
obj=0.394
time=16.750
obj=0.392
time=18.885
obj=0.392
time=18.894
obj=0.392
time=18.906
obj=0.391
time=35.938
obj=0.391
time=35.944
obj=0.390
time=35.951
obj=0.390
time=179.801
obj=0.389
time=179.806
obj=0.389
time=179.813
obj=0.389
time=179.822
obj=0.388
time=179.830
obj=0.388
time=179.842
obj=0.387
time=179.853
obj=0.387
time=260.238
obj=0.386
time=260.244
obj=0.386
time=260.253
obj=0.386
time=260.261
obj=0.386
c real margin = 0.614
