buffers=24
windows=60
args generated-large/54.txt 12345 1
original_lb=0.258
time=0.213
obj=0.791
time=0.247
obj=0.769
time=0.253
obj=0.736
time=0.260
obj=0.732
time=0.267
obj=0.712
time=0.274
obj=0.705
time=0.281
obj=0.704
time=0.288
obj=0.699
time=0.296
obj=0.688
time=0.306
obj=0.688
time=0.315
obj=0.686
time=0.323
obj=0.681
time=0.331
obj=0.681
time=0.339
obj=0.676
time=0.346
obj=0.675
time=0.353
obj=0.666
time=0.362
obj=0.654
time=0.369
obj=0.653
time=0.376
obj=0.643
time=0.383
obj=0.638
time=0.391
obj=0.637
time=0.398
obj=0.627
time=0.408
obj=0.624
time=0.415
obj=0.619
time=0.423
obj=0.617
time=0.430
obj=0.614
time=0.437
obj=0.606
time=0.445
obj=0.600
time=0.452
obj=0.599
time=0.463
obj=0.599
time=0.470
obj=0.596
time=0.478
obj=0.595
time=0.486
obj=0.593
time=0.493
obj=0.593
time=0.502
obj=0.588
time=0.509
obj=0.586
time=0.517
obj=0.585
time=0.528
obj=0.585
time=0.536
obj=0.583
time=0.543
obj=0.567
time=0.551
obj=0.566
time=0.560
obj=0.566
time=0.572
obj=0.563
time=0.580
obj=0.562
time=0.592
obj=0.561
time=0.601
obj=0.561
time=0.609
obj=0.558
time=0.618
obj=0.558
time=0.625
obj=0.558
time=0.633
obj=0.556
time=0.642
obj=0.555
time=0.656
obj=0.552
time=0.666
obj=0.551
time=0.674
obj=0.548
time=0.689
obj=0.547
time=0.701
obj=0.545
time=0.709
obj=0.545
time=0.717
obj=0.543
time=0.726
obj=0.542
time=0.734
obj=0.541
time=0.744
obj=0.540
time=0.755
obj=0.539
time=0.763
obj=0.536
time=0.771
obj=0.535
time=0.778
obj=0.535
time=0.786
obj=0.533
time=0.794
obj=0.533
time=0.805
obj=0.532
time=0.813
obj=0.531
time=0.822
obj=0.531
time=0.830
obj=0.530
time=0.841
obj=0.529
time=0.850
obj=0.529
time=0.867
obj=0.528
time=0.875
obj=0.528
time=0.890
obj=0.527
time=0.899
obj=0.525
time=0.915
obj=0.525
time=0.942
obj=0.525
time=0.950
obj=0.524
time=0.959
obj=0.522
time=0.970
obj=0.521
time=0.984
obj=0.519
time=0.994
obj=0.519
time=1.016
obj=0.519
time=1.024
obj=0.517
time=1.033
obj=0.516
time=1.042
obj=0.516
time=1.050
obj=0.515
time=1.058
obj=0.515
time=1.066
obj=0.514
time=1.074
obj=0.513
time=1.083
obj=0.513
time=1.091
obj=0.513
time=1.119
obj=0.512
time=1.152
obj=0.512
time=1.159
obj=0.510
time=1.444
obj=0.509
time=1.505
obj=0.508
time=1.512
obj=0.507
time=1.563
obj=0.507
time=1.570
obj=0.505
time=1.907
obj=0.504
time=2.084
obj=0.503
time=2.847
obj=0.503
time=2.854
obj=0.502
time=2.863
obj=0.502
time=2.875
obj=0.501
time=2.898
obj=0.499
time=2.910
obj=0.495
time=2.920
obj=0.494
time=2.927
obj=0.492
time=51.455
obj=0.492
time=51.462
obj=0.491
time=51.470
obj=0.491
time=51.479
obj=0.490
time=57.338
obj=0.490
time=107.674
obj=0.489
time=491.813
obj=0.489
time=500.222
obj=0.489
time=1572.200
obj=0.489
time=1572.207
obj=0.489
time=1588.572
obj=0.488
c real margin = 0.512
