buffers=24
windows=60
args generated-large/55.txt 12345 1
original_lb=0.261
time=0.187
obj=1.068
time=0.205
obj=1.059
time=0.221
obj=1.058
time=0.230
obj=1.058
time=0.244
obj=1.055
time=0.251
obj=1.054
time=0.266
obj=1.054
time=0.273
obj=1.048
time=0.282
obj=1.047
time=0.287
obj=1.047
time=0.295
obj=1.047
time=0.301
obj=1.045
time=0.318
obj=1.044
time=0.332
obj=1.042
time=0.338
obj=1.041
time=0.347
obj=1.041
time=0.368
obj=1.041
time=0.381
obj=1.040
time=0.394
obj=1.039
time=0.399
obj=1.038
time=0.411
obj=1.038
time=0.421
obj=1.036
time=0.438
obj=1.036
time=0.451
obj=1.035
time=0.459
obj=1.033
time=0.469
obj=1.032
time=0.482
obj=1.032
time=0.487
obj=1.027
time=0.492
obj=1.027
time=0.504
obj=1.025
time=0.510
obj=1.024
time=0.519
obj=1.022
time=0.534
obj=1.022
time=0.546
obj=1.021
time=0.555
obj=1.021
time=0.565
obj=1.019
time=0.580
obj=1.019
time=0.588
obj=1.018
time=0.604
obj=1.016
time=0.617
obj=1.015
time=0.622
obj=1.013
time=0.629
obj=1.011
time=0.636
obj=1.011
time=0.648
obj=1.010
time=0.666
obj=1.010
time=0.682
obj=1.010
time=0.690
obj=1.010
time=0.700
obj=1.008
time=0.714
obj=1.008
time=0.732
obj=1.007
time=0.739
obj=1.006
time=0.746
obj=1.006
time=0.751
obj=1.006
time=0.762
obj=1.003
time=0.776
obj=1.003
time=0.784
obj=1.002
time=0.801
obj=1.002
time=0.808
obj=1.001
time=0.818
obj=1.000
time=0.832
obj=0.999
time=0.841
obj=0.997
time=0.850
obj=0.997
time=0.862
obj=0.996
time=0.874
obj=0.996
time=0.883
obj=0.995
time=0.895
obj=0.995
time=0.900
obj=0.995
time=0.916
obj=0.994
time=0.931
obj=0.994
time=0.950
obj=0.991
time=0.955
obj=0.991
time=0.978
obj=0.990
time=0.991
obj=0.989
time=1.015
obj=0.989
time=1.021
obj=0.989
time=1.043
obj=0.989
time=1.060
obj=0.989
time=1.064
obj=0.988
time=1.078
obj=0.986
time=1.089
obj=0.986
time=1.097
obj=0.984
time=1.118
obj=0.984
time=1.133
obj=0.982
time=1.155
obj=0.981
time=1.175
obj=0.981
time=1.180
obj=0.981
time=1.200
obj=0.980
time=1.208
obj=0.980
time=1.216
obj=0.980
time=1.231
obj=0.980
time=1.245
obj=0.977
time=1.255
obj=0.975
time=1.270
obj=0.973
time=1.287
obj=0.973
time=1.315
obj=0.972
time=1.329
obj=0.972
time=1.340
obj=0.972
time=1.356
obj=0.971
time=1.367
obj=0.970
time=1.377
obj=0.967
time=1.398
obj=0.967
time=1.419
obj=0.967
time=1.433
obj=0.965
time=1.448
obj=0.965
time=1.464
obj=0.964
time=1.472
obj=0.963
time=1.479
obj=0.963
time=1.489
obj=0.962
time=1.525
obj=0.962
time=1.529
obj=0.962
time=1.546
obj=0.962
time=1.574
obj=0.962
time=1.580
obj=0.962
time=1.591
obj=0.960
time=1.674
obj=0.959
time=1.678
obj=0.958
time=1.687
obj=0.956
time=1.706
obj=0.955
time=1.734
obj=0.955
time=1.747
obj=0.955
time=1.773
obj=0.955
time=1.777
obj=0.954
time=1.802
obj=0.953
time=1.806
obj=0.953
time=1.827
obj=0.952
time=1.832
obj=0.951
time=1.843
obj=0.950
time=1.853
obj=0.950
time=1.883
obj=0.949
time=1.888
obj=0.948
time=1.935
obj=0.948
time=1.939
obj=0.948
time=2.005
obj=0.947
time=2.009
obj=0.947
time=2.015
obj=0.947
time=2.031
obj=0.946
time=2.059
obj=0.946
time=2.071
obj=0.942
time=2.088
obj=0.941
time=2.095
obj=0.940
time=2.150
obj=0.939
time=2.155
obj=0.939
time=2.165
obj=0.939
time=2.279
obj=0.938
time=2.283
obj=0.938
time=2.295
obj=0.938
time=2.305
obj=0.937
time=2.315
obj=0.937
time=2.346
obj=0.937
time=2.355
obj=0.937
time=2.420
obj=0.937
time=2.432
obj=0.937
time=2.532
obj=0.936
time=2.544
obj=0.935
time=2.614
obj=0.935
time=2.619
obj=0.929
time=2.699
obj=0.928
time=2.704
obj=0.927
time=2.831
obj=0.927
time=2.842
obj=0.927
time=2.856
obj=0.926
time=2.862
obj=0.926
time=2.872
obj=0.924
time=2.878
obj=0.924
time=2.892
obj=0.924
time=2.914
obj=0.923
time=3.270
obj=0.923
time=4.259
obj=0.923
time=4.266
obj=0.923
time=4.967
obj=0.922
time=4.973
obj=0.922
time=5.946
obj=0.922
time=5.950
obj=0.921
time=5.962
obj=0.918
time=5.970
obj=0.917
time=7.442
obj=0.916
time=7.447
obj=0.915
time=8.302
obj=0.915
time=8.412
obj=0.915
time=8.416
obj=0.914
time=8.429
obj=0.913
time=11.019
obj=0.912
time=14.892
obj=0.912
time=14.904
obj=0.912
time=16.740
obj=0.912
time=16.744
obj=0.911
time=19.058
obj=0.910
time=21.735
obj=0.910
time=21.748
obj=0.907
time=42.798
obj=0.907
time=52.589
obj=0.907
time=71.144
obj=0.907
time=111.848
obj=0.906
time=111.855
obj=0.905
time=111.864
obj=0.905
time=147.552
obj=0.905
time=147.560
obj=0.904
time=147.572
obj=0.902
time=147.582
obj=0.902
time=361.754
obj=0.901
time=361.763
obj=0.900
time=845.482
obj=0.900
time=845.486
obj=0.900
time=1770.194
obj=0.899
time=1770.194
obj=0.899
time=3085.454
obj=0.899
time=3156.700
obj=0.899
time=3156.704
obj=0.898
time=3156.714
obj=0.897
time=3156.720
obj=0.897
c real margin = 0.103
