buffers=24
windows=20
args generated-large/56.txt 12345 1
original_lb=0.281
time=0.183
obj=0.821
time=0.208
obj=0.817
time=0.217
obj=0.801
time=0.223
obj=0.798
time=0.234
obj=0.794
time=0.248
obj=0.794
time=0.256
obj=0.793
time=0.266
obj=0.787
time=0.286
obj=0.785
time=0.298
obj=0.784
time=0.305
obj=0.772
time=0.319
obj=0.768
time=0.334
obj=0.762
time=0.349
obj=0.761
time=0.358
obj=0.756
time=0.371
obj=0.751
time=0.380
obj=0.751
time=0.385
obj=0.743
time=0.392
obj=0.741
time=0.410
obj=0.737
time=0.416
obj=0.736
time=0.424
obj=0.736
time=0.431
obj=0.732
time=0.446
obj=0.732
time=0.454
obj=0.732
time=0.478
obj=0.729
time=0.488
obj=0.728
time=0.506
obj=0.728
time=0.523
obj=0.716
time=0.538
obj=0.713
time=0.555
obj=0.711
time=0.564
obj=0.709
time=0.571
obj=0.705
time=0.593
obj=0.699
time=0.606
obj=0.695
time=0.618
obj=0.694
time=0.628
obj=0.690
time=0.639
obj=0.687
time=0.663
obj=0.686
time=0.681
obj=0.684
time=0.698
obj=0.684
time=0.725
obj=0.675
time=0.730
obj=0.674
time=0.787
obj=0.673
time=0.796
obj=0.672
time=0.803
obj=0.671
time=0.812
obj=0.669
time=0.822
obj=0.668
time=0.887
obj=0.667
time=0.891
obj=0.665
time=1.008
obj=0.663
time=1.040
obj=0.660
time=1.057
obj=0.659
time=1.064
obj=0.657
time=1.468
obj=0.655
time=1.533
obj=0.655
time=1.540
obj=0.654
time=1.912
obj=0.654
time=1.917
obj=0.653
time=1.939
obj=0.653
time=1.954
obj=0.653
time=1.966
obj=0.651
time=3.374
obj=0.650
time=4.382
obj=0.650
time=4.387
obj=0.649
time=4.395
obj=0.649
time=4.421
obj=0.648
time=4.697
obj=0.647
time=6.360
obj=0.647
time=6.371
obj=0.646
time=6.380
obj=0.646
time=6.388
obj=0.645
time=6.398
obj=0.640
time=6.416
obj=0.640
time=18.141
obj=0.639
time=18.155
obj=0.638
time=38.599
obj=0.637
time=39.473
obj=0.637
time=39.478
obj=0.636
time=39.487
obj=0.635
time=57.760
obj=0.635
time=57.765
obj=0.631
time=57.772
obj=0.630
time=57.779
obj=0.629
time=57.786
obj=0.628
c real margin = 0.372
