buffers=16
windows=20
args generated-large/60.txt 12345 1
original_lb=0.201
time=0.082
obj=0.711
time=0.092
obj=0.560
time=0.096
obj=0.544
time=0.100
obj=0.541
time=0.103
obj=0.523
time=0.106
obj=0.519
time=0.111
obj=0.511
time=0.114
obj=0.503
time=0.117
obj=0.499
time=0.122
obj=0.476
time=0.126
obj=0.470
time=0.130
obj=0.465
time=0.134
obj=0.465
time=0.139
obj=0.461
time=0.143
obj=0.461
time=0.146
obj=0.450
time=0.150
obj=0.448
time=0.154
obj=0.444
time=0.160
obj=0.442
time=0.165
obj=0.440
time=0.170
obj=0.439
time=0.176
obj=0.439
time=0.180
obj=0.435
time=0.187
obj=0.431
time=0.192
obj=0.430
time=0.197
obj=0.428
time=0.203
obj=0.428
time=0.208
obj=0.428
time=0.213
obj=0.427
time=0.221
obj=0.424
time=0.229
obj=0.419
time=0.242
obj=0.411
time=0.245
obj=0.406
time=0.253
obj=0.403
time=0.262
obj=0.401
time=0.271
obj=0.392
time=0.283
obj=0.391
time=0.315
obj=0.387
time=0.321
obj=0.387
time=0.340
obj=0.387
time=0.360
obj=0.386
time=0.364
obj=0.386
time=0.369
obj=0.385
time=0.385
obj=0.385
time=0.407
obj=0.381
time=0.468
obj=0.380
time=0.474
obj=0.377
time=0.498
obj=0.373
time=0.503
obj=0.372
time=0.538
obj=0.370
time=0.555
obj=0.369
time=0.560
obj=0.368
time=0.564
obj=0.365
time=0.579
obj=0.361
time=0.583
obj=0.361
time=0.599
obj=0.359
time=0.989
obj=0.358
time=0.996
obj=0.358
time=1.231
obj=0.357
time=1.249
obj=0.355
time=1.625
obj=0.354
time=1.628
obj=0.353
time=1.639
obj=0.353
time=1.643
obj=0.351
time=1.670
obj=0.349
time=1.674
obj=0.348
time=1.678
obj=0.348
time=4.410
obj=0.347
time=4.428
obj=0.347
time=4.431
obj=0.346
time=4.434
obj=0.345
time=4.438
obj=0.345
time=4.444
obj=0.343
time=4.448
obj=0.342
time=4.453
obj=0.340
time=7.838
obj=0.340
time=7.869
obj=0.339
time=7.872
obj=0.338
time=7.876
obj=0.338
time=25.834
obj=0.337
time=25.838
obj=0.336
time=83.431
obj=0.336
time=155.417
obj=0.335
time=158.773
obj=0.332
time=166.381
obj=0.332
time=191.760
obj=0.331
c real margin = 0.669
