buffers=16
windows=40
args generated-large/62.txt 12345 1
original_lb=0.259
time=0.071
obj=0.796
time=0.085
obj=0.771
time=0.088
obj=0.731
time=0.092
obj=0.727
time=0.095
obj=0.726
time=0.099
obj=0.726
time=0.103
obj=0.724
time=0.106
obj=0.722
time=0.109
obj=0.710
time=0.112
obj=0.693
time=0.115
obj=0.687
time=0.118
obj=0.687
time=0.121
obj=0.687
time=0.124
obj=0.684
time=0.127
obj=0.683
time=0.130
obj=0.672
time=0.133
obj=0.671
time=0.136
obj=0.668
time=0.139
obj=0.651
time=0.142
obj=0.648
time=0.145
obj=0.645
time=0.150
obj=0.641
time=0.152
obj=0.640
time=0.155
obj=0.639
time=0.158
obj=0.636
time=0.162
obj=0.635
time=0.165
obj=0.634
time=0.168
obj=0.632
time=0.172
obj=0.627
time=0.176
obj=0.613
time=0.180
obj=0.613
time=0.183
obj=0.609
time=0.191
obj=0.608
time=0.198
obj=0.607
time=0.201
obj=0.606
time=0.205
obj=0.604
time=0.215
obj=0.602
time=0.219
obj=0.600
time=0.222
obj=0.599
time=0.225
obj=0.597
time=0.228
obj=0.594
time=0.233
obj=0.591
time=0.236
obj=0.585
time=0.239
obj=0.583
time=0.253
obj=0.576
time=0.256
obj=0.571
time=0.264
obj=0.569
time=0.272
obj=0.567
time=0.393
obj=0.566
time=0.396
obj=0.566
time=0.400
obj=0.559
time=0.404
obj=0.558
time=0.460
obj=0.556
time=0.535
obj=0.556
time=0.538
obj=0.554
time=0.541
obj=0.553
time=0.751
obj=0.553
time=0.802
obj=0.547
time=1.119
obj=0.544
time=1.122
obj=0.544
time=1.126
obj=0.543
time=1.498
obj=0.543
time=1.912
obj=0.542
time=1.958
obj=0.542
time=2.060
obj=0.541
time=2.063
obj=0.541
time=2.231
obj=0.540
time=2.248
obj=0.539
time=2.563
obj=0.539
time=3.507
obj=0.539
time=4.216
obj=0.537
time=4.555
obj=0.533
time=4.557
obj=0.532
time=42.422
obj=0.532
time=42.424
obj=0.532
time=44.576
obj=0.531
time=44.578
obj=0.531
time=50.719
obj=0.526
time=114.529
obj=0.526
time=137.230
obj=0.525
time=150.803
obj=0.525
time=150.806
obj=0.524
time=195.060
obj=0.523
time=1776.065
obj=0.523
time=1957.966
obj=0.522
time=1957.969
obj=0.520
time=2015.763
obj=0.520
c real margin = 0.480
