buffers=16
windows=80
args generated-large/64.txt 12345 1
original_lb=0.256
time=0.086
obj=0.915
time=0.107
obj=0.900
time=0.110
obj=0.896
time=0.113
obj=0.891
time=0.116
obj=0.889
time=0.120
obj=0.885
time=0.123
obj=0.884
time=0.127
obj=0.875
time=0.131
obj=0.875
time=0.136
obj=0.872
time=0.140
obj=0.870
time=0.143
obj=0.866
time=0.147
obj=0.861
time=0.151
obj=0.860
time=0.155
obj=0.858
time=0.158
obj=0.857
time=0.162
obj=0.847
time=0.165
obj=0.846
time=0.169
obj=0.846
time=0.172
obj=0.844
time=0.177
obj=0.842
time=0.181
obj=0.841
time=0.184
obj=0.841
time=0.188
obj=0.839
time=0.191
obj=0.838
time=0.195
obj=0.834
time=0.199
obj=0.832
time=0.203
obj=0.832
time=0.207
obj=0.827
time=0.211
obj=0.822
time=0.216
obj=0.821
time=0.219
obj=0.818
time=0.223
obj=0.818
time=0.227
obj=0.818
time=0.231
obj=0.816
time=0.235
obj=0.816
time=0.239
obj=0.814
time=0.242
obj=0.807
time=0.247
obj=0.792
time=0.251
obj=0.789
time=0.255
obj=0.783
time=0.261
obj=0.782
time=0.266
obj=0.780
time=0.270
obj=0.779
time=0.274
obj=0.776
time=0.279
obj=0.776
time=0.283
obj=0.774
time=0.289
obj=0.774
time=0.293
obj=0.769
time=0.298
obj=0.768
time=0.303
obj=0.767
time=0.307
obj=0.764
time=0.312
obj=0.764
time=0.317
obj=0.763
time=0.321
obj=0.762
time=0.325
obj=0.757
time=0.330
obj=0.754
time=0.334
obj=0.750
time=0.338
obj=0.749
time=0.342
obj=0.748
time=0.348
obj=0.745
time=0.354
obj=0.745
time=0.360
obj=0.745
time=0.367
obj=0.744
time=0.371
obj=0.743
time=0.376
obj=0.743
time=0.383
obj=0.742
time=0.389
obj=0.742
time=0.394
obj=0.739
time=0.403
obj=0.734
time=0.407
obj=0.734
time=0.411
obj=0.729
time=0.417
obj=0.728
time=0.422
obj=0.728
time=0.426
obj=0.728
time=0.433
obj=0.727
time=0.438
obj=0.725
time=0.442
obj=0.722
time=0.449
obj=0.721
time=0.456
obj=0.719
time=0.461
obj=0.718
time=0.466
obj=0.717
time=0.470
obj=0.715
time=0.476
obj=0.714
time=0.481
obj=0.713
time=0.486
obj=0.712
time=0.491
obj=0.711
time=0.496
obj=0.711
time=0.501
obj=0.709
time=0.508
obj=0.707
time=0.512
obj=0.706
time=0.518
obj=0.702
time=0.528
obj=0.701
time=0.532
obj=0.700
time=0.540
obj=0.700
time=0.548
obj=0.699
time=0.554
obj=0.697
time=0.558
obj=0.697
time=0.563
obj=0.695
time=0.568
obj=0.692
time=0.575
obj=0.691
time=0.585
obj=0.690
time=0.593
obj=0.689
time=0.611
obj=0.686
time=0.614
obj=0.686
time=0.626
obj=0.685
time=0.630
obj=0.685
time=0.635
obj=0.684
time=0.657
obj=0.684
time=0.661
obj=0.682
time=0.668
obj=0.682
time=0.679
obj=0.681
time=0.683
obj=0.681
time=0.708
obj=0.680
time=0.713
obj=0.680
time=0.719
obj=0.679
time=0.726
obj=0.679
time=0.731
obj=0.678
time=0.736
obj=0.678
time=0.817
obj=0.677
time=0.829
obj=0.677
time=0.848
obj=0.677
time=0.852
obj=0.676
time=0.857
obj=0.674
time=0.863
obj=0.674
time=0.869
obj=0.673
time=0.874
obj=0.670
time=0.879
obj=0.670
time=0.882
obj=0.669
time=0.895
obj=0.668
time=0.900
obj=0.668
time=0.903
obj=0.666
time=0.910
obj=0.666
time=0.914
obj=0.665
time=1.038
obj=0.662
time=1.043
obj=0.662
time=1.050
obj=0.661
time=1.063
obj=0.661
time=1.070
obj=0.661
time=1.078
obj=0.661
time=1.083
obj=0.661
time=1.088
obj=0.660
time=1.100
obj=0.657
time=1.103
obj=0.657
time=1.107
obj=0.657
time=1.113
obj=0.654
time=1.117
obj=0.650
time=1.127
obj=0.649
time=1.136
obj=0.646
time=1.262
obj=0.646
time=1.353
obj=0.646
time=1.356
obj=0.645
time=1.359
obj=0.645
time=1.484
obj=0.645
time=1.488
obj=0.644
time=1.493
obj=0.644
time=3.126
obj=0.643
time=3.128
obj=0.641
time=3.132
obj=0.641
time=3.142
obj=0.641
time=3.144
obj=0.640
time=3.149
obj=0.640
time=3.153
obj=0.639
time=3.157
obj=0.639
time=3.160
obj=0.638
time=3.165
obj=0.638
time=3.169
obj=0.638
time=3.173
obj=0.638
time=3.189
obj=0.636
time=3.192
obj=0.636
time=3.200
obj=0.634
time=3.203
obj=0.634
time=3.265
obj=0.634
time=3.269
obj=0.632
time=9.939
obj=0.631
time=9.942
obj=0.631
time=102.981
obj=0.630
time=102.984
obj=0.629
time=315.666
obj=0.629
time=315.669
obj=0.629
c real margin = 0.371
