buffers=8
windows=60
args generated-large/65.txt 12345 1
original_lb=0.234
time=0.015
obj=1.133
time=0.020
obj=1.074
time=0.022
obj=1.070
time=0.023
obj=1.066
time=0.025
obj=1.063
time=0.026
obj=1.062
time=0.027
obj=1.057
time=0.029
obj=1.054
time=0.030
obj=1.043
time=0.031
obj=1.040
time=0.033
obj=1.034
time=0.034
obj=1.033
time=0.036
obj=1.024
time=0.037
obj=1.022
time=0.038
obj=1.007
time=0.040
obj=1.003
time=0.041
obj=0.999
time=0.042
obj=0.997
time=0.043
obj=0.995
time=0.045
obj=0.995
time=0.047
obj=0.993
time=0.050
obj=0.993
time=0.051
obj=0.992
time=0.053
obj=0.991
time=0.055
obj=0.985
time=0.057
obj=0.980
time=0.076
obj=0.978
time=0.076
obj=0.978
time=0.078
obj=0.976
time=0.080
obj=0.973
time=0.083
obj=0.973
time=0.084
obj=0.969
time=0.086
obj=0.967
time=0.087
obj=0.964
time=0.088
obj=0.964
time=0.089
obj=0.959
time=0.094
obj=0.958
time=0.096
obj=0.954
time=0.098
obj=0.949
time=0.099
obj=0.933
time=0.197
obj=0.924
time=0.218
obj=0.922
time=0.237
obj=0.921
time=1.167
obj=0.920
time=1.299
obj=0.919
time=1.458
obj=0.918
time=1.591
obj=0.917
time=1.592
obj=0.916
time=2.080
obj=0.914
time=3.418
obj=0.914
time=3.749
obj=0.912
time=5.248
obj=0.911
time=5.248
obj=0.907
time=11.496
obj=0.906
time=13.900
obj=0.903
time=15.968
obj=0.902
time=15.969
obj=0.902
time=20.580
obj=0.900
time=20.581
obj=0.899
time=183.204
obj=0.899
time=534.923
obj=0.898
time=534.924
obj=0.896
c real margin = 0.104
