buffers=16
windows=80
args generated-large/66.txt 12345 1
original_lb=0.227
time=0.079
obj=0.783
time=0.101
obj=0.763
time=0.104
obj=0.760
time=0.108
obj=0.758
time=0.111
obj=0.701
time=0.115
obj=0.686
time=0.119
obj=0.685
time=0.123
obj=0.680
time=0.127
obj=0.679
time=0.131
obj=0.678
time=0.135
obj=0.674
time=0.138
obj=0.669
time=0.142
obj=0.642
time=0.146
obj=0.634
time=0.150
obj=0.633
time=0.154
obj=0.626
time=0.158
obj=0.623
time=0.163
obj=0.614
time=0.167
obj=0.608
time=0.172
obj=0.608
time=0.175
obj=0.606
time=0.179
obj=0.603
time=0.183
obj=0.600
time=0.187
obj=0.598
time=0.192
obj=0.597
time=0.198
obj=0.596
time=0.201
obj=0.593
time=0.205
obj=0.583
time=0.210
obj=0.575
time=0.214
obj=0.572
time=0.218
obj=0.571
time=0.221
obj=0.570
time=0.225
obj=0.570
time=0.229
obj=0.568
time=0.233
obj=0.568
time=0.237
obj=0.567
time=0.242
obj=0.563
time=0.247
obj=0.559
time=0.251
obj=0.558
time=0.255
obj=0.555
time=0.260
obj=0.550
time=0.265
obj=0.547
time=0.269
obj=0.539
time=0.274
obj=0.537
time=0.278
obj=0.536
time=0.283
obj=0.534
time=0.287
obj=0.534
time=0.291
obj=0.532
time=0.294
obj=0.524
time=0.299
obj=0.520
time=0.303
obj=0.520
time=0.308
obj=0.520
time=0.314
obj=0.518
time=0.320
obj=0.513
time=0.324
obj=0.509
time=0.329
obj=0.507
time=0.334
obj=0.506
time=0.339
obj=0.504
time=0.343
obj=0.503
time=0.348
obj=0.502
time=0.352
obj=0.499
time=0.360
obj=0.498
time=0.365
obj=0.496
time=0.369
obj=0.496
time=0.373
obj=0.495
time=0.380
obj=0.495
time=0.384
obj=0.494
time=0.388
obj=0.492
time=0.466
obj=0.492
time=0.469
obj=0.491
time=0.472
obj=0.490
time=0.476
obj=0.490
time=0.480
obj=0.489
time=0.548
obj=0.489
time=0.552
obj=0.483
time=0.670
obj=0.482
time=0.674
obj=0.482
time=0.678
obj=0.482
time=0.688
obj=0.482
time=0.692
obj=0.481
time=1.327
obj=0.480
time=1.331
obj=0.477
time=1.338
obj=0.477
time=1.342
obj=0.476
time=1.347
obj=0.476
time=1.351
obj=0.474
time=1.593
obj=0.474
time=1.597
obj=0.473
time=1.601
obj=0.472
time=1.604
obj=0.471
time=1.614
obj=0.470
time=2.143
obj=0.469
time=2.146
obj=0.465
time=2.150
obj=0.464
time=3.044
obj=0.464
time=3.048
obj=0.463
time=12.327
obj=0.461
time=15.117
obj=0.461
time=15.376
obj=0.460
time=15.380
obj=0.459
c real margin = 0.541
