buffers=8
windows=20
args generated-large/68.txt 12345 1
original_lb=0.205
time=0.013
obj=0.781
time=0.016
obj=0.762
time=0.017
obj=0.752
time=0.019
obj=0.749
time=0.020
obj=0.745
time=0.021
obj=0.744
time=0.022
obj=0.741
time=0.023
obj=0.737
time=0.025
obj=0.733
time=0.026
obj=0.728
time=0.027
obj=0.721
time=0.027
obj=0.703
time=0.029
obj=0.680
time=0.029
obj=0.676
time=0.031
obj=0.674
time=0.034
obj=0.674
time=0.035
obj=0.665
time=0.037
obj=0.664
time=0.038
obj=0.647
time=0.039
obj=0.645
time=0.040
obj=0.638
time=0.043
obj=0.638
time=0.045
obj=0.635
time=0.047
obj=0.634
time=0.048
obj=0.627
time=0.049
obj=0.627
time=0.054
obj=0.621
time=0.055
obj=0.611
time=0.091
obj=0.606
time=0.133
obj=0.605
time=0.133
obj=0.602
time=0.134
obj=0.595
time=0.137
obj=0.594
time=0.139
obj=0.592
time=0.173
obj=0.592
time=0.731
obj=0.589
time=0.732
obj=0.588
time=0.836
obj=0.587
time=0.837
obj=0.580
time=0.966
obj=0.577
time=0.967
obj=0.575
time=1.155
obj=0.571
time=2.786
obj=0.564
time=3.068
obj=0.561
time=3.069
obj=0.560
time=71.492
obj=0.559
time=71.493
obj=0.559
c real margin = 0.441
