buffers=16
windows=60
args generated-large/69.txt 12345 1
original_lb=0.194
time=0.062
obj=1.026
time=0.072
obj=1.021
time=0.078
obj=1.020
time=0.083
obj=1.019
time=0.087
obj=1.018
time=0.091
obj=1.012
time=0.094
obj=1.011
time=0.099
obj=1.002
time=0.102
obj=1.002
time=0.108
obj=0.997
time=0.111
obj=0.992
time=0.114
obj=0.989
time=0.119
obj=0.987
time=0.122
obj=0.976
time=0.126
obj=0.975
time=0.129
obj=0.975
time=0.135
obj=0.975
time=0.138
obj=0.974
time=0.143
obj=0.973
time=0.145
obj=0.972
time=0.150
obj=0.964
time=0.152
obj=0.963
time=0.155
obj=0.962
time=0.158
obj=0.954
time=0.161
obj=0.949
time=0.168
obj=0.946
time=0.171
obj=0.945
time=0.174
obj=0.944
time=0.178
obj=0.938
time=0.182
obj=0.936
time=0.185
obj=0.935
time=0.188
obj=0.933
time=0.191
obj=0.926
time=0.198
obj=0.925
time=0.201
obj=0.923
time=0.203
obj=0.920
time=0.207
obj=0.918
time=0.214
obj=0.916
time=0.218
obj=0.916
time=0.221
obj=0.915
time=0.225
obj=0.912
time=0.232
obj=0.912
time=0.237
obj=0.910
time=0.243
obj=0.910
time=0.247
obj=0.909
time=0.250
obj=0.908
time=0.252
obj=0.907
time=0.259
obj=0.904
time=0.264
obj=0.902
time=0.269
obj=0.902
time=0.272
obj=0.901
time=0.276
obj=0.901
time=0.280
obj=0.897
time=0.284
obj=0.896
time=0.291
obj=0.896
time=0.295
obj=0.896
time=0.299
obj=0.893
time=0.303
obj=0.893
time=0.310
obj=0.890
time=0.314
obj=0.889
time=0.319
obj=0.889
time=0.325
obj=0.884
time=0.330
obj=0.883
time=0.337
obj=0.883
time=0.341
obj=0.882
time=0.344
obj=0.882
time=0.351
obj=0.881
time=0.354
obj=0.879
time=0.360
obj=0.877
time=0.366
obj=0.876
time=0.373
obj=0.874
time=0.378
obj=0.873
time=0.386
obj=0.873
time=0.391
obj=0.871
time=0.397
obj=0.871
time=0.405
obj=0.868
time=0.416
obj=0.868
time=0.424
obj=0.866
time=0.433
obj=0.862
time=0.441
obj=0.862
time=0.447
obj=0.861
time=0.457
obj=0.858
time=0.464
obj=0.857
time=0.466
obj=0.856
time=0.471
obj=0.856
time=0.475
obj=0.854
time=0.479
obj=0.853
time=0.486
obj=0.852
time=0.496
obj=0.852
time=0.503
obj=0.851
time=0.512
obj=0.851
time=0.519
obj=0.851
time=0.526
obj=0.841
time=0.532
obj=0.839
time=0.542
obj=0.838
time=0.547
obj=0.838
time=0.552
obj=0.836
time=0.557
obj=0.834
time=0.560
obj=0.833
time=0.566
obj=0.829
time=0.582
obj=0.828
time=0.584
obj=0.827
time=0.605
obj=0.827
time=0.618
obj=0.826
time=0.623
obj=0.823
time=0.625
obj=0.823
time=0.634
obj=0.821
time=0.636
obj=0.820
time=0.641
obj=0.820
time=0.661
obj=0.820
time=0.663
obj=0.818
time=0.691
obj=0.818
time=0.693
obj=0.811
time=0.720
obj=0.810
time=0.723
obj=0.810
time=0.905
obj=0.810
time=0.915
obj=0.809
time=0.917
obj=0.807
time=0.928
obj=0.806
time=0.940
obj=0.804
time=0.942
obj=0.804
time=1.179
obj=0.804
time=1.257
obj=0.802
time=1.339
obj=0.801
time=1.349
obj=0.801
time=1.581
obj=0.799
time=1.763
obj=0.798
time=1.765
obj=0.797
time=1.789
obj=0.797
time=1.804
obj=0.796
time=1.896
obj=0.795
time=3.051
obj=0.794
time=3.572
obj=0.793
time=5.337
obj=0.793
time=6.896
obj=0.792
time=8.800
obj=0.792
time=9.313
obj=0.791
time=9.708
obj=0.789
time=11.489
obj=0.789
time=12.243
obj=0.789
time=12.245
obj=0.788
time=13.041
obj=0.787
time=17.123
obj=0.787
time=20.717
obj=0.786
time=29.566
obj=0.785
time=33.996
obj=0.784
time=33.999
obj=0.784
time=34.004
obj=0.782
time=37.173
obj=0.781
time=82.603
obj=0.780
time=93.826
obj=0.780
time=93.976
obj=0.780
time=98.726
obj=0.779
time=118.463
obj=0.779
time=167.778
obj=0.777
time=167.781
obj=0.776
time=215.170
obj=0.775
time=265.763
obj=0.775
time=282.024
obj=0.775
time=794.865
obj=0.774
time=794.867
obj=0.774
time=1076.483
obj=0.774
time=1076.486
obj=0.772
time=1160.891
obj=0.772
time=1160.893
obj=0.772
time=1160.896
obj=0.769
c real margin = 0.231
