buffers=16
windows=20
args generated-large/7.txt 12345 1
original_lb=0.235
time=0.063
obj=0.670
time=0.070
obj=0.582
time=0.073
obj=0.562
time=0.076
obj=0.561
time=0.080
obj=0.552
time=0.084
obj=0.550
time=0.087
obj=0.517
time=0.091
obj=0.514
time=0.095
obj=0.492
time=0.101
obj=0.490
time=0.108
obj=0.489
time=0.117
obj=0.489
time=0.126
obj=0.487
time=0.135
obj=0.485
time=0.138
obj=0.483
time=0.145
obj=0.477
time=0.153
obj=0.474
time=0.166
obj=0.471
time=0.199
obj=0.469
time=0.201
obj=0.466
time=0.220
obj=0.461
time=0.225
obj=0.459
time=0.229
obj=0.456
time=0.236
obj=0.454
time=0.239
obj=0.450
time=0.245
obj=0.440
time=0.255
obj=0.438
time=0.259
obj=0.437
time=0.499
obj=0.437
time=0.565
obj=0.436
time=0.568
obj=0.435
time=0.708
obj=0.435
time=0.882
obj=0.428
time=0.885
obj=0.428
time=0.899
obj=0.427
time=0.909
obj=0.427
time=0.911
obj=0.423
time=1.800
obj=0.419
time=2.337
obj=0.416
time=2.339
obj=0.415
c real margin = 0.585
