buffers=8
windows=60
args generated-large/71.txt 12345 1
original_lb=0.242
time=0.010
obj=0.948
time=0.015
obj=0.945
time=0.015
obj=0.914
time=0.016
obj=0.907
time=0.017
obj=0.903
time=0.018
obj=0.903
time=0.019
obj=0.902
time=0.019
obj=0.901
time=0.020
obj=0.897
time=0.021
obj=0.890
time=0.022
obj=0.889
time=0.023
obj=0.885
time=0.023
obj=0.884
time=0.024
obj=0.881
time=0.025
obj=0.877
time=0.026
obj=0.877
time=0.027
obj=0.876
time=0.027
obj=0.875
time=0.028
obj=0.870
time=0.029
obj=0.868
time=0.030
obj=0.861
time=0.030
obj=0.853
time=0.031
obj=0.844
time=0.032
obj=0.830
time=0.033
obj=0.820
time=0.034
obj=0.815
time=0.034
obj=0.807
time=0.035
obj=0.805
time=0.036
obj=0.805
time=0.037
obj=0.804
time=0.038
obj=0.804
time=0.039
obj=0.800
time=0.040
obj=0.799
time=0.041
obj=0.798
time=0.042
obj=0.797
time=0.043
obj=0.797
time=0.044
obj=0.795
time=0.044
obj=0.793
time=0.045
obj=0.786
time=0.046
obj=0.769
time=0.047
obj=0.769
time=0.048
obj=0.768
time=0.049
obj=0.766
time=0.050
obj=0.763
time=0.051
obj=0.762
time=0.052
obj=0.761
time=0.053
obj=0.761
time=0.054
obj=0.758
time=0.055
obj=0.753
time=0.056
obj=0.749
time=0.057
obj=0.748
time=0.058
obj=0.746
time=0.059
obj=0.746
time=0.060
obj=0.744
time=0.061
obj=0.743
time=0.063
obj=0.743
time=0.063
obj=0.737
time=0.065
obj=0.737
time=0.066
obj=0.736
time=0.068
obj=0.734
time=0.069
obj=0.732
time=0.070
obj=0.729
time=0.071
obj=0.726
time=0.072
obj=0.723
time=0.074
obj=0.723
time=0.075
obj=0.722
time=0.076
obj=0.720
time=0.078
obj=0.717
time=0.080
obj=0.717
time=0.082
obj=0.716
time=0.083
obj=0.716
time=0.083
obj=0.714
time=0.085
obj=0.714
time=0.086
obj=0.713
time=0.087
obj=0.712
time=0.089
obj=0.711
time=0.091
obj=0.703
time=0.092
obj=0.702
time=0.092
obj=0.699
time=0.095
obj=0.698
time=0.098
obj=0.698
time=0.098
obj=0.696
time=0.102
obj=0.694
time=0.103
obj=0.694
time=0.107
obj=0.693
time=0.107
obj=0.693
time=0.108
obj=0.690
time=0.110
obj=0.689
time=0.111
obj=0.689
time=0.112
obj=0.688
time=0.113
obj=0.687
time=0.114
obj=0.687
time=0.115
obj=0.686
time=0.134
obj=0.685
time=0.135
obj=0.683
time=0.139
obj=0.683
time=0.142
obj=0.682
time=0.161
obj=0.682
time=0.176
obj=0.681
time=0.194
obj=0.681
time=0.195
obj=0.677
time=0.199
obj=0.677
time=0.215
obj=0.676
time=0.283
obj=0.675
time=0.500
obj=0.675
time=0.503
obj=0.674
time=0.504
obj=0.673
time=0.505
obj=0.673
time=0.516
obj=0.672
time=0.518
obj=0.672
time=0.610
obj=0.671
time=0.770
obj=0.662
time=2.417
obj=0.661
time=2.863
obj=0.656
c real margin = 0.344
