buffers=8
windows=40
args generated-large/75.txt 12345 1
original_lb=0.250
time=0.011
obj=0.880
time=0.015
obj=0.845
time=0.015
obj=0.845
time=0.017
obj=0.838
time=0.017
obj=0.834
time=0.018
obj=0.832
time=0.018
obj=0.831
time=0.020
obj=0.830
time=0.021
obj=0.830
time=0.021
obj=0.824
time=0.022
obj=0.811
time=0.023
obj=0.802
time=0.024
obj=0.799
time=0.025
obj=0.796
time=0.027
obj=0.796
time=0.027
obj=0.794
time=0.028
obj=0.794
time=0.029
obj=0.793
time=0.030
obj=0.788
time=0.031
obj=0.787
time=0.032
obj=0.785
time=0.035
obj=0.785
time=0.038
obj=0.784
time=0.040
obj=0.781
time=0.043
obj=0.777
time=0.045
obj=0.772
time=0.045
obj=0.754
time=0.068
obj=0.746
time=0.071
obj=0.744
time=0.072
obj=0.741
time=0.073
obj=0.740
time=0.074
obj=0.735
time=0.075
obj=0.734
time=0.097
obj=0.729
time=0.099
obj=0.726
time=0.114
obj=0.726
time=0.139
obj=0.720
time=0.211
obj=0.715
time=1.176
obj=0.714
time=1.177
obj=0.711
time=4.480
obj=0.710
time=6.030
obj=0.709
time=6.031
obj=0.709
time=19.074
obj=0.709
time=34.208
obj=0.707
time=114.026
obj=0.705
time=147.874
obj=0.705
time=147.875
obj=0.705
time=216.040
obj=0.704
time=216.040
obj=0.700
c real margin = 0.300
