buffers=16
windows=80
args generated-large/77.txt 12345 1
original_lb=0.295
time=0.073
obj=0.924
time=0.094
obj=0.860
time=0.097
obj=0.821
time=0.100
obj=0.808
time=0.104
obj=0.800
time=0.107
obj=0.795
time=0.110
obj=0.772
time=0.114
obj=0.765
time=0.117
obj=0.759
time=0.120
obj=0.754
time=0.124
obj=0.735
time=0.127
obj=0.725
time=0.130
obj=0.719
time=0.133
obj=0.715
time=0.136
obj=0.690
time=0.139
obj=0.689
time=0.143
obj=0.684
time=0.146
obj=0.671
time=0.150
obj=0.663
time=0.153
obj=0.660
time=0.156
obj=0.660
time=0.160
obj=0.660
time=0.163
obj=0.655
time=0.167
obj=0.655
time=0.170
obj=0.652
time=0.174
obj=0.650
time=0.177
obj=0.648
time=0.182
obj=0.647
time=0.186
obj=0.647
time=0.189
obj=0.644
time=0.193
obj=0.641
time=0.197
obj=0.635
time=0.201
obj=0.622
time=0.207
obj=0.622
time=0.210
obj=0.622
time=0.214
obj=0.619
time=0.218
obj=0.619
time=0.221
obj=0.615
time=0.225
obj=0.614
time=0.228
obj=0.614
time=0.231
obj=0.606
time=0.235
obj=0.592
time=0.239
obj=0.592
time=0.243
obj=0.592
time=0.247
obj=0.586
time=0.250
obj=0.584
time=0.256
obj=0.583
time=0.259
obj=0.582
time=0.264
obj=0.581
time=0.268
obj=0.579
time=0.271
obj=0.573
time=0.275
obj=0.573
time=0.279
obj=0.572
time=0.283
obj=0.571
time=0.291
obj=0.570
time=0.295
obj=0.568
time=0.298
obj=0.567
time=0.301
obj=0.565
time=0.306
obj=0.563
time=0.312
obj=0.562
time=0.316
obj=0.562
time=0.319
obj=0.562
time=0.325
obj=0.560
time=0.331
obj=0.560
time=0.334
obj=0.558
time=0.338
obj=0.558
time=0.341
obj=0.558
time=0.402
obj=0.552
time=0.467
obj=0.550
time=0.477
obj=0.550
time=0.480
obj=0.548
time=0.489
obj=0.548
time=0.494
obj=0.546
time=0.497
obj=0.544
time=0.503
obj=0.543
time=0.507
obj=0.542
time=0.510
obj=0.540
time=0.517
obj=0.539
time=0.521
obj=0.539
time=0.525
obj=0.535
time=0.533
obj=0.534
time=0.537
obj=0.533
time=0.542
obj=0.532
time=0.866
obj=0.530
time=0.976
obj=0.527
time=0.979
obj=0.526
time=0.985
obj=0.526
time=0.989
obj=0.524
time=0.992
obj=0.519
time=4.033
obj=0.519
time=4.036
obj=0.519
time=4.040
obj=0.518
time=4.045
obj=0.517
time=8.017
obj=0.515
time=8.021
obj=0.515
time=12.232
obj=0.514
time=12.236
obj=0.513
time=12.239
obj=0.512
time=23.249
obj=0.511
time=100.967
obj=0.511
time=108.858
obj=0.511
time=108.862
obj=0.511
time=118.948
obj=0.510
time=167.706
obj=0.509
time=167.709
obj=0.509
time=178.661
obj=0.509
time=178.665
obj=0.509
time=190.300
obj=0.509
time=190.303
obj=0.508
time=190.307
obj=0.507
time=190.310
obj=0.506
time=200.102
obj=0.506
time=258.717
obj=0.506
time=317.240
obj=0.503
c real margin = 0.497
