buffers=8
windows=80
args generated-large/80.txt 12345 1
original_lb=0.192
time=0.010
obj=0.830
time=0.016
obj=0.819
time=0.017
obj=0.780
time=0.018
obj=0.766
time=0.019
obj=0.760
time=0.020
obj=0.748
time=0.020
obj=0.742
time=0.021
obj=0.737
time=0.022
obj=0.731
time=0.023
obj=0.730
time=0.024
obj=0.726
time=0.025
obj=0.725
time=0.026
obj=0.723
time=0.027
obj=0.704
time=0.027
obj=0.683
time=0.028
obj=0.679
time=0.029
obj=0.676
time=0.030
obj=0.674
time=0.031
obj=0.673
time=0.032
obj=0.671
time=0.033
obj=0.670
time=0.034
obj=0.667
time=0.035
obj=0.667
time=0.036
obj=0.666
time=0.037
obj=0.663
time=0.038
obj=0.662
time=0.038
obj=0.656
time=0.039
obj=0.655
time=0.040
obj=0.648
time=0.041
obj=0.638
time=0.042
obj=0.637
time=0.043
obj=0.632
time=0.044
obj=0.631
time=0.045
obj=0.630
time=0.046
obj=0.628
time=0.047
obj=0.626
time=0.048
obj=0.618
time=0.049
obj=0.617
time=0.050
obj=0.615
time=0.051
obj=0.610
time=0.052
obj=0.608
time=0.053
obj=0.607
time=0.054
obj=0.598
time=0.055
obj=0.592
time=0.056
obj=0.588
time=0.057
obj=0.586
time=0.058
obj=0.585
time=0.059
obj=0.584
time=0.060
obj=0.584
time=0.061
obj=0.583
time=0.062
obj=0.583
time=0.063
obj=0.577
time=0.065
obj=0.571
time=0.066
obj=0.571
time=0.067
obj=0.566
time=0.068
obj=0.566
time=0.069
obj=0.564
time=0.070
obj=0.564
time=0.071
obj=0.563
time=0.072
obj=0.561
time=0.074
obj=0.560
time=0.075
obj=0.560
time=0.107
obj=0.555
time=0.108
obj=0.554
time=0.109
obj=0.552
time=0.126
obj=0.548
time=0.127
obj=0.547
time=0.142
obj=0.547
time=0.143
obj=0.545
time=0.178
obj=0.545
time=0.179
obj=0.545
time=0.180
obj=0.543
time=0.182
obj=0.540
time=0.364
obj=0.539
time=0.365
obj=0.539
time=0.507
obj=0.539
time=0.509
obj=0.538
time=0.510
obj=0.538
time=0.511
obj=0.535
time=0.629
obj=0.535
time=0.630
obj=0.533
time=0.631
obj=0.532
time=0.632
obj=0.528
time=1.277
obj=0.527
time=1.278
obj=0.526
time=1.279
obj=0.526
time=1.280
obj=0.525
time=1.281
obj=0.520
time=2.690
obj=0.520
time=2.691
obj=0.517
time=2.691
obj=0.515
time=3.592
obj=0.514
time=3.594
obj=0.512
time=3.594
obj=0.512
time=4.980
obj=0.512
c real margin = 0.488
