buffers=24
windows=40
args generated-large/81.txt 12345 1
original_lb=0.229
time=0.213
obj=0.894
time=0.237
obj=0.875
time=0.242
obj=0.862
time=0.248
obj=0.855
time=0.255
obj=0.844
time=0.261
obj=0.835
time=0.268
obj=0.824
time=0.277
obj=0.818
time=0.284
obj=0.817
time=0.291
obj=0.811
time=0.296
obj=0.811
time=0.304
obj=0.795
time=0.310
obj=0.790
time=0.317
obj=0.790
time=0.326
obj=0.787
time=0.334
obj=0.786
time=0.340
obj=0.785
time=0.346
obj=0.781
time=0.351
obj=0.764
time=0.360
obj=0.761
time=0.367
obj=0.759
time=0.372
obj=0.759
time=0.378
obj=0.757
time=0.389
obj=0.754
time=0.396
obj=0.754
time=0.404
obj=0.753
time=0.412
obj=0.748
time=0.418
obj=0.745
time=0.424
obj=0.741
time=0.432
obj=0.736
time=0.438
obj=0.734
time=0.450
obj=0.721
time=0.458
obj=0.718
time=0.470
obj=0.717
time=0.476
obj=0.717
time=0.484
obj=0.716
time=0.491
obj=0.715
time=0.501
obj=0.709
time=0.513
obj=0.705
time=0.523
obj=0.700
time=0.529
obj=0.695
time=0.539
obj=0.691
time=0.546
obj=0.688
time=0.552
obj=0.686
time=0.561
obj=0.686
time=0.567
obj=0.685
time=0.578
obj=0.683
time=0.584
obj=0.683
time=0.595
obj=0.682
time=0.604
obj=0.680
time=0.610
obj=0.679
time=0.628
obj=0.678
time=0.633
obj=0.677
time=0.642
obj=0.669
time=0.656
obj=0.667
time=0.665
obj=0.661
time=0.678
obj=0.661
time=0.700
obj=0.659
time=0.705
obj=0.658
time=0.719
obj=0.658
time=0.725
obj=0.658
time=0.736
obj=0.656
time=0.745
obj=0.656
time=0.752
obj=0.655
time=0.768
obj=0.652
time=0.781
obj=0.651
time=0.796
obj=0.650
time=0.815
obj=0.649
time=0.827
obj=0.649
time=0.844
obj=0.645
time=0.856
obj=0.645
time=0.865
obj=0.640
time=0.873
obj=0.640
time=0.894
obj=0.638
time=0.899
obj=0.637
time=0.920
obj=0.637
time=0.930
obj=0.636
time=0.946
obj=0.632
time=0.956
obj=0.630
time=0.993
obj=0.628
time=1.018
obj=0.627
time=1.023
obj=0.626
time=1.029
obj=0.624
time=1.051
obj=0.624
time=1.076
obj=0.622
time=1.081
obj=0.620
time=1.087
obj=0.618
time=1.113
obj=0.617
time=1.125
obj=0.617
time=1.450
obj=0.615
time=1.475
obj=0.615
time=1.511
obj=0.612
time=1.515
obj=0.611
time=1.520
obj=0.608
time=1.955
obj=0.606
time=2.680
obj=0.606
time=2.703
obj=0.605
time=5.596
obj=0.605
time=7.024
obj=0.605
time=10.824
obj=0.604
time=10.828
obj=0.604
time=10.834
obj=0.604
time=14.175
obj=0.603
time=14.186
obj=0.603
time=25.849
obj=0.603
time=25.853
obj=0.602
time=25.877
obj=0.601
time=26.204
obj=0.600
time=52.335
obj=0.600
time=52.339
obj=0.599
time=604.563
obj=0.599
time=604.568
obj=0.599
time=1298.344
obj=0.597
time=1298.349
obj=0.596
time=1872.426
obj=0.596
time=3446.324
obj=0.596
time=3446.344
obj=0.595
c real margin = 0.405
