buffers=8
windows=60
args generated-large/82.txt 12345 1
original_lb=0.232
time=0.014
obj=0.774
time=0.019
obj=0.748
time=0.020
obj=0.732
time=0.020
obj=0.731
time=0.021
obj=0.730
time=0.022
obj=0.721
time=0.023
obj=0.711
time=0.024
obj=0.675
time=0.025
obj=0.671
time=0.026
obj=0.652
time=0.026
obj=0.652
time=0.027
obj=0.652
time=0.029
obj=0.639
time=0.030
obj=0.634
time=0.030
obj=0.627
time=0.030
obj=0.625
time=0.030
obj=0.620
time=0.030
obj=0.620
time=0.031
obj=0.614
time=0.032
obj=0.610
time=0.033
obj=0.608
time=0.034
obj=0.608
time=0.035
obj=0.606
time=0.035
obj=0.595
time=0.036
obj=0.593
time=0.037
obj=0.589
time=0.038
obj=0.578
time=0.039
obj=0.577
time=0.040
obj=0.563
time=0.041
obj=0.559
time=0.043
obj=0.557
time=0.043
obj=0.552
time=0.044
obj=0.546
time=0.045
obj=0.539
time=0.046
obj=0.538
time=0.047
obj=0.535
time=0.048
obj=0.531
time=0.049
obj=0.529
time=0.050
obj=0.529
time=0.051
obj=0.522
time=0.053
obj=0.520
time=0.054
obj=0.520
time=0.056
obj=0.519
time=0.056
obj=0.514
time=0.058
obj=0.512
time=0.059
obj=0.511
time=0.061
obj=0.510
time=0.062
obj=0.507
time=0.065
obj=0.506
time=0.066
obj=0.505
time=0.068
obj=0.505
time=0.069
obj=0.505
time=0.071
obj=0.502
time=0.073
obj=0.497
time=0.074
obj=0.495
time=0.076
obj=0.492
time=0.076
obj=0.489
time=0.079
obj=0.488
time=0.080
obj=0.487
time=0.081
obj=0.486
time=0.082
obj=0.484
time=0.083
obj=0.482
time=0.085
obj=0.474
time=0.088
obj=0.471
time=0.089
obj=0.468
time=0.093
obj=0.467
time=0.166
obj=0.465
time=0.208
obj=0.465
time=0.211
obj=0.463
time=0.219
obj=0.461
time=0.220
obj=0.460
time=0.222
obj=0.460
time=0.384
obj=0.458
time=0.532
obj=0.455
time=0.533
obj=0.454
time=0.607
obj=0.454
time=0.947
obj=0.454
time=2.295
obj=0.453
time=4.268
obj=0.453
time=5.694
obj=0.452
time=7.309
obj=0.451
time=21.094
obj=0.451
time=21.095
obj=0.450
time=45.444
obj=0.449
time=50.565
obj=0.449
time=203.731
obj=0.449
time=329.121
obj=0.447
time=1148.678
obj=0.446
time=1148.679
obj=0.445
time=1148.679
obj=0.444
time=2396.689
obj=0.443
time=2396.690
obj=0.442
c real margin = 0.558
