buffers=8
windows=60
args generated-large/84.txt 12345 1
original_lb=0.202
time=0.013
obj=0.778
time=0.019
obj=0.775
time=0.020
obj=0.775
time=0.021
obj=0.762
time=0.022
obj=0.761
time=0.023
obj=0.759
time=0.024
obj=0.759
time=0.025
obj=0.741
time=0.026
obj=0.735
time=0.026
obj=0.731
time=0.027
obj=0.726
time=0.028
obj=0.724
time=0.029
obj=0.715
time=0.030
obj=0.705
time=0.031
obj=0.697
time=0.032
obj=0.693
time=0.033
obj=0.691
time=0.034
obj=0.690
time=0.035
obj=0.688
time=0.035
obj=0.681
time=0.036
obj=0.680
time=0.037
obj=0.680
time=0.038
obj=0.673
time=0.039
obj=0.648
time=0.041
obj=0.642
time=0.041
obj=0.638
time=0.043
obj=0.632
time=0.044
obj=0.631
time=0.045
obj=0.623
time=0.046
obj=0.623
time=0.047
obj=0.622
time=0.048
obj=0.622
time=0.049
obj=0.621
time=0.050
obj=0.616
time=0.051
obj=0.616
time=0.052
obj=0.609
time=0.053
obj=0.608
time=0.054
obj=0.606
time=0.055
obj=0.605
time=0.056
obj=0.602
time=0.057
obj=0.600
time=0.058
obj=0.598
time=0.059
obj=0.594
time=0.060
obj=0.591
time=0.061
obj=0.591
time=0.062
obj=0.589
time=0.063
obj=0.587
time=0.064
obj=0.586
time=0.065
obj=0.586
time=0.066
obj=0.581
time=0.068
obj=0.575
time=0.071
obj=0.575
time=0.074
obj=0.573
time=0.075
obj=0.571
time=0.078
obj=0.568
time=0.078
obj=0.567
time=0.079
obj=0.567
time=0.146
obj=0.567
time=0.148
obj=0.566
time=0.149
obj=0.566
time=0.150
obj=0.565
time=0.152
obj=0.561
time=0.153
obj=0.556
time=0.243
obj=0.556
time=0.244
obj=0.555
time=0.245
obj=0.554
time=0.267
obj=0.554
time=0.268
obj=0.550
time=0.310
obj=0.549
time=0.461
obj=0.549
time=0.462
obj=0.548
time=0.575
obj=0.548
time=0.658
obj=0.547
time=0.659
obj=0.543
time=0.660
obj=0.542
time=0.661
obj=0.539
time=0.836
obj=0.539
time=0.837
obj=0.539
time=0.838
obj=0.538
time=0.838
obj=0.537
time=0.983
obj=0.536
time=0.984
obj=0.536
time=0.986
obj=0.535
time=5.783
obj=0.535
time=45.793
obj=0.532
time=45.794
obj=0.532
time=197.835
obj=0.532
time=222.067
obj=0.531
c real margin = 0.469
