buffers=16
windows=60
args generated-large/85.txt 12345 1
original_lb=0.200
time=0.075
obj=0.835
time=0.163
obj=0.833
time=0.166
obj=0.831
time=0.170
obj=0.830
time=0.175
obj=0.826
time=0.179
obj=0.809
time=0.184
obj=0.808
time=0.188
obj=0.808
time=0.192
obj=0.805
time=0.197
obj=0.804
time=0.200
obj=0.789
time=0.206
obj=0.787
time=0.210
obj=0.786
time=0.215
obj=0.774
time=0.219
obj=0.767
time=0.224
obj=0.762
time=0.228
obj=0.758
time=0.232
obj=0.755
time=0.238
obj=0.755
time=0.242
obj=0.740
time=0.246
obj=0.734
time=0.250
obj=0.734
time=0.256
obj=0.730
time=0.261
obj=0.728
time=0.264
obj=0.721
time=0.270
obj=0.719
time=0.275
obj=0.718
time=0.279
obj=0.718
time=0.283
obj=0.718
time=0.288
obj=0.715
time=0.293
obj=0.714
time=0.298
obj=0.712
time=0.303
obj=0.709
time=0.312
obj=0.706
time=0.316
obj=0.706
time=0.321
obj=0.704
time=0.326
obj=0.704
time=0.329
obj=0.702
time=0.333
obj=0.696
time=0.337
obj=0.693
time=0.341
obj=0.690
time=0.346
obj=0.687
time=0.350
obj=0.687
time=0.355
obj=0.683
time=0.359
obj=0.681
time=0.363
obj=0.681
time=0.367
obj=0.678
time=0.377
obj=0.677
time=0.388
obj=0.674
time=0.392
obj=0.673
time=0.396
obj=0.669
time=0.400
obj=0.668
time=0.405
obj=0.668
time=0.411
obj=0.661
time=0.416
obj=0.655
time=0.419
obj=0.654
time=0.424
obj=0.654
time=0.436
obj=0.652
time=0.440
obj=0.652
time=0.445
obj=0.652
time=0.451
obj=0.651
time=0.462
obj=0.650
time=0.479
obj=0.649
time=0.483
obj=0.649
time=0.488
obj=0.648
time=0.492
obj=0.646
time=0.496
obj=0.644
time=0.500
obj=0.642
time=0.504
obj=0.640
time=0.509
obj=0.638
time=0.515
obj=0.637
time=0.519
obj=0.637
time=0.525
obj=0.636
time=0.531
obj=0.636
time=0.542
obj=0.635
time=0.697
obj=0.635
time=0.701
obj=0.635
time=0.705
obj=0.629
time=0.709
obj=0.629
time=1.100
obj=0.629
time=1.106
obj=0.629
time=1.111
obj=0.627
time=1.129
obj=0.623
time=1.136
obj=0.622
time=1.142
obj=0.616
time=1.148
obj=0.614
time=2.512
obj=0.608
time=2.517
obj=0.608
time=2.521
obj=0.608
time=2.524
obj=0.607
time=2.528
obj=0.607
time=37.806
obj=0.607
time=82.595
obj=0.606
time=82.598
obj=0.606
time=82.604
obj=0.605
time=82.607
obj=0.605
c real margin = 0.395
