buffers=8
windows=80
args generated-large/86.txt 12345 1
original_lb=0.188
time=0.015
obj=0.916
time=0.022
obj=0.902
time=0.022
obj=0.897
time=0.023
obj=0.889
time=0.024
obj=0.878
time=0.025
obj=0.872
time=0.026
obj=0.871
time=0.027
obj=0.870
time=0.028
obj=0.870
time=0.029
obj=0.861
time=0.030
obj=0.860
time=0.031
obj=0.855
time=0.032
obj=0.848
time=0.033
obj=0.846
time=0.034
obj=0.842
time=0.035
obj=0.841
time=0.035
obj=0.840
time=0.036
obj=0.835
time=0.037
obj=0.832
time=0.038
obj=0.820
time=0.039
obj=0.815
time=0.040
obj=0.810
time=0.041
obj=0.803
time=0.042
obj=0.800
time=0.044
obj=0.799
time=0.045
obj=0.798
time=0.046
obj=0.795
time=0.047
obj=0.790
time=0.048
obj=0.780
time=0.049
obj=0.777
time=0.050
obj=0.773
time=0.051
obj=0.772
time=0.052
obj=0.771
time=0.053
obj=0.769
time=0.054
obj=0.769
time=0.055
obj=0.766
time=0.056
obj=0.761
time=0.057
obj=0.760
time=0.058
obj=0.757
time=0.059
obj=0.756
time=0.060
obj=0.755
time=0.061
obj=0.752
time=0.062
obj=0.749
time=0.063
obj=0.746
time=0.064
obj=0.743
time=0.065
obj=0.739
time=0.067
obj=0.734
time=0.068
obj=0.734
time=0.070
obj=0.734
time=0.071
obj=0.733
time=0.072
obj=0.732
time=0.074
obj=0.729
time=0.075
obj=0.726
time=0.076
obj=0.725
time=0.078
obj=0.721
time=0.079
obj=0.720
time=0.080
obj=0.719
time=0.082
obj=0.716
time=0.084
obj=0.714
time=0.085
obj=0.711
time=0.086
obj=0.711
time=0.087
obj=0.709
time=0.088
obj=0.708
time=0.089
obj=0.698
time=0.091
obj=0.698
time=0.092
obj=0.695
time=0.094
obj=0.693
time=0.095
obj=0.693
time=0.096
obj=0.691
time=0.097
obj=0.691
time=0.098
obj=0.690
time=0.099
obj=0.688
time=0.100
obj=0.688
time=0.101
obj=0.684
time=0.103
obj=0.684
time=0.104
obj=0.683
time=0.105
obj=0.676
time=0.107
obj=0.675
time=0.109
obj=0.675
time=0.110
obj=0.670
time=0.111
obj=0.670
time=0.112
obj=0.669
time=0.115
obj=0.667
time=0.116
obj=0.666
time=0.119
obj=0.664
time=0.123
obj=0.663
time=0.124
obj=0.663
time=0.125
obj=0.661
time=0.126
obj=0.661
time=0.130
obj=0.658
time=0.131
obj=0.655
time=0.134
obj=0.655
time=0.170
obj=0.653
time=0.171
obj=0.653
time=0.239
obj=0.651
time=0.244
obj=0.651
time=0.249
obj=0.651
time=0.250
obj=0.648
time=0.254
obj=0.648
time=0.256
obj=0.647
time=0.282
obj=0.645
time=0.385
obj=0.645
time=0.388
obj=0.645
time=0.451
obj=0.644
time=0.628
obj=0.644
time=0.766
obj=0.643
time=0.767
obj=0.642
time=0.798
obj=0.641
time=0.798
obj=0.641
time=0.823
obj=0.639
time=0.824
obj=0.638
time=0.825
obj=0.637
time=0.826
obj=0.637
time=0.831
obj=0.634
time=0.976
obj=0.634
time=1.085
obj=0.633
time=1.086
obj=0.632
time=2.147
obj=0.630
time=3.874
obj=0.630
time=5.285
obj=0.628
time=5.412
obj=0.628
time=5.695
obj=0.628
time=10.079
obj=0.628
time=10.080
obj=0.627
time=12.324
obj=0.627
time=12.927
obj=0.627
time=12.928
obj=0.627
time=28.781
obj=0.626
time=34.740
obj=0.626
time=40.854
obj=0.625
time=41.641
obj=0.624
time=41.644
obj=0.623
time=69.835
obj=0.623
time=69.836
obj=0.623
time=81.239
obj=0.622
time=91.993
obj=0.620
time=230.974
obj=0.618
time=251.207
obj=0.618
time=1089.481
obj=0.616
time=1668.975
obj=0.615
time=1734.655
obj=0.614
time=1734.656
obj=0.614
c real margin = 0.386
