buffers=24
windows=20
args generated-large/87.txt 12345 1
original_lb=0.284
time=0.202
obj=0.581
time=0.219
obj=0.546
time=0.225
obj=0.543
time=0.232
obj=0.535
time=0.238
obj=0.524
time=0.248
obj=0.514
time=0.255
obj=0.506
time=0.263
obj=0.504
time=0.270
obj=0.481
time=0.277
obj=0.476
time=0.284
obj=0.476
time=0.292
obj=0.470
time=0.301
obj=0.470
time=0.309
obj=0.470
time=0.317
obj=0.455
time=0.324
obj=0.452
time=0.335
obj=0.451
time=0.343
obj=0.450
time=0.351
obj=0.443
time=0.358
obj=0.440
time=0.369
obj=0.432
time=0.377
obj=0.431
time=0.385
obj=0.431
time=0.394
obj=0.426
time=0.406
obj=0.425
time=0.416
obj=0.425
time=0.425
obj=0.422
time=0.438
obj=0.420
time=0.451
obj=0.415
time=0.459
obj=0.415
time=0.475
obj=0.413
time=0.483
obj=0.413
time=0.494
obj=0.411
time=0.503
obj=0.409
time=0.510
obj=0.407
time=0.518
obj=0.406
time=0.527
obj=0.406
time=0.535
obj=0.405
time=0.543
obj=0.405
time=0.550
obj=0.404
time=0.558
obj=0.402
time=0.566
obj=0.398
time=0.576
obj=0.397
time=0.588
obj=0.393
time=0.599
obj=0.390
time=0.608
obj=0.388
time=0.618
obj=0.385
time=0.625
obj=0.383
time=0.642
obj=0.382
time=0.664
obj=0.380
time=0.674
obj=0.379
time=0.699
obj=0.379
time=0.722
obj=0.378
time=0.728
obj=0.376
time=0.736
obj=0.376
time=0.745
obj=0.376
time=0.756
obj=0.375
time=0.778
obj=0.373
time=0.801
obj=0.371
time=0.811
obj=0.371
time=0.837
obj=0.370
time=0.853
obj=0.369
time=0.863
obj=0.368
time=0.902
obj=0.367
time=0.925
obj=0.366
time=0.946
obj=0.365
time=0.962
obj=0.361
time=0.984
obj=0.360
time=1.019
obj=0.360
time=1.025
obj=0.360
time=1.057
obj=0.359
time=1.063
obj=0.358
time=1.072
obj=0.358
time=1.097
obj=0.358
time=1.116
obj=0.358
time=1.132
obj=0.357
time=1.155
obj=0.357
time=1.163
obj=0.357
time=1.219
obj=0.355
time=1.227
obj=0.355
time=1.236
obj=0.355
time=1.246
obj=0.355
time=1.273
obj=0.351
time=1.375
obj=0.350
time=1.390
obj=0.349
time=1.406
obj=0.349
time=1.478
obj=0.348
time=1.488
obj=0.348
time=1.506
obj=0.348
time=1.569
obj=0.346
time=1.640
obj=0.345
time=1.657
obj=0.345
time=1.698
obj=0.344
time=1.749
obj=0.344
time=1.787
obj=0.343
time=2.123
obj=0.343
time=2.133
obj=0.343
time=2.158
obj=0.342
time=2.167
obj=0.342
time=2.224
obj=0.341
time=2.259
obj=0.341
time=2.269
obj=0.339
time=3.033
obj=0.339
time=3.071
obj=0.338
time=3.077
obj=0.338
time=3.094
obj=0.337
time=3.119
obj=0.337
time=3.903
obj=0.335
time=3.913
obj=0.335
time=3.933
obj=0.334
time=3.946
obj=0.334
time=3.980
obj=0.333
time=4.000
obj=0.333
time=4.010
obj=0.332
time=4.208
obj=0.332
time=4.220
obj=0.332
time=4.226
obj=0.331
time=4.251
obj=0.331
time=4.294
obj=0.331
time=4.301
obj=0.330
time=4.311
obj=0.330
time=4.352
obj=0.330
time=4.416
obj=0.329
time=4.435
obj=0.329
time=4.581
obj=0.327
time=4.588
obj=0.327
time=4.598
obj=0.326
time=4.702
obj=0.326
time=4.808
obj=0.326
time=4.854
obj=0.325
time=4.865
obj=0.325
time=4.897
obj=0.324
time=4.918
obj=0.324
time=4.964
obj=0.324
time=5.027
obj=0.324
time=5.039
obj=0.323
time=5.048
obj=0.321
time=6.532
obj=0.321
time=6.542
obj=0.321
time=18.744
obj=0.320
time=18.802
obj=0.320
time=43.608
obj=0.320
c real margin = 0.680
