buffers=24
windows=20
args generated-large/88.txt 12345 1
original_lb=0.244
time=0.193
obj=0.644
time=0.209
obj=0.620
time=0.218
obj=0.568
time=0.232
obj=0.558
time=0.241
obj=0.555
time=0.250
obj=0.534
time=0.261
obj=0.523
time=0.272
obj=0.519
time=0.282
obj=0.517
time=0.292
obj=0.513
time=0.303
obj=0.505
time=0.312
obj=0.501
time=0.321
obj=0.500
time=0.331
obj=0.498
time=0.343
obj=0.492
time=0.352
obj=0.489
time=0.362
obj=0.486
time=0.374
obj=0.486
time=0.384
obj=0.481
time=0.393
obj=0.481
time=0.404
obj=0.478
time=0.413
obj=0.476
time=0.430
obj=0.473
time=0.442
obj=0.473
time=0.454
obj=0.470
time=0.467
obj=0.467
time=0.477
obj=0.466
time=0.488
obj=0.465
time=0.498
obj=0.455
time=0.515
obj=0.452
time=0.525
obj=0.452
time=0.534
obj=0.451
time=0.545
obj=0.442
time=0.563
obj=0.438
time=0.573
obj=0.434
time=0.592
obj=0.431
time=0.601
obj=0.431
time=0.610
obj=0.430
time=0.622
obj=0.420
time=0.636
obj=0.420
time=0.645
obj=0.419
time=0.657
obj=0.419
time=0.676
obj=0.418
time=0.684
obj=0.416
time=0.696
obj=0.415
time=0.712
obj=0.414
time=0.719
obj=0.413
time=0.728
obj=0.404
time=0.734
obj=0.402
time=0.741
obj=0.401
time=0.748
obj=0.399
time=0.764
obj=0.398
time=0.775
obj=0.398
time=0.797
obj=0.397
time=0.810
obj=0.396
time=0.830
obj=0.395
time=0.846
obj=0.389
time=0.853
obj=0.388
time=0.862
obj=0.388
time=0.869
obj=0.387
time=0.881
obj=0.386
time=0.895
obj=0.385
time=0.906
obj=0.383
time=0.917
obj=0.383
time=0.946
obj=0.382
time=1.012
obj=0.382
time=1.026
obj=0.381
time=1.042
obj=0.381
time=1.049
obj=0.381
time=1.067
obj=0.380
time=1.076
obj=0.380
time=1.085
obj=0.380
time=1.109
obj=0.379
time=1.165
obj=0.378
time=1.170
obj=0.375
time=1.177
obj=0.375
time=1.184
obj=0.374
time=1.197
obj=0.372
time=1.204
obj=0.371
time=1.211
obj=0.371
time=1.229
obj=0.369
time=1.235
obj=0.368
time=1.244
obj=0.368
time=1.275
obj=0.367
time=1.302
obj=0.367
time=1.333
obj=0.367
time=1.351
obj=0.367
time=1.802
obj=0.366
time=1.811
obj=0.366
time=1.820
obj=0.365
time=1.835
obj=0.363
time=1.842
obj=0.360
time=16.369
obj=0.358
time=16.396
obj=0.358
time=16.442
obj=0.357
time=16.476
obj=0.357
c real margin = 0.643
