buffers=16
windows=60
args generated-large/89.txt 12345 1
original_lb=0.296
time=0.082
obj=0.777
time=0.100
obj=0.776
time=0.108
obj=0.775
time=0.114
obj=0.773
time=0.118
obj=0.772
time=0.121
obj=0.772
time=0.125
obj=0.772
time=0.128
obj=0.771
time=0.134
obj=0.769
time=0.137
obj=0.768
time=0.139
obj=0.768
time=0.142
obj=0.764
time=0.144
obj=0.764
time=0.148
obj=0.763
time=0.151
obj=0.757
time=0.154
obj=0.752
time=0.159
obj=0.751
time=0.165
obj=0.750
time=0.170
obj=0.749
time=0.174
obj=0.747
time=0.178
obj=0.741
time=0.184
obj=0.739
time=0.188
obj=0.739
time=0.192
obj=0.738
time=0.196
obj=0.737
time=0.200
obj=0.736
time=0.206
obj=0.736
time=0.213
obj=0.736
time=0.219
obj=0.733
time=0.224
obj=0.733
time=0.230
obj=0.732
time=0.234
obj=0.731
time=0.246
obj=0.724
time=0.252
obj=0.723
time=0.256
obj=0.717
time=0.261
obj=0.716
time=0.266
obj=0.716
time=0.272
obj=0.715
time=0.283
obj=0.713
time=0.289
obj=0.710
time=0.316
obj=0.709
time=0.321
obj=0.707
time=0.326
obj=0.706
time=0.334
obj=0.704
time=0.338
obj=0.703
time=0.342
obj=0.703
time=0.345
obj=0.702
time=0.353
obj=0.702
time=0.364
obj=0.701
time=0.368
obj=0.701
time=0.374
obj=0.701
time=0.378
obj=0.701
time=0.382
obj=0.699
time=0.396
obj=0.699
time=0.404
obj=0.699
time=0.410
obj=0.696
time=0.414
obj=0.695
time=0.418
obj=0.695
time=0.423
obj=0.695
time=0.430
obj=0.689
time=0.443
obj=0.688
time=0.449
obj=0.688
time=0.453
obj=0.686
time=0.456
obj=0.686
time=0.462
obj=0.685
time=0.465
obj=0.685
time=0.469
obj=0.683
time=0.476
obj=0.683
time=0.480
obj=0.682
time=0.490
obj=0.681
time=0.497
obj=0.680
time=0.500
obj=0.679
time=0.505
obj=0.679
time=0.509
obj=0.678
time=0.513
obj=0.678
time=0.525
obj=0.677
time=0.530
obj=0.674
time=0.535
obj=0.671
time=0.544
obj=0.670
time=0.553
obj=0.670
time=0.558
obj=0.669
time=0.564
obj=0.669
time=0.571
obj=0.668
time=0.576
obj=0.668
time=0.580
obj=0.667
time=0.584
obj=0.667
time=0.589
obj=0.666
time=0.598
obj=0.666
time=0.660
obj=0.666
time=0.664
obj=0.663
time=1081.032
obj=0.663
time=1081.034
obj=0.663
time=1081.039
obj=0.663
time=1081.043
obj=0.661
time=1081.046
obj=0.661
time=1081.049
obj=0.660
time=1081.054
obj=0.660
time=1081.060
obj=0.659
time=1081.062
obj=0.659
time=1081.113
obj=0.659
time=1081.116
obj=0.659
time=1081.120
obj=0.659
time=1081.123
obj=0.659
time=1081.126
obj=0.658
time=1081.132
obj=0.656
time=1081.138
obj=0.655
time=1289.983
obj=0.655
time=1289.985
obj=0.654
time=1289.988
obj=0.653
time=1289.991
obj=0.652
c real margin = 0.348
