buffers=24
windows=20
args generated-large/9.txt 12345 1
original_lb=0.245
time=0.214
obj=0.884
time=0.244
obj=0.882
time=0.251
obj=0.876
time=0.259
obj=0.876
time=0.271
obj=0.874
time=0.279
obj=0.871
time=0.291
obj=0.869
time=0.306
obj=0.863
time=0.313
obj=0.851
time=0.320
obj=0.851
time=0.327
obj=0.848
time=0.345
obj=0.839
time=0.359
obj=0.832
time=0.366
obj=0.819
time=0.377
obj=0.810
time=0.390
obj=0.810
time=0.397
obj=0.807
time=0.407
obj=0.806
time=0.416
obj=0.806
time=0.431
obj=0.802
time=0.447
obj=0.799
time=0.458
obj=0.798
time=0.466
obj=0.798
time=0.474
obj=0.795
time=0.490
obj=0.788
time=0.512
obj=0.782
time=0.520
obj=0.781
time=0.534
obj=0.780
time=0.546
obj=0.777
time=0.558
obj=0.772
time=0.579
obj=0.765
time=0.587
obj=0.762
time=0.604
obj=0.759
time=0.620
obj=0.757
time=0.637
obj=0.755
time=0.655
obj=0.750
time=0.662
obj=0.748
time=0.677
obj=0.744
time=0.684
obj=0.742
time=0.689
obj=0.741
time=0.707
obj=0.740
time=0.725
obj=0.740
time=0.746
obj=0.740
time=0.758
obj=0.740
time=0.773
obj=0.738
time=0.811
obj=0.737
time=0.826
obj=0.737
time=0.852
obj=0.737
time=0.861
obj=0.734
time=0.872
obj=0.734
time=0.894
obj=0.733
time=0.916
obj=0.733
time=0.927
obj=0.732
time=0.934
obj=0.732
time=0.961
obj=0.731
time=0.981
obj=0.726
time=1.003
obj=0.725
time=1.011
obj=0.725
time=1.026
obj=0.723
time=1.041
obj=0.723
time=1.048
obj=0.714
time=1.061
obj=0.713
time=1.098
obj=0.712
time=1.124
obj=0.712
time=1.163
obj=0.712
time=1.172
obj=0.708
time=1.196
obj=0.705
time=1.228
obj=0.704
time=1.255
obj=0.703
time=1.268
obj=0.701
time=1.293
obj=0.700
time=1.305
obj=0.694
time=1.346
obj=0.694
time=1.427
obj=0.694
time=1.434
obj=0.693
time=1.440
obj=0.689
time=1.467
obj=0.688
time=1.472
obj=0.685
time=1.487
obj=0.685
time=1.526
obj=0.683
time=1.560
obj=0.682
time=1.630
obj=0.682
time=1.639
obj=0.681
time=1.714
obj=0.680
time=1.732
obj=0.679
time=1.810
obj=0.679
time=1.863
obj=0.675
time=1.948
obj=0.674
time=1.959
obj=0.673
time=2.304
obj=0.673
time=2.321
obj=0.672
time=2.877
obj=0.671
time=2.984
obj=0.670
time=2.987
obj=0.667
time=2.992
obj=0.666
time=3.030
obj=0.666
time=3.050
obj=0.666
time=3.201
obj=0.665
time=3.542
obj=0.665
time=3.545
obj=0.664
time=3.710
obj=0.664
time=3.732
obj=0.660
time=4.019
obj=0.660
time=4.022
obj=0.658
time=5.094
obj=0.655
time=11.407
obj=0.655
time=11.410
obj=0.654
time=11.444
obj=0.653
time=11.447
obj=0.652
time=11.450
obj=0.652
time=11.463
obj=0.652
time=13.622
obj=0.651
time=13.625
obj=0.650
time=16.258
obj=0.650
time=21.027
obj=0.650
time=60.300
obj=0.650
time=68.199
obj=0.649
time=81.580
obj=0.649
time=81.582
obj=0.648
time=81.600
obj=0.648
time=83.189
obj=0.647
time=83.947
obj=0.647
time=83.950
obj=0.645
time=107.547
obj=0.645
time=107.550
obj=0.642
time=197.023
obj=0.641
time=197.026
obj=0.640
time=2468.005
obj=0.640
c real margin = 0.360
