buffers=24
windows=40
args generated-large/91.txt 12345 1
original_lb=0.224
time=0.172
obj=1.049
time=0.202
obj=1.048
time=0.213
obj=1.047
time=0.221
obj=1.039
time=0.227
obj=1.034
time=0.234
obj=1.027
time=0.243
obj=1.018
time=0.254
obj=1.016
time=0.262
obj=1.011
time=0.270
obj=1.011
time=0.282
obj=1.003
time=0.293
obj=1.001
time=0.298
obj=1.000
time=0.303
obj=0.993
time=0.309
obj=0.990
time=0.316
obj=0.989
time=0.326
obj=0.986
time=0.335
obj=0.981
time=0.342
obj=0.978
time=0.350
obj=0.970
time=0.358
obj=0.965
time=0.370
obj=0.964
time=0.383
obj=0.962
time=0.392
obj=0.962
time=0.399
obj=0.960
time=0.406
obj=0.960
time=0.417
obj=0.960
time=0.427
obj=0.956
time=0.435
obj=0.955
time=0.441
obj=0.955
time=0.450
obj=0.954
time=0.459
obj=0.951
time=0.469
obj=0.951
time=0.477
obj=0.948
time=0.489
obj=0.947
time=0.498
obj=0.945
time=0.509
obj=0.944
time=0.521
obj=0.941
time=0.528
obj=0.939
time=0.541
obj=0.938
time=0.553
obj=0.937
time=0.559
obj=0.930
time=0.569
obj=0.926
time=0.575
obj=0.925
time=0.583
obj=0.925
time=0.589
obj=0.925
time=0.596
obj=0.923
time=0.607
obj=0.920
time=0.613
obj=0.918
time=0.624
obj=0.916
time=0.633
obj=0.914
time=0.638
obj=0.912
time=0.650
obj=0.908
time=0.657
obj=0.907
time=0.665
obj=0.905
time=0.675
obj=0.905
time=0.687
obj=0.902
time=0.701
obj=0.899
time=0.707
obj=0.887
time=0.719
obj=0.885
time=0.738
obj=0.882
time=0.746
obj=0.880
time=0.763
obj=0.879
time=0.773
obj=0.875
time=0.779
obj=0.874
time=0.794
obj=0.871
time=0.810
obj=0.870
time=0.826
obj=0.870
time=0.842
obj=0.869
time=0.861
obj=0.869
time=0.867
obj=0.868
time=0.889
obj=0.868
time=0.902
obj=0.865
time=0.919
obj=0.865
time=0.924
obj=0.863
time=0.939
obj=0.863
time=0.959
obj=0.862
time=0.977
obj=0.861
time=0.994
obj=0.859
time=1.001
obj=0.859
time=1.009
obj=0.858
time=1.026
obj=0.857
time=1.035
obj=0.856
time=1.041
obj=0.853
time=1.048
obj=0.853
time=1.055
obj=0.850
time=1.079
obj=0.849
time=1.102
obj=0.849
time=1.126
obj=0.848
time=1.142
obj=0.847
time=1.151
obj=0.847
time=1.168
obj=0.844
time=1.191
obj=0.843
time=1.214
obj=0.843
time=1.221
obj=0.842
time=1.239
obj=0.842
time=1.254
obj=0.840
time=1.270
obj=0.839
time=1.275
obj=0.839
time=1.298
obj=0.838
time=1.306
obj=0.837
time=1.334
obj=0.836
time=1.363
obj=0.835
time=1.388
obj=0.835
time=1.425
obj=0.834
time=1.459
obj=0.833
time=1.464
obj=0.832
time=1.471
obj=0.832
time=1.477
obj=0.829
time=1.513
obj=0.829
time=1.584
obj=0.828
time=1.590
obj=0.828
time=1.674
obj=0.828
time=1.679
obj=0.825
time=1.700
obj=0.820
time=1.744
obj=0.820
time=1.761
obj=0.819
time=1.815
obj=0.819
time=1.820
obj=0.817
time=1.899
obj=0.817
time=1.904
obj=0.815
time=1.943
obj=0.815
time=1.964
obj=0.814
time=2.529
obj=0.813
time=2.882
obj=0.813
time=2.887
obj=0.811
time=4.159
obj=0.810
time=4.164
obj=0.808
time=5.406
obj=0.808
time=5.411
obj=0.806
time=5.441
obj=0.805
time=5.469
obj=0.805
time=5.474
obj=0.803
time=5.481
obj=0.802
time=5.882
obj=0.802
time=5.887
obj=0.800
time=8.754
obj=0.800
time=8.759
obj=0.798
time=8.779
obj=0.798
time=8.786
obj=0.797
time=8.812
obj=0.797
time=25.141
obj=0.796
time=25.145
obj=0.796
time=25.275
obj=0.796
time=25.280
obj=0.795
time=40.496
obj=0.794
time=45.024
obj=0.794
time=79.843
obj=0.794
time=84.088
obj=0.793
time=103.356
obj=0.793
time=103.360
obj=0.793
time=118.518
obj=0.793
time=161.849
obj=0.792
time=161.854
obj=0.792
time=176.137
obj=0.791
time=176.142
obj=0.790
time=232.721
obj=0.790
time=232.725
obj=0.790
time=530.093
obj=0.789
time=530.097
obj=0.789
time=629.478
obj=0.788
time=629.482
obj=0.787
time=1509.761
obj=0.786
time=2037.289
obj=0.786
time=2037.294
obj=0.784
time=2887.336
obj=0.783
time=2887.340
obj=0.783
c real margin = 0.217
