buffers=8
windows=20
args generated-large/94.txt 12345 1
original_lb=0.241
time=0.005
obj=0.761
time=0.006
obj=0.760
time=0.006
obj=0.759
time=0.007
obj=0.758
time=0.007
obj=0.745
time=0.007
obj=0.738
time=0.008
obj=0.696
time=0.008
obj=0.680
time=0.008
obj=0.669
time=0.009
obj=0.661
time=0.009
obj=0.657
time=0.011
obj=0.656
time=0.011
obj=0.655
time=0.013
obj=0.651
time=0.014
obj=0.625
time=0.075
obj=0.625
time=0.075
obj=0.624
time=0.076
obj=0.608
time=0.419
obj=0.605
time=0.419
obj=0.601
time=1.103
obj=0.600
time=1.557
obj=0.598
time=1.557
obj=0.592
time=2.523
obj=0.589
time=2.524
obj=0.587
time=38.355
obj=0.586
time=38.355
obj=0.584
time=2323.454
obj=0.579
time=2323.455
obj=0.574
c real margin = 0.426
