buffers=24
windows=80
args generated-large/96.txt 12345 1
original_lb=0.209
time=0.238
obj=0.911
time=0.287
obj=0.909
time=0.293
obj=0.896
time=0.301
obj=0.894
time=0.310
obj=0.893
time=0.316
obj=0.887
time=0.323
obj=0.884
time=0.330
obj=0.880
time=0.338
obj=0.879
time=0.345
obj=0.872
time=0.351
obj=0.871
time=0.359
obj=0.868
time=0.366
obj=0.868
time=0.374
obj=0.863
time=0.383
obj=0.862
time=0.393
obj=0.858
time=0.401
obj=0.857
time=0.410
obj=0.855
time=0.420
obj=0.851
time=0.429
obj=0.847
time=0.435
obj=0.845
time=0.443
obj=0.842
time=0.452
obj=0.840
time=0.459
obj=0.836
time=0.467
obj=0.831
time=0.474
obj=0.829
time=0.481
obj=0.828
time=0.487
obj=0.827
time=0.495
obj=0.825
time=0.504
obj=0.825
time=0.515
obj=0.825
time=0.522
obj=0.825
time=0.529
obj=0.824
time=0.535
obj=0.820
time=0.545
obj=0.820
time=0.554
obj=0.820
time=0.561
obj=0.817
time=0.567
obj=0.814
time=0.575
obj=0.813
time=0.583
obj=0.810
time=0.595
obj=0.803
time=0.602
obj=0.801
time=0.613
obj=0.800
time=0.621
obj=0.797
time=0.627
obj=0.793
time=0.638
obj=0.785
time=0.644
obj=0.783
time=0.652
obj=0.783
time=0.659
obj=0.782
time=0.671
obj=0.781
time=0.677
obj=0.778
time=0.689
obj=0.777
time=0.699
obj=0.777
time=0.713
obj=0.777
time=0.723
obj=0.775
time=0.732
obj=0.774
time=0.740
obj=0.772
time=0.747
obj=0.772
time=0.755
obj=0.771
time=0.763
obj=0.768
time=0.770
obj=0.763
time=0.780
obj=0.762
time=0.786
obj=0.762
time=0.794
obj=0.758
time=0.805
obj=0.758
time=0.819
obj=0.752
time=0.826
obj=0.752
time=0.837
obj=0.747
time=0.847
obj=0.746
time=0.856
obj=0.745
time=0.864
obj=0.744
time=0.872
obj=0.742
time=0.885
obj=0.741
time=0.897
obj=0.741
time=0.905
obj=0.740
time=0.917
obj=0.740
time=0.928
obj=0.740
time=0.936
obj=0.739
time=0.943
obj=0.738
time=0.954
obj=0.736
time=0.964
obj=0.732
time=0.973
obj=0.731
time=0.986
obj=0.730
time=0.993
obj=0.728
time=0.999
obj=0.727
time=1.006
obj=0.721
time=1.016
obj=0.718
time=1.025
obj=0.713
time=1.036
obj=0.711
time=1.045
obj=0.711
time=1.054
obj=0.709
time=1.066
obj=0.708
time=1.072
obj=0.707
time=1.079
obj=0.705
time=1.090
obj=0.701
time=1.097
obj=0.696
time=1.103
obj=0.695
time=1.113
obj=0.695
time=1.123
obj=0.693
time=1.138
obj=0.693
time=1.152
obj=0.690
time=1.165
obj=0.690
time=1.182
obj=0.689
time=1.204
obj=0.689
time=1.218
obj=0.689
time=1.236
obj=0.689
time=1.253
obj=0.688
time=1.259
obj=0.688
time=1.267
obj=0.687
time=1.283
obj=0.686
time=1.290
obj=0.685
time=1.306
obj=0.685
time=1.316
obj=0.683
time=1.331
obj=0.682
time=1.350
obj=0.681
time=1.356
obj=0.681
time=1.368
obj=0.681
time=1.380
obj=0.679
time=1.394
obj=0.679
time=1.410
obj=0.679
time=1.427
obj=0.679
time=1.434
obj=0.678
time=1.442
obj=0.677
time=1.453
obj=0.673
time=1.463
obj=0.672
time=1.470
obj=0.672
time=1.476
obj=0.671
time=1.492
obj=0.670
time=1.501
obj=0.670
time=1.522
obj=0.669
time=1.535
obj=0.669
time=1.545
obj=0.667
time=1.707
obj=0.666
time=1.719
obj=0.665
time=1.725
obj=0.665
time=1.744
obj=0.664
time=1.750
obj=0.663
time=1.768
obj=0.663
time=1.784
obj=0.663
time=1.933
obj=0.662
time=2.249
obj=0.661
time=2.268
obj=0.661
time=2.385
obj=0.661
time=2.405
obj=0.660
time=2.412
obj=0.659
time=2.420
obj=0.659
time=2.430
obj=0.659
time=2.444
obj=0.658
time=2.597
obj=0.658
time=2.602
obj=0.657
time=3.073
obj=0.657
time=3.087
obj=0.657
time=3.096
obj=0.654
time=3.111
obj=0.654
time=3.382
obj=0.653
time=3.387
obj=0.653
time=3.392
obj=0.653
time=3.411
obj=0.652
time=3.548
obj=0.651
time=3.553
obj=0.650
time=3.562
obj=0.649
time=3.693
obj=0.649
time=3.711
obj=0.648
time=3.732
obj=0.648
time=3.855
obj=0.645
time=3.870
obj=0.645
time=3.875
obj=0.644
time=3.880
obj=0.642
time=4.076
obj=0.642
time=4.081
obj=0.642
time=4.634
obj=0.642
time=4.648
obj=0.641
time=4.660
obj=0.640
time=5.260
obj=0.640
time=5.267
obj=0.640
time=9.237
obj=0.639
time=9.239
obj=0.638
time=10.072
obj=0.638
time=10.575
obj=0.638
time=10.580
obj=0.638
time=10.589
obj=0.637
time=11.314
obj=0.637
time=12.759
obj=0.635
time=13.376
obj=0.635
time=13.381
obj=0.634
time=13.395
obj=0.634
time=15.184
obj=0.634
time=17.440
obj=0.634
time=19.729
obj=0.633
time=24.074
obj=0.630
time=24.079
obj=0.630
time=25.085
obj=0.630
time=25.632
obj=0.630
time=25.637
obj=0.629
time=25.642
obj=0.629
time=28.589
obj=0.627
time=28.593
obj=0.626
time=29.952
obj=0.626
time=46.928
obj=0.625
time=46.933
obj=0.625
time=59.873
obj=0.624
time=66.178
obj=0.623
time=66.183
obj=0.623
time=66.188
obj=0.622
time=366.686
obj=0.622
time=366.691
obj=0.622
time=737.509
obj=0.621
time=765.691
obj=0.620
time=765.696
obj=0.620
time=1776.571
obj=0.620
time=1776.576
obj=0.619
time=2425.447
obj=0.619
time=2465.107
obj=0.618
time=3564.109
obj=0.617
c real margin = 0.383
