buffers=24
windows=20
args generated-large/97.txt 12345 1
original_lb=0.271
time=0.138
obj=0.633
time=0.149
obj=0.513
time=0.154
obj=0.506
time=0.158
obj=0.495
time=0.170
obj=0.492
time=0.175
obj=0.487
time=0.180
obj=0.483
time=0.185
obj=0.481
time=0.191
obj=0.480
time=0.196
obj=0.475
time=0.201
obj=0.475
time=0.206
obj=0.472
time=0.210
obj=0.472
time=0.217
obj=0.471
time=0.222
obj=0.467
time=0.230
obj=0.467
time=0.240
obj=0.465
time=0.251
obj=0.463
time=0.259
obj=0.462
time=0.267
obj=0.461
time=0.277
obj=0.460
time=0.287
obj=0.457
time=0.294
obj=0.453
time=0.303
obj=0.451
time=0.314
obj=0.450
time=0.323
obj=0.449
time=0.334
obj=0.446
time=0.345
obj=0.441
time=0.350
obj=0.437
time=0.357
obj=0.436
time=0.362
obj=0.435
time=0.376
obj=0.434
time=0.381
obj=0.434
time=0.395
obj=0.432
time=0.401
obj=0.432
time=0.413
obj=0.431
time=0.417
obj=0.430
time=0.423
obj=0.427
time=0.431
obj=0.426
time=0.439
obj=0.424
time=0.452
obj=0.424
time=0.459
obj=0.418
time=0.464
obj=0.418
time=0.470
obj=0.412
time=0.475
obj=0.411
time=0.481
obj=0.408
time=0.501
obj=0.408
time=0.515
obj=0.408
time=0.550
obj=0.406
time=0.555
obj=0.405
time=0.566
obj=0.402
time=0.595
obj=0.400
time=0.599
obj=0.397
time=0.712
obj=0.396
time=0.717
obj=0.396
time=0.756
obj=0.394
time=0.766
obj=0.394
time=0.773
obj=0.393
time=0.785
obj=0.392
time=0.794
obj=0.392
time=2.920
obj=0.391
time=2.924
obj=0.388
time=3.033
obj=0.388
time=3.045
obj=0.387
time=3.080
obj=0.387
time=3.084
obj=0.387
time=27.290
obj=0.386
time=27.305
obj=0.385
time=27.317
obj=0.384
time=28.870
obj=0.384
time=30.295
obj=0.383
c real margin = 0.617
