global=1
denseranking=1
symmetry=1
single_window=1
peak-ub=2061
buffers=24
windows=61
branches=1440
failures=0
obj=1207
time=3831
buffers=24
windows=61
branches=1440
failures=0
obj=1079
time=7037
buffers=24
windows=61
branches=1439
failures=0
obj=951
time=10878
buffers=24
windows=61
branches=1441
failures=4
obj=946
time=14731
buffers=24
windows=61
branches=1436
failures=0
obj=932
time=18332
buffers=24
windows=61
branches=1440
failures=0
obj=870
time=21921
buffers=24
windows=61
branches=1433
failures=0
obj=860
time=25850
buffers=24
windows=61
branches=1433
failures=0
obj=809
time=30232
buffers=24
windows=61
branches=1426
failures=0
obj=802
time=34113
buffers=24
windows=61
branches=1425
failures=0
obj=787
time=38679
buffers=24
windows=61
branches=10994
failures=1200
obj=786
time=65957
buffers=24
windows=61
branches=21505
failures=2401
obj=774
time=125379
buffers=24
windows=61
branches=29658
failures=3801
obj=763
time=212360
buffers=24
windows=61
branches=13212
failures=1300
obj=760
time=249656
buffers=24
windows=61
branches=1426
failures=8
obj=756
time=253878
buffers=24
windows=61
branches=1435
failures=14
obj=750
time=257913
buffers=24
windows=61
branches=1414
failures=3
obj=749
time=262429
buffers=24
windows=61
branches=29921
failures=4001
obj=747
time=349648
buffers=24
windows=61
branches=10827
failures=1302
obj=745
time=376864
buffers=24
windows=61
branches=34269
failures=5000
obj=737
time=478842
buffers=24
windows=61
branches=5930
failures=500
obj=736
time=493955
buffers=24
windows=61
branches=1409
failures=0
obj=731
time=498099
buffers=24
windows=61
branches=83122
failures=14997
obj=730
time=707167
buffers=24
windows=61
branches=64223
failures=11800
obj=728
time=866859
buffers=24
windows=61
branches=60185
failures=10400
obj=714
time=1026259
buffers=24
windows=61
branches=268650
failures=58236
obj=713
time=1645748
buffers=24
windows=61
branches=374600
failures=83936
obj=711
time=2452923
buffers=24
windows=61
branches=591086
failures=147801
original_status=TIMEOUT
original_lb=228
obj=711
time=3600002
status=TIMEOUT
real_obj=71.086
real_time=3600002
