global=1
denseranking=1
symmetry=1
single_window=1
peak-ub=648
buffers=24
windows=21
branches=480
failures=0
obj=438
time=4437
buffers=24
windows=21
branches=474
failures=0
obj=423
time=8996
buffers=24
windows=21
branches=1319
failures=342
obj=422
time=19128
buffers=24
windows=21
branches=971
failures=200
obj=421
time=27780
buffers=24
windows=21
branches=467
failures=0
obj=381
time=33129
buffers=24
windows=21
branches=543
failures=46
obj=380
time=38828
buffers=24
windows=21
branches=2846
failures=1017
obj=366
time=55699
buffers=24
windows=21
branches=42806
failures=19300
obj=363
time=268909
buffers=24
windows=21
branches=13137
failures=5610
obj=361
time=326519
buffers=24
windows=21
branches=39737
failures=18614
obj=360
time=465334
buffers=24
windows=21
branches=27623
failures=12605
obj=358
time=568824
buffers=24
windows=21
branches=22491
failures=9788
obj=346
time=662642
buffers=24
windows=21
branches=163009
failures=77187
obj=339
time=1208113
buffers=24
windows=21
branches=530838
failures=259500
original_status=TIMEOUT
original_lb=221
obj=339
time=3600003
status=TIMEOUT
real_obj=33.810
real_time=3600003
