global=1
denseranking=1
symmetry=1
single_window=1
peak-ub=4265
buffers=8
windows=81
branches=640
failures=0
obj=2204
time=52
buffers=8
windows=81
branches=640
failures=0
obj=2115
time=101
buffers=8
windows=81
branches=641
failures=1
obj=2102
time=150
buffers=8
windows=81
branches=640
failures=0
obj=2000
time=199
buffers=8
windows=81
branches=644
failures=5
obj=1990
time=248
buffers=8
windows=81
branches=641
failures=1
obj=1988
time=296
buffers=8
windows=81
branches=637
failures=1
obj=1986
time=344
buffers=8
windows=81
branches=640
failures=0
obj=1962
time=395
buffers=8
windows=81
branches=2081
failures=200
obj=1746
time=534
buffers=8
windows=81
branches=673
failures=19
obj=1733
time=586
buffers=8
windows=81
branches=1355
failures=101
obj=1695
time=676
buffers=8
windows=81
branches=667
failures=18
obj=1661
time=726
buffers=8
windows=81
branches=1388
failures=102
obj=1657
time=827
buffers=8
windows=81
branches=2142
failures=202
obj=1611
time=974
buffers=8
windows=81
branches=3411
failures=502
obj=1581
time=1202
buffers=8
windows=81
branches=2398
failures=349
obj=1578
time=1367
buffers=8
windows=81
branches=4362
failures=759
obj=1559
time=1650
buffers=8
windows=81
branches=1126
failures=116
obj=1556
time=1733
buffers=8
windows=81
branches=4084
failures=628
obj=1548
time=2002
buffers=8
windows=81
branches=12438
failures=2603
obj=1547
time=2802
buffers=8
windows=81
branches=2193
failures=249
obj=1544
time=2962
buffers=8
windows=81
branches=4247
failures=779
obj=1541
time=3244
buffers=8
windows=81
branches=9149
failures=1667
obj=1539
time=3849
buffers=8
windows=81
branches=10291
failures=1962
obj=1533
time=4514
buffers=8
windows=81
branches=2427
failures=399
obj=1532
time=4675
buffers=8
windows=81
branches=9369
failures=1745
obj=1496
time=5276
buffers=8
windows=81
branches=11965
failures=2782
obj=1492
time=6055
buffers=8
windows=81
branches=6987
failures=1304
obj=1491
time=6512
buffers=8
windows=81
branches=27963
failures=6728
obj=1490
time=8266
buffers=8
windows=81
branches=15329
failures=3464
obj=1487
time=9231
buffers=8
windows=81
branches=48754
failures=12385
obj=1485
time=12411
buffers=8
windows=81
branches=40030
failures=10221
obj=1459
time=14828
buffers=8
windows=81
branches=10832
failures=2236
obj=1455
time=15556
buffers=8
windows=81
branches=55898
failures=14141
obj=1454
time=19022
buffers=8
windows=81
branches=28940
failures=7821
obj=1453
time=20825
buffers=8
windows=81
branches=40610
failures=10376
obj=1452
time=23337
buffers=8
windows=81
branches=53767
failures=13811
obj=1438
time=26821
buffers=8
windows=81
branches=24608
failures=5795
obj=1436
time=28372
buffers=8
windows=81
branches=94392
failures=26727
obj=1427
time=34098
buffers=8
windows=81
branches=26044
failures=6220
obj=1423
time=35746
buffers=8
windows=81
branches=250402
failures=74724
obj=1422
time=49928
buffers=8
windows=81
branches=106367
failures=30040
obj=1419
time=56342
buffers=8
windows=81
branches=141206
failures=42540
obj=1415
time=64545
buffers=8
windows=81
branches=59766
failures=16679
obj=1414
time=68179
buffers=8
windows=81
branches=60405
failures=16772
obj=1413
time=71881
buffers=8
windows=81
branches=104847
failures=29927
obj=1412
time=78291
buffers=8
windows=81
branches=39674
failures=10665
obj=1411
time=80741
buffers=8
windows=81
branches=33579
failures=9165
obj=1409
time=82849
buffers=8
windows=81
branches=41238
failures=10964
obj=1407
time=85454
buffers=8
windows=81
branches=127122
failures=36977
obj=1406
time=93123
buffers=8
windows=81
branches=52469
failures=13553
obj=1402
time=96502
buffers=8
windows=81
branches=73998
failures=21411
obj=1400
time=101012
buffers=8
windows=81
branches=273434
failures=83917
obj=1396
time=116648
buffers=8
windows=81
branches=608447
failures=197265
obj=1395
time=150745
buffers=8
windows=81
branches=1646965
failures=575784
obj=1393
time=236347
buffers=8
windows=81
branches=298704
failures=96458
obj=1392
time=252954
buffers=8
windows=81
branches=475342
failures=153821
obj=1390
time=279890
buffers=8
windows=81
branches=1353617
failures=468347
obj=1386
time=352105
buffers=8
windows=81
branches=2373198
failures=823250
obj=1383
time=474428
buffers=8
windows=81
branches=510370
failures=165401
obj=1379
time=502768
buffers=8
windows=81
branches=6399759
failures=2376684
obj=1378
time=814521
buffers=8
windows=81
branches=8130370
failures=3006983
obj=1373
time=1203057
buffers=8
windows=81
branches=3672340
failures=1328702
obj=1372
time=1386579
buffers=8
windows=81
branches=6196549
failures=2280569
obj=1371
time=1690695
buffers=8
windows=81
branches=15653071
failures=5930002
obj=1370
time=2576063
buffers=8
windows=81
branches=18109471
failures=6832501
original_status=TIMEOUT
original_lb=212
obj=1370
time=3600001
status=TIMEOUT
real_obj=136.932
real_time=3600001
