global=1
denseranking=1
symmetry=1
single_window=1
peak-ub=2403
buffers=24
windows=41
branches=960
failures=0
obj=1154
time=4350
buffers=24
windows=41
branches=960
failures=0
obj=835
time=8291
buffers=24
windows=41
branches=959
failures=0
obj=808
time=12227
buffers=24
windows=41
branches=958
failures=0
obj=727
time=16121
buffers=24
windows=41
branches=12682
failures=2708
obj=720
time=64388
buffers=24
windows=41
branches=2188
failures=200
obj=710
time=72795
buffers=24
windows=41
branches=937
failures=0
obj=703
time=77349
buffers=24
windows=41
branches=5355
failures=800
obj=681
time=101221
buffers=24
windows=41
branches=6829
failures=1300
obj=680
time=133215
buffers=24
windows=41
branches=1533
failures=100
obj=679
time=140760
buffers=24
windows=41
branches=9070
failures=1700
obj=675
time=175155
buffers=24
windows=41
branches=16817
failures=3700
obj=670
time=247889
buffers=24
windows=41
branches=9398
failures=1806
obj=668
time=285287
buffers=24
windows=41
branches=17316
failures=3898
obj=660
time=358465
buffers=24
windows=41
branches=8696
failures=1700
obj=653
time=391899
buffers=24
windows=41
branches=191394
failures=57567
obj=652
time=1020658
buffers=24
windows=41
branches=178942
failures=54102
obj=649
time=1631667
buffers=24
windows=41
branches=68291
failures=19800
obj=630
time=1903482
buffers=24
windows=41
branches=470214
failures=153601
original_status=TIMEOUT
original_lb=260
obj=630
time=3600002
status=TIMEOUT
real_obj=62.932
real_time=3600002
