global=1
denseranking=1
symmetry=1
single_window=1
peak-ub=957
buffers=24
windows=21
branches=480
failures=0
obj=544
time=4445
buffers=24
windows=21
branches=480
failures=0
obj=472
time=8841
buffers=24
windows=21
branches=962
failures=100
obj=441
time=17803
buffers=24
windows=21
branches=5511
failures=1300
obj=423
time=62345
buffers=24
windows=21
branches=14226
failures=3877
obj=414
time=181470
buffers=24
windows=21
branches=19056
failures=5200
obj=409
time=327151
buffers=24
windows=21
branches=22159
failures=6400
obj=403
time=496778
buffers=24
windows=21
branches=105116
failures=34453
obj=399
time=1213709
buffers=24
windows=21
branches=24972
failures=7923
obj=397
time=1378634
buffers=24
windows=21
branches=15310
failures=4377
obj=381
time=1482298
buffers=24
windows=21
branches=333020
failures=122201
original_status=TIMEOUT
original_lb=262
obj=381
time=3600002
status=TIMEOUT
real_obj=38.636
real_time=3600002
