global=1
denseranking=1
symmetry=1
single_window=1
peak-ub=3605
buffers=24
windows=81
branches=1920
failures=0
obj=2160
time=3429
buffers=24
windows=81
branches=1920
failures=0
obj=1636
time=6266
buffers=24
windows=81
branches=1920
failures=0
obj=1400
time=9120
buffers=24
windows=81
branches=1909
failures=0
obj=1377
time=12420
buffers=24
windows=81
branches=9330
failures=500
obj=1373
time=25517
buffers=24
windows=81
branches=3697
failures=117
obj=1368
time=31690
buffers=24
windows=81
branches=5743
failures=200
obj=1349
time=41994
buffers=24
windows=81
branches=5345
failures=202
obj=1331
time=52850
buffers=24
windows=81
branches=5264
failures=202
obj=1313
time=62795
buffers=24
windows=81
branches=1926
failures=9
obj=1309
time=67237
buffers=24
windows=81
branches=5392
failures=200
obj=1287
time=80585
buffers=24
windows=81
branches=50220
failures=4901
obj=1282
time=188018
buffers=24
windows=81
branches=14724
failures=1202
obj=1273
time=212693
buffers=24
windows=81
branches=1905
failures=0
obj=1229
time=217792
buffers=24
windows=81
branches=23084
failures=1800
obj=1225
time=266641
buffers=24
windows=81
branches=69895
failures=8413
obj=1214
time=427937
buffers=24
windows=81
branches=114481
failures=13212
obj=1213
time=659778
buffers=24
windows=81
branches=74796
failures=9200
obj=1211
time=826681
buffers=24
windows=81
branches=7014
failures=400
obj=1207
time=842027
buffers=24
windows=81
branches=230899
failures=31800
obj=1158
time=1222142
buffers=24
windows=81
branches=443269
failures=69214
obj=1157
time=2436569
buffers=24
windows=81
branches=676330
failures=121701
original_status=TIMEOUT
original_lb=245
obj=1157
time=3600021
status=TIMEOUT
real_obj=115.643
real_time=3600021
