global=1
denseranking=1
symmetry=1
single_window=1
peak-ub=1835
buffers=24
windows=81
branches=1920
failures=0
obj=1377
time=3683
buffers=24
windows=81
branches=6076
failures=200
obj=1312
time=14183
buffers=24
windows=81
branches=10321
failures=500
obj=1286
time=33834
buffers=24
windows=81
branches=4007
failures=100
obj=1138
time=41569
buffers=24
windows=81
branches=8321
failures=400
obj=1136
time=57652
buffers=24
windows=81
branches=12377
failures=669
obj=1083
time=82919
buffers=24
windows=81
branches=1905
failures=2
obj=1066
time=87360
buffers=24
windows=81
branches=32881
failures=2842
obj=1021
time=155193
buffers=24
windows=81
branches=27357
failures=2001
obj=1012
time=241257
buffers=24
windows=81
branches=16714
failures=1206
obj=1011
time=275044
buffers=24
windows=81
branches=61739
failures=5201
obj=1002
time=419089
buffers=24
windows=81
branches=31264
failures=2404
obj=1000
time=505796
buffers=24
windows=81
branches=119505
failures=12400
obj=984
time=800929
buffers=24
windows=81
branches=85159
failures=9204
obj=980
time=1027436
buffers=24
windows=81
branches=26268
failures=1822
obj=976
time=1106335
buffers=24
windows=81
branches=369845
failures=49801
obj=970
time=1895937
buffers=24
windows=81
branches=3886
failures=115
obj=969
time=1906228
buffers=24
windows=81
branches=298168
failures=38882
obj=966
time=2709615
buffers=24
windows=81
branches=109261
failures=11600
obj=956
time=2965492
buffers=24
windows=81
branches=141780
failures=16107
obj=924
time=3388004
buffers=24
windows=81
branches=94032
failures=10001
original_status=TIMEOUT
original_lb=252
obj=924
time=3600002
status=TIMEOUT
real_obj=92.353
real_time=3600002
