global=1
denseranking=1
symmetry=1
single_window=1
peak-ub=2133
buffers=24
windows=61
branches=1440
failures=0
obj=1029
time=3719
buffers=24
windows=61
branches=1440
failures=0
obj=919
time=6827
buffers=24
windows=61
branches=1439
failures=0
obj=900
time=10886
buffers=24
windows=61
branches=1439
failures=0
obj=897
time=14999
buffers=24
windows=61
branches=1437
failures=0
obj=852
time=18367
buffers=24
windows=61
branches=1438
failures=1
obj=850
time=21997
buffers=24
windows=61
branches=1439
failures=0
obj=830
time=26415
buffers=24
windows=61
branches=1438
failures=1
obj=808
time=30691
buffers=24
windows=61
branches=1430
failures=0
obj=801
time=34509
buffers=24
windows=61
branches=1433
failures=1
obj=789
time=38807
buffers=24
windows=61
branches=3729
failures=200
obj=778
time=49292
buffers=24
windows=61
branches=7995
failures=847
obj=774
time=72125
buffers=24
windows=61
branches=2532
failures=100
obj=771
time=78469
buffers=24
windows=61
branches=2747
failures=100
obj=767
time=86806
buffers=24
windows=61
branches=12447
failures=1400
obj=758
time=120065
buffers=24
windows=61
branches=7658
failures=801
obj=744
time=139886
buffers=24
windows=61
branches=10386
failures=1308
obj=739
time=169151
buffers=24
windows=61
branches=19058
failures=3215
obj=738
time=221092
buffers=24
windows=61
branches=9117
failures=1038
obj=732
time=243000
buffers=24
windows=61
branches=33641
failures=5267
obj=728
time=326875
buffers=24
windows=61
branches=11213
failures=1483
obj=722
time=357115
buffers=24
windows=61
branches=14432
failures=1800
obj=706
time=402208
buffers=24
windows=61
branches=20119
failures=3400
obj=687
time=456172
buffers=24
windows=61
branches=115771
failures=27700
obj=679
time=721023
buffers=24
windows=61
branches=53348
failures=11477
obj=674
time=871243
buffers=24
windows=61
branches=1211637
failures=346000
obj=671
time=3564172
buffers=24
windows=61
branches=14224
failures=3201
original_status=TIMEOUT
original_lb=226
obj=671
time=3600005
status=TIMEOUT
real_obj=67.038
real_time=3600005
