global=1
denseranking=1
symmetry=1
single_window=1
peak-ub=3049
buffers=8
windows=81
branches=640
failures=0
obj=1781
time=26
buffers=8
windows=81
branches=640
failures=0
obj=1631
time=53
buffers=8
windows=81
branches=1237
failures=100
obj=1519
time=101
buffers=8
windows=81
branches=686
failures=24
obj=1495
time=128
buffers=8
windows=81
branches=639
failures=0
obj=1399
time=154
buffers=8
windows=81
branches=651
failures=6
obj=1398
time=181
buffers=8
windows=81
branches=640
failures=0
obj=1237
time=207
buffers=8
windows=81
branches=4140
failures=678
obj=1231
time=359
buffers=8
windows=81
branches=4864
failures=940
obj=1214
time=532
buffers=8
windows=81
branches=3267
failures=526
obj=1185
time=656
buffers=8
windows=81
branches=754
failures=65
obj=1182
time=687
buffers=8
windows=81
branches=3310
failures=543
obj=1163
time=808
buffers=8
windows=81
branches=2707
failures=453
obj=1156
time=914
buffers=8
windows=81
branches=1897
failures=204
obj=1152
time=989
buffers=8
windows=81
branches=2131
failures=398
obj=1150
time=1071
buffers=8
windows=81
branches=5202
failures=1134
obj=1148
time=1267
buffers=8
windows=81
branches=5205
failures=1088
obj=1135
time=1458
buffers=8
windows=81
branches=10221
failures=2226
obj=1134
time=1846
buffers=8
windows=81
branches=1826
failures=242
obj=1132
time=1918
buffers=8
windows=81
branches=4972
failures=1024
obj=1110
time=2104
buffers=8
windows=81
branches=12311
failures=3160
obj=1107
time=2539
buffers=8
windows=81
branches=1319
failures=185
obj=1106
time=2593
buffers=8
windows=81
branches=727
failures=62
obj=1099
time=2624
buffers=8
windows=81
branches=14308
failures=3535
obj=1095
time=3140
buffers=8
windows=81
branches=6936
failures=1435
obj=1094
time=3400
buffers=8
windows=81
branches=3511
failures=623
obj=1084
time=3533
buffers=8
windows=81
branches=38727
failures=10646
obj=1077
time=4864
buffers=8
windows=81
branches=11921
failures=3062
obj=1075
time=5281
buffers=8
windows=81
branches=18378
failures=4599
obj=1073
time=5928
buffers=8
windows=81
branches=24146
failures=6357
obj=1071
time=6782
buffers=8
windows=81
branches=36286
failures=9985
obj=1061
time=7992
buffers=8
windows=81
branches=4560
failures=959
obj=1058
time=8171
buffers=8
windows=81
branches=52092
failures=15213
obj=1057
time=9894
buffers=8
windows=81
branches=37759
failures=10752
obj=1056
time=11157
buffers=8
windows=81
branches=1709
failures=289
obj=1054
time=11228
buffers=8
windows=81
branches=25825
failures=7037
obj=1050
time=12145
buffers=8
windows=81
branches=1339
failures=189
obj=1045
time=12202
buffers=8
windows=81
branches=99208
failures=29999
obj=1026
time=15394
buffers=8
windows=81
branches=189607
failures=61287
obj=1024
time=21198
buffers=8
windows=81
branches=280961
failures=95588
obj=1022
time=29694
buffers=8
windows=81
branches=120085
failures=37942
obj=1018
time=33562
buffers=8
windows=81
branches=693836
failures=248240
obj=1017
time=54229
buffers=8
windows=81
branches=252367
failures=82168
obj=1014
time=62108
buffers=8
windows=81
branches=416421
failures=142088
obj=1000
time=74390
buffers=8
windows=81
branches=6378671
failures=2474429
obj=994
time=244436
buffers=8
windows=81
branches=2643838
failures=974150
obj=992
time=320350
buffers=8
windows=81
branches=20342866
failures=8005428
obj=990
time=854463
buffers=8
windows=81
branches=29393702
failures=11790083
obj=989
time=1617970
buffers=8
windows=81
branches=78082719
failures=31589001
original_status=TIMEOUT
original_lb=237
obj=989
time=3600000
status=TIMEOUT
real_obj=98.856
real_time=3600000
