global=1
denseranking=1
symmetry=1
single_window=1
peak-ub=888
buffers=8
windows=61
branches=480
failures=0
obj=696
time=62
buffers=8
windows=61
branches=567
failures=45
obj=664
time=135
buffers=8
windows=61
branches=1451
failures=216
obj=646
time=313
buffers=8
windows=61
branches=521
failures=24
obj=629
time=383
buffers=8
windows=61
branches=512
failures=20
obj=626
time=453
buffers=8
windows=61
branches=494
failures=14
obj=617
time=527
buffers=8
windows=61
branches=473
failures=0
obj=614
time=597
buffers=8
windows=61
branches=1551
failures=400
obj=605
time=766
buffers=8
windows=61
branches=471
failures=5
obj=603
time=841
buffers=8
windows=61
branches=474
failures=2
obj=602
time=910
buffers=8
windows=61
branches=463
failures=1
obj=601
time=980
buffers=8
windows=61
branches=506
failures=21
obj=590
time=1055
buffers=8
windows=61
branches=467
failures=1
obj=575
time=1130
buffers=8
windows=61
branches=546
failures=44
obj=556
time=1209
buffers=8
windows=61
branches=536
failures=41
obj=555
time=1286
buffers=8
windows=61
branches=5171
failures=1400
obj=544
time=1869
buffers=8
windows=61
branches=1312
failures=319
obj=539
time=2033
buffers=8
windows=61
branches=2892
failures=567
obj=538
time=2396
buffers=8
windows=61
branches=453
failures=0
obj=533
time=2470
buffers=8
windows=61
branches=582
failures=75
obj=532
time=2556
buffers=8
windows=61
branches=1251
failures=324
obj=531
time=2702
buffers=8
windows=61
branches=1165
failures=170
obj=528
time=2861
buffers=8
windows=61
branches=1260
failures=330
obj=527
time=3023
buffers=8
windows=61
branches=3196
failures=929
obj=525
time=3370
buffers=8
windows=61
branches=4184
failures=1225
obj=524
time=3866
buffers=8
windows=61
branches=9775
failures=2739
obj=518
time=4981
buffers=8
windows=61
branches=9040
failures=2775
obj=512
time=5992
buffers=8
windows=61
branches=6808
failures=2067
obj=509
time=6750
buffers=8
windows=61
branches=12517
failures=4260
obj=506
time=8022
buffers=8
windows=61
branches=3299
failures=1199
obj=502
time=8370
buffers=8
windows=61
branches=3381
failures=1098
obj=500
time=8767
buffers=8
windows=61
branches=2197
failures=671
obj=499
time=9029
buffers=8
windows=61
branches=3127
failures=1136
obj=497
time=9365
buffers=8
windows=61
branches=44028
failures=16417
obj=492
time=13264
buffers=8
windows=61
branches=7717
failures=3019
obj=490
time=14044
buffers=8
windows=61
branches=6308
failures=2234
obj=488
time=14734
buffers=8
windows=61
branches=11332
failures=4175
obj=483
time=15866
buffers=8
windows=61
branches=470244
failures=204433
obj=481
time=48638
buffers=8
windows=61
branches=17388
failures=6658
obj=477
time=50332
buffers=8
windows=61
branches=135863
failures=57698
obj=466
time=60812
buffers=8
windows=61
branches=919278
failures=413021
obj=465
time=120555
buffers=8
windows=61
branches=1005865
failures=459710
obj=462
time=185406
buffers=8
windows=61
branches=2315835
failures=1074148
obj=460
time=324000
buffers=8
windows=61
branches=1194944
failures=549402
obj=459
time=397240
buffers=8
windows=61
branches=2036091
failures=935626
obj=458
time=535141
buffers=8
windows=61
branches=948143
failures=434307
obj=456
time=598476
buffers=8
windows=61
branches=1693266
failures=782924
obj=453
time=700746
buffers=8
windows=61
branches=11109118
failures=5251970
obj=452
time=1456130
buffers=8
windows=61
branches=7228007
failures=3390830
obj=451
time=1874341
buffers=8
windows=61
branches=5080940
failures=2391302
obj=450
time=2165221
buffers=8
windows=61
branches=10235754
failures=4831546
obj=449
time=2747558
buffers=8
windows=61
branches=4857407
failures=2286179
obj=448
time=3037040
buffers=8
windows=61
branches=8193376
failures=3865601
original_status=TIMEOUT
original_lb=209
obj=448
time=3600001
status=TIMEOUT
real_obj=44.712
real_time=3600001
