global=1
denseranking=1
symmetry=1
single_window=1
peak-ub=4442
buffers=8
windows=61
branches=480
failures=0
obj=2149
time=50
buffers=8
windows=61
branches=480
failures=0
obj=2072
time=99
buffers=8
windows=61
branches=480
failures=0
obj=1707
time=147
buffers=8
windows=61
branches=563
failures=46
obj=1705
time=201
buffers=8
windows=61
branches=473
failures=0
obj=1660
time=249
buffers=8
windows=61
branches=524
failures=25
obj=1654
time=301
buffers=8
windows=61
branches=3083
failures=500
obj=1649
time=573
buffers=8
windows=61
branches=655
failures=89
obj=1638
time=631
buffers=8
windows=61
branches=563
failures=47
obj=1632
time=686
buffers=8
windows=61
branches=555
failures=42
obj=1630
time=740
buffers=8
windows=61
branches=478
failures=0
obj=1620
time=790
buffers=8
windows=61
branches=2560
failures=400
obj=1590
time=1022
buffers=8
windows=61
branches=622
failures=76
obj=1575
time=1083
buffers=8
windows=61
branches=477
failures=3
obj=1573
time=1132
buffers=8
windows=61
branches=1124
failures=101
obj=1562
time=1240
buffers=8
windows=61
branches=470
failures=0
obj=1515
time=1289
buffers=8
windows=61
branches=482
failures=7
obj=1504
time=1340
buffers=8
windows=61
branches=609
failures=71
obj=1503
time=1401
buffers=8
windows=61
branches=1114
failures=128
obj=1475
time=1510
buffers=8
windows=61
branches=11801
failures=2841
obj=1474
time=2491
buffers=8
windows=61
branches=1184
failures=158
obj=1472
time=2606
buffers=8
windows=61
branches=3926
failures=770
obj=1454
time=2942
buffers=8
windows=61
branches=3888
failures=709
obj=1450
time=3285
buffers=8
windows=61
branches=1940
failures=363
obj=1443
time=3458
buffers=8
windows=61
branches=5245
failures=1152
obj=1440
time=3908
buffers=8
windows=61
branches=2592
failures=486
obj=1427
time=4141
buffers=8
windows=61
branches=1966
failures=358
obj=1420
time=4321
buffers=8
windows=61
branches=9891
failures=2042
obj=1410
time=5151
buffers=8
windows=61
branches=11484
failures=2796
obj=1402
time=6097
buffers=8
windows=61
branches=1743
failures=250
obj=1383
time=6263
buffers=8
windows=61
branches=14938
failures=3636
obj=1379
time=7495
buffers=8
windows=61
branches=2583
failures=476
obj=1359
time=7727
buffers=8
windows=61
branches=3909
failures=735
obj=1356
time=8077
buffers=8
windows=61
branches=4821
failures=1049
obj=1354
time=8500
buffers=8
windows=61
branches=8279
failures=1789
obj=1349
time=9235
buffers=8
windows=61
branches=10331
failures=2392
obj=1348
time=10084
buffers=8
windows=61
branches=19078
failures=4664
obj=1343
time=11594
buffers=8
windows=61
branches=35255
failures=9582
obj=1336
time=14356
buffers=8
windows=61
branches=10079
failures=2376
obj=1332
time=15209
buffers=8
windows=61
branches=4474
failures=887
obj=1331
time=15604
buffers=8
windows=61
branches=23343
failures=5856
obj=1329
time=17527
buffers=8
windows=61
branches=19916
failures=4894
obj=1324
time=19202
buffers=8
windows=61
branches=25445
failures=6705
obj=1322
time=21315
buffers=8
windows=61
branches=85255
failures=24874
obj=1320
time=27780
buffers=8
windows=61
branches=21568
failures=5361
obj=1319
time=29571
buffers=8
windows=61
branches=57647
failures=16818
obj=1311
time=34143
buffers=8
windows=61
branches=57801
failures=17071
obj=1307
time=38528
buffers=8
windows=61
branches=23458
failures=6139
obj=1306
time=40430
buffers=8
windows=61
branches=9218
failures=2028
obj=1305
time=41219
buffers=8
windows=61
branches=100086
failures=29458
obj=1303
time=48803
buffers=8
windows=61
branches=39855
failures=11159
obj=1299
time=52081
buffers=8
windows=61
branches=176462
failures=55311
obj=1298
time=65144
buffers=8
windows=61
branches=73866
failures=22248
obj=1296
time=70868
buffers=8
windows=61
branches=47977
failures=12936
obj=1291
time=74638
buffers=8
windows=61
branches=135028
failures=43771
obj=1288
time=84263
buffers=8
windows=61
branches=197444
failures=63170
obj=1282
time=98155
buffers=8
windows=61
branches=312995
failures=105787
obj=1275
time=118866
buffers=8
windows=61
branches=1202408
failures=413111
obj=1274
time=200082
buffers=8
windows=61
branches=931112
failures=323769
obj=1270
time=263146
buffers=8
windows=61
branches=869940
failures=300107
obj=1263
time=320873
buffers=8
windows=61
branches=577191
failures=195318
obj=1260
time=359953
buffers=8
windows=61
branches=4324614
failures=1600920
obj=1259
time=625768
buffers=8
windows=61
branches=11630220
failures=4382207
obj=1257
time=1309719
buffers=8
windows=61
branches=6926129
failures=2630776
obj=1252
time=1717755
buffers=8
windows=61
branches=1334769
failures=481456
obj=1247
time=1801245
buffers=8
windows=61
branches=31993374
failures=12642579
original_status=TIMEOUT
original_lb=183
obj=1247
time=3600001
status=TIMEOUT
real_obj=124.629
real_time=3600001
