global=1
denseranking=1
symmetry=1
single_window=1
peak-ub=2176
buffers=24
windows=81
branches=1920
failures=0
obj=1954
time=2513
buffers=24
windows=81
branches=1920
failures=0
obj=1326
time=5134
buffers=24
windows=81
branches=1920
failures=0
obj=1144
time=7843
buffers=24
windows=81
branches=1919
failures=0
obj=1049
time=10385
buffers=24
windows=81
branches=18792
failures=1300
obj=1036
time=37021
buffers=24
windows=81
branches=7935
failures=401
obj=992
time=49881
buffers=24
windows=81
branches=8995
failures=500
obj=952
time=66958
buffers=24
windows=81
branches=8766
failures=507
obj=951
time=83841
buffers=24
windows=81
branches=44225
failures=3800
obj=946
time=154891
buffers=24
windows=81
branches=9785
failures=501
obj=940
time=175936
buffers=24
windows=81
branches=5738
failures=201
obj=932
time=186043
buffers=24
windows=81
branches=13935
failures=800
obj=929
time=213377
buffers=24
windows=81
branches=125579
failures=14336
obj=928
time=434834
buffers=24
windows=81
branches=16258
failures=1205
obj=923
time=471135
buffers=24
windows=81
branches=13703
failures=800
obj=901
time=496744
buffers=24
windows=81
branches=71261
failures=8211
obj=900
time=622168
buffers=24
windows=81
branches=105116
failures=12422
obj=899
time=819775
buffers=24
windows=81
branches=114627
failures=13555
obj=897
time=1021213
buffers=24
windows=81
branches=150032
failures=19710
obj=894
time=1263754
buffers=24
windows=81
branches=370361
failures=57694
obj=893
time=2060054
buffers=24
windows=81
branches=218525
failures=29000
obj=889
time=2494612
buffers=24
windows=81
branches=77882
failures=9097
obj=885
time=2619652
buffers=24
windows=81
branches=533259
failures=79657
original_status=TIMEOUT
original_lb=261
obj=885
time=3600006
status=TIMEOUT
real_obj=88.470
real_time=3600006
