global=1
denseranking=1
symmetry=1
single_window=1
peak-ub=3351
buffers=24
windows=41
branches=960
failures=0
obj=1691
time=2691
buffers=24
windows=41
branches=960
failures=0
obj=1212
time=5021
buffers=24
windows=41
branches=960
failures=0
obj=1129
time=7486
buffers=24
windows=41
branches=3201
failures=200
obj=1022
time=15745
buffers=24
windows=41
branches=947
failures=1
obj=999
time=18125
buffers=24
windows=41
branches=932
failures=1
obj=998
time=20569
buffers=24
windows=41
branches=4409
failures=501
obj=996
time=33930
buffers=24
windows=41
branches=933
failures=0
obj=993
time=36763
buffers=24
windows=41
branches=23215
failures=4000
obj=982
time=105581
buffers=24
windows=41
branches=11658
failures=1700
obj=939
time=137607
buffers=24
windows=41
branches=83691
failures=20500
obj=929
time=320130
buffers=24
windows=41
branches=349862
failures=100980
obj=927
time=1065553
buffers=24
windows=41
branches=22647
failures=4501
obj=924
time=1115941
buffers=24
windows=41
branches=59865
failures=13000
obj=916
time=1267799
buffers=24
windows=41
branches=111149
failures=27401
obj=908
time=1511125
buffers=24
windows=41
branches=705842
failures=209538
obj=907
time=2995073
buffers=24
windows=41
branches=283736
failures=75201
original_status=TIMEOUT
original_lb=228
obj=907
time=3600001
status=TIMEOUT
real_obj=112.165
real_time=3600001
