global=1
denseranking=1
symmetry=1
single_window=1
peak-ub=1273
buffers=8
windows=61
branches=480
failures=0
obj=970
time=72
buffers=8
windows=61
branches=478
failures=0
obj=954
time=143
buffers=8
windows=61
branches=479
failures=0
obj=948
time=218
buffers=8
windows=61
branches=478
failures=0
obj=923
time=292
buffers=8
windows=61
branches=480
failures=1
obj=895
time=363
buffers=8
windows=61
branches=480
failures=2
obj=854
time=442
buffers=8
windows=61
branches=606
failures=70
obj=789
time=540
buffers=8
windows=61
branches=1505
failures=222
obj=787
time=764
buffers=8
windows=61
branches=468
failures=0
obj=765
time=844
buffers=8
windows=61
branches=1767
failures=321
obj=764
time=1103
buffers=8
windows=61
branches=1155
failures=151
obj=747
time=1278
buffers=8
windows=61
branches=1352
failures=201
obj=731
time=1487
buffers=8
windows=61
branches=1795
failures=291
obj=722
time=1760
buffers=8
windows=61
branches=993
failures=111
obj=719
time=1919
buffers=8
windows=61
branches=2034
failures=431
obj=716
time=2214
buffers=8
windows=61
branches=2880
failures=533
obj=714
time=2659
buffers=8
windows=61
branches=3106
failures=748
obj=703
time=3104
buffers=8
windows=61
branches=3677
failures=961
obj=701
time=3628
buffers=8
windows=61
branches=1629
failures=309
obj=693
time=3871
buffers=8
windows=61
branches=14583
failures=4215
obj=691
time=5820
buffers=8
windows=61
branches=8935
failures=2620
obj=687
time=7017
buffers=8
windows=61
branches=487
failures=32
obj=681
time=7110
buffers=8
windows=61
branches=6906
failures=1937
obj=680
time=8037
buffers=8
windows=61
branches=9407
failures=2556
obj=673
time=9363
buffers=8
windows=61
branches=18658
failures=5583
obj=672
time=11825
buffers=8
windows=61
branches=3946
failures=1139
obj=671
time=12356
buffers=8
windows=61
branches=4193
failures=1154
obj=660
time=12952
buffers=8
windows=61
branches=17696
failures=5518
obj=659
time=15241
buffers=8
windows=61
branches=8587
failures=2671
obj=655
time=16364
buffers=8
windows=61
branches=180528
failures=66554
obj=654
time=37355
buffers=8
windows=61
branches=8784
failures=2705
obj=650
time=38504
buffers=8
windows=61
branches=18571
failures=5966
obj=648
time=40889
buffers=8
windows=61
branches=236495
failures=89742
obj=644
time=65505
buffers=8
windows=61
branches=210083
failures=77998
obj=642
time=87773
buffers=8
windows=61
branches=77284
failures=28117
obj=640
time=96257
buffers=8
windows=61
branches=10870
failures=3548
obj=633
time=97710
buffers=8
windows=61
branches=815507
failures=331426
obj=632
time=180062
buffers=8
windows=61
branches=220106
failures=84657
obj=631
time=203352
buffers=8
windows=61
branches=421301
failures=165684
obj=630
time=246007
buffers=8
windows=61
branches=801207
failures=325302
obj=628
time=322327
buffers=8
windows=61
branches=1176532
failures=489504
obj=627
time=432703
buffers=8
windows=61
branches=644815
failures=263899
obj=623
time=495570
buffers=8
windows=61
branches=863502
failures=352954
obj=622
time=584008
buffers=8
windows=61
branches=783330
failures=320513
obj=618
time=659466
buffers=8
windows=61
branches=2413752
failures=1023241
obj=617
time=875873
buffers=8
windows=61
branches=21184180
failures=9244443
obj=616
time=2659663
buffers=8
windows=61
branches=11209907
failures=4881395
original_status=TIMEOUT
original_lb=161
obj=616
time=3600001
status=TIMEOUT
real_obj=61.585
real_time=3600001
