global=1
denseranking=1
symmetry=1
single_window=1
peak-ub=608
buffers=16
windows=21
branches=320
failures=0
obj=474
time=695
buffers=16
windows=21
branches=316
failures=0
obj=450
time=1384
buffers=16
windows=21
branches=311
failures=0
obj=443
time=2142
buffers=16
windows=21
branches=304
failures=0
obj=399
time=2875
buffers=16
windows=21
branches=2240
failures=500
obj=391
time=7111
buffers=16
windows=21
branches=454
failures=82
obj=389
time=7986
buffers=16
windows=21
branches=13254
failures=4720
obj=378
time=28631
buffers=16
windows=21
branches=6330
failures=1945
obj=377
time=40883
buffers=16
windows=21
branches=13569
failures=4557
obj=375
time=63609
buffers=16
windows=21
branches=5076
failures=1599
obj=373
time=72661
buffers=16
windows=21
branches=4211
failures=1269
obj=363
time=80246
buffers=16
windows=21
branches=7365
failures=2819
obj=361
time=90747
buffers=16
windows=21
branches=9326
failures=3081
obj=359
time=105205
buffers=16
windows=21
branches=38092
failures=13329
obj=356
time=167605
buffers=16
windows=21
branches=95649
failures=39206
obj=355
time=304416
buffers=16
windows=21
branches=15269
failures=5847
obj=353
time=326657
buffers=16
windows=21
branches=81504
failures=31447
obj=349
time=452546
buffers=16
windows=21
branches=121005
failures=51138
obj=348
time=614590
buffers=16
windows=21
branches=164862
failures=69118
obj=344
time=822706
buffers=16
windows=21
branches=86180
failures=34475
obj=343
time=940739
buffers=16
windows=21
branches=19602
failures=7981
obj=342
time=968618
buffers=16
windows=21
branches=86506
failures=34829
obj=341
time=1091226
buffers=16
windows=21
branches=212318
failures=92403
obj=340
time=1344263
buffers=16
windows=21
branches=185172
failures=78873
obj=339
time=1590882
buffers=16
windows=21
branches=399865
failures=173797
obj=337
time=2076788
buffers=16
windows=21
branches=88759
failures=37496
obj=336
time=2204784
buffers=16
windows=21
branches=276870
failures=121221
obj=334
time=2521817
buffers=16
windows=21
branches=671102
failures=294011
obj=333
time=3354217
buffers=16
windows=21
branches=83125
failures=34285
obj=332
time=3474296
buffers=16
windows=21
branches=70192
failures=28783
obj=329
time=3583824
buffers=16
windows=21
branches=9331
failures=3558
original_status=TIMEOUT
original_lb=264
obj=329
time=3600001
status=TIMEOUT
real_obj=32.861
real_time=3600001
