global=1
denseranking=1
symmetry=1
single_window=1
peak-ub=430
buffers=8
windows=21
branches=234
failures=44
obj=399
time=70
buffers=8
windows=21
branches=261
failures=63
obj=394
time=152
buffers=8
windows=21
branches=186
failures=23
obj=374
time=220
buffers=8
windows=21
branches=223
failures=47
obj=358
time=299
buffers=8
windows=21
branches=288
failures=77
obj=357
time=387
buffers=8
windows=21
branches=3667
failures=1530
obj=356
time=1192
buffers=8
windows=21
branches=4779
failures=2040
obj=354
time=2170
buffers=8
windows=21
branches=925930
failures=459740
original_status=UNSAT
original_lb=202
obj=354
time=116364
status=OPTIMAL
real_obj=35.360
real_time=116364
