global=1
denseranking=1
symmetry=1
single_window=1
peak-ub=636
buffers=8
windows=21
branches=190
failures=16
obj=558
time=45
buffers=8
windows=21
branches=294
failures=69
obj=523
time=101
buffers=8
windows=21
branches=861
failures=293
obj=491
time=259
buffers=8
windows=21
branches=1295
failures=439
obj=488
time=504
buffers=8
windows=21
branches=395
failures=100
obj=487
time=591
buffers=8
windows=21
branches=156
failures=11
obj=484
time=645
buffers=8
windows=21
branches=2298
failures=863
obj=467
time=1060
buffers=8
windows=21
branches=540
failures=155
obj=455
time=1177
buffers=8
windows=21
branches=1922
failures=703
obj=454
time=1536
buffers=8
windows=21
branches=859
failures=295
obj=443
time=1704
buffers=8
windows=21
branches=231
failures=54
obj=441
time=1769
buffers=8
windows=21
branches=2482
failures=951
obj=438
time=2184
buffers=8
windows=21
branches=2799
failures=1128
obj=430
time=2604
buffers=8
windows=21
branches=24306
failures=10552
obj=428
time=5592
buffers=8
windows=21
branches=31609
failures=13725
obj=427
time=9592
buffers=8
windows=21
branches=63008
failures=28194
obj=422
time=16881
buffers=8
windows=21
branches=196823
failures=90142
obj=421
time=39354
buffers=8
windows=21
branches=121088
failures=55003
obj=419
time=53152
buffers=8
windows=21
branches=143233
failures=65086
obj=414
time=71282
buffers=8
windows=21
branches=2878086
failures=1357842
obj=413
time=357159
buffers=8
windows=21
branches=1443404
failures=674024
obj=410
time=532214
buffers=8
windows=21
branches=1779862
failures=834816
obj=402
time=716397
buffers=8
windows=21
branches=25449574
failures=12190829
obj=401
time=3057761
buffers=8
windows=21
branches=5713211
failures=2717168
original_status=TIMEOUT
original_lb=260
obj=401
time=3600000
status=TIMEOUT
real_obj=40.034
real_time=3600000
