global=1
denseranking=1
symmetry=1
single_window=1
peak-ub=1199
buffers=16
windows=61
branches=960
failures=0
obj=752
time=593
buffers=16
windows=61
branches=1732
failures=100
obj=663
time=1642
buffers=16
windows=61
branches=960
failures=0
obj=634
time=2281
buffers=16
windows=61
branches=1698
failures=102
obj=619
time=3218
buffers=16
windows=61
branches=953
failures=0
obj=599
time=3819
buffers=16
windows=61
branches=956
failures=0
obj=568
time=4472
buffers=16
windows=61
branches=1718
failures=100
obj=521
time=5600
buffers=16
windows=61
branches=12897
failures=2526
obj=501
time=12937
buffers=16
windows=61
branches=2388
failures=200
obj=492
time=14450
buffers=16
windows=61
branches=20285
failures=4839
obj=490
time=25959
buffers=16
windows=61
branches=1500
failures=143
obj=488
time=26976
buffers=16
windows=61
branches=10114
failures=2046
obj=487
time=32883
buffers=16
windows=61
branches=116806
failures=32000
obj=473
time=97422
buffers=16
windows=61
branches=68663
failures=20041
obj=472
time=136972
buffers=16
windows=61
branches=260078
failures=78021
obj=469
time=267976
buffers=16
windows=61
branches=112607
failures=33368
obj=468
time=329498
buffers=16
windows=61
branches=6963
failures=1607
obj=467
time=333647
buffers=16
windows=61
branches=121790
failures=35039
obj=466
time=399078
buffers=16
windows=61
branches=205565
failures=65197
obj=465
time=504204
buffers=16
windows=61
branches=5260
failures=891
obj=464
time=507626
buffers=16
windows=61
branches=224620
failures=71614
obj=463
time=627191
buffers=16
windows=61
branches=48901
failures=13200
obj=455
time=655383
buffers=16
windows=61
branches=3074945
failures=1146732
obj=453
time=1878633
buffers=16
windows=61
branches=1758995
failures=636771
obj=452
time=2582937
buffers=16
windows=61
branches=225590
failures=72393
obj=445
time=2695017
buffers=16
windows=61
branches=113040
failures=35210
obj=444
time=2751401
buffers=16
windows=61
branches=2141524
failures=809850
original_status=TIMEOUT
original_lb=223
obj=444
time=3600003
status=TIMEOUT
real_obj=44.388
real_time=3600003
