global=1
denseranking=1
symmetry=1
single_window=1
peak-ub=1478
buffers=8
windows=61
branches=480
failures=0
obj=1013
time=56
buffers=8
windows=61
branches=480
failures=0
obj=791
time=115
buffers=8
windows=61
branches=651
failures=88
obj=780
time=191
buffers=8
windows=61
branches=1127
failures=100
obj=776
time=320
buffers=8
windows=61
branches=477
failures=0
obj=763
time=380
buffers=8
windows=61
branches=652
failures=88
obj=761
time=458
buffers=8
windows=61
branches=475
failures=0
obj=742
time=519
buffers=8
windows=61
branches=468
failures=1
obj=729
time=585
buffers=8
windows=61
branches=500
failures=16
obj=685
time=649
buffers=8
windows=61
branches=2669
failures=470
obj=668
time=950
buffers=8
windows=61
branches=464
failures=0
obj=655
time=1014
buffers=8
windows=61
branches=2020
failures=344
obj=643
time=1252
buffers=8
windows=61
branches=2538
failures=480
obj=633
time=1531
buffers=8
windows=61
branches=1249
failures=187
obj=626
time=1680
buffers=8
windows=61
branches=4118
failures=768
obj=620
time=2032
buffers=8
windows=61
branches=10728
failures=2541
obj=616
time=2841
buffers=8
windows=61
branches=5273
failures=1160
obj=614
time=3251
buffers=8
windows=61
branches=2345
failures=411
obj=606
time=3435
buffers=8
windows=61
branches=8359
failures=1737
obj=604
time=4056
buffers=8
windows=61
branches=21571
failures=5157
obj=603
time=5706
buffers=8
windows=61
branches=8944
failures=1977
obj=597
time=6414
buffers=8
windows=61
branches=20163
failures=4886
obj=595
time=7863
buffers=8
windows=61
branches=3921
failures=708
obj=593
time=8175
buffers=8
windows=61
branches=11070
failures=2587
obj=582
time=9001
buffers=8
windows=61
branches=8380
failures=1997
obj=581
time=9632
buffers=8
windows=61
branches=66601
failures=20433
obj=575
time=14060
buffers=8
windows=61
branches=579651
failures=198258
obj=573
time=47559
buffers=8
windows=61
branches=48684
failures=13844
obj=566
time=50946
buffers=8
windows=61
branches=1511938
failures=552566
obj=561
time=142818
buffers=8
windows=61
branches=1877335
failures=681225
obj=554
time=247322
buffers=8
windows=61
branches=2521651
failures=919631
obj=552
time=393148
buffers=8
windows=61
branches=14775750
failures=5830264
obj=548
time=1161897
buffers=8
windows=61
branches=49780918
failures=19886558
original_status=TIMEOUT
original_lb=189
obj=548
time=3600000
status=TIMEOUT
real_obj=54.778
real_time=3600000
