global=1
denseranking=1
symmetry=1
single_window=1
peak-ub=4142
buffers=16
windows=81
branches=1280
failures=0
obj=1534
time=790
buffers=16
windows=81
branches=1280
failures=0
obj=1444
time=1510
buffers=16
windows=81
branches=1279
failures=0
obj=1312
time=2379
buffers=16
windows=81
branches=1278
failures=0
obj=1298
time=3147
buffers=16
windows=81
branches=3363
failures=200
obj=1292
time=4991
buffers=16
windows=81
branches=5735
failures=500
obj=1244
time=8045
buffers=16
windows=81
branches=2240
failures=101
obj=1226
time=9302
buffers=16
windows=81
branches=4420
failures=401
obj=1224
time=11747
buffers=16
windows=81
branches=5576
failures=501
obj=1221
time=14757
buffers=16
windows=81
branches=1271
failures=0
obj=1212
time=15532
buffers=16
windows=81
branches=2277
failures=101
obj=1184
time=16872
buffers=16
windows=81
branches=13772
failures=1819
obj=1180
time=23837
buffers=16
windows=81
branches=4448
failures=401
obj=1155
time=26105
buffers=16
windows=81
branches=21166
failures=3402
obj=1151
time=37985
buffers=16
windows=81
branches=7537
failures=800
obj=1148
time=42090
buffers=16
windows=81
branches=3881
failures=400
obj=1140
time=44354
buffers=16
windows=81
branches=15333
failures=2000
obj=1129
time=52853
buffers=16
windows=81
branches=2273
failures=103
obj=1126
time=54162
buffers=16
windows=81
branches=4859
failures=501
obj=1125
time=56774
buffers=16
windows=81
branches=30217
failures=5242
obj=1102
time=73069
buffers=16
windows=81
branches=3526
failures=399
obj=1096
time=75048
buffers=16
windows=81
branches=79559
failures=18120
obj=1091
time=117536
buffers=16
windows=81
branches=86997
failures=20000
obj=1089
time=162266
buffers=16
windows=81
branches=61857
failures=12328
obj=1085
time=194744
buffers=16
windows=81
branches=22264
failures=3884
obj=1078
time=206915
buffers=16
windows=81
branches=47227
failures=9873
obj=1065
time=232659
buffers=16
windows=81
branches=9565
failures=1601
obj=1060
time=237702
buffers=16
windows=81
branches=4546
failures=462
obj=1053
time=240140
buffers=16
windows=81
branches=129791
failures=30315
obj=1042
time=310480
buffers=16
windows=81
branches=518063
failures=144440
obj=1035
time=577380
buffers=16
windows=81
branches=339643
failures=94323
obj=1029
time=758156
buffers=16
windows=81
branches=152712
failures=38291
obj=1022
time=837492
buffers=16
windows=81
branches=42034
failures=9212
obj=1020
time=861292
buffers=16
windows=81
branches=724151
failures=215054
obj=1019
time=1231954
buffers=16
windows=81
branches=1052253
failures=310435
obj=1017
time=1770452
buffers=16
windows=81
branches=573067
failures=164136
obj=1016
time=2076415
buffers=16
windows=81
branches=654965
failures=184139
obj=1015
time=2436399
buffers=16
windows=81
branches=338450
failures=96086
obj=1008
time=2622712
buffers=16
windows=81
branches=72388
failures=17814
obj=1007
time=2662340
buffers=16
windows=81
branches=688480
failures=204483
obj=1005
time=3028765
buffers=16
windows=81
branches=225459
failures=62592
obj=998
time=3152215
buffers=16
windows=81
branches=848848
failures=260901
original_status=TIMEOUT
original_lb=247
obj=998
time=3600003
status=TIMEOUT
real_obj=99.746
real_time=3600003
