global=1
denseranking=1
symmetry=1
single_window=1
peak-ub=1236
buffers=8
windows=41
branches=320
failures=0
obj=858
time=26
buffers=8
windows=41
branches=319
failures=0
obj=852
time=53
buffers=8
windows=41
branches=352
failures=18
obj=843
time=84
buffers=8
windows=41
branches=827
failures=119
obj=788
time=143
buffers=8
windows=41
branches=468
failures=78
obj=774
time=178
buffers=8
windows=41
branches=317
failures=0
obj=750
time=207
buffers=8
windows=41
branches=1272
failures=200
obj=740
time=311
buffers=8
windows=41
branches=311
failures=0
obj=721
time=343
buffers=8
windows=41
branches=303
failures=0
obj=712
time=373
buffers=8
windows=41
branches=435
failures=65
obj=711
time=410
buffers=8
windows=41
branches=906
failures=173
obj=705
time=481
buffers=8
windows=41
branches=332
failures=18
obj=692
time=514
buffers=8
windows=41
branches=1304
failures=232
obj=690
time=622
buffers=8
windows=41
branches=485
failures=95
obj=684
time=662
buffers=8
windows=41
branches=1229
failures=218
obj=682
time=766
buffers=8
windows=41
branches=1932
failures=416
obj=673
time=922
buffers=8
windows=41
branches=1406
failures=284
obj=668
time=1035
buffers=8
windows=41
branches=298
failures=4
obj=667
time=1067
buffers=8
windows=41
branches=325
failures=17
obj=664
time=1100
buffers=8
windows=41
branches=1978
failures=417
obj=659
time=1261
buffers=8
windows=41
branches=1296
failures=248
obj=651
time=1371
buffers=8
windows=41
branches=3000
failures=693
obj=649
time=1604
buffers=8
windows=41
branches=805
failures=133
obj=642
time=1672
buffers=8
windows=41
branches=922
failures=190
obj=640
time=1751
buffers=8
windows=41
branches=1325
failures=266
obj=638
time=1869
buffers=8
windows=41
branches=2749
failures=665
obj=637
time=2090
buffers=8
windows=41
branches=1484
failures=336
obj=634
time=2221
buffers=8
windows=41
branches=356
failures=35
obj=633
time=2257
buffers=8
windows=41
branches=5067
failures=1367
obj=626
time=2612
buffers=8
windows=41
branches=3783
failures=990
obj=618
time=2896
buffers=8
windows=41
branches=6948
failures=1905
obj=615
time=3400
buffers=8
windows=41
branches=1918
failures=429
obj=613
time=3555
buffers=8
windows=41
branches=5662
failures=1558
obj=609
time=3965
buffers=8
windows=41
branches=9384
failures=2879
obj=607
time=4609
buffers=8
windows=41
branches=1519
failures=357
obj=605
time=4737
buffers=8
windows=41
branches=19282
failures=5976
obj=594
time=6047
buffers=8
windows=41
branches=170937
failures=62719
obj=591
time=16120
buffers=8
windows=41
branches=38741
failures=12714
obj=590
time=18669
buffers=8
windows=41
branches=11235
failures=3461
obj=584
time=19445
buffers=8
windows=41
branches=42278
failures=13912
obj=583
time=22152
buffers=8
windows=41
branches=291106
failures=111047
obj=581
time=38478
buffers=8
windows=41
branches=249184
failures=94670
obj=578
time=52830
buffers=8
windows=41
branches=382018
failures=146180
obj=576
time=75439
buffers=8
windows=41
branches=31102
failures=10369
obj=575
time=77450
buffers=8
windows=41
branches=108297
failures=39411
obj=574
time=83663
buffers=8
windows=41
branches=565083
failures=223599
obj=573
time=113372
buffers=8
windows=41
branches=1006760
failures=393983
obj=572
time=167447
buffers=8
windows=41
branches=488539
failures=185919
obj=568
time=194538
buffers=8
windows=41
branches=11751860
failures=4948103
obj=567
time=765615
buffers=8
windows=41
branches=9317501
failures=3881256
obj=562
time=1222014
buffers=8
windows=41
branches=28340041
failures=12169072
obj=559
time=2550668
buffers=8
windows=41
branches=21976289
failures=9290401
original_status=TIMEOUT
original_lb=229
obj=559
time=3600000
status=TIMEOUT
real_obj=55.884
real_time=3600000
