global=1
denseranking=1
symmetry=1
single_window=1
peak-ub=2269
buffers=16
windows=81
branches=1280
failures=0
obj=1554
time=785
buffers=16
windows=81
branches=1280
failures=0
obj=1346
time=1516
buffers=16
windows=81
branches=1280
failures=0
obj=1155
time=2260
buffers=16
windows=81
branches=1877
failures=100
obj=1048
time=3323
buffers=16
windows=81
branches=1271
failures=0
obj=1024
time=4159
buffers=16
windows=81
branches=2342
failures=200
obj=1007
time=5499
buffers=16
windows=81
branches=8216
failures=1600
obj=1001
time=10027
buffers=16
windows=81
branches=4068
failures=584
obj=971
time=12235
buffers=16
windows=81
branches=7761
failures=1638
obj=956
time=16305
buffers=16
windows=81
branches=6723
failures=1401
obj=944
time=19695
buffers=16
windows=81
branches=7622
failures=1600
obj=941
time=24013
buffers=16
windows=81
branches=15689
failures=4049
obj=937
time=32801
buffers=16
windows=81
branches=8053
failures=1776
obj=925
time=37346
buffers=16
windows=81
branches=14850
failures=3879
obj=919
time=45216
buffers=16
windows=81
branches=13579
failures=3401
obj=916
time=52801
buffers=16
windows=81
branches=3993
failures=600
obj=915
time=55221
buffers=16
windows=81
branches=23752
failures=6821
obj=908
time=69154
buffers=16
windows=81
branches=60875
failures=19801
obj=905
time=102391
buffers=16
windows=81
branches=131355
failures=45433
obj=904
time=172005
buffers=16
windows=81
branches=8017
failures=1708
obj=903
time=176616
buffers=16
windows=81
branches=32264
failures=9405
obj=902
time=194032
buffers=16
windows=81
branches=21032
failures=5600
obj=893
time=205117
buffers=16
windows=81
branches=5653
failures=1200
obj=887
time=208337
buffers=16
windows=81
branches=25602
failures=7859
obj=873
time=222500
buffers=16
windows=81
branches=94977
failures=30855
obj=870
time=275529
buffers=16
windows=81
branches=24687
failures=7509
obj=866
time=289475
buffers=16
windows=81
branches=195495
failures=67206
obj=865
time=395964
buffers=16
windows=81
branches=12016
failures=3200
obj=863
time=402954
buffers=16
windows=81
branches=16915
failures=4500
obj=861
time=412609
buffers=16
windows=81
branches=29502
failures=8920
obj=858
time=428165
buffers=16
windows=81
branches=124500
failures=43691
obj=852
time=495588
buffers=16
windows=81
branches=45238
failures=13603
obj=851
time=520663
buffers=16
windows=81
branches=285208
failures=104322
obj=837
time=669687
buffers=16
windows=81
branches=304840
failures=111518
obj=832
time=833781
buffers=16
windows=81
branches=228123
failures=78919
obj=829
time=959080
buffers=16
windows=81
branches=76818
failures=25379
obj=826
time=999746
buffers=16
windows=81
branches=295321
failures=108344
obj=824
time=1156528
buffers=16
windows=81
branches=46578
failures=14408
obj=822
time=1181665
buffers=16
windows=81
branches=3989
failures=688
obj=820
time=1183942
buffers=16
windows=81
branches=272775
failures=101610
obj=819
time=1329757
buffers=16
windows=81
branches=585759
failures=223082
obj=818
time=1639988
buffers=16
windows=81
branches=567814
failures=215219
obj=807
time=1926844
buffers=16
windows=81
branches=360379
failures=131997
obj=806
time=2109627
buffers=16
windows=81
branches=268596
failures=100366
obj=798
time=2254797
buffers=16
windows=81
branches=252382
failures=92318
obj=797
time=2391410
buffers=16
windows=81
branches=573182
failures=219913
obj=796
time=2665286
buffers=16
windows=81
branches=1770580
failures=688772
original_status=TIMEOUT
original_lb=268
obj=796
time=3600004
status=TIMEOUT
real_obj=79.545
real_time=3600004
