global=1
denseranking=1
symmetry=1
single_window=1
peak-ub=7868
buffers=24
windows=81
branches=1920
failures=0
obj=3147
time=5092
buffers=24
windows=81
branches=1920
failures=0
obj=2545
time=9501
buffers=24
windows=81
branches=1920
failures=0
obj=2383
time=14034
buffers=24
windows=81
branches=1919
failures=0
obj=2308
time=18215
buffers=24
windows=81
branches=1920
failures=0
obj=2115
time=22799
buffers=24
windows=81
branches=1920
failures=1
obj=1893
time=27917
buffers=24
windows=81
branches=8244
failures=400
obj=1819
time=50104
buffers=24
windows=81
branches=31046
failures=2401
obj=1815
time=137815
buffers=24
windows=81
branches=7964
failures=402
obj=1814
time=160218
buffers=24
windows=81
branches=2052
failures=83
obj=1811
time=166392
buffers=24
windows=81
branches=56694
failures=4916
obj=1789
time=357577
buffers=24
windows=81
branches=29028
failures=2413
obj=1787
time=453849
buffers=24
windows=81
branches=3890
failures=101
obj=1715
time=464716
buffers=24
windows=81
branches=191387
failures=23602
obj=1713
time=1014506
buffers=24
windows=81
branches=201861
failures=24100
obj=1709
time=1653264
buffers=24
windows=81
branches=43314
failures=3827
obj=1707
time=1768068
buffers=24
windows=81
branches=7910
failures=406
obj=1706
time=1797765
buffers=24
windows=81
branches=3595
failures=100
obj=1689
time=1809231
buffers=24
windows=81
branches=1904
failures=0
obj=1685
time=1816934
buffers=24
windows=81
branches=102174
failures=11301
obj=1682
time=2110475
buffers=24
windows=81
branches=183003
failures=23003
obj=1671
time=2726193
buffers=24
windows=81
branches=41483
failures=3803
obj=1659
time=2876304
buffers=24
windows=81
branches=172861
failures=22413
obj=1654
time=3409892
buffers=24
windows=81
branches=5814
failures=200
obj=1639
time=3432237
buffers=24
windows=81
branches=54702
failures=5001
original_status=TIMEOUT
original_lb=287
obj=1639
time=3600004
status=TIMEOUT
real_obj=163.890
real_time=3600004
