global=1
denseranking=1
symmetry=1
single_window=1
peak-ub=1871
buffers=8
windows=41
branches=320
failures=0
obj=1186
time=50
buffers=8
windows=41
branches=320
failures=0
obj=1115
time=99
buffers=8
windows=41
branches=319
failures=0
obj=1043
time=139
buffers=8
windows=41
branches=319
failures=0
obj=948
time=179
buffers=8
windows=41
branches=317
failures=0
obj=915
time=222
buffers=8
windows=41
branches=504
failures=95
obj=899
time=279
buffers=8
windows=41
branches=319
failures=0
obj=881
time=333
buffers=8
windows=41
branches=828
failures=104
obj=858
time=455
buffers=8
windows=41
branches=1113
failures=200
obj=838
time=617
buffers=8
windows=41
branches=678
failures=157
obj=837
time=708
buffers=8
windows=41
branches=824
failures=103
obj=828
time=822
buffers=8
windows=41
branches=839
failures=111
obj=825
time=931
buffers=8
windows=41
branches=613
failures=127
obj=805
time=1004
buffers=8
windows=41
branches=481
failures=89
obj=801
time=1063
buffers=8
windows=41
branches=376
failures=33
obj=780
time=1117
buffers=8
windows=41
branches=3577
failures=858
obj=778
time=1518
buffers=8
windows=41
branches=1061
failures=201
obj=759
time=1642
buffers=8
windows=41
branches=2247
failures=502
obj=753
time=1894
buffers=8
windows=41
branches=6305
failures=1631
obj=749
time=2520
buffers=8
windows=41
branches=1403
failures=256
obj=736
time=2682
buffers=8
windows=41
branches=7940
failures=2152
obj=735
time=3506
buffers=8
windows=41
branches=23586
failures=8024
obj=732
time=5559
buffers=8
windows=41
branches=27241
failures=8916
obj=726
time=7991
buffers=8
windows=41
branches=8006
failures=2197
obj=722
time=8845
buffers=8
windows=41
branches=6832
failures=1934
obj=720
time=9531
buffers=8
windows=41
branches=35098
failures=11400
obj=703
time=12758
buffers=8
windows=41
branches=417629
failures=158541
obj=702
time=45670
buffers=8
windows=41
branches=175306
failures=64593
obj=686
time=60101
buffers=8
windows=41
branches=1418570
failures=600400
obj=680
time=158672
buffers=8
windows=41
branches=969693
failures=407870
obj=678
time=230098
buffers=8
windows=41
branches=26075125
failures=11744541
obj=673
time=1813359
buffers=8
windows=41
branches=28984744
failures=12998495
original_status=TIMEOUT
original_lb=236
obj=673
time=3600000
status=TIMEOUT
real_obj=67.298
real_time=3600000
