global=1
denseranking=1
symmetry=1
single_window=1
peak-ub=650
buffers=16
windows=21
branches=320
failures=0
obj=503
time=529
buffers=16
windows=21
branches=318
failures=0
obj=497
time=1064
buffers=16
windows=21
branches=317
failures=0
obj=494
time=1644
buffers=16
windows=21
branches=312
failures=0
obj=488
time=2253
buffers=16
windows=21
branches=310
failures=0
obj=474
time=2828
buffers=16
windows=21
branches=304
failures=0
obj=460
time=3443
buffers=16
windows=21
branches=402
failures=46
obj=458
time=4194
buffers=16
windows=21
branches=770
failures=147
obj=443
time=5417
buffers=16
windows=21
branches=758
failures=100
obj=431
time=6692
buffers=16
windows=21
branches=297
failures=1
obj=420
time=7341
buffers=16
windows=21
branches=1211
failures=221
obj=408
time=9280
buffers=16
windows=21
branches=10506
failures=3479
obj=403
time=22509
buffers=16
windows=21
branches=10366
failures=3440
obj=398
time=34636
buffers=16
windows=21
branches=2133
failures=588
obj=396
time=37796
buffers=16
windows=21
branches=11134
failures=3700
obj=392
time=51719
buffers=16
windows=21
branches=8160
failures=2670
obj=387
time=62380
buffers=16
windows=21
branches=6794
failures=2067
obj=385
time=72499
buffers=16
windows=21
branches=37439
failures=13263
obj=380
time=114000
buffers=16
windows=21
branches=8312
failures=2811
obj=379
time=123900
buffers=16
windows=21
branches=10746
failures=3604
obj=376
time=136989
buffers=16
windows=21
branches=11265
failures=3795
obj=375
time=150649
buffers=16
windows=21
branches=205131
failures=80420
obj=374
time=349656
buffers=16
windows=21
branches=37580
failures=13403
obj=372
time=393382
buffers=16
windows=21
branches=33997
failures=12380
obj=371
time=428424
buffers=16
windows=21
branches=45555
failures=17344
obj=369
time=477181
buffers=16
windows=21
branches=334730
failures=134842
obj=364
time=773872
buffers=16
windows=21
branches=103164
failures=41023
obj=363
time=867111
buffers=16
windows=21
branches=552859
failures=233429
obj=361
time=1293373
buffers=16
windows=21
branches=199981
failures=79638
obj=360
time=1489042
buffers=16
windows=21
branches=493101
failures=205800
obj=359
time=1913997
buffers=16
windows=21
branches=293324
failures=121399
obj=358
time=2164759
buffers=16
windows=21
branches=826300
failures=347407
obj=357
time=2951575
buffers=16
windows=21
branches=803782
failures=339201
original_status=TIMEOUT
original_lb=249
obj=357
time=3600002
status=TIMEOUT
real_obj=35.661
real_time=3600002
