global=1
denseranking=1
symmetry=1
single_window=1
peak-ub=1477
buffers=16
windows=81
branches=1280
failures=0
obj=1415
time=880
buffers=16
windows=81
branches=1280
failures=0
obj=1269
time=1764
buffers=16
windows=81
branches=1280
failures=0
obj=1162
time=2786
buffers=16
windows=81
branches=1279
failures=0
obj=1137
time=3698
buffers=16
windows=81
branches=1278
failures=0
obj=1015
time=4651
buffers=16
windows=81
branches=1274
failures=0
obj=977
time=5646
buffers=16
windows=81
branches=3715
failures=456
obj=944
time=8274
buffers=16
windows=81
branches=3603
failures=401
obj=937
time=10934
buffers=16
windows=81
branches=3503
failures=401
obj=922
time=13582
buffers=16
windows=81
branches=2024
failures=101
obj=907
time=15058
buffers=16
windows=81
branches=5719
failures=808
obj=893
time=19029
buffers=16
windows=81
branches=53704
failures=12541
obj=842
time=55937
buffers=16
windows=81
branches=118961
failures=31000
obj=834
time=133080
buffers=16
windows=81
branches=301077
failures=89397
obj=828
time=335974
buffers=16
windows=81
branches=170342
failures=49201
obj=827
time=446828
buffers=16
windows=81
branches=51951
failures=12501
obj=825
time=481060
buffers=16
windows=81
branches=65461
failures=17458
obj=822
time=525794
buffers=16
windows=81
branches=414088
failures=126020
obj=816
time=795260
buffers=16
windows=81
branches=645312
failures=203376
obj=811
time=1199242
buffers=16
windows=81
branches=174238
failures=50672
obj=810
time=1314581
buffers=16
windows=81
branches=669488
failures=216040
obj=806
time=1717800
buffers=16
windows=81
branches=96726
failures=26235
obj=805
time=1781649
buffers=16
windows=81
branches=654459
failures=208777
obj=804
time=2203667
buffers=16
windows=81
branches=610561
failures=186481
obj=803
time=2595900
buffers=16
windows=81
branches=693842
failures=229056
obj=802
time=3032616
buffers=16
windows=81
branches=447935
failures=136531
obj=801
time=3319439
buffers=16
windows=81
branches=210207
failures=61278
obj=799
time=3451365
buffers=16
windows=81
branches=232122
failures=68001
original_status=TIMEOUT
original_lb=210
obj=799
time=3600003
status=TIMEOUT
real_obj=79.867
real_time=3600003
