global=1
denseranking=1
symmetry=1
single_window=1
peak-ub=1929
buffers=8
windows=41
branches=320
failures=0
obj=1353
time=47
buffers=8
windows=41
branches=383
failures=33
obj=1263
time=97
buffers=8
windows=41
branches=498
failures=91
obj=1237
time=162
buffers=8
windows=41
branches=356
failures=19
obj=1217
time=212
buffers=8
windows=41
branches=317
failures=0
obj=1158
time=262
buffers=8
windows=41
branches=1416
failures=340
obj=1136
time=423
buffers=8
windows=41
branches=706
failures=114
obj=1091
time=520
buffers=8
windows=41
branches=313
failures=0
obj=1085
time=575
buffers=8
windows=41
branches=2957
failures=801
obj=1082
time=922
buffers=8
windows=41
branches=779
failures=113
obj=1072
time=1036
buffers=8
windows=41
branches=303
failures=1
obj=1068
time=1088
buffers=8
windows=41
branches=751
failures=126
obj=1063
time=1189
buffers=8
windows=41
branches=2179
failures=552
obj=1026
time=1466
buffers=8
windows=41
branches=949
failures=201
obj=1007
time=1606
buffers=8
windows=41
branches=1260
failures=346
obj=997
time=1765
buffers=8
windows=41
branches=802
failures=158
obj=996
time=1882
buffers=8
windows=41
branches=3838
failures=1183
obj=992
time=2328
buffers=8
windows=41
branches=4244
failures=1282
obj=989
time=2833
buffers=8
windows=41
branches=3437
failures=987
obj=980
time=3271
buffers=8
windows=41
branches=2091
failures=566
obj=979
time=3549
buffers=8
windows=41
branches=1139
failures=275
obj=978
time=3709
buffers=8
windows=41
branches=1817
failures=449
obj=977
time=3952
buffers=8
windows=41
branches=4222
failures=1276
obj=975
time=4469
buffers=8
windows=41
branches=3744
failures=1176
obj=973
time=4889
buffers=8
windows=41
branches=1072
failures=202
obj=971
time=5061
buffers=8
windows=41
branches=7078
failures=2168
obj=961
time=5897
buffers=8
windows=41
branches=6796
failures=2184
obj=956
time=6680
buffers=8
windows=41
branches=6953
failures=2171
obj=952
time=7463
buffers=8
windows=41
branches=310
failures=18
obj=951
time=7522
buffers=8
windows=41
branches=8834
failures=2968
obj=944
time=8571
buffers=8
windows=41
branches=31825
failures=11681
obj=937
time=11825
buffers=8
windows=41
branches=4983
failures=1554
obj=933
time=12420
buffers=8
windows=41
branches=8492
failures=2867
obj=929
time=13343
buffers=8
windows=41
branches=41358
failures=15107
obj=927
time=17688
buffers=8
windows=41
branches=290
failures=2
obj=921
time=17743
buffers=8
windows=41
branches=8634
failures=3007
obj=919
time=18736
buffers=8
windows=41
branches=39115
failures=14483
obj=918
time=22475
buffers=8
windows=41
branches=12753
failures=4451
obj=916
time=23788
buffers=8
windows=41
branches=8438
failures=2856
obj=914
time=24731
buffers=8
windows=41
branches=7024
failures=2371
obj=905
time=25555
buffers=8
windows=41
branches=6886
failures=2290
obj=904
time=26378
buffers=8
windows=41
branches=3451
failures=1138
obj=900
time=26774
buffers=8
windows=41
branches=29894
failures=11078
obj=896
time=29928
buffers=8
windows=41
branches=460
failures=96
obj=894
time=30007
buffers=8
windows=41
branches=7995
failures=2837
obj=893
time=30858
buffers=8
windows=41
branches=8082
failures=2763
obj=891
time=31787
buffers=8
windows=41
branches=33240
failures=12361
obj=890
time=35400
buffers=8
windows=41
branches=4627
failures=1487
obj=888
time=35927
buffers=8
windows=41
branches=5839
failures=1898
obj=886
time=36661
buffers=8
windows=41
branches=15291
failures=5435
obj=884
time=38279
buffers=8
windows=41
branches=42576
failures=16249
obj=881
time=42669
buffers=8
windows=41
branches=71383
failures=28297
obj=877
time=48978
buffers=8
windows=41
branches=8097
failures=2870
obj=876
time=49900
buffers=8
windows=41
branches=19329
failures=7183
obj=874
time=51949
buffers=8
windows=41
branches=107351
failures=44245
obj=873
time=61120
buffers=8
windows=41
branches=83209
failures=32694
obj=861
time=68797
buffers=8
windows=41
branches=514184
failures=220496
obj=860
time=110699
buffers=8
windows=41
branches=131354
failures=53890
obj=859
time=122636
buffers=8
windows=41
branches=282801
failures=118394
obj=858
time=147956
buffers=8
windows=41
branches=420511
failures=175549
obj=857
time=184293
buffers=8
windows=41
branches=467775
failures=197668
obj=856
time=223438
buffers=8
windows=41
branches=481215
failures=204317
obj=855
time=267146
buffers=8
windows=41
branches=198224
failures=81275
obj=853
time=286557
buffers=8
windows=41
branches=6863
failures=2380
obj=852
time=287368
buffers=8
windows=41
branches=223983
failures=93840
obj=848
time=306542
buffers=8
windows=41
branches=1132056
failures=494774
obj=846
time=401590
buffers=8
windows=41
branches=952408
failures=406744
obj=843
time=478876
buffers=8
windows=41
branches=4755621
failures=2097360
obj=842
time=847406
buffers=8
windows=41
branches=3713925
failures=1645706
obj=838
time=1128599
buffers=8
windows=41
branches=6570133
failures=2937773
obj=837
time=1621131
buffers=8
windows=41
branches=2208169
failures=965373
obj=836
time=1804165
buffers=8
windows=41
branches=7869027
failures=3518545
obj=834
time=2461888
buffers=8
windows=41
branches=15243582
failures=6865897
original_status=TIMEOUT
original_lb=220
obj=834
time=3600000
status=TIMEOUT
real_obj=83.387
real_time=3600000
