global=1
denseranking=1
symmetry=1
single_window=1
peak-ub=1826
buffers=16
windows=41
branches=640
failures=0
obj=1067
time=674
buffers=16
windows=41
branches=639
failures=0
obj=1010
time=1315
buffers=16
windows=41
branches=640
failures=0
obj=797
time=1986
buffers=16
windows=41
branches=2248
failures=200
obj=763
time=4126
buffers=16
windows=41
branches=627
failures=0
obj=755
time=4879
buffers=16
windows=41
branches=1398
failures=104
obj=752
time=6615
buffers=16
windows=41
branches=8956
failures=1571
obj=746
time=16033
buffers=16
windows=41
branches=17066
failures=3600
obj=745
time=31979
buffers=16
windows=41
branches=3956
failures=500
obj=732
time=36171
buffers=16
windows=41
branches=11848
failures=2224
obj=731
time=48639
buffers=16
windows=41
branches=8854
failures=1662
obj=729
time=57698
buffers=16
windows=41
branches=5766
failures=813
obj=728
time=63997
buffers=16
windows=41
branches=626
failures=5
obj=725
time=64834
buffers=16
windows=41
branches=3756
failures=564
obj=717
time=68706
buffers=16
windows=41
branches=26334
failures=5901
obj=714
time=94341
buffers=16
windows=41
branches=3230
failures=488
obj=713
time=98054
buffers=16
windows=41
branches=13740
failures=2960
obj=705
time=111744
buffers=16
windows=41
branches=22692
failures=4600
obj=698
time=133664
buffers=16
windows=41
branches=4612
failures=728
obj=692
time=138477
buffers=16
windows=41
branches=63767
failures=15743
obj=691
time=198554
buffers=16
windows=41
branches=6737
failures=1203
obj=684
time=205984
buffers=16
windows=41
branches=58897
failures=14280
obj=682
time=256155
buffers=16
windows=41
branches=725
failures=62
obj=671
time=257040
buffers=16
windows=41
branches=69865
failures=19738
obj=664
time=318226
buffers=16
windows=41
branches=193748
failures=58613
obj=662
time=487694
buffers=16
windows=41
branches=586267
failures=181610
obj=659
time=947887
buffers=16
windows=41
branches=206244
failures=64405
obj=653
time=1115992
buffers=16
windows=41
branches=1282347
failures=437172
obj=649
time=2106825
buffers=16
windows=41
branches=821560
failures=281504
obj=647
time=2771158
buffers=16
windows=41
branches=1054080
failures=362918
original_status=TIMEOUT
original_lb=229
obj=647
time=3600003
status=TIMEOUT
real_obj=64.620
real_time=3600003
