global=1
denseranking=1
symmetry=1
single_window=1
peak-ub=1759
buffers=24
windows=61
branches=1440
failures=0
obj=1381
time=4377
buffers=24
windows=61
branches=1440
failures=0
obj=1258
time=8629
buffers=24
windows=61
branches=1440
failures=0
obj=1193
time=13350
buffers=24
windows=61
branches=1440
failures=0
obj=928
time=18171
buffers=24
windows=61
branches=1464
failures=12
obj=906
time=22721
buffers=24
windows=61
branches=1437
failures=0
obj=900
time=27928
buffers=24
windows=61
branches=1993
failures=112
obj=871
time=34440
buffers=24
windows=61
branches=1432
failures=0
obj=794
time=39988
buffers=24
windows=61
branches=1462
failures=15
obj=788
time=44437
buffers=24
windows=61
branches=2811
failures=200
obj=778
time=55888
buffers=24
windows=61
branches=1446
failures=11
obj=772
time=61054
buffers=24
windows=61
branches=3707
failures=400
obj=767
time=73762
buffers=24
windows=61
branches=1431
failures=0
obj=751
time=79728
buffers=24
windows=61
branches=8302
failures=1301
obj=745
time=105383
buffers=24
windows=61
branches=2726
failures=250
obj=731
time=114412
buffers=24
windows=61
branches=4565
failures=500
obj=728
time=127964
buffers=24
windows=61
branches=2183
failures=100
obj=725
time=136149
buffers=24
windows=61
branches=5730
failures=802
obj=723
time=156797
buffers=24
windows=61
branches=4894
failures=602
obj=717
time=172962
buffers=24
windows=61
branches=6077
failures=802
obj=699
time=191711
buffers=24
windows=61
branches=6556
failures=1016
obj=698
time=212855
buffers=24
windows=61
branches=25797
failures=5696
obj=697
time=288266
buffers=24
windows=61
branches=23913
failures=5206
obj=695
time=360128
buffers=24
windows=61
branches=76911
failures=20800
obj=694
time=578402
buffers=24
windows=61
branches=18978
failures=4472
obj=691
time=626546
buffers=24
windows=61
branches=22319
failures=4800
obj=670
time=693724
buffers=24
windows=61
branches=31594
failures=8201
obj=668
time=790085
buffers=24
windows=61
branches=382979
failures=124342
obj=666
time=1778779
buffers=24
windows=61
branches=245339
failures=75707
obj=663
time=2493079
buffers=24
windows=61
branches=97619
failures=28000
obj=661
time=2780819
buffers=24
windows=61
branches=331146
failures=109047
original_status=TIMEOUT
original_lb=257
obj=661
time=3600003
status=TIMEOUT
real_obj=66.059
real_time=3600003
