global=1
denseranking=1
symmetry=1
single_window=1
peak-ub=1433
buffers=24
windows=61
branches=1440
failures=0
obj=974
time=4584
buffers=24
windows=61
branches=1440
failures=0
obj=794
time=9052
buffers=24
windows=61
branches=4659
failures=200
obj=761
time=24707
buffers=24
windows=61
branches=5823
failures=500
obj=756
time=44530
buffers=24
windows=61
branches=3037
failures=100
obj=750
time=54340
buffers=24
windows=61
branches=5608
failures=506
obj=748
time=77667
buffers=24
windows=61
branches=1431
failures=0
obj=690
time=82951
buffers=24
windows=61
branches=18560
failures=2000
obj=686
time=152196
buffers=24
windows=61
branches=13531
failures=1400
obj=681
time=205375
buffers=24
windows=61
branches=28509
failures=4000
obj=670
time=311387
buffers=24
windows=61
branches=12620
failures=1713
obj=665
time=359923
buffers=24
windows=61
branches=4993
failures=502
obj=661
time=378033
buffers=24
windows=61
branches=10744
failures=1372
obj=659
time=421971
buffers=24
windows=61
branches=66418
failures=12010
obj=657
time=672245
buffers=24
windows=61
branches=69224
failures=13000
obj=652
time=963475
buffers=24
windows=61
branches=60091
failures=12813
obj=650
time=1186267
buffers=24
windows=61
branches=176592
failures=47206
obj=649
time=1771728
buffers=24
windows=61
branches=4280
failures=480
obj=645
time=1792836
buffers=24
windows=61
branches=20812
failures=3300
obj=638
time=1872630
buffers=24
windows=61
branches=134947
failures=28817
obj=637
time=2398915
buffers=24
windows=61
branches=75008
failures=15937
obj=633
time=2684298
buffers=24
windows=61
branches=290569
failures=67701
original_status=TIMEOUT
original_lb=274
obj=633
time=3600003
status=TIMEOUT
real_obj=63.229
real_time=3600003
