global=1
denseranking=1
symmetry=1
single_window=1
peak-ub=1966
buffers=16
windows=81
branches=1280
failures=0
obj=1356
time=689
buffers=16
windows=81
branches=1280
failures=0
obj=1273
time=1382
buffers=16
windows=81
branches=1279
failures=0
obj=1113
time=2080
buffers=16
windows=81
branches=1278
failures=0
obj=1098
time=2696
buffers=16
windows=81
branches=1276
failures=1
obj=1045
time=3281
buffers=16
windows=81
branches=3583
failures=360
obj=975
time=4826
buffers=16
windows=81
branches=1270
failures=0
obj=974
time=5373
buffers=16
windows=81
branches=1271
failures=0
obj=964
time=5926
buffers=16
windows=81
branches=14236
failures=1800
obj=955
time=12288
buffers=16
windows=81
branches=18701
failures=3118
obj=954
time=20289
buffers=16
windows=81
branches=5640
failures=500
obj=949
time=22733
buffers=16
windows=81
branches=6428
failures=600
obj=944
time=25471
buffers=16
windows=81
branches=1295
failures=12
obj=943
time=26037
buffers=16
windows=81
branches=11185
failures=1400
obj=940
time=30931
buffers=16
windows=81
branches=2276
failures=102
obj=926
time=31928
buffers=16
windows=81
branches=21229
failures=3400
obj=925
time=41376
buffers=16
windows=81
branches=21407
failures=3401
obj=919
time=50581
buffers=16
windows=81
branches=5369
failures=500
obj=897
time=52925
buffers=16
windows=81
branches=23672
failures=3700
obj=894
time=63600
buffers=16
windows=81
branches=10100
failures=1301
obj=891
time=67910
buffers=16
windows=81
branches=14192
failures=1883
obj=888
time=73888
buffers=16
windows=81
branches=36862
failures=6403
obj=878
time=89982
buffers=16
windows=81
branches=98079
failures=20600
obj=867
time=131828
buffers=16
windows=81
branches=6403
failures=690
obj=851
time=134653
buffers=16
windows=81
branches=231335
failures=54002
obj=849
time=231674
buffers=16
windows=81
branches=128932
failures=27400
obj=847
time=285016
buffers=16
windows=81
branches=410257
failures=104101
obj=840
time=460260
buffers=16
windows=81
branches=98236
failures=20905
obj=834
time=501313
buffers=16
windows=81
branches=769648
failures=193826
obj=829
time=830020
buffers=16
windows=81
branches=1893357
failures=534801
obj=823
time=1651238
buffers=16
windows=81
branches=935473
failures=250892
obj=817
time=2048167
buffers=16
windows=81
branches=747104
failures=185600
obj=814
time=2376092
buffers=16
windows=81
branches=1572189
failures=411203
obj=803
time=3043829
buffers=16
windows=81
branches=1242014
failures=336001
original_status=TIMEOUT
original_lb=241
obj=803
time=3600003
status=TIMEOUT
real_obj=80.269
real_time=3600003
