global=1
denseranking=1
symmetry=1
single_window=1
peak-ub=1413
buffers=24
windows=61
branches=1440
failures=0
obj=1010
time=4681
buffers=24
windows=61
branches=1440
failures=0
obj=828
time=9480
buffers=24
windows=61
branches=1437
failures=0
obj=801
time=14578
buffers=24
windows=61
branches=2470
failures=100
obj=715
time=23426
buffers=24
windows=61
branches=7806
failures=800
obj=688
time=49562
buffers=24
windows=61
branches=3242
failures=200
obj=686
time=62489
buffers=24
windows=61
branches=18823
failures=3205
obj=685
time=135053
buffers=24
windows=61
branches=12573
failures=1400
obj=681
time=191114
buffers=24
windows=61
branches=1453
failures=17
obj=679
time=196915
buffers=24
windows=61
branches=6758
failures=600
obj=665
time=222835
buffers=24
windows=61
branches=21545
failures=3700
obj=662
time=304616
buffers=24
windows=61
branches=4378
failures=400
obj=659
time=325085
buffers=24
windows=61
branches=30566
failures=5001
obj=639
time=438485
buffers=24
windows=61
branches=132002
failures=29600
obj=638
time=951057
buffers=24
windows=61
branches=92591
failures=21088
obj=628
time=1289085
buffers=24
windows=61
branches=173728
failures=45205
obj=627
time=1872570
buffers=24
windows=61
branches=268633
failures=66972
obj=624
time=3134038
buffers=24
windows=61
branches=77127
failures=17543
obj=611
time=3419414
buffers=24
windows=61
branches=46894
failures=9801
original_status=TIMEOUT
original_lb=223
obj=611
time=3600006
status=TIMEOUT
real_obj=81.266
real_time=3600006
