global=1
denseranking=1
symmetry=1
single_window=1
peak-ub=464
buffers=16
windows=21
branches=318
failures=0
obj=389
time=1143
buffers=16
windows=21
branches=350
failures=23
obj=387
time=2509
buffers=16
windows=21
branches=2214
failures=600
obj=379
time=8745
buffers=16
windows=21
branches=627
failures=100
obj=366
time=10851
buffers=16
windows=21
branches=994
failures=245
obj=363
time=13889
buffers=16
windows=21
branches=353
failures=20
obj=349
time=15318
buffers=16
windows=21
branches=856
failures=142
obj=347
time=18428
buffers=16
windows=21
branches=305
failures=4
obj=346
time=19766
buffers=16
windows=21
branches=1176
failures=242
obj=345
time=23551
buffers=16
windows=21
branches=650
failures=117
obj=338
time=25907
buffers=16
windows=21
branches=1157
failures=327
obj=332
time=29432
buffers=16
windows=21
branches=599
failures=106
obj=316
time=31774
buffers=16
windows=21
branches=919
failures=186
obj=314
time=35386
buffers=16
windows=21
branches=293
failures=0
obj=306
time=36667
buffers=16
windows=21
branches=9053
failures=3486
obj=305
time=58410
buffers=16
windows=21
branches=3228
failures=1186
obj=304
time=66639
buffers=16
windows=21
branches=2443
failures=810
obj=302
time=72863
buffers=16
windows=21
branches=11631
failures=4555
obj=290
time=98396
buffers=16
windows=21
branches=22862
failures=9517
obj=282
time=145726
buffers=16
windows=21
branches=548790
failures=249351
obj=280
time=964440
buffers=16
windows=21
branches=1948622
failures=890670
original_status=TIMEOUT
original_lb=227
obj=280
time=3600004
status=TIMEOUT
real_obj=27.918
real_time=3600004
