global=1
denseranking=1
symmetry=1
single_window=1
peak-ub=809
buffers=24
windows=21
branches=480
failures=0
obj=501
time=5366
buffers=24
windows=21
branches=477
failures=0
obj=458
time=11309
buffers=24
windows=21
branches=712
failures=100
obj=428
time=18649
buffers=24
windows=21
branches=1572
failures=400
obj=427
time=31891
buffers=24
windows=21
branches=2546
failures=846
obj=424
time=59031
buffers=24
windows=21
branches=1159
failures=200
obj=418
time=73430
buffers=24
windows=21
branches=3353
failures=1200
obj=370
time=104185
buffers=24
windows=21
branches=16758
failures=7598
obj=366
time=200961
buffers=24
windows=21
branches=38881
failures=17846
obj=356
time=443318
buffers=24
windows=21
branches=530875
failures=254778
obj=355
time=3232916
buffers=24
windows=21
branches=63501
failures=29828
original_status=TIMEOUT
original_lb=298
obj=355
time=3600005
status=TIMEOUT
real_obj=35.473
real_time=3600005
