global=1
denseranking=1
symmetry=1
single_window=1
peak-ub=1442
buffers=8
windows=41
branches=320
failures=0
obj=1260
time=20
buffers=8
windows=41
branches=320
failures=0
obj=1057
time=40
buffers=8
windows=41
branches=684
failures=100
obj=1051
time=79
buffers=8
windows=41
branches=470
failures=79
obj=1017
time=107
buffers=8
windows=41
branches=1612
failures=400
obj=975
time=194
buffers=8
windows=41
branches=763
failures=148
obj=968
time=236
buffers=8
windows=41
branches=307
failures=0
obj=959
time=258
buffers=8
windows=41
branches=3151
failures=936
obj=947
time=425
buffers=8
windows=41
branches=2700
failures=770
obj=944
time=575
buffers=8
windows=41
branches=498
failures=97
obj=932
time=605
buffers=8
windows=41
branches=792
failures=174
obj=928
time=654
buffers=8
windows=41
branches=1149
failures=294
obj=926
time=724
buffers=8
windows=41
branches=335
failures=16
obj=924
time=748
buffers=8
windows=41
branches=3617
failures=1171
obj=923
time=937
buffers=8
windows=41
branches=2611
failures=750
obj=921
time=1088
buffers=8
windows=41
branches=1223
failures=311
obj=901
time=1159
buffers=8
windows=41
branches=428
failures=69
obj=900
time=1189
buffers=8
windows=41
branches=2979
failures=891
obj=897
time=1368
buffers=8
windows=41
branches=1056
failures=255
obj=886
time=1437
buffers=8
windows=41
branches=1989
failures=559
obj=881
time=1552
buffers=8
windows=41
branches=1146
failures=283
obj=869
time=1623
buffers=8
windows=41
branches=9923
failures=3597
obj=861
time=2102
buffers=8
windows=41
branches=8416
failures=3032
obj=857
time=2514
buffers=8
windows=41
branches=4868
failures=1644
obj=851
time=2740
buffers=8
windows=41
branches=28571
failures=11034
obj=844
time=4121
buffers=8
windows=41
branches=37891
failures=14548
obj=843
time=5962
buffers=8
windows=41
branches=32514
failures=12477
obj=840
time=7578
buffers=8
windows=41
branches=27844
failures=10727
obj=838
time=8881
buffers=8
windows=41
branches=44646
failures=17886
obj=837
time=10952
buffers=8
windows=41
branches=16187
failures=6020
obj=833
time=11754
buffers=8
windows=41
branches=44122
failures=17707
obj=828
time=13839
buffers=8
windows=41
branches=114685
failures=47819
obj=826
time=18804
buffers=8
windows=41
branches=36909
failures=14321
obj=823
time=20646
buffers=8
windows=41
branches=272070
failures=115173
obj=821
time=32540
buffers=8
windows=41
branches=428337
failures=180620
obj=818
time=51158
buffers=8
windows=41
branches=18730
failures=7247
obj=817
time=52101
buffers=8
windows=41
branches=612569
failures=264291
obj=816
time=81451
buffers=8
windows=41
branches=991017
failures=428523
obj=813
time=124327
buffers=8
windows=41
branches=2188178
failures=960064
obj=811
time=211884
buffers=8
windows=41
branches=10957
failures=3969
obj=805
time=212449
buffers=8
windows=41
branches=2328785
failures=1032415
obj=802
time=303898
buffers=8
windows=41
branches=32965300
failures=15035762
obj=797
time=1468226
buffers=8
windows=41
branches=48527066
failures=22162083
original_status=TIMEOUT
original_lb=213
obj=797
time=3600000
status=TIMEOUT
real_obj=79.681
real_time=3600000
