global=1
denseranking=1
symmetry=1
single_window=1
peak-ub=1918
buffers=24
windows=41
branches=960
failures=0
obj=1193
time=2750
buffers=24
windows=41
branches=960
failures=0
obj=1163
time=5200
buffers=24
windows=41
branches=960
failures=0
obj=1093
time=7889
buffers=24
windows=41
branches=959
failures=0
obj=1078
time=10420
buffers=24
windows=41
branches=960
failures=1
obj=983
time=12905
buffers=24
windows=41
branches=9378
failures=1300
obj=979
time=38859
buffers=24
windows=41
branches=954
failures=0
obj=942
time=41519
buffers=24
windows=41
branches=27708
failures=4600
obj=921
time=112134
buffers=24
windows=41
branches=2826
failures=200
obj=916
time=120413
buffers=24
windows=41
branches=8583
failures=1200
obj=876
time=148667
buffers=24
windows=41
branches=14302
failures=2000
obj=875
time=182860
buffers=24
windows=41
branches=41012
failures=8200
obj=872
time=275488
buffers=24
windows=41
branches=13315
failures=1805
obj=867
time=318066
buffers=24
windows=41
branches=50437
failures=9701
obj=863
time=443922
buffers=24
windows=41
branches=20933
failures=3604
obj=861
time=493197
buffers=24
windows=41
branches=49179
failures=9600
obj=859
time=613195
buffers=24
windows=41
branches=52524
failures=10002
obj=825
time=754718
buffers=24
windows=41
branches=45328
failures=9050
obj=820
time=873395
buffers=24
windows=41
branches=39589
failures=8201
obj=817
time=988927
buffers=24
windows=41
branches=83498
failures=19203
obj=816
time=1227259
buffers=24
windows=41
branches=109259
failures=24053
obj=814
time=1493184
buffers=24
windows=41
branches=178431
failures=44888
obj=813
time=1915389
buffers=24
windows=41
branches=426314
failures=111600
obj=812
time=2884470
buffers=24
windows=41
branches=302418
failures=73078
original_status=TIMEOUT
original_lb=267
obj=812
time=3600041
status=TIMEOUT
real_obj=81.109
real_time=3600041
