global=1
denseranking=1
symmetry=1
single_window=1
peak-ub=892
buffers=16
windows=21
branches=320
failures=0
obj=626
time=754
buffers=16
windows=21
branches=318
failures=0
obj=614
time=1601
buffers=16
windows=21
branches=319
failures=0
obj=566
time=2388
buffers=16
windows=21
branches=314
failures=0
obj=512
time=3242
buffers=16
windows=21
branches=1287
failures=200
obj=489
time=6227
buffers=16
windows=21
branches=2731
failures=600
obj=482
time=11649
buffers=16
windows=21
branches=410
failures=54
obj=475
time=12768
buffers=16
windows=21
branches=300
failures=0
obj=467
time=13560
buffers=16
windows=21
branches=960
failures=197
obj=454
time=15694
buffers=16
windows=21
branches=3715
failures=982
obj=447
time=22975
buffers=16
windows=21
branches=40189
failures=12898
obj=439
time=97650
buffers=16
windows=21
branches=11295
failures=3528
obj=435
time=123211
buffers=16
windows=21
branches=42320
failures=14378
obj=434
time=197579
buffers=16
windows=21
branches=40785
failures=13604
obj=431
time=280328
buffers=16
windows=21
branches=8929
failures=3084
obj=425
time=296627
buffers=16
windows=21
branches=17295
failures=5797
obj=424
time=328884
buffers=16
windows=21
branches=1395
failures=397
obj=423
time=331967
buffers=16
windows=21
branches=9705
failures=3154
obj=420
time=350189
buffers=16
windows=21
branches=9894
failures=3467
obj=419
time=368128
buffers=16
windows=21
branches=10559
failures=3596
obj=418
time=386110
buffers=16
windows=21
branches=85423
failures=31831
obj=417
time=540256
buffers=16
windows=21
branches=165330
failures=65247
obj=413
time=842147
buffers=16
windows=21
branches=333019
failures=135266
obj=412
time=1361309
buffers=16
windows=21
branches=184533
failures=73477
obj=410
time=1658834
buffers=16
windows=21
branches=41633
failures=15794
obj=408
time=1729317
buffers=16
windows=21
branches=547056
failures=231025
obj=403
time=2456572
buffers=16
windows=21
branches=120689
failures=48861
obj=402
time=2642697
buffers=16
windows=21
branches=79864
failures=31301
obj=401
time=2779591
buffers=16
windows=21
branches=188122
failures=76727
obj=399
time=3062873
buffers=16
windows=21
branches=376670
failures=158994
original_status=TIMEOUT
original_lb=287
obj=399
time=3600012
status=TIMEOUT
real_obj=39.892
real_time=3600012
