global=1
denseranking=1
symmetry=1
single_window=1
peak-ub=1524
buffers=16
windows=21
branches=320
failures=0
obj=757
time=716
buffers=16
windows=21
branches=320
failures=0
obj=636
time=1407
buffers=16
windows=21
branches=317
failures=1
obj=626
time=2041
buffers=16
windows=21
branches=308
failures=0
obj=575
time=2718
buffers=16
windows=21
branches=2242
failures=600
obj=558
time=6361
buffers=16
windows=21
branches=5248
failures=1831
obj=555
time=14530
buffers=16
windows=21
branches=788
failures=205
obj=554
time=16070
buffers=16
windows=21
branches=547
failures=100
obj=547
time=17130
buffers=16
windows=21
branches=774
failures=200
obj=536
time=18558
buffers=16
windows=21
branches=12209
failures=4870
obj=535
time=33311
buffers=16
windows=21
branches=29196
failures=12500
obj=504
time=68233
buffers=16
windows=21
branches=81005
failures=37219
obj=497
time=146679
buffers=16
windows=21
branches=73995
failures=34194
obj=496
time=228393
buffers=16
windows=21
branches=395612
failures=186763
obj=494
time=637570
buffers=16
windows=21
branches=201905
failures=95316
obj=491
time=836608
buffers=16
windows=21
branches=644591
failures=309350
obj=488
time=1397451
buffers=16
windows=21
branches=682582
failures=325440
obj=487
time=2049118
buffers=16
windows=21
branches=212404
failures=102262
obj=486
time=2254332
buffers=16
windows=21
branches=455261
failures=219772
obj=483
time=2674960
buffers=16
windows=21
branches=1223853
failures=595367
original_status=TIMEOUT
original_lb=282
obj=483
time=3600002
status=TIMEOUT
real_obj=48.289
real_time=3600002
