global=1
denseranking=1
symmetry=1
single_window=1
peak-ub=1894
buffers=8
windows=81
branches=640
failures=0
obj=1412
time=54
buffers=8
windows=81
branches=640
failures=0
obj=1328
time=107
buffers=8
windows=81
branches=639
failures=0
obj=1296
time=164
buffers=8
windows=81
branches=642
failures=2
obj=1248
time=220
buffers=8
windows=81
branches=640
failures=0
obj=1235
time=277
buffers=8
windows=81
branches=639
failures=0
obj=1169
time=335
buffers=8
windows=81
branches=637
failures=1
obj=1153
time=392
buffers=8
windows=81
branches=640
failures=0
obj=1084
time=449
buffers=8
windows=81
branches=2938
failures=500
obj=1074
time=668
buffers=8
windows=81
branches=637
failures=1
obj=1071
time=726
buffers=8
windows=81
branches=688
failures=27
obj=1063
time=787
buffers=8
windows=81
branches=673
failures=21
obj=1040
time=848
buffers=8
windows=81
branches=1629
failures=235
obj=1033
time=974
buffers=8
windows=81
branches=659
failures=13
obj=1026
time=1034
buffers=8
windows=81
branches=747
failures=59
obj=1013
time=1103
buffers=8
windows=81
branches=651
failures=12
obj=1005
time=1164
buffers=8
windows=81
branches=1163
failures=197
obj=1003
time=1261
buffers=8
windows=81
branches=632
failures=5
obj=991
time=1320
buffers=8
windows=81
branches=1137
failures=103
obj=989
time=1415
buffers=8
windows=81
branches=632
failures=6
obj=983
time=1474
buffers=8
windows=81
branches=6786
failures=1703
obj=971
time=1986
buffers=8
windows=81
branches=3695
failures=833
obj=945
time=2282
buffers=8
windows=81
branches=2913
failures=701
obj=934
time=2514
buffers=8
windows=81
branches=2357
failures=442
obj=907
time=2709
buffers=8
windows=81
branches=1984
failures=402
obj=900
time=2872
buffers=8
windows=81
branches=3224
failures=796
obj=897
time=3131
buffers=8
windows=81
branches=3392
failures=778
obj=891
time=3410
buffers=8
windows=81
branches=2850
failures=699
obj=876
time=3638
buffers=8
windows=81
branches=16576
failures=5183
obj=866
time=4834
buffers=8
windows=81
branches=24429
failures=8697
obj=865
time=6371
buffers=8
windows=81
branches=6700
failures=2209
obj=860
time=6835
buffers=8
windows=81
branches=6649
failures=1928
obj=859
time=7313
buffers=8
windows=81
branches=40744
failures=13719
obj=842
time=10178
buffers=8
windows=81
branches=18514
failures=5976
obj=841
time=11547
buffers=8
windows=81
branches=18658
failures=6454
obj=838
time=12887
buffers=8
windows=81
branches=36114
failures=12859
obj=828
time=15296
buffers=8
windows=81
branches=39213
failures=14732
obj=822
time=17939
buffers=8
windows=81
branches=76191
failures=29339
obj=821
time=22583
buffers=8
windows=81
branches=234902
failures=96458
obj=819
time=36041
buffers=8
windows=81
branches=100913
failures=39004
obj=818
time=42842
buffers=8
windows=81
branches=39518
failures=14922
obj=812
time=45459
buffers=8
windows=81
branches=93780
failures=37942
obj=811
time=51147
buffers=8
windows=81
branches=224080
failures=93465
obj=810
time=64194
buffers=8
windows=81
branches=55151
failures=22083
obj=802
time=67663
buffers=8
windows=81
branches=329483
failures=138648
obj=801
time=86709
buffers=8
windows=81
branches=1359494
failures=592810
obj=800
time=155996
buffers=8
windows=81
branches=779788
failures=335678
obj=799
time=201200
buffers=8
windows=81
branches=1938802
failures=850331
obj=797
time=315745
buffers=8
windows=81
branches=359693
failures=152532
obj=790
time=337001
buffers=8
windows=81
branches=823880
failures=360779
obj=784
time=380793
buffers=8
windows=81
branches=4493919
failures=2018346
obj=783
time=621906
buffers=8
windows=81
branches=611854
failures=270152
obj=781
time=654615
buffers=8
windows=81
branches=425970
failures=184520
obj=780
time=678296
buffers=8
windows=81
branches=17306817
failures=7966217
obj=779
time=1468638
buffers=8
windows=81
branches=4950272
failures=2258501
obj=777
time=1700973
buffers=8
windows=81
branches=4067521
failures=1844369
obj=776
time=1895815
buffers=8
windows=81
branches=26298582
failures=12228256
obj=774
time=3032493
buffers=8
windows=81
branches=593947
failures=264663
obj=768
time=3062795
buffers=8
windows=81
branches=12296823
failures=5708127
original_status=TIMEOUT
original_lb=287
obj=768
time=3600003
status=TIMEOUT
real_obj=76.737
real_time=3600003
