global=1
denseranking=1
symmetry=1
single_window=1
peak-ub=1181
buffers=16
windows=21
branches=320
failures=0
obj=892
time=498
buffers=16
windows=21
branches=314
failures=0
obj=875
time=988
buffers=16
windows=21
branches=785
failures=100
obj=769
time=2041
buffers=16
windows=21
branches=1245
failures=200
obj=756
time=3845
buffers=16
windows=21
branches=1962
failures=429
obj=755
time=6486
buffers=16
windows=21
branches=803
failures=101
obj=745
time=7880
buffers=16
windows=21
branches=3291
failures=832
obj=716
time=12602
buffers=16
windows=21
branches=1370
failures=281
obj=714
time=14709
buffers=16
windows=21
branches=3865
failures=986
obj=710
time=19503
buffers=16
windows=21
branches=4481
failures=1206
obj=706
time=24986
buffers=16
windows=21
branches=302
failures=1
obj=700
time=25615
buffers=16
windows=21
branches=4381
failures=1200
obj=664
time=30465
buffers=16
windows=21
branches=40448
failures=13204
obj=659
time=79062
buffers=16
windows=21
branches=2346
failures=543
obj=650
time=82518
buffers=16
windows=21
branches=43361
failures=14400
obj=641
time=133074
buffers=16
windows=21
branches=1416
failures=347
obj=637
time=135093
buffers=16
windows=21
branches=38348
failures=12726
obj=633
time=176572
buffers=16
windows=21
branches=55087
failures=19805
obj=627
time=235821
buffers=16
windows=21
branches=22623
failures=7901
obj=618
time=261661
buffers=16
windows=21
branches=17125
failures=5428
obj=617
time=281128
buffers=16
windows=21
branches=160367
failures=59519
obj=615
time=454309
buffers=16
windows=21
branches=303870
failures=117157
obj=614
time=770019
buffers=16
windows=21
branches=359562
failures=137744
obj=611
time=1126028
buffers=16
windows=21
branches=50152
failures=18507
obj=598
time=1184885
buffers=16
windows=21
branches=735871
failures=293913
obj=597
time=1860255
buffers=16
windows=21
branches=1945997
failures=797073
original_status=TIMEOUT
original_lb=263
obj=597
time=3600004
status=TIMEOUT
real_obj=59.672
real_time=3600004
