global=1
denseranking=1
symmetry=1
single_window=1
peak-ub=2310
buffers=16
windows=61
branches=960
failures=0
obj=1661
time=806
buffers=16
windows=61
branches=960
failures=0
obj=1579
time=1582
buffers=16
windows=61
branches=961
failures=1
obj=1547
time=2458
buffers=16
windows=61
branches=959
failures=0
obj=1541
time=3291
buffers=16
windows=61
branches=1780
failures=100
obj=1479
time=4897
buffers=16
windows=61
branches=3724
failures=400
obj=1434
time=8286
buffers=16
windows=61
branches=957
failures=2
obj=1426
time=9144
buffers=16
windows=61
branches=1898
failures=100
obj=1414
time=10795
buffers=16
windows=61
branches=1787
failures=100
obj=1396
time=12446
buffers=16
windows=61
branches=4441
failures=501
obj=1371
time=16497
buffers=16
windows=61
branches=998
failures=27
obj=1367
time=17452
buffers=16
windows=61
branches=3648
failures=478
obj=1313
time=20861
buffers=16
windows=61
branches=1837
failures=101
obj=1291
time=22573
buffers=16
windows=61
branches=15105
failures=2976
obj=1279
time=34648
buffers=16
windows=61
branches=24077
failures=4601
obj=1270
time=54398
buffers=16
windows=61
branches=2758
failures=201
obj=1268
time=56804
buffers=16
windows=61
branches=7790
failures=1280
obj=1267
time=63449
buffers=16
windows=61
branches=2645
failures=200
obj=1247
time=65892
buffers=16
windows=61
branches=92323
failures=23005
obj=1246
time=144044
buffers=16
windows=61
branches=17623
failures=3401
obj=1244
time=159320
buffers=16
windows=61
branches=52103
failures=11757
obj=1241
time=207240
buffers=16
windows=61
branches=126564
failures=30904
obj=1237
time=317990
buffers=16
windows=61
branches=2598
failures=341
obj=1224
time=320355
buffers=16
windows=61
branches=114864
failures=28946
obj=1220
time=425511
buffers=16
windows=61
branches=278902
failures=75255
obj=1215
time=662570
buffers=16
windows=61
branches=372120
failures=108862
obj=1214
time=981934
buffers=16
windows=61
branches=24009
failures=4802
obj=1210
time=1004010
buffers=16
windows=61
branches=102499
failures=25622
obj=1200
time=1106308
buffers=16
windows=61
branches=129401
failures=32201
obj=1198
time=1228552
buffers=16
windows=61
branches=37629
failures=8806
obj=1197
time=1261300
buffers=16
windows=61
branches=13478
failures=2400
obj=1186
time=1273209
buffers=16
windows=61
branches=210140
failures=57301
obj=1183
time=1472201
buffers=16
windows=61
branches=26748
failures=5600
obj=1173
time=1493398
buffers=16
windows=61
branches=314185
failures=93107
obj=1172
time=1756435
buffers=16
windows=61
branches=725850
failures=230804
obj=1170
time=2327659
buffers=16
windows=61
branches=287421
failures=78678
obj=1168
time=2579122
buffers=16
windows=61
branches=157355
failures=45054
obj=1163
time=2712733
buffers=16
windows=61
branches=464908
failures=136951
obj=1160
time=3100730
buffers=16
windows=61
branches=115003
failures=29601
obj=1154
time=3203913
buffers=16
windows=61
branches=457528
failures=135201
original_status=TIMEOUT
original_lb=243
obj=1154
time=3600016
status=TIMEOUT
real_obj=115.316
real_time=3600016
