global=1
denseranking=1
symmetry=1
single_window=1
peak-ub=1625
buffers=8
windows=61
branches=480
failures=0
obj=1010
time=42
buffers=8
windows=61
branches=476
failures=0
obj=957
time=83
buffers=8
windows=61
branches=478
failures=0
obj=864
time=124
buffers=8
windows=61
branches=475
failures=1
obj=819
time=168
buffers=8
windows=61
branches=557
failures=42
obj=795
time=218
buffers=8
windows=61
branches=940
failures=162
obj=786
time=289
buffers=8
windows=61
branches=1640
failures=289
obj=782
time=427
buffers=8
windows=61
branches=490
failures=15
obj=778
time=476
buffers=8
windows=61
branches=1157
failures=122
obj=772
time=577
buffers=8
windows=61
branches=505
failures=22
obj=753
time=625
buffers=8
windows=61
branches=1781
failures=214
obj=749
time=773
buffers=8
windows=61
branches=1754
failures=200
obj=743
time=926
buffers=8
windows=61
branches=650
failures=92
obj=701
time=981
buffers=8
windows=61
branches=18018
failures=4513
obj=693
time=2280
buffers=8
windows=61
branches=7768
failures=1787
obj=687
time=2875
buffers=8
windows=61
branches=3503
failures=601
obj=680
time=3167
buffers=8
windows=61
branches=4890
failures=1084
obj=679
time=3540
buffers=8
windows=61
branches=23210
failures=6469
obj=674
time=5165
buffers=8
windows=61
branches=14376
failures=3833
obj=671
time=6277
buffers=8
windows=61
branches=72155
failures=23079
obj=670
time=11057
buffers=8
windows=61
branches=5974
failures=1348
obj=666
time=11554
buffers=8
windows=61
branches=10139
failures=2703
obj=662
time=12357
buffers=8
windows=61
branches=44968
failures=13515
obj=660
time=15367
buffers=8
windows=61
branches=65100
failures=20980
obj=657
time=19813
buffers=8
windows=61
branches=92108
failures=29734
obj=656
time=25797
buffers=8
windows=61
branches=5803
failures=1514
obj=650
time=26243
buffers=8
windows=61
branches=12887
failures=3959
obj=648
time=27190
buffers=8
windows=61
branches=154298
failures=55693
obj=639
time=36460
buffers=8
windows=61
branches=148937
failures=54559
obj=638
time=45156
buffers=8
windows=61
branches=1937239
failures=773454
obj=635
time=147243
buffers=8
windows=61
branches=831400
failures=329552
obj=631
time=192573
buffers=8
windows=61
branches=4103169
failures=1699494
obj=629
time=395478
buffers=8
windows=61
branches=3621734
failures=1503425
obj=626
time=576468
buffers=8
windows=61
branches=21842934
failures=9376227
obj=624
time=1619523
buffers=8
windows=61
branches=3117728
failures=1308691
obj=621
time=1773254
buffers=8
windows=61
branches=38408905
failures=16866012
original_status=TIMEOUT
original_lb=201
obj=621
time=3600021
status=TIMEOUT
real_obj=62.037
real_time=3600021
