global=1
denseranking=1
symmetry=1
single_window=1
peak-ub=4679
buffers=24
windows=81
branches=1920
failures=0
obj=2332
time=4733
buffers=24
windows=81
branches=1920
failures=0
obj=1917
time=8808
buffers=24
windows=81
branches=1920
failures=0
obj=1682
time=13309
buffers=24
windows=81
branches=1920
failures=0
obj=1518
time=17513
buffers=24
windows=81
branches=10853
failures=1201
obj=1509
time=42260
buffers=24
windows=81
branches=5764
failures=402
obj=1482
time=57287
buffers=24
windows=81
branches=57752
failures=8414
obj=1449
time=231792
buffers=24
windows=81
branches=64607
failures=9627
obj=1447
time=384060
buffers=24
windows=81
branches=59298
failures=8604
obj=1442
time=553203
buffers=24
windows=81
branches=40082
failures=4800
obj=1422
time=668613
buffers=24
windows=81
branches=24429
failures=3313
obj=1417
time=733876
buffers=24
windows=81
branches=13699
failures=1497
obj=1414
time=771880
buffers=24
windows=81
branches=73788
failures=11400
obj=1402
time=967278
buffers=24
windows=81
branches=128262
failures=22830
obj=1393
time=1300590
buffers=24
windows=81
branches=58543
failures=9321
obj=1384
time=1468510
buffers=24
windows=81
branches=47457
failures=8014
obj=1374
time=1593828
buffers=24
windows=81
branches=58948
failures=9214
obj=1360
time=1791803
buffers=24
windows=81
branches=41037
failures=5622
obj=1359
time=1914347
buffers=24
windows=81
branches=625718
failures=133601
original_status=TIMEOUT
original_lb=239
obj=1359
time=3600005
status=TIMEOUT
real_obj=135.762
real_time=3600005
