global=1
denseranking=1
symmetry=1
single_window=1
peak-ub=1505
buffers=16
windows=61
branches=960
failures=0
obj=793
time=823
buffers=16
windows=61
branches=1445
failures=100
obj=749
time=1975
buffers=16
windows=61
branches=1347
failures=100
obj=661
time=3022
buffers=16
windows=61
branches=1248
failures=100
obj=634
time=4152
buffers=16
windows=61
branches=13159
failures=4226
obj=628
time=13878
buffers=16
windows=61
branches=21338
failures=7780
obj=626
time=27564
buffers=16
windows=61
branches=3747
failures=800
obj=611
time=30792
buffers=16
windows=61
branches=91840
failures=34010
obj=609
time=97855
buffers=16
windows=61
branches=21459
failures=7687
obj=606
time=112785
buffers=16
windows=61
branches=16998
failures=5471
obj=604
time=126278
buffers=16
windows=61
branches=24293
failures=8548
obj=603
time=144855
buffers=16
windows=61
branches=111567
failures=44288
obj=596
time=224892
buffers=16
windows=61
branches=111310
failures=44795
obj=595
time=302136
buffers=16
windows=61
branches=61632
failures=23800
obj=589
time=345281
buffers=16
windows=61
branches=24186
failures=8800
obj=583
time=361607
buffers=16
windows=61
branches=283159
failures=117878
obj=582
time=547432
buffers=16
windows=61
branches=112481
failures=46128
obj=581
time=619623
buffers=16
windows=61
branches=106733
failures=43564
obj=579
time=697355
buffers=16
windows=61
branches=43985
failures=17098
obj=577
time=727666
buffers=16
windows=61
branches=223822
failures=93117
obj=575
time=862164
buffers=16
windows=61
branches=182469
failures=73819
obj=571
time=981682
buffers=16
windows=61
branches=106595
failures=44176
obj=568
time=1052770
buffers=16
windows=61
branches=1937366
failures=831822
obj=565
time=2172169
buffers=16
windows=61
branches=486928
failures=207416
obj=564
time=2450613
buffers=16
windows=61
branches=632365
failures=271707
obj=562
time=2838489
buffers=16
windows=61
branches=96182
failures=39033
obj=559
time=2903932
buffers=16
windows=61
branches=1078435
failures=466100
obj=558
time=3562202
buffers=16
windows=61
branches=54558
failures=22116
original_status=TIMEOUT
original_lb=242
obj=558
time=3600002
status=TIMEOUT
real_obj=96.190
real_time=3600002
