global=1
denseranking=1
symmetry=1
single_window=1
peak-ub=442
buffers=8
windows=21
branches=158
failures=0
obj=392
time=83
buffers=8
windows=21
branches=219
failures=32
obj=375
time=185
buffers=8
windows=21
branches=165
failures=9
obj=373
time=273
buffers=8
windows=21
branches=189
failures=17
obj=363
time=358
buffers=8
windows=21
branches=150
failures=2
obj=359
time=435
buffers=8
windows=21
branches=149
failures=0
obj=349
time=513
buffers=8
windows=21
branches=207
failures=30
obj=344
time=596
buffers=8
windows=21
branches=266
failures=56
obj=341
time=686
buffers=8
windows=21
branches=1609
failures=628
obj=338
time=1035
buffers=8
windows=21
branches=1612
failures=648
obj=336
time=1462
buffers=8
windows=21
branches=139
failures=0
obj=332
time=1537
buffers=8
windows=21
branches=525
failures=178
obj=329
time=1663
buffers=8
windows=21
branches=3131
failures=1364
obj=328
time=2389
buffers=8
windows=21
branches=191
failures=27
obj=315
time=2477
buffers=8
windows=21
branches=10539
failures=4812
obj=313
time=4848
buffers=8
windows=21
branches=247
failures=58
obj=309
time=4944
buffers=8
windows=21
branches=4770629
failures=2324061
obj=307
time=851110
buffers=8
windows=21
branches=3596458
failures=1749459
obj=302
time=1495715
buffers=8
windows=21
branches=2213481
failures=1077814
obj=301
time=1897905
buffers=8
windows=21
branches=4953756
failures=2419758
obj=299
time=2781837
buffers=8
windows=21
branches=2304987
failures=1124235
obj=297
time=3207142
buffers=8
windows=21
branches=1998047
failures=971446
original_status=TIMEOUT
original_lb=241
obj=297
time=3600000
status=TIMEOUT
real_obj=29.687
real_time=3600000
