global=1
denseranking=1
symmetry=1
single_window=1
peak-ub=1794
buffers=8
windows=61
branches=480
failures=0
obj=1188
time=66
buffers=8
windows=61
branches=480
failures=0
obj=1122
time=133
buffers=8
windows=61
branches=1021
failures=101
obj=1008
time=263
buffers=8
windows=61
branches=478
failures=0
obj=940
time=318
buffers=8
windows=61
branches=961
failures=100
obj=936
time=424
buffers=8
windows=61
branches=931
failures=100
obj=866
time=538
buffers=8
windows=61
branches=2923
failures=587
obj=865
time=851
buffers=8
windows=61
branches=992
failures=100
obj=851
time=967
buffers=8
windows=61
branches=5660
failures=1386
obj=844
time=1540
buffers=8
windows=61
branches=1473
failures=200
obj=837
time=1703
buffers=8
windows=61
branches=3630
failures=758
obj=835
time=2082
buffers=8
windows=61
branches=4142
failures=954
obj=826
time=2514
buffers=8
windows=61
branches=456
failures=0
obj=810
time=2572
buffers=8
windows=61
branches=1529
failures=201
obj=800
time=2752
buffers=8
windows=61
branches=17144
failures=4788
obj=794
time=4329
buffers=8
windows=61
branches=4959
failures=1236
obj=787
time=4835
buffers=8
windows=61
branches=8581
failures=2228
obj=783
time=5712
buffers=8
windows=61
branches=7052
failures=1754
obj=777
time=6406
buffers=8
windows=61
branches=6144
failures=1555
obj=775
time=7028
buffers=8
windows=61
branches=4583
failures=1196
obj=774
time=7507
buffers=8
windows=61
branches=10493
failures=3004
obj=771
time=8523
buffers=8
windows=61
branches=8529
failures=2251
obj=770
time=9395
buffers=8
windows=61
branches=3373
failures=722
obj=763
time=9765
buffers=8
windows=61
branches=19158
failures=5579
obj=760
time=11639
buffers=8
windows=61
branches=9769
failures=2773
obj=757
time=12605
buffers=8
windows=61
branches=3260
failures=783
obj=750
time=12947
buffers=8
windows=61
branches=14260
failures=3975
obj=747
time=14399
buffers=8
windows=61
branches=8292
failures=2236
obj=745
time=15244
buffers=8
windows=61
branches=26374
failures=8373
obj=741
time=17597
buffers=8
windows=61
branches=9845
failures=2754
obj=739
time=18607
buffers=8
windows=61
branches=5967
failures=1488
obj=736
time=19270
buffers=8
windows=61
branches=14570
failures=4231
obj=735
time=20667
buffers=8
windows=61
branches=18099
failures=5033
obj=734
time=22459
buffers=8
windows=61
branches=4436
failures=1124
obj=729
time=22934
buffers=8
windows=61
branches=20532
failures=6067
obj=716
time=24960
buffers=8
windows=61
branches=157507
failures=55472
obj=715
time=37798
buffers=8
windows=61
branches=252869
failures=92387
obj=714
time=57726
buffers=8
windows=61
branches=101819
failures=34500
obj=711
time=66834
buffers=8
windows=61
branches=133033
failures=47702
obj=709
time=78473
buffers=8
windows=61
branches=19821
failures=5829
obj=707
time=80469
buffers=8
windows=61
branches=63866
failures=21581
obj=706
time=86190
buffers=8
windows=61
branches=236355
failures=84988
obj=705
time=105678
buffers=8
windows=61
branches=551298
failures=208530
obj=702
time=149144
buffers=8
windows=61
branches=270309
failures=101640
obj=701
time=171941
buffers=8
windows=61
branches=241513
failures=87420
obj=699
time=191334
buffers=8
windows=61
branches=169326
failures=59757
obj=696
time=205901
buffers=8
windows=61
branches=1566253
failures=617192
obj=693
time=316940
buffers=8
windows=61
branches=1452076
failures=571626
obj=692
time=423686
buffers=8
windows=61
branches=2626868
failures=1053777
obj=689
time=611111
buffers=8
windows=61
branches=2297534
failures=900698
obj=680
time=787356
buffers=8
windows=61
branches=8973110
failures=3682521
obj=678
time=1439233
buffers=8
windows=61
branches=7180786
failures=2950641
obj=672
time=1942247
buffers=8
windows=61
branches=18459314
failures=7720374
obj=671
time=3206702
buffers=8
windows=61
branches=508058
failures=191386
obj=669
time=3249510
buffers=8
windows=61
branches=4819461
failures=1942201
original_status=TIMEOUT
original_lb=178
obj=669
time=3600001
status=TIMEOUT
real_obj=66.879
real_time=3600001
