global=1
denseranking=1
symmetry=1
single_window=1
peak-ub=1634
buffers=16
windows=81
branches=1280
failures=0
obj=784
time=941
buffers=16
windows=81
branches=1280
failures=0
obj=649
time=1891
buffers=16
windows=81
branches=2147
failures=100
obj=642
time=3473
buffers=16
windows=81
branches=2117
failures=100
obj=610
time=5101
buffers=16
windows=81
branches=1271
failures=0
obj=574
time=6121
buffers=16
windows=81
branches=6647
failures=600
obj=570
time=11262
buffers=16
windows=81
branches=7110
failures=792
obj=566
time=16912
buffers=16
windows=81
branches=6002
failures=664
obj=564
time=21449
buffers=16
windows=81
branches=15548
failures=2400
obj=550
time=33346
buffers=16
windows=81
branches=12328
failures=2000
obj=546
time=43037
buffers=16
windows=81
branches=6552
failures=814
obj=545
time=48566
buffers=16
windows=81
branches=5536
failures=500
obj=535
time=52786
buffers=16
windows=81
branches=7110
failures=1184
obj=525
time=58184
buffers=16
windows=81
branches=17620
failures=3634
obj=521
time=71379
buffers=16
windows=81
branches=41717
failures=10201
obj=520
time=101890
buffers=16
windows=81
branches=37446
failures=9266
obj=518
time=128205
buffers=16
windows=81
branches=67198
failures=15617
obj=517
time=176763
buffers=16
windows=81
branches=50081
failures=11400
obj=515
time=213385
buffers=16
windows=81
branches=15387
failures=3706
obj=514
time=224535
buffers=16
windows=81
branches=25915
failures=5200
obj=510
time=244207
buffers=16
windows=81
branches=18317
failures=3957
obj=500
time=258104
buffers=16
windows=81
branches=141830
failures=40249
obj=498
time=359791
buffers=16
windows=81
branches=1353
failures=61
obj=496
time=360934
buffers=16
windows=81
branches=137573
failures=41616
obj=495
time=454360
buffers=16
windows=81
branches=11579
failures=3034
obj=493
time=463071
buffers=16
windows=81
branches=44383
failures=12002
obj=492
time=495715
buffers=16
windows=81
branches=58663
failures=17121
obj=490
time=538554
buffers=16
windows=81
branches=124087
failures=37452
obj=489
time=622141
buffers=16
windows=81
branches=104319
failures=30431
obj=487
time=694856
buffers=16
windows=81
branches=255799
failures=82896
obj=486
time=862103
buffers=16
windows=81
branches=130606
failures=43954
obj=485
time=952978
buffers=16
windows=81
branches=568972
failures=201118
obj=483
time=1321248
buffers=16
windows=81
branches=109974
failures=37440
obj=481
time=1394106
buffers=16
windows=81
branches=117168
failures=37116
obj=480
time=1471748
buffers=16
windows=81
branches=376329
failures=133528
obj=479
time=1704081
buffers=16
windows=81
branches=1085096
failures=395141
obj=476
time=2391260
buffers=16
windows=81
branches=509375
failures=179509
obj=475
time=2721888
buffers=16
windows=81
branches=118311
failures=42732
obj=472
time=2799884
buffers=16
windows=81
branches=121253
failures=40811
obj=471
time=2885417
buffers=16
windows=81
branches=247778
failures=88777
obj=470
time=3049602
buffers=16
windows=81
branches=501227
failures=188384
obj=469
time=3360778
buffers=16
windows=81
branches=108142
failures=37375
obj=466
time=3432136
buffers=16
windows=81
branches=276154
failures=108606
original_status=TIMEOUT
original_lb=232
obj=466
time=3600003
status=TIMEOUT
real_obj=46.597
real_time=3600003
