global=1
denseranking=1
symmetry=1
single_window=1
peak-ub=1891
buffers=24
windows=41
branches=960
failures=0
obj=1342
time=4558
buffers=24
windows=41
branches=960
failures=0
obj=1243
time=9276
buffers=24
windows=41
branches=960
failures=0
obj=1114
time=14025
buffers=24
windows=41
branches=977
failures=11
obj=1045
time=18462
buffers=24
windows=41
branches=958
failures=0
obj=1040
time=22905
buffers=24
windows=41
branches=1674
failures=194
obj=1012
time=30856
buffers=24
windows=41
branches=2275
failures=200
obj=996
time=42018
buffers=24
windows=41
branches=3049
failures=400
obj=987
time=56373
buffers=24
windows=41
branches=938
failures=0
obj=918
time=61114
buffers=24
windows=41
branches=5647
failures=1200
obj=903
time=86335
buffers=24
windows=41
branches=46328
failures=13074
obj=901
time=261534
buffers=24
windows=41
branches=6365
failures=1400
obj=894
time=287379
buffers=24
windows=41
branches=91151
failures=28281
obj=891
time=626533
buffers=24
windows=41
branches=36743
failures=10400
obj=882
time=760137
buffers=24
windows=41
branches=8193
failures=1800
obj=873
time=792501
buffers=24
windows=41
branches=728012
failures=260036
original_status=TIMEOUT
original_lb=250
obj=873
time=3600006
status=TIMEOUT
real_obj=87.201
real_time=3600006
