global=1
denseranking=1
symmetry=1
single_window=1
peak-ub=2560
buffers=8
windows=81
branches=640
failures=0
obj=2033
time=59
buffers=8
windows=81
branches=640
failures=0
obj=1691
time=116
buffers=8
windows=81
branches=640
failures=1
obj=1576
time=163
buffers=8
windows=81
branches=703
failures=34
obj=1573
time=213
buffers=8
windows=81
branches=760
failures=62
obj=1554
time=266
buffers=8
windows=81
branches=640
failures=1
obj=1515
time=314
buffers=8
windows=81
branches=3804
failures=540
obj=1471
time=556
buffers=8
windows=81
branches=2087
failures=202
obj=1466
time=696
buffers=8
windows=81
branches=1280
failures=101
obj=1409
time=787
buffers=8
windows=81
branches=1337
failures=102
obj=1406
time=883
buffers=8
windows=81
branches=629
failures=0
obj=1367
time=932
buffers=8
windows=81
branches=3640
failures=519
obj=1334
time=1178
buffers=8
windows=81
branches=6843
failures=1201
obj=1333
time=1621
buffers=8
windows=81
branches=4309
failures=603
obj=1328
time=1909
buffers=8
windows=81
branches=1534
failures=172
obj=1324
time=2021
buffers=8
windows=81
branches=1527
failures=172
obj=1293
time=2131
buffers=8
windows=81
branches=11353
failures=2084
obj=1275
time=2867
buffers=8
windows=81
branches=699
failures=51
obj=1271
time=2922
buffers=8
windows=81
branches=2285
failures=348
obj=1268
time=3076
buffers=8
windows=81
branches=21790
failures=4632
obj=1267
time=4464
buffers=8
windows=81
branches=7823
failures=1404
obj=1258
time=4984
buffers=8
windows=81
branches=7780
failures=1469
obj=1254
time=5490
buffers=8
windows=81
branches=2002
failures=322
obj=1253
time=5632
buffers=8
windows=81
branches=13863
failures=3088
obj=1251
time=6506
buffers=8
windows=81
branches=2141
failures=313
obj=1250
time=6654
buffers=8
windows=81
branches=4529
failures=752
obj=1242
time=6957
buffers=8
windows=81
branches=43355
failures=10277
obj=1231
time=9649
buffers=8
windows=81
branches=5457
failures=1010
obj=1224
time=10017
buffers=8
windows=81
branches=9934
failures=1896
obj=1221
time=10657
buffers=8
windows=81
branches=6908
failures=1325
obj=1214
time=11111
buffers=8
windows=81
branches=59507
failures=15348
obj=1213
time=14765
buffers=8
windows=81
branches=29024
failures=7237
obj=1212
time=16550
buffers=8
windows=81
branches=12889
failures=3068
obj=1202
time=17380
buffers=8
windows=81
branches=10025
failures=1899
obj=1200
time=18022
buffers=8
windows=81
branches=11365
failures=2358
obj=1198
time=18747
buffers=8
windows=81
branches=64267
failures=17205
obj=1195
time=22730
buffers=8
windows=81
branches=5982
failures=1057
obj=1192
time=23135
buffers=8
windows=81
branches=36390
failures=9248
obj=1186
time=25304
buffers=8
windows=81
branches=18544
failures=4318
obj=1183
time=26520
buffers=8
windows=81
branches=130782
failures=36238
obj=1182
time=34300
buffers=8
windows=81
branches=63811
failures=17536
obj=1181
time=38221
buffers=8
windows=81
branches=25931
failures=6368
obj=1177
time=39807
buffers=8
windows=81
branches=8606
failures=1766
obj=1175
time=40359
buffers=8
windows=81
branches=35024
failures=9167
obj=1173
time=42525
buffers=8
windows=81
branches=206418
failures=60396
obj=1172
time=54189
buffers=8
windows=81
branches=57972
failures=14583
obj=1171
time=57771
buffers=8
windows=81
branches=59740
failures=15874
obj=1170
time=61315
buffers=8
windows=81
branches=80400
failures=22202
obj=1165
time=66038
buffers=8
windows=81
branches=18420
failures=4246
obj=1160
time=67209
buffers=8
windows=81
branches=29222
failures=7576
obj=1157
time=69022
buffers=8
windows=81
branches=138538
failures=40810
obj=1156
time=77215
buffers=8
windows=81
branches=90314
failures=24790
obj=1153
time=82747
buffers=8
windows=81
branches=88200
failures=23994
obj=1151
time=88076
buffers=8
windows=81
branches=275680
failures=81804
obj=1150
time=104035
buffers=8
windows=81
branches=132519
failures=37809
obj=1148
time=112022
buffers=8
windows=81
branches=275526
failures=82019
obj=1142
time=127782
buffers=8
windows=81
branches=221737
failures=66295
obj=1139
time=140388
buffers=8
windows=81
branches=1135248
failures=373229
obj=1138
time=202668
buffers=8
windows=81
branches=775907
failures=256791
obj=1137
time=244328
buffers=8
windows=81
branches=105786
failures=29586
obj=1134
time=250708
buffers=8
windows=81
branches=1952072
failures=666754
obj=1131
time=352824
buffers=8
windows=81
branches=283212
failures=86113
obj=1130
time=369331
buffers=8
windows=81
branches=1916190
failures=655368
obj=1129
time=467833
buffers=8
windows=81
branches=634793
failures=206629
obj=1124
time=502439
buffers=8
windows=81
branches=8042079
failures=2930513
obj=1122
time=928688
buffers=8
windows=81
branches=6453848
failures=2350251
obj=1120
time=1275054
buffers=8
windows=81
branches=1324756
failures=446620
obj=1118
time=1345868
buffers=8
windows=81
branches=13595983
failures=5061764
obj=1116
time=1985512
buffers=8
windows=81
branches=12581881
failures=4555068
obj=1113
time=2602854
buffers=8
windows=81
branches=21215406
failures=7941512
original_status=TIMEOUT
original_lb=288
obj=1113
time=3600001
status=TIMEOUT
real_obj=111.227
real_time=3600001
