global=1
denseranking=1
symmetry=1
single_window=1
peak-ub=942
buffers=24
windows=21
branches=480
failures=0
obj=795
time=2950
buffers=24
windows=21
branches=480
failures=0
obj=725
time=6110
buffers=24
windows=21
branches=1490
failures=200
obj=718
time=14709
buffers=24
windows=21
branches=474
failures=0
obj=663
time=18655
buffers=24
windows=21
branches=451
failures=0
obj=651
time=22081
buffers=24
windows=21
branches=455
failures=0
obj=645
time=25707
buffers=24
windows=21
branches=5920
failures=1400
obj=640
time=55437
buffers=24
windows=21
branches=5969
failures=1482
obj=633
time=84084
buffers=24
windows=21
branches=438
failures=0
obj=620
time=87111
buffers=24
windows=21
branches=441
failures=0
obj=612
time=90439
buffers=24
windows=21
branches=37248
failures=11605
obj=608
time=267868
buffers=24
windows=21
branches=18419
failures=5211
obj=607
time=354016
buffers=24
windows=21
branches=14123
failures=4004
obj=600
time=418023
buffers=24
windows=21
branches=210484
failures=73600
obj=573
time=1277143
buffers=24
windows=21
branches=595305
failures=230501
original_status=TIMEOUT
original_lb=283
obj=573
time=3600002
status=TIMEOUT
real_obj=57.279
real_time=3600002
