global=1
denseranking=1
symmetry=1
single_window=1
peak-ub=2129
buffers=8
windows=41
branches=320
failures=0
obj=1047
time=48
buffers=8
windows=41
branches=319
failures=0
obj=922
time=96
buffers=8
windows=41
branches=319
failures=0
obj=849
time=147
buffers=8
windows=41
branches=764
failures=118
obj=837
time=255
buffers=8
windows=41
branches=735
failures=111
obj=835
time=365
buffers=8
windows=41
branches=1865
failures=416
obj=833
time=593
buffers=8
windows=41
branches=455
failures=72
obj=788
time=663
buffers=8
windows=41
branches=1146
failures=200
obj=782
time=822
buffers=8
windows=41
branches=310
failures=0
obj=758
time=876
buffers=8
windows=41
branches=1215
failures=266
obj=757
time=1046
buffers=8
windows=41
branches=781
failures=138
obj=751
time=1163
buffers=8
windows=41
branches=1370
failures=330
obj=748
time=1352
buffers=8
windows=41
branches=695
failures=100
obj=729
time=1456
buffers=8
windows=41
branches=442
failures=74
obj=715
time=1528
buffers=8
windows=41
branches=1227
failures=270
obj=713
time=1698
buffers=8
windows=41
branches=418
failures=61
obj=695
time=1767
buffers=8
windows=41
branches=1359
failures=341
obj=680
time=1939
buffers=8
windows=41
branches=3384
failures=955
obj=672
time=2374
buffers=8
windows=41
branches=15658
failures=5063
obj=660
time=4234
buffers=8
windows=41
branches=29037
failures=10158
obj=655
time=7173
buffers=8
windows=41
branches=56900
failures=21152
obj=647
time=12982
buffers=8
windows=41
branches=283496
failures=113164
obj=646
time=37553
buffers=8
windows=41
branches=38900
failures=13643
obj=635
time=41975
buffers=8
windows=41
branches=1005659
failures=408778
obj=632
time=128835
buffers=8
windows=41
branches=2322192
failures=972627
obj=629
time=315820
buffers=8
windows=41
branches=3883255
failures=1652317
obj=628
time=613698
buffers=8
windows=41
branches=1480771
failures=620078
obj=624
time=731251
buffers=8
windows=41
branches=3206454
failures=1363410
obj=622
time=973147
buffers=8
windows=41
branches=17361902
failures=7557236
obj=621
time=2229515
buffers=8
windows=41
branches=18141046
failures=7905801
original_status=TIMEOUT
original_lb=247
obj=621
time=3600001
status=TIMEOUT
real_obj=62.093
real_time=3600001
