global=1
denseranking=1
symmetry=1
single_window=1
peak-ub=3242
buffers=16
windows=61
branches=960
failures=0
obj=1442
time=905
buffers=16
windows=61
branches=960
failures=0
obj=1220
time=1713
buffers=16
windows=61
branches=960
failures=0
obj=1149
time=2549
buffers=16
windows=61
branches=960
failures=0
obj=1131
time=3342
buffers=16
windows=61
branches=960
failures=0
obj=1117
time=4233
buffers=16
windows=61
branches=1411
failures=109
obj=1080
time=5426
buffers=16
windows=61
branches=1955
failures=201
obj=1032
time=7324
buffers=16
windows=61
branches=957
failures=1
obj=1031
time=8212
buffers=16
windows=61
branches=957
failures=1
obj=1012
time=9132
buffers=16
windows=61
branches=1534
failures=159
obj=993
time=10497
buffers=16
windows=61
branches=1458
failures=102
obj=981
time=11904
buffers=16
windows=61
branches=940
failures=1
obj=957
time=12876
buffers=16
windows=61
branches=2933
failures=500
obj=921
time=15809
buffers=16
windows=61
branches=16059
failures=4306
obj=908
time=28929
buffers=16
windows=61
branches=3462
failures=573
obj=907
time=32045
buffers=16
windows=61
branches=17449
failures=4896
obj=891
time=46195
buffers=16
windows=61
branches=44778
failures=13951
obj=887
time=83106
buffers=16
windows=61
branches=28628
failures=8801
obj=885
time=105932
buffers=16
windows=61
branches=8539
failures=2001
obj=884
time=112996
buffers=16
windows=61
branches=3351
failures=500
obj=855
time=115899
buffers=16
windows=61
branches=221628
failures=78649
obj=849
time=269322
buffers=16
windows=61
branches=242161
failures=88861
obj=848
time=434314
buffers=16
windows=61
branches=357900
failures=132458
obj=837
time=672907
buffers=16
windows=61
branches=278976
failures=105043
obj=835
time=855976
buffers=16
windows=61
branches=252178
failures=94004
obj=832
time=1019542
buffers=16
windows=61
branches=235638
failures=86621
obj=822
time=1185234
buffers=16
windows=61
branches=488637
failures=182547
obj=821
time=1493042
buffers=16
windows=61
branches=249198
failures=93192
obj=817
time=1643539
buffers=16
windows=61
branches=820469
failures=318041
obj=816
time=2185979
buffers=16
windows=61
branches=231778
failures=85391
obj=815
time=2339374
buffers=16
windows=61
branches=736967
failures=285488
obj=804
time=2788040
buffers=16
windows=61
branches=1318024
failures=531011
original_status=TIMEOUT
original_lb=232
obj=804
time=3600002
status=TIMEOUT
real_obj=80.307
real_time=3600002
