global=1
denseranking=1
symmetry=1
single_window=1
peak-ub=2796
buffers=24
windows=81
branches=1920
failures=0
obj=1084
time=2472
buffers=24
windows=81
branches=1920
failures=0
obj=1008
time=4916
buffers=24
windows=81
branches=1917
failures=0
obj=976
time=7430
buffers=24
windows=81
branches=1915
failures=0
obj=956
time=10011
buffers=24
windows=81
branches=1920
failures=0
obj=888
time=12884
buffers=24
windows=81
branches=6275
failures=501
obj=887
time=22971
buffers=24
windows=81
branches=2871
failures=100
obj=880
time=28354
buffers=24
windows=81
branches=2824
failures=112
obj=863
time=33856
buffers=24
windows=81
branches=13043
failures=1203
obj=860
time=57531
buffers=24
windows=81
branches=23789
failures=3201
obj=858
time=97940
buffers=24
windows=81
branches=1907
failures=0
obj=850
time=101453
buffers=24
windows=81
branches=1908
failures=1
obj=849
time=105744
buffers=24
windows=81
branches=7638
failures=600
obj=844
time=120166
buffers=24
windows=81
branches=3914
failures=102
obj=832
time=128887
buffers=24
windows=81
branches=1898
failures=0
obj=829
time=133122
buffers=24
windows=81
branches=38156
failures=5201
obj=818
time=208797
buffers=24
windows=81
branches=1920
failures=11
obj=803
time=212338
buffers=24
windows=81
branches=13149
failures=1400
obj=799
time=242969
buffers=24
windows=81
branches=12115
failures=1315
obj=794
time=264182
buffers=24
windows=81
branches=1899
failures=6
obj=792
time=269290
buffers=24
windows=81
branches=7009
failures=602
obj=787
time=281431
buffers=24
windows=81
branches=143817
failures=28507
obj=782
time=576182
buffers=24
windows=81
branches=337233
failures=69440
obj=780
time=1231746
buffers=24
windows=81
branches=237530
failures=51234
obj=773
time=1777985
buffers=24
windows=81
branches=17642
failures=2001
obj=771
time=1816166
buffers=24
windows=81
branches=234435
failures=53200
obj=770
time=2184144
buffers=24
windows=81
branches=59182
failures=11210
obj=762
time=2300765
buffers=24
windows=81
branches=678422
failures=168801
obj=758
time=3370410
buffers=24
windows=81
branches=140473
failures=29001
original_status=TIMEOUT
original_lb=237
obj=758
time=3600001
status=TIMEOUT
real_obj=75.768
real_time=3600001
