global=1
denseranking=1
symmetry=1
single_window=1
peak-ub=1976
buffers=24
windows=81
branches=1920
failures=0
obj=1396
time=5095
buffers=24
windows=81
branches=1920
failures=0
obj=1036
time=10004
buffers=24
windows=81
branches=1920
failures=0
obj=910
time=14900
buffers=24
windows=81
branches=4160
failures=200
obj=820
time=31556
buffers=24
windows=81
branches=1908
failures=0
obj=817
time=36585
buffers=24
windows=81
branches=3091
failures=100
obj=816
time=46266
buffers=24
windows=81
branches=2998
failures=100
obj=806
time=57068
buffers=24
windows=81
branches=4265
failures=200
obj=787
time=70830
buffers=24
windows=81
branches=1909
failures=0
obj=761
time=77656
buffers=24
windows=81
branches=1944
failures=18
obj=744
time=85870
buffers=24
windows=81
branches=6023
failures=804
obj=734
time=105235
buffers=24
windows=81
branches=24911
failures=4403
obj=733
time=184743
buffers=24
windows=81
branches=7664
failures=601
obj=731
time=208017
buffers=24
windows=81
branches=1900
failures=0
obj=716
time=215047
buffers=24
windows=81
branches=1900
failures=0
obj=704
time=221043
buffers=24
windows=81
branches=8360
failures=1601
obj=699
time=251679
buffers=24
windows=81
branches=24251
failures=4903
obj=697
time=324869
buffers=24
windows=81
branches=6363
failures=802
obj=696
time=346747
buffers=24
windows=81
branches=1894
failures=2
obj=689
time=353702
buffers=24
windows=81
branches=90399
failures=21600
obj=685
time=639284
buffers=24
windows=81
branches=42327
failures=9300
obj=680
time=763043
buffers=24
windows=81
branches=1900
failures=0
obj=678
time=769675
buffers=24
windows=81
branches=162903
failures=46400
obj=671
time=1208308
buffers=24
windows=81
branches=9590
failures=1707
obj=665
time=1236377
buffers=24
windows=81
branches=356086
failures=134002
obj=664
time=2147864
buffers=24
windows=81
branches=384662
failures=146238
obj=663
time=3142527
buffers=24
windows=81
branches=149888
failures=49374
obj=656
time=3532004
buffers=24
windows=81
branches=26548
failures=8101
original_status=TIMEOUT
original_lb=240
obj=656
time=3600017
status=TIMEOUT
real_obj=65.584
real_time=3600017
