global=1
denseranking=1
symmetry=1
single_window=1
peak-ub=2573
buffers=16
windows=81
branches=1280
failures=0
obj=1911
time=802
buffers=16
windows=81
branches=1280
failures=0
obj=1749
time=1494
buffers=16
windows=81
branches=1280
failures=0
obj=1711
time=2226
buffers=16
windows=81
branches=1278
failures=0
obj=1659
time=2826
buffers=16
windows=81
branches=1280
failures=0
obj=1590
time=3416
buffers=16
windows=81
branches=2564
failures=100
obj=1552
time=4684
buffers=16
windows=81
branches=1277
failures=0
obj=1510
time=5287
buffers=16
windows=81
branches=1307
failures=17
obj=1494
time=5907
buffers=16
windows=81
branches=2499
failures=100
obj=1454
time=7057
buffers=16
windows=81
branches=9041
failures=1073
obj=1432
time=10910
buffers=16
windows=81
branches=1266
failures=6
obj=1431
time=11507
buffers=16
windows=81
branches=8335
failures=800
obj=1415
time=15435
buffers=16
windows=81
branches=1272
failures=0
obj=1414
time=16063
buffers=16
windows=81
branches=1855
failures=100
obj=1399
time=16911
buffers=16
windows=81
branches=25621
failures=3400
obj=1379
time=27956
buffers=16
windows=81
branches=6304
failures=533
obj=1374
time=30747
buffers=16
windows=81
branches=6496
failures=502
obj=1366
time=33823
buffers=16
windows=81
branches=8604
failures=819
obj=1360
time=37677
buffers=16
windows=81
branches=12974
failures=1400
obj=1345
time=43883
buffers=16
windows=81
branches=40269
failures=6104
obj=1339
time=61706
buffers=16
windows=81
branches=6527
failures=602
obj=1338
time=64789
buffers=16
windows=81
branches=4284
failures=403
obj=1325
time=66768
buffers=16
windows=81
branches=24449
failures=3601
obj=1320
time=77967
buffers=16
windows=81
branches=6553
failures=620
obj=1315
time=81120
buffers=16
windows=81
branches=3247
failures=267
obj=1311
time=82618
buffers=16
windows=81
branches=4930
failures=468
obj=1310
time=85009
buffers=16
windows=81
branches=9040
failures=866
obj=1298
time=89306
buffers=16
windows=81
branches=150937
failures=32205
obj=1295
time=157030
buffers=16
windows=81
branches=68757
failures=12800
obj=1274
time=190015
buffers=16
windows=81
branches=20395
failures=3805
obj=1273
time=199292
buffers=16
windows=81
branches=32353
failures=5095
obj=1272
time=214314
buffers=16
windows=81
branches=47557
failures=9365
obj=1270
time=235932
buffers=16
windows=81
branches=62664
failures=12767
obj=1268
time=264285
buffers=16
windows=81
branches=23936
failures=4003
obj=1263
time=275534
buffers=16
windows=81
branches=29473
failures=5201
obj=1256
time=289167
buffers=16
windows=81
branches=7769
failures=981
obj=1254
time=292733
buffers=16
windows=81
branches=43695
failures=8839
obj=1250
time=311836
buffers=16
windows=81
branches=194739
failures=46665
obj=1247
time=398486
buffers=16
windows=81
branches=112461
failures=24468
obj=1244
time=450017
buffers=16
windows=81
branches=179668
failures=45126
obj=1243
time=529315
buffers=16
windows=81
branches=285801
failures=72104
obj=1242
time=651254
buffers=16
windows=81
branches=350539
failures=94550
obj=1226
time=804449
buffers=16
windows=81
branches=441519
failures=122256
obj=1224
time=1001964
buffers=16
windows=81
branches=321895
failures=89294
obj=1223
time=1144732
buffers=16
windows=81
branches=202228
failures=51664
obj=1220
time=1239134
buffers=16
windows=81
branches=327373
failures=87801
obj=1219
time=1394802
buffers=16
windows=81
branches=383700
failures=106522
obj=1218
time=1575765
buffers=16
windows=81
branches=309945
failures=80302
obj=1217
time=1724885
buffers=16
windows=81
branches=268828
failures=67204
obj=1212
time=1851402
buffers=16
windows=81
branches=847713
failures=254505
obj=1209
time=2245913
buffers=16
windows=81
branches=273451
failures=71211
obj=1207
time=2368222
buffers=16
windows=81
branches=178627
failures=46667
obj=1206
time=2452389
buffers=16
windows=81
branches=33444
failures=6449
obj=1199
time=2468757
buffers=16
windows=81
branches=32675
failures=6114
obj=1198
time=2483985
buffers=16
windows=81
branches=223665
failures=60378
obj=1195
time=2588931
buffers=16
windows=81
branches=2136255
failures=662801
original_status=TIMEOUT
original_lb=207
obj=1195
time=3600003
status=TIMEOUT
real_obj=119.479
real_time=3600003
