global=1
denseranking=1
symmetry=1
single_window=1
peak-ub=2817
buffers=24
windows=21
branches=480
failures=0
obj=1124
time=4031
buffers=24
windows=21
branches=1043
failures=112
obj=1121
time=9664
buffers=24
windows=21
branches=480
failures=0
obj=1068
time=12540
buffers=24
windows=21
branches=1753
failures=200
obj=1046
time=21181
buffers=24
windows=21
branches=474
failures=0
obj=960
time=24400
buffers=24
windows=21
branches=456
failures=0
obj=951
time=27293
buffers=24
windows=21
branches=6114
failures=1303
obj=947
time=67165
buffers=24
windows=21
branches=1610
failures=200
obj=907
time=75620
buffers=24
windows=21
branches=7060
failures=1600
obj=900
time=107121
buffers=24
windows=21
branches=2918
failures=500
obj=849
time=120791
buffers=24
windows=21
branches=11091
failures=3200
obj=844
time=168197
buffers=24
windows=21
branches=18624
failures=5000
obj=829
time=249552
buffers=24
windows=21
branches=26565
failures=8200
obj=818
time=358910
buffers=24
windows=21
branches=37948
failures=11800
obj=810
time=531247
buffers=24
windows=21
branches=149508
failures=52904
obj=809
time=1096957
buffers=24
windows=21
branches=486932
failures=176405
obj=808
time=3091052
buffers=24
windows=21
branches=126218
failures=45401
original_status=TIMEOUT
original_lb=252
obj=808
time=3600001
status=TIMEOUT
real_obj=80.795
real_time=3600001
