global=1
denseranking=1
symmetry=1
single_window=1
peak-ub=2683
buffers=16
windows=81
branches=1280
failures=0
obj=1959
time=414
buffers=16
windows=81
branches=1280
failures=0
obj=1592
time=947
buffers=16
windows=81
branches=1280
failures=0
obj=1508
time=1355
buffers=16
windows=81
branches=1280
failures=0
obj=1296
time=1749
buffers=16
windows=81
branches=1276
failures=0
obj=1294
time=2185
buffers=16
windows=81
branches=1272
failures=1
obj=1274
time=2618
buffers=16
windows=81
branches=12360
failures=1400
obj=1221
time=6724
buffers=16
windows=81
branches=1276
failures=0
obj=1214
time=7185
buffers=16
windows=81
branches=6397
failures=500
obj=1213
time=9300
buffers=16
windows=81
branches=1264
failures=1
obj=1210
time=9763
buffers=16
windows=81
branches=1271
failures=1
obj=1206
time=10236
buffers=16
windows=81
branches=14926
failures=1704
obj=1188
time=15151
buffers=16
windows=81
branches=4712
failures=449
obj=1186
time=16687
buffers=16
windows=81
branches=8345
failures=802
obj=1185
time=19475
buffers=16
windows=81
branches=17933
failures=1801
obj=1161
time=25357
buffers=16
windows=81
branches=8733
failures=800
obj=1154
time=28291
buffers=16
windows=81
branches=9901
failures=1201
obj=1130
time=31700
buffers=16
windows=81
branches=30559
failures=4799
obj=1128
time=41531
buffers=16
windows=81
branches=36293
failures=5603
obj=1127
time=54209
buffers=16
windows=81
branches=1249
failures=1
obj=1106
time=54646
buffers=16
windows=81
branches=25088
failures=3801
obj=1105
time=63535
buffers=16
windows=81
branches=275570
failures=58000
obj=1102
time=158164
buffers=16
windows=81
branches=24775
failures=3657
obj=1100
time=166521
buffers=16
windows=81
branches=10318
failures=1307
obj=1098
time=170095
buffers=16
windows=81
branches=55737
failures=9683
obj=1095
time=188692
buffers=16
windows=81
branches=115082
failures=22901
obj=1091
time=228751
buffers=16
windows=81
branches=325347
failures=70435
obj=1085
time=338857
buffers=16
windows=81
branches=86400
failures=16298
obj=1083
time=369942
buffers=16
windows=81
branches=70352
failures=12601
obj=1081
time=394444
buffers=16
windows=81
branches=187318
failures=44483
obj=1080
time=454257
buffers=16
windows=81
branches=311409
failures=68407
obj=1076
time=558558
buffers=16
windows=81
branches=192584
failures=44905
obj=1073
time=626827
buffers=16
windows=81
branches=53424
failures=9805
obj=1072
time=645647
buffers=16
windows=81
branches=207409
failures=47205
obj=1066
time=715478
buffers=16
windows=81
branches=349612
failures=76595
obj=1061
time=831312
buffers=16
windows=81
branches=63439
failures=11493
obj=1059
time=853001
buffers=16
windows=81
branches=360717
failures=82023
obj=1057
time=973411
buffers=16
windows=81
branches=117213
failures=24104
obj=1055
time=1011659
buffers=16
windows=81
branches=265740
failures=60101
obj=1054
time=1101619
buffers=16
windows=81
branches=183113
failures=42793
obj=1052
time=1162854
buffers=16
windows=81
branches=457744
failures=112796
obj=1049
time=1319394
buffers=16
windows=81
branches=165072
failures=34524
obj=1045
time=1380183
buffers=16
windows=81
branches=263241
failures=60820
obj=1042
time=1469079
buffers=16
windows=81
branches=295999
failures=67946
obj=1041
time=1569665
buffers=16
windows=81
branches=677863
failures=167966
obj=1037
time=1803528
buffers=16
windows=81
branches=55071
failures=11071
obj=1036
time=1823600
buffers=16
windows=81
branches=106143
failures=22625
obj=1033
time=1859878
buffers=16
windows=81
branches=297866
failures=69791
obj=1031
time=1962274
buffers=16
windows=81
branches=775324
failures=201919
obj=1028
time=2226185
buffers=16
windows=81
branches=1732983
failures=499752
obj=1026
time=2836541
buffers=16
windows=81
branches=238586
failures=55796
obj=1021
time=2921259
buffers=16
windows=81
branches=1646204
failures=467585
obj=1020
time=3507339
buffers=16
windows=81
branches=164090
failures=35280
obj=1019
time=3564433
buffers=16
windows=81
branches=81100
failures=17390
obj=1017
time=3593654
buffers=16
windows=81
branches=17348
failures=3401
original_status=TIMEOUT
original_lb=249
obj=1017
time=3600001
status=TIMEOUT
real_obj=101.684
real_time=3600001
