global=1
denseranking=1
symmetry=1
single_window=1
peak-ub=969
buffers=16
windows=81
branches=1280
failures=0
obj=558
time=444
buffers=16
windows=81
branches=4363
failures=400
obj=542
time=2174
buffers=16
windows=81
branches=1270
failures=0
obj=528
time=2666
buffers=16
windows=81
branches=1431
failures=80
obj=517
time=3277
buffers=16
windows=81
branches=2570
failures=135
obj=516
time=4305
buffers=16
windows=81
branches=2548
failures=100
obj=506
time=5409
buffers=16
windows=81
branches=1269
failures=2
obj=503
time=5950
buffers=16
windows=81
branches=5786
failures=600
obj=486
time=8272
buffers=16
windows=81
branches=18356
failures=2777
obj=484
time=15719
buffers=16
windows=81
branches=5083
failures=400
obj=464
time=17838
buffers=16
windows=81
branches=28054
failures=5137
obj=461
time=29125
buffers=16
windows=81
branches=6437
failures=1046
obj=460
time=31766
buffers=16
windows=81
branches=13577
failures=2000
obj=459
time=37281
buffers=16
windows=81
branches=19482
failures=4403
obj=452
time=45120
buffers=16
windows=81
branches=6535
failures=1235
obj=450
time=47801
buffers=16
windows=81
branches=13075
failures=2626
obj=449
time=52977
buffers=16
windows=81
branches=27740
failures=5000
obj=442
time=64191
buffers=16
windows=81
branches=11304
failures=2821
obj=440
time=68760
buffers=16
windows=81
branches=24228
failures=6073
obj=439
time=78316
buffers=16
windows=81
branches=137834
failures=37550
obj=438
time=130891
buffers=16
windows=81
branches=27999
failures=6968
obj=423
time=142013
buffers=16
windows=81
branches=195100
failures=61939
obj=422
time=211207
buffers=16
windows=81
branches=264540
failures=91883
obj=420
time=310809
buffers=16
windows=81
branches=427538
failures=146703
obj=419
time=476466
buffers=16
windows=81
branches=82694
failures=26054
obj=418
time=510313
buffers=16
windows=81
branches=171446
failures=55532
obj=417
time=573472
buffers=16
windows=81
branches=117525
failures=42913
obj=416
time=615467
buffers=16
windows=81
branches=85826
failures=26936
obj=411
time=648384
buffers=16
windows=81
branches=1283919
failures=502776
obj=410
time=1108015
buffers=16
windows=81
branches=538717
failures=196703
obj=408
time=1309695
buffers=16
windows=81
branches=1004008
failures=374465
obj=407
time=1671279
buffers=16
windows=81
branches=540862
failures=200517
obj=405
time=1866377
buffers=16
windows=81
branches=378842
failures=142155
obj=404
time=2007119
buffers=16
windows=81
branches=548551
failures=210812
obj=403
time=2202614
buffers=16
windows=81
branches=257638
failures=99393
obj=401
time=2297626
buffers=16
windows=81
branches=52065
failures=19056
obj=400
time=2318456
buffers=16
windows=81
branches=496041
failures=194596
obj=399
time=2496572
buffers=16
windows=81
branches=2069850
failures=837782
obj=398
time=3200503
buffers=16
windows=81
branches=376535
failures=144522
obj=397
time=3342867
buffers=16
windows=81
branches=509199
failures=200637
obj=396
time=3537633
buffers=16
windows=81
branches=157885
failures=58644
original_status=TIMEOUT
original_lb=288
obj=396
time=3600003
status=TIMEOUT
real_obj=39.532
real_time=3600003
