global=1
denseranking=1
symmetry=1
single_window=1
peak-ub=664
buffers=16
windows=21
branches=320
failures=0
obj=389
time=604
buffers=16
windows=21
branches=17118
failures=7334
obj=380
time=18771
buffers=16
windows=21
branches=23178
failures=10061
obj=379
time=42142
buffers=16
windows=21
branches=8159
failures=3400
obj=375
time=51680
buffers=16
windows=21
branches=11931
failures=5003
obj=373
time=62808
buffers=16
windows=21
branches=32808
failures=14392
obj=371
time=92645
buffers=16
windows=21
branches=6258
failures=2523
obj=368
time=101559
buffers=16
windows=21
branches=476
failures=99
obj=367
time=102626
buffers=16
windows=21
branches=36207
failures=16162
obj=364
time=131029
buffers=16
windows=21
branches=12623
failures=5332
obj=355
time=147109
buffers=16
windows=21
branches=18302
failures=8133
obj=351
time=162631
buffers=16
windows=21
branches=1252802
failures=590942
obj=348
time=1025355
buffers=16
windows=21
branches=627301
failures=296104
obj=346
time=1495416
buffers=16
windows=21
branches=2694898
failures=1286219
original_status=TIMEOUT
original_lb=238
obj=346
time=3600002
status=TIMEOUT
real_obj=34.586
real_time=3600002
