global=1
denseranking=1
symmetry=1
single_window=1
peak-ub=2534
buffers=8
windows=81
branches=640
failures=0
obj=1336
time=54
buffers=8
windows=81
branches=641
failures=1
obj=1219
time=108
buffers=8
windows=81
branches=640
failures=0
obj=1022
time=162
buffers=8
windows=81
branches=638
failures=0
obj=1014
time=218
buffers=8
windows=81
branches=638
failures=0
obj=1000
time=273
buffers=8
windows=81
branches=638
failures=0
obj=929
time=330
buffers=8
windows=81
branches=633
failures=0
obj=919
time=389
buffers=8
windows=81
branches=1344
failures=117
obj=918
time=502
buffers=8
windows=81
branches=3644
failures=542
obj=899
time=786
buffers=8
windows=81
branches=678
failures=24
obj=848
time=846
buffers=8
windows=81
branches=2161
failures=292
obj=846
time=1032
buffers=8
windows=81
branches=783
failures=80
obj=838
time=1100
buffers=8
windows=81
branches=4353
failures=697
obj=835
time=1442
buffers=8
windows=81
branches=4259
failures=627
obj=829
time=1792
buffers=8
windows=81
branches=1410
failures=155
obj=813
time=1922
buffers=8
windows=81
branches=11105
failures=2228
obj=807
time=2661
buffers=8
windows=81
branches=4217
failures=603
obj=800
time=2932
buffers=8
windows=81
branches=31258
failures=8057
obj=771
time=4705
buffers=8
windows=81
branches=38424
failures=9498
obj=766
time=6901
buffers=8
windows=81
branches=273881
failures=78948
obj=762
time=21067
buffers=8
windows=81
branches=283936
failures=83714
obj=759
time=36125
buffers=8
windows=81
branches=236078
failures=68842
obj=757
time=48522
buffers=8
windows=81
branches=209428
failures=61683
obj=756
time=59037
buffers=8
windows=81
branches=203944
failures=59057
obj=754
time=69656
buffers=8
windows=81
branches=101730
failures=28128
obj=752
time=75014
buffers=8
windows=81
branches=3605307
failures=1254465
obj=741
time=270046
buffers=8
windows=81
branches=392777
failures=122794
obj=737
time=289229
buffers=8
windows=81
branches=3455435
failures=1205826
obj=736
time=472875
buffers=8
windows=81
branches=9507158
failures=3379088
obj=733
time=877062
buffers=8
windows=81
branches=64383873
failures=24751167
obj=732
time=3283193
buffers=8
windows=81
branches=7605509
failures=2737301
original_status=TIMEOUT
original_lb=195
obj=732
time=3600001
status=TIMEOUT
real_obj=73.101
real_time=3600001
