global=1
denseranking=1
symmetry=1
single_window=1
peak-ub=1132
buffers=16
windows=61
branches=960
failures=0
obj=964
time=747
buffers=16
windows=61
branches=959
failures=0
obj=856
time=1502
buffers=16
windows=61
branches=951
failures=0
obj=816
time=2218
buffers=16
windows=61
branches=1933
failures=103
obj=814
time=3414
buffers=16
windows=61
branches=4089
failures=400
obj=801
time=6115
buffers=16
windows=61
branches=957
failures=0
obj=745
time=6829
buffers=16
windows=61
branches=1921
failures=100
obj=736
time=8230
buffers=16
windows=61
branches=8920
failures=1271
obj=701
time=14006
buffers=16
windows=61
branches=21015
failures=3475
obj=700
time=28448
buffers=16
windows=61
branches=5005
failures=502
obj=698
time=31933
buffers=16
windows=61
branches=939
failures=0
obj=695
time=32691
buffers=16
windows=61
branches=34703
failures=5667
obj=682
time=54659
buffers=16
windows=61
branches=60856
failures=11400
obj=671
time=92661
buffers=16
windows=61
branches=304564
failures=69000
obj=669
time=258124
buffers=16
windows=61
branches=157125
failures=32204
obj=667
time=347184
buffers=16
windows=61
branches=420728
failures=105956
obj=663
time=572219
buffers=16
windows=61
branches=102884
failures=21600
obj=657
time=631619
buffers=16
windows=61
branches=95123
failures=20468
obj=653
time=683547
buffers=16
windows=61
branches=1091519
failures=285726
obj=651
time=1264938
buffers=16
windows=61
branches=1698528
failures=465668
obj=639
time=2042231
buffers=16
windows=61
branches=216597
failures=49979
obj=633
time=2145810
buffers=16
windows=61
branches=2020599
failures=566597
obj=628
time=3025257
buffers=16
windows=61
branches=1334497
failures=355601
original_status=TIMEOUT
original_lb=258
obj=628
time=3600001
status=TIMEOUT
real_obj=62.774
real_time=3600001
