global=1
denseranking=1
symmetry=1
single_window=1
peak-ub=2068
buffers=8
windows=61
branches=480
failures=0
obj=1391
time=51
buffers=8
windows=61
branches=479
failures=0
obj=1315
time=99
buffers=8
windows=61
branches=480
failures=0
obj=1222
time=149
buffers=8
windows=61
branches=478
failures=0
obj=1132
time=198
buffers=8
windows=61
branches=477
failures=1
obj=1114
time=249
buffers=8
windows=61
branches=1112
failures=160
obj=1096
time=358
buffers=8
windows=61
branches=1016
failures=100
obj=1048
time=459
buffers=8
windows=61
branches=553
failures=39
obj=1044
time=517
buffers=8
windows=61
branches=3601
failures=733
obj=1033
time=870
buffers=8
windows=61
branches=513
failures=24
obj=1027
time=928
buffers=8
windows=61
branches=1756
failures=277
obj=1011
time=1096
buffers=8
windows=61
branches=2323
failures=425
obj=1010
time=1332
buffers=8
windows=61
branches=1587
failures=226
obj=1009
time=1487
buffers=8
windows=61
branches=1554
failures=224
obj=1008
time=1639
buffers=8
windows=61
branches=459
failures=1
obj=1004
time=1694
buffers=8
windows=61
branches=3506
failures=711
obj=999
time=2027
buffers=8
windows=61
branches=1910
failures=372
obj=991
time=2209
buffers=8
windows=61
branches=2916
failures=539
obj=989
time=2495
buffers=8
windows=61
branches=3837
failures=799
obj=984
time=2855
buffers=8
windows=61
branches=1701
failures=295
obj=981
time=3028
buffers=8
windows=61
branches=4402
failures=979
obj=969
time=3444
buffers=8
windows=61
branches=3365
failures=621
obj=963
time=3760
buffers=8
windows=61
branches=1010
failures=103
obj=949
time=3871
buffers=8
windows=61
branches=11541
failures=3185
obj=937
time=4861
buffers=8
windows=61
branches=4153
failures=842
obj=934
time=5271
buffers=8
windows=61
branches=1847
failures=368
obj=933
time=5452
buffers=8
windows=61
branches=4306
failures=926
obj=922
time=5856
buffers=8
windows=61
branches=2809
failures=502
obj=920
time=6140
buffers=8
windows=61
branches=11228
failures=3120
obj=914
time=7138
buffers=8
windows=61
branches=5479
failures=1262
obj=906
time=7656
buffers=8
windows=61
branches=10404
failures=2844
obj=899
time=8575
buffers=8
windows=61
branches=1543
failures=252
obj=898
time=8730
buffers=8
windows=61
branches=5096
failures=1221
obj=897
time=9158
buffers=8
windows=61
branches=19883
failures=5186
obj=896
time=10777
buffers=8
windows=61
branches=15912
failures=4379
obj=895
time=12093
buffers=8
windows=61
branches=2850
failures=531
obj=886
time=12360
buffers=8
windows=61
branches=8128
failures=1943
obj=884
time=13043
buffers=8
windows=61
branches=1764
failures=311
obj=882
time=13216
buffers=8
windows=61
branches=22342
failures=6365
obj=880
time=15018
buffers=8
windows=61
branches=24700
failures=7302
obj=876
time=16949
buffers=8
windows=61
branches=23675
failures=6761
obj=875
time=18868
buffers=8
windows=61
branches=21687
failures=5983
obj=869
time=20682
buffers=8
windows=61
branches=9145
failures=2270
obj=868
time=21518
buffers=8
windows=61
branches=10385
failures=2758
obj=867
time=22417
buffers=8
windows=61
branches=23475
failures=6810
obj=863
time=24300
buffers=8
windows=61
branches=1704
failures=320
obj=861
time=24467
buffers=8
windows=61
branches=21139
failures=5796
obj=856
time=26180
buffers=8
windows=61
branches=104853
failures=33106
obj=852
time=34036
buffers=8
windows=61
branches=83043
failures=26925
obj=848
time=40315
buffers=8
windows=61
branches=9237
failures=2367
obj=842
time=41157
buffers=8
windows=61
branches=139466
failures=47738
obj=839
time=50955
buffers=8
windows=61
branches=463226
failures=163647
obj=837
time=81732
buffers=8
windows=61
branches=306524
failures=109203
obj=836
time=101492
buffers=8
windows=61
branches=888119
failures=327077
obj=835
time=159014
buffers=8
windows=61
branches=1276911
failures=482984
obj=833
time=234131
buffers=8
windows=61
branches=561305
failures=203313
obj=832
time=269003
buffers=8
windows=61
branches=73073
failures=23551
obj=828
time=274220
buffers=8
windows=61
branches=2058151
failures=779405
obj=824
time=397484
buffers=8
windows=61
branches=3785273
failures=1465257
obj=823
time=613106
buffers=8
windows=61
branches=1880981
failures=709536
obj=822
time=726694
buffers=8
windows=61
branches=5905545
failures=2335249
obj=819
time=1053084
buffers=8
windows=61
branches=4902595
failures=1898331
obj=817
time=1334924
buffers=8
windows=61
branches=18968982
failures=7644758
obj=815
time=2370567
buffers=8
windows=61
branches=22920987
failures=9209601
original_status=TIMEOUT
original_lb=171
obj=815
time=3600001
status=TIMEOUT
real_obj=81.397
real_time=3600001
