global=1
denseranking=1
symmetry=1
single_window=1
peak-ub=1184
buffers=24
windows=41
branches=960
failures=0
obj=642
time=3330
buffers=24
windows=41
branches=956
failures=0
obj=580
time=6199
buffers=24
windows=41
branches=3543
failures=500
obj=576
time=17307
buffers=24
windows=41
branches=3084
failures=400
obj=564
time=25841
buffers=24
windows=41
branches=934
failures=0
obj=538
time=29266
buffers=24
windows=41
branches=1341
failures=100
obj=536
time=33691
buffers=24
windows=41
branches=18571
failures=4446
obj=531
time=90320
buffers=24
windows=41
branches=18620
failures=4800
obj=526
time=147977
buffers=24
windows=41
branches=11066
failures=2400
obj=521
time=183994
buffers=24
windows=41
branches=68177
failures=20800
obj=514
time=393630
buffers=24
windows=41
branches=57183
failures=18287
obj=510
time=562673
buffers=24
windows=41
branches=46551
failures=14748
obj=505
time=704056
buffers=24
windows=41
branches=76470
failures=25018
obj=504
time=913838
buffers=24
windows=41
branches=30486
failures=9300
obj=503
time=997753
buffers=24
windows=41
branches=61857
failures=20725
obj=501
time=1168470
buffers=24
windows=41
branches=16657
failures=4802
obj=498
time=1216969
buffers=24
windows=41
branches=3117
failures=575
obj=495
time=1228078
buffers=24
windows=41
branches=905599
failures=350108
original_status=TIMEOUT
original_lb=247
obj=495
time=3600000
status=TIMEOUT
real_obj=49.493
real_time=3600000
