global=1
denseranking=1
symmetry=1
single_window=1
peak-ub=1215
buffers=24
windows=61
branches=1440
failures=0
obj=849
time=5177
buffers=24
windows=61
branches=1440
failures=0
obj=753
time=10163
buffers=24
windows=61
branches=1439
failures=0
obj=726
time=16361
buffers=24
windows=61
branches=1441
failures=9
obj=725
time=22023
buffers=24
windows=61
branches=1436
failures=0
obj=661
time=27483
buffers=24
windows=61
branches=21143
failures=2216
obj=642
time=111483
buffers=24
windows=61
branches=10920
failures=1206
obj=641
time=154315
buffers=24
windows=61
branches=3024
failures=104
obj=637
time=167666
buffers=24
windows=61
branches=16895
failures=1605
obj=633
time=232259
buffers=24
windows=61
branches=1422
failures=0
obj=614
time=238443
buffers=24
windows=61
branches=1849
failures=104
obj=612
time=246605
buffers=24
windows=61
branches=175398
failures=30801
obj=591
time=888934
buffers=24
windows=61
branches=204552
failures=45826
obj=587
time=1617905
buffers=24
windows=61
branches=264746
failures=55401
obj=585
time=2676085
buffers=24
windows=61
branches=262519
failures=56501
original_status=TIMEOUT
original_lb=258
obj=585
time=3600003
status=TIMEOUT
real_obj=58.460
real_time=3600003
