global=1
denseranking=1
symmetry=1
single_window=1
peak-ub=4723
buffers=24
windows=61
branches=1440
failures=0
obj=2194
time=5122
buffers=24
windows=61
branches=1440
failures=0
obj=1784
time=9702
buffers=24
windows=61
branches=1440
failures=0
obj=1439
time=14271
buffers=24
windows=61
branches=1430
failures=0
obj=1434
time=19703
buffers=24
windows=61
branches=1437
failures=0
obj=1430
time=24608
buffers=24
windows=61
branches=3822
failures=201
obj=1407
time=38808
buffers=24
windows=61
branches=3631
failures=200
obj=1379
time=52383
buffers=24
windows=61
branches=7295
failures=601
obj=1354
time=76364
buffers=24
windows=61
branches=2679
failures=100
obj=1340
time=86839
buffers=24
windows=61
branches=6426
failures=500
obj=1313
time=108488
buffers=24
windows=61
branches=10422
failures=1202
obj=1310
time=149988
buffers=24
windows=61
branches=1429
failures=1
obj=1306
time=155753
buffers=24
windows=61
branches=1427
failures=1
obj=1285
time=161570
buffers=24
windows=61
branches=2578
failures=100
obj=1274
time=172399
buffers=24
windows=61
branches=2708
failures=101
obj=1257
time=181944
buffers=24
windows=61
branches=2808
failures=176
obj=1248
time=194040
buffers=24
windows=61
branches=38703
failures=5602
obj=1244
time=329393
buffers=24
windows=61
branches=4608
failures=407
obj=1235
time=345768
buffers=24
windows=61
branches=73587
failures=12602
obj=1233
time=641478
buffers=24
windows=61
branches=65697
failures=11372
obj=1232
time=882942
buffers=24
windows=61
branches=9848
failures=1200
obj=1214
time=918983
buffers=24
windows=61
branches=76083
failures=12839
obj=1207
time=1209886
buffers=24
windows=61
branches=76468
failures=13203
obj=1203
time=1489877
buffers=24
windows=61
branches=53283
failures=9312
obj=1201
time=1704507
buffers=24
windows=61
branches=164665
failures=31716
obj=1198
time=2294883
buffers=24
windows=61
branches=34095
failures=4910
obj=1188
time=2425295
buffers=24
windows=61
branches=326313
failures=72001
original_status=TIMEOUT
original_lb=261
obj=1188
time=3600005
status=TIMEOUT
real_obj=118.724
real_time=3600005
