global=1
denseranking=1
symmetry=1
single_window=1
peak-ub=1497
buffers=8
windows=21
branches=160
failures=0
obj=881
time=41
buffers=8
windows=21
branches=157
failures=0
obj=761
time=85
buffers=8
windows=21
branches=206
failures=28
obj=718
time=135
buffers=8
windows=21
branches=293
failures=73
obj=691
time=208
buffers=8
windows=21
branches=487
failures=115
obj=676
time=316
buffers=8
windows=21
branches=220
failures=39
obj=664
time=375
buffers=8
windows=21
branches=796
failures=251
obj=655
time=540
buffers=8
windows=21
branches=552
failures=158
obj=649
time=659
buffers=8
windows=21
branches=315
failures=90
obj=647
time=729
buffers=8
windows=21
branches=302
failures=86
obj=646
time=805
buffers=8
windows=21
branches=188
failures=27
obj=645
time=861
buffers=8
windows=21
branches=754
failures=200
obj=638
time=1027
buffers=8
windows=21
branches=572
failures=157
obj=634
time=1162
buffers=8
windows=21
branches=821
failures=235
obj=633
time=1339
buffers=8
windows=21
branches=271
failures=70
obj=618
time=1402
buffers=8
windows=21
branches=222
failures=44
obj=610
time=1465
buffers=8
windows=21
branches=453
failures=147
obj=609
time=1545
buffers=8
windows=21
branches=251
failures=64
obj=598
time=1613
buffers=8
windows=21
branches=871
failures=305
obj=590
time=1789
buffers=8
windows=21
branches=1371
failures=488
obj=587
time=2077
buffers=8
windows=21
branches=3214
failures=1236
obj=582
time=2602
buffers=8
windows=21
branches=1977
failures=763
obj=559
time=2898
buffers=8
windows=21
branches=34813
failures=15086
obj=558
time=7366
buffers=8
windows=21
branches=17483
failures=7481
obj=557
time=9815
buffers=8
windows=21
branches=2665
failures=1080
obj=555
time=10240
buffers=8
windows=21
branches=20100
failures=8736
obj=552
time=12944
buffers=8
windows=21
branches=18807
failures=8330
obj=550
time=15301
buffers=8
windows=21
branches=13758
failures=5782
obj=548
time=17361
buffers=8
windows=21
branches=34801
failures=15126
obj=546
time=22398
buffers=8
windows=21
branches=187610
failures=85613
obj=544
time=45043
buffers=8
windows=21
branches=59927
failures=26908
obj=541
time=52748
buffers=8
windows=21
branches=522843
failures=243989
obj=532
time=105026
buffers=8
windows=21
branches=716684
failures=335321
obj=525
time=178596
buffers=8
windows=21
branches=14357583
failures=6907868
obj=523
time=1423945
buffers=8
windows=21
branches=5282136
failures=2541428
obj=522
time=1921946
buffers=8
windows=21
branches=3892856
failures=1863015
obj=521
time=2299158
buffers=8
windows=21
branches=10404164
failures=5021556
obj=519
time=3185569
buffers=8
windows=21
branches=4691660
failures=2256640
original_status=TIMEOUT
original_lb=241
obj=519
time=3600000
status=TIMEOUT
real_obj=51.881
real_time=3600000
