global=1
denseranking=1
symmetry=1
single_window=1
peak-ub=2893
buffers=24
windows=61
branches=1440
failures=0
obj=1714
time=4951
buffers=24
windows=61
branches=1440
failures=0
obj=1227
time=9507
buffers=24
windows=61
branches=1438
failures=0
obj=1192
time=14447
buffers=24
windows=61
branches=2767
failures=100
obj=1104
time=24436
buffers=24
windows=61
branches=2945
failures=100
obj=1103
time=34045
buffers=24
windows=61
branches=1439
failures=0
obj=1057
time=38938
buffers=24
windows=61
branches=4127
failures=200
obj=1049
time=54410
buffers=24
windows=61
branches=8155
failures=600
obj=1046
time=82082
buffers=24
windows=61
branches=6889
failures=517
obj=1035
time=108505
buffers=24
windows=61
branches=5534
failures=400
obj=977
time=133106
buffers=24
windows=61
branches=1417
failures=1
obj=973
time=138721
buffers=24
windows=61
branches=12152
failures=1303
obj=968
time=188930
buffers=24
windows=61
branches=1422
failures=0
obj=940
time=194573
buffers=24
windows=61
branches=156296
failures=27804
obj=934
time=717894
buffers=24
windows=61
branches=3910
failures=213
obj=931
time=734730
buffers=24
windows=61
branches=11217
failures=1205
obj=927
time=780700
buffers=24
windows=61
branches=50393
failures=8113
obj=925
time=969629
buffers=24
windows=61
branches=71803
failures=11600
obj=920
time=1217822
buffers=24
windows=61
branches=24024
failures=3306
obj=916
time=1310427
buffers=24
windows=61
branches=115432
failures=20604
obj=915
time=1730767
buffers=24
windows=61
branches=94810
failures=16005
obj=914
time=2054455
buffers=24
windows=61
branches=7628
failures=600
obj=895
time=2090868
buffers=24
windows=61
branches=22087
failures=3201
obj=894
time=2167055
buffers=24
windows=61
branches=150004
failures=27400
obj=891
time=2731977
buffers=24
windows=61
branches=262006
failures=53201
original_status=TIMEOUT
original_lb=331
obj=891
time=3600006
status=TIMEOUT
real_obj=89.082
real_time=3600006
