global=1
denseranking=1
symmetry=1
single_window=1
peak-ub=865
buffers=16
windows=21
branches=320
failures=0
obj=529
time=883
buffers=16
windows=21
branches=315
failures=0
obj=527
time=1709
buffers=16
windows=21
branches=316
failures=1
obj=512
time=2650
buffers=16
windows=21
branches=314
failures=0
obj=472
time=3619
buffers=16
windows=21
branches=308
failures=1
obj=466
time=4533
buffers=16
windows=21
branches=494
failures=98
obj=464
time=5613
buffers=16
windows=21
branches=715
failures=100
obj=457
time=7285
buffers=16
windows=21
branches=1888
failures=400
obj=447
time=11024
buffers=16
windows=21
branches=1222
failures=218
obj=440
time=13272
buffers=16
windows=21
branches=421
failures=64
obj=427
time=14140
buffers=16
windows=21
branches=5992
failures=1728
obj=419
time=24351
buffers=16
windows=21
branches=1688
failures=402
obj=416
time=27749
buffers=16
windows=21
branches=6021
failures=1747
obj=405
time=36828
buffers=16
windows=21
branches=430
failures=80
obj=404
time=37788
buffers=16
windows=21
branches=2966
failures=800
obj=401
time=43465
buffers=16
windows=21
branches=2687
failures=638
obj=396
time=48132
buffers=16
windows=21
branches=2184
failures=535
obj=394
time=52708
buffers=16
windows=21
branches=3290
failures=905
obj=393
time=58991
buffers=16
windows=21
branches=118579
failures=47276
obj=391
time=217201
buffers=16
windows=21
branches=59015
failures=21923
obj=388
time=297783
buffers=16
windows=21
branches=13679
failures=4756
obj=385
time=317824
buffers=16
windows=21
branches=374058
failures=152578
obj=383
time=780476
buffers=16
windows=21
branches=504727
failures=211942
obj=381
time=1353641
buffers=16
windows=21
branches=187616
failures=74642
obj=380
time=1576462
buffers=16
windows=21
branches=217484
failures=87902
obj=379
time=1824118
buffers=16
windows=21
branches=1753367
failures=752454
original_status=TIMEOUT
original_lb=202
obj=379
time=3600004
status=TIMEOUT
real_obj=37.877
real_time=3600004
