global=1
denseranking=1
symmetry=1
single_window=1
peak-ub=1496
buffers=16
windows=41
branches=640
failures=0
obj=937
time=844
buffers=16
windows=41
branches=640
failures=0
obj=892
time=1620
buffers=16
windows=41
branches=640
failures=0
obj=839
time=2322
buffers=16
windows=41
branches=639
failures=0
obj=750
time=2993
buffers=16
windows=41
branches=633
failures=0
obj=747
time=3696
buffers=16
windows=41
branches=1345
failures=100
obj=713
time=5412
buffers=16
windows=41
branches=631
failures=0
obj=703
time=6241
buffers=16
windows=41
branches=637
failures=0
obj=697
time=7004
buffers=16
windows=41
branches=781
failures=76
obj=685
time=7904
buffers=16
windows=41
branches=770
failures=72
obj=684
time=8878
buffers=16
windows=41
branches=2018
failures=200
obj=655
time=11400
buffers=16
windows=41
branches=815
failures=94
obj=650
time=12301
buffers=16
windows=41
branches=1233
failures=109
obj=642
time=13658
buffers=16
windows=41
branches=6416
failures=1200
obj=637
time=20785
buffers=16
windows=41
branches=4323
failures=600
obj=631
time=25722
buffers=16
windows=41
branches=2919
failures=400
obj=623
time=28966
buffers=16
windows=41
branches=1309
failures=100
obj=622
time=30446
buffers=16
windows=41
branches=11747
failures=2363
obj=611
time=42779
buffers=16
windows=41
branches=20893
failures=4600
obj=584
time=64699
buffers=16
windows=41
branches=442209
failures=135823
obj=580
time=446529
buffers=16
windows=41
branches=15165
failures=3400
obj=571
time=462949
buffers=16
windows=41
branches=378540
failures=118470
obj=556
time=782895
buffers=16
windows=41
branches=3940357
failures=1388501
original_status=TIMEOUT
original_lb=259
obj=556
time=3600003
status=TIMEOUT
real_obj=61.431
real_time=3600003
