global=1
denseranking=1
symmetry=1
single_window=1
peak-ub=697
buffers=16
windows=21
branches=320
failures=0
obj=469
time=639
buffers=16
windows=21
branches=318
failures=1
obj=461
time=1385
buffers=16
windows=21
branches=314
failures=0
obj=455
time=2111
buffers=16
windows=21
branches=313
failures=0
obj=450
time=2810
buffers=16
windows=21
branches=316
failures=1
obj=448
time=3640
buffers=16
windows=21
branches=304
failures=1
obj=440
time=4468
buffers=16
windows=21
branches=790
failures=100
obj=436
time=6216
buffers=16
windows=21
branches=1290
failures=200
obj=417
time=8859
buffers=16
windows=21
branches=299
failures=3
obj=416
time=9612
buffers=16
windows=21
branches=801
failures=100
obj=405
time=11343
buffers=16
windows=21
branches=298
failures=0
obj=372
time=12205
buffers=16
windows=21
branches=416
failures=64
obj=356
time=13042
buffers=16
windows=21
branches=36499
failures=11862
obj=352
time=69918
buffers=16
windows=21
branches=24399
failures=8375
obj=348
time=109097
buffers=16
windows=21
branches=104705
failures=38505
obj=342
time=254110
buffers=16
windows=21
branches=37309
failures=12464
obj=339
time=312391
buffers=16
windows=21
branches=193883
failures=73366
obj=338
time=590467
buffers=16
windows=21
branches=977603
failures=393776
obj=337
time=1817273
buffers=16
windows=21
branches=107256
failures=40934
obj=336
time=1978081
buffers=16
windows=21
branches=1257565
failures=526546
original_status=TIMEOUT
original_lb=236
obj=336
time=3600003
status=TIMEOUT
real_obj=33.513
real_time=3600003
