global=1
denseranking=1
symmetry=1
single_window=1
peak-ub=1558
buffers=16
windows=81
branches=1280
failures=0
obj=1126
time=1005
buffers=16
windows=81
branches=1281
failures=1
obj=1090
time=1961
buffers=16
windows=81
branches=1280
failures=0
obj=1040
time=3087
buffers=16
windows=81
branches=3911
failures=200
obj=1023
time=5842
buffers=16
windows=81
branches=1278
failures=0
obj=981
time=6926
buffers=16
windows=81
branches=1954
failures=101
obj=956
time=8386
buffers=16
windows=81
branches=2562
failures=101
obj=950
time=10418
buffers=16
windows=81
branches=5281
failures=400
obj=894
time=14483
buffers=16
windows=81
branches=5194
failures=402
obj=891
time=18521
buffers=16
windows=81
branches=18041
failures=2407
obj=886
time=31354
buffers=16
windows=81
branches=54915
failures=10497
obj=871
time=68177
buffers=16
windows=81
branches=25351
failures=4001
obj=864
time=87124
buffers=16
windows=81
branches=12721
failures=1800
obj=858
time=96993
buffers=16
windows=81
branches=10431
failures=1301
obj=845
time=105183
buffers=16
windows=81
branches=1361
failures=61
obj=842
time=106271
buffers=16
windows=81
branches=43263
failures=9450
obj=839
time=139022
buffers=16
windows=81
branches=31111
failures=6325
obj=837
time=162039
buffers=16
windows=81
branches=1824
failures=101
obj=832
time=163651
buffers=16
windows=81
branches=103704
failures=24400
obj=822
time=234217
buffers=16
windows=81
branches=31633
failures=6402
obj=811
time=259001
buffers=16
windows=81
branches=258587
failures=70400
obj=807
time=433758
buffers=16
windows=81
branches=223152
failures=59402
obj=806
time=588001
buffers=16
windows=81
branches=151823
failures=41550
obj=803
time=693630
buffers=16
windows=81
branches=297448
failures=81674
obj=799
time=893071
buffers=16
windows=81
branches=455663
failures=129782
obj=797
time=1200031
buffers=16
windows=81
branches=625328
failures=183810
obj=789
time=1649437
buffers=16
windows=81
branches=82168
failures=20501
obj=786
time=1711219
buffers=16
windows=81
branches=9110
failures=1459
obj=783
time=1718437
buffers=16
windows=81
branches=553028
failures=163495
obj=782
time=2090008
buffers=16
windows=81
branches=1034305
failures=322632
obj=775
time=2780258
buffers=16
windows=81
branches=625909
failures=189670
obj=774
time=3241775
buffers=16
windows=81
branches=68584
failures=18836
obj=769
time=3293052
buffers=16
windows=81
branches=435061
failures=130801
original_status=TIMEOUT
original_lb=256
obj=769
time=3600009
status=TIMEOUT
real_obj=76.859
real_time=3600009
