global=1
denseranking=1
symmetry=1
single_window=1
peak-ub=1463
buffers=24
windows=21
branches=480
failures=0
obj=980
time=3332
buffers=24
windows=21
branches=1057
failures=100
obj=975
time=10243
buffers=24
windows=21
branches=476
failures=0
obj=934
time=13480
buffers=24
windows=21
branches=980
failures=100
obj=902
time=19928
buffers=24
windows=21
branches=469
failures=0
obj=898
time=23881
buffers=24
windows=21
branches=466
failures=0
obj=878
time=27355
buffers=24
windows=21
branches=1167
failures=186
obj=870
time=33173
buffers=24
windows=21
branches=460
failures=1
obj=856
time=36301
buffers=24
windows=21
branches=4090
failures=800
obj=848
time=58940
buffers=24
windows=21
branches=5039
failures=1200
obj=835
time=86925
buffers=24
windows=21
branches=17884
failures=4800
obj=834
time=179800
buffers=24
windows=21
branches=27787
failures=8200
obj=812
time=312291
buffers=24
windows=21
branches=39820
failures=11800
obj=800
time=524462
buffers=24
windows=21
branches=19469
failures=5386
obj=795
time=648365
buffers=24
windows=21
branches=8212
failures=2000
obj=792
time=690122
buffers=24
windows=21
branches=7494
failures=1800
obj=771
time=729142
buffers=24
windows=21
branches=1905
failures=400
obj=770
time=741324
buffers=24
windows=21
branches=66143
failures=22907
obj=769
time=1024121
buffers=24
windows=21
branches=40117
failures=12800
obj=754
time=1226084
buffers=24
windows=21
branches=82285
failures=28601
obj=750
time=1603705
buffers=24
windows=21
branches=418521
failures=156635
obj=749
time=3426585
buffers=24
windows=21
branches=35090
failures=11701
original_status=TIMEOUT
original_lb=237
obj=749
time=3600010
status=TIMEOUT
real_obj=74.803
real_time=3600010
