global=1
denseranking=1
symmetry=1
single_window=1
peak-ub=1449
buffers=24
windows=61
branches=1440
failures=0
obj=716
time=3547
buffers=24
windows=61
branches=2514
failures=101
obj=684
time=8771
buffers=24
windows=61
branches=5861
failures=600
obj=667
time=23737
buffers=24
windows=61
branches=1421
failures=0
obj=661
time=27144
buffers=24
windows=61
branches=14266
failures=2004
obj=653
time=53981
buffers=24
windows=61
branches=2610
failures=100
obj=650
time=61626
buffers=24
windows=61
branches=7606
failures=1200
obj=644
time=81168
buffers=24
windows=61
branches=11398
failures=1800
obj=642
time=109955
buffers=24
windows=61
branches=2527
failures=101
obj=619
time=117426
buffers=24
windows=61
branches=16150
failures=3700
obj=610
time=158076
buffers=24
windows=61
branches=7422
failures=1300
obj=603
time=180671
buffers=24
windows=61
branches=46955
failures=13162
obj=602
time=283612
buffers=24
windows=61
branches=54067
failures=16247
obj=593
time=416982
buffers=24
windows=61
branches=7697
failures=1402
obj=591
time=437811
buffers=24
windows=61
branches=68167
failures=22602
obj=586
time=589702
buffers=24
windows=61
branches=198447
failures=67800
obj=583
time=1010739
buffers=24
windows=61
branches=149259
failures=50854
obj=574
time=1366661
buffers=24
windows=61
branches=146139
failures=54500
obj=572
time=1648279
buffers=24
windows=61
branches=99100
failures=34536
obj=571
time=1863101
buffers=24
windows=61
branches=893499
failures=355526
original_status=TIMEOUT
original_lb=241
obj=571
time=3600002
status=TIMEOUT
real_obj=57.057
real_time=3600002
