global=1
denseranking=1
symmetry=1
single_window=1
peak-ub=1433
buffers=16
windows=81
branches=1280
failures=0
obj=909
time=1019
buffers=16
windows=81
branches=1280
failures=0
obj=694
time=2052
buffers=16
windows=81
branches=6548
failures=607
obj=678
time=8157
buffers=16
windows=81
branches=19562
failures=3201
obj=671
time=22660
buffers=16
windows=81
branches=2928
failures=200
obj=662
time=25090
buffers=16
windows=81
branches=2413
failures=100
obj=650
time=27046
buffers=16
windows=81
branches=15286
failures=1800
obj=647
time=39219
buffers=16
windows=81
branches=20911
failures=3303
obj=645
time=56681
buffers=16
windows=81
branches=18119
failures=2599
obj=643
time=70404
buffers=16
windows=81
branches=4832
failures=400
obj=638
time=74429
buffers=16
windows=81
branches=25469
failures=4290
obj=633
time=93952
buffers=16
windows=81
branches=8766
failures=1202
obj=622
time=100927
buffers=16
windows=81
branches=10413
failures=1407
obj=621
time=108964
buffers=16
windows=81
branches=24612
failures=4050
obj=620
time=128058
buffers=16
windows=81
branches=47380
failures=9570
obj=610
time=165080
buffers=16
windows=81
branches=98191
failures=22500
obj=606
time=235432
buffers=16
windows=81
branches=73957
failures=15117
obj=604
time=292801
buffers=16
windows=81
branches=239634
failures=57731
obj=603
time=471416
buffers=16
windows=81
branches=51323
failures=9704
obj=601
time=512031
buffers=16
windows=81
branches=145967
failures=31843
obj=598
time=622580
buffers=16
windows=81
branches=12084
failures=1740
obj=596
time=632365
buffers=16
windows=81
branches=44268
failures=9201
obj=592
time=666783
buffers=16
windows=81
branches=152919
failures=38020
obj=591
time=778123
buffers=16
windows=81
branches=48894
failures=10831
obj=590
time=814347
buffers=16
windows=81
branches=173875
failures=45247
obj=586
time=944074
buffers=16
windows=81
branches=324498
failures=83494
obj=582
time=1194225
buffers=16
windows=81
branches=1378619
failures=395801
obj=576
time=2176844
buffers=16
windows=81
branches=692456
failures=192000
obj=574
time=2677966
buffers=16
windows=81
branches=397546
failures=106731
obj=572
time=2960013
buffers=16
windows=81
branches=928433
failures=266230
original_status=TIMEOUT
original_lb=295
obj=572
time=3600004
status=TIMEOUT
real_obj=57.120
real_time=3600004
