global=1
denseranking=1
symmetry=1
single_window=1
peak-ub=2079
buffers=24
windows=41
branches=960
failures=0
obj=1190
time=2228
buffers=24
windows=41
branches=960
failures=0
obj=955
time=4385
buffers=24
windows=41
branches=965
failures=10
obj=954
time=6938
buffers=24
windows=41
branches=956
failures=0
obj=938
time=9198
buffers=24
windows=41
branches=958
failures=2
obj=935
time=11417
buffers=24
windows=41
branches=959
failures=0
obj=928
time=13895
buffers=24
windows=41
branches=959
failures=2
obj=922
time=16591
buffers=24
windows=41
branches=1971
failures=100
obj=861
time=22311
buffers=24
windows=41
branches=3011
failures=200
obj=859
time=31064
buffers=24
windows=41
branches=1982
failures=100
obj=850
time=35575
buffers=24
windows=41
branches=2074
failures=100
obj=787
time=40348
buffers=24
windows=41
branches=1846
failures=100
obj=775
time=45069
buffers=24
windows=41
branches=6025
failures=609
obj=773
time=58770
buffers=24
windows=41
branches=87675
failures=19309
obj=767
time=260282
buffers=24
windows=41
branches=916
failures=3
obj=761
time=262945
buffers=24
windows=41
branches=44829
failures=8600
obj=757
time=362960
buffers=24
windows=41
branches=14213
failures=2005
obj=750
time=391934
buffers=24
windows=41
branches=94872
failures=20512
obj=748
time=602284
buffers=24
windows=41
branches=50313
failures=9600
obj=735
time=725110
buffers=24
windows=41
branches=37728
failures=7406
obj=734
time=830339
buffers=24
windows=41
branches=471476
failures=120632
obj=731
time=1826009
buffers=24
windows=41
branches=18990
failures=3300
obj=727
time=1868324
buffers=24
windows=41
branches=330145
failures=76604
obj=724
time=2566051
buffers=24
windows=41
branches=515404
failures=130801
original_status=TIMEOUT
original_lb=230
obj=724
time=3600003
status=TIMEOUT
real_obj=75.099
real_time=3600003
