global=1
denseranking=1
symmetry=1
single_window=1
peak-ub=1426
buffers=8
windows=61
branches=480
failures=0
obj=817
time=58
buffers=8
windows=61
branches=478
failures=0
obj=780
time=117
buffers=8
windows=61
branches=472
failures=0
obj=764
time=175
buffers=8
windows=61
branches=1051
failures=195
obj=705
time=283
buffers=8
windows=61
branches=1892
failures=313
obj=700
time=494
buffers=8
windows=61
branches=2572
failures=427
obj=676
time=785
buffers=8
windows=61
branches=1852
failures=301
obj=675
time=1010
buffers=8
windows=61
branches=552
failures=45
obj=668
time=1085
buffers=8
windows=61
branches=1875
failures=377
obj=654
time=1294
buffers=8
windows=61
branches=1741
failures=321
obj=650
time=1503
buffers=8
windows=61
branches=4175
failures=943
obj=636
time=1972
buffers=8
windows=61
branches=9046
failures=2102
obj=624
time=2748
buffers=8
windows=61
branches=3849
failures=748
obj=622
time=3068
buffers=8
windows=61
branches=1215
failures=198
obj=621
time=3170
buffers=8
windows=61
branches=4015
failures=962
obj=620
time=3482
buffers=8
windows=61
branches=1029
failures=103
obj=618
time=3583
buffers=8
windows=61
branches=9748
failures=2713
obj=615
time=4327
buffers=8
windows=61
branches=4329
failures=1055
obj=607
time=4661
buffers=8
windows=61
branches=10311
failures=2732
obj=598
time=5458
buffers=8
windows=61
branches=4416
failures=1115
obj=595
time=5797
buffers=8
windows=61
branches=22749
failures=6852
obj=593
time=7435
buffers=8
windows=61
branches=9853
failures=2832
obj=590
time=8184
buffers=8
windows=61
branches=13604
failures=3870
obj=584
time=9199
buffers=8
windows=61
branches=19596
failures=5410
obj=581
time=10697
buffers=8
windows=61
branches=49115
failures=15667
obj=579
time=14092
buffers=8
windows=61
branches=23861
failures=7353
obj=578
time=15796
buffers=8
windows=61
branches=16450
failures=4770
obj=574
time=17070
buffers=8
windows=61
branches=76066
failures=25952
obj=563
time=22163
buffers=8
windows=61
branches=20008
failures=6169
obj=561
time=23652
buffers=8
windows=61
branches=46665
failures=15281
obj=555
time=26815
buffers=8
windows=61
branches=2449729
failures=977427
obj=554
time=168659
buffers=8
windows=61
branches=103606
failures=36520
obj=553
time=175473
buffers=8
windows=61
branches=552118
failures=215507
obj=551
time=206153
buffers=8
windows=61
branches=2353692
failures=932842
obj=550
time=339861
buffers=8
windows=61
branches=1495730
failures=599983
obj=549
time=423207
buffers=8
windows=61
branches=575102
failures=229582
obj=544
time=454538
buffers=8
windows=61
branches=2382267
failures=960632
obj=543
time=580858
buffers=8
windows=61
branches=6902920
failures=2889043
obj=542
time=942653
buffers=8
windows=61
branches=1096034
failures=436765
obj=539
time=1002248
buffers=8
windows=61
branches=2691100
failures=1125872
obj=538
time=1138550
buffers=8
windows=61
branches=14934538
failures=6376549
obj=537
time=1902238
buffers=8
windows=61
branches=8204816
failures=3472380
obj=535
time=2304572
buffers=8
windows=61
branches=11827160
failures=5101750
obj=534
time=2852272
buffers=8
windows=61
branches=15699234
failures=6753985
original_status=TIMEOUT
original_lb=203
obj=534
time=3600001
status=TIMEOUT
real_obj=53.377
real_time=3600001
