global=1
denseranking=1
symmetry=1
single_window=1
peak-ub=2005
buffers=16
windows=61
branches=960
failures=0
obj=1161
time=870
buffers=16
windows=61
branches=960
failures=0
obj=907
time=1724
buffers=16
windows=61
branches=1374
failures=100
obj=870
time=2854
buffers=16
windows=61
branches=1075
failures=62
obj=851
time=3803
buffers=16
windows=61
branches=6312
failures=1700
obj=850
time=8387
buffers=16
windows=61
branches=1344
failures=100
obj=830
time=9726
buffers=16
windows=61
branches=960
failures=11
obj=823
time=10728
buffers=16
windows=61
branches=930
failures=1
obj=819
time=11653
buffers=16
windows=61
branches=1693
failures=201
obj=762
time=13228
buffers=16
windows=61
branches=5663
failures=1600
obj=760
time=17955
buffers=16
windows=61
branches=20293
failures=6996
obj=751
time=33045
buffers=16
windows=61
branches=2601
failures=533
obj=748
time=35224
buffers=16
windows=61
branches=15157
failures=5000
obj=746
time=47247
buffers=16
windows=61
branches=6964
failures=2001
obj=745
time=52476
buffers=16
windows=61
branches=35461
failures=12901
obj=744
time=76387
buffers=16
windows=61
branches=15362
failures=5042
obj=742
time=87866
buffers=16
windows=61
branches=26662
failures=9701
obj=740
time=105568
buffers=16
windows=61
branches=33107
failures=12205
obj=738
time=127693
buffers=16
windows=61
branches=10082
failures=3300
obj=727
time=133822
buffers=16
windows=61
branches=10568
failures=3300
obj=725
time=140911
buffers=16
windows=61
branches=23884
failures=8962
obj=724
time=158240
buffers=16
windows=61
branches=108931
failures=44881
obj=719
time=220421
buffers=16
windows=61
branches=99522
failures=40760
obj=717
time=283111
buffers=16
windows=61
branches=6558
failures=2000
obj=711
time=288582
buffers=16
windows=61
branches=260732
failures=109718
obj=709
time=442705
buffers=16
windows=61
branches=160901
failures=65801
obj=708
time=549529
buffers=16
windows=61
branches=115256
failures=47588
obj=706
time=611853
buffers=16
windows=61
branches=199532
failures=81404
obj=705
time=741430
buffers=16
windows=61
branches=214210
failures=89309
obj=699
time=870072
buffers=16
windows=61
branches=24685
failures=9004
obj=692
time=885297
buffers=16
windows=61
branches=917363
failures=392763
obj=688
time=1349314
buffers=16
windows=61
branches=486274
failures=208443
obj=684
time=1630021
buffers=16
windows=61
branches=110592
failures=45687
obj=680
time=1696265
buffers=16
windows=61
branches=1597299
failures=696129
obj=677
time=2492701
buffers=16
windows=61
branches=29153
failures=11123
obj=675
time=2515680
buffers=16
windows=61
branches=1898818
failures=833614
original_status=TIMEOUT
original_lb=201
obj=675
time=3600003
status=TIMEOUT
real_obj=67.429
real_time=3600003
