global=1
denseranking=1
symmetry=1
single_window=1
peak-ub=762
buffers=24
windows=21
branches=480
failures=0
obj=531
time=4910
buffers=24
windows=21
branches=468
failures=0
obj=524
time=9949
buffers=24
windows=21
branches=540
failures=32
obj=501
time=15677
buffers=24
windows=21
branches=469
failures=0
obj=493
time=21057
buffers=24
windows=21
branches=1218
failures=200
obj=473
time=35088
buffers=24
windows=21
branches=470
failures=0
obj=449
time=40889
buffers=24
windows=21
branches=1813
failures=400
obj=447
time=57163
buffers=24
windows=21
branches=1141
failures=200
obj=445
time=67450
buffers=24
windows=21
branches=2084
failures=428
obj=444
time=87952
buffers=24
windows=21
branches=464
failures=0
obj=440
time=93401
buffers=24
windows=21
branches=1423
failures=402
obj=439
time=106857
buffers=24
windows=21
branches=700
failures=100
obj=437
time=113890
buffers=24
windows=21
branches=812
failures=102
obj=433
time=122451
buffers=24
windows=21
branches=1931
failures=601
obj=432
time=138324
buffers=24
windows=21
branches=2576
failures=595
obj=412
time=163321
buffers=24
windows=21
branches=2183
failures=723
obj=411
time=183634
buffers=24
windows=21
branches=7993
failures=2802
obj=409
time=253983
buffers=24
windows=21
branches=14432
failures=5270
obj=398
time=370339
buffers=24
windows=21
branches=69517
failures=30500
obj=389
time=793941
buffers=24
windows=21
branches=89649
failures=40823
obj=384
time=1344798
buffers=24
windows=21
branches=367783
failures=171455
original_status=TIMEOUT
original_lb=285
obj=384
time=3600006
status=TIMEOUT
real_obj=38.376
real_time=3600006
