global=1
denseranking=1
symmetry=1
single_window=1
peak-ub=2269
buffers=16
windows=61
branches=960
failures=0
obj=1236
time=760
buffers=16
windows=61
branches=960
failures=0
obj=1178
time=1517
buffers=16
windows=61
branches=960
failures=0
obj=1005
time=2295
buffers=16
windows=61
branches=957
failures=0
obj=986
time=3139
buffers=16
windows=61
branches=955
failures=0
obj=972
time=3931
buffers=16
windows=61
branches=958
failures=0
obj=969
time=4797
buffers=16
windows=61
branches=1277
failures=106
obj=933
time=6023
buffers=16
windows=61
branches=1750
failures=200
obj=930
time=7555
buffers=16
windows=61
branches=2442
failures=500
obj=898
time=9527
buffers=16
windows=61
branches=951
failures=0
obj=892
time=10387
buffers=16
windows=61
branches=2147
failures=401
obj=873
time=12177
buffers=16
windows=61
branches=1703
failures=267
obj=866
time=13484
buffers=16
windows=61
branches=4435
failures=1300
obj=864
time=16882
buffers=16
windows=61
branches=5132
failures=1518
obj=862
time=20511
buffers=16
windows=61
branches=1542
failures=200
obj=847
time=21809
buffers=16
windows=61
branches=3570
failures=1020
obj=841
time=24370
buffers=16
windows=61
branches=1300
failures=100
obj=835
time=25450
buffers=16
windows=61
branches=3515
failures=976
obj=831
time=28300
buffers=16
windows=61
branches=4187
failures=1206
obj=827
time=31056
buffers=16
windows=61
branches=25643
failures=9700
obj=794
time=48242
buffers=16
windows=61
branches=48396
failures=20401
obj=789
time=79493
buffers=16
windows=61
branches=53843
failures=22600
obj=779
time=114195
buffers=16
windows=61
branches=118351
failures=51129
obj=778
time=185881
buffers=16
windows=61
branches=49255
failures=20600
obj=776
time=219906
buffers=16
windows=61
branches=103378
failures=45200
obj=771
time=276945
buffers=16
windows=61
branches=326366
failures=144788
obj=770
time=474541
buffers=16
windows=61
branches=199180
failures=87426
obj=764
time=588434
buffers=16
windows=61
branches=19434
failures=7883
obj=762
time=602214
buffers=16
windows=61
branches=608506
failures=273759
obj=761
time=936930
buffers=16
windows=61
branches=71915
failures=30401
obj=756
time=982061
buffers=16
windows=61
branches=156783
failures=67959
obj=750
time=1082319
buffers=16
windows=61
branches=504509
failures=228488
obj=727
time=1374487
buffers=16
windows=61
branches=2507585
failures=1162510
obj=723
time=2566185
buffers=16
windows=61
branches=1830375
failures=837976
obj=722
time=3516998
buffers=16
windows=61
branches=130551
failures=57553
original_status=TIMEOUT
original_lb=297
obj=722
time=3600004
status=TIMEOUT
real_obj=72.142
real_time=3600004
