global=1
denseranking=1
symmetry=1
single_window=1
peak-ub=2382
buffers=8
windows=61
branches=480
failures=0
obj=1067
time=56
buffers=8
windows=61
branches=480
failures=0
obj=911
time=114
buffers=8
windows=61
branches=480
failures=0
obj=847
time=171
buffers=8
windows=61
branches=1077
failures=128
obj=830
time=290
buffers=8
windows=61
branches=474
failures=0
obj=776
time=348
buffers=8
windows=61
branches=663
failures=95
obj=763
time=423
buffers=8
windows=61
branches=472
failures=0
obj=756
time=486
buffers=8
windows=61
branches=1122
failures=138
obj=749
time=614
buffers=8
windows=61
branches=467
failures=0
obj=729
time=676
buffers=8
windows=61
branches=6290
failures=1358
obj=706
time=1322
buffers=8
windows=61
branches=458
failures=0
obj=689
time=1388
buffers=8
windows=61
branches=3653
failures=632
obj=684
time=1793
buffers=8
windows=61
branches=1010
failures=100
obj=674
time=1923
buffers=8
windows=61
branches=586
failures=67
obj=668
time=2003
buffers=8
windows=61
branches=3854
failures=784
obj=656
time=2427
buffers=8
windows=61
branches=2503
failures=470
obj=651
time=2713
buffers=8
windows=61
branches=1995
failures=368
obj=644
time=2954
buffers=8
windows=61
branches=1088
failures=157
obj=642
time=3085
buffers=8
windows=61
branches=1899
failures=363
obj=631
time=3306
buffers=8
windows=61
branches=1202
failures=180
obj=623
time=3458
buffers=8
windows=61
branches=8288
failures=1810
obj=613
time=4359
buffers=8
windows=61
branches=4523
failures=964
obj=606
time=4849
buffers=8
windows=61
branches=4550
failures=1001
obj=605
time=5340
buffers=8
windows=61
branches=10788
failures=2634
obj=600
time=6502
buffers=8
windows=61
branches=50848
failures=14623
obj=598
time=11203
buffers=8
windows=61
branches=36361
failures=10201
obj=588
time=14799
buffers=8
windows=61
branches=31459
failures=9181
obj=579
time=17507
buffers=8
windows=61
branches=262248
failures=87944
obj=577
time=40661
buffers=8
windows=61
branches=449495
failures=154900
obj=575
time=75899
buffers=8
windows=61
branches=69164
failures=21565
obj=571
time=81750
buffers=8
windows=61
branches=615715
failures=221713
obj=568
time=126288
buffers=8
windows=61
branches=588333
failures=208251
obj=564
time=170536
buffers=8
windows=61
branches=2735868
failures=1025882
obj=562
time=362476
buffers=8
windows=61
branches=1122288
failures=399192
obj=561
time=446305
buffers=8
windows=61
branches=1351744
failures=504099
obj=560
time=556331
buffers=8
windows=61
branches=1240017
failures=449699
obj=558
time=648609
buffers=8
windows=61
branches=9247347
failures=3594782
obj=554
time=1263649
buffers=8
windows=61
branches=2449942
failures=898787
obj=551
time=1468046
buffers=8
windows=61
branches=33421143
failures=13384401
original_status=TIMEOUT
original_lb=184
obj=551
time=3600002
status=TIMEOUT
real_obj=55.044
real_time=3600002
