global=1
denseranking=1
symmetry=1
single_window=1
peak-ub=2173
buffers=24
windows=21
branches=480
failures=0
obj=1221
time=3731
buffers=24
windows=21
branches=480
failures=0
obj=1207
time=7149
buffers=24
windows=21
branches=480
failures=0
obj=1090
time=10768
buffers=24
windows=21
branches=987
failures=100
obj=1055
time=17068
buffers=24
windows=21
branches=3859
failures=800
obj=1036
time=42285
buffers=24
windows=21
branches=474
failures=0
obj=1010
time=45767
buffers=24
windows=21
branches=2763
failures=500
obj=1006
time=61266
buffers=24
windows=21
branches=2796
failures=501
obj=1002
time=78661
buffers=24
windows=21
branches=469
failures=0
obj=994
time=82111
buffers=24
windows=21
branches=459
failures=1
obj=988
time=86032
buffers=24
windows=21
branches=1516
failures=200
obj=955
time=96381
buffers=24
windows=21
branches=1999
failures=400
obj=931
time=113410
buffers=24
windows=21
branches=883
failures=101
obj=930
time=119412
buffers=24
windows=21
branches=75778
failures=25600
obj=912
time=491736
buffers=24
windows=21
branches=434
failures=0
obj=909
time=495522
buffers=24
windows=21
branches=88490
failures=30500
obj=908
time=960532
buffers=24
windows=21
branches=461
failures=7
obj=898
time=964709
buffers=24
windows=21
branches=54671
failures=19201
obj=897
time=1260449
buffers=24
windows=21
branches=43728
failures=14400
obj=895
time=1480797
buffers=24
windows=21
branches=84799
failures=29652
obj=890
time=1899498
buffers=24
windows=21
branches=89694
failures=31200
obj=873
time=2336372
buffers=24
windows=21
branches=155249
failures=57201
obj=866
time=3104945
buffers=24
windows=21
branches=104273
failures=38336
original_status=TIMEOUT
original_lb=217
obj=866
time=3600008
status=TIMEOUT
real_obj=86.499
real_time=3600008
