global=1
denseranking=1
symmetry=1
single_window=1
peak-ub=2115
buffers=24
windows=81
branches=1920
failures=0
obj=1305
time=3747
buffers=24
windows=81
branches=1920
failures=0
obj=1235
time=7030
buffers=24
windows=81
branches=1920
failures=0
obj=1179
time=10173
buffers=24
windows=81
branches=1920
failures=0
obj=1003
time=13591
buffers=24
windows=81
branches=1916
failures=0
obj=965
time=17131
buffers=24
windows=81
branches=1906
failures=1
obj=957
time=21102
buffers=24
windows=81
branches=4117
failures=184
obj=956
time=30262
buffers=24
windows=81
branches=3567
failures=106
obj=947
time=39098
buffers=24
windows=81
branches=1911
failures=0
obj=920
time=43535
buffers=24
windows=81
branches=3641
failures=101
obj=916
time=51806
buffers=24
windows=81
branches=32610
failures=3200
obj=889
time=127595
buffers=24
windows=81
branches=45057
failures=4400
obj=873
time=221066
buffers=24
windows=81
branches=13030
failures=800
obj=872
time=254137
buffers=24
windows=81
branches=10443
failures=600
obj=866
time=279838
buffers=24
windows=81
branches=29316
failures=2401
obj=848
time=338120
buffers=24
windows=81
branches=22589
failures=1786
obj=833
time=398915
buffers=24
windows=81
branches=48312
failures=4601
obj=825
time=517231
buffers=24
windows=81
branches=55383
failures=5450
obj=819
time=653464
buffers=24
windows=81
branches=93825
failures=11201
obj=817
time=835586
buffers=24
windows=81
branches=94138
failures=11301
obj=812
time=1066279
buffers=24
windows=81
branches=167234
failures=22800
obj=806
time=1387213
buffers=24
windows=81
branches=112477
failures=13000
obj=797
time=1646068
buffers=24
windows=81
branches=816918
failures=134601
original_status=TIMEOUT
original_lb=209
obj=797
time=3600003
status=TIMEOUT
real_obj=79.663
real_time=3600003
