global=1
denseranking=1
symmetry=1
single_window=1
peak-ub=945
buffers=8
windows=41
branches=320
failures=0
obj=682
time=53
buffers=8
windows=41
branches=319
failures=0
obj=625
time=110
buffers=8
windows=41
branches=687
failures=100
obj=593
time=207
buffers=8
windows=41
branches=309
failures=0
obj=538
time=272
buffers=8
windows=41
branches=1045
failures=200
obj=525
time=441
buffers=8
windows=41
branches=1626
failures=412
obj=513
time=680
buffers=8
windows=41
branches=454
failures=78
obj=489
time=763
buffers=8
windows=41
branches=5476
failures=1695
obj=481
time=1507
buffers=8
windows=41
branches=6629
failures=2040
obj=476
time=2448
buffers=8
windows=41
branches=364
failures=43
obj=475
time=2526
buffers=8
windows=41
branches=334
failures=27
obj=474
time=2598
buffers=8
windows=41
branches=19488
failures=7169
obj=473
time=5013
buffers=8
windows=41
branches=6808
failures=2224
obj=468
time=5993
buffers=8
windows=41
branches=5313
failures=1675
obj=464
time=6748
buffers=8
windows=41
branches=16097
failures=5637
obj=462
time=8308
buffers=8
windows=41
branches=11745
failures=4131
obj=461
time=9330
buffers=8
windows=41
branches=132239
failures=53569
obj=460
time=19413
buffers=8
windows=41
branches=56842
failures=22271
obj=459
time=23617
buffers=8
windows=41
branches=612105
failures=258961
obj=457
time=61719
buffers=8
windows=41
branches=458670
failures=190836
obj=456
time=97605
buffers=8
windows=41
branches=828683
failures=351465
obj=454
time=150713
buffers=8
windows=41
branches=352610
failures=147367
obj=452
time=174377
buffers=8
windows=41
branches=571768
failures=243548
obj=448
time=211498
buffers=8
windows=41
branches=1538696
failures=663503
obj=446
time=307452
buffers=8
windows=41
branches=5678042
failures=2527107
obj=443
time=622970
buffers=8
windows=41
branches=45878062
failures=20675552
obj=441
time=3265019
buffers=8
windows=41
branches=5855237
failures=2606201
original_status=TIMEOUT
original_lb=198
obj=441
time=3600000
status=TIMEOUT
real_obj=44.018
real_time=3600000
