global=1
denseranking=1
symmetry=1
single_window=1
peak-ub=1358
buffers=24
windows=41
branches=960
failures=0
obj=984
time=3910
buffers=24
windows=41
branches=956
failures=0
obj=861
time=7786
buffers=24
windows=41
branches=954
failures=0
obj=820
time=11699
buffers=24
windows=41
branches=953
failures=0
obj=770
time=15946
buffers=24
windows=41
branches=947
failures=0
obj=761
time=20405
buffers=24
windows=41
branches=5608
failures=505
obj=753
time=42023
buffers=24
windows=41
branches=5597
failures=500
obj=749
time=63583
buffers=24
windows=41
branches=2035
failures=100
obj=714
time=73377
buffers=24
windows=41
branches=941
failures=0
obj=638
time=78141
buffers=24
windows=41
branches=116480
failures=22900
obj=630
time=497491
buffers=24
windows=41
branches=43752
failures=8203
obj=629
time=671337
buffers=24
windows=41
branches=2912
failures=204
obj=623
time=683965
buffers=24
windows=41
branches=332650
failures=73205
obj=619
time=1967273
buffers=24
windows=41
branches=372644
failures=81772
obj=616
time=3415387
buffers=24
windows=41
branches=45995
failures=8801
original_status=TIMEOUT
original_lb=267
obj=616
time=3600011
status=TIMEOUT
real_obj=73.797
real_time=3600011
