global=0
denseranking=0
symmetry=0
single_window=0
peak-ub=445
buffers=4
windows=5
branches=111
failures=48
obj=394
time=0
buffers=4
windows=5
branches=1097
failures=515
obj=362
time=5
buffers=4
windows=5
branches=1072
failures=503
obj=356
time=10
buffers=4
windows=5
branches=21
failures=3
obj=322
time=10
buffers=4
windows=5
branches=4512969
failures=2238446
obj=316
time=16560
buffers=4
windows=5
branches=102359682
failures=50891460
obj=309
time=389319
buffers=4
windows=5
branches=49408097
failures=24560189
obj=306
time=571199
buffers=4
windows=5
branches=217758048
failures=108303511
original_status=UNSAT
original_lb=156
obj=306
time=1379408
status=OPTIMAL
real_obj=30.573
real_time=1379408
