global=0
denseranking=0
symmetry=0
single_window=0
peak-ub=457
buffers=4
windows=5
branches=16
failures=0
obj=305
time=0
buffers=4
windows=5
branches=21
failures=3
obj=242
time=0
buffers=4
windows=5
branches=26
failures=5
obj=222
time=0
buffers=4
windows=5
branches=261
failures=120
obj=219
time=1
buffers=4
windows=5
branches=5467
failures=2677
obj=216
time=30
buffers=4
windows=5
branches=992098
failures=491917
obj=214
time=4626
buffers=4
windows=5
branches=2027016
failures=1006749
obj=211
time=13437
buffers=4
windows=5
branches=198252
failures=98541
original_status=UNSAT
original_lb=169
obj=211
time=14299
status=OPTIMAL
real_obj=21.023
real_time=14299
