buffers=16
windows=16
args generated-new-16/10.txt 12345 1
original_lb=0.711
time=0.011
obj=0.877
time=0.012
obj=0.871
time=0.013
obj=0.824
time=0.013
obj=0.810
time=0.014
obj=0.801
time=0.015
obj=0.800
time=0.015
obj=0.798
time=0.016
obj=0.791
time=0.016
obj=0.779
time=0.017
obj=0.767
time=0.018
obj=0.766
time=0.019
obj=0.765
time=0.020
obj=0.755
time=0.020
obj=0.751
time=0.021
obj=0.748
time=0.021
obj=0.748
time=0.022
obj=0.737
time=0.023
obj=0.734
time=0.023
obj=0.731
time=0.024
obj=0.717
time=0.025
obj=0.714
time=0.025
obj=0.711
c real margin = 0.289
