buffers=16
windows=4
args generated-new-16/103.txt 12345 1
original_lb=0.720
time=0.004
obj=2.732
time=0.007
obj=1.934
time=0.007
obj=1.169
time=0.009
obj=1.156
time=0.009
obj=1.105
time=0.009
obj=1.041
time=0.010
obj=1.041
time=0.010
obj=1.016
time=0.010
obj=1.012
time=0.011
obj=0.996
time=0.012
obj=0.990
time=0.012
obj=0.972
time=0.013
obj=0.948
time=0.014
obj=0.941
time=0.014
obj=0.923
time=0.015
obj=0.919
time=0.016
obj=0.917
time=0.016
obj=0.912
time=0.017
obj=0.911
time=0.018
obj=0.899
time=0.019
obj=0.890
time=0.019
obj=0.887
time=0.021
obj=0.887
time=0.022
obj=0.877
time=0.023
obj=0.860
time=0.023
obj=0.855
time=0.027
obj=0.849
time=0.027
obj=0.845
time=0.028
obj=0.844
c real margin = 0.156
