buffers=16
windows=12
args generated-new-16/105.txt 12345 1
original_lb=0.624
time=0.006
obj=2.509
time=0.067
obj=1.911
time=0.113
obj=1.909
time=0.113
obj=1.555
time=0.114
obj=1.543
time=0.114
obj=1.372
time=0.114
obj=1.361
time=0.115
obj=1.359
time=0.115
obj=1.246
time=0.115
obj=1.177
time=0.116
obj=1.174
time=0.117
obj=1.166
time=0.117
obj=1.164
time=0.118
obj=1.140
time=0.118
obj=1.139
time=0.119
obj=1.137
time=0.119
obj=1.136
time=0.119
obj=1.113
time=0.120
obj=1.111
time=0.120
obj=1.105
time=0.120
obj=1.083
time=0.121
obj=1.063
time=0.121
obj=1.040
time=0.121
obj=1.014
time=0.122
obj=1.002
time=0.122
obj=0.986
time=0.122
obj=0.979
time=0.123
obj=0.979
time=0.123
obj=0.978
time=0.124
obj=0.975
time=0.124
obj=0.974
time=0.125
obj=0.957
time=0.125
obj=0.946
time=0.126
obj=0.945
time=0.127
obj=0.935
time=0.127
obj=0.935
time=0.128
obj=0.927
time=0.128
obj=0.926
time=0.129
obj=0.918
time=0.129
obj=0.910
time=0.130
obj=0.904
time=0.131
obj=0.903
time=0.131
obj=0.899
time=0.132
obj=0.894
time=0.132
obj=0.889
time=0.133
obj=0.887
time=0.134
obj=0.887
time=0.135
obj=0.886
time=0.136
obj=0.884
time=0.137
obj=0.883
time=0.138
obj=0.882
time=0.138
obj=0.881
time=0.139
obj=0.880
time=0.140
obj=0.869
time=0.142
obj=0.868
time=0.143
obj=0.866
time=0.143
obj=0.865
time=0.145
obj=0.857
time=0.145
obj=0.854
time=0.145
obj=0.848
time=0.148
obj=0.845
time=0.149
obj=0.838
time=0.150
obj=0.830
time=0.151
obj=0.829
time=0.151
obj=0.827
time=0.151
obj=0.822
time=0.157
obj=0.819
time=0.159
obj=0.815
time=0.166
obj=0.810
time=0.166
obj=0.807
time=0.203
obj=0.807
time=0.234
obj=0.805
time=0.234
obj=0.800
time=1.657
obj=0.796
time=1.657
obj=0.796
time=1.657
obj=0.795
time=1.977
obj=0.792
time=114.544
obj=0.791
time=114.545
obj=0.789
time=114.545
obj=0.785
c real margin = 0.215
