buffers=16
windows=16
args generated-new-16/106.txt 12345 1
original_lb=0.639
time=0.006
obj=0.882
time=0.007
obj=0.855
time=0.007
obj=0.853
time=0.008
obj=0.842
time=0.008
obj=0.814
time=0.008
obj=0.793
time=0.009
obj=0.788
time=0.009
obj=0.785
time=0.010
obj=0.776
time=0.010
obj=0.772
time=0.011
obj=0.768
time=0.012
obj=0.767
time=0.012
obj=0.766
time=0.012
obj=0.743
time=0.012
obj=0.740
time=0.013
obj=0.730
time=0.014
obj=0.730
time=0.014
obj=0.728
time=0.015
obj=0.715
time=0.015
obj=0.713
time=0.016
obj=0.705
time=0.017
obj=0.703
time=0.018
obj=0.701
time=0.019
obj=0.698
time=0.019
obj=0.694
time=0.020
obj=0.686
time=0.021
obj=0.685
time=0.022
obj=0.679
time=0.036
obj=0.673
time=0.037
obj=0.667
time=0.038
obj=0.665
time=0.043
obj=0.663
time=0.044
obj=0.660
time=0.051
obj=0.654
time=0.052
obj=0.653
time=0.054
obj=0.647
time=1.000
obj=0.646
time=1.001
obj=0.643
time=1.001
obj=0.643
time=1.001
obj=0.640
time=1.002
obj=0.639
c real margin = 0.361
