buffers=16
windows=16
args generated-new-16/108.txt 12345 1
original_lb=0.674
time=0.007
obj=0.998
time=0.008
obj=0.979
time=0.008
obj=0.943
time=0.009
obj=0.942
time=0.009
obj=0.921
time=0.009
obj=0.899
time=0.010
obj=0.893
time=0.010
obj=0.854
time=0.010
obj=0.850
time=0.011
obj=0.835
time=0.011
obj=0.829
time=0.012
obj=0.828
time=0.013
obj=0.805
time=0.014
obj=0.786
time=0.014
obj=0.780
time=0.015
obj=0.779
time=0.016
obj=0.775
time=0.017
obj=0.774
time=0.018
obj=0.773
time=0.018
obj=0.767
time=0.019
obj=0.765
time=0.019
obj=0.755
time=0.022
obj=0.745
time=0.024
obj=0.743
time=0.024
obj=0.740
time=0.025
obj=0.729
time=0.026
obj=0.719
c real margin = 0.281
