buffers=16
windows=8
args generated-new-16/110.txt 12345 1
original_lb=0.695
time=0.005
obj=0.926
time=0.006
obj=0.923
time=0.007
obj=0.913
time=0.007
obj=0.905
time=0.007
obj=0.899
time=0.008
obj=0.886
time=0.008
obj=0.863
time=0.009
obj=0.857
time=0.009
obj=0.852
time=0.010
obj=0.848
time=0.010
obj=0.818
time=0.011
obj=0.816
time=0.011
obj=0.806
time=0.013
obj=0.800
time=0.013
obj=0.796
time=0.013
obj=0.793
time=0.014
obj=0.791
time=0.014
obj=0.791
time=0.015
obj=0.784
time=0.016
obj=0.784
time=0.016
obj=0.783
time=0.018
obj=0.783
time=0.019
obj=0.773
time=0.019
obj=0.768
time=0.020
obj=0.763
time=0.020
obj=0.754
time=0.021
obj=0.752
time=0.021
obj=0.752
time=0.022
obj=0.746
time=0.023
obj=0.735
time=0.024
obj=0.729
time=0.026
obj=0.726
time=0.027
obj=0.721
time=0.028
obj=0.716
time=0.029
obj=0.716
time=0.029
obj=0.714
time=0.030
obj=0.714
time=0.031
obj=0.713
c real margin = 0.287
