buffers=16
windows=8
args generated-new-16/114.txt 12345 1
original_lb=0.719
time=0.006
obj=1.221
time=0.006
obj=1.129
time=0.006
obj=1.126
time=0.007
obj=1.087
time=0.007
obj=1.067
time=0.008
obj=1.063
time=0.008
obj=1.060
time=0.009
obj=1.056
time=0.009
obj=1.045
time=0.010
obj=1.044
time=0.011
obj=1.031
time=0.011
obj=1.025
time=0.011
obj=1.024
time=0.012
obj=1.002
time=0.013
obj=0.994
time=0.014
obj=0.984
time=0.014
obj=0.979
time=0.014
obj=0.974
time=0.015
obj=0.968
time=0.015
obj=0.955
time=0.015
obj=0.941
time=0.016
obj=0.941
time=0.017
obj=0.934
time=0.017
obj=0.930
time=0.018
obj=0.922
time=0.018
obj=0.903
time=0.019
obj=0.889
time=0.019
obj=0.888
time=0.023
obj=0.888
time=0.024
obj=0.885
c real margin = 0.115
