buffers=16
windows=8
args generated-new-16/115.txt 12345 1
original_lb=0.782
time=0.005
obj=1.364
time=0.005
obj=1.299
time=0.007
obj=1.290
time=0.007
obj=1.278
time=0.009
obj=1.277
time=0.009
obj=1.276
time=0.011
obj=1.275
time=0.012
obj=1.246
time=0.013
obj=1.238
time=0.014
obj=1.237
time=0.015
obj=1.232
time=0.017
obj=1.230
time=0.017
obj=1.228
time=0.017
obj=1.226
time=0.019
obj=1.214
time=0.020
obj=1.206
time=0.021
obj=1.200
time=0.021
obj=1.196
time=0.023
obj=1.188
time=0.024
obj=1.151
time=0.024
obj=1.149
time=0.026
obj=1.149
time=0.028
obj=1.146
time=0.028
obj=1.144
time=0.030
obj=1.142
time=0.033
obj=1.142
time=0.036
obj=1.135
time=0.038
obj=1.133
time=0.040
obj=1.131
time=0.040
obj=1.127
time=0.041
obj=1.127
time=0.041
obj=1.117
time=0.043
obj=1.110
time=0.043
obj=1.100
time=0.045
obj=1.092
time=0.047
obj=1.086
time=0.049
obj=1.085
time=0.050
obj=1.084
time=0.055
obj=1.082
time=0.055
obj=1.080
time=0.057
obj=1.077
time=0.060
obj=1.075
time=0.069
obj=1.075
time=0.069
obj=1.066
time=0.069
obj=1.059
time=0.073
obj=1.057
time=0.074
obj=1.055
time=0.074
obj=1.053
time=0.081
obj=1.053
time=0.082
obj=1.053
time=0.082
obj=1.038
time=0.106
obj=1.007
FAIL AT WINDOW 1
