buffers=16
windows=16
args generated-new-16/116.txt 12345 1
original_lb=0.642
time=0.006
obj=1.038
time=0.007
obj=1.014
time=0.007
obj=1.001
time=0.008
obj=0.983
time=0.008
obj=0.939
time=0.008
obj=0.934
time=0.009
obj=0.927
time=0.009
obj=0.925
time=0.010
obj=0.907
time=0.010
obj=0.907
time=0.011
obj=0.902
time=0.011
obj=0.894
time=0.011
obj=0.883
time=0.012
obj=0.883
time=0.012
obj=0.867
time=0.012
obj=0.852
time=0.013
obj=0.848
time=0.013
obj=0.846
time=0.013
obj=0.836
time=0.014
obj=0.835
time=0.014
obj=0.830
time=0.015
obj=0.827
time=0.015
obj=0.824
time=0.015
obj=0.822
time=0.016
obj=0.812
time=0.016
obj=0.810
time=0.017
obj=0.803
time=0.020
obj=0.800
time=0.020
obj=0.793
time=0.020
obj=0.793
time=0.022
obj=0.792
time=0.022
obj=0.786
c real margin = 0.214
