buffers=16
windows=4
args generated-new-16/119.txt 12345 1
original_lb=0.667
time=0.013
obj=0.864
time=0.016
obj=0.860
time=0.018
obj=0.835
time=0.019
obj=0.828
time=0.022
obj=0.774
time=0.023
obj=0.769
time=0.026
obj=0.765
time=0.030
obj=0.755
time=0.031
obj=0.755
time=0.033
obj=0.753
time=0.035
obj=0.746
time=0.037
obj=0.735
time=0.039
obj=0.730
time=0.045
obj=0.723
time=0.045
obj=0.718
time=0.047
obj=0.716
time=0.049
obj=0.715
time=0.053
obj=0.705
time=0.057
obj=0.704
time=0.058
obj=0.694
c real margin = 0.306
