buffers=16
windows=16
args generated-new-16/120.txt 12345 1
original_lb=0.730
time=0.010
obj=1.124
time=0.011
obj=1.038
time=0.012
obj=1.033
time=0.013
obj=1.029
time=0.014
obj=1.015
time=0.015
obj=1.013
time=0.016
obj=1.012
time=0.017
obj=1.009
time=0.018
obj=1.005
time=0.020
obj=1.001
time=0.021
obj=0.999
time=0.023
obj=0.998
time=0.023
obj=0.996
time=0.025
obj=0.989
time=0.026
obj=0.984
time=0.028
obj=0.984
time=0.029
obj=0.980
time=0.031
obj=0.979
time=0.031
obj=0.974
time=0.033
obj=0.969
time=0.035
obj=0.969
time=0.038
obj=0.964
time=0.040
obj=0.962
time=0.043
obj=0.961
time=0.043
obj=0.955
time=0.044
obj=0.953
time=0.047
obj=0.953
time=0.048
obj=0.950
time=0.052
obj=0.950
time=0.054
obj=0.950
time=0.056
obj=0.948
time=0.058
obj=0.946
time=0.062
obj=0.946
time=0.062
obj=0.943
time=0.063
obj=0.943
time=0.064
obj=0.935
time=0.069
obj=0.934
time=0.074
obj=0.933
time=0.075
obj=0.933
time=0.086
obj=0.933
time=0.087
obj=0.931
time=0.089
obj=0.928
time=0.090
obj=0.922
time=0.133
obj=0.915
time=0.180
obj=0.914
time=0.196
obj=0.913
time=0.196
obj=0.911
time=0.199
obj=0.910
time=0.407
obj=0.909
time=0.408
obj=0.909
time=0.409
obj=0.896
time=0.499
obj=0.895
time=0.500
obj=0.892
c real margin = 0.108
