buffers=16
windows=12
args generated-new-16/121.txt 12345 1
original_lb=0.607
time=0.011
obj=0.971
time=0.013
obj=0.956
time=0.015
obj=0.955
time=0.015
obj=0.949
time=0.016
obj=0.943
time=0.017
obj=0.941
time=0.018
obj=0.939
time=0.019
obj=0.912
time=0.020
obj=0.907
time=0.022
obj=0.897
time=0.024
obj=0.895
time=0.025
obj=0.894
time=0.029
obj=0.893
time=0.029
obj=0.888
time=0.031
obj=0.876
time=0.031
obj=0.872
time=0.032
obj=0.846
time=0.034
obj=0.845
time=0.047
obj=0.844
time=0.049
obj=0.838
time=0.051
obj=0.832
time=0.060
obj=0.830
time=0.060
obj=0.830
time=0.069
obj=0.829
time=0.073
obj=0.828
time=0.078
obj=0.824
time=0.079
obj=0.822
time=0.101
obj=0.815
time=0.104
obj=0.808
time=0.106
obj=0.803
time=0.112
obj=0.802
time=0.112
obj=0.802
time=0.113
obj=0.799
time=0.114
obj=0.795
time=0.850
obj=0.794
c real margin = 0.206
