buffers=16
windows=8
args generated-new-16/123.txt 12345 1
original_lb=0.641
time=0.010
obj=1.024
time=0.012
obj=1.023
time=0.013
obj=1.007
time=0.014
obj=0.992
time=0.015
obj=0.974
time=0.016
obj=0.971
time=0.016
obj=0.947
time=0.017
obj=0.931
time=0.018
obj=0.910
time=0.019
obj=0.905
time=0.020
obj=0.902
time=0.024
obj=0.902
time=0.024
obj=0.901
time=0.026
obj=0.892
time=0.030
obj=0.880
time=0.031
obj=0.879
time=0.034
obj=0.878
time=0.035
obj=0.865
time=0.035
obj=0.862
time=0.037
obj=0.860
time=0.039
obj=0.847
time=0.047
obj=0.841
time=0.047
obj=0.820
time=0.140
obj=0.819
c real margin = 0.181
