buffers=16
windows=16
args generated-new-16/124.txt 12345 1
original_lb=0.646
time=0.009
obj=1.020
time=0.013
obj=1.020
time=0.014
obj=0.999
time=0.015
obj=0.998
time=0.021
obj=0.990
time=0.021
obj=0.986
time=0.030
obj=0.984
time=0.031
obj=0.982
time=0.031
obj=0.968
time=0.039
obj=0.964
time=0.041
obj=0.952
time=0.120
obj=0.951
time=0.121
obj=0.937
time=0.121
obj=0.934
time=0.122
obj=0.931
time=0.151
obj=0.928
time=0.305
obj=0.928
time=0.329
obj=0.927
time=0.402
obj=0.927
time=0.403
obj=0.923
time=0.787
obj=0.921
time=0.787
obj=0.919
time=1.381
obj=0.916
time=1.830
obj=0.916
time=1.830
obj=0.914
time=2.574
obj=0.909
time=3.529
obj=0.904
time=5.140
obj=0.903
time=14.404
obj=0.902
time=14.404
obj=0.901
time=14.405
obj=0.900
time=26.614
obj=0.898
time=27.845
obj=0.895
time=28.546
obj=0.892
time=96.073
obj=0.891
time=273.280
obj=0.890
time=587.189
obj=0.890
time=587.190
obj=0.889
time=640.915
obj=0.887
time=640.915
obj=0.887
time=1033.585
obj=0.885
time=1033.586
obj=0.883
time=2635.029
obj=0.883
c real margin = 0.117
