buffers=16
windows=4
args generated-new-16/127.txt 12345 1
original_lb=0.734
time=0.010
obj=1.103
time=0.011
obj=1.096
time=0.012
obj=1.081
time=0.016
obj=1.078
time=0.017
obj=1.070
time=0.018
obj=1.013
time=0.019
obj=0.983
time=0.020
obj=0.968
time=0.021
obj=0.962
time=0.022
obj=0.927
time=0.024
obj=0.920
time=0.025
obj=0.897
time=0.027
obj=0.894
time=0.028
obj=0.887
time=0.029
obj=0.868
time=0.030
obj=0.842
time=0.032
obj=0.841
time=0.034
obj=0.837
time=0.038
obj=0.835
time=0.040
obj=0.821
time=0.041
obj=0.807
time=0.049
obj=0.804
time=0.052
obj=0.802
time=0.075
obj=0.801
time=0.087
obj=0.797
time=0.087
obj=0.795
time=0.090
obj=0.792
time=0.095
obj=0.783
time=0.100
obj=0.779
time=0.100
obj=0.779
c real margin = 0.221
