buffers=16
windows=4
args generated-new-16/13.txt 12345 1
original_lb=0.570
time=0.004
obj=1.177
time=0.004
obj=1.127
time=0.006
obj=1.115
time=0.006
obj=1.071
time=0.007
obj=1.067
time=0.008
obj=1.021
time=0.008
obj=0.974
time=0.009
obj=0.948
time=0.010
obj=0.939
time=0.011
obj=0.933
time=0.012
obj=0.918
time=0.013
obj=0.913
time=0.014
obj=0.912
time=0.014
obj=0.890
time=0.015
obj=0.860
time=0.017
obj=0.851
time=0.018
obj=0.841
time=0.019
obj=0.827
time=0.019
obj=0.826
time=0.020
obj=0.825
time=0.022
obj=0.810
time=0.027
obj=0.799
time=0.027
obj=0.797
time=0.028
obj=0.785
time=0.030
obj=0.782
time=0.031
obj=0.778
time=0.269
obj=0.775
c real margin = 0.225
