buffers=16
windows=8
args generated-new-16/134.txt 12345 1
original_lb=0.680
time=0.009
obj=0.772
time=0.011
obj=0.771
time=0.011
obj=0.751
time=0.012
obj=0.749
time=0.012
obj=0.745
time=0.013
obj=0.741
time=0.013
obj=0.739
time=0.014
obj=0.737
time=0.015
obj=0.727
time=0.015
obj=0.718
time=0.016
obj=0.709
time=0.017
obj=0.708
time=0.018
obj=0.707
time=0.019
obj=0.704
time=0.021
obj=0.701
time=0.023
obj=0.701
time=0.024
obj=0.700
time=0.026
obj=0.697
time=0.028
obj=0.697
time=0.029
obj=0.694
time=0.031
obj=0.693
time=0.033
obj=0.689
time=0.037
obj=0.688
time=0.037
obj=0.687
time=0.041
obj=0.685
time=0.041
obj=0.684
time=0.042
obj=0.680
c real margin = 0.320
