buffers=16
windows=4
args generated-new-16/137.txt 12345 1
original_lb=0.666
time=0.014
obj=0.981
time=0.016
obj=0.979
time=0.017
obj=0.964
time=0.018
obj=0.961
time=0.020
obj=0.921
time=0.020
obj=0.913
time=0.022
obj=0.892
time=0.024
obj=0.886
time=0.026
obj=0.879
time=0.027
obj=0.861
time=0.029
obj=0.836
time=0.031
obj=0.834
time=0.034
obj=0.831
time=0.037
obj=0.828
time=0.042
obj=0.815
time=0.045
obj=0.814
time=0.046
obj=0.805
time=0.054
obj=0.799
time=0.054
obj=0.797
time=0.056
obj=0.793
time=0.058
obj=0.793
time=0.063
obj=0.786
time=0.064
obj=0.758
c real margin = 0.242
