buffers=16
windows=8
args generated-new-16/138.txt 12345 1
original_lb=0.704
time=0.007
obj=1.116
time=0.009
obj=1.111
time=0.009
obj=1.099
time=0.010
obj=1.090
time=0.012
obj=1.085
time=0.012
obj=1.071
time=0.013
obj=1.069
time=0.014
obj=1.067
time=0.016
obj=1.061
time=0.016
obj=1.053
time=0.017
obj=1.053
time=0.018
obj=1.052
time=0.019
obj=1.027
time=0.020
obj=1.025
time=0.020
obj=1.025
time=0.021
obj=1.024
time=0.024
obj=1.018
time=0.024
obj=1.010
time=0.026
obj=1.008
time=0.027
obj=1.008
time=0.028
obj=1.005
time=0.029
obj=0.995
time=0.029
obj=0.992
time=0.031
obj=0.987
time=0.036
obj=0.987
time=0.037
obj=0.985
time=0.039
obj=0.978
time=0.039
obj=0.966
time=0.045
obj=0.963
time=0.045
obj=0.959
time=0.047
obj=0.957
time=0.052
obj=0.957
time=0.052
obj=0.949
time=0.052
obj=0.946
time=0.054
obj=0.929
time=0.071
obj=0.927
time=0.072
obj=0.927
time=0.073
obj=0.925
time=0.075
obj=0.919
time=0.077
obj=0.919
time=0.077
obj=0.919
time=0.084
obj=0.917
time=0.086
obj=0.914
time=0.173
obj=0.912
time=0.174
obj=0.911
time=0.205
obj=0.911
time=0.205
obj=0.908
time=2.703
obj=0.908
time=12.960
obj=0.907
time=12.960
obj=0.901
time=671.695
obj=0.897
time=671.696
obj=0.893
c real margin = 0.107
