buffers=16
windows=8
args generated-new-16/140.txt 12345 1
original_lb=0.513
time=0.007
obj=0.900
time=0.008
obj=0.884
time=0.008
obj=0.883
time=0.009
obj=0.854
time=0.009
obj=0.836
time=0.009
obj=0.816
time=0.010
obj=0.805
time=0.010
obj=0.796
time=0.011
obj=0.794
time=0.012
obj=0.786
time=0.013
obj=0.785
time=0.014
obj=0.785
time=0.014
obj=0.780
time=0.016
obj=0.773
time=0.018
obj=0.768
time=0.019
obj=0.734
time=0.020
obj=0.733
time=0.023
obj=0.730
time=0.025
obj=0.728
time=0.025
obj=0.728
time=0.025
obj=0.722
time=0.028
obj=0.720
time=0.029
obj=0.705
c real margin = 0.295
