buffers=16
windows=12
args generated-new-16/142.txt 12345 1
original_lb=0.613
time=0.006
obj=1.118
time=0.007
obj=1.084
time=0.007
obj=1.071
time=0.008
obj=1.065
time=0.008
obj=1.062
time=0.009
obj=1.060
time=0.009
obj=1.044
time=0.009
obj=0.994
time=0.010
obj=0.984
time=0.010
obj=0.983
time=0.010
obj=0.979
time=0.011
obj=0.965
time=0.012
obj=0.964
time=0.012
obj=0.940
time=0.012
obj=0.928
time=0.013
obj=0.926
time=0.013
obj=0.918
time=0.014
obj=0.902
time=0.014
obj=0.887
time=0.016
obj=0.885
time=0.016
obj=0.881
time=0.017
obj=0.873
time=0.017
obj=0.858
time=0.019
obj=0.856
time=0.019
obj=0.845
time=0.019
obj=0.841
time=0.020
obj=0.841
time=0.022
obj=0.839
time=0.023
obj=0.826
time=0.024
obj=0.824
time=0.024
obj=0.822
time=0.025
obj=0.821
time=0.030
obj=0.820
time=0.031
obj=0.818
time=0.032
obj=0.817
time=0.041
obj=0.815
time=0.042
obj=0.811
time=0.066
obj=0.805
time=0.066
obj=0.801
time=0.067
obj=0.796
time=0.081
obj=0.790
time=0.081
obj=0.782
time=0.190
obj=0.782
time=0.190
obj=0.780
time=1.798
obj=0.776
time=2.859
obj=0.776
time=2.860
obj=0.773
time=2.919
obj=0.768
time=3.529
obj=0.768
time=3.529
obj=0.766
time=3.529
obj=0.765
c real margin = 0.235
