buffers=16
windows=8
args generated-new-16/144.txt 12345 1
original_lb=0.755
time=0.006
obj=0.870
time=0.008
obj=0.869
time=0.008
obj=0.858
time=0.008
obj=0.853
time=0.009
obj=0.849
time=0.009
obj=0.848
time=0.010
obj=0.836
time=0.011
obj=0.821
time=0.012
obj=0.821
time=0.012
obj=0.817
time=0.013
obj=0.816
time=0.013
obj=0.815
time=0.014
obj=0.814
time=0.015
obj=0.809
time=0.015
obj=0.808
time=0.016
obj=0.802
time=0.018
obj=0.793
time=0.018
obj=0.790
time=0.020
obj=0.789
time=0.020
obj=0.789
time=0.022
obj=0.789
time=0.022
obj=0.789
time=0.022
obj=0.767
time=0.023
obj=0.760
time=0.025
obj=0.760
time=0.025
obj=0.755
c real margin = 0.245
