buffers=16
windows=8
args generated-new-16/146.txt 12345 1
original_lb=0.659
time=0.007
obj=1.025
time=0.008
obj=1.025
time=0.008
obj=1.017
time=0.009
obj=1.015
time=0.009
obj=1.004
time=0.010
obj=1.004
time=0.010
obj=0.999
time=0.011
obj=0.984
time=0.011
obj=0.979
time=0.011
obj=0.960
time=0.012
obj=0.956
time=0.013
obj=0.943
time=0.013
obj=0.942
time=0.014
obj=0.940
time=0.014
obj=0.930
time=0.015
obj=0.917
time=0.015
obj=0.912
time=0.016
obj=0.907
time=0.017
obj=0.905
time=0.017
obj=0.896
time=0.018
obj=0.892
time=0.019
obj=0.885
time=0.020
obj=0.869
time=0.021
obj=0.866
time=0.021
obj=0.858
time=0.022
obj=0.852
time=0.023
obj=0.840
time=0.024
obj=0.839
time=0.025
obj=0.839
time=0.027
obj=0.838
time=0.027
obj=0.834
time=0.028
obj=0.834
time=0.029
obj=0.833
time=0.030
obj=0.832
time=0.031
obj=0.819
time=0.032
obj=0.818
time=0.033
obj=0.810
time=0.033
obj=0.809
time=0.034
obj=0.806
time=0.036
obj=0.795
time=0.046
obj=0.793
time=0.048
obj=0.791
time=0.053
obj=0.786
time=0.054
obj=0.786
time=0.057
obj=0.786
time=0.057
obj=0.785
time=0.057
obj=0.785
time=0.070
obj=0.785
time=0.070
obj=0.771
time=0.105
obj=0.770
time=0.106
obj=0.765
c real margin = 0.235
