buffers=16
windows=16
args generated-new-16/15.txt 12345 1
original_lb=0.579
time=0.014
obj=1.046
time=0.015
obj=1.017
time=0.016
obj=0.975
time=0.017
obj=0.974
time=0.018
obj=0.959
time=0.019
obj=0.958
time=0.020
obj=0.943
time=0.021
obj=0.942
time=0.022
obj=0.929
time=0.023
obj=0.922
time=0.024
obj=0.922
time=0.025
obj=0.912
time=0.026
obj=0.906
time=0.027
obj=0.902
time=0.027
obj=0.895
time=0.029
obj=0.883
time=0.031
obj=0.882
time=0.033
obj=0.869
time=0.034
obj=0.866
time=0.036
obj=0.857
time=0.037
obj=0.856
time=0.039
obj=0.847
time=0.040
obj=0.842
time=0.041
obj=0.830
time=0.042
obj=0.805
time=0.044
obj=0.796
time=0.049
obj=0.794
time=0.050
obj=0.791
time=0.052
obj=0.789
time=0.056
obj=0.788
time=0.060
obj=0.788
time=0.063
obj=0.788
time=0.066
obj=0.787
time=0.068
obj=0.786
time=0.071
obj=0.774
time=0.072
obj=0.774
time=0.076
obj=0.774
time=0.079
obj=0.773
time=0.080
obj=0.770
time=0.082
obj=0.768
time=0.086
obj=0.764
time=0.087
obj=0.761
time=0.088
obj=0.760
time=0.090
obj=0.758
time=0.093
obj=0.754
time=0.093
obj=0.750
time=0.095
obj=0.748
time=0.097
obj=0.748
time=0.098
obj=0.747
time=0.103
obj=0.746
time=0.106
obj=0.745
time=0.113
obj=0.744
time=0.114
obj=0.739
time=0.123
obj=0.736
time=0.190
obj=0.735
time=0.211
obj=0.735
time=0.243
obj=0.735
time=0.244
obj=0.735
time=0.246
obj=0.731
time=0.420
obj=0.730
time=0.590
obj=0.729
time=0.595
obj=0.727
time=0.667
obj=0.726
time=0.701
obj=0.724
time=0.702
obj=0.720
time=0.992
obj=0.716
time=0.993
obj=0.716
time=0.994
obj=0.715
time=1.011
obj=0.712
time=1.643
obj=0.712
time=1.644
obj=0.711
time=2.146
obj=0.708
time=2.427
obj=0.707
time=2.428
obj=0.702
time=2.429
obj=0.701
time=2.441
obj=0.700
c real margin = 0.300
