buffers=16
windows=16
args generated-new-16/153.txt 12345 1
original_lb=0.631
time=0.012
obj=1.042
time=0.014
obj=1.035
time=0.015
obj=0.996
time=0.016
obj=0.995
time=0.017
obj=0.987
time=0.018
obj=0.966
time=0.019
obj=0.962
time=0.021
obj=0.952
time=0.024
obj=0.938
time=0.025
obj=0.933
time=0.027
obj=0.923
time=0.028
obj=0.923
time=0.029
obj=0.920
time=0.031
obj=0.920
time=0.032
obj=0.911
time=0.032
obj=0.911
time=0.034
obj=0.909
time=0.035
obj=0.904
time=0.039
obj=0.904
time=0.040
obj=0.889
time=0.042
obj=0.885
time=0.048
obj=0.884
time=0.049
obj=0.883
time=0.050
obj=0.879
time=0.052
obj=0.876
time=0.053
obj=0.868
time=0.055
obj=0.866
time=0.056
obj=0.865
time=0.058
obj=0.864
time=0.065
obj=0.859
time=0.066
obj=0.850
time=0.067
obj=0.845
time=0.071
obj=0.832
time=0.081
obj=0.826
time=0.123
obj=0.822
time=0.147
obj=0.821
time=0.147
obj=0.800
time=0.662
obj=0.800
time=0.664
obj=0.800
time=0.789
obj=0.800
time=6.204
obj=0.799
time=7.426
obj=0.798
time=7.428
obj=0.798
time=8.833
obj=0.792
time=14.034
obj=0.792
time=39.353
obj=0.791
time=39.889
obj=0.790
c real margin = 0.210
