buffers=16
windows=12
args generated-new-16/154.txt 12345 1
original_lb=0.647
time=0.014
obj=2.581
time=0.194
obj=2.580
time=0.195
obj=2.570
time=0.223
obj=2.563
time=0.266
obj=2.556
time=0.267
obj=2.536
time=0.310
obj=2.516
time=0.311
obj=2.482
time=0.353
obj=2.454
time=0.354
obj=2.337
time=0.396
obj=2.330
time=0.396
obj=2.186
time=0.433
obj=2.184
time=0.434
obj=2.164
time=0.544
obj=1.086
time=0.546
obj=1.083
time=0.548
obj=1.075
time=0.549
obj=1.069
time=0.551
obj=1.056
time=0.551
obj=1.055
time=0.553
obj=1.052
time=0.555
obj=1.052
time=0.556
obj=1.051
time=0.557
obj=1.047
time=0.558
obj=1.040
time=0.559
obj=1.037
time=0.559
obj=1.034
time=0.560
obj=1.031
time=0.561
obj=1.027
time=0.562
obj=1.014
time=0.563
obj=1.012
time=0.564
obj=1.008
time=0.565
obj=1.006
time=0.566
obj=0.995
time=0.567
obj=0.984
time=0.569
obj=0.979
time=0.570
obj=0.973
time=0.571
obj=0.972
time=0.572
obj=0.957
time=0.574
obj=0.956
time=0.575
obj=0.949
time=0.578
obj=0.946
time=0.579
obj=0.936
time=0.580
obj=0.925
time=0.580
obj=0.921
time=0.581
obj=0.913
time=0.584
obj=0.910
time=0.587
obj=0.907
time=0.590
obj=0.901
time=0.593
obj=0.899
time=0.595
obj=0.896
time=0.599
obj=0.894
time=0.604
obj=0.886
time=0.605
obj=0.883
time=0.609
obj=0.882
time=0.615
obj=0.880
time=0.619
obj=0.879
time=0.620
obj=0.877
time=0.621
obj=0.873
time=0.622
obj=0.868
time=0.623
obj=0.867
time=0.630
obj=0.864
time=0.630
obj=0.862
time=0.632
obj=0.859
time=0.649
obj=0.859
time=0.651
obj=0.857
time=0.653
obj=0.841
time=0.884
obj=0.837
time=0.905
obj=0.836
time=0.906
obj=0.831
time=0.996
obj=0.828
time=1.010
obj=0.826
time=1.018
obj=0.826
time=1.595
obj=0.825
time=1.596
obj=0.823
time=1.776
obj=0.823
time=27.031
obj=0.822
time=27.032
obj=0.821
time=40.759
obj=0.820
time=40.760
obj=0.813
time=41.416
obj=0.813
time=41.417
obj=0.813
time=42.279
obj=0.812
time=42.279
obj=0.810
c real margin = 0.190
