buffers=16
windows=8
args generated-new-16/155.txt 12345 1
original_lb=0.608
time=0.011
obj=1.124
time=0.011
obj=1.079
time=0.013
obj=1.068
time=0.017
obj=1.066
time=0.019
obj=1.061
time=0.022
obj=1.044
time=0.024
obj=1.042
time=0.024
obj=1.040
time=0.032
obj=1.038
time=0.036
obj=1.035
time=0.036
obj=1.029
time=0.037
obj=1.016
time=0.046
obj=1.012
time=0.046
obj=1.011
time=0.049
obj=1.010
time=0.057
obj=1.010
time=0.065
obj=1.006
time=0.066
obj=1.005
time=0.072
obj=0.995
time=0.089
obj=0.987
time=0.090
obj=0.985
time=0.095
obj=0.978
time=0.116
obj=0.974
time=0.118
obj=0.961
time=0.146
obj=0.960
time=0.160
obj=0.953
time=0.160
obj=0.952
time=0.257
obj=0.948
time=0.258
obj=0.946
time=2762.560
obj=0.941
time=2762.560
obj=0.940
time=3094.578
obj=0.939
c real margin = 0.061
