buffers=16
windows=12
args generated-new-16/157.txt 12345 1
original_lb=0.642
time=0.012
obj=1.080
time=0.012
obj=1.025
time=0.014
obj=1.023
time=0.014
obj=1.022
time=0.015
obj=1.011
time=0.015
obj=1.008
time=0.015
obj=0.999
time=0.015
obj=0.998
time=0.015
obj=0.982
time=0.015
obj=0.980
time=0.016
obj=0.979
time=0.016
obj=0.970
time=0.018
obj=0.967
time=0.019
obj=0.961
time=0.020
obj=0.960
time=0.022
obj=0.956
time=0.022
obj=0.950
time=0.024
obj=0.949
time=0.026
obj=0.941
time=0.027
obj=0.935
time=0.030
obj=0.934
time=0.030
obj=0.933
time=0.032
obj=0.931
time=0.034
obj=0.922
time=0.035
obj=0.915
time=0.037
obj=0.900
time=0.038
obj=0.898
time=0.040
obj=0.895
time=0.044
obj=0.891
time=0.045
obj=0.891
time=0.050
obj=0.891
time=0.051
obj=0.889
time=0.055
obj=0.888
time=0.059
obj=0.886
time=0.059
obj=0.868
time=0.060
obj=0.865
time=0.061
obj=0.857
time=0.064
obj=0.854
time=0.067
obj=0.852
time=0.068
obj=0.851
time=0.069
obj=0.850
time=0.071
obj=0.847
time=0.073
obj=0.847
time=0.077
obj=0.844
time=0.082
obj=0.843
time=0.084
obj=0.842
time=0.086
obj=0.827
time=0.089
obj=0.824
time=0.093
obj=0.824
time=0.096
obj=0.823
time=0.102
obj=0.823
time=0.104
obj=0.820
time=0.107
obj=0.814
time=0.115
obj=0.806
time=0.117
obj=0.801
time=0.173
obj=0.799
time=0.220
obj=0.797
time=0.220
obj=0.795
time=0.223
obj=0.794
time=0.226
obj=0.793
time=0.271
obj=0.793
time=0.271
obj=0.789
time=0.565
obj=0.789
time=0.566
obj=0.786
time=3.271
obj=0.786
time=11.537
obj=0.785
time=11.538
obj=0.784
time=11.570
obj=0.784
time=11.570
obj=0.783
time=11.669
obj=0.782
time=11.669
obj=0.780
time=171.376
obj=0.779
c real margin = 0.221
