buffers=16
windows=12
args generated-new-16/158.txt 12345 1
original_lb=0.717
time=0.014
obj=0.927
time=0.016
obj=0.885
time=0.017
obj=0.876
time=0.018
obj=0.874
time=0.019
obj=0.863
time=0.019
obj=0.847
time=0.020
obj=0.830
time=0.021
obj=0.828
time=0.022
obj=0.812
time=0.023
obj=0.798
time=0.024
obj=0.788
time=0.025
obj=0.783
time=0.026
obj=0.780
time=0.027
obj=0.769
time=0.028
obj=0.761
time=0.029
obj=0.750
time=0.030
obj=0.746
time=0.031
obj=0.732
time=0.032
obj=0.731
time=0.033
obj=0.728
time=0.034
obj=0.727
time=0.037
obj=0.723
time=0.038
obj=0.721
time=0.040
obj=0.721
time=0.042
obj=0.717
c real margin = 0.283
