buffers=16
windows=12
args generated-new-16/164.txt 12345 1
original_lb=0.655
time=0.016
obj=0.785
time=0.017
obj=0.766
time=0.018
obj=0.766
time=0.020
obj=0.761
time=0.021
obj=0.752
time=0.023
obj=0.750
time=0.024
obj=0.746
time=0.024
obj=0.744
time=0.026
obj=0.742
time=0.027
obj=0.740
time=0.027
obj=0.738
time=0.029
obj=0.731
time=0.030
obj=0.730
time=0.031
obj=0.726
time=0.033
obj=0.725
time=0.034
obj=0.723
time=0.035
obj=0.723
time=0.036
obj=0.714
time=0.037
obj=0.706
time=0.038
obj=0.700
time=0.039
obj=0.695
time=0.040
obj=0.690
time=0.041
obj=0.685
time=0.042
obj=0.666
time=0.044
obj=0.659
time=0.046
obj=0.655
time=0.047
obj=0.655
c real margin = 0.345
