buffers=16
windows=8
args generated-new-16/165.txt 12345 1
original_lb=0.664
time=0.006
obj=0.927
time=0.006
obj=0.909
time=0.007
obj=0.908
time=0.007
obj=0.904
time=0.008
obj=0.896
time=0.008
obj=0.867
time=0.008
obj=0.855
time=0.009
obj=0.849
time=0.009
obj=0.811
time=0.009
obj=0.810
time=0.010
obj=0.809
time=0.010
obj=0.805
time=0.010
obj=0.799
time=0.011
obj=0.798
time=0.011
obj=0.780
time=0.012
obj=0.777
time=0.012
obj=0.773
time=0.013
obj=0.771
time=0.014
obj=0.765
time=0.015
obj=0.759
time=0.015
obj=0.757
time=0.016
obj=0.754
time=0.017
obj=0.754
time=0.018
obj=0.752
time=0.019
obj=0.749
time=0.019
obj=0.745
time=0.020
obj=0.737
time=0.020
obj=0.736
time=0.021
obj=0.735
time=0.021
obj=0.725
time=0.022
obj=0.723
time=0.023
obj=0.722
time=0.024
obj=0.721
time=0.025
obj=0.713
time=0.025
obj=0.710
time=0.026
obj=0.706
time=0.027
obj=0.705
c real margin = 0.295
