buffers=16
windows=12
args generated-new-16/167.txt 12345 1
original_lb=0.569
time=0.014
obj=0.807
time=0.016
obj=0.799
time=0.016
obj=0.779
time=0.018
obj=0.778
time=0.018
obj=0.778
time=0.019
obj=0.778
time=0.020
obj=0.774
time=0.021
obj=0.769
time=0.022
obj=0.760
time=0.023
obj=0.753
time=0.024
obj=0.751
time=0.025
obj=0.713
time=0.025
obj=0.705
time=0.026
obj=0.698
time=0.027
obj=0.681
time=0.029
obj=0.668
time=0.029
obj=0.667
time=0.030
obj=0.660
time=0.032
obj=0.650
time=0.033
obj=0.647
time=0.034
obj=0.644
time=0.035
obj=0.639
time=0.036
obj=0.635
time=0.039
obj=0.632
time=0.040
obj=0.631
time=0.041
obj=0.627
time=0.042
obj=0.627
time=0.044
obj=0.626
time=0.047
obj=0.619
time=0.048
obj=0.619
time=0.049
obj=0.618
time=0.050
obj=0.608
time=0.054
obj=0.607
time=0.054
obj=0.605
time=0.056
obj=0.605
time=0.147
obj=0.598
time=0.148
obj=0.596
time=0.149
obj=0.593
time=0.152
obj=0.591
time=0.165
obj=0.589
time=0.166
obj=0.588
time=0.184
obj=0.585
c real margin = 0.415
