buffers=16
windows=8
args generated-new-16/17.txt 12345 1
original_lb=0.575
time=0.014
obj=0.928
time=0.016
obj=0.896
time=0.017
obj=0.879
time=0.018
obj=0.873
time=0.020
obj=0.860
time=0.021
obj=0.846
time=0.022
obj=0.840
time=0.023
obj=0.840
time=0.024
obj=0.837
time=0.026
obj=0.834
time=0.027
obj=0.788
time=0.028
obj=0.770
time=0.030
obj=0.770
time=0.032
obj=0.758
time=0.034
obj=0.740
time=0.036
obj=0.733
time=0.038
obj=0.730
time=0.039
obj=0.729
time=0.040
obj=0.727
time=0.041
obj=0.722
time=0.044
obj=0.698
time=0.046
obj=0.690
time=0.052
obj=0.688
time=0.052
obj=0.684
time=0.053
obj=0.682
time=0.057
obj=0.680
time=0.058
obj=0.679
time=0.059
obj=0.672
time=0.061
obj=0.666
time=0.065
obj=0.666
time=0.096
obj=0.660
c real margin = 0.340
