buffers=16
windows=16
args generated-new-16/170.txt 12345 1
original_lb=0.678
time=0.011
obj=1.015
time=0.013
obj=1.013
time=0.013
obj=0.975
time=0.014
obj=0.973
time=0.015
obj=0.970
time=0.016
obj=0.950
time=0.017
obj=0.943
time=0.017
obj=0.936
time=0.018
obj=0.933
time=0.018
obj=0.930
time=0.020
obj=0.929
time=0.021
obj=0.923
time=0.023
obj=0.918
time=0.023
obj=0.913
time=0.024
obj=0.911
time=0.025
obj=0.893
time=0.026
obj=0.892
time=0.027
obj=0.889
time=0.028
obj=0.883
time=0.028
obj=0.875
time=0.029
obj=0.861
time=0.030
obj=0.860
time=0.031
obj=0.857
time=0.031
obj=0.854
time=0.032
obj=0.853
time=0.033
obj=0.852
time=0.034
obj=0.851
time=0.035
obj=0.849
time=0.037
obj=0.847
time=0.039
obj=0.846
time=0.040
obj=0.838
time=0.041
obj=0.836
time=0.041
obj=0.824
time=0.042
obj=0.824
time=0.043
obj=0.821
time=0.044
obj=0.818
time=0.048
obj=0.817
time=0.048
obj=0.812
time=0.050
obj=0.808
time=0.051
obj=0.806
time=0.052
obj=0.802
time=0.053
obj=0.798
time=0.055
obj=0.796
time=0.056
obj=0.796
time=0.060
obj=0.795
time=0.061
obj=0.793
time=0.061
obj=0.790
time=0.063
obj=0.786
time=0.071
obj=0.784
time=0.072
obj=0.782
time=0.074
obj=0.780
time=0.074
obj=0.780
time=0.075
obj=0.779
time=0.096
obj=0.779
time=0.096
obj=0.778
time=0.098
obj=0.776
time=0.098
obj=0.776
time=0.100
obj=0.773
time=0.100
obj=0.772
time=0.105
obj=0.770
time=0.106
obj=0.769
time=0.106
obj=0.766
time=0.589
obj=0.766
time=0.589
obj=0.765
time=0.597
obj=0.765
time=0.597
obj=0.763
c real margin = 0.237
