buffers=16
windows=16
args generated-new-16/174.txt 12345 1
original_lb=0.668
time=0.008
obj=1.153
time=0.008
obj=1.090
time=0.009
obj=1.087
time=0.010
obj=1.081
time=0.010
obj=1.071
time=0.011
obj=1.064
time=0.012
obj=1.059
time=0.012
obj=1.057
time=0.013
obj=1.045
time=0.013
obj=1.044
time=0.014
obj=1.043
time=0.014
obj=1.033
time=0.015
obj=1.030
time=0.015
obj=1.028
time=0.016
obj=1.019
time=0.016
obj=1.013
time=0.017
obj=1.012
time=0.017
obj=1.012
time=0.018
obj=1.004
time=0.019
obj=1.001
time=0.020
obj=0.994
time=0.020
obj=0.988
time=0.022
obj=0.987
time=0.022
obj=0.984
time=0.024
obj=0.981
time=0.025
obj=0.976
time=0.025
obj=0.975
time=0.027
obj=0.963
time=0.028
obj=0.961
time=0.028
obj=0.958
time=0.029
obj=0.958
time=0.030
obj=0.945
time=0.032
obj=0.942
time=0.032
obj=0.942
time=0.033
obj=0.937
time=0.034
obj=0.936
time=0.036
obj=0.936
time=0.038
obj=0.927
time=0.038
obj=0.924
time=0.039
obj=0.923
time=0.040
obj=0.919
time=0.040
obj=0.915
time=0.047
obj=0.913
time=0.056
obj=0.912
time=0.056
obj=0.910
time=0.062
obj=0.909
time=0.065
obj=0.906
time=0.066
obj=0.906
time=0.069
obj=0.903
time=0.070
obj=0.902
time=0.071
obj=0.899
time=0.073
obj=0.896
time=0.073
obj=0.896
time=0.076
obj=0.895
time=0.314
obj=0.894
time=0.399
obj=0.894
time=0.399
obj=0.893
time=4.412
obj=0.892
time=4.414
obj=0.891
time=5.848
obj=0.891
time=5.848
obj=0.890
c real margin = 0.110
