buffers=16
windows=16
args generated-new-16/176.txt 12345 1
original_lb=0.607
time=0.009
obj=1.131
time=0.010
obj=1.043
time=0.011
obj=1.038
time=0.012
obj=1.035
time=0.012
obj=1.026
time=0.013
obj=1.021
time=0.014
obj=1.018
time=0.015
obj=1.017
time=0.016
obj=1.014
time=0.017
obj=1.010
time=0.017
obj=1.005
time=0.018
obj=0.995
time=0.018
obj=0.994
time=0.019
obj=0.988
time=0.020
obj=0.985
time=0.020
obj=0.983
time=0.021
obj=0.980
time=0.022
obj=0.973
time=0.022
obj=0.969
time=0.024
obj=0.965
time=0.026
obj=0.961
time=0.026
obj=0.953
time=0.027
obj=0.949
time=0.027
obj=0.933
time=0.028
obj=0.930
time=0.029
obj=0.929
time=0.032
obj=0.929
time=0.033
obj=0.921
time=0.034
obj=0.919
time=0.035
obj=0.918
time=0.036
obj=0.913
time=0.037
obj=0.900
time=0.038
obj=0.897
time=0.042
obj=0.897
time=0.042
obj=0.892
time=0.074
obj=0.886
time=0.074
obj=0.878
time=0.076
obj=0.873
time=0.076
obj=0.872
time=0.077
obj=0.863
time=0.077
obj=0.861
time=0.078
obj=0.861
time=0.079
obj=0.851
time=0.080
obj=0.850
time=1.927
obj=0.850
time=65.927
obj=0.849
time=65.928
obj=0.848
c real margin = 0.152
