buffers=16
windows=12
args generated-new-16/178.txt 12345 1
original_lb=0.707
time=0.013
obj=0.953
time=0.014
obj=0.935
time=0.015
obj=0.930
time=0.016
obj=0.929
time=0.016
obj=0.915
time=0.017
obj=0.896
time=0.018
obj=0.891
time=0.019
obj=0.886
time=0.020
obj=0.877
time=0.020
obj=0.866
time=0.021
obj=0.863
time=0.022
obj=0.856
time=0.023
obj=0.850
time=0.023
obj=0.841
time=0.024
obj=0.837
time=0.025
obj=0.837
time=0.026
obj=0.836
time=0.027
obj=0.832
time=0.028
obj=0.808
time=0.028
obj=0.800
time=0.030
obj=0.780
time=0.030
obj=0.777
time=0.032
obj=0.761
time=0.034
obj=0.759
time=0.036
obj=0.759
time=0.037
obj=0.757
time=0.038
obj=0.756
time=0.039
obj=0.753
time=0.042
obj=0.752
time=0.043
obj=0.748
time=0.044
obj=0.742
time=0.046
obj=0.737
time=0.047
obj=0.736
time=0.050
obj=0.734
time=0.052
obj=0.732
time=0.054
obj=0.726
time=0.055
obj=0.722
time=0.067
obj=0.720
time=0.068
obj=0.716
time=0.068
obj=0.715
time=0.083
obj=0.707
c real margin = 0.293
