buffers=16
windows=8
args generated-new-16/180.txt 12345 1
original_lb=0.737
time=0.011
obj=1.209
time=0.011
obj=1.036
time=0.013
obj=1.009
time=0.014
obj=1.004
time=0.016
obj=1.003
time=0.016
obj=0.943
time=0.017
obj=0.930
time=0.018
obj=0.912
time=0.019
obj=0.885
time=0.020
obj=0.875
time=0.020
obj=0.869
time=0.021
obj=0.868
time=0.022
obj=0.863
time=0.023
obj=0.859
time=0.025
obj=0.858
time=0.029
obj=0.857
time=0.035
obj=0.851
time=0.036
obj=0.845
time=0.037
obj=0.843
time=0.040
obj=0.838
time=0.041
obj=0.836
time=0.046
obj=0.833
time=0.047
obj=0.831
time=0.064
obj=0.830
time=0.065
obj=0.827
time=0.070
obj=0.822
time=0.102
obj=0.822
time=0.103
obj=0.816
time=0.106
obj=0.797
time=0.107
obj=0.794
time=0.115
obj=0.792
time=0.116
obj=0.785
time=0.117
obj=0.784
c real margin = 0.216
