buffers=16
windows=4
args generated-new-16/181.txt 12345 1
original_lb=0.781
time=0.009
obj=1.000
time=0.010
obj=0.987
time=0.011
obj=0.958
time=0.011
obj=0.957
time=0.012
obj=0.955
time=0.013
obj=0.948
time=0.014
obj=0.913
time=0.016
obj=0.909
time=0.017
obj=0.909
time=0.018
obj=0.908
time=0.019
obj=0.902
time=0.020
obj=0.898
time=0.020
obj=0.887
time=0.021
obj=0.880
time=0.023
obj=0.861
time=0.024
obj=0.848
time=0.025
obj=0.842
time=0.026
obj=0.822
time=0.027
obj=0.799
time=0.029
obj=0.796
time=0.030
obj=0.795
time=0.031
obj=0.795
c real margin = 0.205
