buffers=16
windows=12
args generated-new-16/182.txt 12345 1
original_lb=0.554
time=0.010
obj=0.904
time=0.012
obj=0.898
time=0.012
obj=0.882
time=0.013
obj=0.863
time=0.014
obj=0.856
time=0.014
obj=0.854
time=0.015
obj=0.827
time=0.016
obj=0.826
time=0.016
obj=0.823
time=0.017
obj=0.820
time=0.017
obj=0.816
time=0.018
obj=0.795
time=0.019
obj=0.795
time=0.020
obj=0.781
time=0.020
obj=0.778
time=0.021
obj=0.777
time=0.022
obj=0.773
time=0.023
obj=0.772
time=0.023
obj=0.771
time=0.024
obj=0.767
time=0.025
obj=0.761
time=0.026
obj=0.760
time=0.027
obj=0.754
time=0.028
obj=0.752
time=0.029
obj=0.740
time=0.030
obj=0.732
time=0.031
obj=0.729
time=0.032
obj=0.728
time=0.032
obj=0.726
time=0.033
obj=0.721
time=0.034
obj=0.721
time=0.035
obj=0.720
time=0.035
obj=0.718
time=0.036
obj=0.713
time=0.037
obj=0.712
time=0.038
obj=0.689
time=0.040
obj=0.685
time=0.040
obj=0.685
time=0.041
obj=0.682
time=0.048
obj=0.681
time=0.048
obj=0.679
time=0.049
obj=0.672
time=0.050
obj=0.669
time=0.050
obj=0.669
time=0.052
obj=0.667
time=0.053
obj=0.667
time=0.056
obj=0.663
time=0.061
obj=0.660
time=0.065
obj=0.659
time=0.068
obj=0.655
time=0.097
obj=0.652
c real margin = 0.348
