buffers=16
windows=16
args generated-new-16/184.txt 12345 1
original_lb=0.679
time=0.012
obj=1.111
time=0.012
obj=1.028
time=0.015
obj=1.010
time=0.015
obj=1.009
time=0.022
obj=1.008
time=0.022
obj=1.006
time=0.023
obj=1.002
time=0.028
obj=0.994
time=0.029
obj=0.993
time=0.030
obj=0.991
time=0.053
obj=0.991
time=0.054
obj=0.990
time=0.063
obj=0.985
time=0.085
obj=0.982
time=0.392
obj=0.981
time=0.632
obj=0.980
time=0.632
obj=0.979
time=0.632
obj=0.978
time=0.987
obj=0.977
time=0.988
obj=0.977
time=2.593
obj=0.974
time=2.593
obj=0.974
time=45.432
obj=0.973
time=60.435
obj=0.973
time=60.436
obj=0.971
time=73.188
obj=0.969
time=279.624
obj=0.968
time=279.625
obj=0.967
c real margin = 0.033
