buffers=16
windows=16
args generated-new-16/185.txt 12345 1
original_lb=0.656
time=0.010
obj=2.822
time=0.120
obj=2.799
time=0.253
obj=2.652
time=0.382
obj=2.561
time=0.413
obj=2.557
time=0.413
obj=1.428
time=0.414
obj=1.254
time=0.414
obj=1.247
time=0.415
obj=1.230
time=0.415
obj=1.213
time=0.416
obj=1.199
time=0.417
obj=1.191
time=0.418
obj=1.181
time=0.419
obj=1.171
time=0.420
obj=1.170
time=0.421
obj=1.167
time=0.422
obj=1.074
time=0.423
obj=1.060
time=0.423
obj=1.060
time=0.425
obj=1.046
time=0.427
obj=1.038
time=0.427
obj=1.033
time=0.429
obj=1.032
time=0.429
obj=1.012
time=0.430
obj=1.009
time=0.431
obj=0.994
time=0.434
obj=0.991
time=0.435
obj=0.990
time=0.436
obj=0.987
time=0.442
obj=0.985
time=0.443
obj=0.968
time=0.448
obj=0.967
time=0.448
obj=0.964
time=0.455
obj=0.964
time=0.456
obj=0.952
time=0.474
obj=0.949
time=0.475
obj=0.948
time=0.476
obj=0.948
time=0.478
obj=0.924
time=0.478
obj=0.922
time=0.480
obj=0.920
time=0.480
obj=0.918
time=0.499
obj=0.915
time=0.500
obj=0.898
time=2.382
obj=0.897
time=3.046
obj=0.896
time=3.047
obj=0.895
time=3.048
obj=0.895
time=11.564
obj=0.894
time=11.565
obj=0.889
time=68.196
obj=0.886
time=689.698
obj=0.886
c real margin = 0.114
