buffers=16
windows=16
args generated-new-16/186.txt 12345 1
original_lb=0.617
time=0.008
obj=0.970
time=0.009
obj=0.949
time=0.010
obj=0.943
time=0.010
obj=0.939
time=0.011
obj=0.935
time=0.012
obj=0.932
time=0.013
obj=0.932
time=0.013
obj=0.930
time=0.014
obj=0.929
time=0.015
obj=0.925
time=0.015
obj=0.924
time=0.016
obj=0.915
time=0.017
obj=0.906
time=0.017
obj=0.905
time=0.018
obj=0.895
time=0.019
obj=0.891
time=0.019
obj=0.890
time=0.020
obj=0.886
time=0.020
obj=0.883
time=0.021
obj=0.871
time=0.022
obj=0.862
time=0.022
obj=0.861
time=0.024
obj=0.854
time=0.024
obj=0.852
time=0.025
obj=0.849
time=0.025
obj=0.844
time=0.027
obj=0.837
time=0.027
obj=0.835
time=0.028
obj=0.835
time=0.029
obj=0.830
time=0.030
obj=0.830
time=0.031
obj=0.825
time=0.032
obj=0.824
time=0.034
obj=0.818
time=0.034
obj=0.812
time=0.036
obj=0.812
time=0.036
obj=0.811
time=0.037
obj=0.807
time=0.038
obj=0.802
time=0.039
obj=0.799
time=0.039
obj=0.797
time=0.043
obj=0.794
time=0.043
obj=0.790
time=0.044
obj=0.789
time=0.045
obj=0.788
time=0.045
obj=0.779
time=0.055
obj=0.777
time=0.079
obj=0.776
time=0.080
obj=0.774
time=0.081
obj=0.772
time=0.082
obj=0.771
time=0.165
obj=0.761
time=0.165
obj=0.760
time=0.187
obj=0.756
time=0.188
obj=0.754
time=0.189
obj=0.754
time=0.189
obj=0.753
time=3.615
obj=0.751
time=5.321
obj=0.745
time=5.322
obj=0.744
time=5.681
obj=0.744
c real margin = 0.256
