buffers=16
windows=12
args generated-new-16/187.txt 12345 1
original_lb=0.630
time=0.012
obj=1.031
time=0.014
obj=1.014
time=0.016
obj=1.004
time=0.017
obj=1.001
time=0.018
obj=0.999
time=0.019
obj=0.978
time=0.020
obj=0.977
time=0.021
obj=0.967
time=0.023
obj=0.957
time=0.024
obj=0.949
time=0.026
obj=0.943
time=0.026
obj=0.942
time=0.028
obj=0.938
time=0.029
obj=0.934
time=0.030
obj=0.930
time=0.031
obj=0.923
time=0.032
obj=0.919
time=0.033
obj=0.910
time=0.034
obj=0.908
time=0.034
obj=0.908
time=0.035
obj=0.907
time=0.035
obj=0.899
time=0.036
obj=0.898
time=0.037
obj=0.886
time=0.037
obj=0.884
time=0.038
obj=0.880
time=0.039
obj=0.871
time=0.040
obj=0.870
time=0.042
obj=0.864
time=0.043
obj=0.861
time=0.045
obj=0.857
time=0.049
obj=0.852
time=0.049
obj=0.849
time=0.050
obj=0.838
time=0.054
obj=0.837
time=0.055
obj=0.829
time=0.071
obj=0.828
time=0.074
obj=0.824
time=0.077
obj=0.820
time=0.077
obj=0.814
time=0.079
obj=0.808
c real margin = 0.192
