buffers=16
windows=16
args generated-new-16/188.txt 12345 1
original_lb=0.634
time=0.011
obj=1.152
time=0.011
obj=1.031
time=0.011
obj=1.026
time=0.011
obj=1.024
time=0.011
obj=1.016
time=0.011
obj=1.014
time=0.012
obj=1.011
time=0.012
obj=1.008
time=0.014
obj=1.005
time=0.016
obj=1.005
time=0.018
obj=1.005
time=0.020
obj=1.004
time=0.020
obj=0.994
time=0.023
obj=0.993
time=0.024
obj=0.990
time=0.025
obj=0.990
time=0.027
obj=0.988
time=0.028
obj=0.985
time=0.030
obj=0.981
time=0.031
obj=0.977
time=0.032
obj=0.974
time=0.034
obj=0.970
time=0.036
obj=0.966
time=0.038
obj=0.966
time=0.044
obj=0.962
time=0.045
obj=0.962
time=0.046
obj=0.962
time=0.049
obj=0.961
time=0.050
obj=0.956
time=0.052
obj=0.956
time=0.053
obj=0.954
time=0.054
obj=0.953
time=0.054
obj=0.953
time=0.055
obj=0.946
time=0.057
obj=0.945
time=0.058
obj=0.938
time=0.066
obj=0.935
time=0.072
obj=0.934
time=0.072
obj=0.932
time=0.073
obj=0.930
time=0.078
obj=0.929
time=0.080
obj=0.928
time=0.081
obj=0.919
time=0.091
obj=0.918
time=0.161
obj=0.915
time=0.183
obj=0.910
time=0.195
obj=0.909
time=0.195
obj=0.908
time=0.240
obj=0.906
time=0.245
obj=0.906
time=0.276
obj=0.906
time=0.277
obj=0.903
time=0.280
obj=0.898
time=0.405
obj=0.898
time=0.405
obj=0.896
time=0.406
obj=0.895
time=0.839
obj=0.895
time=0.840
obj=0.894
time=2.895
obj=0.893
time=2.895
obj=0.890
time=2.898
obj=0.887
time=96.374
obj=0.886
c real margin = 0.114
