buffers=16
windows=16
args generated-new-16/19.txt 12345 1
original_lb=0.675
time=0.013
obj=1.200
time=0.013
obj=1.133
time=0.016
obj=1.124
time=0.018
obj=1.123
time=0.019
obj=1.107
time=0.022
obj=1.104
time=0.023
obj=1.100
time=0.026
obj=1.097
time=0.027
obj=1.093
time=0.029
obj=1.088
time=0.030
obj=1.085
time=0.032
obj=1.085
time=0.034
obj=1.083
time=0.035
obj=1.082
time=0.036
obj=1.080
time=0.038
obj=1.080
time=0.040
obj=1.077
time=0.041
obj=1.070
time=0.042
obj=1.065
time=0.047
obj=1.064
time=0.048
obj=1.064
time=0.048
obj=1.050
time=0.053
obj=1.046
time=0.055
obj=1.045
time=0.057
obj=1.044
time=0.058
obj=1.042
time=0.059
obj=1.038
time=0.065
obj=1.036
time=0.067
obj=1.035
time=0.074
obj=1.034
time=0.075
obj=1.033
time=0.079
obj=1.031
time=0.080
obj=1.028
time=0.082
obj=1.028
time=0.099
obj=1.027
time=0.099
obj=1.025
time=0.101
obj=1.018
time=0.105
obj=1.014
time=0.106
obj=1.012
time=0.119
obj=1.011
time=0.119
obj=1.011
time=0.122
obj=1.010
time=0.123
obj=1.007
time=0.131
obj=1.005
time=0.132
obj=0.999
time=0.133
obj=0.996
c real margin = 0.004
