buffers=16
windows=8
args generated-new-16/190.txt 12345 1
original_lb=0.621
time=0.014
obj=0.800
time=0.017
obj=0.759
time=0.018
obj=0.748
time=0.018
obj=0.695
time=0.018
obj=0.695
time=0.019
obj=0.694
time=0.020
obj=0.687
time=0.022
obj=0.681
time=0.023
obj=0.665
time=0.024
obj=0.662
time=0.026
obj=0.662
time=0.027
obj=0.660
time=0.029
obj=0.646
time=0.031
obj=0.639
time=0.035
obj=0.637
time=0.041
obj=0.635
time=0.045
obj=0.634
time=0.047
obj=0.632
time=0.052
obj=0.630
time=0.053
obj=0.629
time=0.057
obj=0.622
time=0.059
obj=0.621
c real margin = 0.379
