buffers=16
windows=12
args generated-new-16/192.txt 12345 1
original_lb=0.713
time=0.016
obj=0.946
time=0.018
obj=0.945
time=0.020
obj=0.941
time=0.021
obj=0.920
time=0.022
obj=0.910
time=0.023
obj=0.908
time=0.025
obj=0.908
time=0.025
obj=0.904
time=0.026
obj=0.902
time=0.028
obj=0.895
time=0.029
obj=0.892
time=0.030
obj=0.892
time=0.031
obj=0.877
time=0.032
obj=0.876
time=0.033
obj=0.876
time=0.034
obj=0.872
time=0.035
obj=0.871
time=0.036
obj=0.869
time=0.039
obj=0.867
time=0.041
obj=0.857
time=0.044
obj=0.857
time=0.045
obj=0.856
time=0.048
obj=0.851
time=0.049
obj=0.848
time=0.050
obj=0.846
time=0.054
obj=0.842
time=0.055
obj=0.840
time=0.056
obj=0.830
time=0.057
obj=0.827
time=0.058
obj=0.821
time=0.059
obj=0.819
time=0.059
obj=0.816
time=0.060
obj=0.810
time=0.061
obj=0.807
time=0.062
obj=0.805
time=0.064
obj=0.801
time=0.066
obj=0.798
time=0.068
obj=0.794
time=0.072
obj=0.793
time=0.073
obj=0.791
time=0.074
obj=0.782
c real margin = 0.218
