buffers=16
windows=16
args generated-new-16/193.txt 12345 1
original_lb=0.602
time=0.011
obj=1.178
time=0.011
obj=1.161
time=0.016
obj=1.160
time=0.017
obj=1.146
time=0.018
obj=1.138
time=0.020
obj=1.135
time=0.027
obj=1.134
time=0.038
obj=1.133
time=0.038
obj=1.133
time=0.044
obj=1.131
time=0.045
obj=1.128
time=0.058
obj=1.128
time=0.067
obj=1.127
time=0.071
obj=1.122
time=0.086
obj=1.122
time=0.087
obj=1.120
time=0.090
obj=1.120
time=0.091
obj=1.119
time=0.095
obj=1.119
time=0.095
obj=1.118
time=0.107
obj=1.117
time=0.117
obj=1.117
time=0.117
obj=1.109
time=0.119
obj=1.106
time=0.140
obj=1.105
time=0.147
obj=1.102
time=0.148
obj=1.097
time=0.153
obj=1.097
time=0.154
obj=1.096
time=0.211
obj=1.040
FAIL AT WINDOW 2
