buffers=16
windows=12
args generated-new-16/194.txt 12345 1
original_lb=0.771
time=0.009
obj=1.014
time=0.011
obj=1.011
time=0.012
obj=0.999
time=0.013
obj=0.980
time=0.015
obj=0.974
time=0.015
obj=0.972
time=0.017
obj=0.964
time=0.018
obj=0.961
time=0.018
obj=0.951
time=0.019
obj=0.943
time=0.023
obj=0.943
time=0.024
obj=0.932
time=0.028
obj=0.929
time=0.030
obj=0.926
time=0.031
obj=0.915
time=0.032
obj=0.910
time=0.033
obj=0.909
time=0.050
obj=0.908
time=0.050
obj=0.906
time=0.060
obj=0.905
time=0.065
obj=0.896
time=0.098
obj=0.896
time=0.104
obj=0.896
time=0.107
obj=0.895
time=0.143
obj=0.895
time=0.144
obj=0.894
time=0.252
obj=0.893
time=0.252
obj=0.891
time=0.260
obj=0.890
time=0.261
obj=0.888
time=0.413
obj=0.886
time=0.414
obj=0.885
time=0.448
obj=0.885
time=0.448
obj=0.884
time=0.471
obj=0.881
time=0.475
obj=0.869
time=0.600
obj=0.862
time=0.600
obj=0.862
time=0.905
obj=0.861
time=6.251
obj=0.860
time=8.963
obj=0.860
time=8.964
obj=0.859
time=13.846
obj=0.858
time=13.847
obj=0.857
time=18.376
obj=0.857
time=18.378
obj=0.857
time=149.321
obj=0.857
time=199.422
obj=0.856
time=412.210
obj=0.856
time=412.210
obj=0.855
time=504.342
obj=0.855
time=580.075
obj=0.855
time=580.076
obj=0.845
time=580.077
obj=0.844
time=620.616
obj=0.843
time=620.616
obj=0.840
time=686.512
obj=0.840
time=686.512
obj=0.839
time=1537.169
obj=0.838
time=1537.169
obj=0.834
c real margin = 0.166
