buffers=16
windows=8
args generated-new-16/197.txt 12345 1
original_lb=0.613
time=0.007
obj=1.118
time=0.007
obj=1.053
time=0.010
obj=1.046
time=0.011
obj=1.042
time=0.013
obj=1.039
time=0.013
obj=1.035
time=0.016
obj=1.029
time=0.017
obj=1.026
time=0.018
obj=1.025
time=0.021
obj=1.009
time=0.023
obj=1.007
time=0.024
obj=1.007
time=0.025
obj=1.004
time=0.028
obj=1.001
time=0.030
obj=0.988
time=0.033
obj=0.958
time=0.034
obj=0.957
time=0.039
obj=0.954
time=0.040
obj=0.952
time=0.043
obj=0.941
time=0.061
obj=0.941
time=0.097
obj=0.938
time=0.099
obj=0.930
time=0.100
obj=0.929
time=0.101
obj=0.926
time=0.102
obj=0.914
time=0.102
obj=0.909
c real margin = 0.091
