buffers=16
windows=16
args generated-new-16/198.txt 12345 1
original_lb=0.684
time=0.014
obj=1.104
time=0.014
obj=1.021
time=0.016
obj=1.018
time=0.019
obj=1.010
time=0.019
obj=1.005
time=0.020
obj=0.984
time=0.021
obj=0.978
time=0.022
obj=0.965
time=0.023
obj=0.964
time=0.024
obj=0.961
time=0.025
obj=0.960
time=0.028
obj=0.958
time=0.029
obj=0.956
time=0.030
obj=0.926
time=0.032
obj=0.919
time=0.034
obj=0.913
time=0.037
obj=0.905
time=0.040
obj=0.903
time=0.041
obj=0.903
time=0.044
obj=0.898
time=0.046
obj=0.897
time=0.052
obj=0.892
time=0.053
obj=0.883
time=0.053
obj=0.881
time=0.054
obj=0.877
time=0.061
obj=0.866
time=0.081
obj=0.865
time=0.082
obj=0.860
time=0.094
obj=0.851
time=0.105
obj=0.847
time=0.117
obj=0.847
time=0.123
obj=0.844
time=1.657
obj=0.843
time=1.674
obj=0.840
time=1.696
obj=0.835
c real margin = 0.165
