buffers=16
windows=12
args generated-new-16/20.txt 12345 1
original_lb=0.580
time=0.017
obj=0.905
time=0.021
obj=0.893
time=0.022
obj=0.887
time=0.024
obj=0.879
time=0.026
obj=0.866
time=0.027
obj=0.851
time=0.028
obj=0.837
time=0.030
obj=0.836
time=0.032
obj=0.835
time=0.034
obj=0.834
time=0.036
obj=0.816
time=0.038
obj=0.808
time=0.040
obj=0.804
time=0.043
obj=0.801
time=0.043
obj=0.794
time=0.045
obj=0.793
time=0.047
obj=0.790
time=0.048
obj=0.784
time=0.049
obj=0.783
time=0.051
obj=0.782
time=0.054
obj=0.781
time=0.055
obj=0.779
time=0.058
obj=0.778
time=0.059
obj=0.772
time=0.061
obj=0.767
time=0.064
obj=0.764
time=0.066
obj=0.763
time=0.069
obj=0.749
time=0.072
obj=0.744
time=0.073
obj=0.740
time=0.077
obj=0.739
time=0.081
obj=0.738
time=0.084
obj=0.736
time=0.088
obj=0.734
time=0.089
obj=0.727
time=0.092
obj=0.721
time=0.093
obj=0.721
time=0.095
obj=0.717
time=0.098
obj=0.715
time=0.103
obj=0.707
time=0.104
obj=0.704
time=0.105
obj=0.700
time=0.106
obj=0.699
c real margin = 0.301
