buffers=16
windows=8
args generated-new-16/22.txt 12345 1
original_lb=0.723
time=0.007
obj=1.115
time=0.008
obj=1.083
time=0.008
obj=1.042
time=0.008
obj=1.024
time=0.009
obj=1.010
time=0.009
obj=1.005
time=0.010
obj=1.003
time=0.010
obj=0.993
time=0.010
obj=0.959
time=0.011
obj=0.934
time=0.012
obj=0.931
time=0.012
obj=0.911
time=0.013
obj=0.907
time=0.014
obj=0.901
time=0.015
obj=0.899
time=0.016
obj=0.894
time=0.017
obj=0.886
time=0.018
obj=0.868
time=0.020
obj=0.852
time=0.022
obj=0.843
time=0.024
obj=0.837
time=0.025
obj=0.807
time=0.025
obj=0.805
time=0.028
obj=0.801
time=0.029
obj=0.799
time=0.031
obj=0.796
time=0.040
obj=0.795
time=0.040
obj=0.793
time=0.042
obj=0.785
time=0.047
obj=0.774
time=0.066
obj=0.773
time=0.066
obj=0.769
time=50.976
obj=0.769
time=723.346
obj=0.768
time=723.346
obj=0.764
time=723.352
obj=0.756
time=723.352
obj=0.755
time=729.386
obj=0.755
time=729.386
obj=0.751
time=2762.260
obj=0.750
time=2762.698
obj=0.750
time=2762.699
obj=0.749
c real margin = 0.251
