buffers=16
windows=12
args generated-new-16/30.txt 12345 1
original_lb=0.678
time=0.006
obj=1.041
time=0.007
obj=1.003
time=0.008
obj=0.992
time=0.008
obj=0.966
time=0.008
obj=0.957
time=0.009
obj=0.951
time=0.010
obj=0.942
time=0.011
obj=0.939
time=0.011
obj=0.939
time=0.012
obj=0.937
time=0.012
obj=0.936
time=0.014
obj=0.933
time=0.015
obj=0.932
time=0.016
obj=0.922
time=0.016
obj=0.919
time=0.016
obj=0.915
time=0.018
obj=0.914
time=0.018
obj=0.909
time=0.019
obj=0.909
time=0.020
obj=0.901
time=0.020
obj=0.896
time=0.021
obj=0.886
time=0.023
obj=0.886
time=0.023
obj=0.885
time=0.024
obj=0.880
time=0.025
obj=0.875
time=0.025
obj=0.874
time=0.025
obj=0.867
time=0.026
obj=0.865
time=0.026
obj=0.865
time=0.027
obj=0.863
time=0.029
obj=0.860
time=0.029
obj=0.848
time=0.029
obj=0.844
time=0.030
obj=0.842
time=0.032
obj=0.836
time=0.034
obj=0.831
time=0.034
obj=0.831
time=0.035
obj=0.830
time=0.035
obj=0.830
time=0.037
obj=0.821
time=0.041
obj=0.818
time=0.043
obj=0.817
time=0.044
obj=0.815
time=0.045
obj=0.807
time=0.046
obj=0.804
time=0.046
obj=0.803
time=0.085
obj=0.800
time=0.086
obj=0.795
time=0.087
obj=0.794
time=0.088
obj=0.792
time=0.209
obj=0.792
time=0.236
obj=0.791
time=0.236
obj=0.788
time=0.269
obj=0.783
time=0.271
obj=0.780
time=0.273
obj=0.775
c real margin = 0.225
