buffers=16
windows=16
args generated-new-16/32.txt 12345 1
original_lb=0.626
time=0.008
obj=0.915
time=0.009
obj=0.831
time=0.009
obj=0.817
time=0.010
obj=0.807
time=0.010
obj=0.788
time=0.010
obj=0.776
time=0.011
obj=0.771
time=0.011
obj=0.766
time=0.011
obj=0.758
time=0.012
obj=0.738
time=0.012
obj=0.730
time=0.013
obj=0.729
time=0.013
obj=0.714
time=0.014
obj=0.698
time=0.014
obj=0.680
time=0.014
obj=0.668
time=0.015
obj=0.664
time=0.015
obj=0.662
time=0.016
obj=0.653
time=0.016
obj=0.653
time=0.017
obj=0.651
time=0.017
obj=0.649
time=0.018
obj=0.646
time=0.019
obj=0.645
time=0.019
obj=0.641
time=0.020
obj=0.641
time=0.021
obj=0.631
time=0.022
obj=0.629
time=0.023
obj=0.626
c real margin = 0.374
