buffers=16
windows=16
args generated-new-16/34.txt 12345 1
original_lb=0.703
time=0.005
obj=0.966
time=0.006
obj=0.958
time=0.006
obj=0.941
time=0.006
obj=0.936
time=0.006
obj=0.928
time=0.006
obj=0.920
time=0.007
obj=0.898
time=0.007
obj=0.864
time=0.007
obj=0.842
time=0.008
obj=0.822
time=0.008
obj=0.820
time=0.009
obj=0.817
time=0.009
obj=0.815
time=0.009
obj=0.794
time=0.010
obj=0.792
time=0.010
obj=0.790
time=0.011
obj=0.783
time=0.011
obj=0.783
time=0.011
obj=0.766
time=0.012
obj=0.765
time=0.012
obj=0.764
time=0.013
obj=0.762
time=0.014
obj=0.752
time=0.014
obj=0.747
time=0.015
obj=0.736
time=0.015
obj=0.721
time=0.016
obj=0.721
time=0.016
obj=0.720
time=0.017
obj=0.714
time=0.018
obj=0.709
time=0.019
obj=0.706
time=0.020
obj=0.703
c real margin = 0.297
