buffers=16
windows=12
args generated-new-16/35.txt 12345 1
original_lb=0.701
time=0.007
obj=1.031
time=0.007
obj=1.001
time=0.007
obj=0.999
time=0.008
obj=0.994
time=0.009
obj=0.979
time=0.009
obj=0.921
time=0.009
obj=0.903
time=0.010
obj=0.891
time=0.010
obj=0.889
time=0.010
obj=0.887
time=0.011
obj=0.870
time=0.011
obj=0.869
time=0.012
obj=0.867
time=0.012
obj=0.864
time=0.013
obj=0.862
time=0.013
obj=0.857
time=0.014
obj=0.843
time=0.014
obj=0.823
time=0.015
obj=0.813
time=0.015
obj=0.802
time=0.016
obj=0.802
c real margin = 0.198
