buffers=16
windows=8
args generated-new-16/36.txt 12345 1
original_lb=0.688
time=0.003
obj=1.017
time=0.004
obj=1.012
time=0.006
obj=1.006
time=0.008
obj=0.997
time=0.009
obj=0.984
time=0.009
obj=0.983
time=0.010
obj=0.974
time=0.012
obj=0.967
time=0.014
obj=0.960
time=0.014
obj=0.956
time=0.015
obj=0.949
time=0.019
obj=0.948
time=0.019
obj=0.948
time=0.020
obj=0.945
time=0.029
obj=0.942
time=0.029
obj=0.942
time=0.030
obj=0.936
time=0.031
obj=0.931
time=0.031
obj=0.920
time=0.032
obj=0.918
time=0.033
obj=0.917
time=0.069
obj=0.915
time=0.074
obj=0.914
time=0.074
obj=0.904
time=0.076
obj=0.896
time=0.102
obj=0.895
time=0.102
obj=0.887
time=2.528
obj=0.887
time=2.528
obj=0.875
time=81.430
obj=0.875
time=81.431
obj=0.874
time=2560.818
obj=0.872
c real margin = 0.128
