buffers=16
windows=8
args generated-new-16/37.txt 12345 1
original_lb=0.648
time=0.007
obj=0.739
time=0.009
obj=0.732
time=0.009
obj=0.713
time=0.009
obj=0.710
time=0.011
obj=0.710
time=0.012
obj=0.702
time=0.012
obj=0.697
time=0.012
obj=0.695
time=0.014
obj=0.687
time=0.015
obj=0.682
time=0.015
obj=0.679
time=0.016
obj=0.674
time=0.017
obj=0.674
time=0.017
obj=0.666
time=0.018
obj=0.665
time=0.019
obj=0.662
time=0.019
obj=0.661
time=0.020
obj=0.660
time=0.022
obj=0.656
time=0.023
obj=0.653
time=0.024
obj=0.650
time=0.026
obj=0.650
time=0.027
obj=0.648
c real margin = 0.352
