buffers=16
windows=8
args generated-new-16/39.txt 12345 1
original_lb=0.677
time=0.006
obj=0.948
time=0.007
obj=0.927
time=0.007
obj=0.889
time=0.008
obj=0.880
time=0.008
obj=0.865
time=0.009
obj=0.835
time=0.009
obj=0.820
time=0.010
obj=0.774
time=0.010
obj=0.771
time=0.011
obj=0.761
time=0.011
obj=0.742
time=0.012
obj=0.741
time=0.012
obj=0.740
time=0.013
obj=0.725
time=0.013
obj=0.722
time=0.015
obj=0.719
time=0.016
obj=0.717
time=0.018
obj=0.708
time=0.019
obj=0.708
time=0.021
obj=0.704
time=0.025
obj=0.703
time=0.025
obj=0.695
time=0.026
obj=0.687
time=0.030
obj=0.683
time=0.039
obj=0.683
time=0.039
obj=0.677
c real margin = 0.323
