buffers=16
windows=16
args generated-new-16/41.txt 12345 1
original_lb=0.631
time=0.005
obj=0.999
time=0.006
obj=0.992
time=0.006
obj=0.987
time=0.006
obj=0.984
time=0.007
obj=0.969
time=0.007
obj=0.963
time=0.008
obj=0.956
time=0.008
obj=0.945
time=0.009
obj=0.942
time=0.010
obj=0.941
time=0.011
obj=0.930
time=0.012
obj=0.927
time=0.012
obj=0.920
time=0.013
obj=0.916
time=0.014
obj=0.911
time=0.015
obj=0.908
time=0.015
obj=0.906
time=0.016
obj=0.897
time=0.018
obj=0.896
time=0.019
obj=0.892
time=0.019
obj=0.887
time=0.021
obj=0.885
time=0.022
obj=0.884
time=0.024
obj=0.883
time=0.025
obj=0.877
time=0.026
obj=0.875
time=0.027
obj=0.875
time=0.029
obj=0.874
time=0.029
obj=0.868
time=0.030
obj=0.867
time=0.030
obj=0.866
time=0.031
obj=0.864
time=0.032
obj=0.864
time=0.033
obj=0.862
time=0.039
obj=0.862
time=0.041
obj=0.861
time=0.044
obj=0.860
time=0.048
obj=0.859
time=0.056
obj=0.857
time=0.056
obj=0.852
time=0.056
obj=0.850
time=0.063
obj=0.850
time=0.070
obj=0.849
time=0.074
obj=0.846
time=0.075
obj=0.845
time=0.076
obj=0.843
time=0.076
obj=0.842
time=0.078
obj=0.839
time=0.078
obj=0.837
time=0.079
obj=0.832
time=0.080
obj=0.831
time=0.081
obj=0.819
time=0.085
obj=0.817
time=0.086
obj=0.817
time=0.086
obj=0.805
time=3.250
obj=0.805
time=5.462
obj=0.805
time=5.463
obj=0.805
time=19.473
obj=0.804
time=19.473
obj=0.801
time=20.085
obj=0.800
time=20.274
obj=0.800
time=20.274
obj=0.798
c real margin = 0.202
