buffers=16
windows=4
args generated-new-16/43.txt 12345 1
original_lb=0.670
time=0.007
obj=0.960
time=0.008
obj=0.930
time=0.010
obj=0.915
time=0.010
obj=0.883
time=0.011
obj=0.865
time=0.013
obj=0.859
time=0.014
obj=0.844
time=0.016
obj=0.823
time=0.017
obj=0.787
time=0.018
obj=0.774
time=0.019
obj=0.771
time=0.021
obj=0.771
time=0.022
obj=0.767
time=0.025
obj=0.766
time=0.034
obj=0.763
time=0.036
obj=0.757
time=0.041
obj=0.747
time=0.041
obj=0.741
time=0.042
obj=0.732
time=0.044
obj=0.728
c real margin = 0.272
