buffers=16
windows=16
args generated-new-16/46.txt 12345 1
original_lb=0.572
time=0.015
obj=0.947
time=0.017
obj=0.925
time=0.018
obj=0.835
time=0.019
obj=0.826
time=0.020
obj=0.822
time=0.021
obj=0.803
time=0.022
obj=0.800
time=0.023
obj=0.795
time=0.024
obj=0.740
time=0.025
obj=0.726
time=0.026
obj=0.724
time=0.027
obj=0.712
time=0.028
obj=0.707
time=0.031
obj=0.706
time=0.032
obj=0.701
time=0.033
obj=0.689
time=0.033
obj=0.671
time=0.037
obj=0.664
time=0.040
obj=0.663
time=0.043
obj=0.662
time=0.044
obj=0.662
time=0.046
obj=0.653
time=0.051
obj=0.645
time=0.052
obj=0.642
time=0.053
obj=0.639
time=0.054
obj=0.634
time=0.055
obj=0.623
time=0.056
obj=0.622
time=0.058
obj=0.618
time=0.059
obj=0.611
time=0.060
obj=0.608
time=0.061
obj=0.606
time=0.062
obj=0.606
time=0.071
obj=0.605
time=0.072
obj=0.604
time=0.072
obj=0.602
time=0.073
obj=0.601
time=0.078
obj=0.587
time=0.079
obj=0.586
time=0.110
obj=0.581
time=0.111
obj=0.572
c real margin = 0.428
