buffers=16
windows=12
args generated-new-16/47.txt 12345 1
original_lb=0.664
time=0.014
obj=1.068
time=0.015
obj=1.010
time=0.017
obj=1.000
time=0.019
obj=0.990
time=0.022
obj=0.990
time=0.023
obj=0.965
time=0.024
obj=0.960
time=0.026
obj=0.959
time=0.027
obj=0.959
time=0.029
obj=0.956
time=0.032
obj=0.954
time=0.034
obj=0.946
time=0.036
obj=0.926
time=0.037
obj=0.922
time=0.040
obj=0.918
time=0.043
obj=0.915
time=0.044
obj=0.907
time=0.047
obj=0.899
time=0.048
obj=0.896
time=0.049
obj=0.879
time=0.050
obj=0.871
time=0.054
obj=0.870
time=0.167
obj=0.869
time=0.168
obj=0.866
time=0.210
obj=0.865
time=0.210
obj=0.859
time=0.211
obj=0.857
time=0.215
obj=0.852
time=0.216
obj=0.832
time=0.218
obj=0.827
time=0.219
obj=0.826
time=0.220
obj=0.821
c real margin = 0.179
