buffers=16
windows=4
args generated-new-16/50.txt 12345 1
original_lb=0.730
time=0.012
obj=0.998
time=0.014
obj=0.983
time=0.016
obj=0.975
time=0.018
obj=0.974
time=0.020
obj=0.966
time=0.021
obj=0.948
time=0.023
obj=0.933
time=0.028
obj=0.913
time=0.035
obj=0.912
time=0.036
obj=0.906
time=0.041
obj=0.873
time=0.047
obj=0.872
time=0.059
obj=0.869
time=0.070
obj=0.869
time=0.070
obj=0.864
time=0.071
obj=0.860
time=0.072
obj=0.844
time=0.103
obj=0.841
time=0.179
obj=0.840
time=0.179
obj=0.833
c real margin = 0.167
