buffers=16
windows=12
args generated-new-16/51.txt 12345 1
original_lb=0.634
time=0.015
obj=0.950
time=0.018
obj=0.937
time=0.019
obj=0.920
time=0.020
obj=0.889
time=0.021
obj=0.863
time=0.022
obj=0.844
time=0.023
obj=0.842
time=0.024
obj=0.840
time=0.025
obj=0.815
time=0.026
obj=0.795
time=0.027
obj=0.789
time=0.028
obj=0.788
time=0.030
obj=0.785
time=0.032
obj=0.780
time=0.033
obj=0.776
time=0.034
obj=0.776
time=0.035
obj=0.774
time=0.037
obj=0.770
time=0.038
obj=0.765
time=0.039
obj=0.758
time=0.040
obj=0.751
time=0.041
obj=0.751
time=0.043
obj=0.743
time=0.044
obj=0.742
time=0.045
obj=0.739
time=0.049
obj=0.737
time=0.050
obj=0.736
time=0.050
obj=0.728
time=0.052
obj=0.709
time=0.053
obj=0.709
time=0.055
obj=0.701
time=0.059
obj=0.700
time=0.060
obj=0.699
time=0.063
obj=0.692
time=0.064
obj=0.687
time=0.070
obj=0.687
c real margin = 0.313
