buffers=16
windows=8
args generated-new-16/54.txt 12345 1
original_lb=0.680
time=0.012
obj=1.131
time=0.012
obj=1.097
time=0.014
obj=1.092
time=0.015
obj=1.085
time=0.015
obj=1.051
time=0.017
obj=1.042
time=0.018
obj=1.038
time=0.022
obj=1.028
time=0.026
obj=1.018
time=0.027
obj=1.013
time=0.029
obj=1.012
time=0.029
obj=1.008
time=0.033
obj=0.991
time=0.035
obj=0.987
time=0.037
obj=0.984
time=0.043
obj=0.981
time=0.043
obj=0.980
time=0.044
obj=0.980
time=0.048
obj=0.976
time=0.053
obj=0.975
time=0.055
obj=0.974
time=0.058
obj=0.973
time=0.060
obj=0.955
time=0.065
obj=0.943
time=0.066
obj=0.934
time=0.076
obj=0.934
time=0.076
obj=0.933
time=0.080
obj=0.931
time=0.101
obj=0.930
time=0.103
obj=0.923
time=0.106
obj=0.919
time=0.107
obj=0.914
time=0.107
obj=0.913
time=0.108
obj=0.897
time=0.144
obj=0.894
time=0.145
obj=0.894
c real margin = 0.106
