buffers=16
windows=16
args generated-new-16/55.txt 12345 1
original_lb=0.702
time=0.014
obj=1.110
time=0.015
obj=1.056
time=0.017
obj=1.046
time=0.018
obj=1.039
time=0.019
obj=1.038
time=0.021
obj=1.035
time=0.023
obj=1.034
time=0.023
obj=1.023
time=0.024
obj=1.019
time=0.025
obj=1.018
time=0.027
obj=1.017
time=0.027
obj=1.003
time=0.028
obj=1.001
time=0.029
obj=0.995
time=0.031
obj=0.990
time=0.032
obj=0.987
time=0.035
obj=0.987
time=0.036
obj=0.977
time=0.036
obj=0.974
time=0.037
obj=0.973
time=0.038
obj=0.967
time=0.040
obj=0.962
time=0.040
obj=0.960
time=0.042
obj=0.953
time=0.044
obj=0.948
time=0.045
obj=0.947
time=0.046
obj=0.944
time=0.049
obj=0.938
time=0.051
obj=0.933
time=0.056
obj=0.929
time=0.057
obj=0.922
time=0.057
obj=0.907
time=0.060
obj=0.900
time=0.061
obj=0.899
time=0.063
obj=0.896
time=0.070
obj=0.894
time=0.079
obj=0.888
time=0.082
obj=0.888
time=0.083
obj=0.887
time=0.084
obj=0.883
time=0.127
obj=0.881
time=0.128
obj=0.878
time=0.213
obj=0.875
time=0.214
obj=0.873
time=0.215
obj=0.869
time=0.236
obj=0.868
time=0.237
obj=0.866
time=0.257
obj=0.866
time=0.257
obj=0.864
time=0.258
obj=0.857
time=1.265
obj=0.855
time=1.266
obj=0.853
time=1.335
obj=0.853
time=1.335
obj=0.849
time=1.336
obj=0.849
time=1.437
obj=0.848
time=1.498
obj=0.846
time=3.757
obj=0.845
time=3.757
obj=0.844
c real margin = 0.156
