buffers=16
windows=12
args generated-new-16/57.txt 12345 1
original_lb=0.693
time=0.008
obj=1.074
time=0.010
obj=1.072
time=0.010
obj=1.067
time=0.011
obj=1.056
time=0.012
obj=1.049
time=0.013
obj=1.046
time=0.013
obj=1.041
time=0.014
obj=1.037
time=0.015
obj=1.035
time=0.016
obj=1.018
time=0.017
obj=1.017
time=0.017
obj=1.002
time=0.019
obj=0.997
time=0.020
obj=0.996
time=0.021
obj=0.979
time=0.022
obj=0.968
time=0.022
obj=0.957
time=0.023
obj=0.950
time=0.029
obj=0.950
time=0.029
obj=0.943
time=0.030
obj=0.933
time=0.031
obj=0.924
time=0.031
obj=0.921
time=0.032
obj=0.920
time=0.033
obj=0.912
time=0.040
obj=0.911
time=0.040
obj=0.901
time=0.054
obj=0.899
time=62.821
obj=0.899
c real margin = 0.101
