buffers=16
windows=16
args generated-new-16/59.txt 12345 1
original_lb=0.658
time=0.015
obj=0.872
time=0.017
obj=0.834
time=0.018
obj=0.826
time=0.018
obj=0.825
time=0.019
obj=0.811
time=0.020
obj=0.810
time=0.021
obj=0.804
time=0.023
obj=0.785
time=0.024
obj=0.770
time=0.025
obj=0.763
time=0.026
obj=0.761
time=0.027
obj=0.757
time=0.028
obj=0.748
time=0.030
obj=0.744
time=0.031
obj=0.742
time=0.032
obj=0.742
time=0.032
obj=0.738
time=0.033
obj=0.731
time=0.034
obj=0.721
time=0.035
obj=0.718
time=0.036
obj=0.709
time=0.037
obj=0.707
time=0.038
obj=0.704
time=0.039
obj=0.702
time=0.040
obj=0.699
time=0.041
obj=0.692
time=0.042
obj=0.674
time=0.043
obj=0.674
time=0.043
obj=0.673
time=0.044
obj=0.670
time=0.045
obj=0.664
time=0.046
obj=0.662
time=0.047
obj=0.659
time=0.049
obj=0.659
time=0.050
obj=0.658
c real margin = 0.342
