buffers=16
windows=4
args generated-new-16/61.txt 12345 1
original_lb=0.692
time=0.007
obj=0.951
time=0.008
obj=0.887
time=0.009
obj=0.880
time=0.011
obj=0.875
time=0.012
obj=0.867
time=0.013
obj=0.865
time=0.013
obj=0.857
time=0.014
obj=0.852
time=0.015
obj=0.851
time=0.016
obj=0.819
time=0.018
obj=0.818
time=0.019
obj=0.814
time=0.020
obj=0.804
time=0.027
obj=0.798
time=0.028
obj=0.778
time=0.039
obj=0.762
time=0.040
obj=0.757
time=0.052
obj=0.753
time=0.054
obj=0.750
time=0.055
obj=0.745
c real margin = 0.255
