buffers=16
windows=16
args generated-new-16/69.txt 12345 1
original_lb=0.667
time=0.008
obj=1.147
time=0.009
obj=1.131
time=0.011
obj=1.119
time=0.012
obj=1.109
time=0.014
obj=1.106
time=0.014
obj=1.106
time=0.015
obj=1.103
time=0.015
obj=1.095
time=0.016
obj=1.093
time=0.016
obj=1.091
time=0.018
obj=1.090
time=0.018
obj=1.088
time=0.019
obj=1.087
time=0.023
obj=1.080
time=0.024
obj=1.076
time=0.024
obj=1.070
time=0.025
obj=1.069
time=0.025
obj=1.065
time=0.026
obj=1.065
time=0.027
obj=1.065
time=0.032
obj=1.059
time=0.033
obj=1.059
time=0.033
obj=1.050
time=0.046
obj=1.049
time=0.047
obj=1.048
time=0.047
obj=1.027
time=0.163
obj=1.021
time=0.492
obj=1.013
time=0.615
obj=1.002
FAIL AT WINDOW 3
