buffers=16
windows=16
args generated-new-16/70.txt 12345 1
original_lb=0.612
time=0.009
obj=1.018
time=0.010
obj=1.017
time=0.012
obj=1.014
time=0.014
obj=1.011
time=0.015
obj=1.007
time=0.015
obj=1.005
time=0.016
obj=0.998
time=0.016
obj=0.990
time=0.019
obj=0.987
time=0.019
obj=0.987
time=0.021
obj=0.983
time=0.025
obj=0.982
time=0.026
obj=0.978
time=0.027
obj=0.975
time=0.028
obj=0.974
time=0.029
obj=0.965
time=0.031
obj=0.959
time=0.034
obj=0.958
time=0.035
obj=0.954
time=0.036
obj=0.953
time=0.038
obj=0.952
time=0.040
obj=0.948
time=0.042
obj=0.946
time=0.042
obj=0.945
time=0.046
obj=0.945
time=0.047
obj=0.941
time=0.049
obj=0.939
time=0.051
obj=0.929
time=0.052
obj=0.927
time=0.054
obj=0.925
time=0.059
obj=0.925
time=0.071
obj=0.923
time=0.108
obj=0.921
time=0.108
obj=0.920
time=0.112
obj=0.918
time=0.113
obj=0.916
time=0.169
obj=0.916
time=0.181
obj=0.912
time=0.184
obj=0.908
time=0.228
obj=0.908
time=0.229
obj=0.905
time=1.041
obj=0.905
time=1.042
obj=0.904
time=1.200
obj=0.901
time=1.201
obj=0.896
time=4.422
obj=0.890
time=53.983
obj=0.889
time=53.984
obj=0.887
time=358.320
obj=0.886
c real margin = 0.114
