buffers=16
windows=4
args generated-new-16/73.txt 12345 1
original_lb=0.669
time=0.007
obj=0.834
time=0.009
obj=0.823
time=0.009
obj=0.819
time=0.010
obj=0.804
time=0.010
obj=0.800
time=0.011
obj=0.797
time=0.011
obj=0.774
time=0.012
obj=0.767
time=0.013
obj=0.764
time=0.014
obj=0.763
time=0.016
obj=0.752
time=0.018
obj=0.738
time=0.020
obj=0.735
time=0.021
obj=0.729
time=0.021
obj=0.723
time=0.022
obj=0.721
time=0.023
obj=0.710
time=0.026
obj=0.697
time=0.028
obj=0.691
time=0.039
obj=0.691
time=0.040
obj=0.690
time=0.040
obj=0.689
time=0.041
obj=0.689
c real margin = 0.311
