buffers=16
windows=8
args generated-new-16/74.txt 12345 1
original_lb=0.650
time=0.007
obj=3.059
time=0.151
obj=3.058
time=0.151
obj=2.521
time=0.155
obj=2.505
time=0.155
obj=2.037
time=0.156
obj=1.990
time=0.159
obj=1.684
time=0.164
obj=1.666
time=0.165
obj=1.448
time=0.166
obj=1.425
time=0.166
obj=1.402
time=0.167
obj=1.183
time=0.169
obj=1.160
time=0.170
obj=1.110
time=0.172
obj=1.099
time=0.173
obj=1.083
time=0.174
obj=1.071
time=0.175
obj=1.043
time=0.177
obj=1.042
time=0.180
obj=1.034
time=0.183
obj=1.032
time=0.187
obj=1.028
time=0.187
obj=1.027
time=0.188
obj=0.990
time=0.189
obj=0.987
time=0.196
obj=0.982
time=0.197
obj=0.980
time=0.198
obj=0.977
time=0.199
obj=0.975
time=0.203
obj=0.975
time=0.203
obj=0.973
time=0.206
obj=0.960
time=0.213
obj=0.959
time=0.226
obj=0.952
time=0.227
obj=0.952
time=0.228
obj=0.947
time=0.229
obj=0.941
time=0.231
obj=0.930
time=0.235
obj=0.928
time=0.236
obj=0.927
time=0.240
obj=0.922
time=0.241
obj=0.922
time=0.269
obj=0.921
time=0.280
obj=0.919
time=0.296
obj=0.917
time=0.800
obj=0.898
time=3.441
obj=0.897
time=3.441
obj=0.896
time=3.442
obj=0.893
time=3.443
obj=0.889
time=62.721
obj=0.886
time=63.890
obj=0.885
time=63.915
obj=0.878
time=63.916
obj=0.876
time=63.917
obj=0.868
time=64.046
obj=0.864
time=64.047
obj=0.861
time=64.217
obj=0.855
c real margin = 0.145
