buffers=16
windows=12
args generated-new-16/76.txt 12345 1
original_lb=0.495
time=0.009
obj=0.793
time=0.011
obj=0.723
time=0.011
obj=0.713
time=0.012
obj=0.708
time=0.013
obj=0.705
time=0.013
obj=0.671
time=0.014
obj=0.652
time=0.015
obj=0.647
time=0.016
obj=0.643
time=0.017
obj=0.641
time=0.018
obj=0.633
time=0.019
obj=0.628
time=0.020
obj=0.626
time=0.020
obj=0.625
time=0.022
obj=0.622
time=0.022
obj=0.611
time=0.023
obj=0.602
time=0.025
obj=0.599
time=0.027
obj=0.598
time=0.029
obj=0.594
time=0.031
obj=0.593
time=0.034
obj=0.592
time=0.034
obj=0.588
time=0.035
obj=0.578
time=0.053
obj=0.574
time=0.076
obj=0.574
time=0.090
obj=0.571
time=0.090
obj=0.571
time=0.092
obj=0.567
time=0.167
obj=0.566
c real margin = 0.434
