buffers=16
windows=4
args generated-new-16/77.txt 12345 1
original_lb=0.612
time=0.011
obj=0.902
time=0.013
obj=0.866
time=0.014
obj=0.851
time=0.015
obj=0.849
time=0.016
obj=0.829
time=0.017
obj=0.826
time=0.019
obj=0.811
time=0.022
obj=0.803
time=0.023
obj=0.801
time=0.025
obj=0.789
time=0.027
obj=0.761
time=0.030
obj=0.758
time=0.031
obj=0.746
time=0.033
obj=0.740
time=0.035
obj=0.740
time=0.041
obj=0.738
time=0.041
obj=0.723
time=0.046
obj=0.721
time=0.047
obj=0.710
time=0.049
obj=0.705
c real margin = 0.295
