buffers=16
windows=8
args generated-new-16/78.txt 12345 1
original_lb=0.609
time=0.012
obj=0.833
time=0.014
obj=0.784
time=0.014
obj=0.783
time=0.015
obj=0.772
time=0.016
obj=0.769
time=0.017
obj=0.766
time=0.018
obj=0.763
time=0.019
obj=0.750
time=0.021
obj=0.731
time=0.022
obj=0.699
time=0.024
obj=0.696
time=0.026
obj=0.688
time=0.029
obj=0.681
time=0.030
obj=0.675
time=0.032
obj=0.674
time=0.034
obj=0.671
time=0.034
obj=0.662
time=0.037
obj=0.661
time=0.038
obj=0.657
time=0.039
obj=0.655
time=0.043
obj=0.652
time=0.046
obj=0.650
time=0.049
obj=0.640
time=0.053
obj=0.638
time=0.058
obj=0.638
time=0.059
obj=0.634
time=0.062
obj=0.633
time=0.070
obj=0.628
time=0.076
obj=0.622
c real margin = 0.378
