buffers=16
windows=12
args generated-new-16/80.txt 12345 1
original_lb=0.711
time=0.012
obj=1.157
time=0.012
obj=1.054
time=0.014
obj=1.044
time=0.014
obj=1.042
time=0.016
obj=1.032
time=0.017
obj=1.016
time=0.018
obj=0.994
time=0.019
obj=0.990
time=0.020
obj=0.985
time=0.020
obj=0.980
time=0.021
obj=0.978
time=0.023
obj=0.959
time=0.023
obj=0.955
time=0.024
obj=0.955
time=0.026
obj=0.926
time=0.026
obj=0.926
time=0.028
obj=0.926
time=0.029
obj=0.918
time=0.030
obj=0.915
time=0.032
obj=0.911
time=0.033
obj=0.898
time=0.036
obj=0.897
time=0.036
obj=0.896
time=0.038
obj=0.891
time=0.038
obj=0.874
time=0.041
obj=0.871
time=0.045
obj=0.869
time=0.045
obj=0.850
time=0.052
obj=0.844
time=0.053
obj=0.842
time=0.073
obj=0.836
time=0.073
obj=0.834
time=0.077
obj=0.833
time=0.086
obj=0.822
time=0.087
obj=0.814
time=0.142
obj=0.812
time=0.142
obj=0.804
time=0.209
obj=0.798
time=0.209
obj=0.797
time=0.210
obj=0.792
c real margin = 0.208
