buffers=16
windows=8
args generated-new-16/85.txt 12345 1
original_lb=0.730
time=0.011
obj=0.872
time=0.013
obj=0.850
time=0.015
obj=0.818
time=0.017
obj=0.816
time=0.019
obj=0.814
time=0.022
obj=0.813
time=0.024
obj=0.811
time=0.026
obj=0.810
time=0.028
obj=0.793
time=0.030
obj=0.793
time=0.033
obj=0.792
time=0.034
obj=0.788
time=0.035
obj=0.787
time=0.037
obj=0.784
time=0.038
obj=0.780
time=0.039
obj=0.780
time=0.040
obj=0.771
time=0.042
obj=0.754
time=0.044
obj=0.746
time=0.046
obj=0.745
time=0.048
obj=0.738
time=0.049
obj=0.735
time=0.055
obj=0.734
time=0.056
obj=0.733
time=0.057
obj=0.733
time=0.063
obj=0.733
time=0.068
obj=0.730
c real margin = 0.270
