buffers=16
windows=12
args generated-new-16/86.txt 12345 1
original_lb=0.628
time=0.014
obj=1.035
time=0.016
obj=1.035
time=0.017
obj=1.013
time=0.017
obj=1.009
time=0.018
obj=1.008
time=0.018
obj=1.002
time=0.019
obj=0.998
time=0.020
obj=0.989
time=0.020
obj=0.981
time=0.021
obj=0.967
time=0.022
obj=0.959
time=0.023
obj=0.933
time=0.025
obj=0.919
time=0.026
obj=0.917
time=0.026
obj=0.899
time=0.027
obj=0.846
time=0.029
obj=0.844
time=0.030
obj=0.838
time=0.030
obj=0.836
time=0.031
obj=0.835
time=0.032
obj=0.819
time=0.032
obj=0.813
time=0.034
obj=0.807
time=0.035
obj=0.806
time=0.036
obj=0.803
time=0.037
obj=0.802
time=0.037
obj=0.802
c real margin = 0.198
