buffers=16
windows=8
args generated-new-16/88.txt 12345 1
original_lb=0.696
time=0.012
obj=0.938
time=0.014
obj=0.913
time=0.016
obj=0.893
time=0.017
obj=0.880
time=0.018
obj=0.874
time=0.019
obj=0.874
time=0.020
obj=0.842
time=0.021
obj=0.827
time=0.023
obj=0.827
time=0.024
obj=0.804
time=0.026
obj=0.791
time=0.027
obj=0.786
time=0.030
obj=0.783
time=0.031
obj=0.778
time=0.032
obj=0.776
time=0.033
obj=0.767
time=0.043
obj=0.766
time=0.044
obj=0.766
time=0.049
obj=0.759
time=0.055
obj=0.755
time=0.056
obj=0.746
time=0.056
obj=0.744
time=0.058
obj=0.737
time=0.059
obj=0.729
time=0.063
obj=0.724
time=0.105
obj=0.721
time=0.116
obj=0.719
time=0.118
obj=0.718
time=0.119
obj=0.715
time=0.120
obj=0.703
c real margin = 0.297
