buffers=16
windows=16
args generated-new-16/89.txt 12345 1
original_lb=0.497
time=0.021
obj=0.706
time=0.024
obj=0.684
time=0.026
obj=0.678
time=0.027
obj=0.662
time=0.028
obj=0.657
time=0.029
obj=0.650
time=0.030
obj=0.637
time=0.031
obj=0.636
time=0.032
obj=0.630
time=0.033
obj=0.605
time=0.035
obj=0.602
time=0.036
obj=0.598
time=0.037
obj=0.594
time=0.038
obj=0.591
time=0.040
obj=0.591
time=0.041
obj=0.590
time=0.042
obj=0.587
time=0.043
obj=0.582
time=0.046
obj=0.580
time=0.048
obj=0.579
time=0.061
obj=0.574
time=0.063
obj=0.573
c real margin = 0.427
