buffers=16
windows=12
args generated-new-16/90.txt 12345 1
original_lb=0.662
time=0.013
obj=1.113
time=0.013
obj=1.073
time=0.015
obj=1.073
time=0.016
obj=1.068
time=0.017
obj=1.048
time=0.019
obj=1.026
time=0.020
obj=1.014
time=0.022
obj=1.013
time=0.023
obj=1.013
time=0.026
obj=1.010
time=0.027
obj=1.008
time=0.028
obj=1.003
time=0.030
obj=1.002
time=0.032
obj=1.000
time=0.035
obj=0.999
time=0.035
obj=0.990
time=0.036
obj=0.981
time=0.038
obj=0.979
time=0.039
obj=0.977
time=0.039
obj=0.972
time=0.041
obj=0.965
time=0.043
obj=0.964
time=0.045
obj=0.954
time=0.046
obj=0.946
time=0.047
obj=0.924
time=0.049
obj=0.921
time=0.050
obj=0.919
time=0.053
obj=0.905
time=0.054
obj=0.900
time=0.057
obj=0.899
time=0.061
obj=0.897
time=0.062
obj=0.884
time=0.064
obj=0.858
time=0.066
obj=0.844
time=0.068
obj=0.841
time=0.128
obj=0.841
time=0.130
obj=0.841
time=0.134
obj=0.839
time=0.152
obj=0.836
time=1.134
obj=0.835
c real margin = 0.165
