buffers=16
windows=8
args generated-new-16/93.txt 12345 1
original_lb=0.614
time=0.006
obj=0.881
time=0.007
obj=0.871
time=0.008
obj=0.867
time=0.009
obj=0.861
time=0.010
obj=0.835
time=0.010
obj=0.822
time=0.011
obj=0.818
time=0.012
obj=0.807
time=0.012
obj=0.802
time=0.013
obj=0.791
time=0.014
obj=0.786
time=0.014
obj=0.785
time=0.016
obj=0.784
time=0.017
obj=0.782
time=0.018
obj=0.774
time=0.021
obj=0.766
time=0.022
obj=0.766
time=0.025
obj=0.761
time=0.025
obj=0.757
time=0.026
obj=0.757
time=0.027
obj=0.756
time=0.027
obj=0.751
time=0.028
obj=0.745
time=0.029
obj=0.735
time=0.031
obj=0.734
time=0.031
obj=0.722
time=0.032
obj=0.719
time=0.033
obj=0.719
time=0.047
obj=0.709
time=0.061
obj=0.706
time=0.062
obj=0.704
time=0.118
obj=0.704
time=0.531
obj=0.704
time=1.415
obj=0.702
time=1.416
obj=0.700
c real margin = 0.300
