buffers=16
windows=16
args generated-new-16/95.txt 12345 1
original_lb=0.663
time=0.006
obj=1.111
time=0.006
obj=1.108
time=0.007
obj=1.101
time=0.008
obj=1.100
time=0.008
obj=1.069
time=0.009
obj=1.056
time=0.009
obj=1.055
time=0.010
obj=1.054
time=0.010
obj=1.042
time=0.010
obj=1.033
time=0.011
obj=1.030
time=0.011
obj=1.023
time=0.012
obj=1.019
time=0.013
obj=1.014
time=0.013
obj=1.008
time=0.013
obj=1.008
time=0.014
obj=0.994
time=0.014
obj=0.991
time=0.016
obj=0.988
time=0.019
obj=0.987
time=0.019
obj=0.975
time=0.019
obj=0.968
time=0.019
obj=0.967
time=0.020
obj=0.965
time=0.021
obj=0.958
time=0.066
obj=0.955
time=0.067
obj=0.951
time=0.081
obj=0.947
time=0.082
obj=0.939
time=0.704
obj=0.935
c real margin = 0.065
