buffers=16
windows=16
args generated-new-16/96.txt 12345 1
original_lb=0.616
time=0.006
obj=1.195
time=0.006
obj=1.143
time=0.008
obj=1.141
time=0.008
obj=1.141
time=0.008
obj=1.141
time=0.009
obj=1.121
time=0.009
obj=1.120
time=0.010
obj=1.109
time=0.010
obj=1.109
time=0.012
obj=1.104
time=0.015
obj=1.103
time=0.017
obj=1.101
time=0.018
obj=1.100
time=0.021
obj=1.098
time=0.021
obj=1.097
time=0.022
obj=1.095
time=0.023
obj=1.094
time=0.025
obj=1.094
time=0.026
obj=1.090
time=0.027
obj=1.090
time=0.028
obj=1.086
time=0.028
obj=1.082
time=0.030
obj=1.079
time=0.032
obj=1.076
time=0.036
obj=1.076
time=0.037
obj=1.071
time=0.038
obj=1.066
time=0.039
obj=1.063
time=0.045
obj=1.014
time=0.094
obj=1.001
time=0.354
obj=1.001
time=3.336
obj=1.000
time=38.138
obj=1.000
time=170.044
obj=0.999
time=660.753
obj=0.997
time=660.753
obj=0.995
time=667.683
obj=0.995
time=667.683
obj=0.994
c real margin = 0.006
