buffers=16
windows=12
args generated-new-16/98.txt 12345 1
original_lb=0.649
time=0.007
obj=1.007
time=0.007
obj=1.001
time=0.008
obj=0.998
time=0.008
obj=0.986
time=0.009
obj=0.985
time=0.010
obj=0.982
time=0.011
obj=0.981
time=0.011
obj=0.969
time=0.012
obj=0.962
time=0.014
obj=0.950
time=0.014
obj=0.940
time=0.015
obj=0.936
time=0.016
obj=0.928
time=0.016
obj=0.922
time=0.016
obj=0.918
time=0.017
obj=0.915
time=0.018
obj=0.912
time=0.019
obj=0.909
time=0.021
obj=0.904
time=0.021
obj=0.901
time=0.023
obj=0.893
time=0.023
obj=0.893
time=0.024
obj=0.888
time=0.024
obj=0.884
time=0.025
obj=0.876
time=0.026
obj=0.867
time=0.028
obj=0.864
time=0.032
obj=0.863
time=0.032
obj=0.859
time=0.041
obj=0.857
time=0.042
obj=0.849
time=0.044
obj=0.849
time=0.048
obj=0.846
time=0.049
obj=0.842
time=0.081
obj=0.830
time=0.081
obj=0.821
time=0.082
obj=0.820
time=0.082
obj=0.820
time=0.239
obj=0.819
time=0.239
obj=0.819
time=0.239
obj=0.815
time=0.263
obj=0.814
time=0.321
obj=0.814
time=0.322
obj=0.813
c real margin = 0.187
