buffers=16
windows=80
args generated-large/214.txt 12345 1
original_lb=0.232
time=0.093
obj=0.878
time=0.119
obj=0.826
time=0.148
obj=0.652
time=21.405
obj=0.615
time=21.785
obj=0.611
time=21.882
obj=0.609
time=21.902
obj=0.605
time=21.987
obj=0.602
time=22.011
obj=0.599
time=22.054
obj=0.571
time=27.786
obj=0.565
time=36.597
obj=0.562
time=52.599
obj=0.561
time=65.198
obj=0.550
time=79.889
obj=0.550
time=96.803
obj=0.544
time=154.133
obj=0.542
time=248.514
obj=0.539
time=356.526
obj=0.538
time=603.047
obj=0.533
