buffers=8
windows=80
args generated-large/195.txt 12345 1
original_lb=0.286
time=0.011
obj=1.055
time=0.013
obj=1.033
time=0.013
obj=1.009
time=0.021
obj=1.007
time=0.028
obj=1.002
time=0.143
obj=1.001
time=0.816
obj=1.000
time=1.092
obj=1.000
time=2.066
obj=0.998
time=3.138
obj=0.993
time=7.239
obj=0.976
time=29.926
obj=0.975
time=45.955
obj=0.975
time=50.717
obj=0.971
time=195.591
obj=0.969
time=422.154
obj=0.968
time=696.552
obj=0.959
time=785.150
obj=0.957
time=1026.253
obj=0.957
time=1101.718
obj=0.956
