buffers=16
windows=94
args instances/MTP013.txt 12345 1
original_lb=0.452
time=0.024
obj=0.824
time=0.033
obj=0.738
time=0.033
obj=0.719
time=0.034
obj=0.686
time=0.035
obj=0.685
time=0.035
obj=0.678
time=0.036
obj=0.664
time=0.037
obj=0.663
time=0.037
obj=0.652
time=0.038
obj=0.651
time=0.038
obj=0.646
time=0.039
obj=0.635
time=0.040
obj=0.630
time=0.040
obj=0.622
time=0.041
obj=0.618
time=0.042
obj=0.617
time=0.042
obj=0.605
time=0.043
obj=0.601
time=0.044
obj=0.598
time=0.044
obj=0.592
time=0.045
obj=0.591
time=0.046
obj=0.590
time=0.046
obj=0.589
time=0.047
obj=0.580
time=0.048
obj=0.580
time=0.048
obj=0.577
time=0.049
obj=0.577
time=0.050
obj=0.577
time=0.050
obj=0.576
time=0.051
obj=0.574
time=0.052
obj=0.573
time=0.052
obj=0.570
time=0.053
obj=0.565
time=0.054
obj=0.563
time=0.054
obj=0.560
time=0.055
obj=0.557
time=0.055
obj=0.551
time=0.056
obj=0.549
time=0.057
obj=0.545
time=0.057
obj=0.544
time=0.058
obj=0.543
time=0.059
obj=0.541
time=0.059
obj=0.539
time=0.060
obj=0.538
time=0.061
obj=0.537
time=0.061
obj=0.535
time=0.062
obj=0.532
time=0.063
obj=0.532
time=0.064
obj=0.529
time=0.064
obj=0.528
time=0.065
obj=0.526
time=0.066
obj=0.523
time=0.066
obj=0.522
time=0.067
obj=0.520
time=0.068
obj=0.518
time=0.068
obj=0.518
time=0.069
obj=0.515
time=0.069
obj=0.515
time=0.070
obj=0.514
time=0.071
obj=0.513
time=0.072
obj=0.511
time=0.072
obj=0.507
time=0.073
obj=0.507
time=0.074
obj=0.505
time=0.075
obj=0.505
time=0.076
obj=0.503
time=0.076
obj=0.501
time=0.077
obj=0.499
time=0.078
obj=0.499
time=0.079
obj=0.499
time=0.080
obj=0.499
time=0.080
obj=0.498
time=0.081
obj=0.497
time=0.081
obj=0.496
time=0.082
obj=0.495
time=0.083
obj=0.494
time=0.083
obj=0.494
time=0.084
obj=0.493
time=0.085
obj=0.490
time=0.085
obj=0.485
time=0.086
obj=0.485
time=0.087
obj=0.485
time=0.087
obj=0.483
time=0.088
obj=0.483
time=0.089
obj=0.482
time=0.090
obj=0.481
time=0.090
obj=0.481
time=0.091
obj=0.481
time=0.092
obj=0.480
time=0.093
obj=0.476
time=0.093
obj=0.476
time=0.094
obj=0.475
time=0.095
obj=0.475
time=0.095
obj=0.474
time=0.096
obj=0.474
time=0.097
obj=0.473
time=0.097
obj=0.473
time=0.098
obj=0.472
time=0.099
obj=0.471
time=0.100
obj=0.471
time=0.100
obj=0.470
time=0.102
obj=0.469
time=0.103
obj=0.469
time=0.107
obj=0.469
time=0.108
obj=0.468
time=0.109
obj=0.468
time=0.110
obj=0.468
time=0.111
obj=0.467
time=0.112
obj=0.466
time=0.112
obj=0.466
time=0.113
obj=0.466
time=0.114
obj=0.465
time=0.115
obj=0.465
time=0.117
obj=0.465
time=0.123
obj=0.465
time=0.123
obj=0.465
time=0.124
obj=0.464
time=0.126
obj=0.464
time=0.126
obj=0.463
time=0.127
obj=0.462
time=0.128
obj=0.461
time=0.129
obj=0.461
time=0.129
obj=0.460
time=0.131
obj=0.459
time=0.133
obj=0.458
time=0.134
obj=0.458
time=0.135
obj=0.458
time=0.136
obj=0.457
time=0.139
obj=0.457
time=0.139
obj=0.456
time=0.140
obj=0.456
time=0.141
obj=0.455
time=0.145
obj=0.455
time=0.146
obj=0.455
time=0.147
obj=0.454
time=0.150
obj=0.454
time=0.151
obj=0.454
time=0.151
obj=0.454
time=0.152
obj=0.453
time=0.153
obj=0.453
time=0.154
obj=0.452
time=0.157
obj=0.452
time=0.158
obj=0.452
c real margin = 0.548
