global=0
denseranking=1
symmetry=1
single_window=1
peak-ub=457
buffers=4
windows=5
branches=16
failures=0
obj=242
time=0
buffers=4
windows=5
branches=16
failures=2
obj=237
time=0
buffers=4
windows=5
branches=31
failures=10
obj=227
time=0
buffers=4
windows=5
branches=16
failures=2
obj=226
time=0
buffers=4
windows=5
branches=17
failures=2
obj=222
time=0
buffers=4
windows=5
branches=59
failures=25
obj=221
time=1
buffers=4
windows=5
branches=45
failures=18
obj=219
time=2
buffers=4
windows=5
branches=71
failures=31
obj=218
time=3
buffers=4
windows=5
branches=262
failures=123
obj=216
time=8
buffers=4
windows=5
branches=153
failures=71
obj=215
time=11
buffers=4
windows=5
branches=114
failures=52
obj=214
time=13
buffers=4
windows=5
branches=127
failures=59
obj=211
time=15
buffers=4
windows=5
branches=44
failures=23
original_status=UNSAT
original_lb=169
obj=211
time=16
status=OPTIMAL
real_obj=21.023
real_time=16
