global=0
denseranking=1
symmetry=1
single_window=1
peak-ub=476
buffers=4
windows=5
branches=13
failures=0
obj=462
time=0
buffers=4
windows=5
branches=14
failures=0
obj=444
time=0
buffers=4
windows=5
branches=108
failures=48
obj=442
time=2
buffers=4
windows=5
branches=3710
failures=1812
obj=426
time=57
buffers=4
windows=5
branches=773
failures=379
obj=417
time=72
buffers=4
windows=5
branches=684
failures=333
obj=379
time=84
buffers=4
windows=5
branches=693
failures=346
original_status=UNSAT
original_lb=229
obj=379
time=97
status=OPTIMAL
real_obj=37.896
real_time=97
