global=0
denseranking=1
symmetry=1
single_window=1
peak-ub=441
buffers=4
windows=5
branches=10
failures=0
obj=440
time=1
buffers=4
windows=5
branches=161
failures=75
obj=437
time=5
buffers=4
windows=5
branches=44
failures=16
obj=435
time=6
buffers=4
windows=5
branches=2184
failures=1071
obj=425
time=75
buffers=4
windows=5
branches=1966
failures=964
obj=398
time=124
buffers=4
windows=5
branches=15443
failures=7644
original_status=UNSAT
original_lb=176
obj=398
time=545
status=OPTIMAL
real_obj=39.766
real_time=545
