global=1
denseranking=1
symmetry=1
single_window=1
obj=61.000
time=34.275
obj=56.062
time=35.770
obj=55.334
time=37.051
obj=54.863
time=38.308
obj=46.915
time=39.478
obj=45.241
time=40.643
obj=42.670
time=42.080
obj=42.524
time=43.391
obj=41.244
time=44.775
obj=40.038
time=46.376
obj=39.787
time=47.685
obj=39.284
time=49.095
obj=39.215
time=50.432
obj=36.513
time=51.678
obj=34.841
time=53.149
obj=34.468
time=54.556
obj=33.533
time=55.915
obj=33.459
time=57.321
obj=32.292
time=58.601
obj=32.256
time=60.267
obj=32.051
time=61.556
obj=31.817
time=62.966
obj=31.627
time=64.409
obj=31.571
time=65.929
obj=31.303
time=67.611
obj=30.927
time=69.191
obj=30.335
time=71.139
obj=30.113
time=72.449
obj=30.043
time=73.814
obj=29.862
time=75.378
obj=29.850
time=76.941
obj=29.072
time=78.880
obj=28.957
time=80.346
obj=28.817
time=82.386
obj=28.663
time=86.521
obj=28.604
time=88.389
obj=28.344
time=89.617
obj=28.049
time=90.989
obj=27.997
time=101.584
c real margin = 0.720
peak-ub=281
buffers=16
windows=17
branches=2988043
failures=1454790
obj=280
time=1344202
buffers=16
windows=17
branches=1288987
failures=626088
obj=275
time=1937585
buffers=16
windows=17
branches=4050280
failures=1978612
original_status=TIMEOUT
original_lb=257
obj=275
time=3600007
status=TIMEOUT
real_obj=27.433
real_time=3600007
