global=1
denseranking=1
symmetry=1
single_window=1
obj=61.656
time=18.916
obj=57.654
time=19.535
obj=55.500
time=20.381
obj=55.029
time=21.230
obj=54.205
time=22.093
obj=53.714
time=23.076
obj=53.636
time=24.162
obj=52.272
time=25.034
obj=52.214
time=25.924
obj=51.415
time=26.940
obj=50.581
time=28.016
obj=50.369
time=29.279
obj=49.837
time=30.256
obj=45.766
time=31.474
obj=45.513
time=31.474
obj=44.826
time=31.474
obj=43.858
time=31.474
obj=43.440
time=32.459
obj=42.928
time=39.133
obj=42.383
time=40.358
obj=41.578
time=41.322
obj=41.055
time=42.329
obj=40.741
time=52.087
obj=40.571
time=53.137
obj=40.476
time=54.424
obj=40.394
time=55.613
obj=40.280
time=57.636
c real margin = 0.597
peak-ub=404
buffers=16
windows=9
branches=1112037
failures=541618
obj=403
time=724888
buffers=16
windows=9
branches=4472934
failures=2184947
original_status=TIMEOUT
original_lb=284
obj=403
time=3600000
status=TIMEOUT
real_obj=40.292
real_time=3600000
