global=1
denseranking=1
symmetry=1
single_window=1
obj=165.770
time=11.572
obj=153.924
time=11.982
obj=153.924
time=12.109
obj=148.678
time=12.251
obj=117.178
time=12.402
obj=103.380
time=12.571
obj=87.183
time=12.725
obj=86.400
time=12.930
obj=85.381
time=13.105
obj=82.055
time=13.252
obj=81.184
time=13.399
obj=80.856
time=13.546
obj=78.203
time=13.777
obj=78.045
time=14.295
obj=77.872
time=14.673
obj=76.485
time=14.856
obj=76.402
time=15.268
obj=75.489
time=15.430
obj=75.335
time=15.785
obj=74.934
time=16.020
obj=74.201
time=16.605
obj=74.201
time=16.723
obj=72.456
time=16.886
obj=69.351
time=17.483
obj=69.066
time=19.158
obj=67.591
time=35.493
c real margin = 0.324
peak-ub=677
buffers=8
windows=13
branches=53443522
failures=26082975
obj=676
time=2402935
buffers=8
windows=13
branches=26464583
failures=12890894
original_status=TIMEOUT
original_lb=231
obj=676
time=3600000
status=TIMEOUT
real_obj=67.560
real_time=3600000
