global=1
denseranking=1
symmetry=1
single_window=1
obj=37.490
time=24.573
obj=37.480
time=26.777
obj=33.911
time=28.138
obj=33.730
time=30.020
obj=32.617
time=31.587
obj=31.313
time=39.822
obj=29.823
time=44.889
obj=29.823
time=45.649
obj=29.557
time=46.863
obj=29.252
time=51.621
obj=28.966
time=59.232
c real margin = 0.710
peak-ub=291
buffers=16
windows=5
branches=8154
failures=3761
obj=288
time=8537
buffers=16
windows=5
branches=100532
failures=48084
obj=287
time=104497
buffers=16
windows=5
branches=25676
failures=12045
obj=283
time=129551
buffers=16
windows=5
branches=168988
failures=80974
obj=282
time=280657
buffers=16
windows=5
branches=52112
failures=24787
obj=281
time=324829
buffers=16
windows=5
branches=3978816
failures=1936952
original_status=TIMEOUT
original_lb=265
obj=281
time=3600007
status=TIMEOUT
real_obj=28.042
real_time=3600007
