global=1
denseranking=1
symmetry=1
single_window=1
obj=70.506
time=6.882
obj=69.801
time=6.937
obj=65.647
time=6.990
obj=62.995
time=7.033
obj=62.039
time=7.080
obj=60.136
time=7.131
obj=57.602
time=7.177
obj=57.479
time=7.228
obj=57.380
time=7.286
obj=54.815
time=7.353
obj=54.403
time=7.400
obj=54.257
time=7.475
obj=51.560
time=7.521
obj=49.133
time=7.718
obj=49.133
time=7.773
c real margin = 0.509
peak-ub=493
buffers=4
windows=9
branches=26
failures=0
obj=482
time=0
buffers=4
windows=9
branches=162
failures=68
obj=472
time=2
buffers=4
windows=9
branches=2027
failures=961
obj=469
time=29
buffers=4
windows=9
branches=406
failures=182
obj=467
time=34
buffers=4
windows=9
branches=3900
failures=1862
obj=456
time=88
buffers=4
windows=9
branches=102857286
failures=51021216
original_status=UNSAT
original_lb=245
obj=456
time=1361456
status=OPTIMAL
real_obj=45.508
real_time=1361456
