global=1
denseranking=1
symmetry=1
single_window=1
obj=85.632
time=23.178
obj=79.891
time=24.006
obj=77.398
time=24.740
obj=76.949
time=25.918
obj=76.637
time=27.002
obj=76.540
time=27.844
obj=76.539
time=28.684
obj=76.482
time=29.620
obj=76.101
time=30.499
obj=75.177
time=31.788
obj=73.571
time=32.578
obj=73.000
time=33.627
obj=72.640
time=34.678
obj=72.043
time=35.489
obj=71.920
time=36.251
obj=71.657
time=37.075
obj=71.452
time=37.941
obj=71.422
time=38.770
obj=71.307
time=39.962
obj=71.223
time=40.778
obj=71.169
time=41.897
obj=69.966
time=43.145
obj=69.866
time=44.226
obj=68.972
time=45.718
obj=68.796
time=47.230
obj=68.038
time=47.962
obj=67.927
time=49.482
obj=67.562
time=50.259
obj=66.821
time=51.853
obj=66.018
time=52.679
obj=65.952
time=54.147
obj=65.914
time=54.963
obj=65.282
time=56.174
obj=65.038
time=56.961
obj=64.799
time=57.772
obj=64.642
time=58.921
obj=64.585
time=60.270
obj=64.536
time=62.020
obj=64.498
time=63.551
obj=64.145
time=64.532
obj=63.943
time=67.029
obj=63.943
time=67.739
obj=63.924
time=69.389
obj=63.136
time=79.752
obj=62.788
time=80.610
obj=61.992
time=83.804
obj=61.992
time=84.418
obj=61.831
time=85.796
obj=61.257
time=86.667
obj=60.679
time=88.011
obj=59.680
time=88.868
obj=58.990
time=90.585
obj=58.911
time=92.317
obj=58.661
time=93.297
obj=58.462
time=94.733
obj=58.177
time=100.413
obj=58.131
time=109.351
obj=57.983
time=113.674
obj=57.261
time=125.988
obj=57.261
time=126.735
obj=56.875
time=150.355
obj=56.601
time=151.518
obj=56.241
time=152.601
obj=56.140
time=174.057
obj=55.800
time=175.193
c real margin = 0.442
peak-ub=560
buffers=16
windows=17
branches=7262865
failures=3266598
original_status=TIMEOUT
original_lb=262
obj=560
time=3600001
status=TIMEOUT
real_obj=55.800
real_time=3600001
