global=1
denseranking=1
symmetry=1
single_window=1
obj=49.387
time=12.225
obj=43.452
time=12.729
obj=42.503
time=13.021
obj=42.264
time=13.356
obj=41.912
time=13.791
obj=37.911
time=14.826
obj=37.911
time=15.019
obj=37.897
time=15.798
obj=37.299
time=17.149
c real margin = 0.627
peak-ub=374
buffers=8
windows=5
branches=21479
failures=10494
obj=370
time=2982
buffers=8
windows=5
branches=9364
failures=4572
obj=364
time=4517
buffers=8
windows=5
branches=675
failures=321
obj=357
time=4733
buffers=8
windows=5
branches=14148
failures=6959
obj=355
time=7920
buffers=8
windows=5
branches=4858309
failures=2414097
original_status=UNSAT
original_lb=240
obj=355
time=849735
status=OPTIMAL
real_obj=35.416
real_time=849735
