global=1
denseranking=1
symmetry=1
single_window=1
obj=69.188
time=6.519
obj=69.175
time=6.798
obj=69.037
time=6.961
obj=68.093
time=7.091
obj=66.065
time=7.226
obj=64.747
time=7.351
obj=64.607
time=7.474
obj=64.036
time=7.848
obj=63.456
time=8.102
obj=62.743
time=8.485
obj=62.721
time=8.814
obj=61.815
time=9.061
obj=60.830
time=9.370
obj=59.951
time=9.695
obj=58.542
time=10.015
obj=57.474
time=10.248
obj=55.908
time=10.483
obj=55.276
time=11.305
obj=55.276
time=11.430
obj=54.796
time=14.215
obj=54.128
time=30.231
obj=53.967
time=54.486
obj=53.391
time=58.145
obj=52.033
time=93.500
obj=52.033
time=93.737
obj=52.005
time=94.000
c real margin = 0.480
peak-ub=522
buffers=8
windows=17
branches=1187814
failures=546797
obj=517
time=62098
buffers=8
windows=17
branches=226616
failures=102741
obj=510
time=74077
buffers=8
windows=17
branches=7942249
failures=3714496
obj=508
time=491237
buffers=8
windows=17
branches=15942781
failures=7488905
obj=502
time=1298706
buffers=8
windows=17
branches=45424551
failures=21455656
original_status=TIMEOUT
original_lb=229
obj=502
time=3600000
status=TIMEOUT
real_obj=50.151
real_time=3600000
