global=1
denseranking=1
symmetry=1
single_window=1
obj=46.069
time=6.130
obj=44.587
time=6.346
obj=41.487
time=6.666
obj=40.396
time=6.986
obj=37.472
time=7.244
obj=34.901
time=7.501
obj=33.994
time=10.819
obj=33.994
time=10.992
obj=33.796
time=14.172
c real margin = 0.662
peak-ub=339
buffers=8
windows=5
branches=11684
failures=5613
obj=336
time=1133
buffers=8
windows=5
branches=15699593
failures=7759821
obj=334
time=1327072
buffers=8
windows=5
branches=25850238
failures=12793406
original_status=TIMEOUT
original_lb=244
obj=334
time=3600000
status=TIMEOUT
real_obj=33.399
real_time=3600000
