global=1
denseranking=1
symmetry=1
single_window=1
obj=65.241
time=10.799
obj=53.806
time=10.973
obj=49.353
time=11.147
obj=44.496
time=11.315
obj=43.237
time=11.532
obj=37.842
time=11.715
obj=37.346
time=12.149
obj=36.889
time=12.598
obj=36.831
time=12.936
obj=35.292
time=13.113
obj=35.273
time=13.317
obj=34.050
time=13.484
obj=33.968
time=14.083
obj=33.665
time=14.400
obj=33.143
time=16.514
c real margin = 0.669
peak-ub=333
buffers=8
windows=9
branches=2104
failures=982
obj=331
time=147
buffers=8
windows=9
branches=2950
failures=1347
obj=328
time=398
buffers=8
windows=9
branches=430
failures=185
obj=327
time=438
buffers=8
windows=9
branches=1586
failures=731
obj=324
time=570
buffers=8
windows=9
branches=463
failures=199
obj=322
time=616
buffers=8
windows=9
branches=1527
failures=708
obj=321
time=737
buffers=8
windows=9
branches=1894
failures=877
obj=320
time=902
buffers=8
windows=9
branches=2018
failures=933
obj=319
time=1124
buffers=8
windows=9
branches=177106
failures=86894
obj=317
time=11141
buffers=8
windows=9
branches=2086635
failures=1030294
obj=316
time=115942
buffers=8
windows=9
branches=4287044
failures=2117512
obj=315
time=329768
buffers=8
windows=9
branches=45095746
failures=22341978
obj=313
time=2474950
buffers=8
windows=9
branches=23972130
failures=11877590
original_status=TIMEOUT
original_lb=292
obj=313
time=3600000
status=TIMEOUT
real_obj=31.227
real_time=3600000
