global=1
denseranking=1
symmetry=1
single_window=1
obj=90.621
time=27.890
obj=84.707
time=29.822
obj=83.371
time=30.664
obj=81.800
time=31.646
obj=81.586
time=32.797
obj=81.091
time=33.978
obj=79.514
time=35.697
obj=77.451
time=37.068
obj=77.028
time=38.100
obj=75.279
time=39.087
obj=75.061
time=40.403
obj=74.730
time=41.433
obj=73.281
time=42.460
obj=72.057
time=43.969
obj=71.692
time=45.204
obj=71.528
time=46.370
obj=71.189
time=47.580
obj=69.879
time=49.883
obj=68.968
time=53.221
obj=67.768
time=54.306
obj=67.507
time=55.384
obj=67.443
time=58.547
obj=67.075
time=59.484
obj=65.928
time=61.909
obj=65.928
time=62.717
obj=65.468
time=64.264
obj=65.071
time=71.581
obj=64.903
time=72.992
obj=64.320
time=76.913
obj=63.675
time=87.372
obj=63.675
time=88.203
obj=62.889
time=107.733
obj=62.889
time=108.525
obj=62.852
time=113.759
obj=62.343
time=136.240
obj=62.343
time=137.071
obj=61.933
time=139.925
obj=61.933
time=140.755
obj=61.413
time=142.890
obj=61.336
time=225.207
obj=60.603
time=577.374
obj=60.603
time=578.186
c real margin = 0.394
peak-ub=608
buffers=16
windows=17
branches=6416903
failures=2803750
original_status=TIMEOUT
original_lb=234
obj=608
time=3600004
status=TIMEOUT
real_obj=60.603
real_time=3600004
