global=1
denseranking=1
symmetry=1
single_window=1
obj=54.265
time=14.971
obj=39.640
time=15.207
obj=37.952
time=15.447
obj=37.784
time=15.705
obj=33.125
time=15.980
obj=32.773
time=16.218
obj=31.690
time=16.474
obj=30.886
time=16.748
obj=30.570
time=16.982
obj=30.510
time=17.277
obj=30.306
time=17.676
obj=30.290
time=17.943
c real margin = 0.697
peak-ub=304
buffers=8
windows=9
branches=473357
failures=226935
obj=303
time=32384
buffers=8
windows=9
branches=476352
failures=228681
obj=294
time=64968
buffers=8
windows=9
branches=56240782
failures=27442825
original_status=TIMEOUT
original_lb=135
obj=294
time=3600000
status=TIMEOUT
real_obj=29.369
real_time=3600000
