global=1
denseranking=1
symmetry=1
single_window=1
obj=93.073
time=9.454
obj=90.950
time=9.872
obj=86.560
time=10.039
obj=77.392
time=10.214
obj=69.701
time=10.382
obj=62.066
time=10.555
obj=58.078
time=10.741
obj=57.581
time=10.920
obj=57.212
time=11.104
obj=57.189
time=11.325
obj=56.338
time=11.529
obj=53.667
time=11.791
obj=53.439
time=12.019
obj=51.400
time=12.271
obj=46.959
time=12.538
obj=46.874
time=12.846
obj=46.772
time=13.140
obj=46.384
time=13.526
obj=46.332
time=14.085
obj=46.170
time=14.350
obj=45.642
time=14.673
obj=45.411
time=14.961
obj=45.060
time=15.455
obj=43.540
time=15.718
obj=43.341
time=15.953
obj=43.092
time=16.409
obj=42.031
time=22.133
obj=42.031
time=22.343
obj=41.741
time=22.617
c real margin = 0.583
peak-ub=419
buffers=8
windows=17
branches=32038
failures=14805
obj=417
time=1705
buffers=8
windows=17
branches=345991
failures=164698
obj=414
time=19836
buffers=8
windows=17
branches=1147385
failures=552476
obj=413
time=80416
buffers=8
windows=17
branches=76977076
failures=37563522
original_status=TIMEOUT
original_lb=272
obj=413
time=3600000
status=TIMEOUT
real_obj=41.218
real_time=3600000
