global=1
denseranking=1
symmetry=1
single_window=1
obj=66.453
time=10.655
obj=66.080
time=10.887
obj=65.938
time=10.968
obj=63.594
time=11.097
obj=61.453
time=11.167
obj=60.469
time=11.256
obj=59.575
time=11.342
obj=59.047
time=11.418
obj=58.931
time=11.498
obj=57.587
time=11.585
obj=57.157
time=11.667
obj=56.198
time=11.813
obj=56.198
time=11.871
obj=55.844
time=11.979
obj=54.706
time=12.044
c real margin = 0.453
peak-ub=549
buffers=4
windows=13
branches=211
failures=86
obj=548
time=2
buffers=4
windows=13
branches=300
failures=116
obj=546
time=5
buffers=4
windows=13
branches=115
failures=37
obj=543
time=6
buffers=4
windows=13
branches=6515
failures=3105
obj=533
time=73
buffers=4
windows=13
branches=861
failures=392
obj=530
time=82
buffers=4
windows=13
branches=6495
failures=3109
obj=523
time=149
buffers=4
windows=13
branches=329988483
failures=163448457
original_status=TIMEOUT
original_lb=169
obj=523
time=3600000
status=TIMEOUT
real_obj=52.218
real_time=3600000
