global=1
denseranking=1
symmetry=1
single_window=1
obj=62.597
time=10.603
obj=51.682
time=10.869
obj=49.600
time=11.129
obj=46.455
time=11.407
obj=43.464
time=11.675
obj=43.260
time=11.962
obj=43.002
time=12.296
obj=42.080
time=12.556
obj=39.144
time=12.916
obj=37.409
time=13.366
obj=36.943
time=13.646
obj=36.851
time=14.058
obj=35.965
time=15.217
obj=34.430
time=15.647
obj=32.626
time=15.972
c real margin = 0.674
peak-ub=328
buffers=8
windows=9
branches=634
failures=284
obj=327
time=56
buffers=8
windows=9
branches=4874506
failures=2420891
original_status=UNSAT
original_lb=234
obj=327
time=284035
status=OPTIMAL
real_obj=32.626
real_time=284035
