global=1
denseranking=1
symmetry=1
single_window=1
obj=92.139
time=5.115
obj=90.175
time=5.225
obj=82.238
time=5.284
obj=82.054
time=5.366
obj=78.945
time=5.449
obj=78.915
time=9.467
c real margin = 0.211
peak-ub=791
buffers=4
windows=17
branches=1026
failures=401
obj=769
time=11
buffers=4
windows=17
branches=1989
failures=800
obj=766
time=33
buffers=4
windows=17
branches=9954
failures=4356
obj=755
time=136
buffers=4
windows=17
branches=74378
failures=33741
obj=743
time=908
buffers=4
windows=17
branches=2453268
failures=1166906
obj=742
time=25565
buffers=4
windows=17
branches=365040457
failures=176600760
original_status=TIMEOUT
original_lb=197
obj=742
time=3600000
status=TIMEOUT
real_obj=74.167
real_time=3600000
