global=1
denseranking=1
symmetry=1
single_window=1
obj=42.925
time=9.399
obj=35.180
time=9.751
obj=33.643
time=9.954
obj=33.014
time=10.148
obj=31.912
time=10.340
obj=31.734
time=10.581
obj=31.444
time=11.456
obj=30.509
time=13.325
c real margin = 0.695
peak-ub=307
buffers=8
windows=9
branches=516
failures=214
obj=304
time=72
buffers=8
windows=9
branches=7969
failures=3820
obj=301
time=860
buffers=8
windows=9
branches=2210532
failures=1091852
obj=299
time=206753
buffers=8
windows=9
branches=2230391
failures=1101892
obj=297
time=414423
buffers=8
windows=9
branches=4721214
failures=2334211
obj=284
time=813292
buffers=8
windows=9
branches=36587385
failures=18123630
original_status=TIMEOUT
original_lb=226
obj=284
time=3600000
status=TIMEOUT
real_obj=28.341
real_time=3600000
