global=1
denseranking=1
symmetry=1
single_window=1
obj=80.500
time=22.689
obj=75.034
time=23.518
obj=71.569
time=24.211
obj=67.812
time=24.919
obj=64.195
time=25.656
obj=63.887
time=26.600
obj=63.675
time=27.504
obj=62.962
time=28.358
obj=59.319
time=29.188
obj=59.137
time=30.102
obj=58.672
time=30.977
obj=57.574
time=31.827
obj=56.671
time=32.700
obj=56.245
time=33.521
obj=56.149
time=34.451
obj=55.174
time=35.331
obj=54.868
time=36.203
obj=54.572
time=37.067
obj=54.074
time=38.231
obj=52.133
time=39.241
obj=50.023
time=40.314
obj=49.546
time=41.339
obj=48.736
time=42.628
obj=48.565
time=43.689
obj=47.834
time=45.424
obj=47.563
time=47.166
obj=47.324
time=48.098
obj=47.204
time=49.098
obj=47.085
time=53.243
obj=46.650
time=54.111
obj=46.334
time=58.935
obj=46.090
time=60.054
obj=45.774
time=61.022
obj=45.040
time=64.428
obj=44.950
time=65.330
obj=44.884
time=83.487
obj=44.502
time=84.453
obj=44.472
time=86.776
obj=44.324
time=107.409
obj=44.205
time=118.494
obj=44.047
time=119.521
obj=43.935
time=120.471
obj=43.762
time=121.384
obj=43.717
time=122.734
obj=43.244
time=124.031
obj=42.851
time=125.072
obj=42.775
time=125.832
obj=42.388
time=127.188
obj=42.299
time=128.013
obj=42.284
time=174.122
obj=42.269
time=175.191
obj=42.262
time=176.040
obj=41.862
time=177.175
obj=41.402
time=178.082
obj=41.302
time=178.933
obj=41.275
time=187.021
obj=40.861
time=187.818
obj=40.761
time=188.683
obj=40.491
time=189.566
c real margin = 0.595
peak-ub=406
buffers=16
windows=17
branches=6310446
failures=2954259
original_status=TIMEOUT
original_lb=182
obj=406
time=3600004
status=TIMEOUT
real_obj=40.491
real_time=3600004
