global=1
denseranking=1
symmetry=1
single_window=1
obj=90.100
time=21.212
obj=84.290
time=21.998
obj=76.811
time=22.618
obj=75.175
time=23.235
obj=74.099
time=24.232
obj=72.470
time=25.138
obj=72.313
time=26.089
obj=72.042
time=27.361
obj=71.706
time=28.463
obj=71.162
time=29.440
obj=70.196
time=30.422
obj=69.213
time=31.404
obj=69.192
time=32.288
obj=66.876
time=33.214
obj=65.866
time=34.148
obj=65.727
time=35.019
obj=65.046
time=36.152
obj=64.932
time=37.128
obj=64.823
time=38.076
obj=64.649
time=39.121
obj=64.045
time=40.606
obj=63.525
time=41.834
obj=62.264
time=42.911
obj=60.913
time=43.878
obj=60.774
time=44.830
obj=60.371
time=45.809
obj=60.336
time=46.980
obj=58.935
time=48.353
obj=58.927
time=49.401
obj=58.871
time=50.359
obj=58.578
time=51.312
obj=57.758
time=52.294
obj=56.906
time=53.217
obj=56.242
time=54.075
obj=56.231
time=56.285
obj=55.998
time=57.232
obj=55.563
time=58.568
obj=55.059
time=59.417
obj=54.809
time=60.733
obj=54.182
time=62.187
obj=52.987
time=64.277
obj=52.926
time=65.305
obj=52.922
time=66.104
obj=52.447
time=68.881
obj=52.333
time=69.978
obj=51.781
time=72.337
obj=51.764
time=73.632
obj=51.542
time=76.236
obj=51.198
time=77.148
obj=51.109
time=79.322
obj=50.516
time=84.764
obj=50.231
time=110.753
obj=49.856
time=111.531
obj=49.772
time=112.809
obj=49.706
time=126.260
obj=49.609
time=126.934
obj=49.602
time=130.890
obj=48.540
time=135.945
obj=48.540
time=136.523
obj=48.495
time=139.267
obj=48.316
time=140.096
obj=48.168
time=168.953
obj=48.087
time=170.837
obj=47.877
time=171.702
obj=47.473
time=174.818
obj=47.473
time=175.412
obj=47.451
time=176.140
obj=47.206
time=444.092
obj=47.053
time=656.572
obj=47.053
time=657.235
obj=47.036
time=1865.515
obj=46.954
time=3202.363
obj=46.720
time=3467.007
obj=46.481
time=6589.296
obj=46.336
time=7337.383
obj=46.152
time=9925.466
c real margin = 0.538
peak-ub=463
buffers=16
windows=17
branches=7351775
failures=3482443
original_status=TIMEOUT
original_lb=274
obj=463
time=3600000
status=TIMEOUT
real_obj=46.152
real_time=3600000
