global=1
denseranking=1
symmetry=1
single_window=1
obj=91.663
time=8.230
obj=83.118
time=8.534
obj=81.194
time=8.687
obj=80.604
time=8.816
obj=79.343
time=8.954
obj=79.115
time=9.146
obj=77.692
time=9.272
obj=77.568
time=9.404
obj=76.250
time=9.608
obj=75.745
time=9.793
obj=74.502
time=10.003
obj=74.280
time=10.186
obj=72.157
time=10.370
obj=71.737
time=10.556
obj=71.682
time=10.722
obj=69.964
time=11.028
obj=69.841
time=11.314
obj=68.512
time=11.546
obj=67.007
time=11.810
obj=66.189
time=12.053
obj=64.681
time=12.900
obj=64.681
time=13.066
obj=64.099
time=13.248
obj=63.430
time=13.461
obj=63.121
time=17.247
obj=62.957
time=20.230
obj=62.896
time=28.107
c real margin = 0.371
peak-ub=630
buffers=8
windows=17
branches=8329
failures=3619
obj=628
time=407
buffers=8
windows=17
branches=361112
failures=168023
obj=623
time=15746
buffers=8
windows=17
branches=73907
failures=33556
obj=615
time=19166
buffers=8
windows=17
branches=252689
failures=117877
obj=614
time=29586
buffers=8
windows=17
branches=1950324
failures=921015
obj=613
time=108428
buffers=8
windows=17
branches=40121159
failures=19297294
obj=611
time=1603250
buffers=8
windows=17
branches=54753926
failures=26417171
original_status=TIMEOUT
original_lb=189
obj=611
time=3600000
status=TIMEOUT
real_obj=61.075
real_time=3600000
