global=1
denseranking=1
symmetry=1
single_window=1
obj=58.968
time=4.067
obj=39.374
time=4.141
obj=39.051
time=4.241
obj=38.899
time=4.315
obj=35.673
time=4.394
obj=33.224
time=4.481
obj=31.371
time=4.553
obj=30.862
time=4.697
obj=29.719
time=5.639
c real margin = 0.703
peak-ub=299
buffers=8
windows=9
branches=307
failures=122
obj=298
time=35
buffers=8
windows=9
branches=294211
failures=145528
obj=297
time=17430
buffers=8
windows=9
branches=850793
failures=421286
obj=296
time=65159
buffers=8
windows=9
branches=22691655
failures=11279804
original_status=UNSAT
original_lb=242
obj=296
time=1219946
status=OPTIMAL
real_obj=29.530
real_time=1219946
