global=1
denseranking=1
symmetry=1
single_window=1
obj=53.643
time=5.313
obj=53.604
time=5.386
obj=52.090
time=5.412
obj=49.395
time=5.440
obj=48.071
time=5.468
obj=45.390
time=5.494
obj=44.620
time=5.520
obj=42.757
time=5.545
obj=42.284
time=5.571
obj=42.159
time=5.605
obj=40.759
time=5.630
obj=39.809
time=5.655
obj=39.308
time=5.866
obj=39.271
time=6.118
c real margin = 0.607
peak-ub=394
buffers=4
windows=17
branches=4973
failures=2208
obj=393
time=53
buffers=4
windows=17
branches=366207424
failures=178812836
original_status=TIMEOUT
original_lb=160
obj=393
time=3600000
status=TIMEOUT
real_obj=39.271
real_time=3600000
