global=1
denseranking=1
symmetry=1
single_window=1
obj=82.115
time=29.882
obj=76.235
time=32.345
obj=68.549
time=33.543
obj=67.503
time=34.950
obj=63.718
time=36.195
obj=59.801
time=37.446
obj=57.441
time=38.975
obj=57.312
time=40.140
obj=56.367
time=42.388
obj=55.735
time=43.649
obj=54.910
time=44.939
obj=54.737
time=46.474
obj=54.328
time=47.984
obj=53.748
time=49.159
obj=51.835
time=50.628
obj=51.670
time=51.766
obj=50.976
time=52.993
obj=49.843
time=54.812
obj=48.791
time=56.978
obj=48.762
time=58.293
obj=47.309
time=59.579
obj=46.825
time=61.059
obj=46.088
time=62.530
obj=45.174
time=64.270
obj=44.793
time=65.558
obj=43.538
time=70.950
obj=43.538
time=71.948
obj=43.321
time=78.817
obj=43.271
time=92.369
obj=43.208
time=124.673
obj=43.005
time=162.038
obj=42.335
time=164.081
obj=42.057
time=166.026
obj=41.556
time=167.956
obj=40.907
time=169.928
obj=40.368
time=171.617
obj=40.234
time=174.055
obj=40.161
time=199.286
obj=39.916
time=201.982
obj=39.167
time=204.240
obj=39.059
time=207.465
c real margin = 0.609
peak-ub=392
buffers=16
windows=13
branches=6869801
failures=3176070
original_status=TIMEOUT
original_lb=234
obj=392
time=3600000
status=TIMEOUT
real_obj=39.059
real_time=3600000
