global=1
denseranking=1
symmetry=1
single_window=1
obj=62.451
time=7.092
obj=54.034
time=7.142
obj=48.120
time=7.221
obj=47.817
time=7.297
obj=47.599
time=7.364
obj=46.122
time=7.472
obj=46.090
time=7.828
obj=43.986
time=8.199
obj=43.986
time=8.274
obj=43.627
time=8.654
obj=43.409
time=8.770
c real margin = 0.566
peak-ub=436
buffers=4
windows=5
branches=30
failures=9
obj=435
time=1
buffers=4
windows=5
branches=1654
failures=800
obj=398
time=46
buffers=4
windows=5
branches=37285
failures=18488
original_status=UNSAT
original_lb=176
obj=398
time=1077
status=OPTIMAL
real_obj=39.766
real_time=1077
