global=1
denseranking=1
symmetry=1
single_window=1
obj=71.075
time=19.426
obj=45.722
time=20.242
obj=44.938
time=21.189
obj=40.938
time=22.042
obj=39.578
time=22.906
obj=37.925
time=23.982
obj=37.430
time=25.050
obj=36.981
time=26.299
obj=36.776
time=27.266
obj=36.471
time=28.584
obj=35.911
time=30.441
obj=35.686
time=31.627
obj=35.229
time=33.028
obj=34.649
time=34.196
obj=33.908
time=35.468
obj=32.815
time=36.954
obj=31.620
time=39.219
obj=31.620
time=39.970
obj=31.570
time=41.384
obj=31.553
time=43.390
obj=30.755
time=44.243
obj=30.584
time=45.682
c real margin = 0.694
peak-ub=307
buffers=16
windows=9
branches=1094721
failures=515245
obj=306
time=748823
buffers=16
windows=9
branches=108887
failures=49735
obj=304
time=829737
buffers=16
windows=9
branches=2529016
failures=1195941
obj=303
time=2562129
buffers=16
windows=9
branches=1466616
failures=687866
original_status=TIMEOUT
original_lb=275
obj=303
time=3600000
status=TIMEOUT
real_obj=30.222
real_time=3600000
