global=1
denseranking=1
symmetry=1
single_window=1
obj=74.951
time=19.391
obj=62.836
time=20.271
obj=57.479
time=21.156
obj=56.930
time=22.080
obj=55.806
time=23.179
obj=55.664
time=24.275
obj=54.556
time=25.390
obj=51.157
time=26.454
obj=50.489
time=28.039
obj=50.461
time=29.095
obj=50.240
time=30.150
obj=50.213
time=31.658
obj=49.476
time=33.004
obj=49.230
time=34.064
obj=47.757
time=35.078
obj=44.383
time=36.091
obj=43.587
time=37.398
obj=42.819
time=38.441
obj=42.205
time=39.565
obj=41.718
time=40.924
obj=40.884
time=42.157
obj=40.755
time=43.179
obj=40.237
time=45.089
obj=39.347
time=47.132
obj=38.933
time=49.203
obj=38.898
time=50.978
obj=38.868
time=53.234
obj=38.696
time=54.701
obj=38.644
time=57.705
obj=38.256
time=58.912
obj=37.870
time=62.917
obj=37.701
time=68.796
obj=36.972
time=77.892
obj=36.782
time=92.465
obj=36.709
time=99.144
obj=36.420
time=114.345
obj=36.390
time=115.696
obj=36.304
time=119.883
obj=36.271
time=129.380
obj=36.083
time=139.777
obj=35.982
time=141.733
obj=35.677
time=143.921
obj=35.566
time=177.566
c real margin = 0.644
peak-ub=357
buffers=16
windows=9
branches=5978983
failures=2955766
original_status=TIMEOUT
original_lb=255
obj=357
time=3600003
status=TIMEOUT
real_obj=35.566
real_time=3600003
