global=1
denseranking=1
symmetry=1
single_window=1
obj=51.210
time=22.475
obj=46.093
time=23.251
obj=43.876
time=24.204
obj=40.553
time=25.219
obj=39.581
time=26.169
obj=37.244
time=27.135
obj=34.493
time=28.107
obj=33.287
time=29.090
obj=32.164
time=30.193
obj=30.688
time=31.238
obj=28.905
time=32.243
obj=28.903
time=33.344
obj=28.490
time=34.340
obj=27.780
time=35.382
obj=27.753
time=36.408
obj=27.477
time=37.553
obj=26.882
time=38.617
obj=26.879
time=39.964
obj=26.876
time=41.117
obj=26.700
time=42.234
c real margin = 0.733
peak-ub=268
buffers=16
windows=13
branches=20646
failures=8591
obj=258
time=13395
buffers=16
windows=13
branches=19666
failures=8178
obj=256
time=26764
buffers=16
windows=13
branches=14234
failures=5582
obj=255
time=37373
buffers=16
windows=13
branches=4131
failures=1514
obj=254
time=40701
buffers=16
windows=13
branches=28876
failures=13278
obj=252
time=56797
buffers=16
windows=13
branches=141020
failures=67648
obj=249
time=126454
buffers=16
windows=13
branches=316678
failures=153729
obj=248
time=288518
buffers=16
windows=13
branches=23553
failures=10223
obj=247
time=304848
buffers=16
windows=13
branches=122109
failures=55159
obj=246
time=377212
buffers=16
windows=13
branches=5869152
failures=2764119
original_status=TIMEOUT
original_lb=220
obj=246
time=3600004
status=TIMEOUT
real_obj=24.548
real_time=3600004
