global=1
denseranking=1
symmetry=1
single_window=1
obj=91.888
time=7.999
obj=90.480
time=8.108
obj=88.060
time=8.169
obj=84.926
time=8.226
obj=84.124
time=8.283
obj=84.033
time=8.339
obj=81.156
time=8.405
obj=79.626
time=8.462
obj=78.028
time=8.522
obj=77.259
time=8.603
obj=71.238
time=8.656
obj=70.802
time=8.711
obj=68.991
time=8.949
obj=68.991
time=9.001
obj=67.836
time=9.350
obj=67.751
time=16.485
c real margin = 0.322
peak-ub=679
buffers=4
windows=17
branches=784
failures=346
obj=675
time=7
buffers=4
windows=17
branches=105118189
failures=52020233
original_status=UNSAT
original_lb=195
obj=675
time=998237
status=OPTIMAL
real_obj=67.468
real_time=998237
