global=1
denseranking=1
symmetry=1
single_window=1
obj=92.121
time=10.652
obj=81.745
time=10.771
obj=80.558
time=10.857
obj=78.518
time=10.924
obj=78.514
time=10.989
obj=74.527
time=11.059
obj=70.881
time=11.129
obj=70.320
time=11.197
obj=69.644
time=11.270
obj=69.448
time=11.333
obj=68.948
time=11.407
obj=66.760
time=11.473
obj=66.669
time=11.549
obj=66.498
time=11.614
obj=65.239
time=11.702
obj=65.191
time=11.774
obj=64.531
time=11.850
obj=64.116
time=11.912
obj=63.318
time=11.979
obj=62.880
time=12.044
obj=62.119
time=12.158
obj=61.838
time=12.431
obj=61.472
time=12.525
obj=59.955
time=13.370
obj=59.814
time=13.443
obj=59.655
time=13.508
obj=59.165
time=13.582
obj=58.844
time=16.294
obj=58.648
time=16.360
obj=58.227
time=19.414
obj=58.152
time=22.952
obj=57.836
time=23.628
obj=53.761
time=26.140
c real margin = 0.462
peak-ub=539
buffers=4
windows=17
branches=15507
failures=7350
obj=538
time=136
buffers=4
windows=17
branches=462562776
failures=229694028
original_status=TIMEOUT
original_lb=182
obj=538
time=3600000
status=TIMEOUT
real_obj=53.761
real_time=3600000
