global=1
denseranking=1
symmetry=1
single_window=1
obj=92.719
time=5.136
obj=85.520
time=5.202
obj=84.534
time=5.263
obj=83.405
time=5.287
obj=76.529
time=5.327
obj=73.647
time=5.395
obj=72.791
time=6.808
c real margin = 0.272
peak-ub=729
buffers=4
windows=13
branches=5556
failures=2471
obj=718
time=48
buffers=4
windows=13
branches=17407
failures=8067
obj=709
time=199
buffers=4
windows=13
branches=1175737
failures=564411
obj=707
time=10118
buffers=4
windows=13
branches=436733
failures=208246
obj=694
time=13622
buffers=4
windows=13
branches=435154352
failures=212448460
original_status=TIMEOUT
original_lb=193
obj=694
time=3600000
status=TIMEOUT
real_obj=69.377
real_time=3600000
