global=1
denseranking=1
symmetry=1
single_window=1
obj=44.356
time=5.213
obj=39.578
time=5.309
obj=35.422
time=5.349
obj=34.835
time=5.385
obj=33.306
time=6.215
obj=32.734
time=6.253
obj=32.195
time=6.290
obj=32.111
time=6.334
obj=31.734
time=6.372
obj=30.858
time=7.351
c real margin = 0.691
peak-ub=310
buffers=4
windows=13
branches=1562
failures=711
obj=309
time=18
buffers=4
windows=13
branches=361677065
failures=178446454
original_status=TIMEOUT
original_lb=171
obj=309
time=3600000
status=TIMEOUT
real_obj=30.858
real_time=3600000
