global=1
denseranking=1
symmetry=1
single_window=1
obj=70.196
time=14.069
obj=68.717
time=14.213
obj=66.376
time=14.312
obj=53.499
time=14.394
obj=53.244
time=14.475
obj=52.500
time=14.586
obj=51.484
time=14.710
obj=48.035
time=15.645
obj=47.517
time=16.647
c real margin = 0.525
peak-ub=477
buffers=4
windows=17
branches=1240
failures=510
obj=468
time=14
buffers=4
windows=17
branches=1671
failures=708
obj=462
time=33
buffers=4
windows=17
branches=334
failures=117
obj=458
time=37
buffers=4
windows=17
branches=10687
failures=4828
obj=448
time=152
buffers=4
windows=17
branches=63760
failures=29698
obj=438
time=802
buffers=4
windows=17
branches=51480
failures=24044
obj=437
time=1328
buffers=4
windows=17
branches=332683057
failures=162565058
original_status=TIMEOUT
original_lb=193
obj=437
time=3600000
status=TIMEOUT
real_obj=43.606
real_time=3600000
