global=1
denseranking=1
symmetry=1
single_window=1
obj=62.721
time=5.548
obj=61.223
time=5.653
obj=59.534
time=5.692
obj=58.961
time=5.734
obj=56.877
time=5.783
obj=53.290
time=5.840
obj=50.634
time=5.885
obj=49.068
time=5.992
obj=46.634
time=6.039
obj=46.617
time=6.085
obj=45.284
time=6.232
obj=45.284
time=6.268
c real margin = 0.547
peak-ub=454
buffers=4
windows=17
branches=78840
failures=37735
obj=453
time=823
buffers=4
windows=17
branches=342608819
failures=168596897
original_status=TIMEOUT
original_lb=146
obj=453
time=3600000
status=TIMEOUT
real_obj=45.284
real_time=3600000
