global=1
denseranking=1
symmetry=1
single_window=1
obj=44.047
time=11.238
obj=43.891
time=11.568
obj=43.346
time=11.773
obj=42.418
time=12.274
obj=42.183
time=12.464
obj=42.166
time=12.874
obj=41.292
time=13.149
obj=40.561
time=13.357
obj=39.595
time=13.677
obj=39.523
time=14.489
c real margin = 0.605
peak-ub=397
buffers=8
windows=5
branches=36
failures=8
obj=395
time=9
buffers=8
windows=5
branches=460
failures=201
obj=394
time=79
buffers=8
windows=5
branches=755
failures=352
obj=386
time=196
buffers=8
windows=5
branches=457
failures=200
obj=374
time=234
buffers=8
windows=5
branches=254
failures=108
obj=369
time=267
buffers=8
windows=5
branches=1112
failures=520
obj=368
time=381
buffers=8
windows=5
branches=271
failures=116
obj=367
time=405
buffers=8
windows=5
branches=61356
failures=29743
obj=361
time=6939
buffers=8
windows=5
branches=47276001
failures=23348456
original_status=TIMEOUT
original_lb=211
obj=361
time=3600000
status=TIMEOUT
real_obj=36.038
real_time=3600000
