global=1
denseranking=1
symmetry=1
single_window=1
obj=66.512
time=10.970
obj=66.084
time=11.227
obj=64.547
time=11.311
obj=64.287
time=11.406
obj=62.445
time=11.499
obj=62.218
time=11.679
obj=61.472
time=11.772
obj=59.827
time=12.474
obj=59.077
time=13.441
obj=59.074
time=14.188
c real margin = 0.409
peak-ub=592
buffers=4
windows=17
branches=620
failures=235
obj=591
time=8
buffers=4
windows=17
branches=274808
failures=129399
obj=590
time=3237
buffers=4
windows=17
branches=12937
failures=5789
obj=589
time=3392
buffers=4
windows=17
branches=512897
failures=243367
obj=585
time=9373
buffers=4
windows=17
branches=3990679
failures=1910917
obj=584
time=56337
buffers=4
windows=17
branches=1416326
failures=674751
obj=583
time=73040
buffers=4
windows=17
branches=302187281
failures=146993061
original_status=TIMEOUT
original_lb=171
obj=583
time=3600006
status=TIMEOUT
real_obj=58.300
real_time=3600006
