global=1
denseranking=1
symmetry=1
single_window=1
obj=41.364
time=20.517
obj=40.696
time=20.989
obj=36.014
time=21.697
obj=33.086
time=22.747
obj=32.962
time=23.682
obj=31.967
time=24.836
obj=31.833
time=26.326
obj=31.790
time=27.429
obj=30.569
time=28.942
obj=30.557
time=29.720
obj=29.584
time=30.906
obj=29.269
time=32.812
obj=27.770
time=34.154
c real margin = 0.722
peak-ub=279
buffers=16
windows=5
branches=88
failures=18
obj=278
time=205
buffers=16
windows=5
branches=3606760
failures=1796045
original_status=TIMEOUT
original_lb=249
obj=278
time=3600000
status=TIMEOUT
real_obj=27.770
real_time=3600000
