global=1
denseranking=1
symmetry=1
single_window=1
obj=95.352
time=29.696
obj=85.170
time=30.854
obj=84.038
time=31.875
obj=83.025
time=33.023
obj=81.691
time=34.134
obj=81.109
time=35.179
obj=78.995
time=36.178
obj=78.988
time=37.142
obj=78.883
time=38.242
obj=75.801
time=39.214
obj=74.607
time=40.400
obj=74.278
time=41.392
obj=73.597
time=42.420
obj=73.394
time=42.423
obj=72.878
time=42.423
obj=72.332
time=42.423
obj=70.803
time=43.324
obj=69.754
time=44.922
obj=65.940
time=46.172
obj=65.653
time=47.526
obj=65.462
time=48.688
obj=65.316
time=50.061
obj=64.311
time=51.414
obj=64.151
time=52.519
obj=63.845
time=54.431
obj=63.845
time=55.333
obj=63.041
time=57.500
obj=62.807
time=64.013
obj=62.703
time=66.182
obj=62.342
time=67.264
obj=62.126
time=74.476
obj=61.515
time=79.045
obj=61.515
time=79.942
obj=61.460
time=87.748
obj=61.312
time=88.960
obj=61.050
time=90.937
obj=59.658
time=157.232
obj=59.658
time=158.150
obj=58.095
time=159.340
obj=57.951
time=161.206
obj=57.045
time=289.610
obj=56.838
time=513.313
obj=56.838
time=514.278
c real margin = 0.432
peak-ub=570
buffers=16
windows=17
branches=6197863
failures=2625201
original_status=TIMEOUT
original_lb=266
obj=570
time=3600000
status=TIMEOUT
real_obj=56.838
real_time=3600000
