global=1
denseranking=1
symmetry=1
single_window=1
obj=52.313
time=26.144
obj=46.297
time=27.017
obj=44.089
time=28.354
obj=42.868
time=29.543
obj=36.969
time=30.931
obj=36.915
time=31.996
obj=36.765
time=33.064
obj=36.639
time=34.480
obj=36.055
time=36.344
obj=35.808
time=37.946
obj=35.610
time=39.455
obj=35.466
time=42.063
obj=34.743
time=43.696
obj=34.727
time=46.837
obj=34.524
time=48.335
c real margin = 0.655
peak-ub=347
buffers=16
windows=9
branches=6757052
failures=3335221
original_status=TIMEOUT
original_lb=233
obj=347
time=3600003
status=TIMEOUT
real_obj=34.524
real_time=3600003
