global=1
denseranking=1
symmetry=1
single_window=1
obj=68.182
time=13.941
obj=66.844
time=14.085
obj=53.940
time=14.348
obj=52.312
time=14.565
obj=51.848
time=14.827
obj=50.281
time=15.204
obj=50.037
time=15.534
obj=49.762
time=15.786
obj=47.836
time=16.118
obj=46.930
time=16.421
obj=46.424
time=16.870
obj=46.243
time=17.827
obj=45.132
time=20.006
obj=45.132
time=20.142
obj=44.627
time=20.706
obj=43.890
time=24.693
obj=43.890
time=24.842
obj=43.350
time=25.080
obj=42.936
time=25.344
obj=42.850
time=28.855
obj=42.624
time=32.443
obj=42.456
time=33.453
c real margin = 0.575
peak-ub=426
buffers=8
windows=5
branches=15495753
failures=7668956
obj=423
time=1156583
buffers=8
windows=5
branches=22677355
failures=11233174
obj=413
time=2798793
buffers=8
windows=5
branches=9877657
failures=4891679
original_status=TIMEOUT
original_lb=167
obj=413
time=3600000
status=TIMEOUT
real_obj=41.241
real_time=3600000
