global=1
denseranking=1
symmetry=1
single_window=1
obj=48.895
time=12.482
obj=46.315
time=12.903
obj=45.451
time=13.275
obj=42.799
time=13.742
obj=40.552
time=14.184
obj=40.519
time=14.625
obj=39.974
time=14.899
obj=39.513
time=15.321
obj=36.815
time=15.810
obj=36.713
time=16.170
obj=35.860
time=17.170
obj=34.829
time=18.470
c real margin = 0.652
peak-ub=350
buffers=8
windows=5
branches=4682
failures=2295
obj=349
time=426
buffers=8
windows=5
branches=996976
failures=495976
original_status=UNSAT
original_lb=261
obj=349
time=90259
status=OPTIMAL
real_obj=34.829
real_time=90259
