global=1
denseranking=1
symmetry=1
single_window=1
obj=77.784
time=7.087
obj=68.072
time=7.156
obj=63.927
time=7.205
obj=61.041
time=7.245
obj=60.188
time=7.292
obj=57.452
time=7.333
obj=56.142
time=7.375
obj=53.252
time=7.422
obj=49.784
time=7.469
c real margin = 0.502
peak-ub=499
buffers=4
windows=13
branches=120
failures=38
obj=497
time=1
buffers=4
windows=13
branches=528
failures=229
obj=488
time=7
buffers=4
windows=13
branches=1830
failures=830
obj=471
time=28
buffers=4
windows=13
branches=2582
failures=1198
obj=467
time=58
buffers=4
windows=13
branches=7302
failures=3473
obj=460
time=145
buffers=4
windows=13
branches=16448
failures=7949
obj=446
time=336
buffers=4
windows=13
branches=30648
failures=14845
obj=443
time=702
buffers=4
windows=13
branches=91445
failures=44866
obj=437
time=1762
buffers=4
windows=13
branches=204658
failures=100715
obj=431
time=4162
buffers=4
windows=13
branches=442501
failures=218537
obj=429
time=9400
buffers=4
windows=13
branches=1024491
failures=506947
obj=423
time=21696
buffers=4
windows=13
branches=4487651
failures=2222707
obj=419
time=76786
buffers=4
windows=13
branches=292896962
failures=145549523
original_status=TIMEOUT
original_lb=169
obj=419
time=3600000
status=TIMEOUT
real_obj=41.897
real_time=3600000
