global=1
denseranking=1
symmetry=1
single_window=1
obj=37.282
time=19.299
obj=37.208
time=22.085
obj=35.543
time=23.238
obj=35.529
time=24.169
obj=35.261
time=25.781
obj=35.188
time=26.987
obj=34.733
time=28.191
obj=34.668
time=29.891
obj=34.494
time=31.152
obj=33.460
time=32.684
obj=32.452
time=34.542
obj=32.401
time=36.098
obj=31.374
time=37.444
obj=31.087
time=39.948
obj=30.888
time=41.770
c real margin = 0.691
peak-ub=310
buffers=16
windows=5
branches=57440
failures=28246
obj=309
time=49956
buffers=16
windows=5
branches=5718661
failures=2840839
original_status=TIMEOUT
original_lb=235
obj=309
time=3600001
status=TIMEOUT
real_obj=30.888
real_time=3600001
