global=1
denseranking=1
symmetry=1
single_window=1
obj=86.987
time=6.523
obj=65.982
time=6.567
obj=60.488
time=6.599
obj=58.745
time=6.628
obj=58.643
time=6.654
obj=57.738
time=6.685
obj=57.225
time=6.713
obj=54.015
time=6.738
obj=52.208
time=6.765
obj=50.475
time=6.806
obj=50.316
time=6.848
obj=50.204
time=6.881
obj=49.825
time=6.910
obj=47.811
time=6.935
obj=46.796
time=6.960
obj=46.011
time=6.987
obj=45.693
time=7.017
obj=45.123
time=7.046
obj=44.501
time=8.361
obj=44.495
time=9.318
obj=44.144
time=9.438
obj=44.005
time=14.464
obj=43.218
time=16.515
obj=43.218
time=16.579
obj=42.778
time=24.367
obj=42.752
time=24.425
obj=41.923
time=76.628
obj=41.877
time=77.270
c real margin = 0.581
peak-ub=420
buffers=4
windows=13
branches=48
failures=0
obj=381
time=0
buffers=4
windows=13
branches=55
failures=4
obj=378
time=1
buffers=4
windows=13
branches=58
failures=5
obj=317
time=1
buffers=4
windows=13
branches=63
failures=10
obj=312
time=2
buffers=4
windows=13
branches=45
failures=1
obj=305
time=2
buffers=4
windows=13
branches=61
failures=9
obj=294
time=3
buffers=4
windows=13
branches=65
failures=12
obj=292
time=4
buffers=4
windows=13
branches=41
failures=0
obj=274
time=4
buffers=4
windows=13
branches=43
failures=2
obj=261
time=4
buffers=4
windows=13
branches=59
failures=10
obj=258
time=5
buffers=4
windows=13
branches=64
failures=14
obj=254
time=6
buffers=4
windows=13
branches=79
failures=19
obj=252
time=7
buffers=4
windows=13
branches=199
failures=82
obj=250
time=9
buffers=4
windows=13
branches=47
failures=5
obj=236
time=10
buffers=4
windows=13
branches=47
failures=6
obj=229
time=11
buffers=4
windows=13
branches=291946483
failures=144650867
original_status=TIMEOUT
original_lb=212
obj=229
time=3600000
status=TIMEOUT
real_obj=54.453
real_time=3600000
