global=1
denseranking=1
symmetry=1
single_window=1
obj=76.207
time=9.928
obj=75.866
time=10.375
obj=75.528
time=10.552
obj=70.734
time=10.746
obj=68.249
time=10.967
obj=67.530
time=11.153
obj=67.158
time=11.347
obj=64.677
time=11.526
obj=63.326
time=11.788
obj=61.223
time=12.057
obj=59.812
time=12.498
obj=58.016
time=13.029
obj=58.016
time=13.253
obj=57.574
time=13.591
obj=57.405
time=14.251
obj=57.405
time=14.474
obj=56.873
time=14.979
obj=56.249
time=15.474
obj=56.158
time=16.047
obj=55.593
time=16.825
obj=55.562
time=17.286
obj=55.434
time=21.139
obj=53.988
time=21.798
obj=53.988
time=22.015
obj=52.147
time=26.069
obj=52.147
time=26.280
obj=51.922
time=113.491
c real margin = 0.481
peak-ub=521
buffers=8
windows=17
branches=285342
failures=125617
obj=517
time=16482
buffers=8
windows=17
branches=24284
failures=9946
obj=514
time=18038
buffers=8
windows=17
branches=27555
failures=11403
obj=513
time=19779
buffers=8
windows=17
branches=1466472
failures=662803
obj=506
time=99307
buffers=8
windows=17
branches=9461474
failures=4351701
obj=505
time=614726
buffers=8
windows=17
branches=33188294
failures=15450231
obj=501
time=2371144
buffers=8
windows=17
branches=6963904
failures=3207846
obj=496
time=2747218
buffers=8
windows=17
branches=15512931
failures=7191447
original_status=TIMEOUT
original_lb=200
obj=496
time=3600000
status=TIMEOUT
real_obj=49.593
real_time=3600000
