global=1
denseranking=1
symmetry=1
single_window=1
obj=90.119
time=6.938
obj=89.148
time=7.065
obj=79.590
time=7.117
obj=78.134
time=7.168
obj=77.636
time=7.221
obj=71.122
time=7.268
obj=65.070
time=7.328
obj=61.376
time=7.379
obj=60.108
time=7.428
obj=55.323
time=7.479
obj=54.528
time=7.557
obj=52.833
time=7.669
obj=51.910
time=8.150
obj=51.856
time=28.486
obj=51.554
time=34.464
obj=51.334
time=37.694
c real margin = 0.487
peak-ub=515
buffers=4
windows=13
branches=107150
failures=51111
obj=513
time=1192
buffers=4
windows=13
branches=289473
failures=138826
obj=512
time=4351
buffers=4
windows=13
branches=569199
failures=274629
obj=508
time=10607
buffers=4
windows=13
branches=22914227
failures=11201786
obj=507
time=263915
buffers=4
windows=13
branches=307266952
failures=150747971
original_status=TIMEOUT
original_lb=229
obj=507
time=3600000
status=TIMEOUT
real_obj=50.625
real_time=3600000
