global=1
denseranking=1
symmetry=1
single_window=1
obj=68.711
time=9.835
obj=68.420
time=10.253
obj=67.839
time=10.485
obj=67.043
time=10.650
obj=66.153
time=10.868
obj=66.087
time=11.044
obj=62.142
time=11.319
obj=61.309
time=11.535
obj=60.899
time=11.816
obj=60.614
time=11.997
obj=58.976
time=12.176
obj=58.770
time=12.563
obj=58.733
time=12.802
obj=57.643
time=13.274
obj=57.078
time=13.523
obj=54.612
time=13.894
obj=54.559
time=14.644
obj=54.367
time=14.994
obj=53.181
time=16.184
obj=53.181
time=16.336
obj=52.865
time=17.019
obj=52.515
time=18.407
obj=52.127
time=18.866
obj=52.004
time=19.094
obj=51.691
time=20.755
obj=51.666
time=21.320
obj=50.948
time=21.986
obj=50.853
time=22.308
obj=50.424
time=22.521
obj=49.656
time=25.420
obj=49.656
time=25.604
obj=49.367
time=32.658
obj=47.991
time=46.000
c real margin = 0.520
peak-ub=481
buffers=8
windows=13
branches=33792155
failures=16579110
obj=480
time=1850627
buffers=8
windows=13
branches=32548507
failures=15962385
original_status=TIMEOUT
original_lb=279
obj=480
time=3600000
status=TIMEOUT
real_obj=47.991
real_time=3600000
