global=1
denseranking=1
symmetry=1
single_window=1
obj=109.627
time=12.505
obj=103.004
time=12.957
obj=103.004
time=13.122
obj=96.809
time=13.324
obj=95.979
time=13.544
obj=94.265
time=13.800
obj=92.711
time=14.060
obj=90.926
time=14.296
obj=86.518
time=14.588
obj=86.518
time=14.753
obj=85.835
time=14.950
obj=85.579
time=15.276
obj=84.896
time=15.700
obj=84.221
time=15.932
obj=83.067
time=16.259
obj=81.125
time=16.660
obj=80.446
time=18.392
obj=80.446
time=18.564
obj=78.855
time=18.785
obj=78.665
time=20.299
obj=77.797
time=20.302
obj=76.914
time=21.079
obj=76.555
time=25.704
obj=76.471
time=33.276
obj=76.161
time=46.327
obj=75.961
time=46.548
obj=74.267
time=55.927
c real margin = 0.257
peak-ub=744
buffers=8
windows=13
branches=711506
failures=337061
obj=740
time=34549
buffers=8
windows=13
branches=2975084
failures=1423246
obj=734
time=181529
buffers=8
windows=13
branches=5769608
failures=2773378
obj=731
time=462811
buffers=8
windows=13
branches=62321800
failures=30209665
obj=730
time=3386822
buffers=8
windows=13
branches=4482100
failures=2148040
original_status=TIMEOUT
original_lb=219
obj=730
time=3600000
status=TIMEOUT
real_obj=72.985
real_time=3600000
