global=1
denseranking=1
symmetry=1
single_window=1
obj=99.661
time=7.973
obj=98.868
time=8.036
obj=95.496
time=8.075
obj=85.911
time=8.107
obj=79.660
time=8.140
obj=77.286
time=8.173
obj=73.931
time=8.204
obj=73.749
time=8.239
obj=73.017
time=8.272
obj=71.600
time=8.306
obj=71.345
time=8.341
obj=67.179
time=8.377
obj=65.988
time=8.415
obj=65.644
time=8.447
obj=65.118
time=8.495
obj=65.055
time=8.758
c real margin = 0.349
peak-ub=652
buffers=4
windows=17
branches=63
failures=3
obj=642
time=1
buffers=4
windows=17
branches=13122
failures=6086
obj=640
time=105
buffers=4
windows=17
branches=2905
failures=1304
obj=624
time=128
buffers=4
windows=17
branches=4051
failures=1818
obj=588
time=161
buffers=4
windows=17
branches=80141
failures=38220
obj=583
time=712
buffers=4
windows=17
branches=123689
failures=59176
obj=579
time=1541
buffers=4
windows=17
branches=557333619
failures=274238242
original_status=TIMEOUT
original_lb=185
obj=579
time=3600000
status=TIMEOUT
real_obj=57.883
real_time=3600000
