global=1
denseranking=1
symmetry=1
single_window=1
obj=68.366
time=21.073
obj=54.981
time=21.651
obj=51.281
time=22.290
obj=46.481
time=22.964
obj=44.949
time=23.815
obj=40.629
time=24.779
obj=38.983
time=26.008
obj=38.928
time=26.980
obj=37.742
time=28.058
obj=37.713
time=29.539
obj=37.673
time=31.055
obj=37.496
time=32.054
obj=37.052
time=33.672
obj=35.167
time=35.318
obj=34.895
time=37.248
obj=34.369
time=39.253
obj=34.278
time=40.224
obj=34.007
time=41.843
obj=33.414
time=43.548
obj=33.277
time=45.898
obj=32.889
time=46.727
obj=32.832
time=48.433
obj=32.764
time=49.676
obj=32.728
time=50.941
obj=32.569
time=52.472
obj=32.284
time=55.183
obj=32.048
time=56.119
obj=31.734
time=63.810
obj=31.734
time=64.633
c real margin = 0.683
peak-ub=319
buffers=16
windows=9
branches=4383564
failures=2123677
obj=317
time=2339672
buffers=16
windows=9
branches=2412079
failures=1170962
original_status=TIMEOUT
original_lb=230
obj=317
time=3600000
status=TIMEOUT
real_obj=31.652
real_time=3600000
