global=1
denseranking=1
symmetry=1
single_window=1
obj=64.232
time=8.251
obj=63.782
time=8.391
obj=52.359
time=8.448
obj=49.606
time=8.503
obj=49.214
time=8.574
obj=48.503
time=8.668
obj=48.503
time=8.715
obj=47.274
time=8.796
obj=45.121
time=8.918
obj=43.430
time=9.086
obj=42.224
time=9.298
obj=42.012
time=9.876
obj=42.007
time=10.590
obj=41.498
time=10.647
obj=39.570
time=10.701
c real margin = 0.604
peak-ub=397
buffers=4
windows=13
branches=453
failures=185
obj=396
time=5
buffers=4
windows=13
branches=194041
failures=92155
obj=391
time=2092
buffers=4
windows=13
branches=86549
failures=40873
obj=378
time=3029
buffers=4
windows=13
branches=344612081
failures=168482489
original_status=TIMEOUT
original_lb=214
obj=378
time=3600000
status=TIMEOUT
real_obj=37.777
real_time=3600000
