global=1
denseranking=1
symmetry=1
single_window=1
obj=91.295
time=23.777
obj=90.068
time=25.663
obj=87.736
time=26.646
obj=77.433
time=27.741
obj=73.896
time=28.853
obj=72.754
time=29.853
obj=71.242
time=30.837
obj=69.668
time=32.134
obj=69.143
time=33.206
obj=68.524
time=35.542
obj=68.524
time=36.378
obj=68.341
time=41.703
obj=68.337
time=48.697
obj=67.394
time=56.318
obj=67.394
time=57.137
obj=66.978
time=58.940
obj=66.616
time=59.929
obj=65.792
time=60.904
obj=65.208
time=68.867
obj=65.208
time=69.711
obj=64.250
time=72.492
obj=64.250
time=73.316
obj=63.790
time=97.145
obj=63.790
time=97.971
obj=62.717
time=105.268
obj=62.717
time=106.085
obj=62.219
time=235.973
obj=62.219
time=236.639
c real margin = 0.378
peak-ub=624
buffers=16
windows=13
branches=3912609
failures=1708857
obj=623
time=2239524
buffers=16
windows=13
branches=2522621
failures=1107673
original_status=TIMEOUT
original_lb=258
obj=623
time=3600000
status=TIMEOUT
real_obj=62.246
real_time=3600000
