global=1
denseranking=1
symmetry=1
single_window=1
obj=91.797
time=23.354
obj=78.575
time=24.483
obj=74.419
time=25.537
obj=66.570
time=26.543
obj=65.954
time=27.709
obj=65.016
time=28.810
obj=64.404
time=29.891
obj=62.487
time=30.969
obj=59.749
time=32.030
obj=58.617
time=33.130
obj=58.320
time=34.245
obj=57.125
time=35.627
obj=56.059
time=36.688
obj=55.138
time=37.776
obj=55.007
time=39.073
obj=54.887
time=40.200
obj=54.131
time=41.757
obj=52.958
time=43.057
obj=52.349
time=44.218
obj=50.373
time=45.302
obj=49.705
time=46.992
obj=47.546
time=48.226
obj=47.185
time=50.188
obj=46.695
time=53.645
obj=46.385
time=55.596
obj=46.354
time=56.942
obj=46.017
time=59.032
obj=45.938
time=60.071
obj=45.792
time=68.259
obj=45.471
time=69.696
obj=45.267
time=70.967
obj=44.986
time=79.411
obj=44.772
time=80.487
obj=44.032
time=81.635
obj=43.750
time=82.860
obj=43.668
time=123.880
obj=43.268
time=125.067
obj=43.253
time=127.232
obj=43.226
time=128.910
obj=43.147
time=129.975
obj=43.135
time=152.891
obj=42.996
time=153.837
obj=42.793
time=445.921
c real margin = 0.572
peak-ub=429
buffers=16
windows=13
branches=6024504
failures=2774260
original_status=TIMEOUT
original_lb=297
obj=429
time=3600000
status=TIMEOUT
real_obj=42.793
real_time=3600000
