global=1
denseranking=1
symmetry=1
single_window=1
obj=82.811
time=10.161
obj=77.743
time=10.447
obj=77.040
time=10.678
obj=76.705
time=10.903
obj=75.246
time=11.126
obj=73.248
time=11.339
obj=72.283
time=11.587
obj=70.115
time=11.847
obj=69.653
time=12.100
obj=69.243
time=12.541
obj=67.938
time=12.882
obj=66.743
time=13.174
obj=66.281
time=13.516
obj=65.582
time=13.831
obj=65.529
time=14.176
obj=63.918
time=14.819
obj=63.841
time=17.064
obj=62.794
time=20.655
obj=62.737
time=21.176
obj=62.730
time=25.235
c real margin = 0.373
peak-ub=629
buffers=8
windows=17
branches=84069304
failures=41459036
original_status=TIMEOUT
original_lb=214
obj=629
time=3600000
status=TIMEOUT
real_obj=62.730
real_time=3600000
