global=1
denseranking=1
symmetry=1
single_window=1
obj=81.769
time=21.039
obj=73.654
time=21.909
obj=70.823
time=22.704
obj=69.855
time=23.713
obj=68.437
time=24.762
obj=68.074
time=25.827
obj=61.247
time=26.790
obj=60.233
time=27.844
obj=59.342
time=28.903
obj=57.771
time=29.883
obj=56.649
time=30.972
obj=55.974
time=32.421
obj=54.637
time=33.657
obj=54.479
time=34.599
obj=52.488
time=36.036
obj=51.920
time=37.282
obj=50.976
time=38.624
obj=50.667
time=39.805
obj=49.710
time=41.017
obj=49.495
time=42.322
obj=49.190
time=43.312
obj=48.844
time=44.415
obj=48.661
time=45.557
obj=48.074
time=46.823
obj=47.994
time=48.101
obj=47.561
time=49.056
obj=46.849
time=50.255
obj=46.665
time=52.219
obj=46.445
time=53.135
obj=46.106
time=54.532
obj=46.040
time=55.649
obj=44.612
time=56.790
obj=44.495
time=57.975
obj=44.070
time=59.836
obj=43.653
time=69.982
obj=43.290
time=70.889
obj=43.240
time=73.116
obj=42.903
time=73.998
obj=42.845
time=74.829
obj=42.633
time=75.693
obj=41.980
time=76.885
obj=41.922
time=283.550
c real margin = 0.581
peak-ub=421
buffers=16
windows=17
branches=6909976
failures=3134677
original_status=TIMEOUT
original_lb=233
obj=421
time=3600000
status=TIMEOUT
real_obj=41.922
real_time=3600000
