global=1
denseranking=1
symmetry=1
single_window=1
obj=81.324
time=25.764
obj=78.285
time=26.688
obj=76.891
time=27.641
obj=76.620
time=29.060
obj=76.566
time=30.229
obj=75.271
time=31.212
obj=74.453
time=32.531
obj=73.442
time=33.725
obj=71.362
time=34.744
obj=69.234
time=35.788
obj=69.065
time=36.850
obj=67.651
time=38.461
obj=66.716
time=39.482
obj=66.153
time=40.642
obj=65.807
time=41.856
obj=65.682
time=42.856
obj=63.822
time=43.951
obj=61.302
time=45.911
obj=59.835
time=47.243
obj=59.099
time=48.366
obj=58.478
time=49.616
obj=58.139
time=50.591
obj=57.586
time=51.635
obj=57.433
time=53.542
obj=57.420
time=55.094
obj=57.017
time=56.919
obj=56.985
time=62.525
obj=56.932
time=70.414
obj=55.983
time=72.106
obj=55.983
time=72.748
obj=55.338
time=73.736
obj=55.286
time=74.652
obj=54.698
time=75.640
obj=54.465
time=77.963
obj=54.112
time=81.447
obj=53.771
time=82.366
obj=53.506
time=979.674
obj=53.492
time=980.686
c real margin = 0.465
peak-ub=536
buffers=16
windows=17
branches=6664657
failures=3184091
original_status=TIMEOUT
original_lb=210
obj=536
time=3600011
status=TIMEOUT
real_obj=53.492
real_time=3600011
