global=1
denseranking=1
symmetry=1
single_window=1
obj=54.700
time=19.969
obj=41.052
time=20.498
obj=40.999
time=21.252
obj=32.624
time=22.181
obj=31.201
time=23.555
obj=30.795
time=25.546
obj=30.514
time=26.555
obj=30.202
time=27.766
obj=30.129
time=28.911
obj=30.086
time=30.326
obj=28.831
time=31.263
c real margin = 0.712
peak-ub=290
buffers=16
windows=5
branches=312
failures=131
obj=289
time=494
buffers=16
windows=5
branches=8037226
failures=3981607
original_status=TIMEOUT
original_lb=197
obj=289
time=3600014
status=TIMEOUT
real_obj=28.831
real_time=3600014
