global=1
denseranking=1
symmetry=1
single_window=1
obj=76.487
time=24.636
obj=73.510
time=25.496
obj=72.727
time=26.915
obj=69.366
time=27.835
obj=68.493
time=28.758
obj=67.422
time=29.873
obj=66.599
time=30.841
obj=66.409
time=32.008
obj=63.844
time=32.921
obj=62.793
time=34.037
obj=62.719
time=35.506
obj=62.249
time=36.512
obj=62.214
time=38.337
obj=61.131
time=39.368
obj=59.690
time=41.692
obj=59.452
time=44.453
obj=59.406
time=45.362
obj=58.866
time=46.323
obj=57.031
time=48.343
obj=57.022
time=50.357
obj=56.084
time=54.866
obj=56.031
time=57.079
obj=55.934
time=58.517
obj=55.083
time=65.097
obj=55.083
time=65.778
obj=54.825
time=71.579
obj=54.417
time=72.788
obj=54.118
time=75.398
obj=53.768
time=76.289
obj=53.660
time=113.310
obj=53.337
time=114.490
obj=53.103
time=119.038
obj=53.103
time=119.825
obj=53.032
time=231.650
obj=53.032
time=232.232
obj=52.120
time=235.926
obj=52.120
time=236.471
c real margin = 0.479
peak-ub=523
buffers=16
windows=13
branches=7478856
failures=3631680
original_status=TIMEOUT
original_lb=259
obj=523
time=3600000
status=TIMEOUT
real_obj=52.120
real_time=3600000
