global=1
denseranking=1
symmetry=1
single_window=1
obj=31.927
time=22.786
obj=31.880
time=24.305
obj=30.531
time=25.312
obj=27.473
time=26.361
obj=27.082
time=27.358
obj=27.048
time=28.478
obj=25.717
time=29.372
obj=25.399
time=30.589
obj=25.397
time=32.910
obj=25.351
time=34.420
obj=25.153
time=36.247
obj=24.730
time=38.790
c real margin = 0.753
peak-ub=249
buffers=16
windows=5
branches=338
failures=131
obj=248
time=387
buffers=16
windows=5
branches=60
failures=31
original_status=UNSAT
original_lb=215
obj=248
time=626
status=OPTIMAL
real_obj=24.730
real_time=626
