global=1
denseranking=1
symmetry=1
single_window=1
obj=59.642
time=20.940
obj=57.792
time=22.517
obj=54.532
time=23.296
obj=54.117
time=24.136
obj=53.985
time=25.129
obj=51.687
time=25.970
obj=51.431
time=26.810
obj=51.018
time=27.690
obj=48.715
time=28.546
obj=48.327
time=29.378
obj=48.068
time=30.470
obj=47.550
time=31.414
obj=46.607
time=32.634
obj=46.524
time=33.717
obj=46.257
time=34.743
obj=46.106
time=36.151
obj=44.552
time=37.178
obj=44.490
time=37.937
obj=44.388
time=38.934
obj=44.118
time=40.158
obj=43.725
time=41.479
obj=43.647
time=42.288
obj=43.490
time=43.587
obj=43.074
time=44.689
obj=43.001
time=45.766
obj=42.689
time=46.841
obj=42.512
time=48.215
obj=42.074
time=49.317
obj=41.936
time=50.323
obj=41.903
time=51.971
obj=41.879
time=52.928
obj=41.562
time=54.050
obj=41.514
time=55.898
obj=41.066
time=56.986
obj=40.861
time=58.134
obj=39.977
time=59.709
obj=39.830
time=61.950
obj=39.496
time=66.302
obj=39.496
time=67.043
obj=39.163
time=74.104
obj=39.144
time=75.268
obj=38.460
time=77.601
obj=37.962
time=83.652
obj=37.945
time=84.715
obj=37.506
time=86.014
obj=37.373
time=87.275
obj=37.364
time=88.291
obj=37.322
time=93.661
obj=37.281
time=111.922
obj=37.191
time=112.804
obj=37.120
time=172.635
obj=37.038
time=173.640
obj=36.911
time=200.717
obj=36.694
time=230.626
obj=36.685
time=642.838
c real margin = 0.633
peak-ub=368
buffers=16
windows=13
branches=7330651
failures=3547523
original_status=TIMEOUT
original_lb=235
obj=368
time=3600000
status=TIMEOUT
real_obj=36.685
real_time=3600000
