global=1
denseranking=1
symmetry=1
single_window=1
obj=54.577
time=10.764
obj=47.451
time=10.957
obj=45.888
time=11.047
obj=45.083
time=11.130
obj=44.942
time=11.213
obj=43.856
time=11.293
obj=43.208
time=11.387
obj=43.133
time=11.491
obj=43.101
time=11.595
obj=42.984
time=11.746
obj=41.453
time=11.895
obj=41.208
time=11.974
obj=39.820
time=12.066
obj=38.293
time=12.138
obj=37.294
time=12.391
obj=37.294
time=12.458
obj=36.888
time=419.526
obj=36.715
time=427.232
c real margin = 0.633
peak-ub=369
buffers=4
windows=13
branches=13668
failures=6332
obj=368
time=167
buffers=4
windows=13
branches=220948893
failures=108705116
obj=366
time=2547728
buffers=4
windows=13
branches=87561783
failures=43055426
original_status=TIMEOUT
original_lb=236
obj=366
time=3600000
status=TIMEOUT
real_obj=36.541
real_time=3600000
