global=1
denseranking=1
symmetry=1
single_window=1
obj=52.081
time=12.476
obj=42.678
time=12.701
obj=40.329
time=12.940
obj=40.081
time=13.168
obj=38.097
time=13.401
obj=37.726
time=13.664
obj=37.297
time=13.896
obj=36.870
time=14.142
obj=36.390
time=14.398
obj=36.297
time=14.641
obj=34.950
time=14.893
obj=33.939
time=15.158
obj=33.259
time=15.499
obj=30.378
time=15.848
obj=27.924
time=16.369
c real margin = 0.721
peak-ub=281
buffers=8
windows=9
branches=2291
failures=1097
obj=280
time=185
buffers=8
windows=9
branches=1425242
failures=706565
obj=264
time=84819
buffers=8
windows=9
branches=6061
failures=2973
obj=263
time=85742
buffers=8
windows=9
branches=14780
failures=7289
obj=261
time=87818
buffers=8
windows=9
branches=14947
failures=7367
obj=259
time=89875
buffers=8
windows=9
branches=44850840
failures=22338071
original_status=TIMEOUT
original_lb=196
obj=259
time=3600000
status=TIMEOUT
real_obj=25.825
real_time=3600000
