global=1
denseranking=1
symmetry=1
single_window=1
obj=55.069
time=22.593
obj=54.172
time=23.277
obj=43.852
time=24.020
obj=43.682
time=25.410
obj=42.029
time=26.684
obj=41.150
time=27.743
obj=40.878
time=29.223
obj=40.842
time=30.951
obj=40.139
time=33.362
obj=39.797
time=35.418
obj=39.052
time=36.813
obj=38.966
time=39.111
obj=38.675
time=41.126
obj=38.389
time=43.114
obj=37.693
time=46.006
obj=37.677
time=49.286
obj=37.449
time=51.678
obj=37.220
time=54.369
obj=37.194
time=57.012
obj=37.140
time=58.035
obj=36.759
time=61.373
obj=36.518
time=64.589
obj=36.160
time=69.033
obj=36.006
time=77.777
obj=35.985
time=87.544
obj=35.859
time=93.299
obj=35.776
time=94.318
obj=35.447
time=115.109
obj=35.447
time=115.766
obj=35.212
time=120.891
obj=35.212
time=121.549
obj=35.057
time=123.397
obj=34.365
time=134.819
obj=34.365
time=135.473
obj=34.304
time=178.994
obj=34.304
time=179.678
obj=34.099
time=182.644
obj=34.025
time=211.055
obj=34.025
time=211.744
obj=33.970
time=268.236
c real margin = 0.660
peak-ub=341
buffers=16
windows=9
branches=5806464
failures=2755401
original_status=TIMEOUT
original_lb=181
obj=341
time=3600000
status=TIMEOUT
real_obj=33.970
real_time=3600000
