global=1
denseranking=1
symmetry=1
single_window=1
obj=87.551
time=10.028
obj=79.623
time=10.567
obj=78.491
time=10.804
obj=75.623
time=11.032
obj=75.466
time=11.351
obj=66.877
time=11.663
obj=63.900
time=11.968
obj=63.738
time=12.267
obj=51.763
time=12.572
obj=51.041
time=12.963
obj=49.850
time=13.278
obj=47.701
time=13.682
obj=47.628
time=14.020
obj=47.623
time=14.384
obj=46.402
time=14.967
obj=46.402
time=15.268
obj=46.219
time=16.784
obj=45.387
time=17.649
obj=45.387
time=17.948
obj=44.367
time=18.697
c real margin = 0.556
peak-ub=445
buffers=8
windows=17
branches=21792
failures=9835
obj=444
time=1222
buffers=8
windows=17
branches=30491
failures=13819
obj=436
time=3085
buffers=8
windows=17
branches=275411
failures=129864
obj=428
time=17979
buffers=8
windows=17
branches=49827
failures=23055
obj=422
time=20708
buffers=8
windows=17
branches=61939
failures=28722
obj=421
time=24515
buffers=8
windows=17
branches=155676
failures=72989
obj=420
time=34268
buffers=8
windows=17
branches=838009
failures=398702
obj=418
time=84871
buffers=8
windows=17
branches=3625190
failures=1743049
obj=417
time=301028
buffers=8
windows=17
branches=2662566
failures=1280199
obj=416
time=458980
buffers=8
windows=17
branches=16462628
failures=7967064
obj=415
time=1458113
buffers=8
windows=17
branches=35870553
failures=17402927
original_status=TIMEOUT
original_lb=263
obj=415
time=3600000
status=TIMEOUT
real_obj=41.403
real_time=3600000
