global=1
denseranking=1
symmetry=1
single_window=1
obj=83.277
time=23.323
obj=82.990
time=25.079
obj=81.228
time=26.013
obj=80.479
time=26.933
obj=80.179
time=28.140
obj=79.810
time=28.909
obj=79.732
time=29.977
obj=79.572
time=31.044
obj=79.294
time=31.839
obj=78.781
time=32.636
obj=77.855
time=33.536
obj=76.895
time=34.719
obj=75.538
time=35.717
obj=75.538
time=36.399
obj=74.976
time=37.199
obj=74.117
time=38.808
obj=73.328
time=40.157
obj=72.733
time=41.919
obj=72.197
time=44.723
obj=70.309
time=45.561
obj=69.191
time=47.359
obj=69.191
time=48.042
obj=68.645
time=48.822
obj=68.135
time=50.335
obj=68.105
time=51.099
obj=68.085
time=59.168
obj=67.597
time=70.167
obj=67.338
time=102.590
obj=67.220
time=103.264
obj=67.214
time=104.800
obj=67.193
time=118.991
obj=66.948
time=166.484
obj=66.806
time=187.908
obj=66.581
time=208.194
obj=66.539
time=208.858
obj=66.327
time=224.181
obj=66.327
time=224.848
obj=66.122
time=553.765
obj=65.916
time=578.394
obj=65.576
time=1529.803
obj=65.576
time=1530.465
obj=65.573
time=2254.142
obj=65.145
time=2712.495
c real margin = 0.349
peak-ub=653
buffers=16
windows=17
branches=552141
failures=234027
obj=650
time=309266
buffers=16
windows=17
branches=2657179
failures=1158409
obj=647
time=1689744
buffers=16
windows=17
branches=145572
failures=58010
obj=644
time=1776377
buffers=16
windows=17
branches=798047
failures=337733
obj=642
time=2200112
buffers=16
windows=17
branches=684331
failures=288108
obj=637
time=2588747
buffers=16
windows=17
branches=411571
failures=170096
obj=636
time=2818051
buffers=16
windows=17
branches=1509217
failures=646667
original_status=TIMEOUT
original_lb=255
obj=636
time=3600003
status=TIMEOUT
real_obj=135.559
real_time=3600003
