global=1
denseranking=1
symmetry=1
single_window=1
obj=72.728
time=2.853
obj=65.735
time=2.914
obj=64.886
time=3.012
obj=62.890
time=3.071
obj=59.623
time=3.129
obj=56.871
time=3.201
obj=56.750
time=3.261
obj=56.729
time=3.334
obj=56.528
time=3.491
obj=56.444
time=3.571
obj=56.167
time=3.661
obj=56.160
time=3.737
obj=56.128
time=3.961
obj=55.667
time=4.403
obj=53.984
time=4.834
obj=53.585
time=5.205
obj=53.559
time=5.393
obj=52.712
time=5.789
obj=52.453
time=6.502
obj=52.108
time=7.387
obj=51.772
time=8.662
obj=51.772
time=8.807
obj=51.338
time=11.443
obj=51.338
time=11.598
obj=50.689
time=11.817
obj=50.050
time=12.079
obj=50.017
time=12.671
c real margin = 0.500
peak-ub=502
buffers=8
windows=9
branches=4673
failures=2165
obj=497
time=336
buffers=8
windows=9
branches=13930447
failures=6837506
obj=496
time=794555
buffers=8
windows=9
branches=10913769
failures=5362252
obj=495
time=1399570
buffers=8
windows=9
branches=38550747
failures=18950953
original_status=TIMEOUT
original_lb=331
obj=495
time=3600000
status=TIMEOUT
real_obj=49.457
real_time=3600000
