global=1
denseranking=1
symmetry=1
single_window=1
obj=61.395
time=22.418
obj=54.293
time=22.943
obj=52.997
time=23.966
obj=47.033
time=24.822
obj=46.024
time=25.877
obj=45.204
time=27.363
obj=43.735
time=28.322
obj=43.202
time=29.532
obj=42.723
time=30.508
obj=42.124
time=31.740
obj=41.911
time=32.871
obj=41.284
time=33.898
obj=40.883
time=35.093
obj=40.468
time=36.488
obj=38.693
time=37.932
obj=38.692
time=39.382
obj=38.681
time=40.237
obj=38.101
time=41.369
obj=37.420
time=42.948
obj=36.065
time=44.889
obj=35.251
time=47.944
obj=35.251
time=48.578
obj=35.141
time=50.313
obj=35.025
time=52.045
obj=34.255
time=53.866
obj=34.069
time=55.031
c real margin = 0.659
peak-ub=342
buffers=16
windows=5
branches=64510
failures=31203
obj=341
time=51045
buffers=16
windows=5
branches=4021290
failures=1999803
original_status=TIMEOUT
original_lb=261
obj=341
time=3600004
status=TIMEOUT
real_obj=34.069
real_time=3600004
