global=1
denseranking=1
symmetry=1
single_window=1
obj=64.322
time=9.649
obj=56.814
time=9.774
obj=55.009
time=9.871
obj=49.895
time=9.965
obj=48.416
time=10.065
obj=44.147
time=10.171
obj=43.524
time=10.287
obj=42.203
time=10.409
obj=41.873
time=10.507
obj=41.853
time=10.599
obj=40.000
time=10.688
obj=39.073
time=11.328
obj=37.951
time=11.423
obj=37.576
time=11.551
c real margin = 0.624
peak-ub=377
buffers=4
windows=17
branches=3906
failures=1746
obj=376
time=48
buffers=4
windows=17
branches=3352
failures=1512
obj=375
time=91
buffers=4
windows=17
branches=4634
failures=2085
obj=373
time=148
buffers=4
windows=17
branches=6243
failures=2863
obj=368
time=224
buffers=4
windows=17
branches=45916
failures=21738
obj=365
time=765
buffers=4
windows=17
branches=332785921
failures=163453510
original_status=TIMEOUT
original_lb=177
obj=365
time=3600000
status=TIMEOUT
real_obj=36.469
real_time=3600000
