global=1
denseranking=1
symmetry=1
single_window=1
obj=60.879
time=0.000
obj=60.808
time=0.000
obj=57.043
time=0.000
obj=55.542
time=0.000
obj=55.279
time=0.000
obj=55.262
time=0.000
obj=54.074
time=0.000
obj=51.386
time=0.000
obj=49.870
time=0.000
obj=49.147
time=0.000
obj=48.972
time=0.000
obj=47.427
time=0.000
obj=46.722
time=0.000
obj=44.791
time=0.000
obj=44.712
time=0.183
obj=44.267
time=0.292
obj=44.016
time=0.515
obj=44.016
time=0.579
obj=43.843
time=2.553
obj=43.661
time=2.636
obj=43.483
time=7.139
obj=43.132
time=7.390
obj=43.059
time=10.106
obj=42.939
time=10.188
obj=42.321
time=141.860
c real margin = 0.577
peak-ub=425
buffers=4
windows=17
branches=69
failures=5
obj=424
time=1
buffers=4
windows=17
branches=13369
failures=5923
obj=409
time=162
buffers=4
windows=17
branches=23156
failures=10528
obj=399
time=434
buffers=4
windows=17
branches=444341
failures=210227
obj=396
time=5749
buffers=4
windows=17
branches=300060404
failures=145790701
original_status=TIMEOUT
original_lb=222
obj=396
time=3600000
status=TIMEOUT
real_obj=39.585
real_time=3600000
