global=1
denseranking=1
symmetry=1
single_window=1
obj=58.613
time=13.946
obj=52.665
time=14.395
obj=49.934
time=14.888
obj=48.562
time=15.521
obj=45.778
time=16.189
obj=40.623
time=16.901
obj=40.014
time=17.727
obj=39.966
time=18.348
obj=38.644
time=19.182
obj=38.553
time=19.996
obj=38.325
time=20.690
obj=37.144
time=21.462
obj=37.015
time=22.233
obj=35.719
time=22.775
obj=35.166
time=23.547
obj=34.621
time=24.173
obj=33.490
time=24.830
obj=32.794
time=25.579
obj=32.549
time=51.983
obj=32.076
time=52.992
c real margin = 0.679
peak-ub=322
buffers=16
windows=9
branches=6762
failures=2611
obj=312
time=6321
buffers=16
windows=9
branches=5175518
failures=2380990
original_status=TIMEOUT
original_lb=192
obj=312
time=3600000
status=TIMEOUT
real_obj=31.191
real_time=3600000
