global=1
denseranking=1
symmetry=1
single_window=1
obj=89.434
time=10.518
obj=55.765
time=10.624
obj=54.897
time=10.712
obj=53.714
time=10.780
obj=53.055
time=10.847
obj=53.046
time=10.964
obj=51.394
time=11.043
obj=50.598
time=11.153
obj=48.694
time=11.220
obj=47.882
time=11.286
obj=47.813
time=12.235
obj=47.351
time=12.718
obj=45.408
time=13.159
obj=45.408
time=13.216
obj=44.747
time=21.923
c real margin = 0.553
peak-ub=449
buffers=4
windows=13
branches=26335
failures=12410
obj=448
time=281
buffers=4
windows=13
branches=52427
failures=24927
obj=445
time=826
buffers=4
windows=13
branches=4773
failures=2186
obj=438
time=877
buffers=4
windows=13
branches=1345620
failures=654030
obj=436
time=14392
buffers=4
windows=13
branches=4773901
failures=2333658
obj=435
time=61818
buffers=4
windows=13
branches=3871730
failures=1889928
obj=434
time=105335
buffers=4
windows=13
branches=319896207
failures=157480132
original_status=TIMEOUT
original_lb=180
obj=434
time=3600000
status=TIMEOUT
real_obj=43.313
real_time=3600000
