global=1
denseranking=1
symmetry=1
single_window=1
obj=52.479
time=11.968
obj=50.369
time=12.199
obj=49.590
time=12.429
obj=46.799
time=12.727
obj=45.434
time=12.984
obj=44.961
time=13.216
obj=44.497
time=13.443
obj=43.780
time=13.777
obj=42.859
time=14.227
obj=42.173
time=14.474
obj=41.714
time=15.086
obj=40.562
time=16.090
obj=40.399
time=17.383
obj=39.192
time=17.639
obj=39.081
time=17.866
obj=38.500
time=19.049
obj=38.285
time=19.261
c real margin = 0.617
peak-ub=384
buffers=8
windows=9
branches=29960
failures=13640
obj=380
time=2733
buffers=8
windows=9
branches=9967
failures=4497
obj=377
time=3672
buffers=8
windows=9
branches=122712
failures=57503
obj=373
time=12826
buffers=8
windows=9
branches=7955
failures=3593
obj=369
time=13446
buffers=8
windows=9
branches=114089
failures=53848
obj=367
time=23364
buffers=8
windows=9
branches=49151995
failures=23937994
original_status=TIMEOUT
original_lb=177
obj=367
time=3600000
status=TIMEOUT
real_obj=36.697
real_time=3600000
