global=1
denseranking=1
symmetry=1
single_window=1
obj=52.930
time=11.878
obj=52.638
time=12.395
obj=46.178
time=12.642
obj=45.249
time=12.932
obj=45.063
time=13.609
obj=43.488
time=13.859
obj=42.762
time=17.069
obj=42.063
time=17.288
obj=41.911
time=19.428
obj=41.603
time=39.078
obj=41.202
time=39.299
obj=41.149
time=49.660
c real margin = 0.589
peak-ub=413
buffers=8
windows=13
branches=21715
failures=9343
obj=412
time=1197
buffers=8
windows=13
branches=2665
failures=1063
obj=410
time=1359
buffers=8
windows=13
branches=677
failures=217
obj=401
time=1414
buffers=8
windows=13
branches=20316
failures=8785
obj=400
time=2463
buffers=8
windows=13
branches=12398
failures=5158
obj=398
time=3217
buffers=8
windows=13
branches=112605
failures=50556
obj=396
time=8807
buffers=8
windows=13
branches=331179
failures=150925
obj=384
time=25647
buffers=8
windows=13
branches=1345807
failures=626090
obj=383
time=86178
buffers=8
windows=13
branches=88364423
failures=42112001
original_status=TIMEOUT
original_lb=192
obj=383
time=3600000
status=TIMEOUT
real_obj=38.263
real_time=3600000
