global=1
denseranking=1
symmetry=1
single_window=1
obj=70.910
time=10.996
obj=68.363
time=11.444
obj=67.242
time=11.651
obj=66.921
time=11.875
obj=64.444
time=12.138
obj=64.038
time=12.346
obj=63.943
time=12.581
obj=60.382
time=12.817
obj=60.353
time=13.021
obj=60.266
time=13.302
obj=59.966
time=13.502
obj=59.747
time=13.750
obj=58.250
time=14.010
obj=57.048
time=14.188
obj=55.808
time=14.476
obj=55.439
time=14.799
obj=55.122
time=15.189
obj=53.970
time=15.709
obj=53.359
time=15.955
obj=51.265
time=16.364
c real margin = 0.487
peak-ub=514
buffers=8
windows=17
branches=1345613
failures=624933
obj=513
time=71441
buffers=8
windows=17
branches=3979963
failures=1860572
obj=508
time=285164
buffers=8
windows=17
branches=7555811
failures=3557327
obj=498
time=688900
buffers=8
windows=17
branches=55622831
failures=26525833
original_status=TIMEOUT
original_lb=153
obj=498
time=3600000
status=TIMEOUT
real_obj=49.796
real_time=3600000
