global=1
denseranking=1
symmetry=1
single_window=1
obj=105.620
time=5.610
obj=104.179
time=5.657
obj=93.275
time=5.705
obj=89.578
time=5.741
obj=88.347
time=5.773
obj=87.388
time=5.808
obj=87.097
time=5.844
obj=86.676
time=5.884
obj=86.436
time=5.919
obj=86.257
time=5.977
obj=83.594
time=6.011
obj=82.970
time=6.713
obj=82.406
time=10.156
obj=81.728
time=10.278
obj=80.531
time=12.419
c real margin = 0.195
peak-ub=807
buffers=4
windows=17
branches=8069
failures=3728
obj=806
time=76
buffers=4
windows=17
branches=33409
failures=15758
obj=785
time=396
buffers=4
windows=17
branches=1091738
failures=529875
obj=783
time=10493
buffers=4
windows=17
branches=307075
failures=147786
obj=780
time=13353
buffers=4
windows=17
branches=6614591
failures=3223425
obj=774
time=74739
buffers=4
windows=17
branches=7607114
failures=3709183
obj=770
time=145844
buffers=4
windows=17
branches=369962555
failures=181754986
original_status=TIMEOUT
original_lb=235
obj=770
time=3600000
status=TIMEOUT
real_obj=76.971
real_time=3600000
