global=1
denseranking=1
symmetry=1
single_window=1
obj=37.940
time=7.376
obj=33.269
time=7.513
obj=32.872
time=7.573
obj=30.139
time=7.640
c real margin = 0.699
peak-ub=303
buffers=4
windows=13
branches=61
failures=8
obj=302
time=1
buffers=4
windows=13
branches=1132
failures=533
obj=277
time=13
buffers=4
windows=13
branches=74
failures=15
obj=273
time=14
buffers=4
windows=13
branches=14731
failures=7303
original_status=UNSAT
original_lb=165
obj=273
time=178
status=OPTIMAL
real_obj=27.236
real_time=178
