global=1
denseranking=1
symmetry=1
single_window=1
obj=79.690
time=17.601
obj=67.430
time=18.251
obj=61.163
time=18.810
obj=60.324
time=19.588
obj=57.635
time=20.369
obj=56.399
time=21.258
obj=54.979
time=22.157
obj=54.730
time=22.863
obj=52.053
time=23.682
obj=51.087
time=24.544
obj=48.708
time=25.422
obj=47.254
time=26.315
obj=46.871
time=27.052
obj=45.608
time=27.871
obj=45.426
time=28.878
obj=42.947
time=29.864
obj=42.883
time=30.806
obj=42.849
time=31.645
obj=42.237
time=32.599
obj=40.349
time=33.485
obj=40.109
time=34.366
obj=38.863
time=35.133
obj=38.608
time=36.147
obj=38.471
time=37.310
obj=38.421
time=38.236
obj=38.350
time=39.144
obj=38.171
time=40.502
obj=37.874
time=42.075
obj=37.706
time=44.774
obj=37.353
time=46.185
obj=37.350
time=47.071
obj=37.308
time=49.355
obj=36.887
time=50.271
obj=36.431
time=51.294
obj=36.246
time=53.158
obj=35.924
time=54.523
obj=35.641
time=60.379
obj=35.543
time=61.977
obj=35.382
time=62.852
obj=35.353
time=63.865
obj=35.219
time=64.713
obj=34.843
time=67.637
obj=34.808
time=69.199
obj=34.605
time=70.264
obj=34.421
time=71.962
obj=34.421
time=72.674
obj=34.387
time=74.239
obj=34.251
time=77.785
obj=34.084
time=78.560
obj=34.070
time=79.762
obj=33.812
time=86.489
obj=33.805
time=88.357
obj=33.762
time=89.119
c real margin = 0.662
peak-ub=339
buffers=16
windows=17
branches=7681272
failures=3572316
original_status=TIMEOUT
original_lb=199
obj=339
time=3600003
status=TIMEOUT
real_obj=33.762
real_time=3600003
