global=1
denseranking=1
symmetry=1
single_window=1
obj=87.783
time=10.690
obj=83.864
time=10.902
obj=81.552
time=10.992
obj=79.220
time=11.079
obj=77.491
time=11.165
obj=77.245
time=11.252
obj=72.559
time=11.345
obj=70.344
time=11.418
obj=70.311
time=11.491
obj=69.214
time=11.669
obj=69.111
time=11.934
obj=69.111
time=12.000
obj=69.042
time=13.285
obj=69.013
time=14.834
obj=67.484
time=14.993
obj=67.051
time=20.887
obj=67.010
time=21.600
obj=65.680
time=22.861
obj=65.680
time=22.930
obj=65.376
time=24.839
obj=65.069
time=73.513
obj=64.585
time=73.609
obj=64.322
time=79.850
obj=63.025
time=196.398
c real margin = 0.370
peak-ub=632
buffers=4
windows=17
branches=622407
failures=295849
obj=630
time=5726
buffers=4
windows=17
branches=416147754
failures=202689859
original_status=TIMEOUT
original_lb=125
obj=630
time=3600000
status=TIMEOUT
real_obj=62.971
real_time=3600000
