global=1
denseranking=1
symmetry=1
single_window=1
obj=79.615
time=26.352
obj=78.859
time=28.028
obj=78.793
time=29.080
obj=78.750
time=30.206
obj=72.072
time=31.157
obj=72.042
time=31.999
obj=69.930
time=32.924
obj=67.492
time=33.892
obj=66.469
time=34.864
obj=66.392
time=36.239
obj=66.253
time=37.148
obj=65.441
time=38.531
obj=63.493
time=39.436
obj=62.384
time=41.246
obj=61.860
time=42.197
obj=61.716
time=43.223
obj=61.027
time=44.703
obj=59.868
time=46.505
obj=59.868
time=47.255
obj=59.510
time=48.696
obj=57.579
time=49.580
obj=57.378
time=50.581
obj=57.115
time=57.272
obj=57.115
time=58.059
obj=56.940
time=59.038
obj=56.486
time=63.931
obj=56.486
time=64.723
obj=56.431
time=65.720
obj=56.081
time=82.532
obj=56.081
time=83.267
obj=55.772
time=84.221
obj=55.519
time=85.100
obj=55.298
time=97.396
obj=55.245
time=99.374
obj=55.217
time=101.613
obj=54.748
time=105.359
obj=54.748
time=106.095
obj=53.850
time=111.583
obj=53.850
time=112.221
obj=52.947
time=120.979
obj=52.947
time=121.712
obj=52.349
time=139.729
obj=52.349
time=140.339
obj=52.269
time=141.111
obj=51.798
time=146.339
obj=51.798
time=146.952
c real margin = 0.482
peak-ub=519
buffers=16
windows=13
branches=6638414
failures=2994122
original_status=TIMEOUT
original_lb=205
obj=519
time=3600000
status=TIMEOUT
real_obj=51.798
real_time=3600000
