global=1
denseranking=1
symmetry=1
single_window=1
obj=79.151
time=10.848
obj=68.193
time=10.956
obj=62.551
time=11.043
obj=56.973
time=11.155
obj=54.571
time=11.243
obj=54.187
time=11.427
obj=53.356
time=12.064
obj=52.848
time=12.135
c real margin = 0.472
peak-ub=530
buffers=4
windows=13
branches=545
failures=236
obj=514
time=7
buffers=4
windows=13
branches=472
failures=202
obj=510
time=12
buffers=4
windows=13
branches=2210
failures=1043
obj=504
time=37
buffers=4
windows=13
branches=639
failures=286
obj=502
time=44
buffers=4
windows=13
branches=1904
failures=890
obj=500
time=66
buffers=4
windows=13
branches=1347
failures=616
obj=484
time=81
buffers=4
windows=13
branches=221624303
failures=109810689
original_status=UNSAT
original_lb=240
obj=484
time=2173888
status=OPTIMAL
real_obj=48.388
real_time=2173888
