global=1
denseranking=1
symmetry=1
single_window=1
obj=36.647
time=15.232
obj=36.335
time=15.718
obj=33.834
time=16.032
obj=32.895
time=16.426
obj=31.166
time=16.691
obj=31.031
time=17.441
obj=30.908
time=19.549
obj=30.401
time=20.887
obj=30.112
time=30.641
obj=30.009
time=31.707
c real margin = 0.700
peak-ub=302
buffers=8
windows=9
branches=215815
failures=101733
obj=301
time=16289
buffers=8
windows=9
branches=1186182
failures=564504
obj=298
time=97373
buffers=8
windows=9
branches=10572476
failures=5088724
obj=295
time=768172
buffers=8
windows=9
branches=45498278
failures=21963758
original_status=TIMEOUT
original_lb=209
obj=295
time=3600000
status=TIMEOUT
real_obj=29.445
real_time=3600000
