global=1
denseranking=1
symmetry=1
single_window=1
obj=40.431
time=8.965
obj=38.936
time=9.120
obj=38.058
time=9.191
obj=37.897
time=10.991
obj=37.859
time=19.013
c real margin = 0.621
peak-ub=380
buffers=4
windows=9
branches=469
failures=204
obj=379
time=6
buffers=4
windows=9
branches=1785
failures=823
obj=378
time=30
buffers=4
windows=9
branches=131391
failures=63932
obj=367
time=1781
buffers=4
windows=9
branches=22975041
failures=11355083
original_status=UNSAT
original_lb=182
obj=367
time=289693
status=OPTIMAL
real_obj=36.623
real_time=289693
