global=1
denseranking=1
symmetry=1
single_window=1
obj=50.658
time=22.520
obj=46.485
time=23.055
obj=41.473
time=23.809
obj=41.458
time=24.769
obj=40.822
time=26.080
obj=40.589
time=27.098
obj=40.490
time=28.118
obj=39.186
time=28.942
obj=38.517
time=30.770
obj=37.512
time=34.068
obj=35.796
time=35.039
obj=35.510
time=35.837
obj=35.323
time=38.807
obj=34.877
time=43.678
obj=34.625
time=49.544
obj=34.602
time=53.840
obj=34.523
time=55.642
c real margin = 0.655
peak-ub=347
buffers=16
windows=5
branches=5099664
failures=2520470
original_status=TIMEOUT
original_lb=205
obj=347
time=3600001
status=TIMEOUT
real_obj=34.523
real_time=3600001
