global=1
denseranking=1
symmetry=1
single_window=1
obj=93.798
time=10.106
obj=72.771
time=10.243
obj=72.298
time=10.370
obj=61.222
time=10.486
obj=56.226
time=10.610
obj=55.988
time=10.792
obj=53.604
time=10.919
obj=52.308
time=11.102
obj=52.234
time=11.236
obj=49.547
time=11.353
obj=45.383
time=11.618
obj=45.183
time=11.863
obj=45.000
time=12.043
obj=43.619
time=12.703
obj=43.510
time=12.892
obj=43.365
time=13.423
obj=43.275
time=16.408
obj=41.366
time=16.608
obj=41.026
time=22.774
c real margin = 0.590
peak-ub=412
buffers=8
windows=9
branches=307096
failures=147902
obj=408
time=18976
buffers=8
windows=9
branches=790642
failures=382284
obj=393
time=65183
buffers=8
windows=9
branches=1857554
failures=902498
obj=390
time=174546
buffers=8
windows=9
branches=16753214
failures=8200820
obj=387
time=1092518
buffers=8
windows=9
branches=47967804
failures=23556086
original_status=TIMEOUT
original_lb=305
obj=387
time=3600000
status=TIMEOUT
real_obj=38.699
real_time=3600000
