global=1
denseranking=1
symmetry=1
single_window=1
obj=87.001
time=8.775
obj=72.569
time=8.873
obj=68.537
time=8.917
obj=66.426
time=8.958
obj=53.298
time=9.001
obj=51.288
time=9.059
obj=49.904
time=9.120
obj=48.331
time=9.185
obj=45.150
time=9.248
obj=45.150
time=9.283
obj=43.872
time=9.386
c real margin = 0.561
peak-ub=440
buffers=4
windows=9
branches=40
failures=6
obj=439
time=0
buffers=4
windows=9
branches=66
failures=20
obj=430
time=1
buffers=4
windows=9
branches=287823745
failures=142371032
original_status=TIMEOUT
original_lb=156
obj=430
time=3600000
status=TIMEOUT
real_obj=42.991
real_time=3600000
