global=1
denseranking=1
symmetry=1
single_window=1
obj=79.201
time=13.824
obj=77.704
time=14.364
obj=75.962
time=14.605
obj=75.301
time=15.114
obj=74.615
time=15.343
obj=74.598
time=15.688
obj=74.288
time=16.248
obj=73.347
time=16.635
obj=72.576
time=17.347
obj=70.106
time=18.053
obj=68.308
time=18.275
obj=67.295
time=18.836
obj=66.764
time=19.143
obj=65.661
time=21.119
obj=65.661
time=21.296
obj=64.934
time=21.928
obj=64.866
time=30.095
obj=64.853
time=31.565
obj=64.826
time=32.099
obj=64.650
time=32.457
obj=63.828
time=37.873
obj=63.759
time=44.748
obj=63.316
time=56.899
obj=62.473
time=57.861
obj=62.354
time=58.142
obj=61.376
time=58.393
obj=60.007
time=58.755
c real margin = 0.400
peak-ub=602
buffers=8
windows=13
branches=61992844
failures=30411038
original_status=TIMEOUT
original_lb=214
obj=602
time=3600000
status=TIMEOUT
real_obj=60.007
real_time=3600000
