global=1
denseranking=1
symmetry=1
single_window=1
obj=85.789
time=8.638
obj=81.814
time=8.917
obj=67.511
time=9.155
obj=63.552
time=9.351
obj=61.963
time=9.585
obj=60.501
time=9.788
obj=57.545
time=9.990
obj=57.474
time=10.233
obj=57.401
time=10.425
obj=56.453
time=10.630
obj=56.075
time=10.945
obj=53.746
time=11.135
obj=51.304
time=11.544
obj=51.304
time=11.719
obj=51.296
time=11.968
obj=51.183
time=12.164
c real margin = 0.488
peak-ub=513
buffers=8
windows=17
branches=70982
failures=30368
obj=509
time=4004
buffers=8
windows=17
branches=178223
failures=77550
obj=508
time=13714
buffers=8
windows=17
branches=182548
failures=79541
obj=504
time=23832
buffers=8
windows=17
branches=701338
failures=315145
obj=499
time=60019
buffers=8
windows=17
branches=2495058
failures=1149202
obj=495
time=182103
buffers=8
windows=17
branches=5308213
failures=2463820
obj=469
time=435407
buffers=8
windows=17
branches=71695924
failures=33717147
original_status=TIMEOUT
original_lb=262
obj=469
time=3600000
status=TIMEOUT
real_obj=46.857
real_time=3600000
