global=1
denseranking=1
symmetry=1
single_window=1
obj=57.610
time=17.152
obj=52.702
time=17.600
obj=52.269
time=18.431
obj=51.780
time=19.393
obj=51.767
time=20.168
obj=48.733
time=21.032
obj=48.328
time=21.674
obj=48.116
time=22.443
obj=47.725
time=23.464
obj=45.854
time=24.156
obj=45.128
time=24.953
obj=44.990
time=26.111
obj=44.620
time=26.772
obj=44.538
time=28.173
obj=44.066
time=29.355
obj=43.169
time=30.864
obj=42.688
time=31.809
obj=42.504
time=33.465
obj=42.344
time=34.878
obj=41.543
time=35.808
obj=41.450
time=36.642
obj=41.436
time=38.268
obj=41.315
time=39.855
obj=41.004
time=40.918
obj=40.902
time=42.610
obj=39.828
time=43.385
obj=39.053
time=45.166
obj=38.448
time=48.997
obj=38.448
time=49.504
obj=38.260
time=50.302
obj=37.425
time=53.985
obj=36.606
time=57.030
c real margin = 0.634
peak-ub=368
buffers=16
windows=5
branches=5091931
failures=2521588
original_status=TIMEOUT
original_lb=249
obj=368
time=3600001
status=TIMEOUT
real_obj=36.606
real_time=3600001
