global=1
denseranking=1
symmetry=1
single_window=1
obj=96.677
time=22.823
obj=81.221
time=24.057
obj=75.656
time=25.403
obj=73.305
time=26.917
obj=73.080
time=28.019
obj=72.418
time=29.118
obj=72.301
time=30.156
obj=69.683
time=31.225
obj=67.529
time=32.331
obj=66.935
time=34.068
obj=65.203
time=35.479
obj=64.771
time=37.021
obj=62.929
time=38.253
obj=62.789
time=39.364
obj=60.680
time=40.375
obj=59.517
time=41.426
obj=57.554
time=43.253
obj=57.554
time=44.205
obj=57.516
time=45.275
obj=57.429
time=46.955
obj=56.416
time=48.810
obj=56.157
time=50.809
obj=54.884
time=51.963
obj=54.260
time=53.171
obj=53.971
time=55.217
obj=53.494
time=67.949
obj=53.289
time=69.191
obj=52.823
time=71.171
obj=52.663
time=72.643
obj=52.442
time=89.797
obj=52.442
time=90.699
obj=52.008
time=110.653
obj=51.604
time=111.878
obj=51.540
time=142.703
obj=51.540
time=143.627
obj=50.958
time=158.437
obj=50.958
time=159.356
obj=50.925
time=232.941
obj=50.854
time=233.825
obj=50.567
time=310.671
obj=50.567
time=311.623
obj=50.360
time=324.167
obj=50.333
time=333.435
obj=50.051
time=359.837
obj=49.726
time=366.027
obj=49.670
time=2706.419
c real margin = 0.503
peak-ub=498
buffers=16
windows=17
branches=6487193
failures=2866001
original_status=TIMEOUT
original_lb=250
obj=498
time=3600000
status=TIMEOUT
real_obj=49.670
real_time=3600000
