global=1
denseranking=1
symmetry=1
single_window=1
obj=74.498
time=11.169
obj=72.742
time=11.950
obj=69.424
time=12.286
obj=68.573
time=12.583
obj=67.936
time=12.881
obj=67.675
time=13.227
obj=67.543
time=13.599
obj=62.801
time=13.881
obj=62.505
time=14.469
obj=62.505
time=14.734
obj=62.130
time=15.109
obj=61.533
time=15.597
obj=61.442
time=15.887
obj=61.212
time=16.225
obj=60.666
time=16.769
obj=60.513
time=17.153
obj=60.413
time=17.568
obj=60.204
time=18.042
obj=57.992
time=18.535
obj=57.426
time=19.385
obj=56.796
time=20.295
obj=56.696
time=20.723
obj=55.879
time=21.068
obj=54.800
time=22.267
obj=54.337
time=23.488
obj=54.337
time=23.749
obj=54.103
time=25.378
obj=54.073
time=27.213
obj=53.959
time=27.706
obj=53.579
time=28.113
obj=53.135
time=28.453
obj=52.916
time=28.991
obj=52.773
time=29.380
obj=52.133
time=29.929
obj=52.053
time=38.261
obj=51.903
time=38.658
obj=51.817
time=39.048
obj=51.396
time=43.446
obj=51.089
time=43.973
obj=51.052
time=44.643
obj=50.651
time=64.042
obj=49.888
time=64.648
c real margin = 0.501
peak-ub=500
buffers=8
windows=17
branches=64739296
failures=31354609
original_status=TIMEOUT
original_lb=193
obj=500
time=3600000
status=TIMEOUT
real_obj=49.888
real_time=3600000
