global=1
denseranking=1
symmetry=1
single_window=1
obj=95.374
time=19.069
obj=95.228
time=21.051
obj=92.750
time=22.255
obj=92.025
time=23.122
obj=91.913
time=24.364
obj=90.043
time=25.664
obj=88.561
time=26.501
obj=88.074
time=27.757
obj=87.640
time=28.745
obj=87.365
time=29.748
obj=86.903
time=30.941
obj=85.247
time=31.783
obj=84.714
time=33.069
obj=84.706
time=33.937
obj=84.560
time=34.940
obj=84.056
time=36.124
obj=82.852
time=37.010
obj=82.626
time=38.175
obj=82.076
time=39.123
obj=81.724
time=39.909
obj=80.096
time=40.827
obj=80.041
time=41.753
obj=79.783
time=43.886
obj=78.965
time=45.446
obj=78.965
time=46.092
obj=78.656
time=47.009
obj=77.781
time=48.442
obj=77.315
time=50.070
obj=76.706
time=51.666
obj=76.227
time=52.501
obj=75.573
time=53.290
obj=75.536
time=54.863
obj=74.389
time=56.046
obj=73.905
time=56.846
obj=73.641
time=58.448
obj=73.641
time=59.109
obj=73.620
time=59.959
obj=73.315
time=60.933
obj=72.800
time=62.889
obj=72.553
time=63.675
obj=69.115
time=64.475
obj=68.776
time=67.014
obj=68.520
time=71.071
obj=67.734
time=71.854
obj=67.732
time=72.964
obj=67.692
time=74.248
obj=67.235
time=75.344
obj=67.116
time=77.991
obj=66.946
time=79.265
obj=66.940
time=80.772
obj=66.351
time=81.981
obj=66.178
time=89.196
obj=65.736
time=92.135
obj=65.736
time=92.782
obj=65.642
time=97.745
obj=65.293
time=105.279
obj=65.293
time=105.895
obj=65.221
time=107.904
obj=65.217
time=108.660
obj=64.935
time=154.793
obj=64.935
time=155.433
obj=64.682
time=179.117
obj=64.682
time=179.751
obj=64.358
time=185.777
obj=64.358
time=186.412
obj=64.119
time=196.001
obj=64.017
time=244.675
obj=63.785
time=280.945
obj=63.785
time=281.491
obj=63.684
time=440.715
obj=63.680
time=549.822
obj=63.282
time=550.689
obj=63.101
time=666.549
obj=63.101
time=667.176
obj=62.958
time=758.678
obj=62.958
time=759.300
obj=62.681
time=811.960
obj=62.681
time=812.514
obj=62.643
time=813.542
c real margin = 0.374
peak-ub=628
buffers=16
windows=13
branches=7220550
failures=3421447
original_status=TIMEOUT
original_lb=233
obj=628
time=3600000
status=TIMEOUT
real_obj=62.643
real_time=3600000
