global=1
denseranking=1
symmetry=1
single_window=1
obj=82.876
time=9.509
obj=79.010
time=9.725
obj=78.854
time=9.922
obj=64.440
time=10.099
obj=54.784
time=10.286
obj=54.222
time=10.458
obj=53.142
time=10.644
obj=51.794
time=10.823
obj=51.495
time=10.998
obj=51.320
time=11.190
obj=50.663
time=11.375
obj=50.427
time=11.599
obj=50.060
time=11.800
obj=47.647
time=11.988
obj=46.355
time=12.146
obj=43.291
time=12.422
obj=42.879
time=12.613
obj=42.101
time=12.801
obj=41.023
time=13.118
obj=40.816
time=13.309
obj=40.751
time=16.031
obj=40.636
time=16.557
c real margin = 0.594
peak-ub=408
buffers=8
windows=13
branches=8739
failures=3814
obj=407
time=581
buffers=8
windows=13
branches=71195618
failures=34427637
original_status=TIMEOUT
original_lb=192
obj=407
time=3600000
status=TIMEOUT
real_obj=40.647
real_time=3600000
