global=1
denseranking=1
symmetry=1
single_window=1
obj=50.729
time=12.571
obj=32.704
time=12.821
obj=32.640
time=13.087
obj=31.305
time=13.331
obj=30.837
time=13.592
obj=30.345
time=13.857
obj=30.325
time=14.103
obj=30.156
time=14.443
obj=29.533
time=14.788
obj=28.258
time=15.141
obj=27.079
time=15.488
obj=26.707
time=15.881
obj=26.617
time=16.291
obj=26.569
time=16.604
obj=26.388
time=16.993
obj=26.059
time=17.471
obj=25.918
time=17.806
obj=25.768
time=18.123
obj=25.198
time=18.414
obj=25.109
time=18.829
obj=25.081
time=19.164
c real margin = 0.749
peak-ub=252
buffers=8
windows=13
branches=2766
failures=1269
obj=251
time=174
buffers=8
windows=13
branches=68398791
failures=33717766
original_status=TIMEOUT
original_lb=220
obj=251
time=3600000
status=TIMEOUT
real_obj=25.081
real_time=3600000
