global=1
denseranking=1
symmetry=1
single_window=1
obj=72.440
time=21.421
obj=67.460
time=22.091
obj=67.320
time=22.791
obj=66.432
time=23.503
obj=65.566
time=24.358
obj=65.128
time=25.009
obj=64.730
time=26.032
obj=63.218
time=26.778
obj=62.992
time=27.546
obj=60.191
time=28.272
obj=59.802
time=29.011
obj=59.105
time=29.739
obj=56.656
time=30.460
obj=56.435
time=31.287
obj=55.249
time=31.969
obj=54.857
time=32.864
obj=54.510
time=33.602
obj=54.406
time=35.019
obj=53.352
time=36.260
obj=53.249
time=37.490
obj=53.066
time=38.508
obj=52.729
time=39.203
obj=52.561
time=39.914
obj=52.109
time=40.691
obj=51.310
time=41.614
obj=50.799
time=42.317
obj=50.787
time=43.254
obj=50.716
time=43.955
obj=50.116
time=44.857
obj=50.090
time=45.521
obj=49.623
time=46.267
obj=49.344
time=47.096
obj=49.171
time=48.499
obj=49.077
time=49.757
obj=48.471
time=50.738
obj=48.238
time=52.334
obj=47.592
time=53.881
obj=47.587
time=54.699
obj=47.577
time=57.178
obj=47.440
time=60.340
obj=46.688
time=62.840
obj=46.633
time=68.276
obj=46.409
time=69.151
obj=46.075
time=73.889
obj=45.974
time=74.955
obj=45.863
time=76.045
obj=45.473
time=77.813
obj=45.307
time=78.748
obj=44.885
time=79.952
obj=44.862
time=81.417
c real margin = 0.551
peak-ub=450
buffers=16
windows=13
branches=7113267
failures=3449144
original_status=TIMEOUT
original_lb=227
obj=450
time=3600000
status=TIMEOUT
real_obj=44.862
real_time=3600000
