global=1
denseranking=1
symmetry=1
single_window=1
obj=89.809
time=6.518
obj=89.168
time=6.886
obj=88.518
time=7.362
obj=88.027
time=7.563
obj=84.436
time=8.827
obj=84.436
time=9.050
obj=84.411
time=9.281
obj=82.586
time=9.932
obj=82.586
time=10.149
obj=80.038
time=10.376
obj=80.005
time=14.961
obj=79.028
time=29.764
obj=79.028
time=29.987
obj=78.062
time=57.291
obj=78.062
time=57.512
obj=76.981
time=170.911
obj=76.514
time=533.103
obj=76.514
time=533.103
c real margin = 0.235
peak-ub=767
buffers=8
windows=17
branches=5494918
failures=2566442
obj=766
time=257901
buffers=8
windows=17
branches=8178702
failures=3816200
obj=764
time=649847
buffers=8
windows=17
branches=28464692
failures=13405201
obj=763
time=1982506
buffers=8
windows=17
branches=34180116
failures=16085300
original_status=TIMEOUT
original_lb=200
obj=763
time=3600000
status=TIMEOUT
real_obj=76.263
real_time=3600000
