global=1
denseranking=1
symmetry=1
single_window=1
obj=72.764
time=27.487
obj=67.733
time=29.546
obj=67.516
time=30.541
obj=67.325
time=31.583
obj=61.186
time=32.564
obj=58.662
time=33.530
obj=56.623
time=34.834
obj=56.536
time=36.608
obj=55.413
time=38.040
obj=54.741
time=39.813
obj=52.780
time=43.179
obj=52.093
time=44.373
obj=52.093
time=45.240
obj=51.287
time=55.217
obj=50.719
time=85.231
obj=50.719
time=86.073
c real margin = 0.493
peak-ub=509
buffers=16
windows=17
branches=604336
failures=240102
obj=508
time=353874
buffers=16
windows=17
branches=2874021
failures=1186737
obj=501
time=2023954
buffers=16
windows=17
branches=2875469
failures=1187364
original_status=TIMEOUT
original_lb=233
obj=501
time=3600001
status=TIMEOUT
real_obj=50.005
real_time=3600001
