global=1
denseranking=1
symmetry=1
single_window=1
obj=46.919
time=25.755
obj=39.852
time=26.552
obj=39.228
time=27.684
obj=38.378
time=28.822
obj=38.310
time=29.972
obj=37.803
time=31.037
obj=36.334
time=32.099
obj=36.119
time=33.048
obj=35.581
time=34.038
obj=35.516
time=35.074
obj=34.920
time=36.168
obj=34.605
time=37.144
obj=33.987
time=38.230
obj=33.622
time=39.638
obj=33.149
time=40.740
obj=33.113
time=42.096
obj=32.348
time=43.242
obj=31.862
time=44.238
obj=31.521
time=45.909
obj=31.213
time=47.152
obj=30.415
time=48.517
obj=30.411
time=49.890
obj=30.337
time=51.993
obj=30.269
time=53.264
obj=30.091
time=54.415
obj=29.677
time=55.567
obj=29.522
time=56.553
obj=29.390
time=57.243
obj=29.216
time=58.054
obj=29.074
time=59.743
obj=29.032
time=60.844
obj=28.552
time=62.280
obj=27.973
time=63.146
obj=27.894
time=65.169
obj=27.719
time=66.006
obj=27.392
time=66.766
obj=26.861
time=67.764
obj=26.769
time=69.170
c real margin = 0.732
peak-ub=269
buffers=16
windows=9
branches=446171
failures=221053
obj=268
time=228067
buffers=16
windows=9
branches=7271097
failures=3611586
original_status=TIMEOUT
original_lb=223
obj=268
time=3600000
status=TIMEOUT
real_obj=26.769
real_time=3600000
