global=1
denseranking=1
symmetry=1
single_window=1
obj=53.929
time=8.595
obj=53.208
time=8.671
obj=46.483
time=8.737
obj=45.861
time=8.816
obj=45.388
time=8.903
obj=44.762
time=9.009
obj=44.441
time=9.092
obj=44.272
time=9.157
obj=43.944
time=9.221
obj=42.614
time=9.287
obj=42.391
time=9.406
obj=37.844
time=9.470
c real margin = 0.622
peak-ub=380
buffers=4
windows=9
branches=113
failures=46
obj=379
time=2
buffers=4
windows=9
branches=16248
failures=7950
obj=374
time=219
buffers=4
windows=9
branches=20285
failures=9926
obj=368
time=495
buffers=4
windows=9
branches=90657
failures=44734
original_status=UNSAT
original_lb=227
obj=368
time=1670
status=OPTIMAL
real_obj=36.760
real_time=1670
