global=1
denseranking=1
symmetry=1
single_window=1
obj=81.030
time=6.743
obj=80.285
time=6.829
obj=78.680
time=6.886
obj=77.900
time=6.918
obj=72.379
time=6.954
obj=69.964
time=6.990
obj=69.838
time=7.047
obj=68.661
time=7.101
obj=65.809
time=7.396
obj=64.305
time=7.747
obj=63.838
time=8.111
obj=63.750
time=10.314
c real margin = 0.362
peak-ub=639
buffers=4
windows=13
branches=368
failures=144
obj=638
time=4
buffers=4
windows=13
branches=10115
failures=4618
obj=637
time=96
buffers=4
windows=13
branches=9280
failures=4253
obj=633
time=180
buffers=4
windows=13
branches=5533
failures=2498
obj=631
time=231
buffers=4
windows=13
branches=24974
failures=11623
obj=616
time=456
buffers=4
windows=13
branches=15203
failures=7070
obj=614
time=587
buffers=4
windows=13
branches=7096
failures=3274
obj=607
time=651
buffers=4
windows=13
branches=22262482
failures=10856228
obj=606
time=184737
buffers=4
windows=13
branches=408259198
failures=200002957
original_status=TIMEOUT
original_lb=199
obj=606
time=3600000
status=TIMEOUT
real_obj=60.594
real_time=3600000
