global=1
denseranking=1
symmetry=1
single_window=1
obj=66.051
time=11.602
obj=58.555
time=11.953
obj=55.742
time=12.223
obj=54.006
time=12.503
obj=52.999
time=12.773
obj=48.445
time=13.035
obj=46.944
time=13.295
obj=45.799
time=13.544
obj=45.514
time=13.858
obj=45.451
time=14.153
obj=42.077
time=14.490
obj=41.618
time=14.772
obj=41.268
time=15.131
obj=41.141
time=16.652
obj=40.405
time=16.943
obj=39.692
time=17.228
obj=38.748
time=17.524
obj=36.585
time=17.846
c real margin = 0.634
peak-ub=367
buffers=8
windows=17
branches=6407
failures=2746
obj=364
time=385
buffers=8
windows=17
branches=77550312
failures=37183720
original_status=TIMEOUT
original_lb=197
obj=364
time=3600002
status=TIMEOUT
real_obj=36.336
real_time=3600002
