global=1
denseranking=1
symmetry=1
single_window=1
obj=95.729
time=7.057
obj=89.491
time=7.281
obj=81.336
time=7.451
obj=78.712
time=7.629
obj=78.569
time=7.820
obj=73.234
time=7.992
obj=63.087
time=8.169
obj=62.825
time=8.340
obj=62.659
time=8.538
obj=60.933
time=8.752
obj=60.906
time=8.919
obj=60.019
time=9.100
obj=52.148
time=9.383
obj=51.082
time=9.930
obj=51.082
time=10.160
obj=49.513
time=10.446
obj=48.691
time=10.765
obj=48.217
time=11.088
obj=47.169
time=11.339
obj=46.414
time=11.852
obj=45.938
time=17.416
obj=45.409
time=30.746
c real margin = 0.546
peak-ub=456
buffers=8
windows=17
branches=21414
failures=8902
obj=453
time=1293
buffers=8
windows=17
branches=109790
failures=48150
obj=448
time=7765
buffers=8
windows=17
branches=111956
failures=48975
obj=447
time=14423
buffers=8
windows=17
branches=147079
failures=64475
obj=445
time=23411
buffers=8
windows=17
branches=400473
failures=177272
obj=425
time=46315
buffers=8
windows=17
branches=18483
failures=7826
obj=421
time=47475
buffers=8
windows=17
branches=1287918
failures=587120
obj=420
time=116155
buffers=8
windows=17
branches=72556
failures=31072
obj=419
time=120566
buffers=8
windows=17
branches=73753506
failures=34667796
original_status=TIMEOUT
original_lb=239
obj=419
time=3600000
status=TIMEOUT
real_obj=41.878
real_time=3600000
