global=1
denseranking=1
symmetry=1
single_window=1
obj=64.943
time=18.922
obj=60.139
time=19.664
obj=58.845
time=20.328
obj=58.253
time=21.224
obj=57.995
time=22.113
obj=57.808
time=22.972
obj=56.303
time=23.849
obj=56.030
time=24.718
obj=55.721
time=25.692
obj=55.685
time=26.517
obj=55.491
time=27.815
obj=53.975
time=28.746
obj=53.926
time=29.986
obj=53.454
time=31.418
obj=51.675
time=32.555
obj=51.137
time=33.368
obj=50.540
time=34.236
obj=50.314
time=35.132
obj=50.232
time=37.006
obj=49.529
time=38.566
obj=49.380
time=39.493
obj=48.680
time=41.321
obj=47.448
time=42.277
obj=47.316
time=43.739
obj=47.035
time=45.237
obj=46.062
time=46.223
obj=45.887
time=47.047
obj=45.748
time=48.877
obj=45.495
time=53.697
obj=45.495
time=54.435
obj=45.366
time=56.994
obj=45.295
time=58.873
obj=45.251
time=63.340
obj=44.373
time=64.246
obj=43.104
time=66.962
obj=43.104
time=67.699
obj=42.615
time=69.018
obj=42.260
time=570.531
obj=42.260
time=571.430
obj=42.211
time=572.535
obj=42.188
time=573.674
obj=42.046
time=755.433
obj=41.506
time=756.626
obj=41.475
time=757.592
c real margin = 0.585
peak-ub=416
buffers=16
windows=13
branches=5617376
failures=2565576
original_status=TIMEOUT
original_lb=269
obj=416
time=3600000
status=TIMEOUT
real_obj=41.475
real_time=3600000
