global=1
denseranking=1
symmetry=1
single_window=1
obj=74.795
time=25.540
obj=71.140
time=27.167
obj=67.432
time=27.923
obj=64.671
time=28.812
obj=63.584
time=29.647
obj=61.957
time=30.476
obj=59.730
time=31.282
obj=57.961
time=32.157
obj=56.467
time=33.052
obj=55.779
time=33.901
obj=54.750
time=34.942
obj=48.260
time=36.098
obj=47.416
time=38.303
obj=47.416
time=38.998
obj=46.961
time=40.973
obj=46.502
time=43.157
obj=45.849
time=44.052
obj=45.397
time=48.665
obj=45.397
time=49.347
obj=45.369
time=52.257
obj=44.394
time=61.656
obj=44.394
time=62.332
obj=43.816
time=78.403
obj=43.527
time=94.342
obj=43.050
time=111.105
obj=43.050
time=111.847
obj=42.950
time=213.397
obj=42.829
time=215.998
obj=42.158
time=326.299
obj=42.158
time=327.071
obj=42.030
time=330.686
obj=41.744
time=2746.157
obj=41.744
time=2746.688
obj=41.544
time=4973.067
obj=41.544
time=4973.608
c real margin = 0.585
peak-ub=417
buffers=16
windows=13
branches=612239
failures=269010
obj=415
time=362758
buffers=16
windows=13
branches=5651176
failures=2570329
original_status=TIMEOUT
original_lb=254
obj=415
time=3600001
status=TIMEOUT
real_obj=41.478
real_time=3600001
