global=1
denseranking=1
symmetry=1
single_window=1
obj=101.372
time=6.174
obj=97.015
time=6.245
obj=96.770
time=6.275
obj=96.643
time=6.311
obj=95.464
time=6.338
obj=91.580
time=6.365
obj=87.686
time=6.391
obj=87.596
time=6.418
obj=86.402
time=6.443
obj=85.290
time=6.473
obj=85.092
time=6.499
obj=83.000
time=6.524
obj=81.450
time=6.559
obj=80.478
time=6.587
obj=79.447
time=6.616
obj=79.005
time=6.661
obj=78.480
time=6.690
obj=76.835
time=6.734
obj=76.196
time=6.783
obj=76.193
time=6.816
obj=76.144
time=6.853
obj=74.956
time=6.878
obj=74.570
time=6.982
obj=74.493
time=7.019
obj=74.096
time=7.119
obj=70.880
time=7.167
obj=70.880
time=7.188
obj=70.331
time=7.225
c real margin = 0.297
peak-ub=705
buffers=4
windows=17
branches=22674
failures=10875
obj=704
time=189
buffers=4
windows=17
branches=54967
failures=26646
obj=703
time=655
buffers=4
windows=17
branches=424049664
failures=209625726
original_status=TIMEOUT
original_lb=239
obj=703
time=3600000
status=TIMEOUT
real_obj=70.222
real_time=3600000
