global=1
denseranking=1
symmetry=1
single_window=1
obj=66.497
time=9.224
obj=65.018
time=9.529
obj=56.162
time=9.704
obj=52.323
time=9.905
obj=50.271
time=10.078
obj=48.890
time=10.393
obj=48.586
time=10.652
obj=48.550
time=10.846
obj=48.321
time=11.007
obj=47.932
time=11.396
obj=47.480
time=12.361
obj=44.963
time=12.657
obj=44.714
time=12.943
obj=42.842
time=16.963
c real margin = 0.572
peak-ub=430
buffers=8
windows=9
branches=8447
failures=3981
obj=429
time=588
buffers=8
windows=9
branches=11964
failures=5651
obj=428
time=1373
buffers=8
windows=9
branches=10644381
failures=5240452
obj=425
time=564489
buffers=8
windows=9
branches=57059966
failures=28149633
original_status=TIMEOUT
original_lb=335
obj=425
time=3600008
status=TIMEOUT
real_obj=42.480
real_time=3600008
