global=1
denseranking=1
symmetry=1
single_window=1
obj=82.567
time=10.947
obj=81.047
time=11.182
obj=72.338
time=11.689
obj=65.670
time=11.777
obj=63.498
time=11.901
obj=62.743
time=11.994
obj=60.690
time=12.075
obj=59.824
time=13.749
obj=59.748
time=14.594
obj=58.558
time=15.287
obj=58.547
time=15.368
obj=58.333
time=19.232
obj=57.769
time=19.324
obj=56.905
time=20.167
obj=56.872
time=25.639
obj=56.828
time=27.256
obj=55.971
time=27.354
obj=55.610
time=134.132
obj=54.574
time=173.287
obj=54.574
time=173.369
c real margin = 0.454
peak-ub=547
buffers=4
windows=17
branches=94762
failures=44829
obj=541
time=1032
buffers=4
windows=17
branches=222913276
failures=108868209
obj=540
time=2412301
buffers=4
windows=17
branches=109919991
failures=53622983
original_status=TIMEOUT
original_lb=226
obj=540
time=3600000
status=TIMEOUT
real_obj=53.941
real_time=3600000
