global=1
denseranking=1
symmetry=1
single_window=1
obj=51.722
time=22.409
obj=51.348
time=23.020
obj=50.102
time=24.255
obj=47.627
time=25.540
obj=47.180
time=26.906
obj=45.490
time=27.964
obj=44.986
time=29.641
obj=43.312
time=30.725
obj=43.214
time=32.134
obj=42.309
time=33.661
obj=41.241
time=35.269
obj=39.662
time=36.647
obj=37.760
time=38.167
obj=37.254
time=39.745
obj=36.694
time=43.650
obj=36.363
time=46.237
obj=36.017
time=55.729
obj=36.017
time=56.414
obj=35.887
time=64.234
obj=35.602
time=65.627
c real margin = 0.644
peak-ub=358
buffers=16
windows=5
branches=18041
failures=8601
obj=357
time=15865
buffers=16
windows=5
branches=4862
failures=2291
obj=354
time=20309
buffers=16
windows=5
branches=19775
failures=9432
obj=352
time=35853
buffers=16
windows=5
branches=119363
failures=57636
obj=351
time=130045
buffers=16
windows=5
branches=59258
failures=28502
obj=350
time=174275
buffers=16
windows=5
branches=1154
failures=516
obj=346
time=175539
buffers=16
windows=5
branches=44899
failures=21703
obj=345
time=217762
buffers=16
windows=5
branches=155182
failures=75220
obj=344
time=353376
buffers=16
windows=5
branches=1875051
failures=917631
obj=343
time=1884379
buffers=16
windows=5
branches=1882846
failures=921728
obj=341
time=3514847
buffers=16
windows=5
branches=103155
failures=50149
original_status=TIMEOUT
original_lb=292
obj=341
time=3600000
status=TIMEOUT
real_obj=36.409
real_time=3600000
