global=1
denseranking=1
symmetry=1
single_window=1
obj=47.026
time=6.994
obj=46.607
time=7.075
obj=42.340
time=7.119
obj=40.937
time=7.164
obj=39.333
time=7.216
obj=35.514
time=7.281
obj=32.186
time=7.922
c real margin = 0.678
peak-ub=323
buffers=4
windows=5
branches=221
failures=104
obj=322
time=5
buffers=4
windows=5
branches=816
failures=398
obj=316
time=23
buffers=4
windows=5
branches=85614
failures=42514
obj=309
time=1851
buffers=4
windows=5
branches=77306
failures=38364
obj=306
time=3474
buffers=4
windows=5
branches=86629
failures=43015
original_status=UNSAT
original_lb=156
obj=306
time=5273
status=OPTIMAL
real_obj=30.573
real_time=5273
