global=1
denseranking=1
symmetry=1
single_window=1
obj=79.443
time=10.575
obj=70.321
time=10.651
obj=66.873
time=10.711
obj=60.010
time=10.778
obj=58.334
time=10.840
obj=58.165
time=10.903
obj=55.948
time=11.067
obj=55.482
time=11.126
obj=55.418
time=11.550
obj=54.877
time=13.040
obj=54.273
time=13.228
obj=54.165
time=13.290
obj=51.461
time=13.351
obj=49.911
time=13.421
c real margin = 0.501
peak-ub=501
buffers=4
windows=9
branches=116
failures=48
obj=500
time=2
buffers=4
windows=9
branches=10403617
failures=5143524
original_status=UNSAT
original_lb=312
obj=500
time=132935
status=OPTIMAL
real_obj=49.911
real_time=132935
