global=1
denseranking=1
symmetry=1
single_window=1
obj=45.437
time=10.517
obj=42.225
time=10.894
obj=38.070
time=11.114
obj=34.573
time=11.335
obj=32.968
time=11.615
obj=32.479
time=15.397
c real margin = 0.675
peak-ub=326
buffers=8
windows=5
branches=874
failures=400
obj=324
time=132
buffers=8
windows=5
branches=3601
failures=1700
obj=320
time=624
buffers=8
windows=5
branches=3481
failures=1651
obj=319
time=1092
buffers=8
windows=5
branches=7826
failures=3759
obj=304
time=2158
buffers=8
windows=5
branches=147547
failures=72400
obj=300
time=20769
buffers=8
windows=5
branches=487426
failures=240400
obj=286
time=76903
buffers=8
windows=5
branches=38881605
failures=19302683
original_status=TIMEOUT
original_lb=241
obj=286
time=3600000
status=TIMEOUT
real_obj=28.528
real_time=3600000
