global=1
denseranking=1
symmetry=1
single_window=1
obj=79.856
time=6.939
obj=72.613
time=7.026
obj=62.640
time=7.087
obj=62.206
time=7.136
obj=60.459
time=7.193
obj=58.748
time=7.270
obj=57.821
time=7.339
obj=57.236
time=7.391
obj=55.369
time=7.466
obj=55.216
time=7.520
obj=55.186
time=7.683
obj=53.438
time=7.736
obj=53.056
time=7.808
obj=52.823
time=7.858
obj=52.449
time=8.547
obj=51.930
time=8.783
c real margin = 0.481
peak-ub=521
buffers=4
windows=17
branches=5256
failures=2326
obj=520
time=48
buffers=4
windows=17
branches=2459
failures=1080
obj=518
time=72
buffers=4
windows=17
branches=6418
failures=2893
obj=502
time=133
buffers=4
windows=17
branches=1047229
failures=502953
obj=500
time=10092
buffers=4
windows=17
branches=384187024
failures=187457102
original_status=TIMEOUT
original_lb=130
obj=500
time=3600000
status=TIMEOUT
real_obj=49.995
real_time=3600000
