global=1
denseranking=1
symmetry=1
single_window=1
obj=52.490
time=13.120
obj=49.820
time=13.488
obj=46.690
time=13.788
obj=44.815
time=14.084
obj=44.511
time=14.385
obj=44.306
time=14.687
obj=42.426
time=14.991
obj=40.871
time=15.313
obj=38.128
time=15.655
obj=37.735
time=15.985
obj=36.953
time=16.332
obj=36.572
time=16.664
obj=35.190
time=17.014
obj=34.806
time=17.341
obj=34.793
time=17.672
obj=34.700
time=17.984
obj=33.737
time=18.419
obj=32.868
time=20.736
obj=32.363
time=21.172
obj=31.174
time=22.418
obj=31.174
time=22.699
obj=31.029
time=86.202
obj=31.029
time=86.495
c real margin = 0.690
peak-ub=312
buffers=8
windows=17
branches=13505
failures=6312
obj=311
time=801
buffers=8
windows=17
branches=4532048
failures=2204561
obj=307
time=257246
buffers=8
windows=17
branches=63894474
failures=31290537
original_status=TIMEOUT
original_lb=187
obj=307
time=3600000
status=TIMEOUT
real_obj=30.689
real_time=3600000
