global=1
denseranking=1
symmetry=1
single_window=1
obj=69.653
time=12.933
obj=51.495
time=13.240
obj=49.654
time=13.526
obj=49.015
time=13.810
obj=45.481
time=14.076
obj=43.740
time=14.347
obj=43.485
time=14.607
obj=41.058
time=14.921
obj=40.939
time=15.198
obj=39.982
time=15.520
obj=38.129
time=15.851
obj=37.694
time=16.129
obj=37.180
time=16.419
obj=35.656
time=16.743
obj=34.900
time=17.113
obj=34.565
time=17.498
obj=34.055
time=17.797
obj=32.351
time=18.077
obj=31.353
time=24.668
obj=31.353
time=24.897
obj=31.163
time=30.151
c real margin = 0.688
peak-ub=313
buffers=8
windows=13
branches=5126
failures=2396
obj=309
time=351
buffers=8
windows=13
branches=2067677
failures=1015166
obj=308
time=107037
buffers=8
windows=13
branches=9796829
failures=4824236
obj=306
time=594931
buffers=8
windows=13
branches=15614712
failures=7696907
obj=305
time=1384759
buffers=8
windows=13
branches=45417336
failures=22415835
obj=303
time=3542566
buffers=8
windows=13
branches=1097814
failures=539308
original_status=TIMEOUT
original_lb=182
obj=303
time=3600000
status=TIMEOUT
real_obj=30.262
real_time=3600000
