global=1
denseranking=1
symmetry=1
single_window=1
obj=65.594
time=6.367
obj=60.590
time=6.501
obj=59.915
time=6.612
obj=54.122
time=6.732
obj=53.283
time=6.856
obj=52.124
time=6.969
obj=47.051
time=7.134
obj=46.629
time=7.264
obj=45.955
time=7.375
obj=45.162
time=7.610
obj=45.162
time=7.815
obj=44.226
time=8.047
obj=44.106
time=8.484
obj=42.998
time=8.911
obj=42.693
time=9.213
obj=42.479
time=9.962
obj=42.074
time=10.542
obj=42.074
time=10.740
c real margin = 0.579
peak-ub=422
buffers=8
windows=13
branches=5760
failures=2572
obj=421
time=383
buffers=8
windows=13
branches=71981359
failures=34902859
original_status=TIMEOUT
original_lb=197
obj=421
time=3600000
status=TIMEOUT
real_obj=42.074
real_time=3600000
