global=1
denseranking=1
symmetry=1
single_window=1
obj=48.529
time=13.279
obj=47.352
time=13.539
obj=45.869
time=13.793
obj=40.617
time=14.090
obj=38.390
time=14.571
obj=38.266
time=14.829
obj=37.744
time=15.232
obj=37.357
time=15.496
c real margin = 0.626
peak-ub=375
buffers=8
windows=9
branches=16648
failures=7784
obj=371
time=1076
buffers=8
windows=9
branches=63328265
failures=30893878
original_status=TIMEOUT
original_lb=261
obj=371
time=3600000
status=TIMEOUT
real_obj=37.058
real_time=3600000
