global=1
denseranking=1
symmetry=1
single_window=1
obj=41.456
time=8.809
obj=35.884
time=8.899
obj=30.799
time=8.977
obj=29.539
time=9.047
obj=25.117
time=9.118
obj=25.006
time=9.233
obj=24.913
time=9.411
obj=23.974
time=9.498
obj=23.413
time=9.572
obj=22.985
time=9.652
c real margin = 0.770
peak-ub=231
buffers=4
windows=9
branches=2113
failures=1007
obj=230
time=45
buffers=4
windows=9
branches=0
failures=1
original_status=UNSAT
original_lb=230
obj=230
time=45
status=OPTIMAL
real_obj=22.980
real_time=45
