global=1
denseranking=1
symmetry=1
single_window=1
obj=71.181
time=12.971
obj=69.793
time=13.286
obj=61.137
time=13.516
obj=57.504
time=13.733
obj=57.449
time=13.981
obj=55.902
time=14.202
obj=55.750
time=14.453
obj=54.078
time=14.713
obj=51.748
time=14.934
obj=51.103
time=15.307
obj=49.687
time=15.584
obj=47.622
time=16.081
obj=47.622
time=16.294
obj=47.004
time=16.551
obj=45.271
time=17.066
obj=45.217
time=17.705
obj=44.906
time=17.980
obj=43.391
time=20.412
obj=43.391
time=20.619
obj=41.995
time=20.959
obj=41.777
time=21.198
obj=41.642
time=27.655
c real margin = 0.584
peak-ub=418
buffers=8
windows=17
branches=921882
failures=430249
obj=415
time=46099
buffers=8
windows=17
branches=6298434
failures=2993552
obj=412
time=335814
buffers=8
windows=17
branches=2657949
failures=1257385
obj=411
time=460473
buffers=8
windows=17
branches=9981321
failures=4746676
obj=410
time=928422
buffers=8
windows=17
branches=2775973
failures=1311968
obj=408
time=1061657
buffers=8
windows=17
branches=7852630
failures=3732302
obj=407
time=1423940
buffers=8
windows=17
branches=22552554
failures=10791436
obj=406
time=2435738
buffers=8
windows=17
branches=26048184
failures=12479005
original_status=TIMEOUT
original_lb=164
obj=406
time=3600000
status=TIMEOUT
real_obj=40.593
real_time=3600000
