global=1
denseranking=1
symmetry=1
single_window=1
obj=60.153
time=16.585
obj=57.906
time=17.695
obj=56.340
time=18.531
obj=53.459
time=19.526
obj=52.721
time=20.531
obj=51.800
time=21.532
obj=51.101
time=22.593
obj=50.273
time=23.606
obj=49.125
time=24.615
obj=49.054
time=25.660
obj=47.445
time=26.886
obj=47.248
time=28.264
obj=46.132
time=29.882
obj=45.646
time=31.906
obj=45.467
time=34.978
obj=45.281
time=37.193
obj=43.610
time=40.192
obj=43.441
time=44.692
obj=42.763
time=138.575
obj=42.763
time=139.527
obj=42.749
time=407.192
obj=42.741
time=640.179
obj=42.610
time=641.759
obj=42.523
time=2677.549
c real margin = 0.575
peak-ub=427
buffers=16
windows=13
branches=2825315
failures=1230517
obj=421
time=1638287
buffers=16
windows=13
branches=374947
failures=155275
obj=418
time=1875149
buffers=16
windows=13
branches=1969585
failures=846296
obj=415
time=3042437
buffers=16
windows=13
branches=906384
failures=382632
original_status=TIMEOUT
original_lb=240
obj=415
time=3600011
status=TIMEOUT
real_obj=41.426
real_time=3600011
