global=1
denseranking=1
symmetry=1
single_window=1
obj=64.755
time=4.774
obj=63.335
time=4.848
obj=59.447
time=4.886
obj=54.671
time=4.916
obj=51.690
time=4.978
obj=51.491
time=5.146
obj=50.223
time=5.351
obj=48.575
time=5.654
c real margin = 0.514
peak-ub=487
buffers=4
windows=9
branches=65
failures=20
obj=486
time=1
buffers=4
windows=9
branches=15580
failures=7664
obj=474
time=240
buffers=4
windows=9
branches=84894
failures=42035
original_status=UNSAT
original_lb=228
obj=474
time=1546
status=OPTIMAL
real_obj=47.316
real_time=1546
