global=1
denseranking=1
symmetry=1
single_window=1
obj=64.114
time=12.612
obj=59.156
time=12.854
obj=54.726
time=13.056
obj=50.704
time=13.253
obj=48.901
time=13.544
obj=48.449
time=13.758
obj=47.120
time=14.002
obj=46.732
time=14.209
obj=44.798
time=14.419
obj=43.914
time=14.638
obj=43.429
time=15.108
obj=42.432
time=15.367
obj=40.455
time=15.598
obj=38.851
time=15.864
obj=38.367
time=16.132
obj=38.309
time=16.493
obj=36.758
time=16.724
obj=36.567
time=21.825
c real margin = 0.634
peak-ub=367
buffers=8
windows=13
branches=19321
failures=8503
obj=364
time=991
buffers=8
windows=13
branches=11619
failures=4908
obj=357
time=1675
buffers=8
windows=13
branches=8395
failures=3604
obj=336
time=2119
buffers=8
windows=13
branches=141710
failures=64844
obj=328
time=8926
buffers=8
windows=13
branches=18049
failures=8167
obj=326
time=9811
buffers=8
windows=13
branches=88973121
failures=42793789
original_status=TIMEOUT
original_lb=190
obj=326
time=3600000
status=TIMEOUT
real_obj=32.539
real_time=3600000
