global=1
denseranking=1
symmetry=1
single_window=1
obj=58.712
time=3.513
obj=53.585
time=3.565
obj=48.847
time=3.588
obj=45.000
time=3.615
obj=43.707
time=3.647
obj=42.480
time=3.695
obj=42.477
time=3.719
obj=42.284
time=3.741
obj=41.994
time=3.999
obj=41.216
time=30.304
obj=40.279
time=30.376
c real margin = 0.597
peak-ub=404
buffers=4
windows=9
branches=550
failures=240
obj=403
time=8
buffers=4
windows=9
branches=1352
failures=605
obj=398
time=28
buffers=4
windows=9
branches=265712329
failures=130992931
original_status=TIMEOUT
original_lb=231
obj=398
time=3600000
status=TIMEOUT
real_obj=39.743
real_time=3600000
