global=1
denseranking=1
symmetry=1
single_window=1
obj=64.499
time=28.266
obj=61.242
time=29.296
obj=59.065
time=30.474
obj=59.058
time=31.517
obj=57.226
time=32.504
obj=55.875
time=33.527
obj=55.755
time=34.666
obj=55.670
time=35.799
obj=54.542
time=37.022
obj=54.399
time=38.407
obj=52.818
time=39.816
obj=50.795
time=41.531
obj=50.778
time=43.158
obj=50.406
time=44.602
obj=49.535
time=46.005
obj=47.837
time=47.338
obj=47.796
time=48.618
obj=47.470
time=50.205
obj=47.289
time=51.881
obj=45.654
time=53.680
obj=45.378
time=54.732
obj=44.632
time=56.290
obj=44.501
time=57.482
obj=44.087
time=59.031
obj=43.528
time=65.154
obj=43.462
time=67.116
obj=43.428
time=88.917
obj=42.778
time=98.478
obj=42.764
time=100.428
obj=42.639
time=101.783
obj=42.550
time=102.656
obj=42.109
time=128.872
obj=41.549
time=135.201
c real margin = 0.585
peak-ub=417
buffers=16
windows=13
branches=6999702
failures=3376667
original_status=TIMEOUT
original_lb=210
obj=417
time=3600000
status=TIMEOUT
real_obj=41.549
real_time=3600000
