global=1
denseranking=1
symmetry=1
single_window=1
obj=79.708
time=6.554
obj=67.339
time=6.645
obj=58.891
time=6.678
obj=57.643
time=6.711
obj=54.255
time=6.742
obj=53.247
time=6.773
obj=53.242
time=6.820
c real margin = 0.468
peak-ub=534
buffers=4
windows=13
branches=55
failures=6
obj=533
time=1
buffers=4
windows=13
branches=801
failures=338
obj=498
time=8
buffers=4
windows=13
branches=129
failures=43
obj=496
time=9
buffers=4
windows=13
branches=391464234
failures=191571461
original_status=TIMEOUT
original_lb=199
obj=496
time=3600000
status=TIMEOUT
real_obj=49.538
real_time=3600000
