global=1
denseranking=1
symmetry=1
single_window=1
obj=59.576
time=7.915
obj=58.594
time=8.057
obj=53.571
time=8.180
obj=45.671
time=8.296
obj=44.887
time=8.412
obj=43.641
time=8.533
obj=43.349
time=8.663
obj=41.281
time=8.797
obj=41.079
time=8.945
obj=39.930
time=9.076
obj=39.444
time=9.191
obj=39.096
time=9.426
obj=38.541
time=9.621
obj=38.027
time=9.807
obj=37.778
time=10.007
obj=37.120
time=10.231
obj=36.790
time=10.539
obj=36.351
time=10.760
obj=34.673
time=10.971
obj=34.390
time=11.186
obj=34.348
time=11.525
obj=34.218
time=11.710
obj=34.193
time=11.929
obj=33.313
time=12.108
obj=33.299
time=12.333
obj=33.165
time=12.524
obj=33.142
time=12.897
obj=32.974
time=13.088
obj=32.945
time=16.820
c real margin = 0.671
peak-ub=331
buffers=8
windows=13
branches=102
failures=12
obj=326
time=13
buffers=8
windows=13
branches=938197
failures=457374
obj=322
time=46032
buffers=8
windows=13
branches=4772520
failures=2347064
obj=321
time=292606
buffers=8
windows=13
branches=4570289
failures=2246192
obj=317
time=529513
buffers=8
windows=13
branches=4675071
failures=2298931
obj=307
time=782002
buffers=8
windows=13
branches=973484
failures=477359
obj=304
time=831115
buffers=8
windows=13
branches=923128
failures=452356
obj=303
time=879483
buffers=8
windows=13
branches=54551677
failures=26946610
original_status=TIMEOUT
original_lb=196
obj=303
time=3600000
status=TIMEOUT
real_obj=30.272
real_time=3600000
