global=1
denseranking=1
symmetry=1
single_window=1
obj=69.996
time=10.900
obj=61.554
time=10.970
obj=59.193
time=11.025
obj=58.619
time=11.136
obj=55.289
time=11.313
obj=54.099
time=11.485
obj=54.099
time=11.529
c real margin = 0.459
peak-ub=542
buffers=4
windows=9
branches=192
failures=82
obj=541
time=2
buffers=4
windows=9
branches=52877
failures=26106
obj=521
time=615
buffers=4
windows=9
branches=6394
failures=3148
obj=500
time=695
buffers=4
windows=9
branches=36994
failures=18359
original_status=UNSAT
original_lb=149
obj=500
time=1222
status=OPTIMAL
real_obj=49.933
real_time=1222
