global=1
denseranking=1
symmetry=1
single_window=1
obj=69.764
time=21.527
obj=64.421
time=22.235
obj=63.143
time=23.452
obj=59.112
time=24.346
obj=53.048
time=25.306
obj=51.532
time=26.303
obj=50.621
time=27.494
obj=47.928
time=28.526
obj=47.784
time=30.139
obj=45.731
time=31.518
obj=45.718
time=33.273
obj=45.449
time=34.696
obj=45.250
time=36.334
obj=44.521
time=37.342
obj=43.831
time=38.722
obj=43.354
time=45.094
obj=43.313
time=46.770
obj=42.455
time=47.716
obj=42.318
time=49.563
obj=42.034
time=51.534
obj=41.890
time=61.546
obj=41.543
time=62.551
obj=41.082
time=65.247
obj=40.353
time=66.291
obj=40.204
time=77.030
obj=40.137
time=100.656
obj=39.894
time=103.043
obj=39.303
time=120.209
obj=39.303
time=120.949
obj=39.274
time=2054.166
obj=39.153
time=2056.863
obj=38.763
time=3083.995
obj=38.763
time=3084.571
obj=38.715
time=3586.951
obj=38.361
time=7781.262
obj=38.192
time=7782.768
c real margin = 0.618
peak-ub=383
buffers=16
windows=9
branches=5490246
failures=2588541
original_status=TIMEOUT
original_lb=238
obj=383
time=3600000
status=TIMEOUT
real_obj=38.192
real_time=3600000
