global=1
denseranking=1
symmetry=1
single_window=1
obj=77.497
time=12.455
obj=57.047
time=12.662
obj=54.173
time=12.869
obj=47.772
time=13.068
obj=47.008
time=13.282
obj=44.623
time=13.490
obj=42.703
time=13.721
obj=42.247
time=13.954
obj=41.288
time=14.272
obj=41.283
time=14.480
obj=37.536
time=14.793
obj=35.839
time=15.379
obj=35.234
time=15.673
obj=34.996
time=16.526
obj=34.831
time=17.123
obj=33.924
time=18.036
obj=33.844
time=18.299
c real margin = 0.662
peak-ub=340
buffers=8
windows=9
branches=938
failures=401
obj=337
time=73
buffers=8
windows=9
branches=979
failures=427
obj=335
time=140
buffers=8
windows=9
branches=7545
failures=3537
obj=334
time=629
buffers=8
windows=9
branches=868
failures=383
obj=331
time=698
buffers=8
windows=9
branches=234724
failures=113825
obj=326
time=13562
buffers=8
windows=9
branches=269537
failures=130619
obj=321
time=29055
buffers=8
windows=9
branches=2754047
failures=1349065
obj=317
time=170435
buffers=8
windows=9
branches=59507620
failures=29306213
obj=312
time=3197043
buffers=8
windows=9
branches=7701669
failures=3780584
original_status=TIMEOUT
original_lb=197
obj=312
time=3600000
status=TIMEOUT
real_obj=31.116
real_time=3600000
