global=1
denseranking=1
symmetry=1
single_window=1
obj=59.506
time=12.948
obj=53.323
time=13.213
obj=50.476
time=13.468
obj=49.865
time=13.797
obj=43.248
time=14.089
obj=41.263
time=14.966
obj=41.263
time=15.196
obj=41.218
time=26.903
obj=41.152
time=84.404
c real margin = 0.588
peak-ub=413
buffers=8
windows=9
branches=4041
failures=1705
obj=409
time=418
buffers=8
windows=9
branches=1409
failures=574
obj=405
time=600
buffers=8
windows=9
branches=115017
failures=53323
obj=404
time=11652
buffers=8
windows=9
branches=448029
failures=210892
obj=402
time=55938
buffers=8
windows=9
branches=652719
failures=306878
obj=391
time=115224
buffers=8
windows=9
branches=45438109
failures=21894017
original_status=TIMEOUT
original_lb=237
obj=391
time=3600000
status=TIMEOUT
real_obj=39.008
real_time=3600000
