global=1
denseranking=1
symmetry=1
single_window=1
obj=47.018
time=6.536
obj=45.536
time=6.897
obj=45.144
time=7.086
obj=41.558
time=7.278
obj=40.840
time=7.470
obj=40.492
time=7.744
obj=39.538
time=8.297
obj=38.201
time=8.665
obj=37.943
time=9.512
obj=37.755
time=9.886
obj=37.364
time=10.709
obj=37.364
time=11.000
obj=36.124
time=20.131
obj=35.733
time=20.949
obj=34.866
time=21.618
c real margin = 0.651
peak-ub=350
buffers=8
windows=17
branches=2237713
failures=1019334
obj=349
time=111387
buffers=8
windows=17
branches=4085582
failures=1867468
obj=342
time=312929
buffers=8
windows=17
branches=68925081
failures=32302208
original_status=TIMEOUT
original_lb=231
obj=342
time=3600000
status=TIMEOUT
real_obj=34.160
real_time=3600000
