global=1
denseranking=1
symmetry=1
single_window=1
obj=49.701
time=21.015
obj=44.347
time=21.465
obj=42.654
time=22.618
obj=42.343
time=24.189
obj=40.863
time=25.123
obj=40.653
time=26.178
obj=40.400
time=27.233
obj=39.644
time=28.836
obj=39.288
time=30.447
obj=38.031
time=31.593
obj=37.975
time=32.527
obj=36.698
time=33.494
obj=36.451
time=39.744
obj=36.065
time=46.812
obj=35.726
time=48.116
obj=34.933
time=53.834
obj=34.925
time=55.055
obj=34.774
time=71.043
obj=34.118
time=72.882
c real margin = 0.659
peak-ub=343
buffers=16
windows=5
branches=2959519
failures=1447656
original_status=TIMEOUT
original_lb=277
obj=343
time=3600001
status=TIMEOUT
real_obj=34.118
real_time=3600001
