global=1
denseranking=1
symmetry=1
single_window=1
obj=43.534
time=24.712
obj=39.672
time=25.371
obj=39.334
time=26.816
obj=30.527
time=28.036
obj=29.992
time=29.410
obj=29.591
time=30.955
obj=28.710
time=32.289
obj=28.123
time=33.497
obj=26.520
time=34.922
obj=25.523
time=36.166
obj=25.397
time=37.211
obj=25.140
time=39.059
obj=25.078
time=41.078
obj=24.685
time=43.224
c real margin = 0.753
peak-ub=248
buffers=16
windows=5
branches=62
failures=12
obj=247
time=173
buffers=16
windows=5
branches=30
failures=16
original_status=UNSAT
original_lb=228
obj=247
time=308
status=OPTIMAL
real_obj=24.685
real_time=308
