global=1
denseranking=1
symmetry=1
single_window=1
obj=67.827
time=10.759
obj=54.243
time=10.939
obj=53.099
time=11.013
obj=45.298
time=11.094
c real margin = 0.547
peak-ub=454
buffers=4
windows=13
branches=130
failures=41
obj=451
time=2
buffers=4
windows=13
branches=1156
failures=493
obj=447
time=20
buffers=4
windows=13
branches=46054556
failures=22338002
obj=446
time=644129
buffers=4
windows=13
branches=210583724
failures=102537380
original_status=TIMEOUT
original_lb=174
obj=446
time=3600000
status=TIMEOUT
real_obj=44.553
real_time=3600000
