global=1
denseranking=1
symmetry=1
single_window=1
obj=80.704
time=5.403
obj=79.691
time=5.468
obj=79.003
time=5.519
obj=78.710
time=5.558
obj=78.670
time=5.593
obj=71.564
time=5.628
obj=71.492
time=5.666
obj=66.859
time=5.704
obj=66.796
time=5.759
obj=66.249
time=5.819
obj=65.291
time=5.896
obj=64.534
time=5.931
obj=60.704
time=5.970
obj=60.088
time=6.274
obj=58.356
time=6.316
obj=58.338
time=6.357
obj=58.314
time=6.391
obj=58.206
time=6.545
obj=57.875
time=6.667
obj=57.174
time=7.141
obj=57.174
time=7.208
obj=57.142
time=7.280
c real margin = 0.429
peak-ub=573
buffers=4
windows=17
branches=218
failures=81
obj=557
time=2
buffers=4
windows=17
branches=18125
failures=8682
obj=546
time=162
buffers=4
windows=17
branches=395165472
failures=195464843
original_status=TIMEOUT
original_lb=240
obj=546
time=3600000
status=TIMEOUT
real_obj=54.573
real_time=3600000
