global=1
denseranking=1
symmetry=1
single_window=1
obj=39.548
time=12.388
obj=32.792
time=12.464
obj=32.767
time=12.592
obj=31.249
time=12.712
obj=31.071
time=12.807
obj=30.913
time=13.061
obj=30.848
time=13.146
obj=30.013
time=13.444
obj=29.872
time=13.892
c real margin = 0.701
peak-ub=300
buffers=4
windows=5
branches=154
failures=69
obj=298
time=3
buffers=4
windows=5
branches=172
failures=80
obj=292
time=7
buffers=4
windows=5
branches=206490
failures=102170
original_status=UNSAT
original_lb=250
obj=292
time=4726
status=OPTIMAL
real_obj=29.135
real_time=4726
