global=1
denseranking=1
symmetry=1
single_window=1
obj=40.211
time=17.050
obj=30.888
time=17.567
obj=28.901
time=18.239
obj=28.155
time=19.663
obj=27.959
time=20.810
obj=27.604
time=21.962
obj=27.088
time=23.480
obj=26.883
time=25.005
obj=25.675
time=30.348
obj=25.204
time=45.423
obj=25.126
time=47.024
obj=24.801
time=48.285
obj=24.766
time=160.854
obj=24.732
time=161.881
c real margin = 0.753
peak-ub=249
buffers=16
windows=9
branches=813
failures=260
obj=248
time=1225
buffers=16
windows=9
branches=280151
failures=124428
obj=246
time=306429
buffers=16
windows=9
branches=175259
failures=76368
obj=245
time=512415
buffers=16
windows=9
branches=233861
failures=105151
obj=244
time=740977
buffers=16
windows=9
branches=711991
failures=323575
obj=243
time=1420425
buffers=16
windows=9
branches=0
failures=1
original_status=UNSAT
original_lb=243
obj=243
time=1420425
status=OPTIMAL
real_obj=24.246
real_time=1420425
