global=1
denseranking=1
symmetry=1
single_window=1
obj=64.737
time=18.968
obj=52.267
time=19.703
obj=49.222
time=20.439
obj=46.886
time=21.844
obj=46.822
time=23.085
obj=44.099
time=24.296
obj=43.719
time=25.918
obj=43.032
time=26.812
obj=42.131
time=28.137
obj=42.104
time=29.031
obj=41.834
time=30.909
obj=41.401
time=32.055
obj=41.319
time=32.929
obj=40.646
time=33.664
obj=40.546
time=34.714
obj=40.327
time=36.581
obj=39.991
time=38.128
obj=39.906
time=40.284
obj=39.879
time=41.665
obj=38.885
time=42.593
c real margin = 0.611
peak-ub=390
buffers=16
windows=9
branches=367369
failures=174460
obj=389
time=221832
buffers=16
windows=9
branches=113193
failures=53151
obj=386
time=290539
buffers=16
windows=9
branches=378650
failures=181050
obj=385
time=516369
buffers=16
windows=9
branches=222293
failures=106985
obj=383
time=652624
buffers=16
windows=9
branches=257896
failures=123589
obj=380
time=818626
buffers=16
windows=9
branches=47215
failures=22401
obj=377
time=847749
buffers=16
windows=9
branches=328070
failures=157316
obj=370
time=1029807
buffers=16
windows=9
branches=531305
failures=255858
obj=364
time=1346637
buffers=16
windows=9
branches=4019702
failures=1950391
original_status=TIMEOUT
original_lb=240
obj=364
time=3600000
status=TIMEOUT
real_obj=36.380
real_time=3600000
