global=1
denseranking=1
symmetry=1
single_window=1
obj=71.420
time=12.608
obj=65.380
time=12.920
obj=64.184
time=13.151
obj=63.971
time=13.364
obj=58.593
time=13.575
obj=58.003
time=13.829
obj=57.455
time=14.053
obj=57.370
time=14.291
obj=56.453
time=14.506
obj=54.127
time=14.737
obj=53.843
time=14.977
obj=52.931
time=15.202
obj=52.889
time=15.442
obj=52.073
time=15.642
obj=50.843
time=15.847
obj=50.488
time=16.101
obj=49.278
time=16.372
obj=49.019
time=16.698
obj=48.618
time=16.928
obj=46.577
time=17.198
obj=44.143
time=17.483
obj=43.754
time=17.694
obj=43.716
time=18.137
obj=43.511
time=18.985
obj=43.061
time=19.249
obj=42.945
time=19.572
obj=42.455
time=19.819
obj=41.899
time=21.766
c real margin = 0.581
peak-ub=420
buffers=8
windows=17
branches=119308
failures=57701
obj=416
time=5726
buffers=8
windows=17
branches=76550499
failures=37925904
original_status=TIMEOUT
original_lb=188
obj=416
time=3600000
status=TIMEOUT
real_obj=41.547
real_time=3600000
