global=1
denseranking=1
symmetry=1
single_window=1
obj=58.252
time=10.866
obj=53.077
time=10.973
obj=48.493
time=11.053
obj=46.922
time=11.131
obj=41.674
time=11.204
obj=39.434
time=11.295
obj=39.133
time=11.398
obj=38.993
time=11.490
obj=38.264
time=11.567
obj=37.778
time=11.673
obj=36.040
time=11.790
obj=35.994
time=12.437
c real margin = 0.640
peak-ub=361
buffers=4
windows=13
branches=32036
failures=15603
obj=352
time=300
buffers=4
windows=13
branches=402266540
failures=199548498
original_status=TIMEOUT
original_lb=123
obj=352
time=3600000
status=TIMEOUT
real_obj=35.127
real_time=3600000
