global=1
denseranking=1
symmetry=1
single_window=1
obj=54.567
time=28.640
obj=48.805
time=29.766
obj=46.560
time=30.755
obj=44.507
time=31.902
obj=43.189
time=33.025
obj=42.705
time=34.180
obj=42.144
time=35.227
obj=41.512
time=36.658
obj=40.415
time=37.735
obj=39.507
time=38.925
obj=38.524
time=40.019
obj=37.553
time=41.167
obj=36.850
time=42.347
obj=36.183
time=43.363
obj=35.675
time=44.557
obj=35.571
time=45.668
obj=35.370
time=46.892
obj=35.254
time=47.977
obj=34.077
time=49.132
obj=33.614
time=50.196
obj=33.243
time=51.114
obj=33.104
time=52.837
obj=33.084
time=54.800
obj=32.596
time=55.853
obj=32.152
time=57.023
obj=31.948
time=58.177
obj=31.855
time=65.860
c real margin = 0.681
peak-ub=320
buffers=16
windows=17
branches=10893
failures=3930
obj=314
time=7844
buffers=16
windows=17
branches=33231
failures=12754
obj=309
time=31009
buffers=16
windows=17
branches=73246
failures=30278
obj=306
time=78222
buffers=16
windows=17
branches=309261
failures=136211
obj=305
time=256982
buffers=16
windows=17
branches=6822710
failures=3130197
original_status=TIMEOUT
original_lb=241
obj=305
time=3600000
status=TIMEOUT
real_obj=30.489
real_time=3600000
