global=1
denseranking=1
symmetry=1
single_window=1
obj=87.897
time=8.719
obj=83.613
time=9.158
obj=75.978
time=9.327
obj=74.887
time=9.493
obj=73.917
time=9.664
obj=69.332
time=9.971
obj=67.758
time=10.270
obj=65.602
time=10.552
obj=62.152
time=10.857
obj=61.671
time=11.124
obj=61.178
time=11.388
obj=58.842
time=11.654
obj=57.849
time=11.984
obj=55.883
time=12.316
obj=55.558
time=12.669
obj=54.265
time=12.942
obj=53.676
time=13.281
obj=53.234
time=13.659
obj=52.993
time=13.978
obj=52.179
time=14.558
obj=52.179
time=14.808
obj=52.072
time=15.248
obj=51.782
time=15.538
obj=51.203
time=15.827
obj=50.557
time=16.234
obj=50.244
time=16.529
obj=50.207
time=17.406
obj=49.786
time=18.474
obj=49.786
time=18.727
obj=49.052
time=19.256
obj=48.922
time=33.790
c real margin = 0.511
peak-ub=491
buffers=8
windows=17
branches=24040
failures=10000
obj=488
time=1352
buffers=8
windows=17
branches=73348
failures=31504
obj=486
time=5327
buffers=8
windows=17
branches=2674
failures=1025
obj=484
time=5486
buffers=8
windows=17
branches=24844
failures=10426
obj=481
time=6876
buffers=8
windows=17
branches=318966
failures=142848
obj=480
time=23077
buffers=8
windows=17
branches=411996
failures=183980
obj=476
time=43505
buffers=8
windows=17
branches=1415102
failures=649372
obj=472
time=111428
buffers=8
windows=17
branches=2877417
failures=1331511
obj=469
time=248724
buffers=8
windows=17
branches=58319031
failures=27594602
obj=468
time=2812454
buffers=8
windows=17
branches=17410188
failures=8161601
original_status=TIMEOUT
original_lb=208
obj=468
time=3600000
status=TIMEOUT
real_obj=46.757
real_time=3600000
