global=1
denseranking=1
symmetry=1
single_window=1
obj=70.352
time=8.340
obj=68.392
time=8.519
obj=66.290
time=8.718
obj=66.233
time=8.851
obj=66.053
time=9.018
obj=58.733
time=9.160
obj=58.112
time=9.314
obj=57.819
time=10.003
obj=57.752
time=10.257
obj=57.380
time=10.548
obj=57.115
time=10.807
obj=56.544
time=11.159
obj=56.166
time=11.392
obj=55.961
time=12.232
obj=55.773
time=12.514
obj=55.160
time=12.755
obj=54.084
time=13.053
obj=53.833
time=13.338
obj=53.767
time=13.597
obj=52.895
time=15.298
obj=52.895
time=15.481
obj=52.653
time=15.768
obj=52.200
time=25.820
obj=51.710
time=26.052
obj=51.698
time=26.337
c real margin = 0.483
peak-ub=518
buffers=8
windows=13
branches=50312
failures=24214
obj=505
time=2726
buffers=8
windows=13
branches=7993
failures=3767
obj=504
time=3158
buffers=8
windows=13
branches=510683
failures=249645
obj=499
time=27713
buffers=8
windows=13
branches=77892182
failures=38430575
original_status=TIMEOUT
original_lb=182
obj=499
time=3600000
status=TIMEOUT
real_obj=49.889
real_time=3600000
