global=1
denseranking=1
symmetry=1
single_window=1
obj=50.610
time=7.046
obj=49.372
time=7.081
obj=45.598
time=7.134
obj=44.365
time=7.181
obj=42.255
time=7.232
c real margin = 0.577
peak-ub=424
buffers=4
windows=5
branches=22
failures=5
obj=423
time=0
buffers=4
windows=5
branches=181
failures=83
obj=418
time=3
buffers=4
windows=5
branches=749
failures=365
obj=417
time=14
buffers=4
windows=5
branches=744
failures=361
obj=390
time=25
buffers=4
windows=5
branches=802
failures=395
obj=379
time=37
buffers=4
windows=5
branches=709
failures=355
original_status=UNSAT
original_lb=229
obj=379
time=48
status=OPTIMAL
real_obj=37.896
real_time=48
