global=1
denseranking=1
symmetry=1
single_window=1
obj=76.606
time=24.337
obj=74.189
time=25.176
obj=70.311
time=25.971
obj=67.567
time=26.766
obj=66.407
time=27.584
obj=60.010
time=28.830
obj=59.253
time=29.839
obj=58.502
time=30.806
obj=56.784
time=32.064
obj=54.995
time=33.047
obj=54.619
time=34.569
obj=52.914
time=35.496
obj=52.601
time=37.038
obj=52.344
time=38.053
obj=52.006
time=38.988
obj=49.838
time=40.267
obj=49.751
time=41.444
obj=49.591
time=42.669
obj=49.320
time=43.892
obj=49.287
time=45.860
obj=48.954
time=46.859
obj=48.693
time=47.927
obj=48.524
time=48.833
obj=47.430
time=49.908
obj=47.252
time=51.014
obj=45.645
time=51.963
obj=45.058
time=53.101
obj=44.895
time=54.283
obj=44.870
time=56.137
obj=44.735
time=57.441
obj=44.505
time=58.539
obj=43.892
time=59.789
obj=43.514
time=60.770
obj=43.372
time=62.525
obj=43.316
time=63.957
obj=41.461
time=67.292
obj=41.461
time=68.099
obj=41.448
time=69.307
obj=41.413
time=73.693
obj=40.417
time=74.791
obj=40.060
time=88.804
obj=40.045
time=104.024
obj=39.998
time=106.691
obj=39.926
time=136.581
obj=39.470
time=137.686
obj=39.427
time=138.851
obj=39.321
time=142.340
obj=39.282
time=158.018
obj=39.242
time=193.808
obj=39.053
time=365.028
obj=38.847
time=734.104
obj=38.847
time=734.887
obj=38.798
time=9672.211
c real margin = 0.612
peak-ub=389
buffers=16
windows=13
branches=7526415
failures=3638673
original_status=TIMEOUT
original_lb=235
obj=389
time=3600000
status=TIMEOUT
real_obj=38.798
real_time=3600000
