global=1
denseranking=1
symmetry=1
single_window=1
obj=94.126
time=25.407
obj=93.756
time=26.406
obj=88.188
time=27.203
obj=87.909
time=28.137
obj=85.607
time=29.073
obj=81.829
time=30.018
obj=77.607
time=30.934
obj=74.557
time=32.327
obj=72.985
time=33.574
obj=72.224
time=34.727
obj=71.515
time=36.059
obj=69.525
time=37.396
obj=69.146
time=38.836
obj=68.433
time=40.331
obj=68.317
time=41.733
obj=68.087
time=42.896
obj=68.082
time=43.901
obj=68.003
time=45.077
obj=66.006
time=46.159
obj=64.116
time=47.125
obj=63.492
time=48.318
obj=62.906
time=49.371
obj=62.109
time=50.460
obj=62.076
time=51.792
obj=61.744
time=52.859
obj=61.385
time=53.944
obj=60.711
time=55.117
obj=60.403
time=56.093
obj=60.119
time=57.989
obj=59.596
time=61.491
obj=59.115
time=62.584
obj=58.677
time=73.189
obj=58.677
time=74.072
obj=58.645
time=164.862
obj=57.906
time=170.493
obj=57.906
time=171.108
obj=57.903
time=172.602
obj=57.838
time=173.358
obj=57.740
time=312.967
obj=57.740
time=313.837
obj=57.732
time=591.037
obj=56.939
time=665.392
obj=56.939
time=666.267
obj=56.766
time=667.296
obj=56.669
time=4822.867
obj=56.224
time=9933.499
obj=56.224
time=9934.161
obj=56.202
time=9936.543
c real margin = 0.438
peak-ub=564
buffers=16
windows=13
branches=6576337
failures=3073301
original_status=TIMEOUT
original_lb=201
obj=564
time=3600000
status=TIMEOUT
real_obj=56.202
real_time=3600000
