global=1
denseranking=1
symmetry=1
single_window=1
obj=48.343
time=7.935
obj=40.536
time=8.038
obj=39.561
time=8.180
obj=39.159
time=8.324
obj=38.065
time=8.474
obj=36.236
time=8.643
obj=34.638
time=8.901
obj=34.566
time=9.157
obj=34.036
time=9.462
obj=34.033
time=9.648
obj=33.925
time=9.941
obj=33.051
time=10.331
obj=32.651
time=10.618
obj=31.991
time=10.975
obj=31.715
time=11.203
c real margin = 0.683
peak-ub=319
buffers=8
windows=5
branches=298
failures=135
obj=318
time=35
buffers=8
windows=5
branches=55377856
failures=27495312
original_status=TIMEOUT
original_lb=240
obj=318
time=3600000
status=TIMEOUT
real_obj=31.715
real_time=3600000
