global=1
denseranking=1
symmetry=1
single_window=1
obj=65.090
time=12.343
obj=56.881
time=12.514
obj=56.390
time=12.827
obj=47.523
time=13.082
obj=46.594
time=13.493
obj=46.355
time=14.394
obj=44.226
time=14.719
obj=43.609
time=15.075
obj=43.597
time=16.835
obj=42.883
time=17.377
obj=42.845
time=18.494
obj=42.054
time=21.455
obj=42.054
time=21.618
c real margin = 0.579
peak-ub=422
buffers=8
windows=5
branches=21147
failures=10202
obj=420
time=3344
buffers=8
windows=5
branches=38162
failures=18579
obj=418
time=8844
buffers=8
windows=5
branches=107721
failures=52603
obj=416
time=23796
buffers=8
windows=5
branches=28911963
failures=14293200
original_status=TIMEOUT
original_lb=266
obj=416
time=3600000
status=TIMEOUT
real_obj=42.478
real_time=3600000
