global=1
denseranking=1
symmetry=1
single_window=1
peak-ub=413
buffers=4
windows=5
branches=13
failures=0
obj=373
time=1
buffers=4
windows=5
branches=21
failures=5
obj=366
time=2
buffers=4
windows=5
branches=220
failures=101
obj=357
time=11
buffers=4
windows=5
branches=69
failures=29
obj=349
time=14
buffers=4
windows=5
branches=87
failures=39
obj=347
time=18
buffers=4
windows=5
branches=37693
failures=18655
original_status=UNSAT
original_lb=173
obj=347
time=1477
status=OPTIMAL
real_obj=34.676
real_time=1477
