global=1
denseranking=1
symmetry=1
single_window=1
peak-ub=457
buffers=4
windows=5
branches=16
failures=0
obj=242
time=1
buffers=4
windows=5
branches=15
failures=0
obj=221
time=1
buffers=4
windows=5
branches=47
failures=19
obj=218
time=2
buffers=4
windows=5
branches=42
failures=16
obj=216
time=3
buffers=4
windows=5
branches=353
failures=170
obj=214
time=14
buffers=4
windows=5
branches=144
failures=68
obj=211
time=18
buffers=4
windows=5
branches=36
failures=19
original_status=UNSAT
original_lb=169
obj=211
time=19
status=OPTIMAL
real_obj=21.023
real_time=19
