global=1
denseranking=1
symmetry=1
single_window=0
peak-ub=413
buffers=4
windows=5
branches=20
failures=4
obj=412
time=0
buffers=4
windows=5
branches=16
failures=0
obj=391
time=0
buffers=4
windows=5
branches=86
failures=36
obj=374
time=1
buffers=4
windows=5
branches=18
failures=2
obj=373
time=1
buffers=4
windows=5
branches=20
failures=3
obj=355
time=1
buffers=4
windows=5
branches=235
failures=107
obj=347
time=5
buffers=4
windows=5
branches=88931
failures=43920
original_status=UNSAT
original_lb=173
obj=347
time=1703
status=OPTIMAL
real_obj=34.676
real_time=1703
