global=1
denseranking=1
symmetry=1
single_window=0
peak-ub=457
buffers=4
windows=5
branches=16
failures=0
obj=237
time=0
buffers=4
windows=5
branches=43
failures=15
obj=227
time=1
buffers=4
windows=5
branches=24
failures=5
obj=226
time=1
buffers=4
windows=5
branches=16
failures=0
obj=219
time=1
buffers=4
windows=5
branches=116
failures=52
obj=216
time=3
buffers=4
windows=5
branches=673
failures=324
obj=214
time=15
buffers=4
windows=5
branches=705
failures=338
obj=211
time=27
buffers=4
windows=5
branches=64
failures=33
original_status=UNSAT
original_lb=169
obj=211
time=28
status=OPTIMAL
real_obj=21.023
real_time=28
