global=1
denseranking=1
symmetry=1
single_window=0
peak-ub=402
buffers=4
windows=5
branches=31
failures=8
obj=380
time=1
buffers=4
windows=5
branches=16
failures=0
obj=377
time=1
buffers=4
windows=5
branches=16
failures=0
obj=346
time=1
buffers=4
windows=5
branches=16
failures=0
obj=297
time=1
buffers=4
windows=5
branches=50
failures=18
obj=292
time=2
buffers=4
windows=5
branches=15979
failures=7886
original_status=UNSAT
original_lb=250
obj=292
time=414
status=OPTIMAL
real_obj=29.135
real_time=414
