global=1
denseranking=1
symmetry=1
single_window=0
peak-ub=476
buffers=4
windows=5
branches=29
failures=7
obj=462
time=0
buffers=4
windows=5
branches=44
failures=15
obj=444
time=0
buffers=4
windows=5
branches=106
failures=46
obj=442
time=2
buffers=4
windows=5
branches=225
failures=100
obj=440
time=6
buffers=4
windows=5
branches=932
failures=449
obj=426
time=22
buffers=4
windows=5
branches=6348
failures=3123
obj=417
time=99
buffers=4
windows=5
branches=2087
failures=1025
obj=397
time=131
buffers=4
windows=5
branches=763
failures=369
obj=379
time=144
buffers=4
windows=5
branches=2147
failures=1064
original_status=UNSAT
original_lb=229
obj=379
time=182
status=OPTIMAL
real_obj=37.896
real_time=182
