global=1
denseranking=1
symmetry=1
single_window=0
peak-ub=401
buffers=4
windows=5
branches=16
failures=0
obj=363
time=0
buffers=4
windows=5
branches=21
failures=3
obj=319
time=0
buffers=4
windows=5
branches=17
failures=1
obj=313
time=0
buffers=4
windows=5
branches=478
failures=220
obj=298
time=9
buffers=4
windows=5
branches=1639
failures=781
obj=286
time=38
buffers=4
windows=5
branches=3287
failures=1588
obj=281
time=96
buffers=4
windows=5
branches=4830192
failures=2392439
original_status=UNSAT
original_lb=169
obj=281
time=69242
status=OPTIMAL
real_obj=28.033
real_time=69242
