buffers=6
windows=16
args generated-new/10.txt 12345 1
original_lb=0.491
time=0.002
obj=1.014
time=0.002
obj=0.988
time=0.002
obj=0.987
time=0.002
obj=0.957
time=0.002
obj=0.943
time=0.002
obj=0.932
time=0.003
obj=0.930
time=0.003
obj=0.929
time=0.003
obj=0.912
time=0.003
obj=0.906
time=0.003
obj=0.882
time=0.003
obj=0.878
time=0.003
obj=0.865
time=0.003
obj=0.864
time=0.003
obj=0.854
time=0.004
obj=0.851
time=0.005
obj=0.840
time=0.005
obj=0.805
time=0.005
obj=0.800
time=0.005
obj=0.799
time=0.006
obj=0.798
time=0.006
obj=0.778
time=0.006
obj=0.776
time=0.006
obj=0.775
c real margin = 0.225
