buffers=4
windows=12
args generated-new/100.txt 12345 1
original_lb=0.502
time=0.001
obj=2.663
time=0.002
obj=2.661
time=0.002
obj=1.803
time=0.002
obj=1.462
time=0.002
obj=1.459
time=0.002
obj=1.390
time=0.002
obj=1.336
time=0.002
obj=1.208
time=0.002
obj=1.164
time=0.002
obj=1.160
time=0.002
obj=1.127
time=0.003
obj=1.116
time=0.003
obj=1.108
time=0.003
obj=1.072
time=0.003
obj=1.056
time=0.003
obj=1.051
time=0.003
obj=1.051
time=0.003
obj=1.030
time=0.004
obj=1.020
time=0.008
obj=1.020
time=0.008
obj=0.950
time=0.009
obj=0.934
c real margin = 0.066
