buffers=6
windows=8
args generated-new/106.txt 12345 1
original_lb=0.688
time=0.001
obj=1.102
time=0.002
obj=1.079
time=0.002
obj=1.070
time=0.002
obj=1.048
time=0.002
obj=1.030
time=0.002
obj=1.018
time=0.002
obj=1.013
time=0.002
obj=1.003
time=0.002
obj=0.996
time=0.002
obj=0.978
time=0.002
obj=0.965
time=0.002
obj=0.961
time=0.003
obj=0.876
time=0.003
obj=0.874
time=0.003
obj=0.867
time=0.003
obj=0.859
time=0.003
obj=0.843
time=0.003
obj=0.832
time=0.003
obj=0.827
time=0.004
obj=0.822
c real margin = 0.178
