buffers=8
windows=12
args generated-new/115.txt 12345 1
original_lb=0.747
time=0.004
obj=1.066
time=0.005
obj=1.024
time=0.005
obj=1.009
time=0.006
obj=0.978
time=0.006
obj=0.978
time=0.006
obj=0.961
time=0.007
obj=0.946
time=0.007
obj=0.934
time=0.008
obj=0.925
time=0.008
obj=0.915
time=0.009
obj=0.912
time=0.009
obj=0.906
time=0.009
obj=0.897
time=0.010
obj=0.891
time=0.010
obj=0.887
time=0.011
obj=0.882
time=0.011
obj=0.881
time=0.011
obj=0.867
time=0.011
obj=0.865
time=0.012
obj=0.855
time=0.012
obj=0.849
time=0.012
obj=0.846
time=0.013
obj=0.846
time=0.013
obj=0.840
time=0.013
obj=0.835
time=0.014
obj=0.827
time=0.015
obj=0.811
time=0.015
obj=0.811
time=0.015
obj=0.810
time=0.016
obj=0.810
time=0.016
obj=0.807
time=0.017
obj=0.795
time=0.017
obj=0.794
time=0.018
obj=0.788
time=0.018
obj=0.771
time=0.018
obj=0.767
time=0.019
obj=0.757
time=0.019
obj=0.755
c real margin = 0.245
