buffers=6
windows=12
args generated-new/12.txt 12345 1
original_lb=0.627
time=0.000
obj=0.984
time=0.000
obj=0.979
time=0.000
obj=0.967
time=0.000
obj=0.967
time=0.001
obj=0.931
time=0.001
obj=0.909
time=0.001
obj=0.884
time=0.002
obj=0.869
time=0.002
obj=0.840
time=0.002
obj=0.803
time=0.003
obj=0.789
time=0.003
obj=0.785
time=0.003
obj=0.783
time=0.004
obj=0.774
time=0.004
obj=0.773
time=0.004
obj=0.768
time=0.005
obj=0.761
time=0.005
obj=0.757
time=0.006
obj=0.748
time=0.007
obj=0.727
time=0.007
obj=0.727
c real margin = 0.273
