buffers=8
windows=12
args generated-new/129.txt 12345 1
original_lb=0.577
time=0.003
obj=0.962
time=0.004
obj=0.957
time=0.004
obj=0.941
time=0.004
obj=0.937
time=0.004
obj=0.910
time=0.004
obj=0.888
time=0.004
obj=0.886
time=0.004
obj=0.857
time=0.004
obj=0.853
time=0.005
obj=0.844
time=0.005
obj=0.837
time=0.005
obj=0.827
time=0.006
obj=0.823
time=0.006
obj=0.822
time=0.007
obj=0.821
time=0.007
obj=0.816
time=0.007
obj=0.816
time=0.008
obj=0.808
time=0.008
obj=0.804
time=0.008
obj=0.802
time=0.009
obj=0.798
time=0.009
obj=0.792
time=0.010
obj=0.791
time=0.011
obj=0.791
time=0.011
obj=0.790
time=0.011
obj=0.790
time=0.012
obj=0.790
time=0.012
obj=0.785
time=0.013
obj=0.777
time=0.013
obj=0.771
time=0.014
obj=0.770
time=0.014
obj=0.759
time=0.015
obj=0.751
time=0.016
obj=0.750
time=0.016
obj=0.739
time=0.033
obj=0.733
time=0.034
obj=0.731
time=0.044
obj=0.730
time=0.049
obj=0.729
time=0.088
obj=0.727
time=0.116
obj=0.726
time=0.116
obj=0.721
c real margin = 0.279
