buffers=6
windows=12
args generated-new/131.txt 12345 1
original_lb=0.577
time=0.003
obj=1.062
time=0.003
obj=1.061
time=0.003
obj=1.058
time=0.003
obj=1.054
time=0.003
obj=1.054
time=0.004
obj=1.022
time=0.004
obj=1.020
time=0.004
obj=0.996
time=0.004
obj=0.992
time=0.004
obj=0.978
time=0.004
obj=0.977
time=0.005
obj=0.975
time=0.005
obj=0.973
time=0.006
obj=0.956
time=0.006
obj=0.952
time=0.006
obj=0.931
time=0.007
obj=0.917
time=0.009
obj=0.904
time=0.009
obj=0.897
time=0.010
obj=0.870
c real margin = 0.130
