buffers=8
windows=16
args generated-new/135.txt 12345 1
original_lb=0.583
time=0.002
obj=0.997
time=0.002
obj=0.962
time=0.002
obj=0.893
time=0.003
obj=0.866
time=0.003
obj=0.855
time=0.003
obj=0.847
time=0.003
obj=0.845
time=0.003
obj=0.843
time=0.003
obj=0.838
time=0.004
obj=0.836
time=0.004
obj=0.835
time=0.004
obj=0.815
time=0.004
obj=0.814
time=0.004
obj=0.807
time=0.004
obj=0.802
time=0.004
obj=0.800
time=0.005
obj=0.791
time=0.008
obj=0.790
time=0.012
obj=0.788
time=0.012
obj=0.787
c real margin = 0.213
