buffers=8
windows=16
args generated-new/137.txt 12345 1
original_lb=0.690
time=0.002
obj=1.227
time=0.002
obj=1.085
time=0.003
obj=1.084
time=0.003
obj=1.071
time=0.003
obj=1.034
time=0.003
obj=1.028
time=0.003
obj=1.014
time=0.004
obj=1.012
time=0.004
obj=1.002
time=0.006
obj=0.998
time=0.008
obj=0.991
time=0.008
obj=0.990
time=0.009
obj=0.987
time=0.010
obj=0.976
time=0.011
obj=0.974
time=0.011
obj=0.967
time=0.020
obj=0.967
time=0.020
obj=0.962
time=0.097
obj=0.961
time=0.157
obj=0.960
time=0.157
obj=0.954
time=0.157
obj=0.946
c real margin = 0.054
