buffers=6
windows=16
args generated-new/138.txt 12345 1
original_lb=0.466
time=0.003
obj=1.146
time=0.004
obj=1.110
time=0.004
obj=1.060
time=0.004
obj=1.060
time=0.004
obj=1.045
time=0.005
obj=1.030
time=0.005
obj=1.027
time=0.005
obj=1.020
time=0.005
obj=1.017
time=0.006
obj=1.000
time=0.006
obj=0.997
time=0.007
obj=0.989
time=0.007
obj=0.975
time=0.007
obj=0.971
time=0.008
obj=0.950
time=0.008
obj=0.947
time=0.009
obj=0.930
time=0.009
obj=0.929
time=0.009
obj=0.920
time=0.010
obj=0.918
time=0.010
obj=0.913
c real margin = 0.087
