buffers=6
windows=8
args generated-new/14.txt 12345 1
original_lb=0.589
time=0.004
obj=2.001
time=0.006
obj=1.971
time=0.006
obj=1.030
time=0.007
obj=1.016
time=0.007
obj=1.007
time=0.008
obj=0.993
time=0.008
obj=0.992
time=0.008
obj=0.970
time=0.008
obj=0.966
time=0.009
obj=0.950
time=0.009
obj=0.941
time=0.009
obj=0.894
time=0.009
obj=0.885
time=0.010
obj=0.858
time=0.010
obj=0.850
time=0.011
obj=0.829
time=0.011
obj=0.818
time=0.012
obj=0.806
time=0.012
obj=0.788
time=0.012
obj=0.777
time=0.015
obj=0.775
time=0.015
obj=0.772
time=0.016
obj=0.754
c real margin = 0.246
