buffers=6
windows=16
args generated-new/145.txt 12345 1
original_lb=0.540
time=0.002
obj=1.014
time=0.002
obj=0.962
time=0.002
obj=0.960
time=0.002
obj=0.950
time=0.002
obj=0.918
time=0.002
obj=0.918
time=0.002
obj=0.914
time=0.002
obj=0.905
time=0.002
obj=0.860
time=0.002
obj=0.855
time=0.002
obj=0.840
time=0.002
obj=0.786
time=0.002
obj=0.776
time=0.003
obj=0.772
time=0.003
obj=0.769
time=0.003
obj=0.764
time=0.003
obj=0.750
time=0.003
obj=0.729
time=0.003
obj=0.716
time=0.003
obj=0.714
time=0.003
obj=0.710
c real margin = 0.290
