buffers=8
windows=12
args generated-new/15.txt 12345 1
original_lb=0.659
time=0.006
obj=1.118
time=0.007
obj=1.084
time=0.008
obj=1.080
time=0.009
obj=1.077
time=0.009
obj=1.071
time=0.010
obj=1.052
time=0.011
obj=1.051
time=0.011
obj=1.050
time=0.012
obj=1.038
time=0.013
obj=1.035
time=0.013
obj=1.025
time=0.014
obj=1.025
time=0.014
obj=1.017
time=0.014
obj=1.010
time=0.015
obj=1.007
time=0.015
obj=1.000
time=0.016
obj=0.990
time=0.016
obj=0.988
time=0.016
obj=0.985
time=0.017
obj=0.973
time=0.017
obj=0.964
time=0.018
obj=0.961
time=0.018
obj=0.943
time=0.020
obj=0.943
time=0.020
obj=0.940
time=0.022
obj=0.936
time=0.022
obj=0.932
time=0.024
obj=0.931
time=0.029
obj=0.929
time=0.029
obj=0.928
time=0.029
obj=0.926
time=0.030
obj=0.915
time=0.031
obj=0.912
c real margin = 0.088
