buffers=8
windows=12
args generated-new/154.txt 12345 1
original_lb=0.408
time=0.005
obj=1.145
time=0.006
obj=1.057
time=0.006
obj=0.967
time=0.007
obj=0.967
time=0.007
obj=0.941
time=0.007
obj=0.940
time=0.008
obj=0.939
time=0.008
obj=0.929
time=0.009
obj=0.925
time=0.009
obj=0.922
time=0.009
obj=0.908
time=0.010
obj=0.895
time=0.011
obj=0.894
time=0.011
obj=0.881
time=0.012
obj=0.867
time=0.013
obj=0.860
time=0.014
obj=0.850
time=0.018
obj=0.835
time=0.100
obj=0.826
time=0.100
obj=0.823
time=0.102
obj=0.815
time=0.102
obj=0.815
time=0.144
obj=0.805
time=0.408
obj=0.804
c real margin = 0.196
