buffers=8
windows=12
args generated-new/167.txt 12345 1
original_lb=0.661
time=0.002
obj=0.899
time=0.002
obj=0.879
time=0.003
obj=0.877
time=0.003
obj=0.865
time=0.003
obj=0.817
time=0.003
obj=0.788
time=0.003
obj=0.788
time=0.003
obj=0.787
time=0.003
obj=0.779
time=0.003
obj=0.759
time=0.003
obj=0.756
time=0.004
obj=0.745
time=0.004
obj=0.744
time=0.004
obj=0.726
time=0.004
obj=0.706
time=0.004
obj=0.703
time=0.004
obj=0.695
time=0.004
obj=0.693
time=0.005
obj=0.679
time=0.005
obj=0.674
c real margin = 0.326
