buffers=8
windows=16
args generated-new/168.txt 12345 1
original_lb=0.503
time=0.002
obj=0.800
time=0.003
obj=0.798
time=0.003
obj=0.786
time=0.003
obj=0.764
time=0.003
obj=0.764
time=0.003
obj=0.758
time=0.003
obj=0.753
time=0.003
obj=0.747
time=0.003
obj=0.746
time=0.004
obj=0.742
time=0.004
obj=0.722
time=0.004
obj=0.722
time=0.004
obj=0.717
time=0.004
obj=0.707
time=0.004
obj=0.706
time=0.005
obj=0.702
time=0.005
obj=0.692
time=0.005
obj=0.689
time=0.005
obj=0.688
time=0.005
obj=0.687
time=0.005
obj=0.687
time=0.006
obj=0.686
time=0.006
obj=0.686
c real margin = 0.314
