buffers=8
windows=16
args generated-new/171.txt 12345 1
original_lb=0.410
time=0.006
obj=0.630
time=0.008
obj=0.604
time=0.008
obj=0.598
time=0.008
obj=0.597
time=0.009
obj=0.561
time=0.009
obj=0.534
time=0.010
obj=0.531
time=0.011
obj=0.519
time=0.011
obj=0.516
time=0.012
obj=0.505
time=0.012
obj=0.502
time=0.013
obj=0.500
time=0.013
obj=0.489
time=0.014
obj=0.488
time=0.015
obj=0.481
time=0.015
obj=0.472
time=0.015
obj=0.472
time=0.015
obj=0.468
time=0.016
obj=0.468
time=0.016
obj=0.459
time=0.016
obj=0.457
c real margin = 0.543
