buffers=8
windows=8
args generated-new/178.txt 12345 1
original_lb=0.605
time=0.004
obj=0.935
time=0.005
obj=0.800
time=0.005
obj=0.791
time=0.005
obj=0.776
time=0.006
obj=0.747
time=0.007
obj=0.743
time=0.007
obj=0.738
time=0.008
obj=0.734
time=0.008
obj=0.730
time=0.008
obj=0.722
time=0.009
obj=0.719
time=0.009
obj=0.711
time=0.011
obj=0.710
time=0.011
obj=0.710
time=0.012
obj=0.707
time=0.015
obj=0.706
time=0.015
obj=0.693
time=0.015
obj=0.683
time=0.016
obj=0.679
time=0.022
obj=0.673
time=0.022
obj=0.668
time=0.024
obj=0.659
time=0.024
obj=0.656
c real margin = 0.344
