buffers=8
windows=4
args generated-new/192.txt 12345 1
original_lb=0.666
time=0.004
obj=1.879
time=0.006
obj=1.764
time=0.006
obj=1.114
time=0.007
obj=1.048
time=0.007
obj=1.048
time=0.008
obj=1.035
time=0.008
obj=0.973
time=0.008
obj=0.956
time=0.009
obj=0.927
time=0.009
obj=0.845
time=0.009
obj=0.831
time=0.010
obj=0.822
time=0.010
obj=0.812
time=0.011
obj=0.791
time=0.011
obj=0.786
time=0.012
obj=0.766
time=0.012
obj=0.762
time=0.013
obj=0.760
time=0.013
obj=0.756
time=0.013
obj=0.753
time=0.014
obj=0.739
c real margin = 0.261
