buffers=6
windows=16
args generated-new/195.txt 12345 1
original_lb=0.404
time=0.002
obj=1.010
time=0.002
obj=1.004
time=0.002
obj=0.998
time=0.002
obj=0.996
time=0.002
obj=0.988
time=0.003
obj=0.969
time=0.003
obj=0.966
time=0.003
obj=0.963
time=0.003
obj=0.953
time=0.003
obj=0.939
time=0.003
obj=0.935
time=0.003
obj=0.917
time=0.003
obj=0.909
time=0.003
obj=0.895
time=0.003
obj=0.890
time=0.003
obj=0.883
time=0.003
obj=0.865
time=0.004
obj=0.857
time=0.004
obj=0.856
time=0.004
obj=0.855
time=0.004
obj=0.848
time=0.004
obj=0.844
time=0.004
obj=0.839
time=0.004
obj=0.837
time=0.005
obj=0.832
time=0.005
obj=0.830
time=0.005
obj=0.815
time=0.005
obj=0.814
time=0.005
obj=0.810
c real margin = 0.190
