buffers=8
windows=16
args generated-new/196.txt 12345 1
original_lb=0.761
time=0.002
obj=1.003
time=0.003
obj=0.974
time=0.003
obj=0.972
time=0.003
obj=0.963
time=0.003
obj=0.944
time=0.003
obj=0.932
time=0.003
obj=0.923
time=0.004
obj=0.918
time=0.004
obj=0.917
time=0.004
obj=0.897
time=0.004
obj=0.884
time=0.004
obj=0.880
time=0.005
obj=0.871
time=0.005
obj=0.870
time=0.005
obj=0.866
time=0.007
obj=0.852
time=0.010
obj=0.852
time=0.012
obj=0.845
time=0.012
obj=0.842
time=0.012
obj=0.835
time=0.012
obj=0.831
time=0.019
obj=0.831
time=0.041
obj=0.831
time=0.044
obj=0.825
time=0.122
obj=0.823
time=0.122
obj=0.818
time=0.123
obj=0.817
time=0.135
obj=0.814
time=0.154
obj=0.790
time=0.190
obj=0.790
time=0.190
obj=0.787
c real margin = 0.213
