buffers=8
windows=8
args generated-new/197.txt 12345 1
original_lb=0.575
time=0.002
obj=1.099
time=0.002
obj=1.028
time=0.002
obj=0.996
time=0.002
obj=0.993
time=0.002
obj=0.951
time=0.002
obj=0.935
time=0.002
obj=0.907
time=0.003
obj=0.864
time=0.003
obj=0.854
time=0.003
obj=0.840
time=0.003
obj=0.826
time=0.003
obj=0.822
time=0.004
obj=0.814
time=0.004
obj=0.813
time=0.004
obj=0.812
time=0.004
obj=0.803
time=0.004
obj=0.785
time=0.005
obj=0.779
time=0.005
obj=0.773
time=0.005
obj=0.772
time=0.005
obj=0.766
time=0.005
obj=0.761
time=0.006
obj=0.747
c real margin = 0.253
