buffers=8
windows=8
args generated-new/199.txt 12345 1
original_lb=0.469
time=0.002
obj=0.591
time=0.003
obj=0.581
time=0.003
obj=0.576
time=0.003
obj=0.573
time=0.003
obj=0.565
time=0.003
obj=0.565
time=0.003
obj=0.562
time=0.003
obj=0.561
time=0.004
obj=0.557
time=0.004
obj=0.544
time=0.004
obj=0.536
time=0.004
obj=0.536
time=0.004
obj=0.533
time=0.004
obj=0.527
time=0.004
obj=0.527
time=0.005
obj=0.527
time=0.005
obj=0.527
time=0.005
obj=0.520
time=0.005
obj=0.520
time=0.006
obj=0.517
time=0.006
obj=0.501
time=0.006
obj=0.497
time=0.007
obj=0.493
time=0.008
obj=0.490
time=0.008
obj=0.489
time=0.009
obj=0.487
time=0.009
obj=0.469
c real margin = 0.531
