buffers=8
windows=16
args generated-new/20.txt 12345 1
original_lb=0.551
time=0.003
obj=0.813
time=0.003
obj=0.809
time=0.003
obj=0.799
time=0.003
obj=0.786
time=0.004
obj=0.777
time=0.004
obj=0.771
time=0.004
obj=0.765
time=0.004
obj=0.755
time=0.004
obj=0.741
time=0.005
obj=0.740
time=0.005
obj=0.723
time=0.005
obj=0.690
time=0.006
obj=0.688
time=0.007
obj=0.684
time=0.007
obj=0.680
time=0.008
obj=0.680
time=0.008
obj=0.677
time=0.009
obj=0.664
time=0.009
obj=0.662
time=0.009
obj=0.659
time=0.009
obj=0.653
time=0.010
obj=0.650
time=0.010
obj=0.643
time=0.010
obj=0.641
time=0.011
obj=0.631
c real margin = 0.369
