buffers=6
windows=8
args generated-new/204.txt 12345 1
original_lb=0.441
time=0.001
obj=0.973
time=0.001
obj=0.961
time=0.001
obj=0.951
time=0.001
obj=0.947
time=0.001
obj=0.875
time=0.001
obj=0.822
time=0.001
obj=0.800
time=0.002
obj=0.770
time=0.002
obj=0.768
time=0.002
obj=0.768
time=0.002
obj=0.768
time=0.002
obj=0.756
time=0.002
obj=0.740
time=0.002
obj=0.740
time=0.002
obj=0.733
time=0.003
obj=0.725
time=0.003
obj=0.719
time=0.003
obj=0.704
time=0.004
obj=0.704
time=0.004
obj=0.700
time=0.004
obj=0.699
time=0.005
obj=0.692
time=0.005
obj=0.686
time=0.007
obj=0.680
c real margin = 0.320
