buffers=8
windows=8
args generated-new/205.txt 12345 1
original_lb=0.588
time=0.002
obj=1.315
time=0.002
obj=1.025
time=0.002
obj=0.942
time=0.003
obj=0.934
time=0.003
obj=0.904
time=0.003
obj=0.888
time=0.003
obj=0.859
time=0.003
obj=0.849
time=0.003
obj=0.844
time=0.004
obj=0.838
time=0.004
obj=0.821
time=0.005
obj=0.818
time=0.005
obj=0.807
time=0.006
obj=0.802
time=0.007
obj=0.800
time=0.007
obj=0.789
time=0.008
obj=0.786
time=0.008
obj=0.780
time=0.009
obj=0.774
time=0.009
obj=0.773
time=0.010
obj=0.768
time=0.018
obj=0.767
time=0.022
obj=0.765
time=0.022
obj=0.764
time=0.023
obj=0.760
time=0.050
obj=0.759
time=0.050
obj=0.757
time=0.685
obj=0.756
time=0.685
obj=0.755
time=0.686
obj=0.754
time=0.686
obj=0.751
time=0.686
obj=0.746
c real margin = 0.254
