buffers=8
windows=8
args generated-new/219.txt 12345 1
original_lb=0.703
time=0.002
obj=1.062
time=0.002
obj=1.046
time=0.002
obj=1.028
time=0.002
obj=1.013
time=0.002
obj=1.012
time=0.002
obj=0.993
time=0.002
obj=0.945
time=0.002
obj=0.945
time=0.002
obj=0.924
time=0.002
obj=0.918
time=0.003
obj=0.914
time=0.003
obj=0.900
time=0.003
obj=0.891
time=0.003
obj=0.890
time=0.003
obj=0.884
time=0.003
obj=0.884
time=0.004
obj=0.873
time=0.004
obj=0.866
time=0.005
obj=0.861
time=0.006
obj=0.855
time=0.006
obj=0.853
time=0.081
obj=0.842
time=0.083
obj=0.838
time=0.083
obj=0.837
time=0.083
obj=0.830
time=0.083
obj=0.828
c real margin = 0.172
