buffers=6
windows=16
args generated-new/238.txt 12345 1
original_lb=0.463
time=0.003
obj=1.030
time=0.003
obj=1.019
time=0.003
obj=1.019
time=0.003
obj=1.015
time=0.004
obj=1.010
time=0.004
obj=0.955
time=0.004
obj=0.931
time=0.004
obj=0.916
time=0.005
obj=0.911
time=0.005
obj=0.904
time=0.005
obj=0.901
time=0.005
obj=0.898
time=0.006
obj=0.879
time=0.006
obj=0.871
time=0.006
obj=0.855
time=0.006
obj=0.846
time=0.006
obj=0.835
time=0.007
obj=0.827
time=0.007
obj=0.802
time=0.007
obj=0.765
time=0.007
obj=0.760
time=0.008
obj=0.751
c real margin = 0.249
