buffers=4
windows=8
args generated-new/245.txt 12345 1
original_lb=0.386
time=0.002
obj=2.586
time=0.003
obj=2.488
time=0.003
obj=2.037
time=0.003
obj=1.861
time=0.003
obj=1.659
time=0.003
obj=1.654
time=0.003
obj=1.535
time=0.004
obj=1.517
time=0.004
obj=1.488
time=0.004
obj=1.473
time=0.005
obj=1.455
time=0.005
obj=1.437
time=0.005
obj=1.242
time=0.005
obj=1.158
time=0.005
obj=1.150
time=0.005
obj=1.083
time=0.005
obj=1.047
time=0.005
obj=0.961
time=0.005
obj=0.940
time=0.005
obj=0.841
time=0.005
obj=0.834
time=0.005
obj=0.831
time=0.006
obj=0.805
time=0.006
obj=0.775
time=0.006
obj=0.773
time=0.006
obj=0.767
time=0.006
obj=0.750
time=0.006
obj=0.737
c real margin = 0.263
