buffers=8
windows=16
args generated-new/264.txt 12345 1
original_lb=0.570
time=0.003
obj=1.056
time=0.004
obj=1.022
time=0.004
obj=1.019
time=0.004
obj=1.010
time=0.005
obj=1.009
time=0.005
obj=0.951
time=0.005
obj=0.938
time=0.005
obj=0.933
time=0.006
obj=0.932
time=0.006
obj=0.922
time=0.007
obj=0.922
time=0.007
obj=0.918
time=0.008
obj=0.914
time=0.008
obj=0.906
time=0.016
obj=0.904
time=0.017
obj=0.895
time=0.017
obj=0.889
time=0.035
obj=0.888
time=0.079
obj=0.885
time=0.079
obj=0.867
time=0.121
obj=0.864
time=0.127
obj=0.858
time=0.127
obj=0.857
time=0.147
obj=0.847
time=0.147
obj=0.834
time=0.277
obj=0.833
time=0.277
obj=0.833
time=3.038
obj=0.829
time=12.256
obj=0.823
c real margin = 0.177
