buffers=8
windows=16
args generated-new/278.txt 12345 1
original_lb=0.597
time=0.005
obj=0.858
time=0.005
obj=0.845
time=0.006
obj=0.805
time=0.006
obj=0.803
time=0.006
obj=0.787
time=0.006
obj=0.770
time=0.007
obj=0.759
time=0.007
obj=0.759
time=0.007
obj=0.758
time=0.007
obj=0.749
time=0.008
obj=0.744
time=0.008
obj=0.728
time=0.008
obj=0.724
time=0.009
obj=0.723
time=0.009
obj=0.703
time=0.009
obj=0.701
time=0.009
obj=0.700
time=0.010
obj=0.697
time=0.010
obj=0.692
time=0.011
obj=0.691
time=0.011
obj=0.679
time=0.012
obj=0.663
time=0.012
obj=0.663
time=0.013
obj=0.662
time=0.013
obj=0.651
time=0.014
obj=0.651
time=0.015
obj=0.649
time=0.016
obj=0.649
time=0.016
obj=0.647
time=0.026
obj=0.646
time=0.027
obj=0.642
time=0.027
obj=0.634
time=0.035
obj=0.633
time=0.038
obj=0.633
time=0.047
obj=0.630
time=0.048
obj=0.628
time=0.048
obj=0.625
time=0.049
obj=0.624
time=0.104
obj=0.624
time=0.106
obj=0.620
time=0.106
obj=0.620
time=0.140
obj=0.618
time=0.141
obj=0.617
time=0.150
obj=0.617
time=0.150
obj=0.616
time=0.163
obj=0.616
time=0.163
obj=0.613
time=0.188
obj=0.610
c real margin = 0.390
