buffers=8
windows=8
args generated-new/291.txt 12345 1
original_lb=0.480
time=0.006
obj=0.683
time=0.006
obj=0.623
time=0.007
obj=0.620
time=0.007
obj=0.620
time=0.008
obj=0.607
time=0.008
obj=0.602
time=0.009
obj=0.597
time=0.009
obj=0.594
time=0.010
obj=0.582
time=0.010
obj=0.572
time=0.011
obj=0.561
time=0.011
obj=0.558
time=0.012
obj=0.553
time=0.013
obj=0.546
time=0.014
obj=0.528
time=0.014
obj=0.525
time=0.015
obj=0.517
time=0.016
obj=0.515
time=0.016
obj=0.509
time=0.017
obj=0.497
time=0.019
obj=0.491
time=0.024
obj=0.490
time=0.025
obj=0.489
time=0.026
obj=0.489
time=0.027
obj=0.483
time=0.027
obj=0.480
c real margin = 0.520
