buffers=6
windows=16
args generated-new/298.txt 12345 1
original_lb=0.498
time=0.004
obj=0.950
time=0.004
obj=0.910
time=0.004
obj=0.909
time=0.004
obj=0.907
time=0.005
obj=0.900
time=0.005
obj=0.892
time=0.005
obj=0.877
time=0.005
obj=0.863
time=0.005
obj=0.803
time=0.006
obj=0.794
time=0.006
obj=0.782
time=0.006
obj=0.780
time=0.006
obj=0.779
time=0.007
obj=0.769
time=0.007
obj=0.749
time=0.007
obj=0.748
time=0.008
obj=0.726
time=0.008
obj=0.725
time=0.074
obj=0.723
time=0.077
obj=0.702
time=0.078
obj=0.700
c real margin = 0.300
