buffers=8
windows=12
args generated-new/3.txt 12345 1
original_lb=0.549
time=0.000
obj=0.752
time=0.000
obj=0.747
time=0.000
obj=0.731
time=0.000
obj=0.726
time=0.000
obj=0.722
time=0.000
obj=0.714
time=0.000
obj=0.687
time=0.000
obj=0.655
time=0.000
obj=0.649
time=0.000
obj=0.645
time=0.000
obj=0.644
time=0.001
obj=0.612
time=0.001
obj=0.607
time=0.001
obj=0.594
time=0.001
obj=0.592
time=0.001
obj=0.585
time=0.002
obj=0.573
time=0.002
obj=0.570
time=0.002
obj=0.564
time=0.002
obj=0.557
time=0.003
obj=0.549
c real margin = 0.451
