buffers=6
windows=8
args generated-new/307.txt 12345 1
original_lb=0.577
time=0.003
obj=2.533
time=0.007
obj=2.501
time=0.007
obj=2.369
time=0.010
obj=2.356
time=0.010
obj=1.667
time=0.011
obj=1.616
time=0.011
obj=1.568
time=0.011
obj=1.489
time=0.011
obj=1.407
time=0.011
obj=1.180
time=0.012
obj=1.107
time=0.012
obj=1.102
time=0.012
obj=1.102
time=0.012
obj=1.084
time=0.012
obj=1.079
time=0.012
obj=1.073
time=0.012
obj=1.067
time=0.013
obj=1.048
time=0.013
obj=1.033
time=0.013
obj=1.013
time=0.013
obj=1.007
time=0.014
obj=1.001
time=0.014
obj=0.961
time=0.014
obj=0.959
time=0.014
obj=0.946
time=0.014
obj=0.931
time=0.015
obj=0.904
time=0.015
obj=0.893
time=0.019
obj=0.891
c real margin = 0.109
