buffers=8
windows=16
args generated-new/317.txt 12345 1
original_lb=0.446
time=0.003
obj=0.833
time=0.004
obj=0.824
time=0.004
obj=0.820
time=0.004
obj=0.795
time=0.004
obj=0.785
time=0.005
obj=0.756
time=0.005
obj=0.755
time=0.005
obj=0.732
time=0.005
obj=0.723
time=0.005
obj=0.723
time=0.006
obj=0.722
time=0.006
obj=0.698
time=0.006
obj=0.673
time=0.006
obj=0.659
time=0.007
obj=0.656
time=0.007
obj=0.652
time=0.007
obj=0.645
time=0.007
obj=0.640
time=0.007
obj=0.632
time=0.011
obj=0.619
time=0.011
obj=0.618
c real margin = 0.382
