buffers=8
windows=16
args generated-new/325.txt 12345 1
original_lb=0.637
time=0.002
obj=0.965
time=0.003
obj=0.864
time=0.003
obj=0.851
time=0.003
obj=0.837
time=0.003
obj=0.816
time=0.003
obj=0.807
time=0.003
obj=0.805
time=0.004
obj=0.799
time=0.004
obj=0.784
time=0.004
obj=0.777
time=0.004
obj=0.750
time=0.004
obj=0.741
time=0.004
obj=0.736
time=0.005
obj=0.730
time=0.005
obj=0.729
time=0.005
obj=0.726
time=0.005
obj=0.717
time=0.005
obj=0.716
time=0.006
obj=0.715
time=0.006
obj=0.708
time=0.006
obj=0.705
time=0.006
obj=0.702
time=0.007
obj=0.695
time=0.007
obj=0.676
time=0.010
obj=0.675
time=0.011
obj=0.674
time=0.011
obj=0.674
time=0.012
obj=0.673
time=0.012
obj=0.672
time=0.015
obj=0.666
time=0.015
obj=0.660
time=0.016
obj=0.659
time=0.016
obj=0.653
time=0.016
obj=0.652
time=0.016
obj=0.649
time=0.027
obj=0.648
time=0.027
obj=0.648
time=0.027
obj=0.646
time=0.038
obj=0.644
time=0.038
obj=0.644
time=0.038
obj=0.643
c real margin = 0.357
