buffers=8
windows=12
args generated-new/329.txt 12345 1
original_lb=0.585
time=0.004
obj=1.120
time=0.004
obj=1.108
time=0.004
obj=1.072
time=0.005
obj=1.045
time=0.005
obj=1.031
time=0.005
obj=1.018
time=0.005
obj=1.007
time=0.006
obj=0.995
time=0.006
obj=0.994
time=0.006
obj=0.971
time=0.007
obj=0.970
time=0.007
obj=0.970
time=0.007
obj=0.966
time=0.008
obj=0.959
time=0.008
obj=0.948
time=0.008
obj=0.935
time=0.009
obj=0.930
time=0.009
obj=0.912
time=0.010
obj=0.908
time=0.010
obj=0.908
time=0.011
obj=0.902
time=0.011
obj=0.895
time=0.012
obj=0.888
time=0.012
obj=0.838
time=0.013
obj=0.836
c real margin = 0.164
