buffers=4
windows=16
args generated-new/335.txt 12345 1
original_lb=0.613
time=0.002
obj=1.080
time=0.002
obj=1.062
time=0.002
obj=0.998
time=0.002
obj=0.991
time=0.002
obj=0.990
time=0.003
obj=0.985
time=0.003
obj=0.974
time=0.003
obj=0.965
time=0.003
obj=0.934
time=0.003
obj=0.929
time=0.003
obj=0.926
time=0.003
obj=0.913
time=0.004
obj=0.905
time=0.004
obj=0.895
time=0.006
obj=0.893
time=0.006
obj=0.883
time=0.006
obj=0.876
time=0.006
obj=0.873
time=0.016
obj=0.862
time=0.024
obj=0.840
time=0.220
obj=0.834
time=0.478
obj=0.824
time=0.478
obj=0.819
time=7.267
obj=0.818
time=7.267
obj=0.805
time=8.137
obj=0.805
c real margin = 0.195
