buffers=8
windows=16
args generated-new/337.txt 12345 1
original_lb=0.696
time=0.002
obj=1.057
time=0.003
obj=1.022
time=0.003
obj=0.975
time=0.003
obj=0.971
time=0.003
obj=0.951
time=0.004
obj=0.947
time=0.004
obj=0.923
time=0.004
obj=0.911
time=0.005
obj=0.910
time=0.005
obj=0.892
time=0.005
obj=0.888
time=0.005
obj=0.879
time=0.006
obj=0.836
time=0.006
obj=0.828
time=0.006
obj=0.826
time=0.006
obj=0.819
time=0.007
obj=0.791
time=0.007
obj=0.773
time=0.010
obj=0.772
time=0.010
obj=0.761
time=0.018
obj=0.756
time=0.019
obj=0.754
time=0.019
obj=0.749
time=0.019
obj=0.744
c real margin = 0.256
