buffers=6
windows=12
args generated-new/35.txt 12345 1
original_lb=0.484
time=0.003
obj=0.768
time=0.004
obj=0.714
time=0.004
obj=0.711
time=0.004
obj=0.662
time=0.004
obj=0.662
time=0.004
obj=0.648
time=0.005
obj=0.646
time=0.005
obj=0.635
time=0.005
obj=0.615
time=0.005
obj=0.610
time=0.005
obj=0.604
time=0.005
obj=0.585
time=0.006
obj=0.564
time=0.006
obj=0.563
time=0.006
obj=0.560
time=0.006
obj=0.559
time=0.006
obj=0.554
time=0.007
obj=0.546
time=0.007
obj=0.544
time=0.007
obj=0.534
time=0.007
obj=0.532
time=0.008
obj=0.532
time=0.008
obj=0.525
c real margin = 0.475
