buffers=8
windows=8
args generated-new/351.txt 12345 1
original_lb=0.567
time=0.004
obj=1.002
time=0.004
obj=0.993
time=0.005
obj=0.990
time=0.005
obj=0.975
time=0.005
obj=0.916
time=0.006
obj=0.914
time=0.007
obj=0.882
time=0.007
obj=0.882
time=0.007
obj=0.874
time=0.007
obj=0.860
time=0.008
obj=0.859
time=0.009
obj=0.859
time=0.009
obj=0.859
time=0.013
obj=0.858
time=0.013
obj=0.849
time=0.013
obj=0.840
time=0.014
obj=0.836
time=0.014
obj=0.827
time=0.015
obj=0.823
time=0.019
obj=0.814
time=0.019
obj=0.813
time=0.021
obj=0.808
time=0.021
obj=0.803
time=0.024
obj=0.793
c real margin = 0.207
