buffers=8
windows=12
args generated-new/353.txt 12345 1
original_lb=0.720
time=0.004
obj=0.988
time=0.005
obj=0.982
time=0.005
obj=0.947
time=0.005
obj=0.937
time=0.005
obj=0.915
time=0.006
obj=0.904
time=0.006
obj=0.900
time=0.006
obj=0.879
time=0.006
obj=0.867
time=0.007
obj=0.850
time=0.007
obj=0.842
time=0.007
obj=0.840
time=0.008
obj=0.837
time=0.008
obj=0.812
time=0.008
obj=0.796
time=0.008
obj=0.785
time=0.008
obj=0.782
time=0.009
obj=0.772
time=0.009
obj=0.764
time=0.009
obj=0.745
time=0.010
obj=0.729
c real margin = 0.271
