buffers=8
windows=12
args generated-new/365.txt 12345 1
original_lb=0.668
time=0.004
obj=1.048
time=0.004
obj=0.963
time=0.005
obj=0.960
time=0.005
obj=0.945
time=0.005
obj=0.903
time=0.005
obj=0.903
time=0.006
obj=0.895
time=0.006
obj=0.894
time=0.006
obj=0.891
time=0.006
obj=0.889
time=0.007
obj=0.881
time=0.007
obj=0.878
time=0.007
obj=0.875
time=0.007
obj=0.862
time=0.008
obj=0.848
time=0.008
obj=0.840
time=0.009
obj=0.833
time=0.011
obj=0.833
time=0.011
obj=0.815
time=0.017
obj=0.808
time=0.017
obj=0.807
time=0.018
obj=0.805
time=0.021
obj=0.805
time=0.021
obj=0.805
time=0.022
obj=0.801
time=0.022
obj=0.796
time=0.022
obj=0.784
time=0.022
obj=0.773
time=0.023
obj=0.772
time=0.024
obj=0.768
time=0.029
obj=0.763
time=0.030
obj=0.762
time=0.030
obj=0.761
time=0.032
obj=0.755
time=0.032
obj=0.746
time=0.032
obj=0.741
time=0.036
obj=0.734
time=0.058
obj=0.734
c real margin = 0.266
