buffers=8
windows=16
args generated-new/388.txt 12345 1
original_lb=0.706
time=0.006
obj=1.024
time=0.007
obj=0.986
time=0.007
obj=0.963
time=0.007
obj=0.933
time=0.008
obj=0.907
time=0.008
obj=0.904
time=0.009
obj=0.891
time=0.009
obj=0.873
time=0.010
obj=0.852
time=0.012
obj=0.848
time=0.015
obj=0.843
time=0.018
obj=0.840
time=0.019
obj=0.825
time=0.020
obj=0.825
time=0.028
obj=0.823
time=0.028
obj=0.823
time=0.028
obj=0.823
time=0.029
obj=0.822
time=0.029
obj=0.819
time=0.032
obj=0.817
time=0.032
obj=0.814
time=0.032
obj=0.795
time=0.054
obj=0.786
time=0.091
obj=0.785
time=0.091
obj=0.783
time=0.092
obj=0.781
time=0.092
obj=0.763
time=0.103
obj=0.761
time=0.283
obj=0.760
c real margin = 0.240
