buffers=4
windows=8
args generated-new/395.txt 12345 1
original_lb=0.485
time=0.001
obj=2.541
time=0.001
obj=2.524
time=0.001
obj=2.263
time=0.001
obj=2.255
time=0.001
obj=2.247
time=0.001
obj=1.905
time=0.001
obj=1.631
time=0.001
obj=1.528
time=0.002
obj=1.438
time=0.002
obj=1.406
time=0.002
obj=1.392
time=0.002
obj=1.368
time=0.002
obj=1.220
time=0.002
obj=1.209
time=0.002
obj=1.153
time=0.002
obj=1.093
time=0.002
obj=1.092
time=0.002
obj=1.080
time=0.002
obj=1.019
time=0.002
obj=1.007
time=0.002
obj=1.005
time=0.002
obj=0.996
c real margin = 0.004
