buffers=8
windows=12
args generated-new/406.txt 12345 1
original_lb=0.565
time=0.002
obj=1.076
time=0.002
obj=1.056
time=0.002
obj=1.010
time=0.002
obj=0.995
time=0.002
obj=0.964
time=0.003
obj=0.957
time=0.003
obj=0.957
time=0.003
obj=0.953
time=0.003
obj=0.937
time=0.003
obj=0.929
time=0.003
obj=0.925
time=0.003
obj=0.919
time=0.003
obj=0.903
time=0.003
obj=0.903
time=0.004
obj=0.874
time=0.004
obj=0.837
time=0.004
obj=0.832
time=0.004
obj=0.820
time=0.004
obj=0.809
time=0.004
obj=0.807
time=0.005
obj=0.804
time=0.005
obj=0.795
time=0.005
obj=0.791
time=0.008
obj=0.786
c real margin = 0.214
