buffers=8
windows=8
args generated-new/408.txt 12345 1
original_lb=0.759
time=0.002
obj=1.090
time=0.002
obj=1.064
time=0.002
obj=0.897
time=0.002
obj=0.893
time=0.002
obj=0.867
time=0.003
obj=0.843
time=0.003
obj=0.840
time=0.003
obj=0.839
time=0.003
obj=0.833
time=0.004
obj=0.831
time=0.004
obj=0.826
time=0.004
obj=0.823
time=0.005
obj=0.821
time=0.006
obj=0.812
time=0.007
obj=0.798
time=0.008
obj=0.796
time=0.008
obj=0.796
time=0.009
obj=0.791
time=0.009
obj=0.791
time=0.011
obj=0.790
time=0.053
obj=0.789
time=0.054
obj=0.783
time=0.054
obj=0.781
time=0.054
obj=0.778
time=0.054
obj=0.776
time=0.055
obj=0.768
time=0.069
obj=0.767
c real margin = 0.233
