buffers=8
windows=16
args generated-new/416.txt 12345 1
original_lb=0.683
time=0.002
obj=0.944
time=0.002
obj=0.910
time=0.002
obj=0.879
time=0.002
obj=0.849
time=0.002
obj=0.848
time=0.003
obj=0.824
time=0.003
obj=0.824
time=0.003
obj=0.823
time=0.003
obj=0.814
time=0.003
obj=0.813
time=0.003
obj=0.811
time=0.003
obj=0.797
time=0.003
obj=0.796
time=0.004
obj=0.787
time=0.004
obj=0.776
time=0.004
obj=0.776
time=0.004
obj=0.767
time=0.005
obj=0.760
time=0.006
obj=0.753
time=0.006
obj=0.750
time=0.006
obj=0.740
time=0.007
obj=0.739
time=0.007
obj=0.738
time=0.007
obj=0.731
c real margin = 0.269
