buffers=6
windows=12
args generated-new/424.txt 12345 1
original_lb=0.612
time=0.001
obj=1.063
time=0.002
obj=1.033
time=0.002
obj=1.025
time=0.002
obj=1.023
time=0.002
obj=1.021
time=0.002
obj=1.021
time=0.002
obj=1.014
time=0.002
obj=1.003
time=0.002
obj=0.993
time=0.002
obj=0.974
time=0.002
obj=0.971
time=0.002
obj=0.961
time=0.003
obj=0.943
time=0.003
obj=0.935
time=0.003
obj=0.935
time=0.003
obj=0.934
time=0.003
obj=0.933
time=0.003
obj=0.932
time=0.004
obj=0.927
time=0.004
obj=0.919
time=0.013
obj=0.907
time=0.016
obj=0.903
time=0.016
obj=0.901
c real margin = 0.099
