buffers=8
windows=12
args generated-new/430.txt 12345 1
original_lb=0.645
time=0.004
obj=0.826
time=0.005
obj=0.819
time=0.005
obj=0.813
time=0.006
obj=0.811
time=0.006
obj=0.799
time=0.006
obj=0.797
time=0.006
obj=0.744
time=0.006
obj=0.741
time=0.007
obj=0.724
time=0.007
obj=0.722
time=0.007
obj=0.721
time=0.007
obj=0.697
time=0.007
obj=0.697
time=0.008
obj=0.687
time=0.008
obj=0.685
time=0.009
obj=0.675
time=0.009
obj=0.662
time=0.009
obj=0.659
time=0.009
obj=0.656
time=0.010
obj=0.656
time=0.010
obj=0.645
c real margin = 0.355
