buffers=8
windows=12
args generated-new/446.txt 12345 1
original_lb=0.593
time=0.003
obj=0.972
time=0.004
obj=0.924
time=0.004
obj=0.854
time=0.004
obj=0.842
time=0.004
obj=0.841
time=0.005
obj=0.839
time=0.005
obj=0.832
time=0.005
obj=0.828
time=0.005
obj=0.826
time=0.006
obj=0.823
time=0.006
obj=0.816
time=0.006
obj=0.805
time=0.006
obj=0.796
time=0.006
obj=0.776
time=0.007
obj=0.775
time=0.007
obj=0.761
time=0.007
obj=0.759
time=0.007
obj=0.758
time=0.008
obj=0.749
time=0.008
obj=0.742
time=0.008
obj=0.736
time=0.009
obj=0.734
c real margin = 0.266
