buffers=8
windows=12
args generated-new/453.txt 12345 1
original_lb=0.563
time=0.003
obj=0.823
time=0.003
obj=0.770
time=0.003
obj=0.770
time=0.004
obj=0.746
time=0.004
obj=0.707
time=0.004
obj=0.701
time=0.004
obj=0.696
time=0.004
obj=0.690
time=0.005
obj=0.683
time=0.005
obj=0.660
time=0.005
obj=0.651
time=0.006
obj=0.643
time=0.006
obj=0.627
time=0.006
obj=0.619
time=0.007
obj=0.615
time=0.008
obj=0.603
time=0.010
obj=0.603
time=0.010
obj=0.586
time=0.010
obj=0.569
time=0.010
obj=0.563
c real margin = 0.437
