buffers=6
windows=8
args generated-new/47.txt 12345 1
original_lb=0.578
time=0.001
obj=0.843
time=0.001
obj=0.817
time=0.001
obj=0.811
time=0.001
obj=0.749
time=0.001
obj=0.739
time=0.001
obj=0.710
time=0.001
obj=0.709
time=0.001
obj=0.704
time=0.001
obj=0.703
time=0.002
obj=0.701
time=0.002
obj=0.700
time=0.002
obj=0.697
time=0.002
obj=0.691
time=0.002
obj=0.677
time=0.002
obj=0.658
time=0.002
obj=0.654
time=0.002
obj=0.642
time=0.002
obj=0.641
time=0.004
obj=0.632
time=0.005
obj=0.626
c real margin = 0.374
