buffers=6
windows=12
args generated-new/471.txt 12345 1
original_lb=0.582
time=0.003
obj=0.896
time=0.003
obj=0.871
time=0.003
obj=0.830
time=0.003
obj=0.815
time=0.003
obj=0.798
time=0.004
obj=0.792
time=0.004
obj=0.787
time=0.004
obj=0.763
time=0.004
obj=0.759
time=0.004
obj=0.752
time=0.004
obj=0.750
time=0.004
obj=0.748
time=0.005
obj=0.742
time=0.005
obj=0.723
time=0.005
obj=0.715
time=0.005
obj=0.706
time=0.005
obj=0.700
time=0.005
obj=0.691
time=0.006
obj=0.684
time=0.006
obj=0.681
time=0.006
obj=0.678
time=0.006
obj=0.660
time=0.007
obj=0.654
time=0.007
obj=0.649
time=0.007
obj=0.647
time=0.008
obj=0.645
c real margin = 0.355
