buffers=4
windows=16
args generated-new/472.txt 12345 1
original_lb=0.596
time=0.002
obj=1.052
time=0.002
obj=1.036
time=0.003
obj=1.032
time=0.003
obj=0.998
time=0.003
obj=0.990
time=0.003
obj=0.985
time=0.003
obj=0.963
time=0.003
obj=0.920
time=0.003
obj=0.913
time=0.003
obj=0.900
time=0.003
obj=0.881
time=0.003
obj=0.879
time=0.003
obj=0.871
time=0.004
obj=0.865
time=0.004
obj=0.862
time=0.004
obj=0.851
time=0.004
obj=0.836
time=0.004
obj=0.832
time=0.004
obj=0.831
time=0.004
obj=0.824
time=0.004
obj=0.803
time=0.006
obj=0.800
time=0.006
obj=0.800
time=0.007
obj=0.795
time=0.007
obj=0.785
c real margin = 0.215
