buffers=6
windows=16
args generated-new/482.txt 12345 1
original_lb=0.570
time=0.003
obj=1.119
time=0.003
obj=1.098
time=0.003
obj=1.089
time=0.004
obj=1.079
time=0.004
obj=1.075
time=0.004
obj=1.074
time=0.004
obj=1.072
time=0.004
obj=1.059
time=0.004
obj=1.039
time=0.004
obj=1.031
time=0.005
obj=1.026
time=0.005
obj=1.021
time=0.005
obj=1.020
time=0.006
obj=1.019
time=0.007
obj=1.010
time=0.007
obj=1.006
time=0.007
obj=0.991
time=0.010
obj=0.981
time=0.010
obj=0.976
time=0.011
obj=0.965
time=0.046
obj=0.962
time=0.046
obj=0.952
c real margin = 0.048
