buffers=8
windows=12
args generated-new/490.txt 12345 1
original_lb=0.592
time=0.000
obj=1.118
time=0.000
obj=1.097
time=0.000
obj=1.093
time=0.000
obj=1.074
time=0.000
obj=1.068
time=0.000
obj=1.059
time=0.001
obj=1.059
time=0.001
obj=1.054
time=0.001
obj=1.031
time=0.001
obj=1.028
time=0.001
obj=1.016
time=0.002
obj=1.009
time=0.002
obj=0.998
time=0.002
obj=0.989
time=0.002
obj=0.977
time=0.002
obj=0.963
time=0.003
obj=0.948
time=0.003
obj=0.945
time=0.003
obj=0.922
time=0.003
obj=0.914
time=0.003
obj=0.894
time=0.004
obj=0.892
time=0.004
obj=0.887
time=0.004
obj=0.871
time=0.004
obj=0.862
time=0.005
obj=0.844
time=0.005
obj=0.843
c real margin = 0.157
