buffers=6
windows=12
args generated-new/496.txt 12345 1
original_lb=0.723
time=0.002
obj=1.033
time=0.002
obj=0.998
time=0.002
obj=0.997
time=0.002
obj=0.992
time=0.003
obj=0.961
time=0.003
obj=0.945
time=0.003
obj=0.942
time=0.003
obj=0.935
time=0.003
obj=0.923
time=0.003
obj=0.923
time=0.004
obj=0.920
time=0.004
obj=0.914
time=0.004
obj=0.887
time=0.004
obj=0.878
time=0.004
obj=0.872
time=0.005
obj=0.870
time=0.005
obj=0.862
time=0.006
obj=0.861
time=0.030
obj=0.861
time=0.030
obj=0.850
c real margin = 0.150
