buffers=8
windows=16
args generated-new/497.txt 12345 1
original_lb=0.539
time=0.004
obj=0.992
time=0.004
obj=0.946
time=0.005
obj=0.920
time=0.005
obj=0.909
time=0.005
obj=0.902
time=0.006
obj=0.892
time=0.006
obj=0.887
time=0.007
obj=0.882
time=0.008
obj=0.871
time=0.008
obj=0.869
time=0.013
obj=0.867
time=0.013
obj=0.847
time=0.014
obj=0.844
time=0.014
obj=0.831
time=0.014
obj=0.817
time=0.018
obj=0.813
time=0.022
obj=0.804
time=0.022
obj=0.784
time=0.024
obj=0.784
time=0.024
obj=0.780
time=0.026
obj=0.780
time=0.049
obj=0.779
time=0.049
obj=0.775
time=0.062
obj=0.765
c real margin = 0.235
