buffers=8
windows=16
args generated-new/514.txt 12345 1
original_lb=0.662
time=0.004
obj=3.067
time=0.009
obj=3.013
time=0.021
obj=1.451
time=0.024
obj=1.445
time=0.024
obj=1.374
time=0.024
obj=1.293
time=0.024
obj=1.266
time=0.024
obj=1.242
time=0.025
obj=1.166
time=0.025
obj=1.148
time=0.025
obj=1.146
time=0.025
obj=1.130
time=0.025
obj=1.116
time=0.026
obj=1.092
time=0.026
obj=1.089
time=0.026
obj=1.087
time=0.026
obj=1.076
time=0.027
obj=1.060
time=0.027
obj=1.051
time=0.030
obj=1.022
time=0.030
obj=1.011
time=0.031
obj=0.998
time=0.031
obj=0.973
time=0.034
obj=0.969
time=0.065
obj=0.958
time=0.237
obj=0.949
time=0.398
obj=0.948
time=0.763
obj=0.943
time=22.657
obj=0.938
time=22.787
obj=0.934
c real margin = 0.066
