buffers=6
windows=16
args generated-new/517.txt 12345 1
original_lb=0.642
time=0.004
obj=1.080
time=0.004
obj=1.014
time=0.004
obj=0.979
time=0.005
obj=0.977
time=0.005
obj=0.963
time=0.005
obj=0.937
time=0.005
obj=0.931
time=0.005
obj=0.929
time=0.005
obj=0.920
time=0.006
obj=0.918
time=0.006
obj=0.909
time=0.006
obj=0.899
time=0.006
obj=0.895
time=0.006
obj=0.874
time=0.007
obj=0.846
time=0.007
obj=0.841
time=0.007
obj=0.833
time=0.007
obj=0.825
time=0.007
obj=0.818
time=0.008
obj=0.817
time=0.012
obj=0.807
time=0.013
obj=0.800
time=0.017
obj=0.799
time=0.017
obj=0.798
time=0.018
obj=0.789
time=0.034
obj=0.787
time=0.147
obj=0.784
time=0.147
obj=0.777
time=0.148
obj=0.774
time=0.171
obj=0.774
time=0.171
obj=0.762
time=0.429
obj=0.755
time=0.461
obj=0.746
time=1.310
obj=0.740
time=1.310
obj=0.737
time=1.310
obj=0.734
time=1.310
obj=0.733
time=4.437
obj=0.732
time=18.436
obj=0.725
c real margin = 0.275
