buffers=8
windows=12
args generated-new/531.txt 12345 1
original_lb=0.596
time=0.003
obj=1.029
time=0.004
obj=1.020
time=0.004
obj=1.007
time=0.004
obj=1.000
time=0.004
obj=0.984
time=0.004
obj=0.974
time=0.005
obj=0.950
time=0.005
obj=0.946
time=0.005
obj=0.940
time=0.005
obj=0.928
time=0.006
obj=0.909
time=0.006
obj=0.905
time=0.006
obj=0.886
time=0.006
obj=0.883
time=0.007
obj=0.855
time=0.008
obj=0.855
time=0.008
obj=0.852
time=0.008
obj=0.847
time=0.010
obj=0.844
time=0.011
obj=0.841
c real margin = 0.159
