buffers=8
windows=8
args generated-new/540.txt 12345 1
original_lb=0.568
time=0.003
obj=2.479
time=0.006
obj=2.425
time=0.006
obj=1.125
time=0.006
obj=1.034
time=0.006
obj=1.002
time=0.006
obj=0.971
time=0.007
obj=0.950
time=0.007
obj=0.949
time=0.007
obj=0.943
time=0.007
obj=0.933
time=0.007
obj=0.922
time=0.007
obj=0.895
time=0.008
obj=0.891
time=0.008
obj=0.866
time=0.008
obj=0.860
time=0.009
obj=0.860
time=0.009
obj=0.857
time=0.010
obj=0.854
time=0.010
obj=0.851
time=0.011
obj=0.844
time=0.011
obj=0.828
time=0.011
obj=0.823
time=0.015
obj=0.822
time=0.015
obj=0.822
time=0.016
obj=0.820
time=0.025
obj=0.819
time=0.025
obj=0.807
time=0.029
obj=0.799
c real margin = 0.201
