buffers=8
windows=12
args generated-new/558.txt 12345 1
original_lb=0.630
time=0.003
obj=1.120
time=0.004
obj=0.959
time=0.004
obj=0.953
time=0.004
obj=0.951
time=0.004
obj=0.938
time=0.005
obj=0.911
time=0.005
obj=0.878
time=0.005
obj=0.858
time=0.005
obj=0.841
time=0.006
obj=0.838
time=0.006
obj=0.836
time=0.006
obj=0.831
time=0.007
obj=0.823
time=0.007
obj=0.823
time=0.007
obj=0.818
time=0.008
obj=0.800
time=0.008
obj=0.793
time=0.009
obj=0.790
time=0.009
obj=0.779
time=0.010
obj=0.772
time=0.010
obj=0.771
time=0.010
obj=0.766
time=0.011
obj=0.757
time=0.012
obj=0.754
time=0.012
obj=0.752
time=0.013
obj=0.750
time=0.013
obj=0.728
c real margin = 0.272
