buffers=6
windows=8
args generated-new/563.txt 12345 1
original_lb=0.712
time=0.003
obj=1.024
time=0.003
obj=1.011
time=0.003
obj=0.980
time=0.004
obj=0.964
time=0.004
obj=0.947
time=0.004
obj=0.924
time=0.004
obj=0.907
time=0.004
obj=0.907
time=0.005
obj=0.901
time=0.005
obj=0.875
time=0.005
obj=0.835
time=0.005
obj=0.833
time=0.006
obj=0.811
time=0.006
obj=0.799
time=0.006
obj=0.795
time=0.006
obj=0.790
time=0.006
obj=0.787
time=0.007
obj=0.785
time=0.008
obj=0.784
time=0.009
obj=0.781
time=0.009
obj=0.754
time=0.010
obj=0.752
c real margin = 0.248
