buffers=6
windows=16
args generated-new/564.txt 12345 1
original_lb=0.579
time=0.003
obj=1.067
time=0.003
obj=1.003
time=0.003
obj=0.996
time=0.003
obj=0.971
time=0.004
obj=0.971
time=0.004
obj=0.971
time=0.004
obj=0.952
time=0.004
obj=0.949
time=0.004
obj=0.945
time=0.004
obj=0.935
time=0.004
obj=0.883
time=0.005
obj=0.871
time=0.005
obj=0.867
time=0.005
obj=0.865
time=0.005
obj=0.854
time=0.005
obj=0.852
time=0.005
obj=0.851
time=0.005
obj=0.851
time=0.006
obj=0.850
time=0.006
obj=0.844
time=0.006
obj=0.842
time=0.006
obj=0.830
time=0.006
obj=0.805
time=0.006
obj=0.795
c real margin = 0.205
