buffers=6
windows=12
args generated-new/571.txt 12345 1
original_lb=0.577
time=0.003
obj=0.898
time=0.003
obj=0.898
time=0.003
obj=0.884
time=0.003
obj=0.852
time=0.003
obj=0.849
time=0.003
obj=0.848
time=0.004
obj=0.842
time=0.004
obj=0.840
time=0.004
obj=0.828
time=0.004
obj=0.828
time=0.004
obj=0.818
time=0.004
obj=0.816
time=0.004
obj=0.788
time=0.004
obj=0.786
time=0.005
obj=0.781
time=0.005
obj=0.780
time=0.005
obj=0.762
time=0.005
obj=0.753
time=0.005
obj=0.748
time=0.006
obj=0.748
time=0.006
obj=0.745
time=0.006
obj=0.739
time=0.006
obj=0.734
time=0.006
obj=0.733
time=0.007
obj=0.731
time=0.007
obj=0.720
time=0.007
obj=0.719
time=0.007
obj=0.703
time=0.007
obj=0.702
time=0.008
obj=0.699
time=0.008
obj=0.686
time=0.011
obj=0.684
c real margin = 0.316
