buffers=6
windows=12
args generated-new/576.txt 12345 1
original_lb=0.622
time=0.002
obj=1.059
time=0.003
obj=1.023
time=0.003
obj=1.017
time=0.003
obj=1.015
time=0.003
obj=1.003
time=0.003
obj=0.996
time=0.003
obj=0.968
time=0.003
obj=0.924
time=0.003
obj=0.921
time=0.003
obj=0.905
time=0.004
obj=0.892
time=0.004
obj=0.879
time=0.004
obj=0.865
time=0.004
obj=0.850
time=0.004
obj=0.849
time=0.004
obj=0.839
time=0.004
obj=0.837
time=0.005
obj=0.835
time=0.005
obj=0.808
time=0.005
obj=0.799
time=0.005
obj=0.787
time=0.006
obj=0.785
time=0.006
obj=0.783
time=0.007
obj=0.781
time=0.008
obj=0.780
time=0.008
obj=0.778
time=0.008
obj=0.777
time=0.008
obj=0.770
time=0.009
obj=0.763
time=0.009
obj=0.762
c real margin = 0.238
