buffers=6
windows=16
args generated-new/579.txt 12345 1
original_lb=0.441
time=0.003
obj=0.824
time=0.003
obj=0.761
time=0.003
obj=0.673
time=0.003
obj=0.668
time=0.004
obj=0.664
time=0.004
obj=0.647
time=0.004
obj=0.642
time=0.004
obj=0.633
time=0.004
obj=0.633
time=0.004
obj=0.633
time=0.004
obj=0.631
time=0.004
obj=0.614
time=0.004
obj=0.612
time=0.005
obj=0.611
time=0.005
obj=0.606
time=0.005
obj=0.602
time=0.005
obj=0.591
time=0.005
obj=0.591
time=0.005
obj=0.590
time=0.005
obj=0.585
time=0.006
obj=0.583
time=0.006
obj=0.578
time=0.006
obj=0.556
time=0.006
obj=0.540
time=0.006
obj=0.534
time=0.006
obj=0.530
time=0.006
obj=0.529
time=0.006
obj=0.527
time=0.007
obj=0.525
time=0.007
obj=0.503
c real margin = 0.497
