buffers=8
windows=16
args generated-new/582.txt 12345 1
original_lb=0.530
time=0.003
obj=1.073
time=0.004
obj=1.073
time=0.004
obj=1.056
time=0.004
obj=1.054
time=0.005
obj=1.036
time=0.005
obj=1.032
time=0.005
obj=1.030
time=0.006
obj=1.030
time=0.006
obj=1.024
time=0.007
obj=1.013
time=0.008
obj=0.997
time=0.012
obj=0.990
time=0.012
obj=0.989
time=0.013
obj=0.986
time=0.013
obj=0.982
time=0.099
obj=0.981
time=0.110
obj=0.981
time=0.111
obj=0.978
time=0.111
obj=0.977
time=0.169
obj=0.975
time=0.170
obj=0.966
time=0.194
obj=0.966
time=0.210
obj=0.964
time=0.210
obj=0.960
time=2.207
obj=0.957
time=2.207
obj=0.957
c real margin = 0.043
