buffers=8
windows=12
args generated-new/59.txt 12345 1
original_lb=0.609
time=0.002
obj=2.566
time=0.003
obj=2.543
time=0.004
obj=2.134
time=0.004
obj=1.697
time=0.006
obj=1.687
time=0.006
obj=1.653
time=0.006
obj=1.375
time=0.006
obj=1.172
time=0.006
obj=0.957
time=0.006
obj=0.952
time=0.007
obj=0.867
time=0.007
obj=0.864
time=0.007
obj=0.857
time=0.007
obj=0.857
time=0.008
obj=0.845
time=0.009
obj=0.840
time=0.009
obj=0.832
time=0.014
obj=0.829
time=0.014
obj=0.827
time=0.014
obj=0.805
time=0.033
obj=0.805
time=0.077
obj=0.804
time=0.077
obj=0.803
time=0.109
obj=0.803
time=0.109
obj=0.803
time=0.110
obj=0.802
time=0.110
obj=0.798
c real margin = 0.202
