buffers=6
windows=12
args generated-new/596.txt 12345 1
original_lb=0.650
time=0.002
obj=1.096
time=0.002
obj=1.052
time=0.003
obj=1.038
time=0.003
obj=0.988
time=0.003
obj=0.924
time=0.003
obj=0.922
time=0.003
obj=0.920
time=0.003
obj=0.896
time=0.003
obj=0.895
time=0.003
obj=0.860
time=0.004
obj=0.853
time=0.004
obj=0.836
time=0.004
obj=0.818
time=0.004
obj=0.812
time=0.005
obj=0.806
time=0.005
obj=0.801
time=0.005
obj=0.798
time=0.005
obj=0.795
time=0.005
obj=0.786
time=0.006
obj=0.784
time=0.006
obj=0.781
time=0.006
obj=0.770
time=0.006
obj=0.753
time=0.006
obj=0.731
time=0.007
obj=0.729
time=0.007
obj=0.722
time=0.007
obj=0.722
time=0.007
obj=0.720
time=0.012
obj=0.717
time=0.016
obj=0.714
time=0.016
obj=0.710
time=0.058
obj=0.709
time=0.058
obj=0.706
c real margin = 0.294
