buffers=6
windows=8
args generated-new/597.txt 12345 1
original_lb=0.583
time=0.002
obj=3.460
time=0.004
obj=3.444
time=0.004
obj=1.125
time=0.004
obj=1.111
time=0.004
obj=1.098
time=0.004
obj=1.094
time=0.004
obj=1.061
time=0.004
obj=1.049
time=0.005
obj=1.021
time=0.005
obj=1.019
time=0.005
obj=0.998
time=0.005
obj=0.985
time=0.005
obj=0.984
time=0.005
obj=0.953
time=0.005
obj=0.912
time=0.006
obj=0.907
time=0.006
obj=0.847
time=0.006
obj=0.835
time=0.006
obj=0.834
time=0.007
obj=0.802
time=0.007
obj=0.802
time=0.007
obj=0.789
time=0.010
obj=0.771
c real margin = 0.229
