buffers=8
windows=4
args generated-new/69.txt 12345 1
original_lb=0.705
time=0.002
obj=1.042
time=0.002
obj=1.041
time=0.003
obj=1.032
time=0.003
obj=1.029
time=0.003
obj=1.029
time=0.003
obj=1.001
time=0.003
obj=0.940
time=0.004
obj=0.933
time=0.004
obj=0.929
time=0.004
obj=0.921
time=0.004
obj=0.905
time=0.005
obj=0.894
time=0.005
obj=0.891
time=0.006
obj=0.879
time=0.006
obj=0.859
time=0.006
obj=0.818
time=0.006
obj=0.816
time=0.006
obj=0.798
time=0.007
obj=0.789
time=0.007
obj=0.786
time=0.007
obj=0.785
c real margin = 0.215
