buffers=8
windows=16
args generated-new/7.txt 12345 1
original_lb=0.610
time=0.008
obj=1.050
time=0.008
obj=1.037
time=0.008
obj=1.036
time=0.009
obj=1.016
time=0.009
obj=1.015
time=0.009
obj=1.014
time=0.010
obj=0.998
time=0.010
obj=0.997
time=0.011
obj=0.989
time=0.012
obj=0.981
time=0.016
obj=0.974
time=0.016
obj=0.967
time=0.029
obj=0.961
time=0.029
obj=0.950
time=0.033
obj=0.949
time=0.038
obj=0.945
time=0.054
obj=0.944
time=0.122
obj=0.941
time=0.123
obj=0.937
time=0.123
obj=0.937
time=0.127
obj=0.924
c real margin = 0.076
