buffers=8
windows=4
args generated-new/71.txt 12345 1
original_lb=0.678
time=0.004
obj=0.993
time=0.005
obj=0.976
time=0.006
obj=0.950
time=0.008
obj=0.948
time=0.009
obj=0.940
time=0.009
obj=0.923
time=0.010
obj=0.916
time=0.010
obj=0.916
time=0.011
obj=0.909
time=0.011
obj=0.895
time=0.013
obj=0.892
time=0.013
obj=0.888
time=0.014
obj=0.878
time=0.014
obj=0.873
time=0.015
obj=0.865
time=0.017
obj=0.846
time=0.018
obj=0.843
time=0.018
obj=0.841
time=0.019
obj=0.838
time=0.019
obj=0.824
c real margin = 0.176
