buffers=6
windows=12
args generated-new/97.txt 12345 1
original_lb=0.617
time=0.002
obj=1.004
time=0.002
obj=0.998
time=0.002
obj=0.997
time=0.002
obj=0.997
time=0.002
obj=0.985
time=0.002
obj=0.982
time=0.002
obj=0.968
time=0.002
obj=0.949
time=0.002
obj=0.920
time=0.002
obj=0.920
time=0.002
obj=0.908
time=0.002
obj=0.884
time=0.003
obj=0.871
time=0.003
obj=0.870
time=0.003
obj=0.870
time=0.003
obj=0.863
time=0.003
obj=0.857
time=0.003
obj=0.856
time=0.004
obj=0.847
time=0.004
obj=0.836
c real margin = 0.164
