buffers=16
windows=16
args generated-small/0.txt 12345 1
original_lb=0.256
time=0.011
obj=0.610
time=0.012
obj=0.561
time=0.013
obj=0.549
time=0.013
obj=0.517
time=0.014
obj=0.452
time=0.014
obj=0.427
time=0.015
obj=0.427
time=0.015
obj=0.425
time=0.016
obj=0.420
time=0.017
obj=0.412
time=0.017
obj=0.400
time=0.018
obj=0.399
time=0.019
obj=0.398
time=0.019
obj=0.393
time=0.020
obj=0.392
time=0.020
obj=0.365
time=0.021
obj=0.345
time=0.022
obj=0.339
time=0.022
obj=0.337
time=0.023
obj=0.333
time=0.023
obj=0.323
time=0.024
obj=0.321
time=0.025
obj=0.316
time=0.025
obj=0.313
time=0.026
obj=0.305
time=0.027
obj=0.303
time=0.027
obj=0.301
time=0.028
obj=0.300
time=0.029
obj=0.300
time=0.030
obj=0.300
time=0.030
obj=0.299
time=0.031
obj=0.298
time=0.032
obj=0.289
time=0.033
obj=0.287
time=0.034
obj=0.283
time=0.035
obj=0.280
time=0.044
obj=0.280
c real margin = 0.720
