buffers=8
windows=12
args generated-small/10.txt 12345 1
original_lb=0.231
time=0.002
obj=1.658
time=0.003
obj=1.642
time=0.003
obj=1.348
time=0.003
obj=1.300
time=0.003
obj=1.172
time=0.003
obj=1.096
time=0.003
obj=1.096
time=0.003
obj=1.019
time=0.003
obj=1.014
time=0.003
obj=0.976
time=0.004
obj=0.925
time=0.004
obj=0.924
time=0.004
obj=0.907
time=0.004
obj=0.894
time=0.004
obj=0.872
time=0.004
obj=0.821
time=0.004
obj=0.801
time=0.004
obj=0.777
time=0.005
obj=0.760
time=0.005
obj=0.758
time=0.005
obj=0.745
time=0.005
obj=0.740
time=0.006
obj=0.739
time=0.006
obj=0.736
time=0.006
obj=0.735
time=0.006
obj=0.707
time=0.007
obj=0.704
time=0.025
obj=0.691
time=0.026
obj=0.689
time=0.066
obj=0.676
c real margin = 0.324
