buffers=16
windows=16
args generated-small/110.txt 12345 1
original_lb=0.233
time=0.011
obj=0.906
time=0.012
obj=0.906
time=0.013
obj=0.894
time=0.013
obj=0.850
time=0.014
obj=0.832
time=0.014
obj=0.830
time=0.015
obj=0.811
time=0.016
obj=0.809
time=0.017
obj=0.782
time=0.017
obj=0.764
time=0.018
obj=0.763
time=0.019
obj=0.760
time=0.019
obj=0.743
time=0.021
obj=0.738
time=0.021
obj=0.732
time=0.022
obj=0.724
time=0.022
obj=0.716
time=0.023
obj=0.713
time=0.024
obj=0.712
time=0.025
obj=0.710
time=0.026
obj=0.703
time=0.027
obj=0.690
time=0.028
obj=0.683
time=0.028
obj=0.674
time=0.029
obj=0.668
time=0.030
obj=0.657
time=0.030
obj=0.651
time=0.033
obj=0.647
time=0.034
obj=0.640
time=0.034
obj=0.638
time=0.037
obj=0.632
time=0.038
obj=0.623
time=0.044
obj=0.623
time=0.044
obj=0.622
time=0.083
obj=0.621
time=0.092
obj=0.619
time=0.093
obj=0.614
time=0.107
obj=0.613
time=0.198
obj=0.608
time=0.199
obj=0.606
time=1826.746
obj=0.606
time=1826.746
obj=0.604
c real margin = 0.396
