buffers=8
windows=16
args generated-small/112.txt 12345 1
original_lb=0.271
time=0.005
obj=0.931
time=0.005
obj=0.909
time=0.005
obj=0.674
time=0.006
obj=0.621
time=0.006
obj=0.581
time=0.006
obj=0.576
time=0.006
obj=0.572
time=0.007
obj=0.572
time=0.007
obj=0.553
time=0.007
obj=0.553
time=0.007
obj=0.533
time=0.007
obj=0.526
time=0.008
obj=0.516
time=0.008
obj=0.515
time=0.008
obj=0.500
time=0.008
obj=0.492
time=0.008
obj=0.468
time=0.009
obj=0.464
time=0.010
obj=0.464
time=0.010
obj=0.462
time=0.010
obj=0.461
time=0.011
obj=0.457
time=0.011
obj=0.451
time=0.012
obj=0.448
time=0.012
obj=0.433
time=0.020
obj=0.428
time=0.021
obj=0.423
time=0.021
obj=0.420
time=0.021
obj=0.417
c real margin = 0.583
