buffers=16
windows=16
args generated-small/120.txt 12345 1
original_lb=0.182
time=0.008
obj=0.805
time=0.009
obj=0.691
time=0.009
obj=0.682
time=0.009
obj=0.637
time=0.010
obj=0.629
time=0.010
obj=0.608
time=0.010
obj=0.602
time=0.011
obj=0.582
time=0.011
obj=0.578
time=0.011
obj=0.553
time=0.012
obj=0.547
time=0.012
obj=0.540
time=0.013
obj=0.529
time=0.013
obj=0.528
time=0.014
obj=0.524
time=0.014
obj=0.516
time=0.015
obj=0.512
time=0.015
obj=0.501
time=0.015
obj=0.498
time=0.016
obj=0.494
time=0.016
obj=0.482
time=0.017
obj=0.477
time=0.017
obj=0.474
time=0.017
obj=0.474
time=0.018
obj=0.469
time=0.020
obj=0.467
time=0.020
obj=0.466
time=0.022
obj=0.465
time=0.023
obj=0.462
time=0.023
obj=0.458
time=0.023
obj=0.445
time=0.025
obj=0.444
time=0.026
obj=0.443
time=0.027
obj=0.436
time=0.032
obj=0.434
time=0.033
obj=0.431
time=0.033
obj=0.423
time=0.034
obj=0.423
time=0.034
obj=0.422
time=0.035
obj=0.416
time=0.041
obj=0.414
time=0.042
obj=0.412
time=0.043
obj=0.409
time=0.043
obj=0.408
time=0.044
obj=0.407
time=0.658
obj=0.406
time=0.659
obj=0.405
time=0.957
obj=0.405
c real margin = 0.595
