buffers=16
windows=16
args generated-small/122.txt 12345 1
original_lb=0.273
time=0.005
obj=0.901
time=0.005
obj=0.843
time=0.005
obj=0.752
time=0.006
obj=0.736
time=0.006
obj=0.712
time=0.006
obj=0.702
time=0.006
obj=0.702
time=0.007
obj=0.700
time=0.007
obj=0.690
time=0.007
obj=0.689
time=0.007
obj=0.682
time=0.007
obj=0.680
time=0.008
obj=0.680
time=0.008
obj=0.651
time=0.008
obj=0.634
time=0.008
obj=0.631
time=0.008
obj=0.624
time=0.009
obj=0.623
time=0.009
obj=0.623
time=0.009
obj=0.619
time=0.009
obj=0.616
time=0.010
obj=0.611
time=0.010
obj=0.609
time=0.010
obj=0.604
time=0.011
obj=0.604
time=0.011
obj=0.604
time=0.011
obj=0.592
time=0.011
obj=0.587
time=0.012
obj=0.586
time=0.012
obj=0.584
time=0.012
obj=0.578
time=0.013
obj=0.574
time=0.013
obj=0.569
time=0.013
obj=0.562
time=0.014
obj=0.560
time=0.014
obj=0.560
time=0.015
obj=0.558
time=0.015
obj=0.555
time=0.015
obj=0.549
time=0.015
obj=0.547
time=0.016
obj=0.542
time=0.016
obj=0.542
time=0.016
obj=0.537
time=0.017
obj=0.530
time=0.018
obj=0.529
time=0.018
obj=0.522
time=0.019
obj=0.522
time=0.020
obj=0.520
time=0.021
obj=0.518
time=0.022
obj=0.516
time=0.023
obj=0.515
time=0.024
obj=0.515
time=0.024
obj=0.513
time=0.024
obj=0.511
time=0.040
obj=0.509
time=0.041
obj=0.509
time=0.042
obj=0.507
time=0.043
obj=0.505
time=0.043
obj=0.505
time=0.043
obj=0.502
time=0.050
obj=0.502
time=0.050
obj=0.501
time=0.051
obj=0.501
time=0.052
obj=0.501
time=0.053
obj=0.499
time=0.054
obj=0.498
time=0.055
obj=0.498
time=0.055
obj=0.497
time=0.056
obj=0.496
time=0.056
obj=0.496
time=0.066
obj=0.493
time=0.067
obj=0.493
time=0.086
obj=0.492
time=0.087
obj=0.489
time=0.089
obj=0.484
time=0.089
obj=0.480
time=0.100
obj=0.479
time=0.115
obj=0.478
time=0.115
obj=0.478
time=0.142
obj=0.476
time=0.149
obj=0.474
time=0.149
obj=0.473
time=0.173
obj=0.472
time=0.173
obj=0.470
time=0.702
obj=0.470
time=0.736
obj=0.468
time=3.045
obj=0.468
time=4.177
obj=0.467
time=5.044
obj=0.467
time=5.315
obj=0.465
time=6.692
obj=0.464
time=7.461
obj=0.462
time=11.632
obj=0.461
time=25.177
obj=0.460
time=286.484
obj=0.460
time=286.484
obj=0.456
time=286.579
obj=0.454
time=303.611
obj=0.453
c real margin = 0.547
