buffers=16
windows=12
args generated-small/123.txt 12345 1
original_lb=0.240
time=0.005
obj=0.849
time=0.006
obj=0.811
time=0.006
obj=0.789
time=0.006
obj=0.773
time=0.006
obj=0.737
time=0.006
obj=0.733
time=0.006
obj=0.719
time=0.007
obj=0.709
time=0.007
obj=0.709
time=0.007
obj=0.709
time=0.008
obj=0.687
time=0.008
obj=0.674
time=0.008
obj=0.664
time=0.009
obj=0.637
time=0.010
obj=0.628
time=0.010
obj=0.624
time=0.011
obj=0.623
time=0.012
obj=0.622
time=0.017
obj=0.622
time=0.018
obj=0.622
time=0.022
obj=0.613
time=0.022
obj=0.611
time=0.027
obj=0.610
time=0.027
obj=0.609
time=0.038
obj=0.609
time=0.054
obj=0.607
time=0.054
obj=0.601
time=0.078
obj=0.600
time=0.078
obj=0.594
time=0.116
obj=0.592
time=0.250
obj=0.591
time=0.250
obj=0.587
time=0.351
obj=0.587
time=2.305
obj=0.584
time=3.074
obj=0.583
time=3.074
obj=0.578
time=8.919
obj=0.578
time=8.919
obj=0.576
time=29.833
obj=0.572
c real margin = 0.428
