buffers=16
windows=12
args generated-small/128.txt 12345 1
original_lb=0.234
time=0.006
obj=0.821
time=0.006
obj=0.689
time=0.006
obj=0.649
time=0.007
obj=0.637
time=0.007
obj=0.616
time=0.007
obj=0.612
time=0.008
obj=0.592
time=0.008
obj=0.573
time=0.008
obj=0.564
time=0.009
obj=0.557
time=0.009
obj=0.549
time=0.009
obj=0.547
time=0.010
obj=0.543
time=0.010
obj=0.537
time=0.010
obj=0.518
time=0.010
obj=0.517
time=0.011
obj=0.510
time=0.011
obj=0.498
time=0.012
obj=0.488
time=0.012
obj=0.488
time=0.012
obj=0.473
time=0.013
obj=0.468
time=0.013
obj=0.461
time=0.013
obj=0.452
time=0.014
obj=0.448
time=0.015
obj=0.443
time=0.016
obj=0.435
time=0.017
obj=0.435
time=0.018
obj=0.434
time=0.018
obj=0.434
time=0.018
obj=0.433
time=0.018
obj=0.431
time=0.032
obj=0.430
time=0.033
obj=0.428
time=0.034
obj=0.428
time=0.036
obj=0.427
time=0.037
obj=0.423
time=0.037
obj=0.417
time=0.038
obj=0.416
time=0.049
obj=0.415
time=0.050
obj=0.409
time=0.050
obj=0.407
time=0.051
obj=0.404
time=0.051
obj=0.392
c real margin = 0.608
