buffers=16
windows=16
args generated-small/137.txt 12345 1
original_lb=0.228
time=0.005
obj=0.942
time=0.005
obj=0.907
time=0.006
obj=0.820
time=0.006
obj=0.816
time=0.006
obj=0.797
time=0.006
obj=0.793
time=0.007
obj=0.790
time=0.007
obj=0.789
time=0.007
obj=0.776
time=0.007
obj=0.773
time=0.008
obj=0.751
time=0.008
obj=0.750
time=0.008
obj=0.715
time=0.009
obj=0.714
time=0.009
obj=0.713
time=0.009
obj=0.694
time=0.009
obj=0.688
time=0.010
obj=0.678
time=0.010
obj=0.675
time=0.010
obj=0.674
time=0.011
obj=0.667
time=0.011
obj=0.666
time=0.011
obj=0.657
time=0.012
obj=0.654
time=0.012
obj=0.650
time=0.013
obj=0.646
time=0.014
obj=0.640
time=0.014
obj=0.638
time=0.014
obj=0.638
time=0.015
obj=0.638
time=0.016
obj=0.628
time=0.016
obj=0.619
time=0.017
obj=0.615
time=0.018
obj=0.613
time=0.018
obj=0.610
time=0.018
obj=0.606
time=0.020
obj=0.603
time=0.020
obj=0.595
time=0.020
obj=0.588
time=0.021
obj=0.575
time=0.023
obj=0.575
time=0.069
obj=0.574
time=0.069
obj=0.567
time=0.069
obj=0.564
time=0.071
obj=0.564
time=0.071
obj=0.562
time=0.072
obj=0.561
time=0.076
obj=0.559
time=0.116
obj=0.553
time=0.154
obj=0.547
time=0.154
obj=0.547
c real margin = 0.453
