buffers=4
windows=16
args generated-small/142.txt 12345 1
original_lb=0.192
time=0.001
obj=0.702
time=0.001
obj=0.687
time=0.001
obj=0.662
time=0.001
obj=0.587
time=0.001
obj=0.584
time=0.001
obj=0.580
time=0.001
obj=0.577
time=0.001
obj=0.576
time=0.001
obj=0.568
time=0.001
obj=0.561
time=0.001
obj=0.560
time=0.001
obj=0.555
time=0.001
obj=0.554
time=0.001
obj=0.542
time=0.001
obj=0.531
time=0.001
obj=0.515
time=0.002
obj=0.514
time=0.002
obj=0.485
time=0.002
obj=0.480
time=0.002
obj=0.473
time=0.002
obj=0.466
c real margin = 0.534
