buffers=16
windows=4
args generated-small/143.txt 12345 1
original_lb=0.250
time=0.004
obj=0.542
time=0.005
obj=0.525
time=0.005
obj=0.496
time=0.005
obj=0.483
time=0.006
obj=0.482
time=0.006
obj=0.472
time=0.006
obj=0.459
time=0.006
obj=0.458
time=0.007
obj=0.416
time=0.009
obj=0.415
time=0.009
obj=0.407
time=0.011
obj=0.380
time=0.011
obj=0.375
time=0.023
obj=0.375
time=0.024
obj=0.372
time=0.027
obj=0.372
time=0.029
obj=0.370
time=0.029
obj=0.361
time=22.232
obj=0.361
time=22.232
obj=0.356
c real margin = 0.644
