buffers=16
windows=16
args generated-small/149.txt 12345 1
original_lb=0.266
time=0.003
obj=0.954
time=0.003
obj=0.818
time=0.004
obj=0.797
time=0.004
obj=0.778
time=0.004
obj=0.777
time=0.004
obj=0.773
time=0.004
obj=0.764
time=0.004
obj=0.743
time=0.004
obj=0.741
time=0.004
obj=0.736
time=0.005
obj=0.729
time=0.005
obj=0.727
time=0.005
obj=0.723
time=0.005
obj=0.703
time=0.006
obj=0.696
time=0.006
obj=0.696
time=0.006
obj=0.659
time=0.006
obj=0.654
time=0.007
obj=0.640
time=0.008
obj=0.634
time=0.008
obj=0.608
time=0.011
obj=0.607
time=0.011
obj=0.606
time=0.012
obj=0.606
time=0.020
obj=0.601
time=0.030
obj=0.601
time=0.030
obj=0.600
time=0.032
obj=0.592
time=0.033
obj=0.590
time=0.051
obj=0.574
time=0.051
obj=0.570
time=6.463
obj=0.568
time=6.463
obj=0.568
c real margin = 0.432
