buffers=8
windows=12
args generated-small/150.txt 12345 1
original_lb=0.241
time=0.001
obj=0.885
time=0.002
obj=0.869
time=0.002
obj=0.827
time=0.002
obj=0.799
time=0.002
obj=0.758
time=0.002
obj=0.739
time=0.002
obj=0.730
time=0.002
obj=0.727
time=0.002
obj=0.722
time=0.002
obj=0.714
time=0.002
obj=0.706
time=0.002
obj=0.706
time=0.002
obj=0.705
time=0.003
obj=0.697
time=0.003
obj=0.691
time=0.003
obj=0.684
time=0.003
obj=0.683
time=0.003
obj=0.677
time=0.003
obj=0.674
time=0.003
obj=0.670
time=0.003
obj=0.647
time=0.004
obj=0.645
time=0.004
obj=0.644
time=0.004
obj=0.640
time=0.004
obj=0.631
time=0.004
obj=0.629
time=0.004
obj=0.628
time=0.005
obj=0.614
time=0.006
obj=0.603
c real margin = 0.397
