buffers=4
windows=12
args generated-small/159.txt 12345 1
original_lb=0.211
time=0.002
obj=0.870
time=0.002
obj=0.605
time=0.002
obj=0.593
time=0.002
obj=0.586
time=0.002
obj=0.580
time=0.002
obj=0.577
time=0.002
obj=0.540
time=0.002
obj=0.522
time=0.002
obj=0.505
time=0.002
obj=0.503
time=0.002
obj=0.502
time=0.002
obj=0.498
time=0.002
obj=0.478
time=0.002
obj=0.468
time=0.002
obj=0.460
time=0.002
obj=0.457
time=0.002
obj=0.451
time=0.003
obj=0.444
time=0.004
obj=0.441
time=0.007
obj=0.440
time=0.011
obj=0.431
time=0.011
obj=0.419
time=0.014
obj=0.419
c real margin = 0.581
