buffers=8
windows=12
args generated-small/162.txt 12345 1
original_lb=0.279
time=0.003
obj=0.687
time=0.003
obj=0.665
time=0.003
obj=0.662
time=0.003
obj=0.662
time=0.003
obj=0.655
time=0.004
obj=0.627
time=0.004
obj=0.614
time=0.004
obj=0.583
time=0.004
obj=0.581
time=0.005
obj=0.581
time=0.005
obj=0.580
time=0.005
obj=0.573
time=0.005
obj=0.565
time=0.006
obj=0.557
time=0.006
obj=0.557
time=0.007
obj=0.555
time=0.007
obj=0.554
time=0.007
obj=0.552
time=0.008
obj=0.538
time=0.008
obj=0.536
time=0.008
obj=0.532
time=0.009
obj=0.532
time=0.009
obj=0.530
time=0.010
obj=0.527
time=0.011
obj=0.526
time=0.011
obj=0.513
time=0.011
obj=0.512
time=0.013
obj=0.512
time=0.013
obj=0.505
time=0.013
obj=0.499
time=0.016
obj=0.495
time=0.016
obj=0.495
time=0.017
obj=0.488
time=0.017
obj=0.480
c real margin = 0.520
