buffers=8
windows=12
args generated-small/163.txt 12345 1
original_lb=0.219
time=0.000
obj=1.096
time=0.000
obj=0.960
time=0.000
obj=0.882
time=0.000
obj=0.858
time=0.000
obj=0.855
time=0.000
obj=0.854
time=0.000
obj=0.850
time=0.000
obj=0.841
time=0.000
obj=0.837
time=0.000
obj=0.834
time=0.001
obj=0.825
time=0.001
obj=0.824
time=0.002
obj=0.814
time=0.002
obj=0.811
time=0.002
obj=0.799
time=0.002
obj=0.795
time=0.002
obj=0.790
time=0.002
obj=0.783
time=0.002
obj=0.778
time=0.003
obj=0.778
time=0.003
obj=0.767
time=0.010
obj=0.766
time=0.010
obj=0.765
time=0.052
obj=0.763
time=0.052
obj=0.761
time=0.063
obj=0.749
time=0.063
obj=0.749
time=0.079
obj=0.743
c real margin = 0.257
