buffers=16
windows=12
args generated-small/177.txt 12345 1
original_lb=0.258
time=0.007
obj=0.765
time=0.008
obj=0.703
time=0.008
obj=0.695
time=0.008
obj=0.681
time=0.009
obj=0.675
time=0.010
obj=0.673
time=0.010
obj=0.671
time=0.011
obj=0.669
time=0.011
obj=0.661
time=0.012
obj=0.661
time=0.013
obj=0.646
time=0.013
obj=0.645
time=0.013
obj=0.645
time=0.014
obj=0.642
time=0.014
obj=0.641
time=0.014
obj=0.641
time=0.015
obj=0.637
time=0.015
obj=0.622
time=0.016
obj=0.621
time=0.017
obj=0.617
time=0.017
obj=0.613
time=0.018
obj=0.602
time=0.019
obj=0.601
time=0.019
obj=0.600
time=0.020
obj=0.598
time=0.020
obj=0.598
time=0.021
obj=0.595
time=0.022
obj=0.594
time=0.023
obj=0.578
time=0.023
obj=0.575
time=0.024
obj=0.575
time=0.024
obj=0.574
time=0.026
obj=0.571
time=0.026
obj=0.570
time=0.028
obj=0.569
time=0.028
obj=0.567
time=0.029
obj=0.565
time=0.031
obj=0.564
time=0.031
obj=0.561
time=0.032
obj=0.553
time=0.032
obj=0.553
time=0.042
obj=0.552
time=0.043
obj=0.549
time=0.043
obj=0.548
time=0.044
obj=0.548
time=0.049
obj=0.546
time=0.049
obj=0.546
time=0.063
obj=0.546
time=0.063
obj=0.531
time=1.664
obj=0.531
time=1.669
obj=0.523
time=1.669
obj=0.521
c real margin = 0.479
