buffers=16
windows=8
args generated-small/184.txt 12345 1
original_lb=0.181
time=0.007
obj=0.551
time=0.008
obj=0.506
time=0.008
obj=0.500
time=0.009
obj=0.498
time=0.009
obj=0.480
time=0.010
obj=0.428
time=0.010
obj=0.423
time=0.011
obj=0.420
time=0.012
obj=0.411
time=0.013
obj=0.400
time=0.014
obj=0.392
time=0.015
obj=0.392
time=0.016
obj=0.391
time=0.018
obj=0.391
time=0.018
obj=0.390
time=0.018
obj=0.390
time=0.020
obj=0.387
time=0.021
obj=0.379
time=0.022
obj=0.377
time=0.023
obj=0.372
time=0.023
obj=0.371
time=0.027
obj=0.368
time=0.027
obj=0.359
time=0.027
obj=0.354
time=0.047
obj=0.351
time=0.056
obj=0.344
time=0.424
obj=0.344
time=0.429
obj=0.343
time=0.430
obj=0.340
time=0.909
obj=0.340
time=0.909
obj=0.336
c real margin = 0.664
