buffers=4
windows=12
args generated-small/194.txt 12345 1
original_lb=0.221
time=0.001
obj=0.534
time=0.001
obj=0.499
time=0.001
obj=0.495
time=0.001
obj=0.477
time=0.001
obj=0.473
time=0.002
obj=0.465
time=0.002
obj=0.460
time=0.002
obj=0.459
time=0.002
obj=0.417
time=0.002
obj=0.411
time=0.002
obj=0.405
time=0.002
obj=0.392
time=0.002
obj=0.386
time=0.002
obj=0.383
time=0.002
obj=0.369
time=0.002
obj=0.367
time=0.002
obj=0.358
time=0.002
obj=0.356
time=0.002
obj=0.356
time=0.002
obj=0.351
time=0.002
obj=0.345
c real margin = 0.655
