buffers=8
windows=16
args generated-small/199.txt 12345 1
original_lb=0.153
time=0.003
obj=0.709
time=0.003
obj=0.707
time=0.003
obj=0.695
time=0.003
obj=0.693
time=0.004
obj=0.667
time=0.004
obj=0.658
time=0.004
obj=0.656
time=0.004
obj=0.650
time=0.004
obj=0.604
time=0.004
obj=0.604
time=0.004
obj=0.600
time=0.004
obj=0.596
time=0.004
obj=0.593
time=0.004
obj=0.591
time=0.005
obj=0.590
time=0.005
obj=0.583
time=0.005
obj=0.580
time=0.005
obj=0.570
time=0.005
obj=0.532
time=0.005
obj=0.530
time=0.005
obj=0.525
time=0.005
obj=0.523
time=0.006
obj=0.516
time=0.006
obj=0.513
c real margin = 0.487
