buffers=16
windows=12
args generated-small/203.txt 12345 1
original_lb=0.204
time=0.010
obj=0.796
time=0.012
obj=0.794
time=0.012
obj=0.793
time=0.013
obj=0.752
time=0.013
obj=0.734
time=0.014
obj=0.719
time=0.014
obj=0.714
time=0.015
obj=0.676
time=0.015
obj=0.663
time=0.016
obj=0.658
time=0.016
obj=0.646
time=0.017
obj=0.642
time=0.018
obj=0.640
time=0.018
obj=0.639
time=0.019
obj=0.636
time=0.019
obj=0.625
time=0.020
obj=0.624
time=0.020
obj=0.619
time=0.021
obj=0.605
time=0.022
obj=0.595
time=0.022
obj=0.580
time=0.026
obj=0.578
time=0.032
obj=0.577
time=0.035
obj=0.577
time=0.045
obj=0.575
time=0.056
obj=0.573
time=0.056
obj=0.573
time=0.069
obj=0.572
time=0.069
obj=0.572
time=0.070
obj=0.565
time=0.070
obj=0.561
time=0.071
obj=0.554
time=0.073
obj=0.543
time=0.073
obj=0.536
time=0.076
obj=0.531
time=0.132
obj=0.529
time=0.133
obj=0.526
time=0.725
obj=0.520
time=1.619
obj=0.519
time=1.619
obj=0.514
c real margin = 0.486
