buffers=16
windows=4
args generated-small/21.txt 12345 1
original_lb=0.204
time=0.006
obj=0.507
time=0.007
obj=0.498
time=0.007
obj=0.451
time=0.008
obj=0.438
time=0.008
obj=0.435
time=0.009
obj=0.431
time=0.009
obj=0.428
time=0.010
obj=0.427
time=0.011
obj=0.426
time=0.013
obj=0.418
time=0.014
obj=0.415
time=0.015
obj=0.405
time=0.016
obj=0.399
time=0.016
obj=0.398
time=0.017
obj=0.387
time=0.018
obj=0.384
time=0.019
obj=0.374
time=0.020
obj=0.368
time=0.021
obj=0.361
time=0.021
obj=0.361
time=0.022
obj=0.358
time=0.024
obj=0.352
time=0.029
obj=0.352
time=0.030
obj=0.352
time=0.033
obj=0.349
time=0.037
obj=0.346
time=0.041
obj=0.346
time=0.043
obj=0.345
c real margin = 0.655
