buffers=16
windows=8
args generated-small/215.txt 12345 1
original_lb=0.230
time=0.008
obj=0.515
time=0.008
obj=0.515
time=0.009
obj=0.514
time=0.010
obj=0.510
time=0.011
obj=0.507
time=0.012
obj=0.500
time=0.013
obj=0.487
time=0.014
obj=0.455
time=0.014
obj=0.445
time=0.015
obj=0.429
time=0.016
obj=0.423
time=0.018
obj=0.422
time=0.035
obj=0.421
time=0.042
obj=0.419
time=0.044
obj=0.419
time=0.044
obj=0.415
time=0.047
obj=0.409
time=0.049
obj=0.405
time=0.066
obj=0.403
time=0.126
obj=0.402
time=0.126
obj=0.402
time=0.146
obj=0.402
time=0.146
obj=0.402
time=0.173
obj=0.401
time=0.174
obj=0.394
time=0.181
obj=0.392
time=0.199
obj=0.391
time=0.200
obj=0.389
time=0.201
obj=0.388
time=0.206
obj=0.386
time=0.207
obj=0.386
c real margin = 0.614
