buffers=8
windows=16
args generated-small/216.txt 12345 1
original_lb=0.261
time=0.002
obj=0.858
time=0.003
obj=0.770
time=0.003
obj=0.704
time=0.003
obj=0.691
time=0.003
obj=0.688
time=0.003
obj=0.683
time=0.003
obj=0.676
time=0.003
obj=0.675
time=0.004
obj=0.620
time=0.004
obj=0.606
time=0.004
obj=0.603
time=0.004
obj=0.577
time=0.004
obj=0.575
time=0.004
obj=0.575
time=0.004
obj=0.574
time=0.004
obj=0.565
time=0.005
obj=0.564
time=0.005
obj=0.561
time=0.005
obj=0.537
time=0.005
obj=0.529
time=0.005
obj=0.513
time=0.005
obj=0.512
c real margin = 0.488
