buffers=8
windows=12
args generated-small/225.txt 12345 1
original_lb=0.192
time=0.000
obj=0.829
time=0.000
obj=0.817
time=0.000
obj=0.816
time=0.000
obj=0.665
time=0.000
obj=0.644
time=0.000
obj=0.630
time=0.000
obj=0.557
time=0.000
obj=0.531
time=0.000
obj=0.518
time=0.000
obj=0.515
time=0.000
obj=0.513
time=0.000
obj=0.507
time=0.000
obj=0.504
time=0.000
obj=0.501
time=0.000
obj=0.493
time=0.000
obj=0.451
time=0.001
obj=0.451
time=0.001
obj=0.450
time=0.001
obj=0.450
time=0.001
obj=0.432
time=0.001
obj=0.428
time=0.002
obj=0.420
time=0.002
obj=0.406
time=0.003
obj=0.406
c real margin = 0.594
