buffers=16
windows=8
args generated-small/232.txt 12345 1
original_lb=0.223
time=0.006
obj=0.469
time=0.007
obj=0.426
time=0.007
obj=0.394
time=0.007
obj=0.362
time=0.008
obj=0.356
time=0.009
obj=0.355
time=0.009
obj=0.349
time=0.010
obj=0.340
time=0.011
obj=0.336
time=0.011
obj=0.331
time=0.012
obj=0.331
time=0.013
obj=0.323
time=0.014
obj=0.319
time=0.015
obj=0.315
time=0.016
obj=0.312
time=0.017
obj=0.304
time=0.018
obj=0.304
time=0.019
obj=0.303
time=0.020
obj=0.301
time=0.021
obj=0.296
time=0.021
obj=0.295
time=0.022
obj=0.294
time=0.023
obj=0.292
time=0.025
obj=0.292
time=0.026
obj=0.291
time=0.027
obj=0.290
time=0.028
obj=0.286
time=0.028
obj=0.280
time=0.029
obj=0.280
time=0.031
obj=0.278
time=0.032
obj=0.277
time=0.032
obj=0.276
time=0.034
obj=0.276
time=0.035
obj=0.272
time=0.036
obj=0.269
time=0.037
obj=0.269
time=0.038
obj=0.268
c real margin = 0.732
