buffers=8
windows=16
args generated-small/237.txt 12345 1
original_lb=0.196
time=0.003
obj=0.661
time=0.004
obj=0.586
time=0.004
obj=0.556
time=0.004
obj=0.540
time=0.004
obj=0.530
time=0.004
obj=0.484
time=0.004
obj=0.469
time=0.004
obj=0.456
time=0.005
obj=0.455
time=0.005
obj=0.455
time=0.005
obj=0.417
time=0.005
obj=0.414
time=0.007
obj=0.399
time=0.007
obj=0.399
time=0.007
obj=0.399
time=0.008
obj=0.394
time=0.008
obj=0.389
time=0.008
obj=0.383
time=0.008
obj=0.377
time=0.009
obj=0.371
c real margin = 0.629
