buffers=16
windows=12
args generated-small/25.txt 12345 1
original_lb=0.253
time=0.008
obj=0.748
time=0.009
obj=0.666
time=0.010
obj=0.656
time=0.010
obj=0.647
time=0.010
obj=0.623
time=0.011
obj=0.594
time=0.011
obj=0.592
time=0.011
obj=0.535
time=0.012
obj=0.529
time=0.012
obj=0.528
time=0.013
obj=0.517
time=0.013
obj=0.507
time=0.014
obj=0.506
time=0.015
obj=0.497
time=0.016
obj=0.487
time=0.017
obj=0.482
time=0.020
obj=0.474
time=0.022
obj=0.469
time=0.025
obj=0.467
time=0.027
obj=0.465
time=0.027
obj=0.463
time=0.034
obj=0.461
time=0.034
obj=0.460
time=0.037
obj=0.458
time=0.042
obj=0.457
time=0.042
obj=0.454
time=0.048
obj=0.453
time=0.048
obj=0.445
time=0.070
obj=0.443
time=0.078
obj=0.441
time=0.078
obj=0.440
time=0.081
obj=0.429
time=0.145
obj=0.422
time=0.358
obj=0.422
time=2.037
obj=0.421
time=2.126
obj=0.421
time=2.126
obj=0.415
time=2.127
obj=0.414
time=12.865
obj=0.414
time=32.785
obj=0.413
time=351.084
obj=0.413
time=351.085
obj=0.410
time=375.517
obj=0.408
time=454.953
obj=0.407
time=454.953
obj=0.407
time=454.954
obj=0.407
c real margin = 0.593
