buffers=4
windows=16
args generated-small/26.txt 12345 1
original_lb=0.238
time=0.002
obj=1.014
time=0.002
obj=1.005
time=0.002
obj=0.964
time=0.002
obj=0.959
time=0.002
obj=0.951
time=0.002
obj=0.925
time=0.002
obj=0.915
time=0.002
obj=0.895
time=0.002
obj=0.878
time=0.002
obj=0.861
time=0.002
obj=0.855
time=0.002
obj=0.851
time=0.002
obj=0.843
time=0.003
obj=0.841
time=0.003
obj=0.801
time=0.003
obj=0.799
time=0.003
obj=0.793
time=0.003
obj=0.773
time=0.003
obj=0.765
time=0.003
obj=0.762
time=0.003
obj=0.759
time=0.003
obj=0.741
time=0.010
obj=0.741
time=0.011
obj=0.736
time=0.011
obj=0.709
time=0.011
obj=0.703
c real margin = 0.297
