buffers=16
windows=4
args generated-small/39.txt 12345 1
original_lb=0.242
time=0.004
obj=0.544
time=0.005
obj=0.520
time=0.005
obj=0.516
time=0.006
obj=0.498
time=0.007
obj=0.485
time=0.008
obj=0.475
time=0.009
obj=0.474
time=0.009
obj=0.471
time=0.010
obj=0.468
time=0.011
obj=0.464
time=0.011
obj=0.455
time=0.012
obj=0.451
time=0.013
obj=0.444
time=0.014
obj=0.441
time=0.015
obj=0.431
time=0.016
obj=0.431
time=0.017
obj=0.427
time=0.018
obj=0.420
time=0.019
obj=0.413
time=0.021
obj=0.410
time=0.022
obj=0.407
time=0.023
obj=0.404
time=0.034
obj=0.404
time=0.034
obj=0.402
time=0.038
obj=0.398
time=0.039
obj=0.395
time=0.040
obj=0.395
c real margin = 0.605
