buffers=8
windows=16
args generated-small/4.txt 12345 1
original_lb=0.187
time=0.003
obj=0.525
time=0.003
obj=0.488
time=0.003
obj=0.473
time=0.003
obj=0.455
time=0.003
obj=0.450
time=0.004
obj=0.448
time=0.004
obj=0.447
time=0.004
obj=0.441
time=0.004
obj=0.412
time=0.004
obj=0.408
time=0.004
obj=0.395
time=0.005
obj=0.391
time=0.005
obj=0.391
time=0.005
obj=0.383
time=0.005
obj=0.382
time=0.005
obj=0.374
time=0.005
obj=0.374
time=0.006
obj=0.353
time=0.006
obj=0.352
time=0.006
obj=0.349
time=0.007
obj=0.348
time=0.007
obj=0.347
time=0.007
obj=0.347
time=0.007
obj=0.346
time=0.007
obj=0.343
time=0.007
obj=0.341
time=0.008
obj=0.337
time=0.009
obj=0.332
time=0.009
obj=0.331
time=0.010
obj=0.330
time=0.010
obj=0.330
time=0.010
obj=0.329
time=0.011
obj=0.324
time=0.011
obj=0.321
time=0.012
obj=0.312
time=0.128
obj=0.310
c real margin = 0.690
