buffers=16
windows=12
args generated-small/49.txt 12345 1
original_lb=0.239
time=0.010
obj=0.602
time=0.011
obj=0.573
time=0.012
obj=0.546
time=0.013
obj=0.527
time=0.013
obj=0.527
time=0.014
obj=0.504
time=0.014
obj=0.477
time=0.015
obj=0.475
time=0.018
obj=0.472
time=0.019
obj=0.461
time=0.019
obj=0.451
time=0.021
obj=0.450
time=0.023
obj=0.449
time=0.024
obj=0.446
time=0.031
obj=0.443
time=0.031
obj=0.430
time=0.052
obj=0.429
time=0.054
obj=0.429
time=0.054
obj=0.427
time=1.294
obj=0.425
c real margin = 0.575
