buffers=16
windows=12
args generated-small/57.txt 12345 1
original_lb=0.210
time=0.005
obj=0.645
time=0.005
obj=0.559
time=0.006
obj=0.546
time=0.007
obj=0.537
time=0.007
obj=0.523
time=0.008
obj=0.508
time=0.009
obj=0.506
time=0.010
obj=0.502
time=0.011
obj=0.489
time=0.011
obj=0.478
time=0.012
obj=0.478
time=0.013
obj=0.475
time=0.013
obj=0.467
time=0.014
obj=0.463
time=0.015
obj=0.457
time=0.016
obj=0.456
time=0.016
obj=0.455
time=0.017
obj=0.452
time=0.018
obj=0.448
time=0.019
obj=0.443
time=0.020
obj=0.442
time=0.023
obj=0.442
time=0.024
obj=0.436
time=0.028
obj=0.435
time=0.029
obj=0.435
time=0.045
obj=0.434
time=0.078
obj=0.428
time=0.080
obj=0.428
time=0.081
obj=0.426
time=0.081
obj=0.425
time=0.086
obj=0.415
c real margin = 0.585
