buffers=16
windows=16
args generated-small/6.txt 12345 1
original_lb=0.206
time=0.008
obj=0.853
time=0.009
obj=0.843
time=0.010
obj=0.831
time=0.010
obj=0.830
time=0.011
obj=0.829
time=0.011
obj=0.792
time=0.012
obj=0.788
time=0.012
obj=0.780
time=0.013
obj=0.748
time=0.013
obj=0.746
time=0.014
obj=0.742
time=0.015
obj=0.736
time=0.015
obj=0.700
time=0.016
obj=0.698
time=0.016
obj=0.681
time=0.016
obj=0.674
time=0.017
obj=0.668
time=0.017
obj=0.666
time=0.018
obj=0.657
time=0.019
obj=0.653
time=0.020
obj=0.651
time=0.021
obj=0.651
time=0.024
obj=0.649
time=0.024
obj=0.644
time=0.025
obj=0.635
time=0.029
obj=0.634
time=0.029
obj=0.623
time=0.030
obj=0.619
time=0.030
obj=0.614
time=0.045
obj=0.613
time=0.045
obj=0.608
time=0.046
obj=0.606
time=0.080
obj=0.605
time=0.080
obj=0.604
time=0.081
obj=0.604
time=0.096
obj=0.596
time=0.096
obj=0.596
time=0.673
obj=0.594
time=0.673
obj=0.593
c real margin = 0.407
