buffers=8
windows=12
args generated-small/68.txt 12345 1
original_lb=0.158
time=0.003
obj=0.925
time=0.003
obj=0.916
time=0.004
obj=0.859
time=0.004
obj=0.853
time=0.004
obj=0.849
time=0.004
obj=0.828
time=0.004
obj=0.778
time=0.004
obj=0.760
time=0.004
obj=0.751
time=0.005
obj=0.750
time=0.005
obj=0.742
time=0.005
obj=0.742
time=0.005
obj=0.739
time=0.005
obj=0.708
time=0.005
obj=0.708
time=0.005
obj=0.678
time=0.006
obj=0.676
time=0.006
obj=0.673
time=0.006
obj=0.664
time=0.006
obj=0.658
time=0.007
obj=0.655
time=0.007
obj=0.649
time=0.007
obj=0.648
time=0.007
obj=0.646
time=0.008
obj=0.642
time=0.008
obj=0.636
time=0.008
obj=0.632
time=0.008
obj=0.630
time=0.011
obj=0.629
time=0.011
obj=0.618
time=0.012
obj=0.612
time=0.012
obj=0.610
time=0.012
obj=0.606
time=0.013
obj=0.600
time=0.013
obj=0.597
time=0.013
obj=0.591
time=0.016
obj=0.591
time=0.016
obj=0.591
time=0.016
obj=0.589
time=0.017
obj=0.586
time=0.021
obj=0.581
time=0.026
obj=0.581
time=0.035
obj=0.581
time=0.035
obj=0.579
time=0.044
obj=0.573
c real margin = 0.427
