buffers=16
windows=12
args generated-small/70.txt 12345 1
original_lb=0.181
time=0.004
obj=0.810
time=0.005
obj=0.657
time=0.005
obj=0.595
time=0.005
obj=0.576
time=0.006
obj=0.556
time=0.006
obj=0.538
time=0.007
obj=0.498
time=0.007
obj=0.492
time=0.007
obj=0.492
time=0.008
obj=0.478
time=0.008
obj=0.456
time=0.009
obj=0.430
time=0.009
obj=0.421
time=0.009
obj=0.418
time=0.010
obj=0.408
time=0.010
obj=0.405
time=0.011
obj=0.386
time=0.011
obj=0.379
time=0.012
obj=0.374
time=0.012
obj=0.370
time=0.013
obj=0.367
time=0.013
obj=0.366
time=0.014
obj=0.362
time=0.015
obj=0.354
time=0.015
obj=0.353
time=0.016
obj=0.351
time=0.016
obj=0.349
time=0.017
obj=0.346
time=0.017
obj=0.345
time=0.018
obj=0.338
time=0.019
obj=0.336
time=0.019
obj=0.332
time=0.020
obj=0.329
time=0.020
obj=0.327
time=0.022
obj=0.323
time=0.023
obj=0.321
time=0.023
obj=0.319
time=0.025
obj=0.318
time=0.025
obj=0.318
time=0.028
obj=0.317
time=0.033
obj=0.316
time=0.047
obj=0.315
time=0.050
obj=0.313
time=0.055
obj=0.313
time=0.055
obj=0.312
time=0.062
obj=0.312
time=0.070
obj=0.309
time=0.086
obj=0.306
time=1528.752
obj=0.303
time=1529.525
obj=0.301
c real margin = 0.699
