buffers=16
windows=4
args generated-small/71.txt 12345 1
original_lb=0.277
time=0.007
obj=0.497
time=0.008
obj=0.475
time=0.009
obj=0.457
time=0.009
obj=0.429
time=0.010
obj=0.420
time=0.011
obj=0.406
time=0.012
obj=0.405
time=0.013
obj=0.404
time=0.013
obj=0.399
time=0.015
obj=0.398
time=0.016
obj=0.396
time=0.017
obj=0.395
time=0.019
obj=0.395
time=0.020
obj=0.385
time=0.021
obj=0.380
time=0.022
obj=0.374
time=0.022
obj=0.372
time=0.025
obj=0.366
time=0.028
obj=0.362
time=0.028
obj=0.361
time=0.029
obj=0.360
time=0.035
obj=0.357
time=0.039
obj=0.352
time=0.043
obj=0.349
time=0.043
obj=0.349
time=0.054
obj=0.348
time=0.055
obj=0.341
c real margin = 0.659
