buffers=8
windows=12
args generated-small/73.txt 12345 1
original_lb=0.199
time=0.002
obj=0.989
time=0.003
obj=0.987
time=0.003
obj=0.909
time=0.003
obj=0.897
time=0.003
obj=0.861
time=0.003
obj=0.851
time=0.004
obj=0.848
time=0.004
obj=0.809
time=0.004
obj=0.777
time=0.004
obj=0.775
time=0.004
obj=0.775
time=0.004
obj=0.771
time=0.005
obj=0.750
time=0.005
obj=0.749
time=0.005
obj=0.749
time=0.005
obj=0.738
time=0.006
obj=0.734
time=0.006
obj=0.732
time=0.006
obj=0.714
time=0.006
obj=0.712
time=0.007
obj=0.710
time=0.008
obj=0.709
time=0.008
obj=0.698
time=0.009
obj=0.695
time=0.016
obj=0.688
time=0.016
obj=0.686
time=0.017
obj=0.683
time=0.017
obj=0.669
time=0.058
obj=0.665
time=0.058
obj=0.664
time=0.059
obj=0.660
time=0.061
obj=0.659
time=0.061
obj=0.658
time=0.714
obj=0.658
time=0.715
obj=0.655
time=0.808
obj=0.652
time=0.808
obj=0.643
time=5.536
obj=0.643
time=3287.086
obj=0.641
c real margin = 0.359
