buffers=16
windows=4
args generated-small/99.txt 12345 1
original_lb=0.204
time=0.007
obj=0.412
time=0.007
obj=0.385
time=0.008
obj=0.365
time=0.009
obj=0.355
time=0.009
obj=0.351
time=0.010
obj=0.347
time=0.011
obj=0.342
time=0.011
obj=0.335
time=0.012
obj=0.328
time=0.013
obj=0.318
time=0.015
obj=0.304
time=0.016
obj=0.297
time=0.017
obj=0.296
time=0.018
obj=0.292
time=0.019
obj=0.291
time=0.021
obj=0.285
time=0.026
obj=0.284
time=0.034
obj=0.279
time=0.046
obj=0.278
time=0.055
obj=0.276
time=0.055
obj=0.274
time=0.065
obj=0.274
c real margin = 0.726
