global=1
denseranking=1
symmetry=1
single_window=1
peak-ub=912
buffers=16
windows=65
branches=1024
failures=0
obj=911
time=647
buffers=16
windows=65
branches=1195
failures=86
obj=910
time=1402
buffers=16
windows=65
branches=1891
failures=372
obj=903
time=2286
buffers=16
windows=65
branches=7722
failures=2917
obj=898
time=5202
buffers=16
windows=65
branches=7893
failures=3003
obj=897
time=8147
buffers=16
windows=65
branches=8069
failures=3090
obj=893
time=11167
buffers=16
windows=65
branches=17403
failures=7264
obj=884
time=17651
buffers=16
windows=65
branches=1027
failures=3
obj=882
time=18051
buffers=16
windows=65
branches=1027
failures=3
obj=879
time=18446
buffers=16
windows=65
branches=1031
failures=6
obj=875
time=18858
buffers=16
windows=65
branches=1030
failures=6
obj=874
time=19263
buffers=16
windows=65
branches=1028
failures=4
obj=873
time=19673
buffers=16
windows=65
branches=1029
failures=5
obj=869
time=20079
buffers=16
windows=65
branches=1031
failures=7
obj=868
time=20506
buffers=16
windows=65
branches=1031
failures=7
obj=867
time=20925
buffers=16
windows=65
branches=1029
failures=5
obj=861
time=21328
buffers=16
windows=65
branches=1030
failures=6
obj=860
time=21738
buffers=16
windows=65
branches=1031
failures=7
obj=859
time=22164
buffers=16
windows=65
branches=1029
failures=5
obj=857
time=22576
buffers=16
windows=65
branches=1030
failures=6
obj=855
time=22998
buffers=16
windows=65
branches=1032
failures=8
obj=854
time=23401
buffers=16
windows=65
branches=1215
failures=97
obj=853
time=23880
buffers=16
windows=65
branches=1871
failures=381
obj=852
time=24622
buffers=16
windows=65
branches=17286
failures=7450
obj=851
time=31338
buffers=16
windows=65
branches=17289
failures=7453
obj=850
time=38067
buffers=16
windows=65
branches=18325
failures=7970
obj=849
time=45174
buffers=16
windows=65
branches=18327
failures=7972
obj=848
time=52293
buffers=16
windows=65
branches=39161
failures=17660
obj=847
time=67447
buffers=16
windows=65
branches=90498
failures=41870
obj=846
time=102139
buffers=16
windows=65
branches=91868
failures=42555
obj=845
time=137418
buffers=16
windows=65
branches=91869
failures=42556
obj=844
time=172777
buffers=16
windows=65
branches=92045
failures=42644
obj=843
time=208386
buffers=16
windows=65
branches=9006285
failures=4328101
original_status=TIMEOUT
original_lb=536
obj=843
time=3600004
status=TIMEOUT
real_obj=84.295
real_time=3600004
