global=1
denseranking=1
symmetry=1
single_window=1
peak-ub=627
buffers=16
windows=77
branches=1216
failures=0
obj=626
time=414
buffers=16
windows=77
branches=2883
failures=372
obj=624
time=1767
buffers=16
windows=77
branches=13860
failures=3090
obj=623
time=6381
buffers=16
windows=77
branches=14035
failures=3178
obj=621
time=10832
buffers=16
windows=77
branches=30283
failures=7608
obj=610
time=20796
buffers=16
windows=77
branches=30626
failures=7780
obj=606
time=30829
buffers=16
windows=77
branches=65630
failures=17896
obj=604
time=52173
buffers=16
windows=77
branches=65973
failures=18068
obj=600
time=73630
buffers=16
windows=77
branches=67752
failures=18958
obj=599
time=95666
buffers=16
windows=77
branches=142963
failures=41794
obj=593
time=142315
buffers=16
windows=77
branches=10421595
failures=3713294
original_status=TIMEOUT
original_lb=275
obj=593
time=3600003
status=TIMEOUT
real_obj=59.245
real_time=3600003
