global=1
denseranking=1
symmetry=1
single_window=1
peak-ub=655
buffers=16
windows=91
branches=1440
failures=0
obj=654
time=595
buffers=16
windows=91
branches=4259
failures=372
obj=652
time=2658
buffers=16
windows=91
branches=9955
failures=1144
obj=651
time=7474
buffers=16
windows=91
branches=9950
failures=1145
obj=650
time=12597
buffers=16
windows=91
branches=9950
failures=1145
obj=648
time=17509
buffers=16
windows=91
branches=9945
failures=1146
obj=647
time=22388
buffers=16
windows=91
branches=9950
failures=1145
obj=646
time=27228
buffers=16
windows=91
branches=21787
failures=2917
obj=642
time=38100
buffers=16
windows=91
branches=47750
failures=7605
obj=641
time=62093
buffers=16
windows=91
branches=103415
failures=18851
obj=639
time=115649
buffers=16
windows=91
branches=215765
failures=41853
obj=638
time=228058
buffers=16
windows=91
branches=215936
failures=41939
obj=637
time=339087
buffers=16
windows=91
branches=6014342
failures=1490201
original_status=TIMEOUT
original_lb=466
obj=637
time=3600004
status=TIMEOUT
real_obj=63.696
real_time=3600004
