global=1
denseranking=1
symmetry=0
single_window=1
peak-ub=445
buffers=4
windows=5
branches=15
failures=1
obj=394
time=0
buffers=4
windows=5
branches=58
failures=22
obj=322
time=1
buffers=4
windows=5
branches=1614
failures=790
obj=316
time=46
buffers=4
windows=5
branches=81454
failures=40441
obj=309
time=1895
buffers=4
windows=5
branches=83993
failures=41700
obj=306
time=3633
buffers=4
windows=5
branches=86580
failures=42999
original_status=UNSAT
original_lb=156
obj=306
time=5409
status=OPTIMAL
real_obj=30.573
real_time=5409
