global=1
denseranking=1
symmetry=0
single_window=1
peak-ub=329
buffers=4
windows=5
branches=26
failures=7
obj=323
time=1
buffers=4
windows=5
branches=13
failures=0
obj=316
time=1
buffers=4
windows=5
branches=11
failures=0
obj=314
time=1
buffers=4
windows=5
branches=190
failures=90
obj=292
time=7
buffers=4
windows=5
branches=1230
failures=593
obj=286
time=51
buffers=4
windows=5
branches=1244
failures=600
obj=281
time=96
buffers=4
windows=5
branches=224
failures=104
obj=264
time=105
buffers=4
windows=5
branches=36558
failures=18124
original_status=UNSAT
original_lb=187
obj=264
time=1008
status=OPTIMAL
real_obj=26.382
real_time=1008
