global=1
denseranking=1
symmetry=0
single_window=1
peak-ub=531
buffers=4
windows=5
branches=16
failures=0
obj=501
time=0
buffers=4
windows=5
branches=18
failures=1
obj=495
time=0
buffers=4
windows=5
branches=22
failures=4
obj=481
time=0
buffers=4
windows=5
branches=13
failures=0
obj=431
time=0
buffers=4
windows=5
branches=16
failures=3
obj=429
time=0
buffers=4
windows=5
branches=144
failures=65
obj=428
time=4
buffers=4
windows=5
branches=173
failures=81
obj=402
time=8
buffers=4
windows=5
branches=114
failures=58
original_status=UNSAT
original_lb=210
obj=402
time=12
status=OPTIMAL
real_obj=40.159
real_time=12
