global=1
denseranking=1
symmetry=0
single_window=1
peak-ub=364
buffers=4
windows=5
branches=18
failures=2
obj=360
time=0
buffers=4
windows=5
branches=20
failures=3
obj=353
time=1
buffers=4
windows=5
branches=20
failures=4
obj=348
time=1
buffers=4
windows=5
branches=13
failures=0
obj=337
time=1
buffers=4
windows=5
branches=101
failures=45
obj=330
time=4
buffers=4
windows=5
branches=684
failures=332
obj=317
time=21
buffers=4
windows=5
branches=5768
failures=2849
obj=310
time=164
buffers=4
windows=5
branches=5658
failures=2799
obj=309
time=306
buffers=4
windows=5
branches=6324
failures=3139
original_status=UNSAT
original_lb=210
obj=309
time=461
status=OPTIMAL
real_obj=30.876
real_time=461
