global=1
denseranking=1
symmetry=0
single_window=1
peak-ub=457
buffers=4
windows=5
branches=16
failures=0
obj=249
time=0
buffers=4
windows=5
branches=17
failures=2
obj=226
time=0
buffers=4
windows=5
branches=42
failures=15
obj=221
time=1
buffers=4
windows=5
branches=63
failures=25
obj=218
time=2
buffers=4
windows=5
branches=530
failures=248
obj=216
time=16
buffers=4
windows=5
branches=2106
failures=1019
obj=214
time=69
buffers=4
windows=5
branches=1629
failures=788
obj=211
time=116
buffers=4
windows=5
branches=80
failures=41
original_status=UNSAT
original_lb=169
obj=211
time=117
status=OPTIMAL
real_obj=21.023
real_time=117
