global=1
denseranking=1
symmetry=0
single_window=1
peak-ub=402
buffers=4
windows=5
branches=34
failures=9
obj=344
time=1
buffers=4
windows=5
branches=23
failures=4
obj=317
time=2
buffers=4
windows=5
branches=57
failures=21
obj=299
time=4
buffers=4
windows=5
branches=95
failures=41
obj=297
time=7
buffers=4
windows=5
branches=159
failures=74
obj=292
time=12
buffers=4
windows=5
branches=206702
failures=102242
original_status=UNSAT
original_lb=250
obj=292
time=5078
status=OPTIMAL
real_obj=29.135
real_time=5078
