global=1
denseranking=1
symmetry=0
single_window=1
peak-ub=476
buffers=4
windows=5
branches=13
failures=0
obj=475
time=0
buffers=4
windows=5
branches=13
failures=0
obj=462
time=0
buffers=4
windows=5
branches=13
failures=0
obj=453
time=0
buffers=4
windows=5
branches=42
failures=14
obj=444
time=0
buffers=4
windows=5
branches=98
failures=44
obj=423
time=1
buffers=4
windows=5
branches=415
failures=199
obj=418
time=7
buffers=4
windows=5
branches=680
failures=331
obj=417
time=17
buffers=4
windows=5
branches=751
failures=366
obj=379
time=28
buffers=4
windows=5
branches=718
failures=357
original_status=UNSAT
original_lb=229
obj=379
time=39
status=OPTIMAL
real_obj=37.896
real_time=39
