global=1
denseranking=1
symmetry=0
single_window=1
peak-ub=401
buffers=4
windows=5
branches=16
failures=0
obj=339
time=0
buffers=4
windows=5
branches=14
failures=0
obj=313
time=0
buffers=4
windows=5
branches=30
failures=9
obj=301
time=1
buffers=4
windows=5
branches=120
failures=53
obj=286
time=4
buffers=4
windows=5
branches=22
failures=5
obj=285
time=5
buffers=4
windows=5
branches=145
failures=66
obj=281
time=9
buffers=4
windows=5
branches=45376
failures=22308
obj=271
time=1257
buffers=4
windows=5
branches=48494323
failures=24088310
original_status=UNSAT
original_lb=169
obj=271
time=958722
status=OPTIMAL
real_obj=27.060
real_time=958722
