peak-ub=632
buffers=16
windows=17
obj=549
time=256
buffers=16
windows=17
obj=547
time=517
buffers=16
windows=17
obj=460
time=777
buffers=16
windows=17
obj=428
time=1038
buffers=16
windows=17
obj=418
time=1306
buffers=16
windows=17
obj=390
time=1574
buffers=16
windows=17
obj=383
time=2676
buffers=16
windows=17
obj=372
time=2966
buffers=16
windows=17
obj=370
time=3236
buffers=16
windows=17
obj=362
time=4383
buffers=16
windows=17
obj=342
time=5455
buffers=16
windows=17
obj=324
time=6807
buffers=16
windows=17
obj=323
time=12017
buffers=16
windows=17
obj=320
time=22109
buffers=16
windows=17
obj=317
time=50772
buffers=16
windows=17
obj=314
time=55606
buffers=16
windows=17
obj=310
time=83128
buffers=16
windows=17
obj=309
time=101499
buffers=16
windows=17
obj=307
time=132725
buffers=16
windows=17
obj=303
time=212149
buffers=16
windows=17
obj=302
time=239429
buffers=16
windows=17
obj=301
time=276574
buffers=16
windows=17
obj=290
time=374633
buffers=16
windows=17
obj=282
time=1513456
buffers=16
windows=17
obj=281
time=2939876
buffers=16
windows=17
original_status=TIMEOUT
original_lb=257
obj=281
time=3600000
status=TIMEOUT
real_obj=28.038
real_time=3600000
