peak-ub=578
buffers=8
windows=5
obj=485
time=4
buffers=8
windows=5
obj=430
time=8
buffers=8
windows=5
obj=429
time=32
buffers=8
windows=5
obj=420
time=36
buffers=8
windows=5
obj=412
time=53
buffers=8
windows=5
obj=398
time=61
buffers=8
windows=5
obj=393
time=89
buffers=8
windows=5
obj=382
time=13608
buffers=8
windows=5
obj=378
time=13744
buffers=8
windows=5
obj=370
time=15040
buffers=8
windows=5
obj=364
time=17072
buffers=8
windows=5
obj=357
time=17332
buffers=8
windows=5
obj=355
time=18058
buffers=8
windows=5
original_status=UNSAT
original_lb=240
obj=355
time=498685
status=OPTIMAL
real_obj=35.416
real_time=498685
