peak-ub=558
buffers=4
windows=17
obj=504
time=0
buffers=4
windows=17
obj=479
time=0
buffers=4
windows=17
obj=413
time=0
buffers=4
windows=17
obj=387
time=0
buffers=4
windows=17
obj=380
time=2
buffers=4
windows=17
obj=376
time=11
buffers=4
windows=17
obj=372
time=14
buffers=4
windows=17
obj=366
time=55
buffers=4
windows=17
obj=361
time=96
buffers=4
windows=17
obj=360
time=136
buffers=4
windows=17
obj=351
time=170
buffers=4
windows=17
original_status=TIMEOUT
original_lb=150
obj=351
time=3600000
status=TIMEOUT
real_obj=35.088
real_time=3600000
