peak-ub=557
buffers=8
windows=9
obj=518
time=5
buffers=8
windows=9
obj=487
time=10
buffers=8
windows=9
obj=462
time=15
buffers=8
windows=9
obj=397
time=21
buffers=8
windows=9
obj=395
time=31
buffers=8
windows=9
obj=373
time=37
buffers=8
windows=9
obj=372
time=53
buffers=8
windows=9
obj=370
time=76
buffers=8
windows=9
obj=355
time=85
buffers=8
windows=9
obj=353
time=94
buffers=8
windows=9
obj=349
time=105
buffers=8
windows=9
obj=347
time=113
buffers=8
windows=9
obj=344
time=137
buffers=8
windows=9
obj=340
time=205
buffers=8
windows=9
obj=326
time=233
buffers=8
windows=9
obj=324
time=308
buffers=8
windows=9
obj=322
time=452
buffers=8
windows=9
obj=321
time=546
buffers=8
windows=9
obj=320
time=661
buffers=8
windows=9
obj=319
time=1069
buffers=8
windows=9
obj=317
time=6560
buffers=8
windows=9
obj=316
time=19806
buffers=8
windows=9
obj=315
time=113625
buffers=8
windows=9
original_status=TIMEOUT
original_lb=292
obj=315
time=3600000
status=TIMEOUT
real_obj=31.473
real_time=3600000
