peak-ub=1477
buffers=16
windows=17
obj=1281
time=195
buffers=16
windows=17
obj=1183
time=390
buffers=16
windows=17
obj=954
time=580
buffers=16
windows=17
obj=931
time=767
buffers=16
windows=17
obj=843
time=1140
buffers=16
windows=17
obj=841
time=1327
buffers=16
windows=17
obj=836
time=1728
buffers=16
windows=17
obj=834
time=3657
buffers=16
windows=17
obj=829
time=4051
buffers=16
windows=17
obj=825
time=4242
buffers=16
windows=17
obj=822
time=4647
buffers=16
windows=17
obj=821
time=8058
buffers=16
windows=17
obj=792
time=9177
buffers=16
windows=17
obj=770
time=9890
buffers=16
windows=17
obj=751
time=12176
buffers=16
windows=17
obj=725
time=15219
buffers=16
windows=17
obj=706
time=61459
buffers=16
windows=17
obj=693
time=82419
buffers=16
windows=17
obj=692
time=98262
buffers=16
windows=17
obj=690
time=129720
buffers=16
windows=17
obj=678
time=164553
buffers=16
windows=17
obj=673
time=197937
buffers=16
windows=17
obj=669
time=276695
buffers=16
windows=17
obj=666
time=287331
buffers=16
windows=17
obj=665
time=858113
buffers=16
windows=17
obj=664
time=1298756
buffers=16
windows=17
obj=663
time=1306250
buffers=16
windows=17
obj=660
time=1376150
buffers=16
windows=17
obj=654
time=1738836
buffers=16
windows=17
obj=651
time=2535496
buffers=16
windows=17
original_status=TIMEOUT
original_lb=234
obj=651
time=3600000
status=TIMEOUT
real_obj=65.071
real_time=3600000
