peak-ub=852
buffers=8
windows=13
obj=806
time=7
buffers=8
windows=13
obj=770
time=15
buffers=8
windows=13
obj=758
time=24
buffers=8
windows=13
obj=661
time=47
buffers=8
windows=13
obj=656
time=120
buffers=8
windows=13
obj=619
time=175
buffers=8
windows=13
obj=610
time=250
buffers=8
windows=13
obj=603
time=318
buffers=8
windows=13
obj=599
time=490
buffers=8
windows=13
obj=590
time=647
buffers=8
windows=13
obj=586
time=1558
buffers=8
windows=13
obj=578
time=3813
buffers=8
windows=13
obj=573
time=3995
buffers=8
windows=13
obj=570
time=10136
buffers=8
windows=13
obj=568
time=10827
buffers=8
windows=13
obj=565
time=16938
buffers=8
windows=13
obj=563
time=31154
buffers=8
windows=13
obj=560
time=37183
buffers=8
windows=13
obj=549
time=48653
buffers=8
windows=13
obj=548
time=187483
buffers=8
windows=13
obj=547
time=808065
buffers=8
windows=13
obj=546
time=1412049
buffers=8
windows=13
original_status=TIMEOUT
original_lb=179
obj=546
time=3600000
status=TIMEOUT
real_obj=54.592
real_time=3600000
