peak-ub=1096
buffers=16
windows=17
obj=965
time=333
buffers=16
windows=17
obj=841
time=557
buffers=16
windows=17
obj=767
time=797
buffers=16
windows=17
obj=725
time=1242
buffers=16
windows=17
obj=716
time=1577
buffers=16
windows=17
obj=694
time=1807
buffers=16
windows=17
obj=680
time=2059
buffers=16
windows=17
obj=653
time=4612
buffers=16
windows=17
obj=650
time=5049
buffers=16
windows=17
obj=648
time=6232
buffers=16
windows=17
obj=647
time=7378
buffers=16
windows=17
obj=641
time=12321
buffers=16
windows=17
obj=632
time=14130
buffers=16
windows=17
obj=631
time=15300
buffers=16
windows=17
obj=623
time=17556
buffers=16
windows=17
obj=616
time=20712
buffers=16
windows=17
obj=601
time=21364
buffers=16
windows=17
obj=599
time=21589
buffers=16
windows=17
obj=583
time=21870
buffers=16
windows=17
obj=578
time=30842
buffers=16
windows=17
obj=574
time=31456
buffers=16
windows=17
obj=571
time=35959
buffers=16
windows=17
obj=565
time=44113
buffers=16
windows=17
obj=563
time=74272
buffers=16
windows=17
obj=562
time=87199
buffers=16
windows=17
obj=560
time=99648
buffers=16
windows=17
obj=558
time=104734
buffers=16
windows=17
obj=555
time=281668
buffers=16
windows=17
obj=550
time=445165
buffers=16
windows=17
obj=549
time=672838
buffers=16
windows=17
obj=547
time=731842
buffers=16
windows=17
obj=544
time=827770
buffers=16
windows=17
obj=540
time=1201769
buffers=16
windows=17
obj=536
time=1712978
buffers=16
windows=17
obj=528
time=1943831
buffers=16
windows=17
obj=525
time=2400177
buffers=16
windows=17
obj=523
time=2695601
buffers=16
windows=17
original_status=TIMEOUT
original_lb=274
obj=523
time=3600000
status=TIMEOUT
real_obj=52.221
real_time=3600000
