peak-ub=440
buffers=8
windows=9
obj=391
time=5
buffers=8
windows=9
obj=376
time=10
buffers=8
windows=9
obj=347
time=21
buffers=8
windows=9
obj=338
time=42
buffers=8
windows=9
obj=336
time=49
buffers=8
windows=9
obj=334
time=56
buffers=8
windows=9
obj=323
time=75
buffers=8
windows=9
obj=319
time=87
buffers=8
windows=9
obj=316
time=107
buffers=8
windows=9
obj=298
time=117
buffers=8
windows=9
obj=296
time=13648
buffers=8
windows=9
original_status=UNSAT
original_lb=242
obj=296
time=713554
status=OPTIMAL
real_obj=29.566
real_time=713554
