peak-ub=934
buffers=16
windows=13
obj=772
time=159
buffers=16
windows=13
obj=643
time=321
buffers=16
windows=13
obj=541
time=657
buffers=16
windows=13
obj=533
time=821
buffers=16
windows=13
obj=530
time=2395
buffers=16
windows=13
obj=506
time=2554
buffers=16
windows=13
obj=502
time=3704
buffers=16
windows=13
obj=501
time=4158
buffers=16
windows=13
obj=485
time=4479
buffers=16
windows=13
obj=477
time=8001
buffers=16
windows=13
obj=476
time=11621
buffers=16
windows=13
obj=459
time=21341
buffers=16
windows=13
obj=455
time=47316
buffers=16
windows=13
obj=447
time=69361
buffers=16
windows=13
obj=442
time=93051
buffers=16
windows=13
obj=439
time=176874
buffers=16
windows=13
obj=433
time=474668
buffers=16
windows=13
obj=431
time=901536
buffers=16
windows=13
obj=429
time=1351233
buffers=16
windows=13
obj=426
time=1623812
buffers=16
windows=13
original_status=TIMEOUT
original_lb=234
obj=426
time=3600000
status=TIMEOUT
real_obj=42.590
real_time=3600000
