peak-ub=517
buffers=16
windows=9
obj=491
time=121
buffers=16
windows=9
obj=458
time=391
buffers=16
windows=9
obj=437
time=517
buffers=16
windows=9
obj=417
time=642
buffers=16
windows=9
obj=380
time=827
buffers=16
windows=9
obj=364
time=1228
buffers=16
windows=9
obj=360
time=2356
buffers=16
windows=9
obj=358
time=2481
buffers=16
windows=9
obj=357
time=5897
buffers=16
windows=9
obj=354
time=7068
buffers=16
windows=9
obj=353
time=8592
buffers=16
windows=9
obj=352
time=9472
buffers=16
windows=9
obj=346
time=9847
buffers=16
windows=9
obj=341
time=17361
buffers=16
windows=9
obj=337
time=57926
buffers=16
windows=9
obj=336
time=96718
buffers=16
windows=9
obj=334
time=101923
buffers=16
windows=9
obj=333
time=147561
buffers=16
windows=9
obj=331
time=203605
buffers=16
windows=9
obj=330
time=207376
buffers=16
windows=9
obj=328
time=211731
buffers=16
windows=9
obj=320
time=258788
buffers=16
windows=9
obj=318
time=484422
buffers=16
windows=9
obj=315
time=544251
buffers=16
windows=9
obj=313
time=688466
buffers=16
windows=9
obj=306
time=793048
buffers=16
windows=9
obj=305
time=1100261
buffers=16
windows=9
obj=303
time=1487044
buffers=16
windows=9
obj=302
time=2178070
buffers=16
windows=9
original_status=TIMEOUT
original_lb=275
obj=302
time=3600000
status=TIMEOUT
real_obj=30.198
real_time=3600000
