peak-ub=668
buffers=16
windows=9
obj=649
time=129
buffers=16
windows=9
obj=562
time=258
buffers=16
windows=9
obj=557
time=386
buffers=16
windows=9
obj=536
time=516
buffers=16
windows=9
obj=519
time=731
buffers=16
windows=9
obj=478
time=859
buffers=16
windows=9
obj=468
time=989
buffers=16
windows=9
obj=447
time=1335
buffers=16
windows=9
obj=446
time=1574
buffers=16
windows=9
obj=445
time=1743
buffers=16
windows=9
obj=439
time=1929
buffers=16
windows=9
obj=416
time=2060
buffers=16
windows=9
obj=415
time=3190
buffers=16
windows=9
obj=413
time=4293
buffers=16
windows=9
obj=389
time=5858
buffers=16
windows=9
obj=381
time=7374
buffers=16
windows=9
obj=379
time=8317
buffers=16
windows=9
obj=378
time=12354
buffers=16
windows=9
obj=370
time=23538
buffers=16
windows=9
obj=369
time=24311
buffers=16
windows=9
obj=365
time=32812
buffers=16
windows=9
obj=362
time=34010
buffers=16
windows=9
obj=361
time=44130
buffers=16
windows=9
obj=359
time=54002
buffers=16
windows=9
obj=357
time=62761
buffers=16
windows=9
obj=355
time=155067
buffers=16
windows=9
obj=353
time=204691
buffers=16
windows=9
obj=351
time=312009
buffers=16
windows=9
obj=348
time=1914793
buffers=16
windows=9
obj=347
time=2069312
buffers=16
windows=9
original_status=TIMEOUT
original_lb=240
obj=347
time=3600001
status=TIMEOUT
real_obj=34.604
real_time=3600001
