peak-ub=1179
buffers=16
windows=17
obj=1110
time=193
buffers=16
windows=17
obj=943
time=388
buffers=16
windows=17
obj=835
time=583
buffers=16
windows=17
obj=814
time=776
buffers=16
windows=17
obj=805
time=966
buffers=16
windows=17
obj=799
time=1379
buffers=16
windows=17
obj=781
time=1599
buffers=16
windows=17
obj=745
time=2286
buffers=16
windows=17
obj=728
time=3075
buffers=16
windows=17
obj=724
time=4507
buffers=16
windows=17
obj=709
time=4784
buffers=16
windows=17
obj=700
time=5407
buffers=16
windows=17
obj=698
time=7306
buffers=16
windows=17
obj=695
time=7950
buffers=16
windows=17
obj=691
time=14053
buffers=16
windows=17
obj=662
time=16108
buffers=16
windows=17
obj=648
time=23501
buffers=16
windows=17
obj=647
time=25190
buffers=16
windows=17
obj=641
time=40870
buffers=16
windows=17
obj=639
time=107647
buffers=16
windows=17
obj=638
time=108896
buffers=16
windows=17
obj=630
time=113327
buffers=16
windows=17
obj=629
time=174651
buffers=16
windows=17
obj=628
time=294569
buffers=16
windows=17
obj=627
time=309493
buffers=16
windows=17
obj=626
time=593481
buffers=16
windows=17
obj=618
time=807274
buffers=16
windows=17
obj=616
time=815275
buffers=16
windows=17
obj=611
time=1098447
buffers=16
windows=17
obj=607
time=2835801
buffers=16
windows=17
original_status=TIMEOUT
original_lb=229
obj=607
time=3600000
status=TIMEOUT
real_obj=60.638
real_time=3600000
