peak-ub=726
buffers=4
windows=17
obj=722
time=0
buffers=4
windows=17
obj=693
time=0
buffers=4
windows=17
obj=690
time=0
buffers=4
windows=17
obj=653
time=0
buffers=4
windows=17
obj=650
time=1
buffers=4
windows=17
obj=635
time=6
buffers=4
windows=17
obj=628
time=9
buffers=4
windows=17
obj=627
time=11
buffers=4
windows=17
obj=603
time=13
buffers=4
windows=17
obj=592
time=26
buffers=4
windows=17
obj=577
time=27
buffers=4
windows=17
obj=572
time=56
buffers=4
windows=17
obj=571
time=60
buffers=4
windows=17
obj=566
time=72
buffers=4
windows=17
obj=565
time=151
buffers=4
windows=17
obj=547
time=162
buffers=4
windows=17
obj=538
time=174
buffers=4
windows=17
original_status=UNSAT
original_lb=182
obj=538
time=962310
status=OPTIMAL
real_obj=53.761
real_time=962310
