peak-ub=1854
buffers=4
windows=13
obj=1020
time=0
buffers=4
windows=13
obj=938
time=0
buffers=4
windows=13
obj=837
time=0
buffers=4
windows=13
obj=830
time=0
buffers=4
windows=13
obj=826
time=0
buffers=4
windows=13
obj=773
time=0
buffers=4
windows=13
obj=714
time=4
buffers=4
windows=13
obj=713
time=432
buffers=4
windows=13
obj=709
time=496
buffers=4
windows=13
obj=702
time=1271
buffers=4
windows=13
obj=701
time=11567
buffers=4
windows=13
obj=694
time=12977
buffers=4
windows=13
original_status=TIMEOUT
original_lb=193
obj=694
time=3600000
status=TIMEOUT
real_obj=69.377
real_time=3600000
