peak-ub=741
buffers=4
windows=17
obj=694
time=0
buffers=4
windows=17
obj=677
time=0
buffers=4
windows=17
obj=608
time=0
buffers=4
windows=17
obj=585
time=0
buffers=4
windows=17
obj=533
time=0
buffers=4
windows=17
obj=513
time=0
buffers=4
windows=17
obj=511
time=3
buffers=4
windows=17
obj=510
time=4
buffers=4
windows=17
obj=494
time=6
buffers=4
windows=17
obj=493
time=6
buffers=4
windows=17
obj=481
time=9
buffers=4
windows=17
obj=480
time=26
buffers=4
windows=17
obj=477
time=36
buffers=4
windows=17
obj=456
time=80
buffers=4
windows=17
obj=448
time=213
buffers=4
windows=17
obj=438
time=477
buffers=4
windows=17
obj=437
time=1351
buffers=4
windows=17
original_status=TIMEOUT
original_lb=193
obj=437
time=3600000
status=TIMEOUT
real_obj=43.606
real_time=3600000
