peak-ub=718
buffers=4
windows=17
obj=703
time=0
buffers=4
windows=17
obj=676
time=1
buffers=4
windows=17
obj=672
time=1
buffers=4
windows=17
obj=648
time=2
buffers=4
windows=17
obj=645
time=2
buffers=4
windows=17
obj=644
time=2
buffers=4
windows=17
obj=636
time=14
buffers=4
windows=17
obj=632
time=38
buffers=4
windows=17
obj=625
time=40
buffers=4
windows=17
obj=595
time=42
buffers=4
windows=17
obj=591
time=164
buffers=4
windows=17
obj=589
time=429
buffers=4
windows=17
obj=587
time=9265
buffers=4
windows=17
obj=583
time=13581
buffers=4
windows=17
original_status=TIMEOUT
original_lb=171
obj=583
time=3600000
status=TIMEOUT
real_obj=58.300
real_time=3600000
