peak-ub=1042
buffers=8
windows=13
obj=996
time=5
buffers=8
windows=13
obj=898
time=10
buffers=8
windows=13
obj=895
time=21
buffers=8
windows=13
obj=884
time=26
buffers=8
windows=13
obj=844
time=32
buffers=8
windows=13
obj=766
time=38
buffers=8
windows=13
obj=763
time=43
buffers=8
windows=13
obj=761
time=56
buffers=8
windows=13
obj=759
time=95
buffers=8
windows=13
obj=742
time=105
buffers=8
windows=13
obj=717
time=111
buffers=8
windows=13
obj=706
time=124
buffers=8
windows=13
obj=677
time=130
buffers=8
windows=13
obj=676
time=146
buffers=8
windows=13
obj=673
time=185
buffers=8
windows=13
obj=667
time=227
buffers=8
windows=13
obj=666
time=242
buffers=8
windows=13
obj=659
time=247
buffers=8
windows=13
obj=648
time=345
buffers=8
windows=13
obj=647
time=358
buffers=8
windows=13
obj=636
time=674
buffers=8
windows=13
obj=612
time=714
buffers=8
windows=13
obj=611
time=846
buffers=8
windows=13
obj=609
time=856
buffers=8
windows=13
obj=599
time=1211
buffers=8
windows=13
original_status=TIMEOUT
original_lb=241
obj=599
time=3600000
status=TIMEOUT
real_obj=59.877
real_time=3600000
