peak-ub=659
buffers=8
windows=5
obj=621
time=5
buffers=8
windows=5
obj=601
time=12
buffers=8
windows=5
obj=495
time=18
buffers=8
windows=5
obj=474
time=54
buffers=8
windows=5
obj=473
time=108
buffers=8
windows=5
obj=462
time=117
buffers=8
windows=5
obj=457
time=127
buffers=8
windows=5
obj=454
time=189
buffers=8
windows=5
obj=442
time=226
buffers=8
windows=5
obj=439
time=234
buffers=8
windows=5
obj=429
time=526
buffers=8
windows=5
obj=428
time=1189900
buffers=8
windows=5
original_status=TIMEOUT
original_lb=167
obj=428
time=3600000
status=TIMEOUT
real_obj=42.764
real_time=3600000
