peak-ub=952
buffers=16
windows=17
obj=745
time=300
buffers=16
windows=17
obj=739
time=597
buffers=16
windows=17
obj=726
time=897
buffers=16
windows=17
obj=723
time=1219
buffers=16
windows=17
obj=717
time=1518
buffers=16
windows=17
obj=715
time=1848
buffers=16
windows=17
obj=707
time=4429
buffers=16
windows=17
obj=692
time=5373
buffers=16
windows=17
obj=658
time=6375
buffers=16
windows=17
obj=656
time=7006
buffers=16
windows=17
obj=652
time=7629
buffers=16
windows=17
obj=644
time=8631
buffers=16
windows=17
obj=639
time=9575
buffers=16
windows=17
obj=638
time=9873
buffers=16
windows=17
obj=632
time=10479
buffers=16
windows=17
obj=628
time=11896
buffers=16
windows=17
obj=620
time=13284
buffers=16
windows=17
obj=617
time=13983
buffers=16
windows=17
obj=615
time=14284
buffers=16
windows=17
obj=610
time=14581
buffers=16
windows=17
obj=600
time=17741
buffers=16
windows=17
obj=594
time=23107
buffers=16
windows=17
obj=591
time=26660
buffers=16
windows=17
obj=581
time=32702
buffers=16
windows=17
obj=580
time=38309
buffers=16
windows=17
obj=578
time=42893
buffers=16
windows=17
obj=566
time=63688
buffers=16
windows=17
obj=561
time=81803
buffers=16
windows=17
obj=560
time=84331
buffers=16
windows=17
obj=551
time=100977
buffers=16
windows=17
obj=530
time=140314
buffers=16
windows=17
obj=522
time=162890
buffers=16
windows=17
obj=519
time=546849
buffers=16
windows=17
obj=513
time=2528073
buffers=16
windows=17
original_status=TIMEOUT
original_lb=195
obj=513
time=3600000
status=TIMEOUT
real_obj=64.732
real_time=3600000
