peak-ub=861
buffers=16
windows=17
obj=811
time=281
buffers=16
windows=17
obj=686
time=561
buffers=16
windows=17
obj=669
time=891
buffers=16
windows=17
obj=644
time=1182
buffers=16
windows=17
obj=457
time=1487
buffers=16
windows=17
obj=440
time=2379
buffers=16
windows=17
obj=437
time=4391
buffers=16
windows=17
obj=432
time=10429
buffers=16
windows=17
obj=429
time=11302
buffers=16
windows=17
obj=426
time=11900
buffers=16
windows=17
obj=411
time=18556
buffers=16
windows=17
obj=409
time=19948
buffers=16
windows=17
obj=407
time=21745
buffers=16
windows=17
obj=404
time=35660
buffers=16
windows=17
obj=403
time=42516
buffers=16
windows=17
obj=393
time=51010
buffers=16
windows=17
obj=387
time=87879
buffers=16
windows=17
obj=385
time=134502
buffers=16
windows=17
obj=376
time=153383
buffers=16
windows=17
obj=374
time=168947
buffers=16
windows=17
obj=368
time=177754
buffers=16
windows=17
obj=362
time=236226
buffers=16
windows=17
obj=357
time=340585
buffers=16
windows=17
obj=349
time=390563
buffers=16
windows=17
obj=348
time=825163
buffers=16
windows=17
obj=346
time=1573354
buffers=16
windows=17
obj=344
time=1875148
buffers=16
windows=17
obj=343
time=1927448
buffers=16
windows=17
obj=340
time=2815795
buffers=16
windows=17
original_status=TIMEOUT
original_lb=198
obj=340
time=3600000
status=TIMEOUT
real_obj=33.951
real_time=3600000
