peak-ub=747
buffers=4
windows=13
obj=624
time=1
buffers=4
windows=13
obj=586
time=1
buffers=4
windows=13
obj=522
time=1
buffers=4
windows=13
obj=521
time=9
buffers=4
windows=13
obj=520
time=40
buffers=4
windows=13
obj=519
time=53
buffers=4
windows=13
obj=516
time=63
buffers=4
windows=13
obj=513
time=850
buffers=4
windows=13
obj=512
time=1623
buffers=4
windows=13
obj=508
time=11156
buffers=4
windows=13
obj=507
time=2001874
buffers=4
windows=13
original_status=TIMEOUT
original_lb=229
obj=507
time=3600000
status=TIMEOUT
real_obj=50.617
real_time=3600000
