peak-ub=2036
buffers=8
windows=13
obj=967
time=10
buffers=8
windows=13
obj=910
time=19
buffers=8
windows=13
obj=889
time=42
buffers=8
windows=13
obj=881
time=70
buffers=8
windows=13
obj=862
time=148
buffers=8
windows=13
obj=860
time=200
buffers=8
windows=13
obj=853
time=253
buffers=8
windows=13
obj=837
time=295
buffers=8
windows=13
obj=821
time=314
buffers=8
windows=13
obj=820
time=348
buffers=8
windows=13
obj=803
time=534
buffers=8
windows=13
obj=802
time=721
buffers=8
windows=13
obj=788
time=891
buffers=8
windows=13
obj=760
time=922
buffers=8
windows=13
obj=757
time=6085
buffers=8
windows=13
obj=756
time=17797
buffers=8
windows=13
obj=755
time=18377
buffers=8
windows=13
obj=751
time=29714
buffers=8
windows=13
obj=750
time=31167
buffers=8
windows=13
obj=749
time=70443
buffers=8
windows=13
obj=747
time=89776
buffers=8
windows=13
obj=744
time=153536
buffers=8
windows=13
obj=738
time=243230
buffers=8
windows=13
obj=737
time=423446
buffers=8
windows=13
obj=732
time=1214331
buffers=8
windows=13
obj=728
time=2391618
buffers=8
windows=13
original_status=TIMEOUT
original_lb=219
obj=728
time=3600000
status=TIMEOUT
real_obj=72.766
real_time=3600000
