peak-ub=755
buffers=16
windows=9
obj=539
time=187
buffers=16
windows=9
obj=493
time=379
buffers=16
windows=9
obj=481
time=574
buffers=16
windows=9
obj=465
time=767
buffers=16
windows=9
obj=457
time=961
buffers=16
windows=9
obj=404
time=1423
buffers=16
windows=9
obj=400
time=2433
buffers=16
windows=9
obj=397
time=3012
buffers=16
windows=9
obj=391
time=3750
buffers=16
windows=9
obj=390
time=3954
buffers=16
windows=9
obj=389
time=4192
buffers=16
windows=9
obj=388
time=4393
buffers=16
windows=9
obj=387
time=4844
buffers=16
windows=9
obj=380
time=5067
buffers=16
windows=9
obj=374
time=5488
buffers=16
windows=9
obj=369
time=7513
buffers=16
windows=9
obj=366
time=9214
buffers=16
windows=9
obj=365
time=11454
buffers=16
windows=9
obj=361
time=15989
buffers=16
windows=9
obj=355
time=22240
buffers=16
windows=9
obj=354
time=24487
buffers=16
windows=9
obj=353
time=26010
buffers=16
windows=9
obj=352
time=26923
buffers=16
windows=9
obj=351
time=35044
buffers=16
windows=9
obj=350
time=35613
buffers=16
windows=9
obj=346
time=37869
buffers=16
windows=9
obj=345
time=44270
buffers=16
windows=9
obj=342
time=102543
buffers=16
windows=9
obj=341
time=139575
buffers=16
windows=9
obj=340
time=222724
buffers=16
windows=9
obj=338
time=238673
buffers=16
windows=9
obj=336
time=251486
buffers=16
windows=9
obj=334
time=300300
buffers=16
windows=9
obj=332
time=314270
buffers=16
windows=9
obj=331
time=343770
buffers=16
windows=9
obj=329
time=662724
buffers=16
windows=9
obj=328
time=993335
buffers=16
windows=9
obj=325
time=3127325
buffers=16
windows=9
original_status=TIMEOUT
original_lb=230
obj=325
time=3600000
status=TIMEOUT
real_obj=32.437
real_time=3600000
