peak-ub=854
buffers=16
windows=13
obj=796
time=315
buffers=16
windows=13
obj=761
time=631
buffers=16
windows=13
obj=754
time=1566
buffers=16
windows=13
obj=752
time=1878
buffers=16
windows=13
obj=665
time=2195
buffers=16
windows=13
obj=564
time=4315
buffers=16
windows=13
obj=563
time=4986
buffers=16
windows=13
obj=560
time=5299
buffers=16
windows=13
obj=538
time=6246
buffers=16
windows=13
obj=534
time=6905
buffers=16
windows=13
obj=533
time=12530
buffers=16
windows=13
obj=529
time=13799
buffers=16
windows=13
obj=519
time=14121
buffers=16
windows=13
obj=517
time=18547
buffers=16
windows=13
obj=513
time=20262
buffers=16
windows=13
obj=511
time=21632
buffers=16
windows=13
obj=490
time=21951
buffers=16
windows=13
obj=485
time=23460
buffers=16
windows=13
obj=455
time=42054
buffers=16
windows=13
obj=453
time=59560
buffers=16
windows=13
obj=443
time=230779
buffers=16
windows=13
obj=442
time=684977
buffers=16
windows=13
obj=433
time=708250
buffers=16
windows=13
original_status=TIMEOUT
original_lb=297
obj=433
time=3600002
status=TIMEOUT
real_obj=43.253
real_time=3600002
