peak-ub=571
buffers=8
windows=13
obj=516
time=43
buffers=8
windows=13
obj=510
time=82
buffers=8
windows=13
obj=501
time=130
buffers=8
windows=13
obj=492
time=143
buffers=8
windows=13
obj=479
time=156
buffers=8
windows=13
obj=470
time=190
buffers=8
windows=13
obj=455
time=203
buffers=8
windows=13
obj=443
time=335
buffers=8
windows=13
obj=442
time=353
buffers=8
windows=13
obj=421
time=16131
buffers=8
windows=13
obj=420
time=67433
buffers=8
windows=13
original_status=TIMEOUT
original_lb=175
obj=420
time=3600000
status=TIMEOUT
real_obj=41.950
real_time=3600000
