peak-ub=390
buffers=16
windows=5
obj=287
time=149
buffers=16
windows=5
obj=286
time=307
buffers=16
windows=5
obj=278
time=1027
buffers=16
windows=5
obj=262
time=1421
buffers=16
windows=5
obj=259
time=2014
buffers=16
windows=5
obj=258
time=2172
buffers=16
windows=5
obj=257
time=2398
buffers=16
windows=5
obj=256
time=2589
buffers=16
windows=5
obj=255
time=2752
buffers=16
windows=5
obj=254
time=3345
buffers=16
windows=5
obj=249
time=3946
buffers=16
windows=5
obj=248
time=4597
buffers=16
windows=5
original_status=UNSAT
original_lb=215
obj=248
time=4832
status=OPTIMAL
real_obj=24.730
real_time=4832
