peak-ub=381
buffers=8
windows=9
obj=355
time=12
buffers=8
windows=9
obj=335
time=27
buffers=8
windows=9
obj=334
time=38
buffers=8
windows=9
obj=333
time=49
buffers=8
windows=9
obj=326
time=59
buffers=8
windows=9
obj=312
time=79
buffers=8
windows=9
obj=310
time=2228
buffers=8
windows=9
obj=304
time=4384
buffers=8
windows=9
obj=301
time=9160
buffers=8
windows=9
obj=296
time=13475
buffers=8
windows=9
obj=293
time=15680
buffers=8
windows=9
obj=292
time=20311
buffers=8
windows=9
obj=290
time=24908
buffers=8
windows=9
obj=285
time=25879
buffers=8
windows=9
obj=280
time=26035
buffers=8
windows=9
obj=278
time=211303
buffers=8
windows=9
obj=275
time=236087
buffers=8
windows=9
obj=272
time=236963
buffers=8
windows=9
obj=263
time=238722
buffers=8
windows=9
obj=261
time=240799
buffers=8
windows=9
obj=259
time=242937
buffers=8
windows=9
original_status=TIMEOUT
original_lb=196
obj=259
time=3600000
status=TIMEOUT
real_obj=25.825
real_time=3600000
