peak-ub=1326
buffers=8
windows=17
obj=777
time=13
buffers=8
windows=17
obj=735
time=28
buffers=8
windows=17
obj=704
time=63
buffers=8
windows=17
obj=623
time=116
buffers=8
windows=17
obj=622
time=241
buffers=8
windows=17
obj=620
time=303
buffers=8
windows=17
obj=610
time=341
buffers=8
windows=17
obj=607
time=614
buffers=8
windows=17
obj=594
time=726
buffers=8
windows=17
obj=579
time=741
buffers=8
windows=17
obj=574
time=1127
buffers=8
windows=17
obj=572
time=1752
buffers=8
windows=17
obj=568
time=2954
buffers=8
windows=17
obj=566
time=3155
buffers=8
windows=17
obj=561
time=3449
buffers=8
windows=17
obj=559
time=3553
buffers=8
windows=17
obj=557
time=4064
buffers=8
windows=17
obj=553
time=23758
buffers=8
windows=17
obj=552
time=97707
buffers=8
windows=17
obj=551
time=296195
buffers=8
windows=17
obj=545
time=395599
buffers=8
windows=17
original_status=TIMEOUT
original_lb=212
obj=545
time=3600000
status=TIMEOUT
real_obj=54.409
real_time=3600000
