peak-ub=579
buffers=4
windows=17
obj=488
time=1
buffers=4
windows=17
obj=476
time=2
buffers=4
windows=17
obj=458
time=3
buffers=4
windows=17
obj=454
time=7
buffers=4
windows=17
obj=444
time=8
buffers=4
windows=17
obj=436
time=9
buffers=4
windows=17
obj=430
time=10
buffers=4
windows=17
obj=417
time=12
buffers=4
windows=17
obj=413
time=14
buffers=4
windows=17
obj=405
time=21
buffers=4
windows=17
obj=401
time=22
buffers=4
windows=17
obj=400
time=26
buffers=4
windows=17
obj=393
time=60
buffers=4
windows=17
obj=392
time=64
buffers=4
windows=17
obj=391
time=71
buffers=4
windows=17
obj=390
time=75
buffers=4
windows=17
obj=384
time=107
buffers=4
windows=17
obj=382
time=120
buffers=4
windows=17
obj=381
time=121
buffers=4
windows=17
obj=380
time=122
buffers=4
windows=17
obj=376
time=166
buffers=4
windows=17
obj=373
time=308
buffers=4
windows=17
obj=368
time=565
buffers=4
windows=17
obj=365
time=5451
buffers=4
windows=17
original_status=TIMEOUT
original_lb=177
obj=365
time=3600000
status=TIMEOUT
real_obj=36.469
real_time=3600000
