peak-ub=592
buffers=8
windows=9
obj=507
time=8
buffers=8
windows=9
obj=488
time=17
buffers=8
windows=9
obj=471
time=26
buffers=8
windows=9
obj=460
time=36
buffers=8
windows=9
obj=450
time=47
buffers=8
windows=9
obj=446
time=65
buffers=8
windows=9
obj=439
time=75
buffers=8
windows=9
obj=422
time=87
buffers=8
windows=9
obj=406
time=116
buffers=8
windows=9
obj=405
time=205
buffers=8
windows=9
obj=402
time=275
buffers=8
windows=9
obj=400
time=286
buffers=8
windows=9
obj=398
time=322
buffers=8
windows=9
obj=397
time=410
buffers=8
windows=9
obj=395
time=671
buffers=8
windows=9
obj=393
time=684
buffers=8
windows=9
obj=391
time=1086
buffers=8
windows=9
obj=388
time=1412
buffers=8
windows=9
obj=379
time=1890
buffers=8
windows=9
obj=371
time=1921
buffers=8
windows=9
obj=369
time=5458
buffers=8
windows=9
obj=367
time=12377
buffers=8
windows=9
original_status=TIMEOUT
original_lb=177
obj=367
time=3600000
status=TIMEOUT
real_obj=36.697
real_time=3600000
