peak-ub=747
buffers=8
windows=17
obj=722
time=16
buffers=8
windows=17
obj=668
time=32
buffers=8
windows=17
obj=648
time=118
buffers=8
windows=17
obj=645
time=131
buffers=8
windows=17
obj=628
time=143
buffers=8
windows=17
obj=582
time=160
buffers=8
windows=17
obj=575
time=173
buffers=8
windows=17
obj=573
time=317
buffers=8
windows=17
obj=571
time=383
buffers=8
windows=17
obj=561
time=413
buffers=8
windows=17
obj=557
time=776
buffers=8
windows=17
obj=545
time=800
buffers=8
windows=17
obj=542
time=3336
buffers=8
windows=17
obj=541
time=4634
buffers=8
windows=17
obj=533
time=5664
buffers=8
windows=17
obj=521
time=6693
buffers=8
windows=17
obj=517
time=13693
buffers=8
windows=17
obj=515
time=99605
buffers=8
windows=17
obj=513
time=156170
buffers=8
windows=17
obj=510
time=181210
buffers=8
windows=17
obj=509
time=182077
buffers=8
windows=17
obj=506
time=528769
buffers=8
windows=17
obj=500
time=2277975
buffers=8
windows=17
original_status=TIMEOUT
original_lb=153
obj=500
time=3600000
status=TIMEOUT
real_obj=49.996
real_time=3600000
