peak-ub=1059
buffers=16
windows=13
obj=896
time=240
buffers=16
windows=13
obj=877
time=476
buffers=16
windows=13
obj=805
time=714
buffers=16
windows=13
obj=721
time=948
buffers=16
windows=13
obj=714
time=2050
buffers=16
windows=13
obj=702
time=2636
buffers=16
windows=13
obj=701
time=2881
buffers=16
windows=13
obj=635
time=3139
buffers=16
windows=13
obj=628
time=5787
buffers=16
windows=13
obj=617
time=20761
buffers=16
windows=13
obj=612
time=24586
buffers=16
windows=13
obj=594
time=28886
buffers=16
windows=13
obj=587
time=36560
buffers=16
windows=13
obj=586
time=81361
buffers=16
windows=13
obj=584
time=101637
buffers=16
windows=13
obj=583
time=135937
buffers=16
windows=13
obj=578
time=145652
buffers=16
windows=13
obj=573
time=167154
buffers=16
windows=13
obj=566
time=1064993
buffers=16
windows=13
obj=559
time=2468011
buffers=16
windows=13
obj=555
time=2504255
buffers=16
windows=13
original_status=TIMEOUT
original_lb=205
obj=555
time=3600000
status=TIMEOUT
real_obj=55.478
real_time=3600000
