peak-ub=844
buffers=16
windows=9
obj=582
time=210
buffers=16
windows=9
obj=537
time=421
buffers=16
windows=9
obj=534
time=961
buffers=16
windows=9
obj=516
time=1166
buffers=16
windows=9
obj=505
time=1796
buffers=16
windows=9
obj=504
time=2292
buffers=16
windows=9
obj=499
time=2534
buffers=16
windows=9
obj=488
time=3538
buffers=16
windows=9
obj=484
time=3713
buffers=16
windows=9
obj=465
time=4264
buffers=16
windows=9
obj=457
time=4446
buffers=16
windows=9
obj=453
time=4720
buffers=16
windows=9
obj=440
time=5462
buffers=16
windows=9
obj=438
time=5871
buffers=16
windows=9
obj=435
time=6051
buffers=16
windows=9
obj=424
time=6839
buffers=16
windows=9
obj=423
time=8594
buffers=16
windows=9
obj=420
time=13540
buffers=16
windows=9
obj=418
time=16697
buffers=16
windows=9
obj=415
time=17828
buffers=16
windows=9
obj=412
time=26222
buffers=16
windows=9
obj=405
time=41900
buffers=16
windows=9
obj=404
time=61748
buffers=16
windows=9
obj=403
time=215507
buffers=16
windows=9
obj=402
time=236095
buffers=16
windows=9
obj=401
time=342729
buffers=16
windows=9
obj=399
time=439414
buffers=16
windows=9
obj=397
time=1219996
buffers=16
windows=9
obj=396
time=1357310
buffers=16
windows=9
obj=393
time=1429222
buffers=16
windows=9
obj=391
time=1618197
buffers=16
windows=9
obj=390
time=1934627
buffers=16
windows=9
obj=382
time=2744595
buffers=16
windows=9
original_status=TIMEOUT
original_lb=230
obj=382
time=3600000
status=TIMEOUT
real_obj=38.123
real_time=3600000
