peak-ub=1316
buffers=8
windows=17
obj=867
time=14
buffers=8
windows=17
obj=810
time=28
buffers=8
windows=17
obj=693
time=44
buffers=8
windows=17
obj=676
time=66
buffers=8
windows=17
obj=617
time=78
buffers=8
windows=17
obj=584
time=110
buffers=8
windows=17
obj=576
time=212
buffers=8
windows=17
obj=514
time=244
buffers=8
windows=17
obj=480
time=1416
buffers=8
windows=17
obj=474
time=8268
buffers=8
windows=17
obj=473
time=20484
buffers=8
windows=17
obj=469
time=47575
buffers=8
windows=17
original_status=TIMEOUT
original_lb=262
obj=469
time=3600000
status=TIMEOUT
real_obj=46.857
real_time=3600000
