peak-ub=955
buffers=8
windows=9
obj=555
time=11
buffers=8
windows=9
obj=475
time=22
buffers=8
windows=9
obj=451
time=34
buffers=8
windows=9
obj=421
time=46
buffers=8
windows=9
obj=416
time=160
buffers=8
windows=9
obj=412
time=183
buffers=8
windows=9
obj=397
time=241
buffers=8
windows=9
obj=391
time=275
buffers=8
windows=9
obj=389
time=372
buffers=8
windows=9
obj=386
time=642
buffers=8
windows=9
obj=383
time=1066
buffers=8
windows=9
obj=381
time=1333
buffers=8
windows=9
obj=379
time=1466
buffers=8
windows=9
obj=370
time=1477
buffers=8
windows=9
obj=366
time=3063
buffers=8
windows=9
obj=358
time=7613
buffers=8
windows=9
obj=355
time=11524
buffers=8
windows=9
obj=354
time=11825
buffers=8
windows=9
obj=351
time=26455
buffers=8
windows=9
obj=348
time=34035
buffers=8
windows=9
obj=347
time=35274
buffers=8
windows=9
obj=344
time=321824
buffers=8
windows=9
obj=338
time=1822984
buffers=8
windows=9
original_status=TIMEOUT
original_lb=203
obj=338
time=3600000
status=TIMEOUT
real_obj=33.759
real_time=3600000
