peak-ub=923
buffers=16
windows=17
obj=869
time=359
buffers=16
windows=17
obj=771
time=725
buffers=16
windows=17
obj=763
time=1119
buffers=16
windows=17
obj=746
time=2069
buffers=16
windows=17
obj=741
time=2502
buffers=16
windows=17
obj=688
time=2882
buffers=16
windows=17
obj=681
time=3278
buffers=16
windows=17
obj=664
time=3647
buffers=16
windows=17
obj=614
time=5605
buffers=16
windows=17
obj=605
time=7451
buffers=16
windows=17
obj=599
time=10904
buffers=16
windows=17
obj=593
time=11760
buffers=16
windows=17
obj=576
time=38186
buffers=16
windows=17
obj=574
time=66617
buffers=16
windows=17
obj=561
time=70104
buffers=16
windows=17
obj=560
time=141316
buffers=16
windows=17
obj=555
time=162998
buffers=16
windows=17
obj=549
time=305934
buffers=16
windows=17
obj=543
time=325983
buffers=16
windows=17
obj=540
time=380980
buffers=16
windows=17
obj=537
time=693913
buffers=16
windows=17
obj=526
time=702425
buffers=16
windows=17
obj=517
time=1994531
buffers=16
windows=17
original_status=TIMEOUT
original_lb=250
obj=517
time=3600000
status=TIMEOUT
real_obj=51.694
real_time=3600000
