peak-ub=1105
buffers=4
windows=17
obj=936
time=1
buffers=4
windows=17
obj=888
time=2
buffers=4
windows=17
obj=822
time=3
buffers=4
windows=17
obj=780
time=6
buffers=4
windows=17
obj=770
time=8
buffers=4
windows=17
obj=769
time=14
buffers=4
windows=17
obj=742
time=18
buffers=4
windows=17
obj=726
time=22
buffers=4
windows=17
obj=719
time=267
buffers=4
windows=17
obj=717
time=356
buffers=4
windows=17
obj=716
time=474
buffers=4
windows=17
obj=706
time=881
buffers=4
windows=17
obj=705
time=882
buffers=4
windows=17
obj=704
time=1431
buffers=4
windows=17
original_status=TIMEOUT
original_lb=184
obj=704
time=3600000
status=TIMEOUT
real_obj=70.310
real_time=3600000
