peak-ub=900
buffers=16
windows=17
obj=758
time=304
buffers=16
windows=17
obj=655
time=982
buffers=16
windows=17
obj=649
time=1290
buffers=16
windows=17
obj=633
time=1607
buffers=16
windows=17
obj=627
time=2310
buffers=16
windows=17
obj=621
time=2978
buffers=16
windows=17
obj=582
time=3288
buffers=16
windows=17
obj=580
time=5985
buffers=16
windows=17
obj=571
time=7572
buffers=16
windows=17
obj=558
time=7884
buffers=16
windows=17
obj=552
time=10756
buffers=16
windows=17
obj=545
time=12842
buffers=16
windows=17
obj=538
time=36387
buffers=16
windows=17
obj=531
time=50248
buffers=16
windows=17
obj=526
time=55711
buffers=16
windows=17
obj=523
time=169495
buffers=16
windows=17
obj=521
time=281628
buffers=16
windows=17
obj=520
time=342110
buffers=16
windows=17
obj=519
time=392295
buffers=16
windows=17
obj=508
time=479604
buffers=16
windows=17
obj=502
time=2736625
buffers=16
windows=17
original_status=TIMEOUT
original_lb=233
obj=502
time=3600001
status=TIMEOUT
real_obj=50.147
real_time=3600001
