peak-ub=808
buffers=8
windows=17
obj=602
time=18
buffers=8
windows=17
obj=594
time=31
buffers=8
windows=17
obj=542
time=44
buffers=8
windows=17
obj=479
time=57
buffers=8
windows=17
obj=472
time=70
buffers=8
windows=17
obj=432
time=83
buffers=8
windows=17
obj=424
time=135
buffers=8
windows=17
obj=418
time=154
buffers=8
windows=17
obj=383
time=175
buffers=8
windows=17
obj=370
time=675
buffers=8
windows=17
obj=365
time=1409
buffers=8
windows=17
obj=364
time=2205
buffers=8
windows=17
original_status=TIMEOUT
original_lb=197
obj=364
time=3600000
status=TIMEOUT
real_obj=36.386
real_time=3600000
