peak-ub=903
buffers=16
windows=13
obj=655
time=157
buffers=16
windows=13
obj=640
time=315
buffers=16
windows=13
obj=633
time=475
buffers=16
windows=13
obj=574
time=633
buffers=16
windows=13
obj=560
time=788
buffers=16
windows=13
obj=557
time=1360
buffers=16
windows=13
obj=551
time=1520
buffers=16
windows=13
obj=545
time=1680
buffers=16
windows=13
obj=542
time=1840
buffers=16
windows=13
obj=537
time=1990
buffers=16
windows=13
obj=528
time=2190
buffers=16
windows=13
obj=526
time=2343
buffers=16
windows=13
obj=522
time=2499
buffers=16
windows=13
obj=513
time=3323
buffers=16
windows=13
obj=512
time=4859
buffers=16
windows=13
obj=511
time=6074
buffers=16
windows=13
obj=506
time=6472
buffers=16
windows=13
obj=505
time=7628
buffers=16
windows=13
obj=498
time=8499
buffers=16
windows=13
obj=495
time=8938
buffers=16
windows=13
obj=487
time=9965
buffers=16
windows=13
obj=484
time=18196
buffers=16
windows=13
obj=477
time=24872
buffers=16
windows=13
obj=461
time=31780
buffers=16
windows=13
obj=446
time=56197
buffers=16
windows=13
obj=445
time=333872
buffers=16
windows=13
obj=438
time=397323
buffers=16
windows=13
obj=435
time=723539
buffers=16
windows=13
obj=430
time=796533
buffers=16
windows=13
original_status=TIMEOUT
original_lb=254
obj=430
time=3600000
status=TIMEOUT
real_obj=42.950
real_time=3600000
