peak-ub=1173
buffers=4
windows=17
obj=882
time=0
buffers=4
windows=17
obj=743
time=0
buffers=4
windows=17
obj=717
time=0
buffers=4
windows=17
obj=711
time=0
buffers=4
windows=17
obj=697
time=0
buffers=4
windows=17
obj=666
time=0
buffers=4
windows=17
obj=663
time=0
buffers=4
windows=17
obj=645
time=0
buffers=4
windows=17
obj=629
time=0
buffers=4
windows=17
obj=611
time=0
buffers=4
windows=17
obj=606
time=2
buffers=4
windows=17
obj=589
time=3
buffers=4
windows=17
obj=580
time=13
buffers=4
windows=17
obj=564
time=20
buffers=4
windows=17
obj=559
time=82
buffers=4
windows=17
obj=555
time=356
buffers=4
windows=17
obj=541
time=408
buffers=4
windows=17
obj=540
time=2345268
buffers=4
windows=17
original_status=TIMEOUT
original_lb=226
obj=540
time=3600000
status=TIMEOUT
real_obj=53.948
real_time=3600000
