peak-ub=676
buffers=4
windows=9
obj=675
time=0
buffers=4
windows=9
obj=666
time=0
buffers=4
windows=9
obj=633
time=0
buffers=4
windows=9
obj=611
time=0
buffers=4
windows=9
obj=595
time=0
buffers=4
windows=9
obj=555
time=0
buffers=4
windows=9
obj=541
time=1
buffers=4
windows=9
obj=533
time=3
buffers=4
windows=9
obj=531
time=3
buffers=4
windows=9
obj=529
time=13
buffers=4
windows=9
obj=526
time=14
buffers=4
windows=9
obj=519
time=15
buffers=4
windows=9
obj=500
time=22
buffers=4
windows=9
original_status=UNSAT
original_lb=312
obj=500
time=73266
status=OPTIMAL
real_obj=49.911
real_time=73266
