peak-ub=498
buffers=16
windows=5
obj=468
time=84
buffers=16
windows=5
obj=437
time=177
buffers=16
windows=5
obj=436
time=415
buffers=16
windows=5
obj=435
time=1297
buffers=16
windows=5
obj=431
time=1375
buffers=16
windows=5
obj=429
time=2686
buffers=16
windows=5
obj=422
time=2768
buffers=16
windows=5
obj=417
time=3939
buffers=16
windows=5
obj=414
time=4020
buffers=16
windows=5
obj=413
time=4242
buffers=16
windows=5
obj=407
time=4552
buffers=16
windows=5
obj=403
time=54174
buffers=16
windows=5
obj=399
time=2572968
buffers=16
windows=5
original_status=TIMEOUT
original_lb=242
obj=399
time=3600000
status=TIMEOUT
real_obj=39.833
real_time=3600000
