peak-ub=718
buffers=8
windows=13
obj=573
time=7
buffers=8
windows=13
obj=478
time=14
buffers=8
windows=13
obj=435
time=21
buffers=8
windows=13
obj=432
time=29
buffers=8
windows=13
obj=407
time=48
buffers=8
windows=13
obj=402
time=55
buffers=8
windows=13
obj=394
time=73
buffers=8
windows=13
obj=387
time=80
buffers=8
windows=13
obj=384
time=88
buffers=8
windows=13
obj=371
time=95
buffers=8
windows=13
obj=343
time=102
buffers=8
windows=13
obj=338
time=121
buffers=8
windows=13
obj=334
time=236
buffers=8
windows=13
obj=333
time=563
buffers=8
windows=13
obj=330
time=989
buffers=8
windows=13
obj=327
time=1388
buffers=8
windows=13
obj=323
time=1578
buffers=8
windows=13
obj=320
time=2836
buffers=8
windows=13
obj=319
time=4420
buffers=8
windows=13
obj=318
time=4767
buffers=8
windows=13
obj=309
time=5239
buffers=8
windows=13
obj=308
time=36242
buffers=8
windows=13
obj=306
time=101112
buffers=8
windows=13
obj=305
time=377035
buffers=8
windows=13
obj=301
time=2325943
buffers=8
windows=13
obj=299
time=2611786
buffers=8
windows=13
obj=297
time=2743005
buffers=8
windows=13
obj=294
time=2804869
buffers=8
windows=13
obj=291
time=3473645
buffers=8
windows=13
original_status=TIMEOUT
original_lb=182
obj=291
time=3600000
status=TIMEOUT
real_obj=29.036
real_time=3600000
