peak-ub=488
buffers=16
windows=9
obj=405
time=134
buffers=16
windows=9
obj=339
time=268
buffers=16
windows=9
obj=294
time=658
buffers=16
windows=9
obj=285
time=1100
buffers=16
windows=9
obj=279
time=3946
buffers=16
windows=9
obj=272
time=4227
buffers=16
windows=9
obj=264
time=4653
buffers=16
windows=9
obj=262
time=6385
buffers=16
windows=9
obj=260
time=6782
buffers=16
windows=9
obj=259
time=11359
buffers=16
windows=9
obj=257
time=16278
buffers=16
windows=9
obj=256
time=24614
buffers=16
windows=9
obj=255
time=611984
buffers=16
windows=9
obj=254
time=933274
buffers=16
windows=9
original_status=TIMEOUT
original_lb=227
obj=254
time=3600000
status=TIMEOUT
real_obj=25.354
real_time=3600000
