peak-ub=580
buffers=8
windows=13
obj=452
time=5
buffers=8
windows=13
obj=426
time=11
buffers=8
windows=13
obj=403
time=17
buffers=8
windows=13
obj=353
time=24
buffers=8
windows=13
obj=349
time=86
buffers=8
windows=13
obj=342
time=142
buffers=8
windows=13
obj=339
time=187
buffers=8
windows=13
obj=334
time=240
buffers=8
windows=13
obj=332
time=263
buffers=8
windows=13
obj=328
time=273
buffers=8
windows=13
obj=326
time=313
buffers=8
windows=13
obj=322
time=13235
buffers=8
windows=13
obj=321
time=81811
buffers=8
windows=13
obj=319
time=225039
buffers=8
windows=13
obj=307
time=362411
buffers=8
windows=13
obj=304
time=390975
buffers=8
windows=13
obj=303
time=419149
buffers=8
windows=13
original_status=TIMEOUT
original_lb=196
obj=303
time=3600000
status=TIMEOUT
real_obj=30.235
real_time=3600000
