peak-ub=1367
buffers=16
windows=17
obj=1040
time=185
buffers=16
windows=17
obj=931
time=368
buffers=16
windows=17
obj=887
time=946
buffers=16
windows=17
obj=886
time=1132
buffers=16
windows=17
obj=870
time=1541
buffers=16
windows=17
obj=868
time=1921
buffers=16
windows=17
obj=854
time=2312
buffers=16
windows=17
obj=792
time=3175
buffers=16
windows=17
obj=780
time=3557
buffers=16
windows=17
obj=779
time=4167
buffers=16
windows=17
obj=777
time=5004
buffers=16
windows=17
obj=774
time=5644
buffers=16
windows=17
obj=771
time=5830
buffers=16
windows=17
obj=757
time=7108
buffers=16
windows=17
obj=754
time=8697
buffers=16
windows=17
obj=748
time=10307
buffers=16
windows=17
obj=743
time=11092
buffers=16
windows=17
obj=708
time=11333
buffers=16
windows=17
obj=705
time=16211
buffers=16
windows=17
obj=704
time=16654
buffers=16
windows=17
obj=675
time=24830
buffers=16
windows=17
obj=673
time=46711
buffers=16
windows=17
obj=653
time=69253
buffers=16
windows=17
obj=652
time=77753
buffers=16
windows=17
obj=649
time=108070
buffers=16
windows=17
obj=645
time=163916
buffers=16
windows=17
obj=643
time=166914
buffers=16
windows=17
obj=642
time=291903
buffers=16
windows=17
obj=641
time=344370
buffers=16
windows=17
obj=639
time=388738
buffers=16
windows=17
obj=630
time=500177
buffers=16
windows=17
obj=627
time=948781
buffers=16
windows=17
obj=625
time=1482862
buffers=16
windows=17
obj=621
time=1796652
buffers=16
windows=17
original_status=TIMEOUT
original_lb=207
obj=621
time=3600000
status=TIMEOUT
real_obj=62.062
real_time=3600000
