peak-ub=725
buffers=4
windows=9
obj=660
time=0
buffers=4
windows=9
obj=607
time=0
buffers=4
windows=9
obj=595
time=0
buffers=4
windows=9
obj=593
time=0
buffers=4
windows=9
obj=592
time=1
buffers=4
windows=9
obj=588
time=1
buffers=4
windows=9
obj=568
time=2
buffers=4
windows=9
obj=553
time=17
buffers=4
windows=9
obj=541
time=21
buffers=4
windows=9
obj=517
time=245
buffers=4
windows=9
obj=513
time=288
buffers=4
windows=9
obj=509
time=303
buffers=4
windows=9
obj=500
time=335
buffers=4
windows=9
original_status=UNSAT
original_lb=149
obj=500
time=614
status=OPTIMAL
real_obj=49.933
real_time=614
