peak-ub=823
buffers=16
windows=9
obj=705
time=116
buffers=16
windows=9
obj=682
time=230
buffers=16
windows=9
obj=592
time=346
buffers=16
windows=9
obj=543
time=467
buffers=16
windows=9
obj=529
time=585
buffers=16
windows=9
obj=516
time=1420
buffers=16
windows=9
obj=511
time=2133
buffers=16
windows=9
obj=504
time=2716
buffers=16
windows=9
obj=485
time=2997
buffers=16
windows=9
obj=483
time=3227
buffers=16
windows=9
obj=475
time=3619
buffers=16
windows=9
obj=455
time=3729
buffers=16
windows=9
obj=446
time=5538
buffers=16
windows=9
obj=444
time=11583
buffers=16
windows=9
obj=439
time=14996
buffers=16
windows=9
obj=438
time=37747
buffers=16
windows=9
obj=437
time=66147
buffers=16
windows=9
obj=436
time=68016
buffers=16
windows=9
obj=433
time=85225
buffers=16
windows=9
obj=432
time=88826
buffers=16
windows=9
obj=430
time=150000
buffers=16
windows=9
obj=426
time=188713
buffers=16
windows=9
obj=422
time=200111
buffers=16
windows=9
obj=421
time=338381
buffers=16
windows=9
obj=416
time=565930
buffers=16
windows=9
original_status=TIMEOUT
original_lb=262
obj=416
time=3600000
status=TIMEOUT
real_obj=41.557
real_time=3600000
