peak-ub=1093
buffers=8
windows=13
obj=1015
time=6
buffers=8
windows=13
obj=892
time=12
buffers=8
windows=13
obj=787
time=18
buffers=8
windows=13
obj=764
time=24
buffers=8
windows=13
obj=759
time=30
buffers=8
windows=13
obj=747
time=93
buffers=8
windows=13
obj=739
time=101
buffers=8
windows=13
obj=712
time=127
buffers=8
windows=13
obj=682
time=137
buffers=8
windows=13
obj=680
time=171
buffers=8
windows=13
obj=679
time=180
buffers=8
windows=13
obj=666
time=201
buffers=8
windows=13
obj=658
time=221
buffers=8
windows=13
obj=654
time=237
buffers=8
windows=13
obj=637
time=250
buffers=8
windows=13
obj=629
time=415
buffers=8
windows=13
obj=627
time=685
buffers=8
windows=13
obj=626
time=1001
buffers=8
windows=13
obj=620
time=1015
buffers=8
windows=13
obj=613
time=1047
buffers=8
windows=13
obj=605
time=1497
buffers=8
windows=13
obj=603
time=2012
buffers=8
windows=13
obj=602
time=2850
buffers=8
windows=13
obj=593
time=4157
buffers=8
windows=13
obj=588
time=7011
buffers=8
windows=13
obj=585
time=7137
buffers=8
windows=13
obj=583
time=20676
buffers=8
windows=13
obj=578
time=20782
buffers=8
windows=13
obj=572
time=64213
buffers=8
windows=13
obj=569
time=569005
buffers=8
windows=13
obj=567
time=825361
buffers=8
windows=13
obj=565
time=853803
buffers=8
windows=13
obj=564
time=2786739
buffers=8
windows=13
original_status=TIMEOUT
original_lb=158
obj=564
time=3600000
status=TIMEOUT
real_obj=56.362
real_time=3600000
