peak-ub=1086
buffers=8
windows=17
obj=971
time=6
buffers=8
windows=17
obj=874
time=12
buffers=8
windows=17
obj=838
time=21
buffers=8
windows=17
obj=798
time=27
buffers=8
windows=17
obj=793
time=37
buffers=8
windows=17
obj=778
time=43
buffers=8
windows=17
obj=774
time=149
buffers=8
windows=17
obj=756
time=169
buffers=8
windows=17
obj=729
time=223
buffers=8
windows=17
obj=726
time=237
buffers=8
windows=17
obj=704
time=262
buffers=8
windows=17
obj=703
time=415
buffers=8
windows=17
obj=702
time=520
buffers=8
windows=17
obj=695
time=747
buffers=8
windows=17
obj=693
time=1407
buffers=8
windows=17
obj=687
time=2398
buffers=8
windows=17
obj=686
time=5408
buffers=8
windows=17
obj=676
time=18548
buffers=8
windows=17
obj=675
time=33176
buffers=8
windows=17
obj=670
time=163432
buffers=8
windows=17
obj=664
time=2702727
buffers=8
windows=17
original_status=TIMEOUT
original_lb=219
obj=664
time=3600000
status=TIMEOUT
real_obj=66.312
real_time=3600000
