peak-ub=440
buffers=8
windows=17
obj=439
time=10
buffers=8
windows=17
obj=427
time=23
buffers=8
windows=17
obj=415
time=46
buffers=8
windows=17
obj=411
time=57
buffers=8
windows=17
obj=408
time=94
buffers=8
windows=17
obj=405
time=117
buffers=8
windows=17
obj=382
time=153
buffers=8
windows=17
obj=377
time=190
buffers=8
windows=17
obj=374
time=1729
buffers=8
windows=17
obj=369
time=2019
buffers=8
windows=17
obj=356
time=4678
buffers=8
windows=17
obj=355
time=279298
buffers=8
windows=17
obj=350
time=503689
buffers=8
windows=17
obj=348
time=891716
buffers=8
windows=17
obj=342
time=958453
buffers=8
windows=17
original_status=TIMEOUT
original_lb=231
obj=342
time=3600000
status=TIMEOUT
real_obj=34.160
real_time=3600000
