peak-ub=601
buffers=16
windows=13
obj=535
time=158
buffers=16
windows=13
obj=475
time=315
buffers=16
windows=13
obj=449
time=474
buffers=16
windows=13
obj=416
time=639
buffers=16
windows=13
obj=412
time=1206
buffers=16
windows=13
obj=375
time=1670
buffers=16
windows=13
obj=363
time=2612
buffers=16
windows=13
obj=358
time=4993
buffers=16
windows=13
obj=357
time=5948
buffers=16
windows=13
obj=350
time=7442
buffers=16
windows=13
obj=345
time=7918
buffers=16
windows=13
obj=341
time=15634
buffers=16
windows=13
obj=335
time=26500
buffers=16
windows=13
obj=331
time=128911
buffers=16
windows=13
obj=330
time=267798
buffers=16
windows=13
obj=328
time=301295
buffers=16
windows=13
obj=325
time=380730
buffers=16
windows=13
obj=321
time=3477274
buffers=16
windows=13
original_status=TIMEOUT
original_lb=182
obj=321
time=3600000
status=TIMEOUT
real_obj=32.013
real_time=3600000
