peak-ub=606
buffers=16
windows=5
obj=418
time=82
buffers=16
windows=5
obj=416
time=270
buffers=16
windows=5
obj=414
time=540
buffers=16
windows=5
obj=407
time=616
buffers=16
windows=5
obj=405
time=795
buffers=16
windows=5
obj=388
time=1061
buffers=16
windows=5
obj=386
time=1756
buffers=16
windows=5
obj=385
time=2044
buffers=16
windows=5
obj=384
time=4395
buffers=16
windows=5
obj=380
time=4523
buffers=16
windows=5
obj=377
time=6904
buffers=16
windows=5
obj=367
time=6981
buffers=16
windows=5
obj=366
time=7486
buffers=16
windows=5
obj=365
time=15821
buffers=16
windows=5
obj=364
time=26278
buffers=16
windows=5
obj=360
time=146579
buffers=16
windows=5
obj=358
time=288843
buffers=16
windows=5
obj=352
time=719883
buffers=16
windows=5
obj=348
time=1199504
buffers=16
windows=5
obj=347
time=1912054
buffers=16
windows=5
original_status=TIMEOUT
original_lb=277
obj=347
time=3600000
status=TIMEOUT
real_obj=34.660
real_time=3600000
