peak-ub=669
buffers=8
windows=17
obj=550
time=7
buffers=8
windows=17
obj=523
time=15
buffers=8
windows=17
obj=501
time=32
buffers=8
windows=17
obj=469
time=43
buffers=8
windows=17
obj=457
time=59
buffers=8
windows=17
obj=448
time=113
buffers=8
windows=17
obj=444
time=121
buffers=8
windows=17
obj=443
time=144
buffers=8
windows=17
obj=436
time=210
buffers=8
windows=17
obj=433
time=218
buffers=8
windows=17
obj=432
time=300
buffers=8
windows=17
obj=431
time=320
buffers=8
windows=17
obj=430
time=368
buffers=8
windows=17
obj=412
time=417
buffers=8
windows=17
obj=394
time=517
buffers=8
windows=17
obj=390
time=672
buffers=8
windows=17
obj=385
time=1541
buffers=8
windows=17
obj=384
time=4906
buffers=8
windows=17
obj=381
time=20535
buffers=8
windows=17
obj=378
time=43817
buffers=8
windows=17
obj=376
time=45212
buffers=8
windows=17
obj=375
time=59383
buffers=8
windows=17
obj=371
time=171941
buffers=8
windows=17
obj=364
time=273689
buffers=8
windows=17
obj=362
time=366400
buffers=8
windows=17
obj=361
time=439811
buffers=8
windows=17
obj=356
time=476295
buffers=8
windows=17
obj=355
time=972279
buffers=8
windows=17
original_status=TIMEOUT
original_lb=188
obj=355
time=3600000
status=TIMEOUT
real_obj=35.435
real_time=3600000
