peak-ub=755
buffers=16
windows=9
obj=588
time=143
buffers=16
windows=9
obj=506
time=286
buffers=16
windows=9
obj=496
time=514
buffers=16
windows=9
obj=494
time=731
buffers=16
windows=9
obj=493
time=974
buffers=16
windows=9
obj=459
time=1208
buffers=16
windows=9
obj=451
time=1356
buffers=16
windows=9
obj=435
time=1494
buffers=16
windows=9
obj=420
time=1868
buffers=16
windows=9
obj=416
time=8118
buffers=16
windows=9
obj=413
time=14321
buffers=16
windows=9
obj=412
time=16117
buffers=16
windows=9
obj=401
time=24838
buffers=16
windows=9
obj=395
time=31616
buffers=16
windows=9
obj=387
time=32481
buffers=16
windows=9
obj=386
time=41648
buffers=16
windows=9
obj=385
time=62185
buffers=16
windows=9
obj=383
time=314577
buffers=16
windows=9
obj=382
time=318945
buffers=16
windows=9
obj=381
time=588384
buffers=16
windows=9
obj=372
time=956563
buffers=16
windows=9
obj=369
time=1063451
buffers=16
windows=9
obj=368
time=1283368
buffers=16
windows=9
obj=367
time=1291126
buffers=16
windows=9
original_status=TIMEOUT
original_lb=240
obj=367
time=3600000
status=TIMEOUT
real_obj=36.645
real_time=3600000
