peak-ub=1205
buffers=16
windows=13
obj=888
time=187
buffers=16
windows=13
obj=869
time=383
buffers=16
windows=13
obj=805
time=582
buffers=16
windows=13
obj=745
time=779
buffers=16
windows=13
obj=741
time=1566
buffers=16
windows=13
obj=738
time=4224
buffers=16
windows=13
obj=730
time=4664
buffers=16
windows=13
obj=682
time=5761
buffers=16
windows=13
obj=681
time=6390
buffers=16
windows=13
obj=673
time=7364
buffers=16
windows=13
obj=672
time=9355
buffers=16
windows=13
obj=662
time=10411
buffers=16
windows=13
obj=651
time=22356
buffers=16
windows=13
obj=636
time=28173
buffers=16
windows=13
obj=634
time=84573
buffers=16
windows=13
obj=633
time=109011
buffers=16
windows=13
obj=622
time=158143
buffers=16
windows=13
obj=615
time=170618
buffers=16
windows=13
obj=611
time=875132
buffers=16
windows=13
obj=607
time=1115188
buffers=16
windows=13
obj=602
time=1979248
buffers=16
windows=13
obj=600
time=2713851
buffers=16
windows=13
original_status=TIMEOUT
original_lb=201
obj=600
time=3600000
status=TIMEOUT
real_obj=59.946
real_time=3600000
