peak-ub=618
buffers=8
windows=5
obj=615
time=5
buffers=8
windows=5
obj=517
time=9
buffers=8
windows=5
obj=503
time=16
buffers=8
windows=5
obj=497
time=32
buffers=8
windows=5
obj=473
time=50
buffers=8
windows=5
obj=447
time=94
buffers=8
windows=5
obj=438
time=380
buffers=8
windows=5
obj=436
time=818
buffers=8
windows=5
obj=420
time=1434
buffers=8
windows=5
obj=418
time=1651
buffers=8
windows=5
obj=416
time=26631
buffers=8
windows=5
original_status=TIMEOUT
original_lb=266
obj=416
time=3600000
status=TIMEOUT
real_obj=42.478
real_time=3600000
