global=1
denseranking=0
symmetry=1
single_window=1
peak-ub=413
buffers=4
windows=5
branches=13
failures=0
obj=404
time=0
buffers=4
windows=5
branches=43
failures=14
obj=374
time=1
buffers=4
windows=5
branches=14
failures=1
obj=373
time=1
buffers=4
windows=5
branches=16
failures=3
obj=355
time=2
buffers=4
windows=5
branches=725
failures=349
obj=349
time=39
buffers=4
windows=5
branches=1231
failures=597
obj=347
time=78
buffers=4
windows=5
branches=2214915
failures=1100513
original_status=UNSAT
original_lb=173
obj=347
time=57573
status=OPTIMAL
real_obj=34.676
real_time=57573
