global=1
denseranking=0
symmetry=1
single_window=1
peak-ub=531
buffers=4
windows=5
branches=16
failures=0
obj=501
time=0
buffers=4
windows=5
branches=57
failures=22
obj=493
time=1
buffers=4
windows=5
branches=52
failures=20
obj=429
time=2
buffers=4
windows=5
branches=84
failures=36
obj=428
time=3
buffers=4
windows=5
branches=96
failures=43
obj=402
time=5
buffers=4
windows=5
branches=2134
failures=1063
original_status=UNSAT
original_lb=210
obj=402
time=54
status=OPTIMAL
real_obj=40.159
real_time=54
