global=1
denseranking=0
symmetry=1
single_window=1
peak-ub=457
buffers=4
windows=5
branches=16
failures=0
obj=267
time=0
buffers=4
windows=5
branches=42
failures=14
obj=242
time=1
buffers=4
windows=5
branches=16
failures=2
obj=226
time=1
buffers=4
windows=5
branches=56
failures=23
obj=223
time=2
buffers=4
windows=5
branches=62
failures=26
obj=218
time=4
buffers=4
windows=5
branches=77
failures=34
obj=216
time=6
buffers=4
windows=5
branches=762
failures=369
obj=215
time=26
buffers=4
windows=5
branches=658
failures=317
obj=214
time=43
buffers=4
windows=5
branches=699
failures=338
obj=211
time=61
buffers=4
windows=5
branches=104
failures=53
original_status=UNSAT
original_lb=169
obj=211
time=63
status=OPTIMAL
real_obj=21.023
real_time=63
