global=1
denseranking=0
symmetry=1
single_window=1
peak-ub=402
buffers=4
windows=5
branches=15
failures=0
obj=374
time=1
buffers=4
windows=5
branches=47
failures=16
obj=307
time=2
buffers=4
windows=5
branches=248
failures=113
obj=301
time=8
buffers=4
windows=5
branches=822
failures=396
obj=297
time=28
buffers=4
windows=5
branches=515
failures=246
obj=292
time=44
buffers=4
windows=5
branches=993112
failures=492934
original_status=UNSAT
original_lb=250
obj=292
time=22139
status=OPTIMAL
real_obj=29.135
real_time=22139
