global=1
denseranking=0
symmetry=1
single_window=1
peak-ub=401
buffers=4
windows=5
branches=15
failures=0
obj=337
time=0
buffers=4
windows=5
branches=14
failures=0
obj=320
time=0
buffers=4
windows=5
branches=15
failures=1
obj=313
time=0
buffers=4
windows=5
branches=57
failures=21
obj=298
time=2
buffers=4
windows=5
branches=379
failures=177
obj=286
time=13
buffers=4
windows=5
branches=2206
failures=1064
obj=281
time=74
buffers=4
windows=5
branches=103182009
failures=51249555
original_status=UNSAT
original_lb=169
obj=281
time=2299500
status=OPTIMAL
real_obj=28.033
real_time=2299500
